2023-07-13 08:18:47.855702 - Starting learning loop ...
==================================================================
2023-07-13 08:18:47.855702 - Using Framebuffer of: 4 frames	 and 	ReplayBufferSize: 25000
2023-07-13 08:18:47.855702 - Loglevel is set to: a
2023-07-13 08:18:47.855702 - Epoc #	0	 
2023-07-13 08:19:00.083236 - Epoc #	10	 12.227534055709839
2023-07-13 08:19:12.504756 - Epoc #	20	 12.421519994735718
2023-07-13 08:19:24.496035 - Epoc #	30	 11.991279125213623
2023-07-13 08:19:36.882145 - Epoc #	40	 12.386109828948975
2023-07-13 08:19:49.725807 - Epoc #	50	 12.843662023544312
2023-07-13 08:20:02.303559 - Epoc #	60	 12.577752113342285
2023-07-13 08:20:14.779548 - Epoc #	70	 12.475988864898682
2023-07-13 08:20:27.085521 - Epoc #	80	 12.305973052978516
2023-07-13 08:20:39.482092 - Epoc #	90	 12.396570920944214
2023-07-13 08:20:51.709559 - Epoc #	100	 12.227467060089111
2023-07-13 08:21:03.687700 - Epoc #	110	 11.978141069412231
2023-07-13 08:21:08.824067 - Time between reward step: #	140.96836519241333
2023-07-13 08:21:08.824067 - Average Score: 4.00 Elapsed time: 0:02:22.152828
2023-07-13 08:21:10.138190 - Time between reward step: #	142.28248810768127
2023-07-13 08:21:10.138190 - Average Score: 5.00 Elapsed time: 0:02:23.468287
2023-07-13 08:21:16.103253 - Epoc #	120	 12.415552854537964
2023-07-13 08:21:28.080318 - Epoc #	130	 11.977065086364746
2023-07-13 08:21:40.240529 - Epoc #	140	 12.160211086273193
2023-07-13 08:21:52.204307 - Epoc #	150	 11.963778018951416
2023-07-13 08:21:59.813102 - Time between reward step: #	191.95740008354187
2023-07-13 08:21:59.813102 - Average Score: 6.00 Elapsed time: 0:03:13.137499
2023-07-13 08:22:04.555616 - Epoc #	160	 12.351308822631836
2023-07-13 08:22:16.852138 - Epoc #	170	 12.29652214050293
2023-07-13 08:22:23.006868 - Time between reward step: #	215.15116596221924
2023-07-13 08:22:23.006868 - Average Score: 7.00 Elapsed time: 0:03:36.325756
2023-07-13 08:22:29.096135 - Time between reward step: #	221.2404329776764
2023-07-13 08:22:29.096135 - Average Score: 8.00 Elapsed time: 0:03:42.421260
2023-07-13 08:22:29.096135 - Epoc #	180	 12.243996858596802
2023-07-13 08:22:41.236451 - Epoc #	190	 12.140316009521484
2023-07-13 08:22:43.571212 - Time between reward step: #	235.7155101299286
2023-07-13 08:22:43.571212 - Average Score: 9.00 Elapsed time: 0:03:56.894362
2023-07-13 08:22:51.037020 - Time between reward step: #	243.18131804466248
2023-07-13 08:22:51.037020 - Average Score: 10.00 Elapsed time: 0:04:04.356774
2023-07-13 08:22:53.244971 - Epoc #	200	 12.008520126342773
2023-07-13 08:23:05.207826 - Epoc #	210	 11.962854862213135
2023-07-13 08:23:17.427449 - Epoc #	220	 12.21962308883667
2023-07-13 08:23:29.375437 - Epoc #	230	 11.947988033294678
2023-07-13 08:23:41.074353 - Epoc #	240	 11.698915958404541
2023-07-13 08:23:53.678800 - Epoc #	250	 12.60444712638855
2023-07-13 08:24:06.187974 - Epoc #	260	 12.50917387008667
2023-07-13 08:24:14.097321 - Time between reward step: #	326.2416191101074
2023-07-13 08:24:14.097321 - Average Score: 11.00 Elapsed time: 0:05:27.415134
2023-07-13 08:24:19.017770 - Epoc #	270	 12.829796075820923
2023-07-13 08:24:31.092087 - Epoc #	280	 12.07431697845459
2023-07-13 08:24:43.189620 - Epoc #	290	 12.097532987594604
2023-07-13 08:24:49.516430 - Time between reward step: #	361.6607279777527
2023-07-13 08:24:49.516430 - Average Score: 12.00 Elapsed time: 0:06:02.845523
2023-07-13 08:24:55.778829 - Epoc #	300	 12.589209079742432
2023-07-13 08:25:08.431128 - Epoc #	310	 12.652298927307129
2023-07-13 08:25:20.618212 - Epoc #	320	 12.187083959579468
2023-07-13 08:25:25.579569 - Time between reward step: #	397.72386717796326
2023-07-13 08:25:25.579569 - Average Score: 13.00 Elapsed time: 0:06:38.910975
2023-07-13 08:25:28.240544 - Time between reward step: #	400.3848421573639
2023-07-13 08:25:28.240544 - Average Score: 14.00 Elapsed time: 0:06:41.569202
2023-07-13 08:25:33.093884 - Epoc #	330	 12.475672006607056
2023-07-13 08:25:35.851263 - Time between reward step: #	407.9955611228943
2023-07-13 08:25:35.851263 - Average Score: 15.00 Elapsed time: 0:06:49.182562
2023-07-13 08:25:38.433730 - Time between reward step: #	410.5780279636383
2023-07-13 08:25:38.433730 - Average Score: 16.00 Elapsed time: 0:06:51.750318
2023-07-13 08:25:45.666476 - Epoc #	340	 12.57259202003479
2023-07-13 08:25:58.676349 - Epoc #	350	 13.009872913360596
2023-07-13 08:26:10.720953 - Epoc #	360	 12.044604063034058
2023-07-13 08:26:23.528298 - Epoc #	370	 12.807344913482666
2023-07-13 08:26:35.379982 - Epoc #	380	 11.851684093475342
2023-07-13 08:26:47.932456 - Epoc #	390	 12.552474021911621
2023-07-13 08:26:59.814962 - Epoc #	400	 11.882505893707275
2023-07-13 08:27:12.463790 - Epoc #	410	 12.648828029632568
2023-07-13 08:27:24.641507 - Epoc #	420	 12.177716970443726
2023-07-13 08:27:37.618926 - Epoc #	430	 12.977419137954712
2023-07-13 08:27:49.785965 - Epoc #	440	 12.167038917541504
2023-07-13 08:28:02.139026 - Epoc #	450	 12.353060960769653
2023-07-13 08:28:13.721244 - Epoc #	460	 11.582218170166016
2023-07-13 08:28:26.327713 - Epoc #	470	 12.606468915939331
2023-07-13 08:28:38.859276 - Epoc #	480	 12.53156304359436
2023-07-13 08:28:51.025023 - Epoc #	490	 12.165746927261353
2023-07-13 08:29:03.169911 - Epoc #	500	 12.144887924194336
2023-07-13 08:29:15.564905 - Epoc #	510	 12.394994020462036
2023-07-13 08:29:28.215057 - Epoc #	520	 12.65015196800232
2023-07-13 08:29:40.362181 - Epoc #	530	 12.14712405204773
2023-07-13 08:29:52.966145 - Epoc #	540	 12.60396409034729
2023-07-13 08:30:05.063133 - Epoc #	550	 12.096987962722778
2023-07-13 08:30:17.218080 - Epoc #	560	 12.15494704246521
2023-07-13 08:30:29.646582 - Epoc #	570	 12.428501844406128
2023-07-13 08:30:42.484546 - Epoc #	580	 12.837964057922363
2023-07-13 08:30:55.526500 - Epoc #	590	 13.041954040527344
2023-07-13 08:31:08.430164 - Epoc #	600	 12.903664112091064
2023-07-13 08:31:20.817057 - Epoc #	610	 12.386892795562744
2023-07-13 08:31:32.959837 - Epoc #	620	 12.142780065536499
2023-07-13 08:31:44.970664 - Epoc #	630	 12.01082706451416
2023-07-13 08:31:57.151018 - Epoc #	640	 12.180353879928589
2023-07-13 08:32:09.976892 - Epoc #	650	 12.825874090194702
2023-07-13 08:32:22.080066 - Epoc #	660	 12.103173971176147
2023-07-13 08:32:34.567856 - Epoc #	670	 12.48779010772705
2023-07-13 08:32:46.923867 - Epoc #	680	 12.356010913848877
2023-07-13 08:33:00.834475 - Epoc #	690	 13.910608053207397
2023-07-13 08:33:13.627207 - Epoc #	700	 12.792732000350952
2023-07-13 08:33:25.772942 - Epoc #	710	 12.145735025405884
2023-07-13 08:33:38.238226 - Epoc #	720	 12.465283870697021
2023-07-13 08:33:51.121109 - Epoc #	730	 12.882883071899414
2023-07-13 08:34:03.767355 - Epoc #	740	 12.646245956420898
2023-07-13 08:34:16.238703 - Epoc #	750	 12.47134804725647
2023-07-13 08:34:29.373149 - Epoc #	760	 13.134445905685425
2023-07-13 08:34:42.326304 - Epoc #	770	 12.953155040740967
2023-07-13 08:34:54.902859 - Epoc #	780	 12.576555013656616
2023-07-13 08:35:07.397254 - Epoc #	790	 12.494395017623901
2023-07-13 08:35:19.520554 - Epoc #	800	 12.123300075531006
2023-07-13 08:35:31.700975 - Epoc #	810	 12.180420875549316
2023-07-13 08:35:44.287596 - Epoc #	820	 12.586621046066284
2023-07-13 08:35:56.645716 - Epoc #	830	 12.35811996459961
2023-07-13 08:36:08.696325 - Epoc #	840	 12.050609111785889
2023-07-13 08:36:21.306721 - Epoc #	850	 12.610395908355713
2023-07-13 08:36:33.750375 - Epoc #	860	 12.44365406036377
2023-07-13 08:36:47.254826 - Epoc #	870	 13.504451036453247
2023-07-13 08:36:59.451071 - Epoc #	880	 12.196244955062866
2023-07-13 08:37:12.202502 - Epoc #	890	 12.751430988311768
2023-07-13 08:37:24.638272 - Epoc #	900	 12.435770034790039
2023-07-13 08:37:36.837725 - Epoc #	910	 12.199452877044678
2023-07-13 08:37:49.778846 - Epoc #	920	 12.941121101379395
2023-07-13 08:38:02.402187 - Epoc #	930	 12.623341083526611
2023-07-13 08:38:15.306611 - Epoc #	940	 12.904423952102661
2023-07-13 08:38:28.226915 - Epoc #	950	 12.92030382156372
2023-07-13 08:38:41.151743 - Epoc #	960	 12.924828052520752
2023-07-13 08:38:53.041639 - Epoc #	970	 11.889896154403687
2023-07-13 08:39:06.070734 - Epoc #	980	 13.029094934463501
2023-07-13 08:39:18.362939 - Epoc #	990	 12.292204856872559
2023-07-13 08:39:30.932113 - Epoc #	1000	 12.56917405128479
2023-07-13 08:39:43.188650 - Epoc #	1010	 12.256536960601807
2023-07-13 08:39:56.010509 - Epoc #	1020	 12.821859121322632
2023-07-13 08:40:09.391899 - Epoc #	1030	 13.38139009475708
2023-07-13 08:40:22.134210 - Epoc #	1040	 12.742311000823975
2023-07-13 08:40:35.224129 - Epoc #	1050	 13.089918851852417
2023-07-13 08:40:48.113742 - Epoc #	1060	 12.889613151550293
2023-07-13 08:41:00.658690 - Epoc #	1070	 12.544947862625122
2023-07-13 08:41:13.604839 - Epoc #	1080	 12.946149110794067
2023-07-13 08:41:26.091985 - Epoc #	1090	 12.487145900726318
2023-07-13 08:41:38.778145 - Epoc #	1100	 12.68616008758545
2023-07-13 08:41:51.423383 - Epoc #	1110	 12.645237922668457
2023-07-13 08:42:04.543429 - Epoc #	1120	 13.120045900344849
2023-07-13 08:42:17.685320 - Epoc #	1130	 13.14189100265503
2023-07-13 08:42:30.145134 - Epoc #	1140	 12.459814071655273
2023-07-13 08:42:42.595489 - Epoc #	1150	 12.450355052947998
2023-07-13 08:42:54.975748 - Epoc #	1160	 12.380259037017822
2023-07-13 08:43:07.862367 - Epoc #	1170	 12.886618852615356
2023-07-13 08:43:21.090959 - Epoc #	1180	 13.228592157363892
2023-07-13 08:43:34.849372 - Epoc #	1190	 13.758412837982178
2023-07-13 08:43:48.586205 - Epoc #	1200	 13.736833095550537
2023-07-13 08:44:01.221296 - Epoc #	1210	 12.635091066360474
2023-07-13 08:44:13.896913 - Epoc #	1220	 12.675616979598999
2023-07-13 08:44:26.831794 - Epoc #	1230	 12.93488097190857
2023-07-13 08:44:39.392112 - Epoc #	1240	 12.560317993164062
2023-07-13 08:44:52.065862 - Epoc #	1250	 12.673749923706055
2023-07-13 08:45:04.538423 - Epoc #	1260	 12.472561120986938
2023-07-13 08:45:17.247550 - Epoc #	1270	 12.709126949310303
2023-07-13 08:45:29.690361 - Epoc #	1280	 12.442811012268066
2023-07-13 08:45:42.565684 - Epoc #	1290	 12.875323057174683
2023-07-13 08:45:55.076467 - Epoc #	1300	 12.510782957077026
2023-07-13 08:46:07.638060 - Epoc #	1310	 12.561593055725098
2023-07-13 08:46:19.940088 - Epoc #	1320	 12.302027940750122
2023-07-13 08:46:32.607106 - Epoc #	1330	 12.667017936706543
2023-07-13 08:46:45.808339 - Epoc #	1340	 13.201233148574829
2023-07-13 08:46:58.397096 - Epoc #	1350	 12.588756799697876
2023-07-13 08:47:11.251400 - Epoc #	1360	 12.854304075241089
2023-07-13 08:47:24.227077 - Epoc #	1370	 12.975677013397217
2023-07-13 08:47:36.825918 - Epoc #	1380	 12.598840951919556
2023-07-13 08:47:49.287921 - Epoc #	1390	 12.462002992630005
2023-07-13 08:48:02.182559 - Epoc #	1400	 12.894638061523438
2023-07-13 08:48:14.673267 - Epoc #	1410	 12.490707874298096
2023-07-13 08:48:27.476787 - Epoc #	1420	 12.803520202636719
2023-07-13 08:48:40.227821 - Epoc #	1430	 12.751034021377563
2023-07-13 08:48:52.798712 - Epoc #	1440	 12.5708909034729
2023-07-13 08:49:05.347336 - Epoc #	1450	 12.548624038696289
2023-07-13 08:49:18.412948 - Epoc #	1460	 13.065611839294434
2023-07-13 08:49:31.503010 - Epoc #	1470	 13.090062141418457
2023-07-13 08:49:44.603820 - Epoc #	1480	 13.100810050964355
2023-07-13 08:49:58.010062 - Epoc #	1490	 13.40624189376831
2023-07-13 08:50:10.416695 - Epoc #	1500	 12.406633138656616
2023-07-13 08:50:23.683642 - Epoc #	1510	 13.266946792602539
2023-07-13 08:50:36.160144 - Epoc #	1520	 12.476502180099487
2023-07-13 08:50:48.970323 - Epoc #	1530	 12.810178995132446
2023-07-13 08:51:01.539487 - Epoc #	1540	 12.569163799285889
2023-07-13 08:51:14.095665 - Epoc #	1550	 12.556178092956543
2023-07-13 08:51:26.416379 - Epoc #	1560	 12.320713996887207
2023-07-13 08:51:38.766656 - Epoc #	1570	 12.350276947021484
2023-07-13 08:51:51.717577 - Epoc #	1580	 12.950921058654785
2023-07-13 08:52:04.863544 - Epoc #	1590	 13.14596700668335
2023-07-13 08:52:17.909207 - Epoc #	1600	 13.045663118362427
2023-07-13 08:52:30.669577 - Epoc #	1610	 12.760369777679443
2023-07-13 08:52:43.913851 - Epoc #	1620	 13.244274139404297
2023-07-13 08:52:56.711581 - Epoc #	1630	 12.797729969024658
2023-07-13 08:53:09.430832 - Epoc #	1640	 12.719250917434692
2023-07-13 08:53:22.391678 - Epoc #	1650	 12.960846185684204
2023-07-13 08:53:34.948119 - Epoc #	1660	 12.556440830230713
2023-07-13 08:53:47.783616 - Epoc #	1670	 12.8354971408844
2023-07-13 08:54:00.389854 - Epoc #	1680	 12.606237888336182
2023-07-13 08:54:13.296018 - Epoc #	1690	 12.906163930892944
2023-07-13 08:54:25.809734 - Epoc #	1700	 12.513716220855713
2023-07-13 08:54:40.142546 - Epoc #	1710	 14.332811832427979
2023-07-13 08:54:52.455986 - Epoc #	1720	 12.313440084457397
2023-07-13 08:55:05.789445 - Epoc #	1730	 13.33345890045166
2023-07-13 08:55:19.139218 - Epoc #	1740	 13.349773168563843
2023-07-13 08:55:32.281885 - Epoc #	1750	 13.142666816711426
2023-07-13 08:55:44.980701 - Epoc #	1760	 12.698816061019897
2023-07-13 08:55:57.728062 - Epoc #	1770	 12.747360944747925
2023-07-13 08:56:10.375745 - Epoc #	1780	 12.647683143615723
2023-07-13 08:56:24.613636 - Epoc #	1790	 14.23789095878601
2023-07-13 08:56:37.731322 - Epoc #	1800	 13.117686033248901
2023-07-13 08:56:50.931930 - Epoc #	1810	 13.200608015060425
2023-07-13 08:57:03.657247 - Epoc #	1820	 12.725317001342773
2023-07-13 08:57:16.127216 - Epoc #	1830	 12.469969034194946
2023-07-13 08:57:28.889523 - Epoc #	1840	 12.762306928634644
2023-07-13 08:57:41.597358 - Epoc #	1850	 12.707834959030151
2023-07-13 08:57:54.570085 - Epoc #	1860	 12.972727060317993
2023-07-13 08:58:07.156279 - Epoc #	1870	 12.586194038391113
2023-07-13 08:58:19.652644 - Epoc #	1880	 12.496364831924438
2023-07-13 08:58:32.401872 - Epoc #	1890	 12.74922800064087
2023-07-13 08:58:45.741550 - Epoc #	1900	 13.339678049087524
2023-07-13 08:58:59.504204 - Epoc #	1910	 13.762654066085815
2023-07-13 08:59:13.016318 - Epoc #	1920	 13.51211404800415
2023-07-13 08:59:26.194929 - Epoc #	1930	 13.178610801696777
2023-07-13 08:59:39.049649 - Epoc #	1940	 12.854720115661621
2023-07-13 08:59:51.810876 - Epoc #	1950	 12.761226892471313
2023-07-13 09:00:04.368131 - Epoc #	1960	 12.557255029678345
2023-07-13 09:00:18.007712 - Epoc #	1970	 13.639580965042114
2023-07-13 09:00:31.158261 - Epoc #	1980	 13.150549173355103
2023-07-13 09:00:42.802721 - Epoc #	1990	 11.644459962844849
2023-07-13 09:00:56.375225 - Epoc #	2000	 13.572504043579102
2023-07-13 09:01:09.335830 - Epoc #	2010	 12.960604906082153
2023-07-13 09:01:22.237010 - Epoc #	2020	 12.901180028915405
2023-07-13 09:01:34.947176 - Epoc #	2030	 12.710165977478027
2023-07-13 09:01:48.423990 - Epoc #	2040	 13.476814031600952
2023-07-13 09:02:01.001331 - Epoc #	2050	 12.577341079711914
2023-07-13 09:02:13.529998 - Epoc #	2060	 12.528666973114014
2023-07-13 09:02:27.040638 - Epoc #	2070	 13.510639905929565
2023-07-13 09:02:40.117409 - Epoc #	2080	 13.076771020889282
2023-07-13 09:02:53.500626 - Epoc #	2090	 13.383217096328735
2023-07-13 09:03:07.592653 - Epoc #	2100	 14.092026948928833
2023-07-13 09:03:20.649903 - Epoc #	2110	 13.057250022888184
2023-07-13 09:03:33.697001 - Epoc #	2120	 13.04709792137146
2023-07-13 09:03:45.974675 - Epoc #	2130	 12.277673959732056
2023-07-13 09:03:58.703333 - Epoc #	2140	 12.728657960891724
2023-07-13 09:04:11.257193 - Epoc #	2150	 12.553860187530518
2023-07-13 09:04:25.787048 - Epoc #	2160	 14.529855012893677
2023-07-13 09:04:38.762621 - Epoc #	2170	 12.97557282447815
2023-07-13 09:04:51.603310 - Epoc #	2180	 12.840689182281494
2023-07-13 09:05:04.291301 - Epoc #	2190	 12.68799090385437
2023-07-13 09:05:16.952518 - Epoc #	2200	 12.661216974258423
2023-07-13 09:05:30.124797 - Epoc #	2210	 13.172279119491577
2023-07-13 09:05:43.715629 - Epoc #	2220	 13.590831995010376
2023-07-13 09:05:56.071301 - Epoc #	2230	 12.355671882629395
2023-07-13 09:06:08.907460 - Epoc #	2240	 12.836158990859985
2023-07-13 09:06:21.508344 - Epoc #	2250	 12.600883960723877
2023-07-13 09:06:35.031081 - Epoc #	2260	 13.5227370262146
2023-07-13 09:06:48.028606 - Epoc #	2270	 12.997524976730347
2023-07-13 09:07:01.864714 - Epoc #	2280	 13.836107969284058
2023-07-13 09:07:15.505089 - Epoc #	2290	 13.640375137329102
2023-07-13 09:07:28.459802 - Epoc #	2300	 12.954712867736816
2023-07-13 09:07:41.660531 - Epoc #	2310	 13.200729131698608
2023-07-13 09:07:54.451931 - Epoc #	2320	 12.791399955749512
2023-07-13 09:08:07.010854 - Epoc #	2330	 12.55892300605774
2023-07-13 09:08:20.034190 - Epoc #	2340	 13.023335933685303
2023-07-13 09:08:34.125617 - Epoc #	2350	 14.091427087783813
2023-07-13 09:08:47.578584 - Epoc #	2360	 13.452966928482056
2023-07-13 09:09:00.650062 - Epoc #	2370	 13.071478128433228
2023-07-13 09:09:13.241921 - Epoc #	2380	 12.591858863830566
2023-07-13 09:09:25.871994 - Epoc #	2390	 12.630073070526123
2023-07-13 09:09:38.418844 - Epoc #	2400	 12.546849966049194
2023-07-13 09:09:51.268780 - Epoc #	2410	 12.84993600845337
2023-07-13 09:10:04.821813 - Epoc #	2420	 13.553033113479614
2023-07-13 09:10:18.514177 - Epoc #	2430	 13.692363977432251
2023-07-13 09:10:31.634578 - Epoc #	2440	 13.12040090560913
2023-07-13 09:10:45.426542 - Epoc #	2450	 13.791964054107666
2023-07-13 09:10:59.155403 - Epoc #	2460	 13.728860855102539
2023-07-13 09:11:11.742896 - Epoc #	2470	 12.587493181228638
2023-07-13 09:11:24.237488 - Epoc #	2480	 12.49459195137024
2023-07-13 09:11:37.108884 - Epoc #	2490	 12.8713960647583
2023-07-13 09:11:50.320080 - Epoc #	2500	 13.211195945739746
2023-07-13 09:12:03.369917 - Epoc #	2510	 13.049836874008179
2023-07-13 09:12:15.934441 - Epoc #	2520	 12.564524173736572
2023-07-13 09:12:29.009231 - Epoc #	2530	 13.074790000915527
2023-07-13 09:12:42.752290 - Epoc #	2540	 13.743058919906616
2023-07-13 09:12:57.452923 - Epoc #	2550	 14.70063304901123
2023-07-13 09:13:09.828625 - Epoc #	2560	 12.375701904296875
2023-07-13 09:13:22.591809 - Epoc #	2570	 12.763184070587158
2023-07-13 09:13:36.047388 - Epoc #	2580	 13.455579042434692
2023-07-13 09:13:48.177490 - Epoc #	2590	 12.130101919174194
2023-07-13 09:14:01.488355 - Epoc #	2600	 13.310864925384521
2023-07-13 09:14:14.630386 - Epoc #	2610	 13.142031192779541
2023-07-13 09:14:27.537732 - Epoc #	2620	 12.90734577178955
2023-07-13 09:14:41.734594 - Epoc #	2630	 14.19686222076416
2023-07-13 09:14:54.965453 - Epoc #	2640	 13.23085880279541
2023-07-13 09:15:07.600980 - Epoc #	2650	 12.63552713394165
2023-07-13 09:15:20.764620 - Epoc #	2660	 13.163640022277832
2023-07-13 09:15:33.507467 - Epoc #	2670	 12.742846965789795
2023-07-13 09:15:48.587362 - Epoc #	2680	 15.07989501953125
2023-07-13 09:16:01.579283 - Epoc #	2690	 12.991920948028564
2023-07-13 09:16:14.270389 - Epoc #	2700	 12.691106081008911
2023-07-13 09:16:27.140031 - Epoc #	2710	 12.86964201927185
2023-07-13 09:16:40.380020 - Epoc #	2720	 13.239988803863525
2023-07-13 09:16:43.181065 - Time between reward step: #	3475.3253631591797
2023-07-13 09:16:43.181065 - Average Score: 17.00 Elapsed time: 0:57:56.499646
2023-07-13 09:16:53.675283 - Epoc #	2730	 13.295263051986694
2023-07-13 09:17:07.088158 - Epoc #	2740	 13.412874937057495
2023-07-13 09:17:20.601318 - Epoc #	2750	 13.513159990310669
2023-07-13 09:17:33.773581 - Epoc #	2760	 13.172263145446777
2023-07-13 09:17:46.259628 - Epoc #	2770	 12.48604702949524
2023-07-13 09:18:00.208529 - Epoc #	2780	 13.948900938034058
2023-07-13 09:18:13.238375 - Epoc #	2790	 13.029845952987671
2023-07-13 09:18:28.041925 - Epoc #	2800	 14.803550004959106
2023-07-13 09:18:40.924335 - Epoc #	2810	 12.882410049438477
2023-07-13 09:18:53.557039 - Epoc #	2820	 12.632704019546509
2023-07-13 09:19:05.887815 - Epoc #	2830	 12.33077597618103
2023-07-13 09:19:18.998047 - Epoc #	2840	 13.11023211479187
2023-07-13 09:19:31.165166 - Epoc #	2850	 12.167118787765503
2023-07-13 09:19:43.673197 - Epoc #	2860	 12.508031129837036
2023-07-13 09:19:56.695512 - Epoc #	2870	 13.02231502532959
2023-07-13 09:20:08.971116 - Epoc #	2880	 12.275604009628296
2023-07-13 09:20:21.870380 - Epoc #	2890	 12.899263858795166
2023-07-13 09:20:35.168692 - Epoc #	2900	 13.298312187194824
2023-07-13 09:20:48.005547 - Epoc #	2910	 12.836854934692383
2023-07-13 09:21:00.761945 - Epoc #	2920	 12.75639796257019
2023-07-13 09:21:14.616450 - Epoc #	2930	 13.854505062103271
2023-07-13 09:21:27.608156 - Epoc #	2940	 12.991705894470215
2023-07-13 09:21:40.276994 - Epoc #	2950	 12.668838024139404
2023-07-13 09:21:52.174511 - Epoc #	2960	 11.897516965866089
2023-07-13 09:22:04.621327 - Epoc #	2970	 12.446815967559814
2023-07-13 09:22:17.886185 - Epoc #	2980	 13.26485800743103
2023-07-13 09:22:31.488081 - Epoc #	2990	 13.601896047592163
2023-07-13 09:22:44.811391 - Epoc #	3000	 13.323310136795044
2023-07-13 09:22:57.543012 - Epoc #	3010	 12.731620788574219
2023-07-13 09:23:10.130953 - Epoc #	3020	 12.58794116973877
2023-07-13 09:23:24.270952 - Epoc #	3030	 14.13999891281128
2023-07-13 09:23:36.878109 - Epoc #	3040	 12.607156991958618
2023-07-13 09:23:49.796631 - Epoc #	3050	 12.918522119522095
2023-07-13 09:24:02.731177 - Epoc #	3060	 12.934545993804932
2023-07-13 09:24:15.803043 - Epoc #	3070	 13.071865797042847
2023-07-13 09:24:29.294544 - Epoc #	3080	 13.491501092910767
2023-07-13 09:24:41.815591 - Epoc #	3090	 12.521047115325928
2023-07-13 09:24:54.528454 - Epoc #	3100	 12.712862968444824
2023-07-13 09:25:08.485335 - Epoc #	3110	 13.956881046295166
2023-07-13 09:25:23.686320 - Epoc #	3120	 15.200984954833984
2023-07-13 09:25:36.810576 - Epoc #	3130	 13.124255895614624
2023-07-13 09:25:49.611557 - Epoc #	3140	 12.800981044769287
2023-07-13 09:26:02.014970 - Epoc #	3150	 12.40341305732727
2023-07-13 09:26:14.744120 - Epoc #	3160	 12.72914981842041
2023-07-13 09:26:27.312663 - Epoc #	3170	 12.568543195724487
2023-07-13 09:26:40.285868 - Epoc #	3180	 12.973204851150513
2023-07-13 09:26:52.685802 - Epoc #	3190	 12.39993405342102
2023-07-13 09:27:05.292946 - Epoc #	3200	 12.607144117355347
2023-07-13 09:27:20.601909 - Epoc #	3210	 15.30896282196045
2023-07-13 09:27:33.174649 - Epoc #	3220	 12.572740077972412
2023-07-13 09:27:46.029015 - Epoc #	3230	 12.854366064071655
2023-07-13 09:27:58.251689 - Epoc #	3240	 12.222673892974854
2023-07-13 09:28:11.385372 - Epoc #	3250	 13.1336829662323
2023-07-13 09:28:24.883572 - Epoc #	3260	 13.498200178146362
2023-07-13 09:28:38.117189 - Epoc #	3270	 13.233616828918457
2023-07-13 09:28:51.444045 - Epoc #	3280	 13.326856136322021
2023-07-13 09:29:04.409569 - Epoc #	3290	 12.965523958206177
2023-07-13 09:29:17.061056 - Epoc #	3300	 12.651486873626709
2023-07-13 09:29:29.743705 - Epoc #	3310	 12.6826491355896
2023-07-13 09:29:42.664991 - Epoc #	3320	 12.92128586769104
2023-07-13 09:29:56.083383 - Epoc #	3330	 13.418392181396484
2023-07-13 09:30:08.831637 - Time between reward step: #	4280.9759349823
2023-07-13 09:30:08.831637 - Average Score: 18.00 Elapsed time: 1:11:22.157468
2023-07-13 09:30:08.831637 - Epoc #	3340	 12.74825382232666
2023-07-13 09:30:21.578741 - Epoc #	3350	 12.747104167938232
2023-07-13 09:30:30.958624 - Time between reward step: #	4303.102921962738
2023-07-13 09:30:30.958624 - Average Score: 19.00 Elapsed time: 1:11:44.285024
2023-07-13 09:30:34.961415 - Epoc #	3360	 13.382673978805542
2023-07-13 09:30:47.653774 - Epoc #	3370	 12.69235897064209
2023-07-13 09:31:02.450449 - Epoc #	3380	 14.796674966812134
2023-07-13 09:31:15.681257 - Epoc #	3390	 13.230808019638062
2023-07-13 09:31:29.492146 - Epoc #	3400	 13.81088900566101
2023-07-13 09:31:42.217762 - Epoc #	3410	 12.725615978240967
2023-07-13 09:31:54.755033 - Epoc #	3420	 12.53727102279663
2023-07-13 09:32:08.385611 - Epoc #	3430	 13.63057804107666
2023-07-13 09:32:23.037144 - Epoc #	3440	 14.651532888412476
2023-07-13 09:32:35.797919 - Epoc #	3450	 12.760775089263916
2023-07-13 09:32:49.124015 - Epoc #	3460	 13.326096057891846
2023-07-13 09:33:02.763600 - Epoc #	3470	 13.639585018157959
2023-07-13 09:33:16.027528 - Epoc #	3480	 13.263927936553955
2023-07-13 09:33:28.748362 - Epoc #	3490	 12.720834016799927
2023-07-13 09:33:41.679891 - Epoc #	3500	 12.93152904510498
2023-07-13 09:33:54.562957 - Epoc #	3510	 12.883065938949585
2023-07-13 09:34:07.094792 - Epoc #	3520	 12.531834840774536
2023-07-13 09:34:20.980357 - Epoc #	3530	 13.885565042495728
2023-07-13 09:34:33.888020 - Epoc #	3540	 12.907663106918335
2023-07-13 09:34:46.572930 - Epoc #	3550	 12.68491005897522
2023-07-13 09:34:59.285163 - Epoc #	3560	 12.712232828140259
2023-07-13 09:35:12.207757 - Epoc #	3570	 12.92259407043457
2023-07-13 09:35:25.091606 - Epoc #	3580	 12.883848905563354
2023-07-13 09:35:37.700112 - Epoc #	3590	 12.608506202697754
2023-07-13 09:35:50.300306 - Epoc #	3600	 12.600193977355957
2023-07-13 09:36:03.628239 - Epoc #	3610	 13.327932834625244
2023-07-13 09:36:16.448216 - Epoc #	3620	 12.819977045059204
2023-07-13 09:36:29.220061 - Epoc #	3630	 12.77184510231018
2023-07-13 09:36:42.492828 - Epoc #	3640	 13.272766828536987
2023-07-13 09:36:55.638809 - Epoc #	3650	 13.145981073379517
2023-07-13 09:37:08.252642 - Epoc #	3660	 12.613832950592041
2023-07-13 09:37:21.445534 - Epoc #	3670	 13.192892074584961
2023-07-13 09:37:34.620876 - Epoc #	3680	 13.175342082977295
2023-07-13 09:37:48.131219 - Epoc #	3690	 13.510342836380005
2023-07-13 09:38:01.783751 - Epoc #	3700	 13.65253210067749
2023-07-13 09:38:15.345976 - Epoc #	3710	 13.562225103378296
2023-07-13 09:38:27.733780 - Epoc #	3720	 12.387803792953491
2023-07-13 09:38:40.634760 - Epoc #	3730	 12.900979995727539
2023-07-13 09:38:53.244827 - Epoc #	3740	 12.610067129135132
2023-07-13 09:39:06.303220 - Epoc #	3750	 13.058393001556396
2023-07-13 09:39:19.207439 - Epoc #	3760	 12.904218912124634
2023-07-13 09:39:32.042771 - Epoc #	3770	 12.835332155227661
2023-07-13 09:39:45.020020 - Epoc #	3780	 12.977248907089233
2023-07-13 09:39:57.741279 - Epoc #	3790	 12.721258878707886
2023-07-13 09:40:12.061679 - Epoc #	3800	 14.32039999961853
2023-07-13 09:40:25.528464 - Epoc #	3810	 13.466785192489624
2023-07-13 09:40:38.163039 - Epoc #	3820	 12.634574890136719
2023-07-13 09:40:51.157887 - Epoc #	3830	 12.994848012924194
2023-07-13 09:41:05.918199 - Epoc #	3840	 14.7603120803833
2023-07-13 09:41:18.688605 - Epoc #	3850	 12.770406007766724
2023-07-13 09:41:32.987119 - Epoc #	3860	 14.298513889312744
2023-07-13 09:41:47.093128 - Epoc #	3870	 14.106009006500244
2023-07-13 09:41:59.665485 - Epoc #	3880	 12.572356939315796
2023-07-13 09:42:12.814613 - Epoc #	3890	 13.149128198623657
2023-07-13 09:42:25.417984 - Epoc #	3900	 12.603370904922485
2023-07-13 09:42:38.291664 - Epoc #	3910	 12.873679876327515
2023-07-13 09:42:51.582882 - Epoc #	3920	 13.291218042373657
2023-07-13 09:43:04.305723 - Epoc #	3930	 12.722841024398804
2023-07-13 09:43:17.301296 - Epoc #	3940	 12.995573043823242
2023-07-13 09:43:29.922179 - Epoc #	3950	 12.620882987976074
2023-07-13 09:43:44.616881 - Epoc #	3960	 14.694701910018921
2023-07-13 09:43:56.979098 - Epoc #	3970	 12.36221718788147
2023-07-13 09:44:09.805466 - Epoc #	3980	 12.826367855072021
2023-07-13 09:44:22.546424 - Epoc #	3990	 12.740957975387573
2023-07-13 09:44:35.433471 - Epoc #	4000	 12.887047052383423
2023-07-13 09:44:48.254935 - Epoc #	4010	 12.82146406173706
2023-07-13 09:45:01.510705 - Epoc #	4020	 13.255769968032837
2023-07-13 09:45:14.371462 - Epoc #	4030	 12.860757112503052
2023-07-13 09:45:27.363894 - Epoc #	4040	 12.992431879043579
2023-07-13 09:45:40.351057 - Epoc #	4050	 12.987163066864014
2023-07-13 09:45:53.802915 - Epoc #	4060	 13.451858043670654
2023-07-13 09:46:06.483272 - Epoc #	4070	 12.680356979370117
2023-07-13 09:46:19.622565 - Epoc #	4080	 13.13929295539856
2023-07-13 09:46:33.617308 - Epoc #	4090	 13.99474287033081
2023-07-13 09:46:47.019157 - Epoc #	4100	 13.401849031448364
2023-07-13 09:47:00.282179 - Epoc #	4110	 13.263022184371948
2023-07-13 09:47:12.561473 - Time between reward step: #	5304.705770969391
2023-07-13 09:47:12.561473 - Average Score: 20.00 Elapsed time: 1:28:25.890634
2023-07-13 09:47:13.892096 - Epoc #	4120	 13.609916925430298
2023-07-13 09:47:26.460313 - Epoc #	4130	 12.568217039108276
2023-07-13 09:47:39.747836 - Epoc #	4140	 13.287523031234741
2023-07-13 09:47:46.622693 - Time between reward step: #	5338.766991138458
2023-07-13 09:47:46.622693 - Average Score: 21.00 Elapsed time: 1:28:59.945725
2023-07-13 09:47:49.078749 - Time between reward step: #	5341.223047018051
2023-07-13 09:47:49.078749 - Average Score: 22.00 Elapsed time: 1:29:02.403411
2023-07-13 09:47:53.104331 - Time between reward step: #	5345.24862909317
2023-07-13 09:47:53.104331 - Average Score: 23.00 Elapsed time: 1:29:06.428259
2023-07-13 09:47:53.104331 - Epoc #	4150	 13.356494903564453
2023-07-13 09:47:55.921377 - Time between reward step: #	5348.065675020218
2023-07-13 09:47:55.921377 - Average Score: 24.00 Elapsed time: 1:29:09.248628
2023-07-13 09:47:59.914171 - Time between reward step: #	5352.058469057083
2023-07-13 09:47:59.914171 - Average Score: 25.00 Elapsed time: 1:29:13.234813
2023-07-13 09:48:06.753164 - Epoc #	4160	 13.64883303642273
2023-07-13 09:48:20.269693 - Epoc #	4170	 13.516528844833374
2023-07-13 09:48:22.790542 - Time between reward step: #	5374.934839963913
2023-07-13 09:48:22.790542 - Average Score: 26.00 Elapsed time: 1:29:36.119574
2023-07-13 09:48:33.403357 - Epoc #	4180	 13.13366413116455
2023-07-13 09:48:47.019391 - Epoc #	4190	 13.616034030914307
2023-07-13 09:48:59.883865 - Epoc #	4200	 12.864474058151245
2023-07-13 09:49:12.954555 - Epoc #	4210	 13.070689916610718
2023-07-13 09:49:26.602071 - Epoc #	4220	 13.647516012191772
2023-07-13 09:49:38.444436 - Epoc #	4230	 11.842365026473999
2023-07-13 09:49:51.632956 - Epoc #	4240	 13.188519954681396
2023-07-13 09:50:04.356835 - Epoc #	4250	 12.723878860473633
2023-07-13 09:50:17.216008 - Epoc #	4260	 12.859173059463501
2023-07-13 09:50:30.384561 - Epoc #	4270	 13.168553113937378
2023-07-13 09:50:44.005040 - Epoc #	4280	 13.620478868484497
2023-07-13 09:50:56.832886 - Epoc #	4290	 12.827846050262451
2023-07-13 09:51:10.028868 - Epoc #	4300	 13.195981979370117
2023-07-13 09:51:24.030028 - Epoc #	4310	 14.001160144805908
2023-07-13 09:51:36.794104 - Epoc #	4320	 12.764075994491577
2023-07-13 09:51:50.040211 - Epoc #	4330	 13.24610686302185
2023-07-13 09:52:02.984365 - Epoc #	4340	 12.944154024124146
2023-07-13 09:52:15.571632 - Epoc #	4350	 12.58726692199707
2023-07-13 09:52:28.421116 - Epoc #	4360	 12.849484205245972
2023-07-13 09:52:41.293044 - Epoc #	4370	 12.871927976608276
2023-07-13 09:52:54.460305 - Epoc #	4380	 13.167260885238647
2023-07-13 09:53:07.281956 - Epoc #	4390	 12.821650981903076
2023-07-13 09:53:20.777962 - Epoc #	4400	 13.49600601196289
2023-07-13 09:53:34.456947 - Epoc #	4410	 13.678985118865967
2023-07-13 09:53:47.187946 - Epoc #	4420	 12.730998992919922
2023-07-13 09:54:00.139125 - Epoc #	4430	 12.951179027557373
2023-07-13 09:54:13.197067 - Epoc #	4440	 13.057941913604736
2023-07-13 09:54:26.606433 - Epoc #	4450	 13.409365892410278
2023-07-13 09:54:39.623869 - Epoc #	4460	 13.017436027526855
2023-07-13 09:54:52.754029 - Epoc #	4470	 13.130160093307495
2023-07-13 09:55:07.751824 - Epoc #	4480	 14.99779486656189
2023-07-13 09:55:21.063904 - Epoc #	4490	 13.312080144882202
2023-07-13 09:55:34.524599 - Epoc #	4500	 13.460695028305054
2023-07-13 09:55:47.904910 - Epoc #	4510	 13.380311012268066
2023-07-13 09:56:01.249753 - Epoc #	4520	 13.344842910766602
2023-07-13 09:56:14.145596 - Epoc #	4530	 12.895843029022217
2023-07-13 09:56:27.338303 - Epoc #	4540	 13.192707061767578
2023-07-13 09:56:40.176124 - Epoc #	4550	 12.837821006774902
2023-07-13 09:56:53.061463 - Epoc #	4560	 12.88533902168274
2023-07-13 09:57:06.438071 - Epoc #	4570	 13.376607894897461
2023-07-13 09:57:18.602342 - Epoc #	4580	 12.164270877838135
2023-07-13 09:57:31.386520 - Epoc #	4590	 12.784178018569946
2023-07-13 09:57:44.144122 - Epoc #	4600	 12.757601976394653
2023-07-13 09:57:56.730696 - Epoc #	4610	 12.586574077606201
2023-07-13 09:58:10.156877 - Epoc #	4620	 13.426181077957153
2023-07-13 09:58:22.712835 - Epoc #	4630	 12.555958032608032
2023-07-13 09:58:36.359231 - Epoc #	4640	 13.646395921707153
2023-07-13 09:58:49.068429 - Epoc #	4650	 12.709197998046875
2023-07-13 09:59:02.548830 - Epoc #	4660	 13.480401039123535
2023-07-13 09:59:15.543712 - Epoc #	4670	 12.994881868362427
2023-07-13 09:59:28.637679 - Epoc #	4680	 13.093967199325562
2023-07-13 09:59:41.502075 - Epoc #	4690	 12.8643958568573
2023-07-13 09:59:54.841826 - Epoc #	4700	 13.33975100517273
2023-07-13 10:00:08.499823 - Epoc #	4710	 13.657997131347656
2023-07-13 10:00:22.113438 - Epoc #	4720	 13.613614797592163
2023-07-13 10:00:35.494217 - Epoc #	4730	 13.380779027938843
2023-07-13 10:00:49.834320 - Epoc #	4740	 14.340103149414062
2023-07-13 10:01:03.348425 - Epoc #	4750	 13.514104843139648
2023-07-13 10:01:16.720285 - Epoc #	4760	 13.371860027313232
2023-07-13 10:01:29.371308 - Epoc #	4770	 12.651023149490356
2023-07-13 10:01:43.161667 - Epoc #	4780	 13.790359020233154
2023-07-13 10:01:56.426187 - Epoc #	4790	 13.264519929885864
2023-07-13 10:02:09.385348 - Epoc #	4800	 12.959161043167114
2023-07-13 10:02:22.673818 - Epoc #	4810	 13.288470029830933
2023-07-13 10:02:36.027340 - Epoc #	4820	 13.353521823883057
2023-07-13 10:02:49.119937 - Epoc #	4830	 13.092597007751465
2023-07-13 10:03:02.245156 - Epoc #	4840	 13.125219106674194
2023-07-13 10:03:15.791986 - Epoc #	4850	 13.54682993888855
2023-07-13 10:03:29.414027 - Epoc #	4860	 13.62204098701477
2023-07-13 10:03:42.358800 - Epoc #	4870	 12.944772958755493
2023-07-13 10:03:55.699756 - Epoc #	4880	 13.340955972671509
2023-07-13 10:04:09.206184 - Epoc #	4890	 13.506428003311157
2023-07-13 10:04:23.089665 - Epoc #	4900	 13.8834810256958
2023-07-13 10:04:36.341123 - Epoc #	4910	 13.251458168029785
2023-07-13 10:04:49.231501 - Epoc #	4920	 12.89037799835205
2023-07-13 10:05:03.124019 - Epoc #	4930	 13.892517805099487
2023-07-13 10:05:16.006852 - Epoc #	4940	 12.882833003997803
2023-07-13 10:05:29.473030 - Epoc #	4950	 13.466178178787231
2023-07-13 10:05:43.502237 - Epoc #	4960	 14.029206991195679
2023-07-13 10:05:56.538190 - Epoc #	4970	 13.035952806472778
2023-07-13 10:06:09.246233 - Epoc #	4980	 12.708043098449707
2023-07-13 10:06:22.172556 - Epoc #	4990	 12.926322937011719
2023-07-13 10:06:34.324078 - Epoc #	5000	 12.151522159576416
2023-07-13 10:06:47.471565 - Epoc #	5010	 13.147486925125122
2023-07-13 10:07:01.390895 - Epoc #	5020	 13.91932988166809
2023-07-13 10:07:02.831183 - Time between reward step: #	6494.975481033325
2023-07-13 10:07:02.831183 - Average Score: 27.00 Elapsed time: 1:48:16.150481
2023-07-13 10:07:14.914455 - Epoc #	5030	 13.523560047149658
2023-07-13 10:07:28.867648 - Epoc #	5040	 13.953192949295044
2023-07-13 10:07:42.091426 - Epoc #	5050	 13.223778009414673
2023-07-13 10:07:55.884583 - Epoc #	5060	 13.79315710067749
2023-07-13 10:08:09.017487 - Epoc #	5070	 13.132904052734375
2023-07-13 10:08:22.168530 - Epoc #	5080	 13.151042938232422
2023-07-13 10:08:34.872537 - Epoc #	5090	 12.704006910324097
2023-07-13 10:08:48.225005 - Epoc #	5100	 13.352468013763428
2023-07-13 10:09:01.600890 - Epoc #	5110	 13.375885009765625
2023-07-13 10:09:14.958763 - Epoc #	5120	 13.35787296295166
2023-07-13 10:09:28.149399 - Epoc #	5130	 13.190636157989502
2023-07-13 10:09:41.603147 - Epoc #	5140	 13.453747987747192
2023-07-13 10:09:54.785168 - Epoc #	5150	 13.182020902633667
2023-07-13 10:10:08.871755 - Epoc #	5160	 14.086586952209473
2023-07-13 10:10:21.627653 - Epoc #	5170	 12.755897998809814
2023-07-13 10:10:35.737113 - Epoc #	5180	 14.10946011543274
2023-07-13 10:10:48.753586 - Epoc #	5190	 13.016473054885864
2023-07-13 10:11:01.864375 - Epoc #	5200	 13.110789060592651
2023-07-13 10:11:14.653832 - Epoc #	5210	 12.789456844329834
2023-07-13 10:11:27.379853 - Epoc #	5220	 12.72602105140686
2023-07-13 10:11:40.309029 - Epoc #	5230	 12.929176092147827
2023-07-13 10:11:54.258239 - Epoc #	5240	 13.949209928512573
2023-07-13 10:12:07.728624 - Epoc #	5250	 13.470385074615479
2023-07-13 10:12:21.880330 - Epoc #	5260	 14.151705980300903
2023-07-13 10:12:36.037975 - Epoc #	5270	 14.157644987106323
2023-07-13 10:12:49.114051 - Epoc #	5280	 13.076076030731201
2023-07-13 10:13:01.795742 - Epoc #	5290	 12.68169093132019
2023-07-13 10:13:14.975204 - Epoc #	5300	 13.17946195602417
2023-07-13 10:13:27.903386 - Epoc #	5310	 12.928182125091553
2023-07-13 10:13:41.621754 - Epoc #	5320	 13.7183678150177
2023-07-13 10:13:54.131146 - Epoc #	5330	 12.509392023086548
2023-07-13 10:14:08.234788 - Epoc #	5340	 14.103641986846924
2023-07-13 10:14:21.507076 - Epoc #	5350	 13.272288084030151
2023-07-13 10:14:34.721443 - Epoc #	5360	 13.214366912841797
2023-07-13 10:14:48.599387 - Epoc #	5370	 13.877943992614746
2023-07-13 10:15:01.639628 - Epoc #	5380	 13.040241003036499
2023-07-13 10:15:16.016133 - Epoc #	5390	 14.376505136489868
2023-07-13 10:15:28.747912 - Epoc #	5400	 12.731778860092163
2023-07-13 10:15:41.720681 - Epoc #	5410	 12.972769021987915
2023-07-13 10:15:55.608477 - Epoc #	5420	 13.88779616355896
2023-07-13 10:16:08.821348 - Epoc #	5430	 13.212870836257935
2023-07-13 10:16:22.361134 - Epoc #	5440	 13.539786100387573
2023-07-13 10:16:35.949610 - Epoc #	5450	 13.588475942611694
2023-07-13 10:16:44.716350 - Time between reward step: #	7076.860648155212
2023-07-13 10:16:44.716350 - Average Score: 28.00 Elapsed time: 1:57:58.043298
2023-07-13 10:16:50.300152 - Epoc #	5460	 14.350542068481445
2023-07-13 10:16:54.525119 - Time between reward step: #	7086.669417142868
2023-07-13 10:16:54.525119 - Average Score: 29.00 Elapsed time: 1:58:07.842033
2023-07-13 10:16:55.981987 - Time between reward step: #	7088.126285076141
2023-07-13 10:16:55.981987 - Average Score: 30.00 Elapsed time: 1:58:09.302841
2023-07-13 10:17:06.600064 - Epoc #	5470	 16.299911975860596
2023-07-13 10:17:11.766783 - Time between reward step: #	7103.911081075668
2023-07-13 10:17:11.766783 - Average Score: 31.00 Elapsed time: 1:58:25.088952
2023-07-13 10:17:19.771815 - Epoc #	5480	 13.171751022338867
2023-07-13 10:17:32.400366 - Epoc #	5490	 12.628551006317139
2023-07-13 10:17:45.884614 - Epoc #	5500	 13.484247922897339
2023-07-13 10:17:59.431431 - Epoc #	5510	 13.546817064285278
2023-07-13 10:18:12.102522 - Epoc #	5520	 12.671090841293335
2023-07-13 10:18:25.799493 - Epoc #	5530	 13.69697117805481
2023-07-13 10:18:38.619860 - Epoc #	5540	 12.820366859436035
2023-07-13 10:18:52.211609 - Epoc #	5550	 13.5917489528656
2023-07-13 10:19:05.352882 - Epoc #	5560	 13.141273021697998
2023-07-13 10:19:18.236681 - Epoc #	5570	 12.883799076080322
2023-07-13 10:19:32.754320 - Epoc #	5580	 14.517638921737671
2023-07-13 10:19:45.549319 - Epoc #	5590	 12.794999122619629
2023-07-13 10:19:58.525826 - Epoc #	5600	 12.97650694847107
2023-07-13 10:20:11.976172 - Epoc #	5610	 13.450345993041992
2023-07-13 10:20:25.688136 - Epoc #	5620	 13.711964130401611
2023-07-13 10:20:40.025470 - Epoc #	5630	 14.337333917617798
2023-07-13 10:20:53.887778 - Epoc #	5640	 13.862308025360107
2023-07-13 10:21:07.968009 - Epoc #	5650	 14.080230951309204
2023-07-13 10:21:20.932441 - Epoc #	5660	 12.964432001113892
2023-07-13 10:21:33.696868 - Epoc #	5670	 12.764426946640015
2023-07-13 10:21:47.567599 - Epoc #	5680	 13.870731115341187
2023-07-13 10:22:01.361495 - Epoc #	5690	 13.793895959854126
2023-07-13 10:22:14.703334 - Epoc #	5700	 13.341839075088501
2023-07-13 10:22:28.029708 - Epoc #	5710	 13.326373815536499
2023-07-13 10:22:41.315810 - Epoc #	5720	 13.286102056503296
2023-07-13 10:22:54.855558 - Epoc #	5730	 13.539747953414917
2023-07-13 10:23:08.871708 - Epoc #	5740	 14.016149997711182
2023-07-13 10:23:24.479146 - Epoc #	5750	 15.607438087463379
2023-07-13 10:23:37.693039 - Epoc #	5760	 13.213892936706543
2023-07-13 10:23:50.877126 - Epoc #	5770	 13.184087038040161
2023-07-13 10:24:06.480686 - Epoc #	5780	 15.603559970855713
2023-07-13 10:24:19.709374 - Epoc #	5790	 13.22868800163269
2023-07-13 10:24:32.577653 - Epoc #	5800	 12.868278980255127
2023-07-13 10:24:47.328690 - Epoc #	5810	 14.751037120819092
2023-07-13 10:25:01.024136 - Epoc #	5820	 13.695446014404297
2023-07-13 10:25:15.087891 - Epoc #	5830	 14.06375503540039
2023-07-13 10:25:28.410853 - Epoc #	5840	 13.322961807250977
2023-07-13 10:25:41.686152 - Epoc #	5850	 13.275299072265625
2023-07-13 10:25:54.906169 - Epoc #	5860	 13.220016956329346
2023-07-13 10:26:08.118680 - Epoc #	5870	 13.21251106262207
2023-07-13 10:26:22.189777 - Epoc #	5880	 14.071096897125244
2023-07-13 10:26:35.983093 - Epoc #	5890	 13.793316125869751
2023-07-13 10:26:49.258804 - Epoc #	5900	 13.275711059570312
2023-07-13 10:27:02.092750 - Epoc #	5910	 12.833945989608765
2023-07-13 10:27:15.995412 - Epoc #	5920	 13.9026620388031
2023-07-13 10:27:29.658672 - Epoc #	5930	 13.663259983062744
2023-07-13 10:27:43.465059 - Epoc #	5940	 13.806386947631836
2023-07-13 10:27:56.629021 - Epoc #	5950	 13.16396188735962
2023-07-13 10:28:09.592371 - Epoc #	5960	 12.963350057601929
2023-07-13 10:28:22.906539 - Epoc #	5970	 13.314167976379395
2023-07-13 10:28:37.783322 - Epoc #	5980	 14.8767831325531
2023-07-13 10:28:50.793123 - Epoc #	5990	 13.009800910949707
2023-07-13 10:29:05.207260 - Epoc #	6000	 14.41413688659668
2023-07-13 10:29:18.202684 - Epoc #	6010	 12.995424032211304
2023-07-13 10:29:31.501138 - Epoc #	6020	 13.29845404624939
2023-07-13 10:29:44.962733 - Epoc #	6030	 13.461595058441162
2023-07-13 10:29:58.081976 - Epoc #	6040	 13.119242906570435
2023-07-13 10:30:11.248587 - Epoc #	6050	 13.166610956192017
2023-07-13 10:30:25.949145 - Epoc #	6060	 14.700558185577393
2023-07-13 10:30:39.798803 - Epoc #	6070	 13.849658012390137
2023-07-13 10:30:53.182655 - Epoc #	6080	 13.383852005004883
2023-07-13 10:31:06.120080 - Epoc #	6090	 12.937424898147583
2023-07-13 10:31:19.282557 - Epoc #	6100	 13.162477016448975
2023-07-13 10:31:32.886154 - Epoc #	6110	 13.603596925735474
2023-07-13 10:31:46.320338 - Epoc #	6120	 13.434184074401855
2023-07-13 10:31:59.626779 - Epoc #	6130	 13.306441068649292
2023-07-13 10:32:12.747021 - Epoc #	6140	 13.12024188041687
2023-07-13 10:32:26.183091 - Epoc #	6150	 13.436069965362549
2023-07-13 10:32:40.084357 - Epoc #	6160	 13.901266098022461
2023-07-13 10:32:53.531363 - Epoc #	6170	 13.447005987167358
2023-07-13 10:33:06.727626 - Epoc #	6180	 13.196263074874878
2023-07-13 10:33:21.880737 - Epoc #	6190	 15.153110980987549
2023-07-13 10:33:35.363341 - Epoc #	6200	 13.482604026794434
2023-07-13 10:33:49.351328 - Epoc #	6210	 13.98798680305481
2023-07-13 10:33:56.132033 - Time between reward step: #	8108.276331186295
2023-07-13 10:33:56.132033 - Average Score: 32.00 Elapsed time: 2:15:09.449954
2023-07-13 10:34:02.738684 - Epoc #	6220	 13.387356042861938
2023-07-13 10:34:16.262346 - Epoc #	6230	 13.523662090301514
2023-07-13 10:34:28.880448 - Epoc #	6240	 12.618102073669434
2023-07-13 10:34:43.325662 - Epoc #	6250	 14.445213794708252
2023-07-13 10:34:46.351431 - Time between reward step: #	8158.495728969574
2023-07-13 10:34:46.351431 - Average Score: 33.00 Elapsed time: 2:15:59.670285
2023-07-13 10:34:56.816276 - Epoc #	6260	 13.490614175796509
2023-07-13 10:35:05.081354 - Time between reward step: #	8177.225651979446
2023-07-13 10:35:05.081354 - Average Score: 34.00 Elapsed time: 2:16:18.405095
2023-07-13 10:35:10.089693 - Epoc #	6270	 13.273416996002197
2023-07-13 10:35:11.530113 - Time between reward step: #	8183.674411058426
2023-07-13 10:35:11.530113 - Average Score: 35.00 Elapsed time: 2:16:24.852630
2023-07-13 10:35:24.025673 - Epoc #	6280	 13.935979843139648
2023-07-13 10:35:36.815523 - Epoc #	6290	 12.789849996566772
2023-07-13 10:35:52.235717 - Epoc #	6300	 15.420194149017334
2023-07-13 10:36:06.134176 - Epoc #	6310	 13.89845895767212
2023-07-13 10:36:19.537378 - Epoc #	6320	 13.403202056884766
2023-07-13 10:36:32.825679 - Epoc #	6330	 13.28830099105835
2023-07-13 10:36:46.209840 - Epoc #	6340	 13.384160995483398
2023-07-13 10:36:59.516508 - Epoc #	6350	 13.306668043136597
2023-07-13 10:37:13.761458 - Epoc #	6360	 14.24494981765747
2023-07-13 10:37:27.475136 - Epoc #	6370	 13.713678121566772
2023-07-13 10:37:42.132126 - Epoc #	6380	 14.656990051269531
2023-07-13 10:37:55.084759 - Epoc #	6390	 12.952632904052734
2023-07-13 10:38:09.158223 - Epoc #	6400	 14.073463916778564
2023-07-13 10:38:22.495700 - Epoc #	6410	 13.337476968765259
2023-07-13 10:38:35.886975 - Epoc #	6420	 13.39127516746521
2023-07-13 10:38:49.442337 - Epoc #	6430	 13.555361986160278
2023-07-13 10:39:04.081530 - Epoc #	6440	 14.639193058013916
2023-07-13 10:39:18.205880 - Epoc #	6450	 14.12434983253479
2023-07-13 10:39:31.613740 - Epoc #	6460	 13.407860040664673
2023-07-13 10:39:44.887530 - Epoc #	6470	 13.273790121078491
2023-07-13 10:39:57.358740 - Epoc #	6480	 12.47121000289917
2023-07-13 10:40:12.339168 - Epoc #	6490	 14.980427980422974
2023-07-13 10:40:25.679148 - Epoc #	6500	 13.339979887008667
2023-07-13 10:40:38.609034 - Epoc #	6510	 12.929886102676392
2023-07-13 10:40:52.745363 - Epoc #	6520	 14.136328935623169
2023-07-13 10:41:06.115240 - Epoc #	6530	 13.369877099990845
2023-07-13 10:41:19.156213 - Epoc #	6540	 13.04097294807434
2023-07-13 10:41:32.388377 - Epoc #	6550	 13.232163906097412
2023-07-13 10:41:47.181687 - Epoc #	6560	 14.793310165405273
2023-07-13 10:42:00.428928 - Epoc #	6570	 13.247240781784058
2023-07-13 10:42:14.592794 - Epoc #	6580	 14.16386604309082
2023-07-13 10:42:28.612458 - Epoc #	6590	 14.01966404914856
2023-07-13 10:42:42.418676 - Epoc #	6600	 13.806217908859253
2023-07-13 10:42:55.913964 - Epoc #	6610	 13.495288133621216
2023-07-13 10:43:08.722384 - Epoc #	6620	 12.808419942855835
2023-07-13 10:43:22.712330 - Epoc #	6630	 13.989946126937866
2023-07-13 10:43:35.847803 - Epoc #	6640	 13.135473012924194
2023-07-13 10:43:49.080251 - Epoc #	6650	 13.232447862625122
2023-07-13 10:44:03.217435 - Epoc #	6660	 14.137183904647827
2023-07-13 10:44:17.727458 - Epoc #	6670	 14.51002311706543
2023-07-13 10:44:30.529004 - Epoc #	6680	 12.801546096801758
2023-07-13 10:44:43.974918 - Epoc #	6690	 13.445913791656494
2023-07-13 10:44:56.904708 - Epoc #	6700	 12.929790019989014
2023-07-13 10:45:10.071025 - Epoc #	6710	 13.166316986083984
2023-07-13 10:45:24.159474 - Epoc #	6720	 14.088449001312256
2023-07-13 10:45:39.408674 - Epoc #	6730	 15.249200105667114
2023-07-13 10:45:53.608973 - Epoc #	6740	 14.20029902458191
2023-07-13 10:46:07.224661 - Epoc #	6750	 13.61568808555603
2023-07-13 10:46:21.861245 - Epoc #	6760	 14.636583805084229
2023-07-13 10:46:35.186877 - Epoc #	6770	 13.325632095336914
2023-07-13 10:46:48.598922 - Epoc #	6780	 13.412045001983643
2023-07-13 10:47:03.425723 - Epoc #	6790	 14.826801061630249
2023-07-13 10:47:19.117422 - Epoc #	6800	 15.691699028015137
2023-07-13 10:47:36.735636 - Epoc #	6810	 17.618213891983032
2023-07-13 10:47:52.584541 - Epoc #	6820	 15.848905086517334
2023-07-13 10:48:07.590687 - Epoc #	6830	 15.00614595413208
2023-07-13 10:48:22.431852 - Epoc #	6840	 14.84116506576538
2023-07-13 10:48:37.027092 - Epoc #	6850	 14.595239877700806
2023-07-13 10:48:51.783130 - Epoc #	6860	 14.756037950515747
2023-07-13 10:49:06.290870 - Epoc #	6870	 14.507740020751953
2023-07-13 10:49:20.988362 - Epoc #	6880	 14.697492122650146
2023-07-13 10:49:37.212497 - Epoc #	6890	 16.224134922027588
2023-07-13 10:49:50.495959 - Epoc #	6900	 13.283462047576904
2023-07-13 10:50:05.608383 - Epoc #	6910	 15.11242389678955
2023-07-13 10:50:21.819807 - Epoc #	6920	 16.211424112319946
2023-07-13 10:50:35.476112 - Epoc #	6930	 13.656304836273193
2023-07-13 10:50:49.821135 - Epoc #	6940	 14.345023155212402
2023-07-13 10:51:03.992152 - Epoc #	6950	 14.171016931533813
2023-07-13 10:51:18.606363 - Epoc #	6960	 14.614211082458496
2023-07-13 10:51:32.124290 - Epoc #	6970	 13.517926931381226
2023-07-13 10:51:46.471959 - Epoc #	6980	 14.347669124603271
2023-07-13 10:51:59.762323 - Epoc #	6990	 13.290363788604736
2023-07-13 10:52:14.074868 - Epoc #	7000	 14.31254506111145
2023-07-13 10:52:27.984780 - Epoc #	7010	 13.909912109375
2023-07-13 10:52:42.209162 - Time between reward step: #	9234.353460073471
2023-07-13 10:52:42.209162 - Average Score: 36.00 Elapsed time: 2:33:55.525841
2023-07-13 10:52:42.209162 - Epoc #	7020	 14.224381923675537
2023-07-13 10:52:43.707314 - Time between reward step: #	9235.851612091064
2023-07-13 10:52:43.707314 - Average Score: 37.00 Elapsed time: 2:33:57.024044
2023-07-13 10:52:46.598116 - Time between reward step: #	9238.74241399765
2023-07-13 10:52:46.598116 - Average Score: 38.00 Elapsed time: 2:33:59.915073
2023-07-13 10:52:48.171667 - Time between reward step: #	9240.315965175629
2023-07-13 10:52:48.171667 - Average Score: 39.00 Elapsed time: 2:34:01.488467
2023-07-13 10:52:50.794693 - Time between reward step: #	9242.938991069794
2023-07-13 10:52:50.794693 - Average Score: 40.00 Elapsed time: 2:34:04.111490
2023-07-13 10:52:52.388106 - Time between reward step: #	9244.532404184341
2023-07-13 10:52:52.388106 - Average Score: 41.00 Elapsed time: 2:34:05.704285
2023-07-13 10:52:56.530773 - Epoc #	7030	 14.321610927581787
2023-07-13 10:53:11.740582 - Epoc #	7040	 15.209809064865112
2023-07-13 10:53:25.720243 - Epoc #	7050	 13.979660987854004
2023-07-13 10:53:40.131290 - Epoc #	7060	 14.411046981811523
2023-07-13 10:53:54.281516 - Epoc #	7070	 14.15022611618042
2023-07-13 10:54:09.423977 - Epoc #	7080	 15.142460823059082
2023-07-13 10:54:26.497538 - Epoc #	7090	 17.073561191558838
2023-07-13 10:54:41.920108 - Epoc #	7100	 15.422569990158081
2023-07-13 10:54:55.667391 - Time between reward step: #	9367.811689138412
2023-07-13 10:54:55.667391 - Average Score: 42.00 Elapsed time: 2:36:08.984091
2023-07-13 10:54:57.435349 - Time between reward step: #	9369.579647064209
2023-07-13 10:54:57.435349 - Average Score: 43.00 Elapsed time: 2:36:10.752378
2023-07-13 10:54:57.435349 - Epoc #	7110	 15.515240907669067
2023-07-13 10:54:59.055183 - Time between reward step: #	9371.199481010437
2023-07-13 10:54:59.056184 - Average Score: 44.00 Elapsed time: 2:36:12.372228
2023-07-13 10:55:11.796880 - Epoc #	7120	 14.361531019210815
2023-07-13 10:55:26.010330 - Epoc #	7130	 14.213449954986572
2023-07-13 10:55:40.525154 - Epoc #	7140	 14.514824151992798
2023-07-13 10:55:55.912127 - Epoc #	7150	 15.386972904205322
2023-07-13 10:56:10.340820 - Epoc #	7160	 14.428693056106567
2023-07-13 10:56:26.005869 - Epoc #	7170	 15.665048837661743
2023-07-13 10:56:42.488070 - Epoc #	7180	 16.482201099395752
2023-07-13 10:56:57.097992 - Epoc #	7190	 14.609921932220459
2023-07-13 10:57:12.477167 - Epoc #	7200	 15.379174947738647
2023-07-13 10:57:27.858801 - Epoc #	7210	 15.381633996963501
2023-07-13 10:57:42.907192 - Epoc #	7220	 15.048391103744507
2023-07-13 10:57:57.937100 - Epoc #	7230	 15.029907941818237
2023-07-13 10:58:13.485770 - Epoc #	7240	 15.548670053482056
2023-07-13 10:58:29.051862 - Epoc #	7250	 15.566092014312744
2023-07-13 10:58:44.465900 - Epoc #	7260	 15.414037942886353
2023-07-13 10:59:00.140937 - Epoc #	7270	 15.675037145614624
2023-07-13 10:59:16.561217 - Epoc #	7280	 16.42027997970581
2023-07-13 10:59:31.727601 - Epoc #	7290	 15.166383981704712
2023-07-13 10:59:46.858975 - Epoc #	7300	 15.131373882293701
2023-07-13 11:00:02.621461 - Epoc #	7310	 15.762485980987549
2023-07-13 11:00:18.517006 - Epoc #	7320	 15.89554500579834
2023-07-13 11:00:33.439964 - Epoc #	7330	 14.922958135604858
2023-07-13 11:00:49.065600 - Epoc #	7340	 15.625635862350464
2023-07-13 11:01:06.859827 - Epoc #	7350	 17.794227123260498
2023-07-13 11:01:22.405207 - Epoc #	7360	 15.545379877090454
2023-07-13 11:01:38.093007 - Epoc #	7370	 15.687800168991089
2023-07-13 11:01:53.630547 - Epoc #	7380	 15.537539958953857
2023-07-13 11:02:08.971809 - Epoc #	7390	 15.341261863708496
2023-07-13 11:02:24.158675 - Epoc #	7400	 15.186866044998169
2023-07-13 11:02:39.281798 - Epoc #	7410	 15.123122930526733
2023-07-13 11:02:53.988685 - Epoc #	7420	 14.706887006759644
2023-07-13 11:03:08.712852 - Epoc #	7430	 14.724167108535767
2023-07-13 11:03:24.477029 - Epoc #	7440	 15.764177083969116
2023-07-13 11:03:41.890882 - Epoc #	7450	 17.41385293006897
2023-07-13 11:03:57.592683 - Epoc #	7460	 15.701801061630249
2023-07-13 11:04:14.282885 - Epoc #	7470	 16.690201997756958
2023-07-13 11:04:30.816482 - Epoc #	7480	 16.533596992492676
2023-07-13 11:04:46.406595 - Epoc #	7490	 15.590112924575806
2023-07-13 11:05:05.381233 - Epoc #	7500	 18.974637985229492
2023-07-13 11:05:20.876162 - Epoc #	7510	 15.494929075241089
2023-07-13 11:05:36.527432 - Epoc #	7520	 15.651269912719727
2023-07-13 11:05:52.450506 - Epoc #	7530	 15.923074007034302
2023-07-13 11:06:08.523170 - Epoc #	7540	 16.07266402244568
2023-07-13 11:06:23.811026 - Epoc #	7550	 15.287856101989746
2023-07-13 11:06:38.796406 - Epoc #	7560	 14.985379934310913
2023-07-13 11:06:53.470149 - Epoc #	7570	 14.67374300956726
2023-07-13 11:07:07.037590 - Epoc #	7580	 13.5674409866333
2023-07-13 11:07:20.996352 - Epoc #	7590	 13.958761930465698
2023-07-13 11:07:35.804212 - Epoc #	7600	 14.807860136032104
2023-07-13 11:07:49.859236 - Epoc #	7610	 14.055023908615112
2023-07-13 11:08:04.356425 - Epoc #	7620	 14.497189044952393
2023-07-13 11:08:18.016005 - Epoc #	7630	 13.659579992294312
2023-07-13 11:08:33.526499 - Epoc #	7640	 15.510493993759155
2023-07-13 11:08:47.430345 - Epoc #	7650	 13.903846025466919
2023-07-13 11:09:01.892420 - Epoc #	7660	 14.462074995040894
2023-07-13 11:09:16.834028 - Epoc #	7670	 14.94160795211792
2023-07-13 11:09:31.303339 - Epoc #	7680	 14.469310998916626
2023-07-13 11:09:44.998838 - Epoc #	7690	 13.695498943328857
2023-07-13 11:10:01.654287 - Epoc #	7700	 16.655449151992798
2023-07-13 11:10:17.174212 - Epoc #	7710	 15.519924879074097
2023-07-13 11:10:32.650138 - Epoc #	7720	 15.475925922393799
2023-07-13 11:10:47.492600 - Epoc #	7730	 14.842462062835693
2023-07-13 11:11:02.713071 - Epoc #	7740	 15.220471143722534
2023-07-13 11:11:18.302408 - Epoc #	7750	 15.58933687210083
2023-07-13 11:11:34.724724 - Epoc #	7760	 16.422316074371338
2023-07-13 11:11:50.770268 - Epoc #	7770	 16.045543909072876
2023-07-13 11:12:06.666717 - Epoc #	7780	 15.896449089050293
2023-07-13 11:12:22.921541 - Epoc #	7790	 16.254823923110962
2023-07-13 11:12:37.528238 - Epoc #	7800	 14.606697082519531
2023-07-13 11:12:51.960062 - Epoc #	7810	 14.431823968887329
2023-07-13 11:13:09.289039 - Epoc #	7820	 17.32897686958313
2023-07-13 11:13:25.609668 - Epoc #	7830	 16.320629119873047
2023-07-13 11:13:41.299878 - Epoc #	7840	 15.690209865570068
2023-07-13 11:13:55.779434 - Epoc #	7850	 14.4795560836792
2023-07-13 11:14:10.593449 - Epoc #	7860	 14.81401515007019
2023-07-13 11:14:25.378632 - Epoc #	7870	 14.78518295288086
2023-07-13 11:14:40.068522 - Epoc #	7880	 14.689889907836914
2023-07-13 11:14:57.244056 - Epoc #	7890	 17.17553400993347
2023-07-13 11:15:12.677216 - Epoc #	7900	 15.433160066604614
2023-07-13 11:15:28.096661 - Epoc #	7910	 15.419445037841797
2023-07-13 11:15:44.469562 - Epoc #	7920	 16.37290096282959
2023-07-13 11:15:59.828066 - Epoc #	7930	 15.358504056930542
2023-07-13 11:16:15.517789 - Epoc #	7940	 15.689722776412964
2023-07-13 11:16:31.485408 - Epoc #	7950	 15.967619180679321
2023-07-13 11:16:47.412631 - Epoc #	7960	 15.927222967147827
2023-07-13 11:17:03.251239 - Epoc #	7970	 15.838608026504517
2023-07-13 11:17:19.925041 - Epoc #	7980	 16.6738018989563
2023-07-13 11:17:35.283807 - Epoc #	7990	 15.358766078948975
2023-07-13 11:17:50.945173 - Epoc #	8000	 15.661365985870361
2023-07-13 11:18:06.326879 - Epoc #	8010	 15.38170599937439
2023-07-13 11:18:21.957520 - Epoc #	8020	 15.630640983581543
2023-07-13 11:18:37.986786 - Epoc #	8030	 16.029265880584717
2023-07-13 11:18:52.164304 - Epoc #	8040	 14.177518129348755
2023-07-13 11:19:06.851276 - Epoc #	8050	 14.68697190284729
2023-07-13 11:19:22.326750 - Epoc #	8060	 15.475474119186401
2023-07-13 11:19:37.876536 - Epoc #	8070	 15.549785852432251
2023-07-13 11:19:52.743766 - Epoc #	8080	 14.86723017692566
2023-07-13 11:20:08.840638 - Epoc #	8090	 16.096871852874756
2023-07-13 11:20:24.805234 - Epoc #	8100	 15.964596033096313
2023-07-13 11:20:39.698457 - Epoc #	8110	 14.89322304725647
2023-07-13 11:20:54.595861 - Epoc #	8120	 14.897403955459595
2023-07-13 11:21:09.332789 - Epoc #	8130	 14.73692798614502
2023-07-13 11:21:23.788856 - Epoc #	8140	 14.456067085266113
2023-07-13 11:21:37.292798 - Epoc #	8150	 13.503942012786865
2023-07-13 11:21:53.362631 - Epoc #	8160	 16.069833040237427
2023-07-13 11:22:09.509585 - Epoc #	8170	 16.14695382118225
2023-07-13 11:22:26.447654 - Epoc #	8180	 16.938069105148315
2023-07-13 11:22:41.742195 - Epoc #	8190	 15.294540882110596
2023-07-13 11:22:58.033432 - Epoc #	8200	 16.291237115859985
2023-07-13 11:23:13.053925 - Epoc #	8210	 15.020493030548096
2023-07-13 11:23:27.106901 - Epoc #	8220	 14.05297589302063
2023-07-13 11:23:41.146001 - Epoc #	8230	 14.039100170135498
2023-07-13 11:23:56.104956 - Epoc #	8240	 14.958954811096191
2023-07-13 11:24:11.294861 - Epoc #	8250	 15.189905166625977
2023-07-13 11:24:27.385563 - Epoc #	8260	 16.090701818466187
2023-07-13 11:24:41.694874 - Epoc #	8270	 14.309311151504517
2023-07-13 11:24:57.728694 - Epoc #	8280	 16.033819913864136
2023-07-13 11:25:13.625977 - Epoc #	8290	 15.89728307723999
2023-07-13 11:25:28.347071 - Epoc #	8300	 14.721093893051147
2023-07-13 11:25:41.324405 - Epoc #	8310	 12.977334022521973
2023-07-13 11:25:55.835616 - Epoc #	8320	 14.511211156845093
2023-07-13 11:26:12.023418 - Epoc #	8330	 16.187801837921143
2023-07-13 11:26:25.528767 - Epoc #	8340	 13.505349159240723
2023-07-13 11:26:40.712541 - Epoc #	8350	 15.1837739944458
2023-07-13 11:26:56.271231 - Epoc #	8360	 15.558689832687378
2023-07-13 11:27:10.343012 - Epoc #	8370	 14.071781158447266
2023-07-13 11:27:25.315100 - Epoc #	8380	 14.972087860107422
2023-07-13 11:27:39.813803 - Epoc #	8390	 14.498703002929688
2023-07-13 11:27:53.815173 - Epoc #	8400	 14.001369953155518
2023-07-13 11:28:09.249955 - Epoc #	8410	 15.434782028198242
2023-07-13 11:28:23.486836 - Epoc #	8420	 14.236881017684937
2023-07-13 11:28:37.691508 - Epoc #	8430	 14.20467209815979
2023-07-13 11:28:52.777498 - Epoc #	8440	 15.085989952087402
2023-07-13 11:29:08.529840 - Epoc #	8450	 15.752341985702515
2023-07-13 11:29:22.986809 - Epoc #	8460	 14.456969022750854
2023-07-13 11:29:37.228341 - Epoc #	8470	 14.24153208732605
2023-07-13 11:29:52.871715 - Epoc #	8480	 15.643373966217041
2023-07-13 11:30:07.992239 - Epoc #	8490	 15.120523929595947
2023-07-13 11:30:23.040923 - Epoc #	8500	 15.048684120178223
2023-07-13 11:30:38.600953 - Epoc #	8510	 15.560029983520508
2023-07-13 11:30:52.423228 - Epoc #	8520	 13.822274923324585
2023-07-13 11:31:07.988192 - Epoc #	8530	 15.564964056015015
2023-07-13 11:31:24.613950 - Epoc #	8540	 16.625757932662964
2023-07-13 11:31:40.989938 - Epoc #	8550	 16.375988006591797
2023-07-13 11:31:57.259898 - Epoc #	8560	 16.269959926605225
2023-07-13 11:32:12.413948 - Epoc #	8570	 15.15405011177063
2023-07-13 11:32:29.053596 - Epoc #	8580	 16.639647960662842
2023-07-13 11:32:42.864489 - Epoc #	8590	 13.810893058776855
2023-07-13 11:32:58.282998 - Epoc #	8600	 15.418509006500244
2023-07-13 11:33:13.806254 - Epoc #	8610	 15.523255825042725
2023-07-13 11:33:29.003470 - Epoc #	8620	 15.197216033935547
2023-07-13 11:33:43.849328 - Epoc #	8630	 14.845858097076416
2023-07-13 11:33:59.934770 - Epoc #	8640	 16.085442066192627
2023-07-13 11:34:13.160602 - Epoc #	8650	 13.225831985473633
2023-07-13 11:34:26.469086 - Epoc #	8660	 13.308483839035034
2023-07-13 11:34:39.726879 - Epoc #	8670	 13.257792949676514
2023-07-13 11:34:55.431057 - Epoc #	8680	 15.704178094863892
2023-07-13 11:35:11.436125 - Epoc #	8690	 16.005068063735962
2023-07-13 11:35:25.754180 - Epoc #	8700	 14.318054914474487
2023-07-13 11:35:40.159648 - Epoc #	8710	 14.405467987060547
2023-07-13 11:35:54.560885 - Epoc #	8720	 14.40123701095581
2023-07-13 11:36:09.877116 - Epoc #	8730	 15.31623101234436
2023-07-13 11:36:25.095459 - Epoc #	8740	 15.218343019485474
2023-07-13 11:36:39.671781 - Epoc #	8750	 14.576322078704834
2023-07-13 11:36:55.885475 - Epoc #	8760	 16.213693857192993
2023-07-13 11:37:10.547686 - Epoc #	8770	 14.662211179733276
2023-07-13 11:37:25.110841 - Epoc #	8780	 14.563154935836792
2023-07-13 11:37:38.853397 - Epoc #	8790	 13.742555856704712
2023-07-13 11:37:53.531809 - Epoc #	8800	 14.678412199020386
2023-07-13 11:38:08.655887 - Epoc #	8810	 15.124077796936035
2023-07-13 11:38:24.067141 - Epoc #	8820	 15.411254167556763
2023-07-13 11:38:37.057700 - Epoc #	8830	 12.990558862686157
2023-07-13 11:38:52.804287 - Epoc #	8840	 15.746587038040161
2023-07-13 11:39:06.756187 - Epoc #	8850	 13.951900005340576
2023-07-13 11:39:21.053515 - Epoc #	8860	 14.297327995300293
2023-07-13 11:39:35.140132 - Epoc #	8870	 14.08661699295044
2023-07-13 11:39:49.581936 - Epoc #	8880	 14.441803932189941
2023-07-13 11:40:04.416998 - Epoc #	8890	 14.835062026977539
2023-07-13 11:40:19.284404 - Epoc #	8900	 14.867406129837036
2023-07-13 11:40:35.659889 - Epoc #	8910	 16.375484943389893
2023-07-13 11:40:51.351187 - Epoc #	8920	 15.691298007965088
2023-07-13 11:41:07.573447 - Epoc #	8930	 16.222259998321533
2023-07-13 11:41:23.213257 - Epoc #	8940	 15.63981008529663
2023-07-13 11:41:38.706931 - Epoc #	8950	 15.493674039840698
2023-07-13 11:41:54.779817 - Epoc #	8960	 16.072885990142822
2023-07-13 11:42:11.114778 - Epoc #	8970	 16.3349609375
2023-07-13 11:42:24.024495 - Epoc #	8980	 12.909716844558716
2023-07-13 11:42:38.296173 - Epoc #	8990	 14.27167820930481
2023-07-13 11:42:53.107197 - Epoc #	9000	 14.811023950576782
2023-07-13 11:43:08.011968 - Epoc #	9010	 14.904770851135254
2023-07-13 11:43:23.852169 - Epoc #	9020	 15.840201139450073
2023-07-13 11:43:39.143647 - Epoc #	9030	 15.291477918624878
2023-07-13 11:43:54.061579 - Epoc #	9040	 14.917932033538818
2023-07-13 11:44:09.140376 - Epoc #	9050	 15.078797101974487
2023-07-13 11:44:24.246057 - Epoc #	9060	 15.1056809425354
2023-07-13 11:44:27.482065 - Time between reward step: #	12339.626363039017
2023-07-13 11:44:27.482065 - Average Score: 45.00 Elapsed time: 3:25:40.809582
2023-07-13 11:44:39.990018 - Epoc #	9070	 15.743960857391357
2023-07-13 11:44:54.628130 - Epoc #	9080	 14.63811206817627
2023-07-13 11:45:07.346021 - Epoc #	9090	 12.717890977859497
2023-07-13 11:45:20.449263 - Time between reward step: #	12392.593561172485
2023-07-13 11:45:20.449263 - Average Score: 46.00 Elapsed time: 3:26:33.771298
2023-07-13 11:45:22.120902 - Epoc #	9100	 14.77488112449646
2023-07-13 11:45:23.548620 - Time between reward step: #	12395.69291806221
2023-07-13 11:45:23.548620 - Average Score: 47.00 Elapsed time: 3:26:36.865003
2023-07-13 11:45:29.600888 - Time between reward step: #	12401.74518609047
2023-07-13 11:45:29.600888 - Average Score: 48.00 Elapsed time: 3:26:42.917228
2023-07-13 11:45:32.834708 - Time between reward step: #	12404.979006052017
2023-07-13 11:45:32.835709 - Average Score: 49.00 Elapsed time: 3:26:46.151758
2023-07-13 11:45:35.823614 - Time between reward step: #	12407.967911958694
2023-07-13 11:45:35.823614 - Average Score: 50.00 Elapsed time: 3:26:49.151119
2023-07-13 11:45:37.556644 - Time between reward step: #	12409.70094203949
2023-07-13 11:45:37.556644 - Average Score: 51.00 Elapsed time: 3:26:50.873034
2023-07-13 11:45:37.556644 - Epoc #	9110	 15.435741901397705
2023-07-13 11:45:52.353477 - Epoc #	9120	 14.796833038330078
2023-07-13 11:46:08.162171 - Epoc #	9130	 15.808693885803223
2023-07-13 11:46:23.483358 - Epoc #	9140	 15.321187019348145
2023-07-13 11:46:38.283435 - Epoc #	9150	 14.800077199935913
2023-07-13 11:46:54.453260 - Epoc #	9160	 16.169824838638306
2023-07-13 11:47:09.001359 - Epoc #	9170	 14.548099040985107
2023-07-13 11:47:22.166452 - Epoc #	9180	 13.165092945098877
2023-07-13 11:47:36.947619 - Epoc #	9190	 14.781167030334473
2023-07-13 11:47:52.637031 - Epoc #	9200	 15.689412117004395
2023-07-13 11:48:08.387366 - Epoc #	9210	 15.750334978103638
2023-07-13 11:48:23.465078 - Epoc #	9220	 15.077712059020996
2023-07-13 11:48:39.039484 - Epoc #	9230	 15.574405908584595
2023-07-13 11:48:54.604894 - Epoc #	9240	 15.565409898757935
2023-07-13 11:49:10.247531 - Epoc #	9250	 15.642637014389038
2023-07-13 11:49:25.777765 - Epoc #	9260	 15.530234098434448
2023-07-13 11:49:41.324115 - Epoc #	9270	 15.546350002288818
2023-07-13 11:49:56.371736 - Epoc #	9280	 15.047621011734009
2023-07-13 11:50:12.561237 - Epoc #	9290	 16.1895010471344
2023-07-13 11:50:28.051120 - Epoc #	9300	 15.489882946014404
2023-07-13 11:50:43.682017 - Epoc #	9310	 15.630897045135498
2023-07-13 11:50:55.080736 - Time between reward step: #	12727.22503399849
2023-07-13 11:50:55.080736 - Average Score: 52.00 Elapsed time: 3:32:08.397683
2023-07-13 11:50:59.618906 - Epoc #	9320	 15.936888933181763
2023-07-13 11:51:14.530232 - Epoc #	9330	 14.911325931549072
2023-07-13 11:51:29.246356 - Epoc #	9340	 14.716124057769775
2023-07-13 11:51:44.761591 - Epoc #	9350	 15.51523494720459
2023-07-13 11:52:00.582923 - Epoc #	9360	 15.821331977844238
2023-07-13 11:52:16.668185 - Epoc #	9370	 16.085262060165405
2023-07-13 11:52:32.453513 - Epoc #	9380	 15.785327911376953
2023-07-13 11:52:48.001990 - Epoc #	9390	 15.548477172851562
2023-07-13 11:53:03.575143 - Epoc #	9400	 15.573153018951416
2023-07-13 11:53:19.157003 - Epoc #	9410	 15.581859827041626
2023-07-13 11:53:34.925453 - Epoc #	9420	 15.768450021743774
2023-07-13 11:53:50.146025 - Epoc #	9430	 15.220571994781494
2023-07-13 11:54:05.716406 - Epoc #	9440	 15.570381164550781
2023-07-13 11:54:21.537634 - Epoc #	9450	 15.821227788925171
2023-07-13 11:54:37.324784 - Epoc #	9460	 15.787150144577026
2023-07-13 11:54:52.457841 - Epoc #	9470	 15.133056879043579
2023-07-13 11:55:07.554360 - Epoc #	9480	 15.096518993377686
2023-07-13 11:55:23.158802 - Epoc #	9490	 15.604442119598389
2023-07-13 11:55:38.326457 - Epoc #	9500	 15.167654991149902
2023-07-13 11:55:54.100019 - Epoc #	9510	 15.773561954498291
2023-07-13 11:56:08.758615 - Epoc #	9520	 14.65859603881836
2023-07-13 11:56:23.908783 - Epoc #	9530	 15.15016794204712
2023-07-13 11:56:39.306794 - Epoc #	9540	 15.398010969161987
2023-07-13 11:56:55.358866 - Epoc #	9550	 16.052072048187256
2023-07-13 11:57:10.792747 - Epoc #	9560	 15.433881044387817
2023-07-13 11:57:26.513772 - Epoc #	9570	 15.721024990081787
2023-07-13 11:57:42.194105 - Epoc #	9580	 15.680332899093628
2023-07-13 11:57:57.955680 - Epoc #	9590	 15.761574983596802
2023-07-13 11:58:13.379105 - Epoc #	9600	 15.423425197601318
2023-07-13 11:58:27.889825 - Epoc #	9610	 14.510720014572144
2023-07-13 11:58:43.062532 - Epoc #	9620	 15.172706842422485
2023-07-13 11:58:58.178502 - Epoc #	9630	 15.115970134735107
2023-07-13 11:59:13.734141 - Epoc #	9640	 15.555639028549194
2023-07-13 11:59:29.136447 - Epoc #	9650	 15.402305841445923
2023-07-13 11:59:45.135554 - Epoc #	9660	 15.999107122421265
2023-07-13 12:00:00.058655 - Epoc #	9670	 14.92310094833374
2023-07-13 12:00:14.935889 - Epoc #	9680	 14.877233982086182
2023-07-13 12:00:29.194113 - Epoc #	9690	 14.25822401046753
2023-07-13 12:00:43.999240 - Epoc #	9700	 14.805126905441284
2023-07-13 12:00:59.657114 - Epoc #	9710	 15.65787410736084
2023-07-13 12:01:14.639789 - Epoc #	9720	 14.982675075531006
2023-07-13 12:01:28.629227 - Epoc #	9730	 13.989437818527222
2023-07-13 12:01:41.779147 - Epoc #	9740	 13.149919986724854
2023-07-13 12:01:56.009396 - Epoc #	9750	 14.230249166488647
2023-07-13 12:02:11.072155 - Epoc #	9760	 15.062758922576904
2023-07-13 12:02:26.253993 - Epoc #	9770	 15.181838035583496
2023-07-13 12:02:41.575600 - Epoc #	9780	 15.321606874465942
2023-07-13 12:02:57.230520 - Epoc #	9790	 15.654920101165771
2023-07-13 12:03:12.515203 - Epoc #	9800	 15.284682989120483
2023-07-13 12:03:27.694588 - Epoc #	9810	 15.17938494682312
2023-07-13 12:03:42.155660 - Epoc #	9820	 14.461071968078613
2023-07-13 12:03:57.946223 - Epoc #	9830	 15.790563106536865
2023-07-13 12:04:11.767842 - Epoc #	9840	 13.821619033813477
2023-07-13 12:04:25.438692 - Epoc #	9850	 13.670850038528442
2023-07-13 12:04:39.043787 - Epoc #	9860	 13.605094909667969
2023-07-13 12:04:53.989131 - Epoc #	9870	 14.945343971252441
2023-07-13 12:05:08.918464 - Epoc #	9880	 14.929332971572876
2023-07-13 12:05:23.786226 - Epoc #	9890	 14.867762088775635
2023-07-13 12:05:38.259386 - Epoc #	9900	 14.473160028457642
2023-07-13 12:05:53.371254 - Epoc #	9910	 15.111867904663086
2023-07-13 12:06:08.636433 - Epoc #	9920	 15.265178918838501
2023-07-13 12:06:24.066170 - Epoc #	9930	 15.429737091064453
2023-07-13 12:06:37.834905 - Epoc #	9940	 13.7687349319458
2023-07-13 12:06:51.386994 - Epoc #	9950	 13.552088975906372
2023-07-13 12:07:05.711134 - Epoc #	9960	 14.324140071868896
2023-07-13 12:07:21.298296 - Epoc #	9970	 15.587162017822266
2023-07-13 12:07:35.522599 - Epoc #	9980	 14.224303007125854
2023-07-13 12:07:51.203821 - Epoc #	9990	 15.681221961975098
2023-07-13 12:08:05.904658 - Epoc #	10000	 14.700837135314941
2023-07-13 12:08:20.271912 - Epoc #	10010	 14.36725401878357
2023-07-13 12:08:35.252242 - Epoc #	10020	 14.980329990386963
2023-07-13 12:08:51.423388 - Epoc #	10030	 16.171145915985107
2023-07-13 12:09:05.548901 - Epoc #	10040	 14.125513076782227
2023-07-13 12:09:20.731756 - Epoc #	10050	 15.182854890823364
2023-07-13 12:09:33.988374 - Time between reward step: #	13846.132672071457
2023-07-13 12:09:33.989375 - Average Score: 53.00 Elapsed time: 3:50:47.305453
2023-07-13 12:09:35.589810 - Epoc #	10060	 14.858053922653198
2023-07-13 12:09:49.337683 - Time between reward step: #	13861.481981039047
2023-07-13 12:09:49.337683 - Average Score: 54.00 Elapsed time: 3:51:02.654387
2023-07-13 12:09:50.874232 - Epoc #	10070	 15.284422159194946
2023-07-13 12:09:55.838184 - Time between reward step: #	13867.9824821949
2023-07-13 12:09:55.838184 - Average Score: 55.00 Elapsed time: 3:51:09.158234
2023-07-13 12:09:58.799174 - Time between reward step: #	13870.943472146988
2023-07-13 12:09:58.799174 - Average Score: 56.00 Elapsed time: 3:51:12.126003
2023-07-13 12:10:00.604816 - Time between reward step: #	13872.74911403656
2023-07-13 12:10:00.604816 - Average Score: 57.00 Elapsed time: 3:51:13.921127
2023-07-13 12:10:02.266166 - Time between reward step: #	13874.410464048386
2023-07-13 12:10:02.266166 - Average Score: 58.00 Elapsed time: 3:51:15.582934
2023-07-13 12:10:06.859572 - Time between reward step: #	13879.003870010376
2023-07-13 12:10:06.859572 - Average Score: 59.00 Elapsed time: 3:51:20.176601
2023-07-13 12:10:06.859572 - Epoc #	10080	 15.985339879989624
2023-07-13 12:10:11.451669 - Time between reward step: #	13883.595967054367
2023-07-13 12:10:11.451669 - Average Score: 60.00 Elapsed time: 3:51:24.774844
2023-07-13 12:10:22.618513 - Time between reward step: #	13894.76281118393
2023-07-13 12:10:22.618513 - Average Score: 61.00 Elapsed time: 3:51:35.937187
2023-07-13 12:10:22.618513 - Epoc #	10090	 15.758941173553467
2023-07-13 12:10:24.270714 - Time between reward step: #	13896.4150121212
2023-07-13 12:10:24.270714 - Average Score: 62.00 Elapsed time: 3:51:37.586989
2023-07-13 12:10:31.032391 - Time between reward step: #	13903.17668914795
2023-07-13 12:10:31.032391 - Average Score: 63.00 Elapsed time: 3:51:44.349131
2023-07-13 12:10:35.248719 - Time between reward step: #	13907.393017053604
2023-07-13 12:10:35.248719 - Average Score: 64.00 Elapsed time: 3:51:48.578818
2023-07-13 12:10:38.404083 - Epoc #	10100	 15.785569906234741
2023-07-13 12:10:53.645893 - Epoc #	10110	 15.241810083389282
2023-07-13 12:11:08.352943 - Epoc #	10120	 14.70704984664917
2023-07-13 12:11:23.784289 - Epoc #	10130	 15.43134593963623
2023-07-13 12:11:36.126772 - Time between reward step: #	13968.27107000351
2023-07-13 12:11:36.126772 - Average Score: 65.00 Elapsed time: 3:52:49.448161
2023-07-13 12:11:39.603087 - Epoc #	10140	 15.818798065185547
2023-07-13 12:11:54.540409 - Epoc #	10150	 14.93732213973999
2023-07-13 12:12:09.870891 - Epoc #	10160	 15.330482006072998
2023-07-13 12:12:24.198913 - Epoc #	10170	 14.328022003173828
2023-07-13 12:12:38.954255 - Epoc #	10180	 14.75534200668335
2023-07-13 12:12:53.962306 - Epoc #	10190	 15.008050918579102
2023-07-13 12:13:08.920679 - Epoc #	10200	 14.958373069763184
2023-07-13 12:13:24.204795 - Epoc #	10210	 15.2841157913208
2023-07-13 12:13:38.483047 - Epoc #	10220	 14.278252124786377
2023-07-13 12:13:52.631428 - Epoc #	10230	 14.148380994796753
2023-07-13 12:14:07.188850 - Epoc #	10240	 14.557421922683716
2023-07-13 12:14:22.404137 - Epoc #	10250	 15.21528697013855
2023-07-13 12:14:36.796558 - Epoc #	10260	 14.392421007156372
2023-07-13 12:14:51.600872 - Epoc #	10270	 14.804314136505127
2023-07-13 12:15:05.005283 - Epoc #	10280	 13.40441107749939
2023-07-13 12:15:20.191178 - Epoc #	10290	 15.185894966125488
2023-07-13 12:15:36.257131 - Epoc #	10300	 16.065953016281128
2023-07-13 12:15:51.307800 - Epoc #	10310	 15.050668954849243
2023-07-13 12:16:06.081827 - Epoc #	10320	 14.774026870727539
2023-07-13 12:16:21.138347 - Epoc #	10330	 15.056519985198975
2023-07-13 12:16:37.354471 - Epoc #	10340	 16.216124057769775
2023-07-13 12:16:51.966107 - Epoc #	10350	 14.61163592338562
2023-07-13 12:17:07.722708 - Epoc #	10360	 15.756601095199585
2023-07-13 12:17:22.156960 - Epoc #	10370	 14.4342520236969
2023-07-13 12:17:37.342796 - Epoc #	10380	 15.18583607673645
2023-07-13 12:17:52.206809 - Epoc #	10390	 14.864012956619263
2023-07-13 12:18:07.056062 - Epoc #	10400	 14.849252939224243
2023-07-13 12:18:22.197296 - Epoc #	10410	 15.141233921051025
2023-07-13 12:18:37.975390 - Epoc #	10420	 15.778094053268433
2023-07-13 12:18:52.203086 - Epoc #	10430	 14.227695941925049
2023-07-13 12:19:07.273313 - Epoc #	10440	 15.070227146148682
2023-07-13 12:19:22.338331 - Epoc #	10450	 15.065017938613892
2023-07-13 12:19:36.966829 - Epoc #	10460	 14.628498077392578
2023-07-13 12:19:54.176147 - Epoc #	10470	 17.209317922592163
2023-07-13 12:20:10.186637 - Epoc #	10480	 16.01048994064331
2023-07-13 12:20:25.276710 - Epoc #	10490	 15.090073108673096
2023-07-13 12:20:41.589834 - Epoc #	10500	 16.31312394142151
2023-07-13 12:20:55.412325 - Epoc #	10510	 13.822490930557251
2023-07-13 12:21:10.102706 - Epoc #	10520	 14.690381050109863
2023-07-13 12:21:25.256515 - Epoc #	10530	 15.153809070587158
2023-07-13 12:21:39.550821 - Epoc #	10540	 14.29430603981018
2023-07-13 12:21:55.603539 - Epoc #	10550	 16.052717924118042
2023-07-13 12:22:10.243442 - Epoc #	10560	 14.63990306854248
2023-07-13 12:22:25.179703 - Epoc #	10570	 14.93626093864441
2023-07-13 12:22:39.587970 - Epoc #	10580	 14.4082670211792
2023-07-13 12:22:54.826357 - Epoc #	10590	 15.238386869430542
2023-07-13 12:23:09.204830 - Epoc #	10600	 14.378473043441772
2023-07-13 12:23:24.111811 - Epoc #	10610	 14.906980991363525
2023-07-13 12:23:39.420186 - Epoc #	10620	 15.308375120162964
2023-07-13 12:23:54.364519 - Epoc #	10630	 14.944332838058472
2023-07-13 12:24:10.690248 - Epoc #	10640	 16.32572913169861
2023-07-13 12:24:25.612072 - Epoc #	10650	 14.921823978424072
2023-07-13 12:24:39.892005 - Epoc #	10660	 14.279932975769043
2023-07-13 12:24:55.688523 - Epoc #	10670	 15.796518087387085
2023-07-13 12:25:10.849618 - Epoc #	10680	 15.161094903945923
2023-07-13 12:25:26.256372 - Epoc #	10690	 15.40675401687622
2023-07-13 12:25:41.125471 - Epoc #	10700	 14.869099140167236
2023-07-13 12:25:55.004347 - Epoc #	10710	 13.878875970840454
2023-07-13 12:26:10.573351 - Epoc #	10720	 15.569003820419312
2023-07-13 12:26:24.867665 - Epoc #	10730	 14.29431414604187
2023-07-13 12:26:39.358232 - Epoc #	10740	 14.490566968917847
2023-07-13 12:26:53.506051 - Epoc #	10750	 14.14781904220581
2023-07-13 12:27:09.002342 - Epoc #	10760	 15.496290922164917
2023-07-13 12:27:24.706511 - Epoc #	10770	 15.704169034957886
2023-07-13 12:27:40.956545 - Epoc #	10780	 16.25003409385681
2023-07-13 12:27:56.289602 - Epoc #	10790	 15.333056926727295
2023-07-13 12:28:10.191208 - Epoc #	10800	 13.90160584449768
2023-07-13 12:28:24.610242 - Epoc #	10810	 14.419034004211426
2023-07-13 12:28:39.829166 - Time between reward step: #	14991.973464012146
2023-07-13 12:28:39.829166 - Average Score: 66.00 Elapsed time: 4:09:53.153569
2023-07-13 12:28:39.829166 - Epoc #	10820	 15.218924045562744
2023-07-13 12:28:55.423863 - Epoc #	10830	 15.594696998596191
2023-07-13 12:29:11.091342 - Epoc #	10840	 15.667479038238525
2023-07-13 12:29:26.691628 - Epoc #	10850	 15.60028600692749
2023-07-13 12:29:42.101827 - Epoc #	10860	 15.41019892692566
2023-07-13 12:29:46.152072 - Time between reward step: #	15058.29637002945
2023-07-13 12:29:46.152072 - Average Score: 67.00 Elapsed time: 4:10:59.469427
2023-07-13 12:29:47.407763 - Time between reward step: #	15059.552061080933
2023-07-13 12:29:47.407763 - Average Score: 68.00 Elapsed time: 4:11:00.724536
2023-07-13 12:29:56.659070 - Epoc #	10870	 14.55724310874939
2023-07-13 12:30:11.978794 - Epoc #	10880	 15.319724082946777
2023-07-13 12:30:27.447180 - Epoc #	10890	 15.468385934829712
2023-07-13 12:30:42.771420 - Epoc #	10900	 15.32423996925354
2023-07-13 12:30:57.327316 - Epoc #	10910	 14.555896043777466
2023-07-13 12:31:12.789973 - Epoc #	10920	 15.46265697479248
2023-07-13 12:31:27.894128 - Epoc #	10930	 15.10415506362915
2023-07-13 12:31:43.128720 - Epoc #	10940	 15.234591960906982
2023-07-13 12:31:57.544082 - Epoc #	10950	 14.415361881256104
2023-07-13 12:32:11.633430 - Epoc #	10960	 14.089348077774048
2023-07-13 12:32:27.524954 - Epoc #	10970	 15.891524076461792
2023-07-13 12:32:42.929983 - Epoc #	10980	 15.405028820037842
2023-07-13 12:32:58.316057 - Epoc #	10990	 15.38607406616211
2023-07-13 12:33:13.297561 - Epoc #	11000	 14.981503963470459
2023-07-13 12:33:27.337383 - Epoc #	11010	 14.039822101593018
2023-07-13 12:33:43.246884 - Epoc #	11020	 15.909501075744629
2023-07-13 12:33:58.363459 - Epoc #	11030	 15.116575002670288
2023-07-13 12:34:12.354190 - Epoc #	11040	 13.990731000900269
2023-07-13 12:34:27.530303 - Epoc #	11050	 15.17611289024353
2023-07-13 12:34:42.824142 - Epoc #	11060	 15.29383897781372
2023-07-13 12:34:59.090604 - Epoc #	11070	 16.266462087631226
2023-07-13 12:35:14.375425 - Epoc #	11080	 15.284821033477783
2023-07-13 12:35:29.232841 - Epoc #	11090	 14.857415914535522
2023-07-13 12:35:43.421413 - Epoc #	11100	 14.18857192993164
2023-07-13 12:35:58.116167 - Epoc #	11110	 14.694754123687744
2023-07-13 12:36:13.442968 - Epoc #	11120	 15.32680082321167
2023-07-13 12:36:27.691809 - Epoc #	11130	 14.248841047286987
2023-07-13 12:36:42.865667 - Epoc #	11140	 15.173858165740967
2023-07-13 12:36:57.772899 - Epoc #	11150	 14.90723180770874
2023-07-13 12:37:13.450802 - Epoc #	11160	 15.677903175354004
2023-07-13 12:37:29.251046 - Epoc #	11170	 15.800243854522705
2023-07-13 12:37:45.210695 - Epoc #	11180	 15.959649085998535
2023-07-13 12:38:00.361305 - Epoc #	11190	 15.150609970092773
2023-07-13 12:38:16.470536 - Epoc #	11200	 16.109230995178223
2023-07-13 12:38:33.501220 - Epoc #	11210	 17.030683994293213
2023-07-13 12:38:49.458977 - Epoc #	11220	 15.957756996154785
2023-07-13 12:39:05.674464 - Epoc #	11230	 16.215487003326416
2023-07-13 12:39:20.138984 - Epoc #	11240	 14.46451997756958
2023-07-13 12:39:35.421223 - Epoc #	11250	 15.282238960266113
2023-07-13 12:39:49.469585 - Epoc #	11260	 14.048362016677856
2023-07-13 12:40:05.182399 - Epoc #	11270	 15.712814092636108
2023-07-13 12:40:19.761050 - Epoc #	11280	 14.578650951385498
2023-07-13 12:40:33.990727 - Epoc #	11290	 14.229676961898804
2023-07-13 12:40:47.967053 - Epoc #	11300	 13.976325988769531
2023-07-13 12:41:03.147903 - Epoc #	11310	 15.1808500289917
2023-07-13 12:41:17.463417 - Epoc #	11320	 14.314513921737671
2023-07-13 12:41:32.155913 - Epoc #	11330	 14.692496061325073
2023-07-13 12:41:46.476800 - Epoc #	11340	 14.320886850357056
2023-07-13 12:42:00.599864 - Epoc #	11350	 14.123064041137695
2023-07-13 12:42:15.762807 - Epoc #	11360	 15.162942886352539
2023-07-13 12:42:30.628647 - Epoc #	11370	 14.865840196609497
2023-07-13 12:42:46.028308 - Epoc #	11380	 15.39966082572937
2023-07-13 12:43:00.083632 - Epoc #	11390	 14.055324077606201
2023-07-13 12:43:14.268545 - Epoc #	11400	 14.184912919998169
2023-07-13 12:43:30.109801 - Epoc #	11410	 15.841256141662598
2023-07-13 12:43:45.427435 - Epoc #	11420	 15.317633867263794
2023-07-13 12:44:01.571227 - Epoc #	11430	 16.143792152404785
2023-07-13 12:44:17.740275 - Epoc #	11440	 16.169047832489014
2023-07-13 12:44:32.148045 - Epoc #	11450	 14.407770156860352
2023-07-13 12:44:47.187102 - Epoc #	11460	 15.03905701637268
2023-07-13 12:45:01.244150 - Epoc #	11470	 14.057047843933105
2023-07-13 12:45:16.229752 - Epoc #	11480	 14.985602140426636
2023-07-13 12:45:32.645769 - Epoc #	11490	 16.416016817092896
2023-07-13 12:45:49.403848 - Epoc #	11500	 16.758079051971436
2023-07-13 12:46:04.544599 - Epoc #	11510	 15.140751123428345
2023-07-13 12:46:21.163756 - Epoc #	11520	 16.61915683746338
2023-07-13 12:46:36.557938 - Epoc #	11530	 15.394182205200195
2023-07-13 12:46:50.608063 - Epoc #	11540	 14.050124883651733
2023-07-13 12:47:06.386176 - Epoc #	11550	 15.77811312675476
2023-07-13 12:47:21.745124 - Epoc #	11560	 15.358947992324829
2023-07-13 12:47:36.498176 - Epoc #	11570	 14.753051996231079
2023-07-13 12:47:51.190504 - Epoc #	11580	 14.692327976226807
2023-07-13 12:48:06.422983 - Epoc #	11590	 15.232478857040405
2023-07-13 12:48:21.431971 - Epoc #	11600	 15.00898814201355
2023-07-13 12:48:26.302012 - Time between reward step: #	16178.446310043335
2023-07-13 12:48:26.302012 - Average Score: 69.00 Elapsed time: 4:29:39.621062
2023-07-13 12:48:36.001890 - Epoc #	11610	 14.569918870925903
2023-07-13 12:48:51.125116 - Epoc #	11620	 15.123226165771484
2023-07-13 12:49:05.402539 - Epoc #	11630	 14.277422904968262
2023-07-13 12:49:19.965039 - Epoc #	11640	 14.5625
2023-07-13 12:49:33.641649 - Epoc #	11650	 13.676609992980957
2023-07-13 12:49:49.086304 - Epoc #	11660	 15.444654941558838
2023-07-13 12:50:05.052962 - Epoc #	11670	 15.966658115386963
2023-07-13 12:50:19.761615 - Epoc #	11680	 14.708652973175049
2023-07-13 12:50:34.662637 - Epoc #	11690	 14.901021957397461
2023-07-13 12:50:50.257066 - Epoc #	11700	 15.594429016113281
2023-07-13 12:51:07.356987 - Epoc #	11710	 17.099920988082886
2023-07-13 12:51:23.792414 - Epoc #	11720	 16.435426950454712
2023-07-13 12:51:40.724072 - Epoc #	11730	 16.931658029556274
2023-07-13 12:51:54.682154 - Epoc #	11740	 13.9580819606781
2023-07-13 12:52:08.702233 - Epoc #	11750	 14.020079135894775
2023-07-13 12:52:22.283449 - Epoc #	11760	 13.581215858459473
2023-07-13 12:52:36.205504 - Epoc #	11770	 13.922055006027222
2023-07-13 12:52:48.805504 - Epoc #	11780	 12.600000143051147
2023-07-13 12:53:02.037716 - Epoc #	11790	 13.232211828231812
2023-07-13 12:53:16.290120 - Epoc #	11800	 14.252403974533081
2023-07-13 12:53:30.510994 - Epoc #	11810	 14.220874071121216
2023-07-13 12:53:44.516696 - Epoc #	11820	 14.005702018737793
2023-07-13 12:53:58.236443 - Epoc #	11830	 13.719747066497803
2023-07-13 12:54:12.333263 - Epoc #	11840	 14.096819877624512
2023-07-13 12:54:26.210023 - Epoc #	11850	 13.876760005950928
2023-07-13 12:54:40.055621 - Epoc #	11860	 13.845597982406616
2023-07-13 12:54:54.969028 - Epoc #	11870	 14.91340708732605
2023-07-13 12:55:09.378614 - Epoc #	11880	 14.409585952758789
2023-07-13 12:55:23.459946 - Epoc #	11890	 14.081331968307495
2023-07-13 12:55:35.824945 - Epoc #	11900	 12.364999055862427
2023-07-13 12:55:49.647934 - Epoc #	11910	 13.822988986968994
2023-07-13 12:56:04.810932 - Epoc #	11920	 15.162997961044312
2023-07-13 12:56:17.880839 - Epoc #	11930	 13.069907188415527
2023-07-13 12:56:30.494304 - Epoc #	11940	 12.613464832305908
2023-07-13 12:56:44.047304 - Epoc #	11950	 13.55299997329712
2023-07-13 12:56:58.582271 - Epoc #	11960	 14.534967184066772
2023-07-13 12:57:14.316802 - Epoc #	11970	 15.734530925750732
2023-07-13 12:57:27.410079 - Epoc #	11980	 13.093276977539062
2023-07-13 12:57:40.378743 - Epoc #	11990	 12.968663930892944
2023-07-13 12:57:53.875526 - Epoc #	12000	 13.496783018112183
2023-07-13 12:58:08.385510 - Epoc #	12010	 14.509984016418457
2023-07-13 12:58:22.649477 - Epoc #	12020	 14.263967037200928
2023-07-13 12:58:37.226118 - Epoc #	12030	 14.576641082763672
2023-07-13 12:58:51.784073 - Epoc #	12040	 14.557955026626587
2023-07-13 12:59:05.358486 - Epoc #	12050	 13.574412822723389
2023-07-13 12:59:18.527107 - Epoc #	12060	 13.168621063232422
2023-07-13 12:59:32.238730 - Epoc #	12070	 13.711622953414917
2023-07-13 12:59:45.075540 - Epoc #	12080	 12.836810111999512
2023-07-13 12:59:58.943457 - Epoc #	12090	 13.866919994354248
2023-07-13 13:00:13.385363 - Epoc #	12100	 14.441906213760376
2023-07-13 13:00:27.695523 - Epoc #	12110	 14.310159921646118
2023-07-13 13:00:42.111909 - Epoc #	12120	 14.416385889053345
2023-07-13 13:00:56.205364 - Epoc #	12130	 14.093455076217651
2023-07-13 13:01:10.253387 - Epoc #	12140	 14.048022985458374
2023-07-13 13:01:24.891854 - Epoc #	12150	 14.638467073440552
2023-07-13 13:01:39.270180 - Epoc #	12160	 14.378325939178467
2023-07-13 13:01:53.178209 - Epoc #	12170	 13.908029079437256
2023-07-13 13:02:06.154680 - Epoc #	12180	 12.976470947265625
2023-07-13 13:02:19.510159 - Epoc #	12190	 13.355479001998901
2023-07-13 13:02:33.857646 - Epoc #	12200	 14.347486972808838
2023-07-13 13:02:47.443347 - Epoc #	12210	 13.585700988769531
2023-07-13 13:03:00.783240 - Epoc #	12220	 13.339893102645874
2023-07-13 13:03:12.676107 - Epoc #	12230	 11.892866849899292
2023-07-13 13:03:24.903475 - Epoc #	12240	 12.227368116378784
2023-07-13 13:03:36.497137 - Epoc #	12250	 11.593662023544312
2023-07-13 13:03:48.359834 - Epoc #	12260	 11.862696886062622
2023-07-13 13:04:01.833719 - Epoc #	12270	 13.47388505935669
2023-07-13 13:04:15.555298 - Epoc #	12280	 13.72157907485962
2023-07-13 13:04:28.742299 - Epoc #	12290	 13.18700098991394
2023-07-13 13:04:41.463059 - Epoc #	12300	 12.720759868621826
2023-07-13 13:04:55.788019 - Epoc #	12310	 14.324959993362427
2023-07-13 13:05:08.864528 - Epoc #	12320	 13.07650899887085
2023-07-13 13:05:22.555968 - Epoc #	12330	 13.691440105438232
2023-07-13 13:05:35.917756 - Epoc #	12340	 13.361788034439087
2023-07-13 13:05:49.065014 - Epoc #	12350	 13.147257804870605
2023-07-13 13:06:02.662773 - Epoc #	12360	 13.597759008407593
2023-07-13 13:06:16.714579 - Epoc #	12370	 14.051806211471558
2023-07-13 13:06:30.267538 - Epoc #	12380	 13.552958965301514
2023-07-13 13:06:42.391242 - Epoc #	12390	 12.123703956604004
2023-07-13 13:06:54.154802 - Epoc #	12400	 11.763560056686401
2023-07-13 13:07:07.229921 - Epoc #	12410	 13.075119018554688
2023-07-13 13:07:21.248369 - Epoc #	12420	 14.018447875976562
2023-07-13 13:07:35.171740 - Epoc #	12430	 13.923371076583862
2023-07-13 13:07:49.691126 - Epoc #	12440	 14.519386053085327
2023-07-13 13:08:03.219836 - Epoc #	12450	 13.528709888458252
2023-07-13 13:08:18.549938 - Epoc #	12460	 15.33010196685791
2023-07-13 13:08:30.972739 - Epoc #	12470	 12.42280101776123
2023-07-13 13:08:44.559692 - Epoc #	12480	 13.586952924728394
2023-07-13 13:08:58.447667 - Epoc #	12490	 13.887974977493286
