2023-07-13 03:36:43.693530 - Starting learning loop ...
==================================================================
2023-07-13 03:36:43.693530 - Using Framebuffer of: 4 frames	 and 	ReplayBufferSize: 25000
2023-07-13 03:36:43.693530 - Loglevel is set to: a
2023-07-13 03:36:43.693530 - Epoc #	0	 
2023-07-13 03:36:55.847746 - Epoc #	10	 12.154215812683105
2023-07-13 03:37:08.339031 - Epoc #	20	 12.4912850856781
2023-07-13 03:37:20.676723 - Epoc #	30	 12.337692022323608
2023-07-13 03:37:32.587354 - Epoc #	40	 11.910630941390991
2023-07-13 03:37:44.631640 - Epoc #	50	 12.044286012649536
2023-07-13 03:37:56.752336 - Epoc #	60	 12.120696067810059
2023-07-13 03:38:09.292385 - Epoc #	70	 12.540049076080322
2023-07-13 03:38:21.863567 - Epoc #	80	 12.571182012557983
2023-07-13 03:38:33.823647 - Epoc #	90	 11.960079908370972
2023-07-13 03:38:45.846372 - Epoc #	100	 12.022724866867065
2023-07-13 03:38:58.179062 - Epoc #	110	 12.332690000534058
2023-07-13 03:39:03.616573 - Time between reward step: #	139.92304301261902
2023-07-13 03:39:03.616573 - Average Score: 9.00 Elapsed time: 0:02:21.186325
2023-07-13 03:39:10.821312 - Epoc #	120	 12.642250061035156
2023-07-13 03:39:22.625203 - Epoc #	130	 11.803890943527222
2023-07-13 03:39:35.751414 - Epoc #	140	 13.126211166381836
2023-07-13 03:39:47.700103 - Epoc #	150	 11.948688983917236
2023-07-13 03:39:59.918285 - Epoc #	160	 12.218181848526001
2023-07-13 03:40:11.726925 - Epoc #	170	 11.808640003204346
2023-07-13 03:40:23.635350 - Epoc #	180	 11.908425092697144
2023-07-13 03:40:35.597263 - Epoc #	190	 11.961913108825684
2023-07-13 03:40:47.773997 - Epoc #	200	 12.17673397064209
2023-07-13 03:40:59.781767 - Epoc #	210	 12.00776982307434
2023-07-13 03:41:11.880078 - Epoc #	220	 12.098311185836792
2023-07-13 03:41:24.249641 - Epoc #	230	 12.369562864303589
2023-07-13 03:41:36.055348 - Epoc #	240	 11.805706977844238
2023-07-13 03:41:47.739012 - Epoc #	250	 11.683664083480835
2023-07-13 03:42:00.263176 - Epoc #	260	 12.524163961410522
2023-07-13 03:42:12.846335 - Epoc #	270	 12.58315896987915
2023-07-13 03:42:24.932670 - Epoc #	280	 12.086335182189941
2023-07-13 03:42:37.234567 - Epoc #	290	 12.301896810531616
2023-07-13 03:42:49.273435 - Epoc #	300	 12.038868188858032
2023-07-13 03:43:01.255682 - Epoc #	310	 11.98224687576294
2023-07-13 03:43:13.591449 - Epoc #	320	 12.335767030715942
2023-07-13 03:43:26.010544 - Epoc #	330	 12.419095039367676
2023-07-13 03:43:39.314994 - Epoc #	340	 13.304450035095215
2023-07-13 03:43:51.417920 - Epoc #	350	 12.102926015853882
2023-07-13 03:44:03.976461 - Epoc #	360	 12.55854082107544
2023-07-13 03:44:16.095958 - Epoc #	370	 12.119497060775757
2023-07-13 03:44:28.510178 - Epoc #	380	 12.414220094680786
2023-07-13 03:44:41.123648 - Epoc #	390	 12.61346983909607
2023-07-13 03:44:43.690120 - Time between reward step: #	479.9965898990631
2023-07-13 03:44:43.690120 - Average Score: 10.00 Elapsed time: 0:08:01.260317
2023-07-13 03:44:46.255906 - Time between reward step: #	482.56237602233887
2023-07-13 03:44:46.255906 - Average Score: 11.00 Elapsed time: 0:08:03.835611
2023-07-13 03:44:53.655903 - Epoc #	400	 12.532255172729492
2023-07-13 03:44:59.729812 - Time between reward step: #	496.03628182411194
2023-07-13 03:44:59.729812 - Average Score: 12.00 Elapsed time: 0:08:17.303915
2023-07-13 03:45:03.629965 - Time between reward step: #	499.93643498420715
2023-07-13 03:45:03.629965 - Average Score: 13.00 Elapsed time: 0:08:21.203191
2023-07-13 03:45:06.024308 - Epoc #	410	 12.368404865264893
2023-07-13 03:45:18.046798 - Epoc #	420	 12.02249002456665
2023-07-13 03:45:29.913802 - Epoc #	430	 11.867003917694092
2023-07-13 03:45:42.157481 - Epoc #	440	 12.24367904663086
2023-07-13 03:45:53.858133 - Epoc #	450	 11.700652122497559
2023-07-13 03:46:06.129390 - Epoc #	460	 12.271256923675537
2023-07-13 03:46:19.185162 - Epoc #	470	 13.055772066116333
2023-07-13 03:46:31.501886 - Epoc #	480	 12.316723823547363
2023-07-13 03:46:43.721974 - Epoc #	490	 12.220088005065918
2023-07-13 03:46:56.202694 - Epoc #	500	 12.480720043182373
2023-07-13 03:47:08.742010 - Epoc #	510	 12.539316177368164
2023-07-13 03:47:20.852185 - Epoc #	520	 12.110174894332886
2023-07-13 03:47:32.764394 - Epoc #	530	 11.912209033966064
2023-07-13 03:47:45.196179 - Epoc #	540	 12.431784868240356
2023-07-13 03:47:57.266648 - Epoc #	550	 12.07046914100647
2023-07-13 03:48:09.191854 - Epoc #	560	 11.925205945968628
2023-07-13 03:48:21.425711 - Epoc #	570	 12.233856916427612
2023-07-13 03:48:33.745507 - Epoc #	580	 12.319796085357666
2023-07-13 03:48:45.939297 - Epoc #	590	 12.193789958953857
2023-07-13 03:48:58.344529 - Epoc #	600	 12.405231952667236
2023-07-13 03:49:10.202381 - Epoc #	610	 11.8578519821167
2023-07-13 03:49:22.772535 - Epoc #	620	 12.570154190063477
2023-07-13 03:49:35.112520 - Epoc #	630	 12.339984893798828
2023-07-13 03:49:47.350166 - Epoc #	640	 12.237646102905273
2023-07-13 03:50:00.070146 - Epoc #	650	 12.719980001449585
2023-07-13 03:50:12.060528 - Epoc #	660	 11.990381956100464
2023-07-13 03:50:24.586487 - Epoc #	670	 12.525959014892578
2023-07-13 03:50:37.183923 - Epoc #	680	 12.59743595123291
2023-07-13 03:50:49.503791 - Epoc #	690	 12.319868087768555
2023-07-13 03:51:02.338417 - Epoc #	700	 12.834625959396362
2023-07-13 03:51:14.719324 - Epoc #	710	 12.38090705871582
2023-07-13 03:51:28.093570 - Epoc #	720	 13.374245882034302
2023-07-13 03:51:40.315843 - Epoc #	730	 12.222273111343384
2023-07-13 03:51:52.855712 - Epoc #	740	 12.539868831634521
2023-07-13 03:52:05.030539 - Epoc #	750	 12.174827098846436
2023-07-13 03:52:17.594285 - Epoc #	760	 12.563745975494385
2023-07-13 03:52:30.027312 - Epoc #	770	 12.433027029037476
2023-07-13 03:52:41.942968 - Epoc #	780	 11.915655851364136
2023-07-13 03:52:54.343916 - Epoc #	790	 12.40094804763794
2023-07-13 03:53:06.993759 - Epoc #	800	 12.649842977523804
2023-07-13 03:53:19.318831 - Epoc #	810	 12.325072050094604
2023-07-13 03:53:32.012066 - Epoc #	820	 12.693234920501709
2023-07-13 03:53:44.737677 - Epoc #	830	 12.725611209869385
2023-07-13 03:53:57.106639 - Epoc #	840	 12.368961811065674
2023-07-13 03:54:09.612258 - Epoc #	850	 12.505619049072266
2023-07-13 03:54:21.922306 - Epoc #	860	 12.31004810333252
2023-07-13 03:54:35.146211 - Epoc #	870	 13.223904848098755
2023-07-13 03:54:47.624793 - Epoc #	880	 12.47858214378357
2023-07-13 03:55:00.233331 - Epoc #	890	 12.608537912368774
2023-07-13 03:55:13.669738 - Epoc #	900	 13.436407089233398
2023-07-13 03:55:25.910176 - Epoc #	910	 12.240437984466553
2023-07-13 03:55:38.353943 - Epoc #	920	 12.443767070770264
2023-07-13 03:55:51.126561 - Epoc #	930	 12.772617816925049
2023-07-13 03:56:03.476856 - Epoc #	940	 12.350295066833496
2023-07-13 03:56:16.470725 - Epoc #	950	 12.993869066238403
2023-07-13 03:56:28.381727 - Epoc #	960	 11.911001920700073
2023-07-13 03:56:41.100841 - Epoc #	970	 12.719114065170288
2023-07-13 03:56:54.045067 - Epoc #	980	 12.944226026535034
2023-07-13 03:57:06.457358 - Epoc #	990	 12.412290811538696
2023-07-13 03:57:19.146172 - Epoc #	1000	 12.688814163208008
2023-07-13 03:57:31.558372 - Epoc #	1010	 12.412199974060059
2023-07-13 03:57:43.710212 - Epoc #	1020	 12.151839971542358
2023-07-13 03:57:56.457741 - Epoc #	1030	 12.747529029846191
2023-07-13 03:58:09.029718 - Epoc #	1040	 12.571976900100708
2023-07-13 03:58:21.433670 - Epoc #	1050	 12.40395212173462
2023-07-13 03:58:34.424339 - Epoc #	1060	 12.990669012069702
2023-07-13 03:58:47.468938 - Epoc #	1070	 13.044599056243896
2023-07-13 03:58:59.949820 - Epoc #	1080	 12.480881929397583
2023-07-13 03:59:12.539187 - Epoc #	1090	 12.589366912841797
2023-07-13 03:59:25.737117 - Epoc #	1100	 13.197930097579956
2023-07-13 03:59:38.292566 - Epoc #	1110	 12.55544900894165
2023-07-13 03:59:51.260926 - Epoc #	1120	 12.96835994720459
2023-07-13 04:00:04.223086 - Epoc #	1130	 12.962160110473633
2023-07-13 04:00:15.905223 - Epoc #	1140	 11.68213677406311
2023-07-13 04:00:28.331758 - Epoc #	1150	 12.42653512954712
2023-07-13 04:00:40.445528 - Epoc #	1160	 12.113770008087158
2023-07-13 04:00:53.579622 - Epoc #	1170	 13.134093999862671
2023-07-13 04:01:06.308256 - Epoc #	1180	 12.728633880615234
2023-07-13 04:01:19.769318 - Epoc #	1190	 13.46106219291687
2023-07-13 04:01:32.736693 - Epoc #	1200	 12.967374801635742
2023-07-13 04:01:45.147510 - Epoc #	1210	 12.41081714630127
2023-07-13 04:01:57.821192 - Epoc #	1220	 12.67368197441101
2023-07-13 04:02:11.024642 - Epoc #	1230	 13.203449964523315
2023-07-13 04:02:22.969194 - Epoc #	1240	 11.944551944732666
2023-07-13 04:02:35.643761 - Epoc #	1250	 12.674566984176636
2023-07-13 04:02:48.465667 - Epoc #	1260	 12.821906089782715
2023-07-13 04:03:01.268947 - Epoc #	1270	 12.803279876708984
2023-07-13 04:03:13.685429 - Epoc #	1280	 12.416482210159302
2023-07-13 04:03:26.320224 - Epoc #	1290	 12.63479495048523
2023-07-13 04:03:38.573051 - Epoc #	1300	 12.252826929092407
2023-07-13 04:03:52.024462 - Epoc #	1310	 13.451411008834839
2023-07-13 04:04:05.145952 - Epoc #	1320	 13.121490001678467
2023-07-13 04:04:17.580944 - Epoc #	1330	 12.43499207496643
2023-07-13 04:04:31.030907 - Epoc #	1340	 13.449962854385376
2023-07-13 04:04:43.959457 - Epoc #	1350	 12.928550004959106
2023-07-13 04:04:56.762751 - Epoc #	1360	 12.80329418182373
2023-07-13 04:05:09.504466 - Epoc #	1370	 12.74171495437622
2023-07-13 04:05:23.185210 - Epoc #	1380	 13.680743932723999
2023-07-13 04:05:35.880664 - Epoc #	1390	 12.695454120635986
2023-07-13 04:05:48.944629 - Epoc #	1400	 13.06396484375
2023-07-13 04:06:01.358923 - Epoc #	1410	 12.414294004440308
2023-07-13 04:06:14.903871 - Epoc #	1420	 13.544948101043701
2023-07-13 04:06:27.382096 - Epoc #	1430	 12.478224992752075
2023-07-13 04:06:40.613492 - Epoc #	1440	 13.231395959854126
2023-07-13 04:06:53.952938 - Epoc #	1450	 13.339446067810059
2023-07-13 04:07:06.204204 - Epoc #	1460	 12.25126600265503
2023-07-13 04:07:19.091644 - Epoc #	1470	 12.887439966201782
2023-07-13 04:07:31.631819 - Epoc #	1480	 12.540174961090088
2023-07-13 04:07:45.066058 - Epoc #	1490	 13.434238910675049
2023-07-13 04:07:57.245309 - Epoc #	1500	 12.179251194000244
2023-07-13 04:08:10.300170 - Epoc #	1510	 13.054860830307007
2023-07-13 04:08:11.708503 - Time between reward step: #	1888.0149729251862
2023-07-13 04:08:11.708503 - Average Score: 14.00 Elapsed time: 0:31:29.285541
2023-07-13 04:08:23.104949 - Epoc #	1520	 12.804779052734375
2023-07-13 04:08:35.793700 - Epoc #	1530	 12.688750982284546
2023-07-13 04:08:49.443312 - Epoc #	1540	 13.649611949920654
2023-07-13 04:09:01.739645 - Epoc #	1550	 12.296333074569702
2023-07-13 04:09:14.622169 - Epoc #	1560	 12.882524013519287
2023-07-13 04:09:27.512246 - Epoc #	1570	 12.890076875686646
2023-07-13 04:09:41.395873 - Epoc #	1580	 13.88362717628479
2023-07-13 04:09:54.049801 - Epoc #	1590	 12.65392804145813
2023-07-13 04:10:07.276732 - Epoc #	1600	 13.226930856704712
2023-07-13 04:10:19.549561 - Epoc #	1610	 12.272829055786133
2023-07-13 04:10:32.919338 - Epoc #	1620	 13.369776964187622
2023-07-13 04:10:46.104021 - Epoc #	1630	 13.184683084487915
2023-07-13 04:10:58.785405 - Epoc #	1640	 12.681383848190308
2023-07-13 04:11:11.559902 - Epoc #	1650	 12.774497032165527
2023-07-13 04:11:24.632504 - Epoc #	1660	 13.072602033615112
2023-07-13 04:11:37.998345 - Epoc #	1670	 13.365840911865234
2023-07-13 04:11:51.725327 - Epoc #	1680	 13.726982116699219
2023-07-13 04:12:04.185147 - Epoc #	1690	 12.459820032119751
2023-07-13 04:12:17.333835 - Epoc #	1700	 13.148687839508057
2023-07-13 04:12:29.748980 - Epoc #	1710	 12.4151451587677
2023-07-13 04:12:42.443251 - Epoc #	1720	 12.694270849227905
2023-07-13 04:12:55.968146 - Epoc #	1730	 13.524895191192627
2023-07-13 04:13:09.330699 - Epoc #	1740	 13.362552881240845
2023-07-13 04:13:23.084664 - Epoc #	1750	 13.753965139389038
2023-07-13 04:13:36.489575 - Epoc #	1760	 13.404910802841187
2023-07-13 04:13:49.502056 - Epoc #	1770	 13.012480974197388
2023-07-13 04:14:01.822573 - Epoc #	1780	 12.32051706314087
2023-07-13 04:14:14.789027 - Epoc #	1790	 12.966454029083252
2023-07-13 04:14:27.819253 - Epoc #	1800	 13.030225992202759
2023-07-13 04:14:40.902563 - Epoc #	1810	 13.0833101272583
2023-07-13 04:14:54.556324 - Epoc #	1820	 13.65376091003418
2023-07-13 04:15:07.171278 - Epoc #	1830	 12.614953994750977
2023-07-13 04:15:20.502468 - Epoc #	1840	 13.33119010925293
2023-07-13 04:15:34.444407 - Epoc #	1850	 13.941938877105713
2023-07-13 04:15:48.086407 - Epoc #	1860	 13.641999959945679
2023-07-13 04:16:01.274119 - Epoc #	1870	 13.187711954116821
2023-07-13 04:16:14.268242 - Epoc #	1880	 12.994122982025146
2023-07-13 04:16:26.708095 - Epoc #	1890	 12.439853191375732
2023-07-13 04:16:39.531837 - Epoc #	1900	 12.823741912841797
2023-07-13 04:16:52.891248 - Epoc #	1910	 13.359411001205444
2023-07-13 04:17:05.290838 - Epoc #	1920	 12.399590015411377
2023-07-13 04:17:17.995981 - Epoc #	1930	 12.705142974853516
2023-07-13 04:17:30.615065 - Epoc #	1940	 12.619084119796753
2023-07-13 04:17:43.780114 - Epoc #	1950	 13.165048837661743
2023-07-13 04:17:57.768849 - Epoc #	1960	 13.98873496055603
2023-07-13 04:18:10.310233 - Epoc #	1970	 12.541384220123291
2023-07-13 04:18:22.788948 - Epoc #	1980	 12.478714942932129
2023-07-13 04:18:35.262924 - Epoc #	1990	 12.473975896835327
2023-07-13 04:18:47.958965 - Epoc #	2000	 12.696041107177734
2023-07-13 04:19:00.868239 - Epoc #	2010	 12.909273862838745
2023-07-13 04:19:13.722009 - Epoc #	2020	 12.853770017623901
2023-07-13 04:19:26.541365 - Epoc #	2030	 12.819355964660645
2023-07-13 04:19:39.219609 - Epoc #	2040	 12.67824411392212
2023-07-13 04:19:51.744809 - Epoc #	2050	 12.525199890136719
2023-07-13 04:20:04.849762 - Epoc #	2060	 13.104953050613403
2023-07-13 04:20:17.750865 - Epoc #	2070	 12.901103019714355
2023-07-13 04:20:31.409948 - Epoc #	2080	 13.659083127975464
2023-07-13 04:20:44.056087 - Epoc #	2090	 12.646138906478882
2023-07-13 04:20:56.141138 - Epoc #	2100	 12.0850510597229
2023-07-13 04:21:08.648303 - Epoc #	2110	 12.50716495513916
2023-07-13 04:21:22.290531 - Epoc #	2120	 13.6422278881073
2023-07-13 04:21:35.516883 - Epoc #	2130	 13.226351976394653
2023-07-13 04:21:48.369453 - Epoc #	2140	 12.852570056915283
2023-07-13 04:22:01.303773 - Epoc #	2150	 12.934319972991943
2023-07-13 04:22:14.780603 - Epoc #	2160	 13.476830005645752
2023-07-13 04:22:27.463269 - Epoc #	2170	 12.682666063308716
2023-07-13 04:22:40.238964 - Epoc #	2180	 12.775695085525513
2023-07-13 04:22:53.326636 - Epoc #	2190	 13.087671995162964
2023-07-13 04:23:06.573384 - Epoc #	2200	 13.246747970581055
2023-07-13 04:23:19.882439 - Epoc #	2210	 13.309054851531982
2023-07-13 04:23:32.969847 - Epoc #	2220	 13.087408065795898
2023-07-13 04:23:45.961940 - Epoc #	2230	 12.992093086242676
2023-07-13 04:23:59.554778 - Epoc #	2240	 13.592838048934937
2023-07-13 04:24:12.331499 - Epoc #	2250	 12.776721000671387
2023-07-13 04:24:25.133273 - Epoc #	2260	 12.8017737865448
2023-07-13 04:24:38.477335 - Epoc #	2270	 13.344062089920044
2023-07-13 04:24:51.255250 - Epoc #	2280	 12.777915000915527
2023-07-13 04:25:04.855589 - Epoc #	2290	 13.60033893585205
2023-07-13 04:25:18.007914 - Epoc #	2300	 13.15232515335083
2023-07-13 04:25:31.080098 - Epoc #	2310	 13.072183847427368
2023-07-13 04:25:44.792366 - Epoc #	2320	 13.712268114089966
2023-07-13 04:25:57.422774 - Epoc #	2330	 12.63040804862976
2023-07-13 04:26:10.125917 - Epoc #	2340	 12.703142881393433
2023-07-13 04:26:23.073356 - Epoc #	2350	 12.947438955307007
2023-07-13 04:26:35.318212 - Epoc #	2360	 12.244856119155884
2023-07-13 04:26:48.191290 - Epoc #	2370	 12.873077869415283
2023-07-13 04:27:00.810268 - Epoc #	2380	 12.618978023529053
2023-07-13 04:27:13.738173 - Epoc #	2390	 12.927905082702637
2023-07-13 04:27:26.889967 - Epoc #	2400	 13.151793956756592
2023-07-13 04:27:40.545479 - Epoc #	2410	 13.65551209449768
2023-07-13 04:27:53.462128 - Epoc #	2420	 12.916648864746094
2023-07-13 04:28:05.877401 - Epoc #	2430	 12.415273189544678
2023-07-13 04:28:18.481098 - Epoc #	2440	 12.603696823120117
2023-07-13 04:28:31.642033 - Epoc #	2450	 13.160935163497925
2023-07-13 04:28:44.902486 - Epoc #	2460	 13.26045298576355
2023-07-13 04:28:57.591885 - Epoc #	2470	 12.689399003982544
2023-07-13 04:29:10.499415 - Epoc #	2480	 12.907529830932617
2023-07-13 04:29:23.606372 - Epoc #	2490	 13.106957197189331
2023-07-13 04:29:36.866176 - Epoc #	2500	 13.259803771972656
2023-07-13 04:29:49.749324 - Epoc #	2510	 12.883148193359375
2023-07-13 04:30:03.290271 - Epoc #	2520	 13.540946960449219
2023-07-13 04:30:16.890641 - Epoc #	2530	 13.600369930267334
2023-07-13 04:30:30.881138 - Epoc #	2540	 13.99049711227417
2023-07-13 04:30:43.574976 - Epoc #	2550	 12.693837881088257
2023-07-13 04:30:57.587108 - Epoc #	2560	 14.012131929397583
2023-07-13 04:31:10.959454 - Epoc #	2570	 13.37234616279602
2023-07-13 04:31:23.869343 - Epoc #	2580	 12.909888982772827
2023-07-13 04:31:37.662860 - Epoc #	2590	 13.793516874313354
2023-07-13 04:31:50.815405 - Epoc #	2600	 13.152544975280762
2023-07-13 04:32:03.795465 - Epoc #	2610	 12.98006010055542
2023-07-13 04:32:15.720107 - Epoc #	2620	 11.924642086029053
2023-07-13 04:32:28.071884 - Epoc #	2630	 12.351776838302612
2023-07-13 04:32:41.106421 - Epoc #	2640	 13.034537076950073
2023-07-13 04:32:54.224048 - Epoc #	2650	 13.117626905441284
2023-07-13 04:33:07.917475 - Epoc #	2660	 13.693427085876465
2023-07-13 04:33:21.265233 - Epoc #	2670	 13.347758054733276
2023-07-13 04:33:34.661219 - Epoc #	2680	 13.395985841751099
2023-07-13 04:33:47.306097 - Epoc #	2690	 12.644878149032593
2023-07-13 04:34:00.443789 - Epoc #	2700	 13.137691974639893
2023-07-13 04:34:13.045028 - Epoc #	2710	 12.60123896598816
2023-07-13 04:34:25.867442 - Epoc #	2720	 12.822413921356201
2023-07-13 04:34:38.696965 - Epoc #	2730	 12.829523086547852
2023-07-13 04:34:51.519379 - Epoc #	2740	 12.822413921356201
2023-07-13 04:35:05.024133 - Epoc #	2750	 13.504754066467285
2023-07-13 04:35:17.809305 - Epoc #	2760	 12.78517198562622
2023-07-13 04:35:30.678189 - Epoc #	2770	 12.868884086608887
2023-07-13 04:35:43.557662 - Epoc #	2780	 12.879472970962524
2023-07-13 04:35:57.371137 - Epoc #	2790	 13.813474893569946
2023-07-13 04:36:10.627224 - Epoc #	2800	 13.256087064743042
2023-07-13 04:36:23.651123 - Epoc #	2810	 13.02389907836914
2023-07-13 04:36:37.185012 - Epoc #	2820	 13.533889055252075
2023-07-13 04:36:50.816444 - Epoc #	2830	 13.631431818008423
2023-07-13 04:37:03.657009 - Epoc #	2840	 12.840564966201782
2023-07-13 04:37:16.838101 - Epoc #	2850	 13.181092023849487
2023-07-13 04:37:30.281968 - Epoc #	2860	 13.443867206573486
2023-07-13 04:37:43.388589 - Epoc #	2870	 13.106620788574219
2023-07-13 04:37:56.211392 - Epoc #	2880	 12.822803020477295
2023-07-13 04:38:09.517453 - Epoc #	2890	 13.306061029434204
2023-07-13 04:38:22.761348 - Epoc #	2900	 13.243895053863525
2023-07-13 04:38:35.250910 - Epoc #	2910	 12.489562034606934
2023-07-13 04:38:48.759021 - Epoc #	2920	 13.508111000061035
2023-07-13 04:39:03.156368 - Epoc #	2930	 14.39734697341919
2023-07-13 04:39:16.182994 - Epoc #	2940	 13.026625871658325
2023-07-13 04:39:28.865899 - Epoc #	2950	 12.682905197143555
2023-07-13 04:39:42.446590 - Epoc #	2960	 13.580690860748291
2023-07-13 04:39:54.871926 - Epoc #	2970	 12.425336122512817
2023-07-13 04:40:09.066274 - Epoc #	2980	 14.194347858428955
2023-07-13 04:40:22.215004 - Epoc #	2990	 13.148730039596558
2023-07-13 04:40:35.078228 - Epoc #	3000	 12.863224029541016
2023-07-13 04:40:48.736910 - Epoc #	3010	 13.658682107925415
2023-07-13 04:41:01.786186 - Epoc #	3020	 13.049275875091553
2023-07-13 04:41:14.468417 - Epoc #	3030	 12.682230949401855
2023-07-13 04:41:27.736848 - Epoc #	3040	 13.268431186676025
2023-07-13 04:41:40.673904 - Epoc #	3050	 12.937055826187134
2023-07-13 04:41:54.370489 - Epoc #	3060	 13.696584939956665
2023-07-13 04:42:07.564301 - Epoc #	3070	 13.193812131881714
2023-07-13 04:42:21.229085 - Epoc #	3080	 13.664783954620361
2023-07-13 04:42:34.202935 - Epoc #	3090	 12.973850011825562
2023-07-13 04:42:47.326385 - Epoc #	3100	 13.12345004081726
2023-07-13 04:43:00.015467 - Epoc #	3110	 12.689081907272339
2023-07-13 04:43:13.555464 - Epoc #	3120	 13.539997100830078
2023-07-13 04:43:26.735966 - Epoc #	3130	 13.180501937866211
2023-07-13 04:43:40.999465 - Epoc #	3140	 14.263499021530151
2023-07-13 04:43:53.708871 - Epoc #	3150	 12.709405899047852
2023-07-13 04:44:07.171542 - Epoc #	3160	 13.462671041488647
2023-07-13 04:44:20.806206 - Epoc #	3170	 13.634664058685303
2023-07-13 04:44:34.345386 - Epoc #	3180	 13.539180040359497
2023-07-13 04:44:47.462461 - Epoc #	3190	 13.117074966430664
2023-07-13 04:45:01.671015 - Epoc #	3200	 14.208554029464722
2023-07-13 04:45:16.237097 - Epoc #	3210	 14.566082000732422
2023-07-13 04:45:30.824322 - Epoc #	3220	 14.587224960327148
2023-07-13 04:45:44.089513 - Epoc #	3230	 13.265191078186035
2023-07-13 04:45:56.805639 - Epoc #	3240	 12.716125965118408
2023-07-13 04:46:09.994766 - Epoc #	3250	 13.189126968383789
2023-07-13 04:46:23.970025 - Epoc #	3260	 13.975259065628052
2023-07-13 04:46:37.276814 - Epoc #	3270	 13.306788921356201
2023-07-13 04:46:49.802491 - Epoc #	3280	 12.525676965713501
2023-07-13 04:47:04.258127 - Epoc #	3290	 14.455636024475098
2023-07-13 04:47:17.779721 - Epoc #	3300	 13.521594047546387
2023-07-13 04:47:30.690868 - Epoc #	3310	 12.911146879196167
2023-07-13 04:47:43.547242 - Epoc #	3320	 12.856374025344849
2023-07-13 04:47:56.498555 - Epoc #	3330	 12.951313018798828
2023-07-13 04:48:08.457154 - Epoc #	3340	 11.958599090576172
2023-07-13 04:48:21.141136 - Epoc #	3350	 12.683981895446777
2023-07-13 04:48:33.835910 - Epoc #	3360	 12.694774150848389
2023-07-13 04:48:46.389743 - Epoc #	3370	 12.5538330078125
2023-07-13 04:48:59.550101 - Epoc #	3380	 13.16035795211792
2023-07-13 04:49:11.918763 - Epoc #	3390	 12.368661880493164
2023-07-13 04:49:25.760016 - Epoc #	3400	 13.84125304222107
2023-07-13 04:49:38.597773 - Epoc #	3410	 12.837757110595703
2023-07-13 04:49:51.472488 - Epoc #	3420	 12.874714851379395
2023-07-13 04:50:05.225164 - Epoc #	3430	 13.752676010131836
2023-07-13 04:50:18.963306 - Epoc #	3440	 13.738142013549805
2023-07-13 04:50:33.367931 - Epoc #	3450	 14.404624938964844
2023-07-13 04:50:47.680447 - Epoc #	3460	 14.312516212463379
2023-07-13 04:51:01.382751 - Epoc #	3470	 13.702303886413574
2023-07-13 04:51:11.738002 - Time between reward step: #	4468.044471979141
2023-07-13 04:51:11.738002 - Average Score: 15.00 Elapsed time: 1:14:29.307512
2023-07-13 04:51:13.255827 - Time between reward step: #	4469.562296867371
2023-07-13 04:51:13.255827 - Average Score: 16.00 Elapsed time: 1:14:30.837288
2023-07-13 04:51:15.979606 - Epoc #	3480	 14.59685492515564
2023-07-13 04:51:29.748277 - Epoc #	3490	 13.768671035766602
2023-07-13 04:51:43.898668 - Epoc #	3500	 14.150391101837158
2023-07-13 04:51:57.753054 - Epoc #	3510	 13.85438585281372
2023-07-13 04:52:11.248361 - Epoc #	3520	 13.495307207107544
2023-07-13 04:52:23.895208 - Epoc #	3530	 12.646846771240234
2023-07-13 04:52:37.578688 - Epoc #	3540	 13.683480024337769
2023-07-13 04:52:50.427975 - Epoc #	3550	 12.849287033081055
2023-07-13 04:53:02.882645 - Epoc #	3560	 12.454669952392578
2023-07-13 04:53:16.307686 - Epoc #	3570	 13.425041198730469
2023-07-13 04:53:29.873434 - Epoc #	3580	 13.5657479763031
2023-07-13 04:53:43.717307 - Epoc #	3590	 13.843873023986816
2023-07-13 04:53:57.214019 - Epoc #	3600	 13.49671196937561
2023-07-13 04:54:10.238319 - Epoc #	3610	 13.02429986000061
2023-07-13 04:54:23.070849 - Epoc #	3620	 12.83253002166748
2023-07-13 04:54:36.409396 - Epoc #	3630	 13.338546991348267
2023-07-13 04:54:49.373855 - Epoc #	3640	 12.96445918083191
2023-07-13 04:55:02.532133 - Epoc #	3650	 13.158277988433838
2023-07-13 04:55:15.599798 - Epoc #	3660	 13.067664861679077
2023-07-13 04:55:28.961559 - Epoc #	3670	 13.361761093139648
2023-07-13 04:55:41.565790 - Epoc #	3680	 12.604230880737305
2023-07-13 04:55:54.635849 - Epoc #	3690	 13.070059061050415
2023-07-13 04:56:07.774216 - Epoc #	3700	 13.138366937637329
2023-07-13 04:56:21.006718 - Epoc #	3710	 13.232501983642578
2023-07-13 04:56:34.341900 - Epoc #	3720	 13.335182189941406
2023-07-13 04:56:48.524027 - Epoc #	3730	 14.182126998901367
2023-07-13 04:57:02.310831 - Epoc #	3740	 13.786803960800171
2023-07-13 04:57:14.380015 - Epoc #	3750	 12.069183826446533
2023-07-13 04:57:27.201908 - Epoc #	3760	 12.821893215179443
2023-07-13 04:57:39.909834 - Epoc #	3770	 12.707925796508789
2023-07-13 04:57:53.480426 - Epoc #	3780	 13.570592164993286
2023-07-13 04:57:58.820246 - Time between reward step: #	4875.126715898514
2023-07-13 04:57:58.820246 - Average Score: 17.00 Elapsed time: 1:21:16.398335
2023-07-13 04:58:07.550689 - Epoc #	3790	 14.070262908935547
2023-07-13 04:58:11.356953 - Time between reward step: #	4887.663422822952
2023-07-13 04:58:11.356953 - Average Score: 18.00 Elapsed time: 1:21:28.934303
2023-07-13 04:58:20.246775 - Time between reward step: #	4896.553244829178
2023-07-13 04:58:20.246775 - Average Score: 19.00 Elapsed time: 1:21:37.825596
2023-07-13 04:58:20.246775 - Epoc #	3800	 12.696085929870605
2023-07-13 04:58:33.479611 - Epoc #	3810	 13.2328360080719
2023-07-13 04:58:47.027797 - Epoc #	3820	 13.54818606376648
2023-07-13 04:59:00.479498 - Epoc #	3830	 13.451700925827026
2023-07-13 04:59:14.049063 - Epoc #	3840	 13.569565057754517
2023-07-13 04:59:26.760565 - Epoc #	3850	 12.711502075195312
2023-07-13 04:59:40.722751 - Epoc #	3860	 13.962185859680176
2023-07-13 04:59:53.682064 - Epoc #	3870	 12.959313154220581
2023-07-13 05:00:06.603499 - Epoc #	3880	 12.921434879302979
2023-07-13 05:00:19.735321 - Epoc #	3890	 13.131822109222412
2023-07-13 05:00:32.569262 - Epoc #	3900	 12.833940982818604
2023-07-13 05:00:45.613122 - Epoc #	3910	 13.043859958648682
2023-07-13 05:00:59.495981 - Epoc #	3920	 13.882858991622925
2023-07-13 05:01:12.385166 - Epoc #	3930	 12.889184951782227
2023-07-13 05:01:26.403671 - Epoc #	3940	 14.018505096435547
2023-07-13 05:01:39.774066 - Epoc #	3950	 13.370394945144653
2023-07-13 05:01:53.412990 - Epoc #	3960	 13.63892412185669
2023-07-13 05:02:06.180908 - Epoc #	3970	 12.76791787147522
2023-07-13 05:02:19.511793 - Epoc #	3980	 13.33088493347168
2023-07-13 05:02:32.616464 - Epoc #	3990	 13.104671001434326
2023-07-13 05:02:46.748359 - Epoc #	4000	 14.131895065307617
2023-07-13 05:02:59.944686 - Epoc #	4010	 13.196326971054077
2023-07-13 05:03:13.964068 - Epoc #	4020	 14.019381999969482
2023-07-13 05:03:27.884433 - Epoc #	4030	 13.92036509513855
2023-07-13 05:03:41.892954 - Epoc #	4040	 14.00852108001709
2023-07-13 05:03:55.007907 - Epoc #	4050	 13.114952802658081
2023-07-13 05:04:08.016774 - Epoc #	4060	 13.008867025375366
2023-07-13 05:04:20.836957 - Epoc #	4070	 12.820183038711548
2023-07-13 05:04:34.169561 - Epoc #	4080	 13.332603931427002
2023-07-13 05:04:47.829239 - Epoc #	4090	 13.659677982330322
2023-07-13 05:05:01.066901 - Epoc #	4100	 13.237662076950073
2023-07-13 05:05:14.164461 - Epoc #	4110	 13.097559928894043
2023-07-13 05:05:27.497368 - Epoc #	4120	 13.33290719985962
2023-07-13 05:05:40.568891 - Epoc #	4130	 13.071522951126099
2023-07-13 05:05:54.313128 - Epoc #	4140	 13.744236946105957
2023-07-13 05:06:07.108621 - Epoc #	4150	 12.795492887496948
2023-07-13 05:06:20.079507 - Epoc #	4160	 12.97088623046875
2023-07-13 05:06:34.133600 - Epoc #	4170	 14.05409288406372
2023-07-13 05:06:46.957348 - Epoc #	4180	 12.823748111724854
2023-07-13 05:07:00.106202 - Epoc #	4190	 13.148853778839111
2023-07-13 05:07:12.643384 - Epoc #	4200	 12.537182092666626
2023-07-13 05:07:27.199096 - Epoc #	4210	 14.5557119846344
2023-07-13 05:07:40.857873 - Epoc #	4220	 13.658776998519897
2023-07-13 05:07:54.521888 - Epoc #	4230	 13.664015054702759
2023-07-13 05:08:08.469533 - Epoc #	4240	 13.94764494895935
2023-07-13 05:08:22.132603 - Epoc #	4250	 13.6630699634552
2023-07-13 05:08:37.008442 - Epoc #	4260	 14.875838994979858
2023-07-13 05:08:49.752894 - Epoc #	4270	 12.744451999664307
2023-07-13 05:09:02.962665 - Epoc #	4280	 13.209771156311035
2023-07-13 05:09:16.032916 - Epoc #	4290	 13.070250988006592
2023-07-13 05:09:28.795486 - Epoc #	4300	 12.762569904327393
2023-07-13 05:09:42.395300 - Epoc #	4310	 13.59981393814087
2023-07-13 05:09:55.486332 - Epoc #	4320	 13.091032028198242
2023-07-13 05:10:09.486885 - Epoc #	4330	 14.000553131103516
2023-07-13 05:10:22.666298 - Epoc #	4340	 13.179412841796875
2023-07-13 05:10:35.399237 - Epoc #	4350	 12.732939004898071
2023-07-13 05:10:36.902883 - Time between reward step: #	5633.209352970123
2023-07-13 05:10:36.902883 - Average Score: 20.00 Elapsed time: 1:33:54.486765
2023-07-13 05:10:40.333470 - Time between reward step: #	5636.639940023422
2023-07-13 05:10:40.333470 - Average Score: 21.00 Elapsed time: 1:33:57.908454
2023-07-13 05:10:49.615190 - Epoc #	4360	 14.21595311164856
2023-07-13 05:10:53.903207 - Time between reward step: #	5650.209676980972
2023-07-13 05:10:53.903207 - Average Score: 22.00 Elapsed time: 1:34:11.478335
2023-07-13 05:11:02.682472 - Epoc #	4370	 13.06728196144104
2023-07-13 05:11:15.867477 - Epoc #	4380	 13.185004949569702
2023-07-13 05:11:29.108521 - Epoc #	4390	 13.241044044494629
2023-07-13 05:11:42.712123 - Epoc #	4400	 13.603601932525635
2023-07-13 05:11:55.107289 - Epoc #	4410	 12.395166158676147
2023-07-13 05:12:07.962464 - Epoc #	4420	 12.855175018310547
2023-07-13 05:12:20.956779 - Epoc #	4430	 12.994314908981323
2023-07-13 05:12:34.282883 - Epoc #	4440	 13.326103925704956
2023-07-13 05:12:47.650755 - Epoc #	4450	 13.3678719997406
2023-07-13 05:13:01.072357 - Epoc #	4460	 13.421602010726929
2023-07-13 05:13:13.845157 - Epoc #	4470	 12.772799968719482
2023-07-13 05:13:26.933802 - Epoc #	4480	 13.073014974594116
2023-07-13 05:13:41.381149 - Epoc #	4490	 14.447347164154053
2023-07-13 05:13:55.543332 - Epoc #	4500	 14.162183046340942
2023-07-13 05:14:08.491797 - Epoc #	4510	 12.94846487045288
2023-07-13 05:14:21.827903 - Epoc #	4520	 13.336106061935425
2023-07-13 05:14:34.312087 - Epoc #	4530	 12.48418402671814
2023-07-13 05:14:48.043960 - Epoc #	4540	 13.731873035430908
2023-07-13 05:15:01.580038 - Epoc #	4550	 13.536077976226807
2023-07-13 05:15:14.357217 - Epoc #	4560	 12.77717900276184
2023-07-13 05:15:29.024792 - Epoc #	4570	 14.667574882507324
2023-07-13 05:15:41.823591 - Epoc #	4580	 12.79879903793335
2023-07-13 05:15:55.035447 - Epoc #	4590	 13.2118558883667
2023-07-13 05:16:08.259813 - Epoc #	4600	 13.224366188049316
2023-07-13 05:16:21.190735 - Epoc #	4610	 12.930922031402588
2023-07-13 05:16:33.574096 - Epoc #	4620	 12.383360862731934
2023-07-13 05:16:46.488464 - Epoc #	4630	 12.914368152618408
2023-07-13 05:16:59.917594 - Epoc #	4640	 13.429129838943481
2023-07-13 05:17:13.582388 - Epoc #	4650	 13.664793968200684
2023-07-13 05:17:27.125929 - Epoc #	4660	 13.543541193008423
2023-07-13 05:17:40.380147 - Epoc #	4670	 13.254217863082886
2023-07-13 05:17:53.057061 - Epoc #	4680	 12.676913976669312
2023-07-13 05:18:06.674341 - Epoc #	4690	 13.617280006408691
2023-07-13 05:18:20.355252 - Epoc #	4700	 13.68091106414795
2023-07-13 05:18:33.845538 - Epoc #	4710	 13.490285873413086
2023-07-13 05:18:46.979237 - Epoc #	4720	 13.133699178695679
2023-07-13 05:19:00.368081 - Epoc #	4730	 13.388844013214111
2023-07-13 05:19:13.600337 - Epoc #	4740	 13.232255935668945
2023-07-13 05:19:27.092429 - Epoc #	4750	 13.49209189414978
2023-07-13 05:19:40.694870 - Epoc #	4760	 13.60244107246399
2023-07-13 05:19:54.003767 - Epoc #	4770	 13.308897018432617
2023-07-13 05:20:07.920508 - Epoc #	4780	 13.916740894317627
2023-07-13 05:20:22.396019 - Epoc #	4790	 14.475511074066162
2023-07-13 05:20:35.622208 - Epoc #	4800	 13.226189136505127
2023-07-13 05:20:48.925209 - Epoc #	4810	 13.303000926971436
2023-07-13 05:21:02.306608 - Epoc #	4820	 13.381398916244507
2023-07-13 05:21:15.699735 - Epoc #	4830	 13.393126964569092
2023-07-13 05:21:28.939516 - Epoc #	4840	 13.239781141281128
2023-07-13 05:21:42.511902 - Epoc #	4850	 13.572386026382446
2023-07-13 05:21:55.622263 - Epoc #	4860	 13.110360860824585
2023-07-13 05:22:08.677761 - Epoc #	4870	 13.055498123168945
2023-07-13 05:22:21.832796 - Epoc #	4880	 13.155035018920898
2023-07-13 05:22:35.425423 - Epoc #	4890	 13.592626810073853
2023-07-13 05:22:48.356450 - Epoc #	4900	 12.931027173995972
2023-07-13 05:23:01.241437 - Epoc #	4910	 12.884986877441406
2023-07-13 05:23:15.099113 - Epoc #	4920	 13.857676029205322
2023-07-13 05:23:28.026732 - Epoc #	4930	 12.927618980407715
2023-07-13 05:23:41.992786 - Epoc #	4940	 13.96605396270752
2023-07-13 05:23:54.793479 - Epoc #	4950	 12.800693035125732
2023-07-13 05:24:08.901471 - Epoc #	4960	 14.107991933822632
2023-07-13 05:24:21.975826 - Epoc #	4970	 13.074355125427246
2023-07-13 05:24:35.714419 - Epoc #	4980	 13.738592863082886
2023-07-13 05:24:49.410727 - Epoc #	4990	 13.696308135986328
2023-07-13 05:25:02.101806 - Epoc #	5000	 12.691078901290894
2023-07-13 05:25:15.258639 - Epoc #	5010	 13.156833171844482
2023-07-13 05:25:28.375733 - Epoc #	5020	 13.117093801498413
2023-07-13 05:25:41.932293 - Epoc #	5030	 13.556560039520264
2023-07-13 05:25:55.193604 - Epoc #	5040	 13.261311054229736
2023-07-13 05:26:08.466549 - Epoc #	5050	 13.272944927215576
2023-07-13 05:26:21.427325 - Epoc #	5060	 12.960776090621948
2023-07-13 05:26:34.995055 - Epoc #	5070	 13.567729949951172
2023-07-13 05:26:49.021839 - Epoc #	5080	 14.02678394317627
2023-07-13 05:27:02.057857 - Epoc #	5090	 13.036018133163452
2023-07-13 05:27:15.137968 - Epoc #	5100	 13.080111026763916
2023-07-13 05:27:28.307527 - Epoc #	5110	 13.169559001922607
2023-07-13 05:27:41.459215 - Epoc #	5120	 13.151687860488892
2023-07-13 05:27:55.967672 - Epoc #	5130	 14.50845718383789
2023-07-13 05:28:09.976513 - Epoc #	5140	 14.008840799331665
2023-07-13 05:28:23.363212 - Epoc #	5150	 13.386699199676514
2023-07-13 05:28:38.778163 - Epoc #	5160	 15.414950847625732
2023-07-13 05:28:51.275938 - Epoc #	5170	 12.497775077819824
2023-07-13 05:29:04.359464 - Epoc #	5180	 13.083525896072388
2023-07-13 05:29:17.823329 - Epoc #	5190	 13.463865041732788
2023-07-13 05:29:31.430076 - Epoc #	5200	 13.606746912002563
2023-07-13 05:29:44.451034 - Epoc #	5210	 13.020958185195923
2023-07-13 05:29:57.534343 - Epoc #	5220	 13.083308935165405
2023-07-13 05:30:11.760358 - Epoc #	5230	 14.226015090942383
2023-07-13 05:30:25.129806 - Epoc #	5240	 13.369447946548462
2023-07-13 05:30:38.421302 - Epoc #	5250	 13.29149603843689
2023-07-13 05:30:51.364940 - Epoc #	5260	 12.94363784790039
2023-07-13 05:31:05.652252 - Epoc #	5270	 14.287312030792236
2023-07-13 05:31:19.472307 - Epoc #	5280	 13.82005500793457
2023-07-13 05:31:33.222961 - Epoc #	5290	 13.750653982162476
2023-07-13 05:31:46.642263 - Epoc #	5300	 13.419301986694336
2023-07-13 05:32:00.029702 - Epoc #	5310	 13.387439012527466
2023-07-13 05:32:06.728516 - Time between reward step: #	6923.0349860191345
2023-07-13 05:32:06.728516 - Average Score: 23.00 Elapsed time: 1:55:24.300576
2023-07-13 05:32:08.169532 - Time between reward step: #	6924.4760019779205
2023-07-13 05:32:08.169532 - Average Score: 24.00 Elapsed time: 1:55:25.753394
2023-07-13 05:32:13.554837 - Epoc #	5320	 13.525135040283203
2023-07-13 05:32:21.722976 - Time between reward step: #	6938.029445886612
2023-07-13 05:32:21.722976 - Average Score: 25.00 Elapsed time: 1:55:39.299578
2023-07-13 05:32:26.965470 - Epoc #	5330	 13.410633087158203
2023-07-13 05:32:39.724553 - Epoc #	5340	 12.759083032608032
2023-07-13 05:32:52.682917 - Epoc #	5350	 12.958364009857178
2023-07-13 05:33:04.866473 - Epoc #	5360	 12.183555841445923
2023-07-13 05:33:18.022690 - Epoc #	5370	 13.156217098236084
2023-07-13 05:33:31.094196 - Epoc #	5380	 13.071506023406982
2023-07-13 05:33:43.777411 - Epoc #	5390	 12.683214902877808
2023-07-13 05:33:58.099651 - Epoc #	5400	 14.322240114212036
2023-07-13 05:34:10.859023 - Epoc #	5410	 12.759371995925903
2023-07-13 05:34:24.506857 - Epoc #	5420	 13.647833824157715
2023-07-13 05:34:36.804445 - Epoc #	5430	 12.297588109970093
2023-07-13 05:34:50.154817 - Epoc #	5440	 13.350372076034546
2023-07-13 05:35:04.160330 - Epoc #	5450	 14.005512952804565
2023-07-13 05:35:17.595482 - Epoc #	5460	 13.435152053833008
2023-07-13 05:35:29.991761 - Epoc #	5470	 12.396278858184814
2023-07-13 05:35:43.109491 - Epoc #	5480	 13.117730140686035
2023-07-13 05:35:56.426753 - Epoc #	5490	 13.317261934280396
2023-07-13 05:36:10.959554 - Epoc #	5500	 14.532800912857056
2023-07-13 05:36:24.410563 - Epoc #	5510	 13.451009035110474
2023-07-13 05:36:37.367774 - Epoc #	5520	 12.957211017608643
2023-07-13 05:36:51.910362 - Epoc #	5530	 14.542587995529175
2023-07-13 05:37:05.040353 - Epoc #	5540	 13.129991054534912
2023-07-13 05:37:19.297950 - Epoc #	5550	 14.257596969604492
2023-07-13 05:37:32.474599 - Epoc #	5560	 13.17664885520935
2023-07-13 05:37:46.436184 - Epoc #	5570	 13.96158504486084
2023-07-13 05:38:00.120344 - Epoc #	5580	 13.684159994125366
2023-07-13 05:38:14.018522 - Epoc #	5590	 13.898178100585938
2023-07-13 05:38:27.857604 - Epoc #	5600	 13.83908200263977
2023-07-13 05:38:41.678657 - Epoc #	5610	 13.82105302810669
2023-07-13 05:38:54.472713 - Epoc #	5620	 12.794055938720703
2023-07-13 05:39:08.033996 - Epoc #	5630	 13.561283111572266
2023-07-13 05:39:21.996092 - Epoc #	5640	 13.962095975875854
2023-07-13 05:39:35.360425 - Epoc #	5650	 13.364332914352417
2023-07-13 05:39:48.988196 - Epoc #	5660	 13.627770900726318
2023-07-13 05:40:03.108621 - Epoc #	5670	 14.12042498588562
2023-07-13 05:40:15.962325 - Epoc #	5680	 12.85370421409607
2023-07-13 05:40:29.612849 - Epoc #	5690	 13.650523900985718
2023-07-13 05:40:41.725766 - Epoc #	5700	 12.112916946411133
2023-07-13 05:40:55.529114 - Epoc #	5710	 13.803348064422607
2023-07-13 05:41:08.814808 - Epoc #	5720	 13.285693883895874
2023-07-13 05:41:23.497426 - Epoc #	5730	 14.682618141174316
2023-07-13 05:41:36.438974 - Epoc #	5740	 12.941547870635986
2023-07-13 05:41:51.044812 - Epoc #	5750	 14.605838060379028
2023-07-13 05:42:05.211126 - Epoc #	5760	 14.166314125061035
2023-07-13 05:42:20.393055 - Epoc #	5770	 15.181928873062134
2023-07-13 05:42:34.230714 - Epoc #	5780	 13.837659120559692
2023-07-13 05:42:47.114224 - Epoc #	5790	 12.883509874343872
2023-07-13 05:43:00.612260 - Epoc #	5800	 13.49803614616394
2023-07-13 05:43:14.750589 - Epoc #	5810	 14.138328790664673
2023-07-13 05:43:28.358322 - Epoc #	5820	 13.607733011245728
2023-07-13 05:43:43.084381 - Epoc #	5830	 14.726059198379517
2023-07-13 05:43:56.104101 - Epoc #	5840	 13.01971983909607
2023-07-13 05:44:11.585011 - Epoc #	5850	 15.480910062789917
2023-07-13 05:44:24.587846 - Epoc #	5860	 13.002835035324097
2023-07-13 05:44:39.332565 - Epoc #	5870	 14.7447190284729
2023-07-13 05:44:53.327407 - Time between reward step: #	7689.633876800537
2023-07-13 05:44:53.327407 - Average Score: 26.00 Elapsed time: 2:08:10.903946
2023-07-13 05:44:53.327407 - Epoc #	5880	 13.994841814041138
2023-07-13 05:44:57.160943 - Time between reward step: #	7693.467412948608
2023-07-13 05:44:57.160943 - Average Score: 27.00 Elapsed time: 2:08:14.732182
2023-07-13 05:45:02.969318 - Time between reward step: #	7699.275787830353
2023-07-13 05:45:02.969318 - Average Score: 28.00 Elapsed time: 2:08:20.543406
2023-07-13 05:45:06.786877 - Epoc #	5890	 13.45947003364563
2023-07-13 05:45:12.328616 - Time between reward step: #	7708.635085821152
2023-07-13 05:45:12.328616 - Average Score: 29.00 Elapsed time: 2:08:29.911739
2023-07-13 05:45:21.656195 - Epoc #	5900	 14.869318008422852
2023-07-13 05:45:34.883034 - Epoc #	5910	 13.226839065551758
2023-07-13 05:45:47.699998 - Epoc #	5920	 12.816963911056519
2023-07-13 05:46:01.506019 - Epoc #	5930	 13.806021213531494
2023-07-13 05:46:15.594468 - Epoc #	5940	 14.088449001312256
2023-07-13 05:46:29.276535 - Epoc #	5950	 13.682066917419434
2023-07-13 05:46:43.147606 - Epoc #	5960	 13.871070861816406
2023-07-13 05:46:58.178915 - Epoc #	5970	 15.031309127807617
2023-07-13 05:47:11.361187 - Epoc #	5980	 13.182271957397461
2023-07-13 05:47:25.622908 - Epoc #	5990	 14.261721134185791
2023-07-13 05:47:38.628743 - Epoc #	6000	 13.005834817886353
2023-07-13 05:47:51.541684 - Epoc #	6010	 12.912940979003906
2023-07-13 05:48:04.674555 - Epoc #	6020	 13.132871150970459
2023-07-13 05:48:18.030997 - Epoc #	6030	 13.356441974639893
2023-07-13 05:48:30.977945 - Epoc #	6040	 12.946948051452637
2023-07-13 05:48:44.120566 - Epoc #	6050	 13.14262080192566
2023-07-13 05:48:57.854649 - Epoc #	6060	 13.73408317565918
2023-07-13 05:49:11.636967 - Epoc #	6070	 13.782317876815796
2023-07-13 05:49:24.603223 - Epoc #	6080	 12.966256141662598
2023-07-13 05:49:38.725856 - Epoc #	6090	 14.12263298034668
2023-07-13 05:49:52.198599 - Epoc #	6100	 13.472743034362793
2023-07-13 05:50:06.313473 - Epoc #	6110	 14.114873886108398
2023-07-13 05:50:20.932508 - Epoc #	6120	 14.619035005569458
2023-07-13 05:50:35.505617 - Epoc #	6130	 14.573108911514282
2023-07-13 05:50:49.377522 - Epoc #	6140	 13.871905088424683
2023-07-13 05:51:03.089374 - Epoc #	6150	 13.711852073669434
2023-07-13 05:51:16.848489 - Epoc #	6160	 13.759114980697632
2023-07-13 05:51:30.362509 - Epoc #	6170	 13.514019966125488
2023-07-13 05:51:34.410221 - Time between reward step: #	8090.716691017151
2023-07-13 05:51:34.410221 - Average Score: 30.00 Elapsed time: 2:14:51.981909
2023-07-13 05:51:35.835418 - Time between reward step: #	8092.1418879032135
2023-07-13 05:51:35.835418 - Average Score: 31.00 Elapsed time: 2:14:53.419360
2023-07-13 05:51:40.544323 - Time between reward step: #	8096.850792884827
2023-07-13 05:51:40.544323 - Average Score: 32.00 Elapsed time: 2:14:58.125615
2023-07-13 05:51:44.522280 - Epoc #	6180	 14.159770965576172
2023-07-13 05:51:59.319030 - Epoc #	6190	 14.79675006866455
2023-07-13 05:52:00.820445 - Time between reward step: #	8117.126914978027
2023-07-13 05:52:00.820445 - Average Score: 33.00 Elapsed time: 2:15:18.395307
2023-07-13 05:52:12.761942 - Epoc #	6200	 13.442911863327026
2023-07-13 05:52:19.666636 - Time between reward step: #	8135.97310590744
2023-07-13 05:52:19.666636 - Average Score: 34.00 Elapsed time: 2:15:37.239724
2023-07-13 05:52:26.590599 - Epoc #	6210	 13.828657150268555
2023-07-13 05:52:28.087585 - Time between reward step: #	8144.394054889679
2023-07-13 05:52:28.087585 - Average Score: 35.00 Elapsed time: 2:15:45.663235
2023-07-13 05:52:32.252218 - Time between reward step: #	8148.558687925339
2023-07-13 05:52:32.252218 - Average Score: 36.00 Elapsed time: 2:15:49.834481
2023-07-13 05:52:36.508872 - Time between reward step: #	8152.815341949463
2023-07-13 05:52:36.508872 - Average Score: 37.00 Elapsed time: 2:15:54.081721
2023-07-13 05:52:40.341795 - Epoc #	6220	 13.751195907592773
2023-07-13 05:52:41.892032 - Time between reward step: #	8158.198501825333
2023-07-13 05:52:41.892032 - Average Score: 38.00 Elapsed time: 2:15:59.465869
2023-07-13 05:52:54.208839 - Epoc #	6230	 13.86704397201538
2023-07-13 05:52:57.088200 - Time between reward step: #	8173.394670009613
2023-07-13 05:52:57.088200 - Average Score: 39.00 Elapsed time: 2:16:14.669433
2023-07-13 05:53:08.550624 - Epoc #	6240	 14.341784954071045
2023-07-13 05:53:22.325026 - Time between reward step: #	8198.631495952606
2023-07-13 05:53:22.325026 - Average Score: 40.00 Elapsed time: 2:16:39.907650
2023-07-13 05:53:22.325026 - Epoc #	6250	 13.774402141571045
2023-07-13 05:53:35.506540 - Epoc #	6260	 13.181514024734497
2023-07-13 05:53:48.652910 - Epoc #	6270	 13.146369934082031
2023-07-13 05:54:02.534614 - Epoc #	6280	 13.881704092025757
2023-07-13 05:54:16.179258 - Epoc #	6290	 13.644644021987915
2023-07-13 05:54:29.559279 - Epoc #	6300	 13.3800208568573
2023-07-13 05:54:43.089562 - Epoc #	6310	 13.530282974243164
2023-07-13 05:54:57.131449 - Epoc #	6320	 14.041887044906616
2023-07-13 05:55:10.729859 - Epoc #	6330	 13.59841012954712
2023-07-13 05:55:24.315301 - Epoc #	6340	 13.585441827774048
2023-07-13 05:55:37.756393 - Epoc #	6350	 13.441092014312744
2023-07-13 05:55:51.127328 - Epoc #	6360	 13.370934963226318
2023-07-13 05:56:05.199200 - Epoc #	6370	 14.071871995925903
2023-07-13 05:56:19.162554 - Epoc #	6380	 13.963354110717773
2023-07-13 05:56:33.144534 - Epoc #	6390	 13.981980085372925
2023-07-13 05:56:46.196844 - Epoc #	6400	 13.0523099899292
2023-07-13 05:56:59.798371 - Epoc #	6410	 13.601526975631714
2023-07-13 05:57:14.168479 - Epoc #	6420	 14.370107889175415
2023-07-13 05:57:27.612535 - Epoc #	6430	 13.444056034088135
2023-07-13 05:57:40.542374 - Epoc #	6440	 12.92983889579773
2023-07-13 05:57:56.289118 - Epoc #	6450	 15.746744155883789
2023-07-13 05:58:10.086885 - Epoc #	6460	 13.797766923904419
2023-07-13 05:58:24.520025 - Epoc #	6470	 14.43314003944397
2023-07-13 05:58:38.496606 - Epoc #	6480	 13.97658109664917
2023-07-13 05:58:52.208223 - Epoc #	6490	 13.71161699295044
2023-07-13 05:59:05.891859 - Epoc #	6500	 13.683635950088501
2023-07-13 05:59:19.308530 - Epoc #	6510	 13.41667103767395
2023-07-13 05:59:32.537688 - Epoc #	6520	 13.2291579246521
2023-07-13 05:59:45.809923 - Epoc #	6530	 13.272234916687012
2023-07-13 06:00:00.440861 - Epoc #	6540	 14.630938053131104
2023-07-13 06:00:13.624742 - Epoc #	6550	 13.183881044387817
2023-07-13 06:00:27.306918 - Epoc #	6560	 13.682175874710083
2023-07-13 06:00:41.789293 - Epoc #	6570	 14.482375144958496
2023-07-13 06:00:55.333043 - Epoc #	6580	 13.543750047683716
2023-07-13 06:01:08.611553 - Epoc #	6590	 13.278509855270386
2023-07-13 06:01:22.251772 - Epoc #	6600	 13.64021897315979
2023-07-13 06:01:36.343459 - Epoc #	6610	 14.091686964035034
2023-07-13 06:01:49.550923 - Epoc #	6620	 13.207464218139648
2023-07-13 06:02:02.382217 - Epoc #	6630	 12.831293821334839
2023-07-13 06:02:16.050035 - Epoc #	6640	 13.667818069458008
2023-07-13 06:02:29.320778 - Epoc #	6650	 13.270742893218994
2023-07-13 06:02:43.450600 - Epoc #	6660	 14.129822015762329
2023-07-13 06:02:58.979243 - Epoc #	6670	 15.528643131256104
2023-07-13 06:03:12.691002 - Epoc #	6680	 13.711758852005005
2023-07-13 06:03:26.642739 - Epoc #	6690	 13.95173716545105
2023-07-13 06:03:40.631547 - Epoc #	6700	 13.988807916641235
2023-07-13 06:03:54.190511 - Epoc #	6710	 13.558964014053345
2023-07-13 06:04:08.743097 - Epoc #	6720	 14.552586078643799
2023-07-13 06:04:22.366451 - Epoc #	6730	 13.623353958129883
2023-07-13 06:04:35.978811 - Epoc #	6740	 13.612360000610352
2023-07-13 06:04:50.629443 - Epoc #	6750	 14.65063190460205
2023-07-13 06:05:04.770218 - Epoc #	6760	 14.140774965286255
2023-07-13 06:05:18.563516 - Epoc #	6770	 13.79329800605774
2023-07-13 06:05:33.009983 - Epoc #	6780	 14.446467161178589
2023-07-13 06:05:46.778504 - Epoc #	6790	 13.768520832061768
2023-07-13 06:05:59.905758 - Epoc #	6800	 13.127254009246826
2023-07-13 06:06:14.259086 - Epoc #	6810	 14.353327989578247
2023-07-13 06:06:28.759601 - Epoc #	6820	 14.500515222549438
2023-07-13 06:06:43.785355 - Epoc #	6830	 15.02575397491455
2023-07-13 06:06:58.408977 - Epoc #	6840	 14.623621940612793
2023-07-13 06:07:11.899680 - Epoc #	6850	 13.490702867507935
2023-07-13 06:07:25.057406 - Epoc #	6860	 13.15671706199646
2023-07-13 06:07:38.836394 - Epoc #	6870	 13.778988122940063
2023-07-13 06:07:52.453256 - Epoc #	6880	 13.616861820220947
2023-07-13 06:08:05.994091 - Epoc #	6890	 13.54083514213562
2023-07-13 06:08:21.422419 - Epoc #	6900	 15.428328037261963
2023-07-13 06:08:34.759505 - Epoc #	6910	 13.337085962295532
2023-07-13 06:08:49.151865 - Epoc #	6920	 14.392359972000122
2023-07-13 06:09:02.775794 - Epoc #	6930	 13.623929023742676
2023-07-13 06:09:16.647086 - Epoc #	6940	 13.871291875839233
2023-07-13 06:09:30.403916 - Epoc #	6950	 13.756829977035522
2023-07-13 06:09:44.555413 - Epoc #	6960	 14.15149712562561
2023-07-13 06:09:58.867606 - Epoc #	6970	 14.312192916870117
2023-07-13 06:10:12.872194 - Epoc #	6980	 14.00458812713623
2023-07-13 06:10:26.344518 - Epoc #	6990	 13.472323894500732
2023-07-13 06:10:39.776712 - Epoc #	7000	 13.432193994522095
2023-07-13 06:10:53.486635 - Epoc #	7010	 13.709923028945923
2023-07-13 06:11:07.293755 - Epoc #	7020	 13.807120084762573
2023-07-13 06:11:20.613898 - Epoc #	7030	 13.320142984390259
2023-07-13 06:11:33.767729 - Epoc #	7040	 13.153831005096436
2023-07-13 06:11:47.433316 - Epoc #	7050	 13.665586948394775
2023-07-13 06:12:01.534657 - Epoc #	7060	 14.101341009140015
2023-07-13 06:12:15.279373 - Epoc #	7070	 13.744715929031372
2023-07-13 06:12:28.549397 - Epoc #	7080	 13.270024061203003
2023-07-13 06:12:42.633100 - Epoc #	7090	 14.08370304107666
2023-07-13 06:12:55.640955 - Epoc #	7100	 13.00785493850708
2023-07-13 06:13:10.502726 - Epoc #	7110	 14.86177110671997
2023-07-13 06:13:24.039973 - Epoc #	7120	 13.537246942520142
2023-07-13 06:13:37.392941 - Epoc #	7130	 13.337337970733643
2023-07-13 06:13:51.095165 - Epoc #	7140	 13.702224016189575
2023-07-13 06:14:05.024288 - Epoc #	7150	 13.929122924804688
2023-07-13 06:14:06.543970 - Time between reward step: #	9442.85044002533
2023-07-13 06:14:06.543970 - Average Score: 41.00 Elapsed time: 2:37:24.127395
2023-07-13 06:14:08.045260 - Time between reward step: #	9444.351729869843
2023-07-13 06:14:08.045260 - Average Score: 42.00 Elapsed time: 2:37:25.620801
2023-07-13 06:14:14.354256 - Time between reward step: #	9450.660725831985
2023-07-13 06:14:14.354256 - Average Score: 43.00 Elapsed time: 2:37:31.936457
2023-07-13 06:14:18.501515 - Time between reward step: #	9454.807984828949
2023-07-13 06:14:18.501515 - Average Score: 44.00 Elapsed time: 2:37:36.081245
2023-07-13 06:14:20.067085 - Time between reward step: #	9456.373554944992
2023-07-13 06:14:20.067085 - Average Score: 45.00 Elapsed time: 2:37:37.643510
2023-07-13 06:14:20.067085 - Epoc #	7160	 15.042797088623047
2023-07-13 06:14:34.677269 - Epoc #	7170	 14.610183954238892
2023-07-13 06:14:47.821043 - Epoc #	7180	 13.143774032592773
2023-07-13 06:14:50.481036 - Time between reward step: #	9486.787505865097
2023-07-13 06:14:50.481036 - Average Score: 46.00 Elapsed time: 2:38:08.050806
2023-07-13 06:15:01.259577 - Epoc #	7190	 13.438534021377563
2023-07-13 06:15:14.625885 - Epoc #	7200	 13.366307973861694
2023-07-13 06:15:27.808033 - Epoc #	7210	 13.182147979736328
2023-07-13 06:15:40.890268 - Epoc #	7220	 13.082235097885132
2023-07-13 06:15:54.607892 - Epoc #	7230	 13.717623949050903
2023-07-13 06:16:09.368393 - Epoc #	7240	 14.76050090789795
2023-07-13 06:16:23.120531 - Epoc #	7250	 13.752138137817383
2023-07-13 06:16:36.581837 - Epoc #	7260	 13.461305856704712
2023-07-13 06:16:51.610294 - Epoc #	7270	 15.028457164764404
2023-07-13 06:17:05.352178 - Epoc #	7280	 13.741883993148804
2023-07-13 06:17:19.737108 - Epoc #	7290	 14.384929895401001
2023-07-13 06:17:32.791095 - Epoc #	7300	 13.0539870262146
2023-07-13 06:17:45.936747 - Epoc #	7310	 13.145652055740356
2023-07-13 06:17:59.463343 - Epoc #	7320	 13.526595830917358
2023-07-13 06:18:13.397790 - Epoc #	7330	 13.934447050094604
2023-07-13 06:18:26.779364 - Epoc #	7340	 13.381574153900146
2023-07-13 06:18:40.566764 - Epoc #	7350	 13.787400007247925
2023-07-13 06:18:55.858636 - Epoc #	7360	 15.291871786117554
2023-07-13 06:19:09.549718 - Epoc #	7370	 13.691082000732422
2023-07-13 06:19:22.899338 - Epoc #	7380	 13.34962010383606
2023-07-13 06:19:36.806891 - Epoc #	7390	 13.90755295753479
2023-07-13 06:19:50.790848 - Epoc #	7400	 13.983957052230835
2023-07-13 06:20:05.503568 - Epoc #	7410	 14.712719917297363
2023-07-13 06:20:08.446547 - Time between reward step: #	9804.7530169487
2023-07-13 06:20:08.446547 - Average Score: 47.00 Elapsed time: 2:43:26.017962
2023-07-13 06:20:19.034727 - Epoc #	7420	 13.531159162521362
2023-07-13 06:20:32.813279 - Epoc #	7430	 13.778551816940308
2023-07-13 06:20:48.964022 - Epoc #	7440	 16.150743007659912
2023-07-13 06:21:03.463856 - Epoc #	7450	 14.499834060668945
2023-07-13 06:21:17.485417 - Epoc #	7460	 14.021560907363892
2023-07-13 06:21:30.317979 - Epoc #	7470	 12.83256220817566
2023-07-13 06:21:44.157691 - Epoc #	7480	 13.839711904525757
2023-07-13 06:21:57.981455 - Epoc #	7490	 13.823764085769653
2023-07-13 06:22:11.485659 - Epoc #	7500	 13.504203796386719
2023-07-13 06:22:24.957566 - Epoc #	7510	 13.471907138824463
2023-07-13 06:22:39.065715 - Epoc #	7520	 14.10814905166626
2023-07-13 06:22:52.338193 - Epoc #	7530	 13.272477865219116
2023-07-13 06:23:06.176103 - Epoc #	7540	 13.837910175323486
2023-07-13 06:23:19.599308 - Epoc #	7550	 13.423204898834229
2023-07-13 06:23:32.844941 - Epoc #	7560	 13.245632886886597
2023-07-13 06:23:47.390428 - Epoc #	7570	 14.54548716545105
2023-07-13 06:23:51.601604 - Time between reward step: #	10027.90807390213
2023-07-13 06:23:51.601604 - Average Score: 48.00 Elapsed time: 2:47:09.177212
2023-07-13 06:24:02.142350 - Epoc #	7580	 14.751921892166138
2023-07-13 06:24:16.305526 - Epoc #	7590	 14.1631760597229
2023-07-13 06:24:30.115350 - Epoc #	7600	 13.809823989868164
2023-07-13 06:24:38.385373 - Time between reward step: #	10074.691843032837
2023-07-13 06:24:38.385373 - Average Score: 49.00 Elapsed time: 2:47:55.967955
2023-07-13 06:24:42.531606 - Time between reward step: #	10078.838075876236
2023-07-13 06:24:42.531606 - Average Score: 50.00 Elapsed time: 2:48:00.104187
2023-07-13 06:24:44.002969 - Time between reward step: #	10080.309438943863
2023-07-13 06:24:44.002969 - Average Score: 51.00 Elapsed time: 2:48:01.586960
2023-07-13 06:24:44.018632 - Epoc #	7610	 13.903281927108765
2023-07-13 06:24:56.716690 - Epoc #	7620	 12.698058128356934
2023-07-13 06:25:11.211336 - Epoc #	7630	 14.494645833969116
2023-07-13 06:25:25.537320 - Epoc #	7640	 14.325984001159668
2023-07-13 06:25:38.944178 - Epoc #	7650	 13.406858205795288
2023-07-13 06:25:52.582699 - Epoc #	7660	 13.638520956039429
2023-07-13 06:26:05.511007 - Epoc #	7670	 12.928308010101318
2023-07-13 06:26:19.822618 - Epoc #	7680	 14.31161093711853
2023-07-13 06:26:33.378560 - Epoc #	7690	 13.555942058563232
2023-07-13 06:26:47.636619 - Epoc #	7700	 14.258059024810791
2023-07-13 06:27:01.209820 - Epoc #	7710	 13.573200941085815
2023-07-13 06:27:14.638218 - Epoc #	7720	 13.42839789390564
2023-07-13 06:27:28.368860 - Epoc #	7730	 13.730642080307007
2023-07-13 06:27:42.281707 - Epoc #	7740	 13.91284704208374
2023-07-13 06:27:57.226516 - Epoc #	7750	 14.944808959960938
2023-07-13 06:28:11.374445 - Epoc #	7760	 14.147928953170776
2023-07-13 06:28:24.828929 - Epoc #	7770	 13.454483985900879
2023-07-13 06:28:38.429107 - Epoc #	7780	 13.600178003311157
2023-07-13 06:28:52.347572 - Epoc #	7790	 13.91846513748169
2023-07-13 06:29:05.573416 - Epoc #	7800	 13.225843906402588
2023-07-13 06:29:19.174025 - Epoc #	7810	 13.600609064102173
2023-07-13 06:29:33.941226 - Epoc #	7820	 14.767200946807861
2023-07-13 06:29:47.396946 - Epoc #	7830	 13.455719947814941
2023-07-13 06:30:01.503532 - Epoc #	7840	 14.10658597946167
2023-07-13 06:30:15.025916 - Epoc #	7850	 13.52238416671753
2023-07-13 06:30:28.325746 - Epoc #	7860	 13.299829959869385
2023-07-13 06:30:42.265889 - Epoc #	7870	 13.94014286994934
2023-07-13 06:30:55.989214 - Epoc #	7880	 13.72332501411438
2023-07-13 06:31:09.750897 - Epoc #	7890	 13.761682987213135
2023-07-13 06:31:23.582312 - Epoc #	7900	 13.831415176391602
2023-07-13 06:31:37.517786 - Epoc #	7910	 13.935473918914795
2023-07-13 06:31:51.371006 - Epoc #	7920	 13.853219985961914
2023-07-13 06:32:05.174930 - Epoc #	7930	 13.803924083709717
2023-07-13 06:32:21.265380 - Epoc #	7940	 16.090449810028076
2023-07-13 06:32:35.241625 - Epoc #	7950	 13.976245164871216
2023-07-13 06:32:49.209461 - Epoc #	7960	 13.967835903167725
2023-07-13 06:33:02.842832 - Epoc #	7970	 13.633371114730835
2023-07-13 06:33:07.227646 - Time between reward step: #	10583.53411602974
2023-07-13 06:33:07.227646 - Average Score: 52.00 Elapsed time: 2:56:24.809951
2023-07-13 06:33:10.040653 - Time between reward step: #	10586.347122907639
2023-07-13 06:33:10.040653 - Average Score: 53.00 Elapsed time: 2:56:27.610054
2023-07-13 06:33:11.484959 - Time between reward step: #	10587.791428804398
2023-07-13 06:33:11.484959 - Average Score: 54.00 Elapsed time: 2:56:29.067913
2023-07-13 06:33:15.459507 - Time between reward step: #	10591.765976905823
2023-07-13 06:33:15.459507 - Average Score: 55.00 Elapsed time: 2:56:33.041592
2023-07-13 06:33:16.821791 - Epoc #	7980	 13.97895884513855
2023-07-13 06:33:30.768938 - Epoc #	7990	 13.947147130966187
2023-07-13 06:33:33.855681 - Time between reward step: #	10610.162150859833
2023-07-13 06:33:33.855681 - Average Score: 56.00 Elapsed time: 2:56:51.433706
2023-07-13 06:33:40.804483 - Time between reward step: #	10617.110952854156
2023-07-13 06:33:40.804483 - Average Score: 57.00 Elapsed time: 2:56:58.379796
2023-07-13 06:33:46.202669 - Epoc #	8000	 15.433730840682983
2023-07-13 06:34:00.050367 - Epoc #	8010	 13.847698211669922
2023-07-13 06:34:13.480449 - Epoc #	8020	 13.430081844329834
2023-07-13 06:34:27.943469 - Epoc #	8030	 14.463020086288452
2023-07-13 06:34:42.206739 - Epoc #	8040	 14.263269901275635
2023-07-13 06:34:55.674378 - Epoc #	8050	 13.467638969421387
2023-07-13 06:35:09.631185 - Epoc #	8060	 13.956807136535645
2023-07-13 06:35:22.967191 - Epoc #	8070	 13.336005926132202
2023-07-13 06:35:36.346674 - Epoc #	8080	 13.379482984542847
2023-07-13 06:35:49.983169 - Epoc #	8090	 13.636495113372803
2023-07-13 06:36:03.415023 - Epoc #	8100	 13.431854009628296
2023-07-13 06:36:17.146063 - Epoc #	8110	 13.731040000915527
2023-07-13 06:36:31.290872 - Epoc #	8120	 14.144809007644653
2023-07-13 06:36:44.695841 - Epoc #	8130	 13.404968976974487
2023-07-13 06:36:58.580874 - Epoc #	8140	 13.885032892227173
2023-07-13 06:37:12.369261 - Epoc #	8150	 13.788387060165405
2023-07-13 06:37:26.519903 - Epoc #	8160	 14.150641918182373
2023-07-13 06:37:40.021915 - Epoc #	8170	 13.502012014389038
2023-07-13 06:37:53.581026 - Epoc #	8180	 13.55911111831665
2023-07-13 06:38:07.343895 - Epoc #	8190	 13.762868881225586
2023-07-13 06:38:20.599228 - Epoc #	8200	 13.255332946777344
2023-07-13 06:38:34.840956 - Epoc #	8210	 14.241728067398071
2023-07-13 06:38:48.282986 - Epoc #	8220	 13.44202995300293
2023-07-13 06:39:01.726030 - Epoc #	8230	 13.443044185638428
2023-07-13 06:39:15.640989 - Epoc #	8240	 13.914958953857422
2023-07-13 06:39:29.439360 - Epoc #	8250	 13.798370838165283
2023-07-13 06:39:42.713573 - Epoc #	8260	 13.274213075637817
2023-07-13 06:39:56.327521 - Epoc #	8270	 13.613948106765747
2023-07-13 06:40:10.380826 - Epoc #	8280	 14.05330491065979
2023-07-13 06:40:24.391525 - Epoc #	8290	 14.010699033737183
2023-07-13 06:40:37.637681 - Epoc #	8300	 13.246155977249146
2023-07-13 06:40:51.298535 - Epoc #	8310	 13.66085410118103
2023-07-13 06:41:05.187189 - Epoc #	8320	 13.888653993606567
2023-07-13 06:41:18.936277 - Epoc #	8330	 13.749087810516357
2023-07-13 06:41:32.254202 - Epoc #	8340	 13.317924976348877
2023-07-13 06:41:46.045356 - Epoc #	8350	 13.791154146194458
2023-07-13 06:41:59.713056 - Epoc #	8360	 13.667700052261353
2023-07-13 06:42:14.876040 - Epoc #	8370	 15.162983894348145
2023-07-13 06:42:28.069137 - Epoc #	8380	 13.193097114562988
2023-07-13 06:42:42.596488 - Epoc #	8390	 14.527350902557373
2023-07-13 06:42:56.326063 - Epoc #	8400	 13.729574918746948
2023-07-13 06:43:10.201119 - Epoc #	8410	 13.875056028366089
2023-07-13 06:43:23.769601 - Epoc #	8420	 13.568482160568237
2023-07-13 06:43:37.022332 - Epoc #	8430	 13.25273084640503
2023-07-13 06:43:51.095596 - Epoc #	8440	 14.073264122009277
2023-07-13 06:44:05.040521 - Epoc #	8450	 13.94492483139038
2023-07-13 06:44:18.312757 - Epoc #	8460	 13.272236108779907
2023-07-13 06:44:31.898088 - Epoc #	8470	 13.585330963134766
2023-07-13 06:44:44.887746 - Epoc #	8480	 12.989658117294312
2023-07-13 06:44:58.708302 - Epoc #	8490	 13.820555925369263
2023-07-13 06:45:11.717558 - Epoc #	8500	 13.00925588607788
2023-07-13 06:45:25.450470 - Epoc #	8510	 13.732912063598633
2023-07-13 06:45:38.140112 - Epoc #	8520	 12.689641952514648
2023-07-13 06:45:51.241616 - Epoc #	8530	 13.10150408744812
2023-07-13 06:46:05.345990 - Epoc #	8540	 14.104373931884766
2023-07-13 06:46:19.055823 - Epoc #	8550	 13.709833145141602
2023-07-13 06:46:32.750162 - Epoc #	8560	 13.69433879852295
2023-07-13 06:46:47.088529 - Epoc #	8570	 14.338367223739624
2023-07-13 06:47:00.644633 - Epoc #	8580	 13.556103944778442
2023-07-13 06:47:14.729499 - Epoc #	8590	 14.084866046905518
2023-07-13 06:47:28.285678 - Epoc #	8600	 13.55617880821228
2023-07-13 06:47:41.881543 - Epoc #	8610	 13.59586501121521
2023-07-13 06:47:55.107741 - Epoc #	8620	 13.226198196411133
2023-07-13 06:48:08.928081 - Epoc #	8630	 13.820339918136597
2023-07-13 06:48:23.689689 - Epoc #	8640	 14.761607885360718
2023-07-13 06:48:37.363150 - Epoc #	8650	 13.673460960388184
2023-07-13 06:48:51.030495 - Epoc #	8660	 13.66734504699707
2023-07-13 06:49:04.531023 - Epoc #	8670	 13.50052809715271
2023-07-13 06:49:19.161548 - Epoc #	8680	 14.63052487373352
2023-07-13 06:49:32.322227 - Epoc #	8690	 13.16067910194397
2023-07-13 06:49:46.360774 - Epoc #	8700	 14.038547039031982
2023-07-13 06:50:00.059475 - Epoc #	8710	 13.698700904846191
2023-07-13 06:50:13.682913 - Epoc #	8720	 13.623438119888306
2023-07-13 06:50:27.987885 - Epoc #	8730	 14.304971933364868
2023-07-13 06:50:41.525134 - Epoc #	8740	 13.537249088287354
2023-07-13 06:50:55.955923 - Epoc #	8750	 14.43078899383545
2023-07-13 06:51:10.008192 - Epoc #	8760	 14.052268981933594
2023-07-13 06:51:23.284063 - Epoc #	8770	 13.27587103843689
2023-07-13 06:51:36.380211 - Epoc #	8780	 13.096148014068604
2023-07-13 06:51:49.791257 - Epoc #	8790	 13.411045789718628
2023-07-13 06:52:03.087163 - Epoc #	8800	 13.295906066894531
2023-07-13 06:52:16.210383 - Epoc #	8810	 13.123219966888428
2023-07-13 06:52:30.077546 - Epoc #	8820	 13.867162942886353
2023-07-13 06:52:43.194345 - Epoc #	8830	 13.116799116134644
2023-07-13 06:52:57.070089 - Epoc #	8840	 13.875744104385376
2023-07-13 06:53:11.454343 - Epoc #	8850	 14.384253978729248
2023-07-13 06:53:25.483688 - Epoc #	8860	 14.029345035552979
2023-07-13 06:53:39.477364 - Epoc #	8870	 13.993675947189331
2023-07-13 06:53:53.065312 - Epoc #	8880	 13.587947845458984
2023-07-13 06:54:07.143241 - Epoc #	8890	 14.077929019927979
2023-07-13 06:54:20.901340 - Epoc #	8900	 13.75809907913208
2023-07-13 06:54:34.258493 - Epoc #	8910	 13.357152938842773
2023-07-13 06:54:48.474088 - Epoc #	8920	 14.215595006942749
2023-07-13 06:55:03.380074 - Epoc #	8930	 14.905986070632935
2023-07-13 06:55:17.191231 - Epoc #	8940	 13.811156988143921
2023-07-13 06:55:30.823488 - Epoc #	8950	 13.632256984710693
2023-07-13 06:55:36.489223 - Time between reward step: #	11932.795692920685
2023-07-13 06:55:36.489223 - Average Score: 58.00 Elapsed time: 3:18:54.065991
2023-07-13 06:55:44.478591 - Epoc #	8960	 13.655102968215942
2023-07-13 06:55:58.806612 - Epoc #	8970	 14.328021049499512
2023-07-13 06:56:12.585933 - Epoc #	8980	 13.77932095527649
2023-07-13 06:56:25.708677 - Epoc #	8990	 13.122744083404541
2023-07-13 06:56:39.202761 - Epoc #	9000	 13.494083881378174
2023-07-13 06:56:52.320990 - Epoc #	9010	 13.118229150772095
2023-07-13 06:57:05.627189 - Epoc #	9020	 13.306198835372925
2023-07-13 06:57:19.726190 - Epoc #	9030	 14.099001169204712
2023-07-13 06:57:33.438571 - Epoc #	9040	 13.71238088607788
2023-07-13 06:57:47.606244 - Epoc #	9050	 14.167673110961914
2023-07-13 06:58:00.900895 - Epoc #	9060	 13.29465103149414
2023-07-13 06:58:14.680382 - Epoc #	9070	 13.779486894607544
2023-07-13 06:58:28.414823 - Epoc #	9080	 13.734441041946411
2023-07-13 06:58:42.425047 - Epoc #	9090	 14.010223865509033
2023-07-13 06:58:56.606169 - Epoc #	9100	 14.181122064590454
2023-07-13 06:59:10.676457 - Epoc #	9110	 14.070287942886353
2023-07-13 06:59:17.469176 - Time between reward step: #	12153.775645971298
2023-07-13 06:59:17.469176 - Average Score: 59.00 Elapsed time: 3:22:35.051155
2023-07-13 06:59:21.736234 - Time between reward step: #	12158.042703866959
2023-07-13 06:59:21.736234 - Average Score: 60.00 Elapsed time: 3:22:39.305037
2023-07-13 06:59:23.178251 - Time between reward step: #	12159.484720945358
2023-07-13 06:59:23.178251 - Average Score: 61.00 Elapsed time: 3:22:40.754665
2023-07-13 06:59:24.587543 - Epoc #	9120	 13.911086082458496
2023-07-13 06:59:30.052477 - Time between reward step: #	12166.358946800232
2023-07-13 06:59:30.052477 - Average Score: 62.00 Elapsed time: 3:22:47.621216
2023-07-13 06:59:37.972720 - Epoc #	9130	 13.38517689704895
2023-07-13 06:59:51.764129 - Epoc #	9140	 13.791409015655518
2023-07-13 06:59:53.158797 - Time between reward step: #	12189.465266942978
2023-07-13 06:59:53.158797 - Average Score: 63.00 Elapsed time: 3:23:10.737004
2023-07-13 07:00:05.333779 - Epoc #	9150	 13.569650173187256
2023-07-13 07:00:18.710064 - Epoc #	9160	 13.376284837722778
2023-07-13 07:00:32.818206 - Epoc #	9170	 14.108142137527466
2023-07-13 07:00:46.339345 - Epoc #	9180	 13.521138906478882
2023-07-13 07:00:59.648110 - Epoc #	9190	 13.308764934539795
2023-07-13 07:01:12.663851 - Epoc #	9200	 13.015741109848022
2023-07-13 07:01:26.189830 - Epoc #	9210	 13.525979042053223
2023-07-13 07:01:39.606168 - Epoc #	9220	 13.416337966918945
2023-07-13 07:01:53.293223 - Epoc #	9230	 13.687054872512817
2023-07-13 07:02:07.630894 - Epoc #	9240	 14.337671041488647
2023-07-13 07:02:20.728978 - Epoc #	9250	 13.098083972930908
2023-07-13 07:02:34.627519 - Epoc #	9260	 13.89854097366333
2023-07-13 07:02:48.376982 - Epoc #	9270	 13.749463081359863
2023-07-13 07:03:02.059831 - Epoc #	9280	 13.682848930358887
2023-07-13 07:03:15.463297 - Epoc #	9290	 13.403465986251831
2023-07-13 07:03:29.401351 - Epoc #	9300	 13.938054084777832
2023-07-13 07:03:43.130010 - Epoc #	9310	 13.72865891456604
2023-07-13 07:03:56.624526 - Epoc #	9320	 13.494516134262085
2023-07-13 07:04:10.419654 - Epoc #	9330	 13.795127868652344
2023-07-13 07:04:24.263762 - Epoc #	9340	 13.84410810470581
2023-07-13 07:04:37.976606 - Epoc #	9350	 13.712843894958496
2023-07-13 07:04:51.783119 - Epoc #	9360	 13.80651307106018
2023-07-13 07:05:05.424030 - Epoc #	9370	 13.640911102294922
2023-07-13 07:05:19.295916 - Epoc #	9380	 13.871886014938354
2023-07-13 07:05:33.136378 - Epoc #	9390	 13.84046196937561
2023-07-13 07:05:46.660222 - Epoc #	9400	 13.523844003677368
2023-07-13 07:05:59.545547 - Epoc #	9410	 12.885324954986572
2023-07-13 07:06:12.944877 - Epoc #	9420	 13.399329900741577
2023-07-13 07:06:26.411508 - Epoc #	9430	 13.466631174087524
2023-07-13 07:06:40.344210 - Epoc #	9440	 13.932701826095581
2023-07-13 07:06:55.543842 - Epoc #	9450	 15.199632167816162
2023-07-13 07:07:08.364087 - Epoc #	9460	 12.820245027542114
2023-07-13 07:07:22.222664 - Epoc #	9470	 13.858577013015747
2023-07-13 07:07:36.422549 - Epoc #	9480	 14.19988489151001
2023-07-13 07:07:49.648785 - Epoc #	9490	 13.22623610496521
2023-07-13 07:08:03.539932 - Epoc #	9500	 13.891146898269653
2023-07-13 07:08:17.349181 - Epoc #	9510	 13.809248924255371
2023-07-13 07:08:30.918636 - Epoc #	9520	 13.56945514678955
2023-07-13 07:08:44.504618 - Epoc #	9530	 13.585981845855713
2023-07-13 07:08:58.238845 - Epoc #	9540	 13.734227180480957
2023-07-13 07:09:11.234514 - Epoc #	9550	 12.995668888092041
2023-07-13 07:09:24.870118 - Epoc #	9560	 13.635603904724121
2023-07-13 07:09:39.363736 - Epoc #	9570	 14.49361801147461
2023-07-13 07:09:53.904585 - Epoc #	9580	 14.540848970413208
2023-07-13 07:10:07.110489 - Epoc #	9590	 13.205904006958008
2023-07-13 07:10:20.570121 - Epoc #	9600	 13.459632158279419
2023-07-13 07:10:34.311510 - Epoc #	9610	 13.741389036178589
2023-07-13 07:10:48.201451 - Epoc #	9620	 13.889940977096558
2023-07-13 07:11:01.901446 - Epoc #	9630	 13.699995040893555
2023-07-13 07:11:15.774047 - Epoc #	9640	 13.872600793838501
2023-07-13 07:11:29.613443 - Epoc #	9650	 13.839395999908447
2023-07-13 07:11:43.412718 - Epoc #	9660	 13.799275159835815
2023-07-13 07:11:56.825902 - Epoc #	9670	 13.41318392753601
2023-07-13 07:12:10.619587 - Epoc #	9680	 13.793684959411621
2023-07-13 07:12:24.418386 - Epoc #	9690	 13.79879903793335
2023-07-13 07:12:38.619816 - Epoc #	9700	 14.201430082321167
2023-07-13 07:12:51.765901 - Epoc #	9710	 13.146085023880005
2023-07-13 07:13:05.956699 - Epoc #	9720	 14.190797805786133
2023-07-13 07:13:19.219456 - Epoc #	9730	 13.262757062911987
2023-07-13 07:13:32.571814 - Epoc #	9740	 13.352358102798462
2023-07-13 07:13:47.353435 - Epoc #	9750	 14.781620979309082
2023-07-13 07:14:00.927913 - Epoc #	9760	 13.574477910995483
2023-07-13 07:14:15.063109 - Epoc #	9770	 14.135195970535278
2023-07-13 07:14:28.528615 - Epoc #	9780	 13.465506076812744
2023-07-13 07:14:43.190139 - Epoc #	9790	 14.661524057388306
2023-07-13 07:14:56.652660 - Epoc #	9800	 13.462520837783813
2023-07-13 07:15:11.399254 - Epoc #	9810	 14.746594190597534
2023-07-13 07:15:24.842827 - Epoc #	9820	 13.443572998046875
2023-07-13 07:15:38.337300 - Epoc #	9830	 13.494472980499268
2023-07-13 07:15:51.674800 - Epoc #	9840	 13.337499856948853
2023-07-13 07:16:05.290788 - Epoc #	9850	 13.61598801612854
2023-07-13 07:16:19.040444 - Epoc #	9860	 13.749655961990356
2023-07-13 07:16:32.362246 - Epoc #	9870	 13.321802139282227
2023-07-13 07:16:45.938107 - Epoc #	9880	 13.575860977172852
2023-07-13 07:16:59.278050 - Epoc #	9890	 13.339942932128906
2023-07-13 07:17:12.709451 - Epoc #	9900	 13.431401014328003
2023-07-13 07:17:25.689081 - Epoc #	9910	 12.97962999343872
2023-07-13 07:17:39.062923 - Epoc #	9920	 13.373842000961304
2023-07-13 07:17:52.848097 - Epoc #	9930	 13.785174131393433
2023-07-13 07:18:07.108541 - Epoc #	9940	 14.260443925857544
2023-07-13 07:18:20.055625 - Epoc #	9950	 12.947083950042725
2023-07-13 07:18:33.766217 - Epoc #	9960	 13.710592031478882
2023-07-13 07:18:47.493925 - Epoc #	9970	 13.727708101272583
2023-07-13 07:19:01.372062 - Epoc #	9980	 13.87813687324524
2023-07-13 07:19:15.538614 - Epoc #	9990	 14.166552066802979
2023-07-13 07:19:29.109813 - Epoc #	10000	 13.5711989402771
2023-07-13 07:19:42.844397 - Epoc #	10010	 13.734584093093872
2023-07-13 07:19:56.790568 - Epoc #	10020	 13.946171045303345
2023-07-13 07:20:11.131412 - Epoc #	10030	 14.340843915939331
2023-07-13 07:20:24.738360 - Epoc #	10040	 13.606947898864746
2023-07-13 07:20:38.213482 - Epoc #	10050	 13.475121974945068
2023-07-13 07:20:52.331486 - Epoc #	10060	 14.118004083633423
2023-07-13 07:20:55.273264 - Time between reward step: #	13451.579733848572
2023-07-13 07:20:55.273264 - Average Score: 64.00 Elapsed time: 3:44:12.853107
2023-07-13 07:20:58.295376 - Time between reward step: #	13454.60184597969
2023-07-13 07:20:58.295376 - Average Score: 65.00 Elapsed time: 3:44:15.876792
2023-07-13 07:21:07.033077 - Epoc #	10070	 14.70159101486206
2023-07-13 07:21:19.836607 - Time between reward step: #	13476.143076896667
2023-07-13 07:21:19.836607 - Average Score: 66.00 Elapsed time: 3:44:37.412513
2023-07-13 07:21:21.354759 - Epoc #	10080	 14.32168197631836
2023-07-13 07:21:25.344694 - Time between reward step: #	13481.651163816452
2023-07-13 07:21:25.344694 - Average Score: 67.00 Elapsed time: 3:44:42.916620
2023-07-13 07:21:34.794580 - Epoc #	10090	 13.439821004867554
2023-07-13 07:21:48.943617 - Time between reward step: #	13505.250087022781
2023-07-13 07:21:48.943617 - Average Score: 68.00 Elapsed time: 3:45:06.526770
2023-07-13 07:21:48.943617 - Epoc #	10100	 14.14903712272644
2023-07-13 07:21:53.205749 - Time between reward step: #	13509.512218952179
2023-07-13 07:21:53.205749 - Average Score: 69.00 Elapsed time: 3:45:10.787199
2023-07-13 07:21:54.661085 - Time between reward step: #	13510.967554807663
2023-07-13 07:21:54.661085 - Average Score: 70.00 Elapsed time: 3:45:12.230174
2023-07-13 07:22:00.217167 - Time between reward step: #	13516.523636817932
2023-07-13 07:22:00.217167 - Average Score: 71.00 Elapsed time: 3:45:17.786240
2023-07-13 07:22:03.035404 - Epoc #	10110	 14.091786861419678
2023-07-13 07:22:08.936626 - Time between reward step: #	13525.243095874786
2023-07-13 07:22:08.936626 - Average Score: 72.00 Elapsed time: 3:45:26.512531
2023-07-13 07:22:18.268225 - Epoc #	10120	 15.232820987701416
2023-07-13 07:22:31.939712 - Epoc #	10130	 13.671487092971802
2023-07-13 07:22:45.825489 - Epoc #	10140	 13.885776996612549
2023-07-13 07:22:59.793151 - Epoc #	10150	 13.96766185760498
2023-07-13 07:23:13.703369 - Epoc #	10160	 13.910218000411987
2023-07-13 07:23:27.450560 - Epoc #	10170	 13.747191190719604
2023-07-13 07:23:41.461056 - Epoc #	10180	 14.010495901107788
2023-07-13 07:23:55.569954 - Epoc #	10190	 14.108897924423218
2023-07-13 07:24:09.505452 - Epoc #	10200	 13.935497999191284
2023-07-13 07:24:23.461756 - Epoc #	10210	 13.95630407333374
2023-07-13 07:24:37.337205 - Epoc #	10220	 13.875448942184448
2023-07-13 07:24:51.440806 - Epoc #	10230	 14.103600978851318
2023-07-13 07:25:05.720821 - Epoc #	10240	 14.280014991760254
2023-07-13 07:25:19.280446 - Epoc #	10250	 13.559625148773193
2023-07-13 07:25:33.021655 - Epoc #	10260	 13.741209030151367
2023-07-13 07:25:46.722459 - Epoc #	10270	 13.700803995132446
2023-07-13 07:26:00.015306 - Epoc #	10280	 13.292846918106079
2023-07-13 07:26:13.921067 - Epoc #	10290	 13.905761003494263
2023-07-13 07:26:27.869549 - Epoc #	10300	 13.948482036590576
2023-07-13 07:26:41.964303 - Epoc #	10310	 14.094753980636597
2023-07-13 07:26:55.694055 - Epoc #	10320	 13.72975206375122
2023-07-13 07:27:10.160400 - Epoc #	10330	 14.466344833374023
2023-07-13 07:27:23.382127 - Epoc #	10340	 13.221727132797241
2023-07-13 07:27:37.713544 - Epoc #	10350	 14.331416845321655
2023-07-13 07:27:51.152350 - Epoc #	10360	 13.438806056976318
2023-07-13 07:28:06.180462 - Epoc #	10370	 15.028111934661865
2023-07-13 07:28:10.523525 - Time between reward step: #	13886.829994916916
2023-07-13 07:28:10.523525 - Average Score: 73.00 Elapsed time: 3:51:28.104154
2023-07-13 07:28:16.504694 - Time between reward step: #	13892.811163902283
2023-07-13 07:28:16.504694 - Average Score: 74.00 Elapsed time: 3:51:34.083524
2023-07-13 07:28:18.069261 - Time between reward step: #	13894.375730991364
2023-07-13 07:28:18.069261 - Average Score: 75.00 Elapsed time: 3:51:35.640457
2023-07-13 07:28:19.539501 - Time between reward step: #	13895.845970869064
2023-07-13 07:28:19.539501 - Average Score: 76.00 Elapsed time: 3:51:37.108961
2023-07-13 07:28:20.919096 - Time between reward step: #	13897.22556591034
2023-07-13 07:28:20.919096 - Average Score: 77.00 Elapsed time: 3:51:38.502621
2023-07-13 07:28:20.919096 - Epoc #	10380	 14.73863410949707
2023-07-13 07:28:28.012740 - Time between reward step: #	13904.319209814072
2023-07-13 07:28:28.012740 - Average Score: 78.00 Elapsed time: 3:51:45.582210
2023-07-13 07:28:34.826882 - Epoc #	10390	 13.907785892486572
2023-07-13 07:28:48.471523 - Epoc #	10400	 13.644641160964966
2023-07-13 07:29:02.593521 - Epoc #	10410	 14.121998071670532
2023-07-13 07:29:16.535884 - Epoc #	10420	 13.942362785339355
2023-07-13 07:29:30.568319 - Epoc #	10430	 14.032435178756714
2023-07-13 07:29:44.903469 - Epoc #	10440	 14.335150003433228
2023-07-13 07:29:58.914060 - Epoc #	10450	 14.01059103012085
2023-07-13 07:30:12.780282 - Epoc #	10460	 13.866221904754639
2023-07-13 07:30:27.169326 - Epoc #	10470	 14.389044046401978
2023-07-13 07:30:41.074375 - Epoc #	10480	 13.905048847198486
2023-07-13 07:30:55.337426 - Epoc #	10490	 14.26305103302002
2023-07-13 07:31:08.991239 - Epoc #	10500	 13.653813123703003
2023-07-13 07:31:23.209731 - Epoc #	10510	 14.218492031097412
2023-07-13 07:31:36.787369 - Epoc #	10520	 13.577637910842896
2023-07-13 07:31:51.761880 - Epoc #	10530	 14.974510908126831
2023-07-13 07:32:05.038365 - Epoc #	10540	 13.276484966278076
2023-07-13 07:32:19.165294 - Epoc #	10550	 14.12692904472351
2023-07-13 07:32:33.825578 - Epoc #	10560	 14.660284042358398
2023-07-13 07:32:46.415564 - Epoc #	10570	 12.589986085891724
2023-07-13 07:33:00.238616 - Epoc #	10580	 13.823051929473877
2023-07-13 07:33:13.997520 - Epoc #	10590	 13.758903980255127
2023-07-13 07:33:27.967842 - Epoc #	10600	 13.970322132110596
2023-07-13 07:33:42.806605 - Epoc #	10610	 14.838762998580933
2023-07-13 07:33:57.441382 - Epoc #	10620	 14.634776830673218
2023-07-13 07:34:11.203191 - Epoc #	10630	 13.76180911064148
2023-07-13 07:34:25.043118 - Epoc #	10640	 13.839926958084106
2023-07-13 07:34:39.570349 - Epoc #	10650	 14.527230978012085
2023-07-13 07:34:52.688294 - Epoc #	10660	 13.117944955825806
2023-07-13 07:35:06.666810 - Epoc #	10670	 13.978516101837158
2023-07-13 07:35:20.841209 - Epoc #	10680	 14.17439889907837
2023-07-13 07:35:34.836070 - Epoc #	10690	 13.994861125946045
2023-07-13 07:35:49.627552 - Epoc #	10700	 14.791481971740723
2023-07-13 07:36:03.937624 - Epoc #	10710	 14.31007194519043
2023-07-13 07:36:17.640828 - Epoc #	10720	 13.703203916549683
2023-07-13 07:36:31.906489 - Epoc #	10730	 14.265661001205444
2023-07-13 07:36:46.083682 - Epoc #	10740	 14.17719316482544
2023-07-13 07:36:59.623247 - Epoc #	10750	 13.539564847946167
2023-07-13 07:37:13.962123 - Epoc #	10760	 14.338876008987427
2023-07-13 07:37:27.784969 - Epoc #	10770	 13.822846174240112
2023-07-13 07:37:41.250850 - Epoc #	10780	 13.465880870819092
2023-07-13 07:37:55.337356 - Epoc #	10790	 14.086506128311157
2023-07-13 07:38:09.780325 - Epoc #	10800	 14.442968845367432
2023-07-13 07:38:23.776324 - Epoc #	10810	 13.995999097824097
2023-07-13 07:38:37.344870 - Epoc #	10820	 13.568546056747437
2023-07-13 07:38:51.337092 - Epoc #	10830	 13.99222183227539
2023-07-13 07:39:05.523299 - Epoc #	10840	 14.186207056045532
2023-07-13 07:39:19.865462 - Epoc #	10850	 14.3421630859375
2023-07-13 07:39:33.407836 - Epoc #	10860	 13.542373895645142
2023-07-13 07:39:47.002703 - Epoc #	10870	 13.59486699104309
2023-07-13 07:40:02.418127 - Epoc #	10880	 15.415424108505249
2023-07-13 07:40:17.324120 - Epoc #	10890	 14.905992984771729
2023-07-13 07:40:31.276557 - Epoc #	10900	 13.952436923980713
2023-07-13 07:40:45.121261 - Epoc #	10910	 13.844703912734985
2023-07-13 07:40:59.185396 - Epoc #	10920	 14.064135074615479
2023-07-13 07:41:13.028175 - Epoc #	10930	 13.842779159545898
2023-07-13 07:41:26.694554 - Epoc #	10940	 13.66637897491455
2023-07-13 07:41:40.233769 - Epoc #	10950	 13.539214849472046
2023-07-13 07:41:54.183301 - Epoc #	10960	 13.94953203201294
2023-07-13 07:42:10.854042 - Epoc #	10970	 16.670741081237793
2023-07-13 07:42:25.899003 - Epoc #	10980	 15.044960975646973
2023-07-13 07:42:41.091072 - Epoc #	10990	 15.192069053649902
2023-07-13 07:42:56.309080 - Epoc #	11000	 15.218007802963257
2023-07-13 07:43:11.625647 - Epoc #	11010	 15.316567182540894
2023-07-13 07:43:27.770147 - Epoc #	11020	 16.144500017166138
2023-07-13 07:43:43.777222 - Epoc #	11030	 16.00707483291626
2023-07-13 07:43:59.525953 - Epoc #	11040	 15.748731136322021
2023-07-13 07:44:16.422017 - Epoc #	11050	 16.896064043045044
2023-07-13 07:44:32.643310 - Epoc #	11060	 16.221292972564697
2023-07-13 07:44:47.814676 - Epoc #	11070	 15.171365976333618
2023-07-13 07:45:03.368496 - Epoc #	11080	 15.55381989479065
2023-07-13 07:45:18.352518 - Epoc #	11090	 14.98402214050293
2023-07-13 07:45:33.736804 - Epoc #	11100	 15.384285926818848
2023-07-13 07:45:48.567824 - Epoc #	11110	 14.831019878387451
2023-07-13 07:46:04.293993 - Epoc #	11120	 15.726169109344482
2023-07-13 07:46:18.965808 - Epoc #	11130	 14.671814918518066
2023-07-13 07:46:33.269806 - Epoc #	11140	 14.303997993469238
2023-07-13 07:46:47.160189 - Epoc #	11150	 13.890383005142212
2023-07-13 07:47:00.985645 - Epoc #	11160	 13.825456142425537
2023-07-13 07:47:14.816173 - Epoc #	11170	 13.830528020858765
2023-07-13 07:47:28.942221 - Epoc #	11180	 14.126047849655151
2023-07-13 07:47:42.988433 - Epoc #	11190	 14.046211957931519
2023-07-13 07:47:57.154474 - Epoc #	11200	 14.166041135787964
2023-07-13 07:48:11.337251 - Epoc #	11210	 14.182776927947998
2023-07-13 07:48:26.133699 - Epoc #	11220	 14.796447992324829
2023-07-13 07:48:40.116895 - Epoc #	11230	 13.983196020126343
2023-07-13 07:48:54.735064 - Epoc #	11240	 14.618169069290161
2023-07-13 07:49:09.112334 - Epoc #	11250	 14.377269983291626
2023-07-13 07:49:23.912200 - Epoc #	11260	 14.799865961074829
2023-07-13 07:49:38.029156 - Epoc #	11270	 14.116955995559692
2023-07-13 07:49:52.170070 - Epoc #	11280	 14.140913963317871
2023-07-13 07:50:05.899527 - Epoc #	11290	 13.729457139968872
2023-07-13 07:50:20.119751 - Epoc #	11300	 14.220223903656006
2023-07-13 07:50:34.568608 - Epoc #	11310	 14.448857069015503
2023-07-13 07:50:49.069432 - Epoc #	11320	 14.500823974609375
2023-07-13 07:51:03.351700 - Epoc #	11330	 14.282268047332764
2023-07-13 07:51:17.025081 - Epoc #	11340	 13.673380851745605
2023-07-13 07:51:30.934790 - Epoc #	11350	 13.909708976745605
2023-07-13 07:51:33.830427 - Time between reward step: #	15290.136896848679
2023-07-13 07:51:33.830427 - Average Score: 79.00 Elapsed time: 4:14:51.399201
2023-07-13 07:51:45.746569 - Epoc #	11360	 14.811779022216797
2023-07-13 07:51:47.232426 - Time between reward step: #	15303.538895845413
2023-07-13 07:51:47.232426 - Average Score: 80.00 Elapsed time: 4:15:04.803835
2023-07-13 07:51:55.968488 - Time between reward step: #	15312.274957895279
2023-07-13 07:51:55.968488 - Average Score: 81.00 Elapsed time: 4:15:13.548332
2023-07-13 07:52:01.043800 - Epoc #	11370	 15.297231197357178
2023-07-13 07:52:14.853436 - Epoc #	11380	 13.809635877609253
2023-07-13 07:52:29.074730 - Epoc #	11390	 14.221293926239014
2023-07-13 07:52:43.543273 - Epoc #	11400	 14.46854305267334
2023-07-13 07:52:57.354579 - Epoc #	11410	 13.81130599975586
2023-07-13 07:53:12.186479 - Epoc #	11420	 14.831900119781494
2023-07-13 07:53:26.131237 - Epoc #	11430	 13.94475793838501
2023-07-13 07:53:40.170783 - Epoc #	11440	 14.039546012878418
2023-07-13 07:53:54.555933 - Epoc #	11450	 14.385149955749512
2023-07-13 07:54:08.440453 - Epoc #	11460	 13.884520053863525
2023-07-13 07:54:22.217663 - Epoc #	11470	 13.777209997177124
2023-07-13 07:54:36.217485 - Epoc #	11480	 13.999821901321411
2023-07-13 07:54:50.976812 - Epoc #	11490	 14.759326934814453
2023-07-13 07:55:05.555327 - Epoc #	11500	 14.57851505279541
2023-07-13 07:55:19.851717 - Epoc #	11510	 14.296390056610107
2023-07-13 07:55:34.271328 - Epoc #	11520	 14.419610977172852
2023-07-13 07:55:48.395997 - Epoc #	11530	 14.124669075012207
2023-07-13 07:56:01.922683 - Epoc #	11540	 13.526685953140259
2023-07-13 07:56:16.163957 - Epoc #	11550	 14.241274118423462
2023-07-13 07:56:30.014958 - Epoc #	11560	 13.851000785827637
2023-07-13 07:56:44.433887 - Epoc #	11570	 14.418929100036621
2023-07-13 07:56:58.338782 - Epoc #	11580	 13.904895067214966
2023-07-13 07:57:12.079344 - Epoc #	11590	 13.740561962127686
2023-07-13 07:57:25.998090 - Epoc #	11600	 13.918745994567871
2023-07-13 07:57:40.120008 - Epoc #	11610	 14.121917963027954
2023-07-13 07:57:54.519347 - Epoc #	11620	 14.399338960647583
2023-07-13 07:58:08.480506 - Epoc #	11630	 13.961158990859985
2023-07-13 07:58:22.917731 - Epoc #	11640	 14.437225103378296
2023-07-13 07:58:37.116105 - Epoc #	11650	 14.198374032974243
2023-07-13 07:58:51.346037 - Epoc #	11660	 14.229931831359863
2023-07-13 07:59:05.513306 - Epoc #	11670	 14.167268991470337
2023-07-13 07:59:19.797573 - Epoc #	11680	 14.28426718711853
2023-07-13 07:59:33.541533 - Epoc #	11690	 13.743959903717041
2023-07-13 07:59:47.701094 - Epoc #	11700	 14.159560918807983
2023-07-13 08:00:01.121550 - Epoc #	11710	 13.420456171035767
2023-07-13 08:00:16.461196 - Epoc #	11720	 15.339645862579346
2023-07-13 08:00:30.206300 - Epoc #	11730	 13.74510407447815
2023-07-13 08:00:43.166611 - Epoc #	11740	 12.960310935974121
2023-07-13 08:00:57.566530 - Epoc #	11750	 14.399919033050537
2023-07-13 08:01:11.553735 - Epoc #	11760	 13.987205028533936
2023-07-13 08:01:25.305555 - Epoc #	11770	 13.751820087432861
2023-07-13 08:01:40.097035 - Epoc #	11780	 14.79147982597351
2023-07-13 08:01:54.425325 - Epoc #	11790	 14.328289985656738
2023-07-13 08:02:08.468126 - Epoc #	11800	 14.042801141738892
2023-07-13 08:02:22.430572 - Epoc #	11810	 13.962445974349976
2023-07-13 08:02:35.927421 - Epoc #	11820	 13.496849060058594
2023-07-13 08:02:49.784654 - Epoc #	11830	 13.857232809066772
2023-07-13 08:03:04.390522 - Epoc #	11840	 14.605868101119995
2023-07-13 08:03:18.024426 - Epoc #	11850	 13.633903980255127
2023-07-13 08:03:31.899081 - Epoc #	11860	 13.87465500831604
2023-07-13 08:03:46.353177 - Epoc #	11870	 14.45409607887268
2023-07-13 08:04:00.305993 - Epoc #	11880	 13.952816009521484
2023-07-13 08:04:14.511539 - Epoc #	11890	 14.205545902252197
2023-07-13 08:04:28.449488 - Epoc #	11900	 13.937948942184448
2023-07-13 08:04:42.380762 - Epoc #	11910	 13.931274175643921
2023-07-13 08:04:56.854748 - Epoc #	11920	 14.47398591041565
2023-07-13 08:05:10.695026 - Epoc #	11930	 13.840277910232544
2023-07-13 08:05:24.783702 - Epoc #	11940	 14.08867597579956
2023-07-13 08:05:38.924733 - Epoc #	11950	 14.14103102684021
2023-07-13 08:05:53.377087 - Epoc #	11960	 14.452354192733765
2023-07-13 08:06:07.204559 - Epoc #	11970	 13.82747197151184
2023-07-13 08:06:21.572286 - Epoc #	11980	 14.367726802825928
2023-07-13 08:06:35.479672 - Epoc #	11990	 13.907386064529419
2023-07-13 08:06:49.217150 - Epoc #	12000	 13.737478017807007
2023-07-13 08:07:03.056320 - Epoc #	12010	 13.839169979095459
2023-07-13 08:07:17.519914 - Epoc #	12020	 14.46359395980835
2023-07-13 08:07:31.783522 - Epoc #	12030	 14.2636079788208
2023-07-13 08:07:45.121973 - Epoc #	12040	 13.338451147079468
2023-07-13 08:07:58.917523 - Epoc #	12050	 13.795549869537354
2023-07-13 08:08:13.777639 - Epoc #	12060	 14.860116004943848
2023-07-13 08:08:27.665708 - Epoc #	12070	 13.888069152832031
2023-07-13 08:08:41.545905 - Epoc #	12080	 13.880197048187256
2023-07-13 08:08:55.223979 - Epoc #	12090	 13.67807388305664
2023-07-13 08:09:09.359925 - Epoc #	12100	 14.135946035385132
2023-07-13 08:09:23.287935 - Epoc #	12110	 13.928009986877441
2023-07-13 08:09:37.567147 - Epoc #	12120	 14.27921199798584
2023-07-13 08:09:52.656573 - Epoc #	12130	 15.089426040649414
2023-07-13 08:10:07.726976 - Epoc #	12140	 15.07040286064148
2023-07-13 08:10:21.919125 - Epoc #	12150	 14.19214916229248
2023-07-13 08:10:36.629900 - Epoc #	12160	 14.710774898529053
2023-07-13 08:10:50.373704 - Epoc #	12170	 13.743803977966309
2023-07-13 08:11:04.307974 - Epoc #	12180	 13.934270143508911
2023-07-13 08:11:18.292601 - Epoc #	12190	 13.98462700843811
2023-07-13 08:11:32.113136 - Epoc #	12200	 13.820534944534302
2023-07-13 08:11:45.576811 - Epoc #	12210	 13.463675022125244
2023-07-13 08:12:00.155098 - Epoc #	12220	 14.57828688621521
2023-07-13 08:12:14.299192 - Epoc #	12230	 14.144093990325928
2023-07-13 08:12:28.150813 - Epoc #	12240	 13.851621150970459
2023-07-13 08:12:42.053696 - Epoc #	12250	 13.902882814407349
2023-07-13 08:12:56.818128 - Epoc #	12260	 14.764432191848755
2023-07-13 08:13:11.053015 - Epoc #	12270	 14.234886884689331
2023-07-13 08:13:25.020544 - Epoc #	12280	 13.967529058456421
2023-07-13 08:13:41.350708 - Epoc #	12290	 16.330163955688477
2023-07-13 08:13:55.239292 - Epoc #	12300	 13.888583898544312
2023-07-13 08:14:09.391609 - Epoc #	12310	 14.15231704711914
2023-07-13 08:14:24.610978 - Epoc #	12320	 15.219368934631348
2023-07-13 08:14:38.280838 - Epoc #	12330	 13.669860124588013
2023-07-13 08:14:52.371565 - Epoc #	12340	 14.090727090835571
2023-07-13 08:15:07.177535 - Epoc #	12350	 14.805969953536987
2023-07-13 08:15:23.031334 - Epoc #	12360	 15.853798866271973
2023-07-13 08:15:37.434757 - Epoc #	12370	 14.403423070907593
2023-07-13 08:15:51.214593 - Epoc #	12380	 13.779835939407349
2023-07-13 08:16:05.545102 - Epoc #	12390	 14.330508947372437
2023-07-13 08:16:19.435310 - Epoc #	12400	 13.890208005905151
2023-07-13 08:16:33.551649 - Epoc #	12410	 14.116339206695557
2023-07-13 08:16:47.531161 - Epoc #	12420	 13.979511976242065
2023-07-13 08:17:02.436963 - Epoc #	12430	 14.905802011489868
2023-07-13 08:17:15.973952 - Epoc #	12440	 13.536988973617554
2023-07-13 08:17:30.613664 - Epoc #	12450	 14.639711856842041
2023-07-13 08:17:45.231497 - Epoc #	12460	 14.617833137512207
2023-07-13 08:17:58.653117 - Epoc #	12470	 13.421619892120361
2023-07-13 08:18:13.383741 - Epoc #	12480	 14.730623960494995
2023-07-13 08:18:28.570767 - Epoc #	12490	 15.187026023864746
