2023-07-12 18:06:17.188407 - Starting learning loop ...
==================================================================
2023-07-12 18:06:17.188407 - Using Framebuffer of: 4 frames	 and 	ReplayBufferSize: 25000
2023-07-12 18:06:17.188407 - Loglevel is set to: a
2023-07-12 18:06:17.188407 - Epoc #	0	 
2023-07-12 18:06:29.682575 - Epoc #	10	 12.494168043136597
2023-07-12 18:06:43.265253 - Epoc #	20	 13.582678079605103
2023-07-12 18:06:56.773788 - Epoc #	30	 13.508534908294678
2023-07-12 18:07:09.858302 - Epoc #	40	 13.084514141082764
2023-07-12 18:07:22.730464 - Epoc #	50	 12.872161865234375
2023-07-12 18:07:36.001813 - Epoc #	60	 13.27134895324707
2023-07-12 18:07:49.576165 - Epoc #	70	 13.574352025985718
2023-07-12 18:08:03.201161 - Epoc #	80	 13.624995946884155
2023-07-12 18:08:16.177876 - Epoc #	90	 12.976715087890625
2023-07-12 18:08:29.304858 - Epoc #	100	 13.126981973648071
2023-07-12 18:08:33.449460 - Time between reward step: #	136.26105308532715
2023-07-12 18:08:33.449460 - Average Score: 13.00 Elapsed time: 0:02:17.533060
2023-07-12 18:08:42.042495 - Epoc #	110	 12.737637042999268
2023-07-12 18:08:54.638468 - Epoc #	120	 12.595973014831543
2023-07-12 18:09:08.002832 - Epoc #	130	 13.3643639087677
2023-07-12 18:09:21.161379 - Epoc #	140	 13.158547163009644
2023-07-12 18:09:34.317047 - Epoc #	150	 13.155668020248413
2023-07-12 18:09:47.519110 - Epoc #	160	 13.202062845230103
2023-07-12 18:10:00.317713 - Epoc #	170	 12.798603057861328
2023-07-12 18:10:13.458068 - Epoc #	180	 13.140354871749878
2023-07-12 18:10:26.536808 - Epoc #	190	 13.078740119934082
2023-07-12 18:10:39.498576 - Epoc #	200	 12.96176791191101
2023-07-12 18:10:53.548684 - Epoc #	210	 14.050107955932617
2023-07-12 18:11:06.961532 - Epoc #	220	 13.412848234176636
2023-07-12 18:11:19.741246 - Epoc #	230	 12.779713869094849
2023-07-12 18:11:33.016729 - Epoc #	240	 13.275483131408691
2023-07-12 18:11:45.693453 - Epoc #	250	 12.676723957061768
2023-07-12 18:11:58.814774 - Epoc #	260	 13.121320962905884
2023-07-12 18:12:11.543471 - Epoc #	270	 12.728697061538696
2023-07-12 18:12:24.835526 - Epoc #	280	 13.292054891586304
2023-07-12 18:12:38.379522 - Epoc #	290	 13.543996095657349
2023-07-12 18:12:51.092955 - Epoc #	300	 12.713433027267456
2023-07-12 18:13:03.766133 - Epoc #	310	 12.67317795753479
2023-07-12 18:13:18.025688 - Epoc #	320	 14.259554862976074
2023-07-12 18:13:31.237141 - Epoc #	330	 13.211452960968018
2023-07-12 18:13:43.904433 - Epoc #	340	 12.66729211807251
2023-07-12 18:13:56.397890 - Epoc #	350	 12.493457078933716
2023-07-12 18:14:10.291139 - Epoc #	360	 13.893248796463013
2023-07-12 18:14:23.150120 - Epoc #	370	 12.858981132507324
2023-07-12 18:14:36.764861 - Epoc #	380	 13.614741086959839
2023-07-12 18:14:50.159864 - Epoc #	390	 13.395002841949463
2023-07-12 18:15:04.213463 - Epoc #	400	 14.053599119186401
2023-07-12 18:15:17.449342 - Epoc #	410	 13.235878944396973
2023-07-12 18:15:30.501012 - Epoc #	420	 13.05167007446289
2023-07-12 18:15:43.333760 - Epoc #	430	 12.83274793624878
2023-07-12 18:15:56.304869 - Epoc #	440	 12.97110891342163
2023-07-12 18:16:09.932294 - Epoc #	450	 13.627424955368042
2023-07-12 18:16:23.380867 - Epoc #	460	 13.448573112487793
2023-07-12 18:16:36.081435 - Epoc #	470	 12.700567960739136
2023-07-12 18:16:49.594750 - Epoc #	480	 13.513314962387085
2023-07-12 18:17:03.150734 - Epoc #	490	 13.555984020233154
2023-07-12 18:17:16.483549 - Epoc #	500	 13.332815170288086
2023-07-12 18:17:29.658389 - Epoc #	510	 13.174839973449707
2023-07-12 18:17:42.929664 - Epoc #	520	 13.27127480506897
2023-07-12 18:17:56.224064 - Epoc #	530	 13.294400215148926
2023-07-12 18:18:09.412507 - Epoc #	540	 13.188442945480347
2023-07-12 18:18:22.716880 - Epoc #	550	 13.304373025894165
2023-07-12 18:18:35.892923 - Epoc #	560	 13.176043033599854
2023-07-12 18:18:48.903710 - Epoc #	570	 13.010786771774292
2023-07-12 18:19:02.750398 - Epoc #	580	 13.846688032150269
2023-07-12 18:19:16.383508 - Epoc #	590	 13.633110046386719
2023-07-12 18:19:29.242710 - Epoc #	600	 12.859202146530151
2023-07-12 18:19:42.910217 - Epoc #	610	 13.66750693321228
2023-07-12 18:19:56.079534 - Epoc #	620	 13.16931700706482
2023-07-12 18:20:09.383210 - Epoc #	630	 13.303675889968872
2023-07-12 18:20:22.973919 - Epoc #	640	 13.59070897102356
2023-07-12 18:20:35.961444 - Epoc #	650	 12.98752498626709
2023-07-12 18:20:48.785810 - Epoc #	660	 12.824366092681885
2023-07-12 18:21:01.832767 - Epoc #	670	 13.046957015991211
2023-07-12 18:21:14.789804 - Epoc #	680	 12.957036972045898
2023-07-12 18:21:27.689058 - Epoc #	690	 12.899254083633423
2023-07-12 18:21:40.745343 - Epoc #	700	 13.05628490447998
2023-07-12 18:21:53.440894 - Epoc #	710	 12.695550918579102
2023-07-12 18:22:06.654095 - Epoc #	720	 13.21320104598999
2023-07-12 18:22:20.234931 - Epoc #	730	 13.580836057662964
2023-07-12 18:22:32.748308 - Epoc #	740	 12.513376951217651
2023-07-12 18:22:45.642583 - Epoc #	750	 12.894274950027466
2023-07-12 18:22:58.746548 - Epoc #	760	 13.103965044021606
2023-07-12 18:23:11.988210 - Epoc #	770	 13.24166202545166
2023-07-12 18:23:25.091589 - Epoc #	780	 13.103379011154175
2023-07-12 18:23:37.861930 - Epoc #	790	 12.770340919494629
2023-07-12 18:23:50.595928 - Epoc #	800	 12.73399806022644
2023-07-12 18:24:03.872554 - Epoc #	810	 13.276626110076904
2023-07-12 18:24:17.524627 - Epoc #	820	 13.65207290649414
2023-07-12 18:24:30.906697 - Epoc #	830	 13.382070064544678
2023-07-12 18:24:44.293791 - Epoc #	840	 13.387094020843506
2023-07-12 18:24:57.899656 - Epoc #	850	 13.605865001678467
2023-07-12 18:25:10.802742 - Epoc #	860	 12.903085947036743
2023-07-12 18:25:24.277569 - Epoc #	870	 13.47482705116272
2023-07-12 18:25:38.030177 - Epoc #	880	 13.752608060836792
2023-07-12 18:25:51.225382 - Epoc #	890	 13.195204973220825
2023-07-12 18:26:05.490504 - Epoc #	900	 14.265121936798096
2023-07-12 18:26:18.733251 - Epoc #	910	 13.242747068405151
2023-07-12 18:26:32.517843 - Epoc #	920	 13.784591913223267
2023-07-12 18:26:46.841339 - Epoc #	930	 14.323496103286743
2023-07-12 18:27:00.096121 - Epoc #	940	 13.25478196144104
2023-07-12 18:27:12.995014 - Epoc #	950	 12.898892879486084
2023-07-12 18:27:26.143317 - Epoc #	960	 13.148303031921387
2023-07-12 18:27:38.862810 - Epoc #	970	 12.71949291229248
2023-07-12 18:27:51.839992 - Epoc #	980	 12.977182149887085
2023-07-12 18:28:04.833319 - Epoc #	990	 12.993326902389526
2023-07-12 18:28:17.999198 - Epoc #	1000	 13.165879011154175
2023-07-12 18:28:31.315174 - Epoc #	1010	 13.3159761428833
2023-07-12 18:28:44.598198 - Epoc #	1020	 13.283023834228516
2023-07-12 18:28:57.115686 - Epoc #	1030	 12.5174880027771
2023-07-12 18:29:11.012700 - Epoc #	1040	 13.897014141082764
2023-07-12 18:29:24.091106 - Epoc #	1050	 13.078405857086182
2023-07-12 18:29:37.842157 - Epoc #	1060	 13.75105094909668
2023-07-12 18:29:51.375257 - Epoc #	1070	 13.533100128173828
2023-07-12 18:30:04.321424 - Epoc #	1080	 12.9461669921875
2023-07-12 18:30:17.572125 - Epoc #	1090	 13.250700950622559
2023-07-12 18:30:30.883761 - Epoc #	1100	 13.311635971069336
2023-07-12 18:30:43.784095 - Epoc #	1110	 12.900334119796753
2023-07-12 18:30:56.914294 - Epoc #	1120	 13.130198955535889
2023-07-12 18:31:10.763691 - Epoc #	1130	 13.84939694404602
2023-07-12 18:31:23.762367 - Epoc #	1140	 12.998676061630249
2023-07-12 18:31:37.582747 - Epoc #	1150	 13.820379972457886
2023-07-12 18:31:51.206629 - Epoc #	1160	 13.623882055282593
2023-07-12 18:32:04.891806 - Epoc #	1170	 13.685176849365234
2023-07-12 18:32:19.058914 - Epoc #	1180	 14.167108058929443
2023-07-12 18:32:31.736160 - Epoc #	1190	 12.67724609375
2023-07-12 18:32:44.897501 - Epoc #	1200	 13.161340951919556
2023-07-12 18:32:57.856225 - Epoc #	1210	 12.958724021911621
2023-07-12 18:33:10.538338 - Epoc #	1220	 12.6821129322052
2023-07-12 18:33:23.432820 - Epoc #	1230	 12.894482135772705
2023-07-12 18:33:36.691258 - Epoc #	1240	 13.258437871932983
2023-07-12 18:33:49.989267 - Epoc #	1250	 13.298009157180786
2023-07-12 18:34:02.965149 - Epoc #	1260	 12.975881814956665
2023-07-12 18:34:17.238121 - Epoc #	1270	 14.272972106933594
2023-07-12 18:34:31.375542 - Epoc #	1280	 14.137420892715454
2023-07-12 18:34:44.945985 - Epoc #	1290	 13.570443153381348
2023-07-12 18:34:58.158692 - Epoc #	1300	 13.212706804275513
2023-07-12 18:35:10.921798 - Epoc #	1310	 12.763106107711792
2023-07-12 18:35:24.328503 - Epoc #	1320	 13.406704902648926
2023-07-12 18:35:37.805724 - Epoc #	1330	 13.477221012115479
2023-07-12 18:35:51.213057 - Epoc #	1340	 13.407333135604858
2023-07-12 18:36:04.803070 - Epoc #	1350	 13.590013027191162
2023-07-12 18:36:18.103303 - Epoc #	1360	 13.300232887268066
2023-07-12 18:36:31.244857 - Epoc #	1370	 13.141554117202759
2023-07-12 18:36:44.296444 - Epoc #	1380	 13.051586866378784
2023-07-12 18:36:57.520680 - Epoc #	1390	 13.224236011505127
2023-07-12 18:37:11.542229 - Epoc #	1400	 14.021548986434937
2023-07-12 18:37:25.277538 - Epoc #	1410	 13.73530912399292
2023-07-12 18:37:28.130653 - Time between reward step: #	1870.9422459602356
2023-07-12 18:37:28.130653 - Average Score: 14.00 Elapsed time: 0:31:12.204089
2023-07-12 18:37:38.781834 - Epoc #	1420	 13.504295825958252
2023-07-12 18:37:52.275353 - Epoc #	1430	 13.493519067764282
2023-07-12 18:38:05.761778 - Epoc #	1440	 13.486425161361694
2023-07-12 18:38:19.121970 - Epoc #	1450	 13.360191822052002
2023-07-12 18:38:31.916228 - Epoc #	1460	 12.794258117675781
2023-07-12 18:38:46.100969 - Epoc #	1470	 14.184741020202637
2023-07-12 18:39:00.179798 - Epoc #	1480	 14.078828811645508
2023-07-12 18:39:13.651295 - Epoc #	1490	 13.471497058868408
2023-07-12 18:39:26.442350 - Epoc #	1500	 12.791054964065552
2023-07-12 18:39:40.005708 - Epoc #	1510	 13.563358068466187
2023-07-12 18:39:53.295525 - Epoc #	1520	 13.289817094802856
2023-07-12 18:40:06.599016 - Epoc #	1530	 13.30349087715149
2023-07-12 18:40:19.837747 - Epoc #	1540	 13.238731145858765
2023-07-12 18:40:34.326231 - Epoc #	1550	 14.488483905792236
2023-07-12 18:40:47.759742 - Epoc #	1560	 13.433511018753052
2023-07-12 18:41:01.118168 - Epoc #	1570	 13.358426094055176
2023-07-12 18:41:14.808262 - Epoc #	1580	 13.690093994140625
2023-07-12 18:41:28.215446 - Epoc #	1590	 13.40718388557434
2023-07-12 18:41:42.278182 - Epoc #	1600	 14.06273603439331
2023-07-12 18:41:55.642440 - Epoc #	1610	 13.364258050918579
2023-07-12 18:42:09.774690 - Epoc #	1620	 14.13224983215332
2023-07-12 18:42:24.678294 - Epoc #	1630	 14.90360403060913
2023-07-12 18:42:39.089886 - Epoc #	1640	 14.41159200668335
2023-07-12 18:42:52.928365 - Epoc #	1650	 13.838479042053223
2023-07-12 18:43:06.922172 - Epoc #	1660	 13.993807077407837
2023-07-12 18:43:21.679848 - Epoc #	1670	 14.757675886154175
2023-07-12 18:43:35.201344 - Epoc #	1680	 13.521496057510376
2023-07-12 18:43:49.128691 - Epoc #	1690	 13.92734694480896
2023-07-12 18:44:03.220512 - Epoc #	1700	 14.09182095527649
2023-07-12 18:44:16.839426 - Epoc #	1710	 13.618914127349854
2023-07-12 18:44:29.967547 - Epoc #	1720	 13.12812089920044
2023-07-12 18:44:43.454129 - Epoc #	1730	 13.486582040786743
2023-07-12 18:44:56.545864 - Epoc #	1740	 13.091735124588013
2023-07-12 18:45:09.247173 - Epoc #	1750	 12.701308965682983
2023-07-12 18:45:22.628869 - Epoc #	1760	 13.381695985794067
2023-07-12 18:45:36.001368 - Epoc #	1770	 13.372498989105225
2023-07-12 18:45:49.517364 - Epoc #	1780	 13.515995979309082
2023-07-12 18:46:02.673502 - Epoc #	1790	 13.156137943267822
2023-07-12 18:46:15.688046 - Epoc #	1800	 13.014544010162354
2023-07-12 18:46:29.303064 - Epoc #	1810	 13.615018129348755
2023-07-12 18:46:43.239532 - Epoc #	1820	 13.93646788597107
2023-07-12 18:46:56.422798 - Epoc #	1830	 13.183265924453735
2023-07-12 18:47:08.687899 - Epoc #	1840	 12.265101194381714
2023-07-12 18:47:22.435077 - Epoc #	1850	 13.747177839279175
2023-07-12 18:47:35.280275 - Epoc #	1860	 12.845198154449463
2023-07-12 18:47:48.613938 - Epoc #	1870	 13.333662986755371
2023-07-12 18:48:02.353760 - Epoc #	1880	 13.739821910858154
2023-07-12 18:48:16.295810 - Epoc #	1890	 13.942049980163574
2023-07-12 18:48:29.818809 - Epoc #	1900	 13.522999048233032
2023-07-12 18:48:43.554421 - Epoc #	1910	 13.735611915588379
2023-07-12 18:48:57.111630 - Epoc #	1920	 13.557209014892578
2023-07-12 18:49:11.046738 - Epoc #	1930	 13.935107946395874
2023-07-12 18:49:24.247446 - Epoc #	1940	 13.200708150863647
2023-07-12 18:49:38.376012 - Epoc #	1950	 14.128566026687622
2023-07-12 18:49:39.940533 - Time between reward step: #	2602.75212597847
2023-07-12 18:49:39.940533 - Average Score: 15.00 Elapsed time: 0:43:24.021614
2023-07-12 18:49:45.455300 - Time between reward step: #	2608.2668931484222
2023-07-12 18:49:45.455300 - Average Score: 16.00 Elapsed time: 0:43:29.539981
2023-07-12 18:49:52.149173 - Epoc #	1960	 13.773160934448242
2023-07-12 18:50:05.351878 - Epoc #	1970	 13.202704906463623
2023-07-12 18:50:18.539635 - Epoc #	1980	 13.187757015228271
2023-07-12 18:50:31.735387 - Epoc #	1990	 13.195752143859863
2023-07-12 18:50:45.488001 - Epoc #	2000	 13.75261402130127
2023-07-12 18:50:59.663424 - Epoc #	2010	 14.17542290687561
2023-07-12 18:51:13.804470 - Epoc #	2020	 14.141046047210693
2023-07-12 18:51:27.505304 - Epoc #	2030	 13.700834035873413
2023-07-12 18:51:41.288933 - Epoc #	2040	 13.783628940582275
2023-07-12 18:51:54.263321 - Epoc #	2050	 12.974387884140015
2023-07-12 18:52:07.828538 - Epoc #	2060	 13.565217018127441
2023-07-12 18:52:21.263512 - Epoc #	2070	 13.434973955154419
2023-07-12 18:52:35.010960 - Epoc #	2080	 13.747448205947876
2023-07-12 18:52:48.227116 - Epoc #	2090	 13.216156005859375
2023-07-12 18:53:02.183216 - Epoc #	2100	 13.95609998703003
2023-07-12 18:53:15.682108 - Epoc #	2110	 13.498891830444336
2023-07-12 18:53:28.818795 - Epoc #	2120	 13.13668704032898
2023-07-12 18:53:41.735081 - Epoc #	2130	 12.916285991668701
2023-07-12 18:53:55.935461 - Epoc #	2140	 14.200380086898804
2023-07-12 18:54:09.414683 - Epoc #	2150	 13.479222059249878
2023-07-12 18:54:23.466829 - Epoc #	2160	 14.052145957946777
2023-07-12 18:54:37.657069 - Epoc #	2170	 14.190239906311035
2023-07-12 18:54:52.191249 - Epoc #	2180	 14.534179925918579
2023-07-12 18:55:06.047097 - Epoc #	2190	 13.85584807395935
2023-07-12 18:55:20.349533 - Epoc #	2200	 14.302436113357544
2023-07-12 18:55:34.111703 - Epoc #	2210	 13.76216983795166
2023-07-12 18:55:47.510306 - Epoc #	2220	 13.398602962493896
2023-07-12 18:56:01.907221 - Epoc #	2230	 14.396915197372437
2023-07-12 18:56:15.983841 - Epoc #	2240	 14.076619863510132
2023-07-12 18:56:29.981256 - Epoc #	2250	 13.99741506576538
2023-07-12 18:56:43.781410 - Epoc #	2260	 13.800153970718384
2023-07-12 18:56:57.773875 - Epoc #	2270	 13.992465019226074
2023-07-12 18:57:12.034575 - Epoc #	2280	 14.260699987411499
2023-07-12 18:57:25.358937 - Epoc #	2290	 13.32436203956604
2023-07-12 18:57:39.325784 - Epoc #	2300	 13.966846942901611
2023-07-12 18:57:52.155829 - Epoc #	2310	 12.830044984817505
2023-07-12 18:58:06.487762 - Epoc #	2320	 14.33193302154541
2023-07-12 18:58:20.986292 - Epoc #	2330	 14.49852991104126
2023-07-12 18:58:34.752383 - Epoc #	2340	 13.766091108322144
2023-07-12 18:58:48.921950 - Epoc #	2350	 14.169567108154297
2023-07-12 18:59:02.608701 - Epoc #	2360	 13.686750888824463
2023-07-12 18:59:17.249512 - Epoc #	2370	 14.6408109664917
2023-07-12 18:59:32.868248 - Epoc #	2380	 15.618736028671265
2023-07-12 18:59:46.376065 - Epoc #	2390	 13.507817029953003
2023-07-12 18:59:59.208870 - Epoc #	2400	 12.832804918289185
2023-07-12 19:00:14.688495 - Epoc #	2410	 15.47962498664856
2023-07-12 19:00:28.186874 - Epoc #	2420	 13.498378992080688
2023-07-12 19:00:42.016790 - Epoc #	2430	 13.829916000366211
2023-07-12 19:00:55.408407 - Epoc #	2440	 13.391617059707642
2023-07-12 19:01:08.743930 - Epoc #	2450	 13.335523128509521
2023-07-12 19:01:22.119441 - Epoc #	2460	 13.375510931015015
2023-07-12 19:01:35.094056 - Epoc #	2470	 12.97461485862732
2023-07-12 19:01:48.819693 - Epoc #	2480	 13.725637197494507
2023-07-12 19:02:02.404318 - Epoc #	2490	 13.584625005722046
2023-07-12 19:02:16.216249 - Epoc #	2500	 13.811930894851685
2023-07-12 19:02:31.622165 - Epoc #	2510	 15.405915975570679
2023-07-12 19:02:45.140426 - Epoc #	2520	 13.518260955810547
2023-07-12 19:02:58.405899 - Epoc #	2530	 13.265473127365112
2023-07-12 19:03:12.192164 - Epoc #	2540	 13.786264896392822
2023-07-12 19:03:27.276803 - Epoc #	2550	 15.084639072418213
2023-07-12 19:03:41.030076 - Epoc #	2560	 13.753273010253906
2023-07-12 19:03:54.726585 - Epoc #	2570	 13.696508884429932
2023-07-12 19:04:08.212386 - Epoc #	2580	 13.485800981521606
2023-07-12 19:04:22.022476 - Epoc #	2590	 13.810090065002441
2023-07-12 19:04:35.706342 - Epoc #	2600	 13.683866024017334
2023-07-12 19:04:50.027809 - Epoc #	2610	 14.32146692276001
2023-07-12 19:05:04.013451 - Epoc #	2620	 13.985642194747925
2023-07-12 19:05:17.598796 - Epoc #	2630	 13.585344791412354
2023-07-12 19:05:31.078358 - Epoc #	2640	 13.479562044143677
2023-07-12 19:05:44.485351 - Epoc #	2650	 13.40699315071106
2023-07-12 19:05:57.985947 - Epoc #	2660	 13.500595808029175
2023-07-12 19:06:10.825557 - Epoc #	2670	 12.83961009979248
2023-07-12 19:06:25.071813 - Epoc #	2680	 14.246256113052368
2023-07-12 19:06:39.594685 - Epoc #	2690	 14.522871971130371
2023-07-12 19:06:53.978765 - Epoc #	2700	 14.384079933166504
2023-07-12 19:07:08.668003 - Epoc #	2710	 14.68923807144165
2023-07-12 19:07:22.369788 - Epoc #	2720	 13.70178484916687
2023-07-12 19:07:35.873734 - Epoc #	2730	 13.50394606590271
2023-07-12 19:07:48.782370 - Epoc #	2740	 12.908636093139648
2023-07-12 19:08:02.782001 - Epoc #	2750	 13.99963092803955
2023-07-12 19:08:17.115356 - Epoc #	2760	 14.333354949951172
2023-07-12 19:08:32.035958 - Epoc #	2770	 14.920602083206177
2023-07-12 19:08:45.607987 - Epoc #	2780	 13.572028875350952
2023-07-12 19:08:59.071178 - Epoc #	2790	 13.463191032409668
2023-07-12 19:09:12.519911 - Epoc #	2800	 13.44873309135437
2023-07-12 19:09:26.638683 - Epoc #	2810	 14.118772029876709
2023-07-12 19:09:41.959152 - Epoc #	2820	 15.32046890258789
2023-07-12 19:09:55.015472 - Epoc #	2830	 13.056319952011108
2023-07-12 19:10:08.696549 - Epoc #	2840	 13.681077003479004
2023-07-12 19:10:22.367680 - Epoc #	2850	 13.671131134033203
2023-07-12 19:10:35.547027 - Epoc #	2860	 13.179347038269043
2023-07-12 19:10:49.081888 - Epoc #	2870	 13.534860849380493
2023-07-12 19:11:03.270903 - Epoc #	2880	 14.18901515007019
2023-07-12 19:11:17.933037 - Epoc #	2890	 14.662133932113647
2023-07-12 19:11:32.065284 - Epoc #	2900	 14.132246971130371
2023-07-12 19:11:46.774410 - Epoc #	2910	 14.709125995635986
2023-07-12 19:12:00.374315 - Epoc #	2920	 13.599905014038086
2023-07-12 19:12:14.366710 - Epoc #	2930	 13.992394924163818
2023-07-12 19:12:27.712817 - Epoc #	2940	 13.346107006072998
2023-07-12 19:12:41.543769 - Epoc #	2950	 13.830951929092407
2023-07-12 19:12:55.917393 - Epoc #	2960	 14.373624086380005
2023-07-12 19:13:10.305275 - Epoc #	2970	 14.387881994247437
2023-07-12 19:13:23.734747 - Epoc #	2980	 13.429471969604492
2023-07-12 19:13:38.164551 - Epoc #	2990	 14.42980408668518
2023-07-12 19:13:53.199795 - Epoc #	3000	 15.03524398803711
2023-07-12 19:14:07.982134 - Epoc #	3010	 14.782339096069336
2023-07-12 19:14:23.321813 - Epoc #	3020	 15.33967900276184
2023-07-12 19:14:36.937110 - Epoc #	3030	 13.615296840667725
2023-07-12 19:14:51.710293 - Epoc #	3040	 14.773183107376099
2023-07-12 19:15:05.419106 - Epoc #	3050	 13.708812952041626
2023-07-12 19:15:19.614144 - Epoc #	3060	 14.195038080215454
2023-07-12 19:15:32.538238 - Epoc #	3070	 12.924093961715698
2023-07-12 19:15:46.575587 - Epoc #	3080	 14.037348985671997
2023-07-12 19:16:00.284408 - Epoc #	3090	 13.708821058273315
2023-07-12 19:16:14.114683 - Epoc #	3100	 13.830274820327759
2023-07-12 19:16:28.230210 - Epoc #	3110	 14.115527153015137
2023-07-12 19:16:42.752029 - Epoc #	3120	 14.52181887626648
2023-07-12 19:16:56.418086 - Epoc #	3130	 13.666057109832764
2023-07-12 19:17:09.917803 - Epoc #	3140	 13.499716997146606
2023-07-12 19:17:24.036546 - Epoc #	3150	 14.118742942810059
2023-07-12 19:17:37.599801 - Epoc #	3160	 13.563255071640015
2023-07-12 19:17:51.074498 - Epoc #	3170	 13.47469687461853
2023-07-12 19:18:04.392126 - Epoc #	3180	 13.317628145217896
2023-07-12 19:18:18.506486 - Epoc #	3190	 14.114359855651855
2023-07-12 19:18:32.733001 - Epoc #	3200	 14.226515054702759
2023-07-12 19:18:46.417066 - Epoc #	3210	 13.684065103530884
2023-07-12 19:18:59.750366 - Epoc #	3220	 13.3332998752594
2023-07-12 19:19:14.441636 - Epoc #	3230	 14.691270112991333
2023-07-12 19:19:28.967811 - Epoc #	3240	 14.526175022125244
2023-07-12 19:19:42.936099 - Epoc #	3250	 13.968287944793701
2023-07-12 19:19:56.926977 - Epoc #	3260	 13.990877866744995
2023-07-12 19:20:10.955411 - Epoc #	3270	 14.028434038162231
2023-07-12 19:20:25.640621 - Epoc #	3280	 14.68520998954773
2023-07-12 19:20:39.269414 - Epoc #	3290	 13.628793001174927
2023-07-12 19:20:52.936908 - Epoc #	3300	 13.667494058609009
2023-07-12 19:21:07.570526 - Epoc #	3310	 14.633617877960205
2023-07-12 19:21:21.986732 - Epoc #	3320	 14.416206121444702
2023-07-12 19:21:35.870026 - Epoc #	3330	 13.883294105529785
2023-07-12 19:21:50.149212 - Epoc #	3340	 14.279185771942139
2023-07-12 19:22:04.661615 - Epoc #	3350	 14.512403011322021
2023-07-12 19:22:18.709097 - Epoc #	3360	 14.047482013702393
2023-07-12 19:22:32.886001 - Epoc #	3370	 14.176904201507568
2023-07-12 19:22:46.550825 - Epoc #	3380	 13.66482400894165
2023-07-12 19:23:00.712226 - Epoc #	3390	 14.16140079498291
2023-07-12 19:23:14.622920 - Epoc #	3400	 13.910694122314453
2023-07-12 19:23:28.006795 - Epoc #	3410	 13.383874893188477
2023-07-12 19:23:41.662427 - Epoc #	3420	 13.655632019042969
2023-07-12 19:23:56.159886 - Epoc #	3430	 14.497458934783936
2023-07-12 19:24:10.850712 - Epoc #	3440	 14.690826177597046
2023-07-12 19:24:24.859610 - Epoc #	3450	 14.00889801979065
2023-07-12 19:24:39.152307 - Epoc #	3460	 14.292696952819824
2023-07-12 19:24:53.359307 - Epoc #	3470	 14.207000017166138
2023-07-12 19:25:07.760592 - Epoc #	3480	 14.40128493309021
2023-07-12 19:25:21.907064 - Epoc #	3490	 14.146471977233887
2023-07-12 19:25:35.893794 - Epoc #	3500	 13.986730098724365
2023-07-12 19:25:49.769085 - Epoc #	3510	 13.875290870666504
2023-07-12 19:26:03.638594 - Epoc #	3520	 13.869508981704712
2023-07-12 19:26:18.340047 - Epoc #	3530	 14.70145297050476
2023-07-12 19:26:32.626728 - Epoc #	3540	 14.286681175231934
2023-07-12 19:26:46.614325 - Epoc #	3550	 13.987596988677979
2023-07-12 19:27:00.537812 - Epoc #	3560	 13.923486948013306
2023-07-12 19:27:14.025233 - Epoc #	3570	 13.487421035766602
2023-07-12 19:27:27.742004 - Epoc #	3580	 13.716770887374878
2023-07-12 19:27:40.887251 - Epoc #	3590	 13.145246982574463
2023-07-12 19:27:54.101036 - Epoc #	3600	 13.213785171508789
2023-07-12 19:28:07.942002 - Epoc #	3610	 13.840965986251831
2023-07-12 19:28:21.858034 - Epoc #	3620	 13.916031837463379
2023-07-12 19:28:35.244774 - Epoc #	3630	 13.38674020767212
2023-07-12 19:28:48.693127 - Epoc #	3640	 13.448352813720703
2023-07-12 19:29:02.538073 - Epoc #	3650	 13.844946146011353
2023-07-12 19:29:16.589979 - Epoc #	3660	 14.051905870437622
2023-07-12 19:29:28.140093 - Time between reward step: #	4990.951686143875
2023-07-12 19:29:28.140093 - Average Score: 17.00 Elapsed time: 1:23:12.225782
2023-07-12 19:29:31.096935 - Epoc #	3670	 14.506956100463867
2023-07-12 19:29:46.349647 - Epoc #	3680	 15.25271201133728
2023-07-12 19:29:53.958879 - Time between reward step: #	5016.770472049713
2023-07-12 19:29:53.958879 - Average Score: 18.00 Elapsed time: 1:23:38.040273
2023-07-12 19:29:59.048486 - Epoc #	3690	 12.698838949203491
2023-07-12 19:30:12.177675 - Epoc #	3700	 13.129189014434814
2023-07-12 19:30:24.652610 - Epoc #	3710	 12.474935054779053
2023-07-12 19:30:38.588267 - Epoc #	3720	 13.935657024383545
2023-07-12 19:30:52.317419 - Time between reward step: #	5075.129012107849
2023-07-12 19:30:52.317419 - Average Score: 19.00 Elapsed time: 1:24:36.392794
2023-07-12 19:30:52.317419 - Epoc #	3730	 13.729151964187622
2023-07-12 19:30:54.712577 - Time between reward step: #	5077.524170160294
2023-07-12 19:30:54.712577 - Average Score: 20.00 Elapsed time: 1:24:38.783189
2023-07-12 19:31:03.214511 - Time between reward step: #	5086.026103973389
2023-07-12 19:31:03.214511 - Average Score: 21.00 Elapsed time: 1:24:47.295913
2023-07-12 19:31:04.643658 - Epoc #	3740	 12.326238870620728
2023-07-12 19:31:05.917369 - Time between reward step: #	5088.72896194458
2023-07-12 19:31:05.917369 - Average Score: 22.00 Elapsed time: 1:24:49.987866
2023-07-12 19:31:08.660636 - Time between reward step: #	5091.472229003906
2023-07-12 19:31:08.660636 - Average Score: 23.00 Elapsed time: 1:24:52.731917
2023-07-12 19:31:18.183444 - Epoc #	3750	 13.539786100387573
2023-07-12 19:31:31.244957 - Epoc #	3760	 13.06151294708252
2023-07-12 19:31:44.269958 - Epoc #	3770	 13.025001049041748
2023-07-12 19:31:57.566003 - Epoc #	3780	 13.296045064926147
2023-07-12 19:32:10.197330 - Epoc #	3790	 12.631326913833618
2023-07-12 19:32:23.992011 - Epoc #	3800	 13.794681072235107
2023-07-12 19:32:37.252918 - Epoc #	3810	 13.26090693473816
2023-07-12 19:32:47.312638 - Time between reward step: #	5190.124231100082
2023-07-12 19:32:47.312638 - Average Score: 24.00 Elapsed time: 1:26:31.383544
2023-07-12 19:32:51.132649 - Epoc #	3820	 13.879730939865112
2023-07-12 19:33:04.291119 - Epoc #	3830	 13.158470153808594
2023-07-12 19:33:18.695060 - Epoc #	3840	 14.403940916061401
2023-07-12 19:33:32.266558 - Epoc #	3850	 13.571497917175293
2023-07-12 19:33:45.534446 - Epoc #	3860	 13.267888069152832
2023-07-12 19:33:59.424045 - Epoc #	3870	 13.889599084854126
2023-07-12 19:34:12.766980 - Epoc #	3880	 13.342934846878052
2023-07-12 19:34:28.135742 - Epoc #	3890	 15.368762016296387
2023-07-12 19:34:41.168277 - Epoc #	3900	 13.032535076141357
2023-07-12 19:34:54.188169 - Epoc #	3910	 13.01989197731018
2023-07-12 19:35:08.664874 - Epoc #	3920	 14.476705074310303
2023-07-12 19:35:21.730793 - Epoc #	3930	 13.065918922424316
2023-07-12 19:35:35.405754 - Epoc #	3940	 13.67496109008789
2023-07-12 19:35:48.360521 - Epoc #	3950	 12.954766988754272
2023-07-12 19:36:01.298096 - Epoc #	3960	 12.937574863433838
2023-07-12 19:36:14.946373 - Epoc #	3970	 13.648277044296265
2023-07-12 19:36:28.170058 - Epoc #	3980	 13.223685026168823
2023-07-12 19:36:41.386925 - Epoc #	3990	 13.216866970062256
2023-07-12 19:36:53.945029 - Epoc #	4000	 12.558104038238525
2023-07-12 19:37:06.232438 - Epoc #	4010	 12.28740906715393
2023-07-12 19:37:19.552789 - Epoc #	4020	 13.320350885391235
2023-07-12 19:37:32.415254 - Epoc #	4030	 12.862465143203735
2023-07-12 19:37:46.076438 - Epoc #	4040	 13.661183834075928
2023-07-12 19:37:59.316247 - Epoc #	4050	 13.239809036254883
2023-07-12 19:38:12.190576 - Epoc #	4060	 12.874329090118408
2023-07-12 19:38:25.729527 - Epoc #	4070	 13.53895092010498
2023-07-12 19:38:39.241264 - Epoc #	4080	 13.51173710823059
2023-07-12 19:38:52.444036 - Epoc #	4090	 13.20277190208435
2023-07-12 19:39:04.985306 - Epoc #	4100	 12.541270017623901
2023-07-12 19:39:18.966080 - Epoc #	4110	 13.98077392578125
2023-07-12 19:39:33.893761 - Epoc #	4120	 14.927680969238281
2023-07-12 19:39:48.201077 - Epoc #	4130	 14.307316064834595
2023-07-12 19:40:03.262066 - Epoc #	4140	 15.060988903045654
2023-07-12 19:40:16.554039 - Epoc #	4150	 13.291973114013672
2023-07-12 19:40:29.837709 - Epoc #	4160	 13.28366994857788
2023-07-12 19:40:43.372087 - Epoc #	4170	 13.534378051757812
2023-07-12 19:40:57.249012 - Epoc #	4180	 13.876924991607666
2023-07-12 19:41:10.723528 - Epoc #	4190	 13.474515914916992
2023-07-12 19:41:24.706829 - Epoc #	4200	 13.983301162719727
2023-07-12 19:41:38.431262 - Epoc #	4210	 13.724432945251465
2023-07-12 19:41:52.133183 - Epoc #	4220	 13.701920986175537
2023-07-12 19:42:05.837875 - Epoc #	4230	 13.704691886901855
2023-07-12 19:42:19.087904 - Epoc #	4240	 13.25002908706665
2023-07-12 19:42:32.334574 - Epoc #	4250	 13.246670007705688
2023-07-12 19:42:46.209805 - Epoc #	4260	 13.87523102760315
2023-07-12 19:42:59.492138 - Epoc #	4270	 13.28233289718628
2023-07-12 19:43:15.522917 - Epoc #	4280	 16.030779123306274
2023-07-12 19:43:29.211251 - Epoc #	4290	 13.688333988189697
2023-07-12 19:43:42.304938 - Epoc #	4300	 13.093687057495117
2023-07-12 19:43:56.180553 - Epoc #	4310	 13.875614881515503
2023-07-12 19:44:09.935797 - Epoc #	4320	 13.755244016647339
2023-07-12 19:44:23.794647 - Epoc #	4330	 13.858850002288818
2023-07-12 19:44:37.136621 - Epoc #	4340	 13.341974020004272
2023-07-12 19:44:50.476962 - Epoc #	4350	 13.340341091156006
2023-07-12 19:45:04.023231 - Epoc #	4360	 13.546268939971924
2023-07-12 19:45:17.038205 - Epoc #	4370	 13.014973878860474
2023-07-12 19:45:30.104828 - Epoc #	4380	 13.066622972488403
2023-07-12 19:45:43.696181 - Epoc #	4390	 13.591353178024292
2023-07-12 19:45:57.689952 - Epoc #	4400	 13.993770837783813
2023-07-12 19:46:11.434920 - Epoc #	4410	 13.744968175888062
2023-07-12 19:46:25.224680 - Epoc #	4420	 13.789759874343872
2023-07-12 19:46:37.981708 - Epoc #	4430	 12.757028102874756
2023-07-12 19:46:51.252228 - Epoc #	4440	 13.270519971847534
2023-07-12 19:47:04.457193 - Epoc #	4450	 13.204964876174927
2023-07-12 19:47:18.586364 - Epoc #	4460	 14.129171133041382
2023-07-12 19:47:32.713281 - Epoc #	4470	 14.126916885375977
2023-07-12 19:47:46.040041 - Epoc #	4480	 13.326760053634644
2023-07-12 19:47:59.684637 - Epoc #	4490	 13.644596099853516
2023-07-12 19:48:12.727125 - Epoc #	4500	 13.042487859725952
2023-07-12 19:48:26.105400 - Epoc #	4510	 13.378275156021118
2023-07-12 19:48:40.344722 - Epoc #	4520	 14.239321947097778
2023-07-12 19:48:53.386883 - Epoc #	4530	 13.042160987854004
2023-07-12 19:49:06.873620 - Epoc #	4540	 13.48673701286316
2023-07-12 19:49:21.055637 - Epoc #	4550	 14.182016849517822
2023-07-12 19:49:34.678562 - Epoc #	4560	 13.622925043106079
2023-07-12 19:49:48.473253 - Epoc #	4570	 13.79469108581543
2023-07-12 19:50:01.950937 - Epoc #	4580	 13.477684020996094
2023-07-12 19:50:15.414020 - Epoc #	4590	 13.463083028793335
2023-07-12 19:50:29.250244 - Epoc #	4600	 13.836223840713501
2023-07-12 19:50:42.210408 - Epoc #	4610	 12.960164070129395
2023-07-12 19:50:55.900574 - Epoc #	4620	 13.690165996551514
2023-07-12 19:51:08.822102 - Epoc #	4630	 12.921528100967407
2023-07-12 19:51:22.714087 - Epoc #	4640	 13.891984939575195
2023-07-12 19:51:36.326408 - Epoc #	4650	 13.612320899963379
2023-07-12 19:51:49.858291 - Epoc #	4660	 13.531883001327515
2023-07-12 19:52:02.977435 - Epoc #	4670	 13.119144201278687
2023-07-12 19:52:16.561712 - Epoc #	4680	 13.584276914596558
2023-07-12 19:52:30.789876 - Epoc #	4690	 14.228163957595825
2023-07-12 19:52:43.959514 - Epoc #	4700	 13.16963791847229
2023-07-12 19:52:57.889928 - Epoc #	4710	 13.930414199829102
2023-07-12 19:53:10.846427 - Epoc #	4720	 12.956498861312866
2023-07-12 19:53:24.666095 - Epoc #	4730	 13.819668054580688
2023-07-12 19:53:38.541721 - Epoc #	4740	 13.87562608718872
2023-07-12 19:53:52.164993 - Epoc #	4750	 13.623271942138672
2023-07-12 19:54:05.449217 - Epoc #	4760	 13.284224033355713
2023-07-12 19:54:18.588809 - Epoc #	4770	 13.139591932296753
2023-07-12 19:54:32.515300 - Epoc #	4780	 13.926491022109985
2023-07-12 19:54:47.077569 - Epoc #	4790	 14.56226897239685
2023-07-12 19:55:01.411834 - Epoc #	4800	 14.334264993667603
2023-07-12 19:55:15.224363 - Epoc #	4810	 13.81252908706665
2023-07-12 19:55:28.494790 - Epoc #	4820	 13.270426988601685
2023-07-12 19:55:42.758831 - Epoc #	4830	 14.26404094696045
2023-07-12 19:55:56.535653 - Epoc #	4840	 13.776822090148926
2023-07-12 19:56:10.070829 - Epoc #	4850	 13.535175800323486
2023-07-12 19:56:23.959795 - Epoc #	4860	 13.888966083526611
2023-07-12 19:56:37.491654 - Epoc #	4870	 13.531858921051025
2023-07-12 19:56:51.188619 - Epoc #	4880	 13.696964979171753
2023-07-12 19:57:04.728424 - Epoc #	4890	 13.539805173873901
2023-07-12 19:57:18.159495 - Epoc #	4900	 13.431071043014526
2023-07-12 19:57:31.713707 - Epoc #	4910	 13.554211854934692
2023-07-12 19:57:45.026538 - Epoc #	4920	 13.312830924987793
2023-07-12 19:57:58.493793 - Epoc #	4930	 13.467255115509033
2023-07-12 19:58:11.865133 - Epoc #	4940	 13.371340036392212
2023-07-12 19:58:24.992474 - Epoc #	4950	 13.127341032028198
2023-07-12 19:58:38.557202 - Epoc #	4960	 13.564728021621704
2023-07-12 19:58:52.147965 - Epoc #	4970	 13.590762853622437
2023-07-12 19:59:04.897660 - Epoc #	4980	 12.749695062637329
2023-07-12 19:59:19.682824 - Epoc #	4990	 14.785163879394531
2023-07-12 19:59:33.906164 - Epoc #	5000	 14.223340034484863
2023-07-12 19:59:47.170505 - Epoc #	5010	 13.264341115951538
2023-07-12 20:00:00.667688 - Epoc #	5020	 13.497182846069336
2023-07-12 20:00:14.343285 - Epoc #	5030	 13.675597190856934
2023-07-12 20:00:27.711207 - Epoc #	5040	 13.367921829223633
2023-07-12 20:00:41.284676 - Epoc #	5050	 13.573469161987305
2023-07-12 20:00:54.181639 - Epoc #	5060	 12.896962881088257
2023-07-12 20:01:08.254609 - Epoc #	5070	 14.072970151901245
2023-07-12 20:01:21.462586 - Epoc #	5080	 13.207976818084717
2023-07-12 20:01:35.759460 - Epoc #	5090	 14.296874046325684
2023-07-12 20:01:50.459582 - Epoc #	5100	 14.700122117996216
2023-07-12 20:02:05.181734 - Epoc #	5110	 14.7221519947052
2023-07-12 20:02:19.806691 - Epoc #	5120	 14.624956846237183
2023-07-12 20:02:33.211745 - Epoc #	5130	 13.405054092407227
2023-07-12 20:02:47.356545 - Epoc #	5140	 14.144799947738647
2023-07-12 20:03:00.339356 - Epoc #	5150	 12.982810974121094
2023-07-12 20:03:14.389804 - Epoc #	5160	 14.050447940826416
2023-07-12 20:03:28.264364 - Epoc #	5170	 13.874560117721558
2023-07-12 20:03:40.950129 - Time between reward step: #	7043.76172208786
2023-07-12 20:03:40.951128 - Average Score: 25.00 Elapsed time: 1:57:25.021372
2023-07-12 20:03:42.181675 - Epoc #	5180	 13.917310953140259
2023-07-12 20:03:55.431021 - Epoc #	5190	 13.249346017837524
2023-07-12 20:04:00.759844 - Time between reward step: #	7063.571437120438
2023-07-12 20:04:00.759844 - Average Score: 26.00 Elapsed time: 1:57:44.831973
2023-07-12 20:04:04.786757 - Time between reward step: #	7067.598350048065
2023-07-12 20:04:04.786757 - Average Score: 27.00 Elapsed time: 1:57:48.865112
2023-07-12 20:04:09.073684 - Epoc #	5200	 13.64266300201416
2023-07-12 20:04:23.853908 - Epoc #	5210	 14.780224084854126
2023-07-12 20:04:37.260222 - Epoc #	5220	 13.4063138961792
2023-07-12 20:04:50.541041 - Epoc #	5230	 13.280818939208984
2023-07-12 20:05:04.731978 - Epoc #	5240	 14.190937042236328
2023-07-12 20:05:18.296940 - Epoc #	5250	 13.564962148666382
2023-07-12 20:05:31.342479 - Time between reward step: #	7154.15407204628
2023-07-12 20:05:31.342479 - Average Score: 28.00 Elapsed time: 1:59:15.428307
2023-07-12 20:05:32.769411 - Epoc #	5260	 14.472470998764038
2023-07-12 20:05:44.182129 - Time between reward step: #	7166.993721961975
2023-07-12 20:05:44.182129 - Average Score: 29.00 Elapsed time: 1:59:28.259162
2023-07-12 20:05:46.928919 - Epoc #	5270	 14.159507989883423
2023-07-12 20:06:00.480398 - Epoc #	5280	 13.551478862762451
2023-07-12 20:06:14.275463 - Epoc #	5290	 13.79506516456604
2023-07-12 20:06:28.961314 - Epoc #	5300	 14.685850858688354
2023-07-12 20:06:42.945785 - Epoc #	5310	 13.984471082687378
2023-07-12 20:06:57.057930 - Epoc #	5320	 14.112144947052002
2023-07-12 20:07:11.137472 - Epoc #	5330	 14.0795419216156
2023-07-12 20:07:25.167157 - Epoc #	5340	 14.029685020446777
2023-07-12 20:07:38.825736 - Epoc #	5350	 13.658579111099243
2023-07-12 20:07:52.295912 - Epoc #	5360	 13.470175981521606
2023-07-12 20:08:06.199395 - Epoc #	5370	 13.903482913970947
2023-07-12 20:08:20.284324 - Epoc #	5380	 14.0849289894104
2023-07-12 20:08:33.509083 - Epoc #	5390	 13.224759101867676
2023-07-12 20:08:47.070584 - Epoc #	5400	 13.561501026153564
2023-07-12 20:09:00.808304 - Epoc #	5410	 13.737720012664795
2023-07-12 20:09:15.855803 - Epoc #	5420	 15.047498941421509
2023-07-12 20:09:30.542955 - Epoc #	5430	 14.687151908874512
2023-07-12 20:09:43.844205 - Epoc #	5440	 13.301249980926514
2023-07-12 20:09:56.873516 - Epoc #	5450	 13.029311180114746
2023-07-12 20:10:10.828541 - Epoc #	5460	 13.95502495765686
2023-07-12 20:10:26.487932 - Epoc #	5470	 15.659390926361084
2023-07-12 20:10:42.714932 - Epoc #	5480	 16.22699999809265
2023-07-12 20:10:58.835541 - Epoc #	5490	 16.120609045028687
2023-07-12 20:11:14.272858 - Epoc #	5500	 15.43731689453125
2023-07-12 20:11:29.786234 - Epoc #	5510	 15.513375997543335
2023-07-12 20:11:46.666410 - Epoc #	5520	 16.880176067352295
2023-07-12 20:12:02.741375 - Epoc #	5530	 16.074965000152588
2023-07-12 20:12:18.689732 - Epoc #	5540	 15.948357105255127
2023-07-12 20:12:35.612829 - Epoc #	5550	 16.923096895217896
2023-07-12 20:12:51.784479 - Epoc #	5560	 16.171649932861328
2023-07-12 20:13:07.637057 - Epoc #	5570	 15.852578163146973
2023-07-12 20:13:23.474652 - Epoc #	5580	 15.837594985961914
2023-07-12 20:13:39.124503 - Epoc #	5590	 15.649850845336914
2023-07-12 20:13:56.590110 - Epoc #	5600	 17.465607166290283
2023-07-12 20:14:13.538450 - Epoc #	5610	 16.94833993911743
2023-07-12 20:14:30.132295 - Epoc #	5620	 16.593844890594482
2023-07-12 20:14:46.248306 - Epoc #	5630	 16.116011142730713
2023-07-12 20:15:02.255530 - Epoc #	5640	 16.007224082946777
2023-07-12 20:15:18.924984 - Epoc #	5650	 16.669453859329224
2023-07-12 20:15:34.246163 - Epoc #	5660	 15.321178913116455
2023-07-12 20:15:50.615149 - Epoc #	5670	 16.368986129760742
2023-07-12 20:16:06.003633 - Epoc #	5680	 15.388484001159668
2023-07-12 20:16:22.067564 - Epoc #	5690	 16.063930988311768
2023-07-12 20:16:37.486511 - Epoc #	5700	 15.418946981430054
2023-07-12 20:16:53.930238 - Epoc #	5710	 16.443727016448975
2023-07-12 20:17:10.880422 - Epoc #	5720	 16.950184106826782
2023-07-12 20:17:26.372152 - Epoc #	5730	 15.491729974746704
2023-07-12 20:17:42.583799 - Epoc #	5740	 16.211646795272827
2023-07-12 20:17:59.719571 - Epoc #	5750	 17.135772228240967
2023-07-12 20:18:17.547359 - Epoc #	5760	 17.82778787612915
2023-07-12 20:18:33.559011 - Epoc #	5770	 16.01165199279785
2023-07-12 20:18:49.897944 - Epoc #	5780	 16.338932991027832
2023-07-12 20:19:09.461061 - Epoc #	5790	 19.563117027282715
2023-07-12 20:19:25.663344 - Epoc #	5800	 16.202282905578613
2023-07-12 20:19:41.612883 - Epoc #	5810	 15.949539184570312
2023-07-12 20:19:57.339639 - Epoc #	5820	 15.726755857467651
2023-07-12 20:20:13.642326 - Epoc #	5830	 16.302687168121338
2023-07-12 20:20:29.064121 - Epoc #	5840	 15.421794891357422
2023-07-12 20:20:44.825129 - Epoc #	5850	 15.761008024215698
2023-07-12 20:21:01.525968 - Epoc #	5860	 16.700839042663574
2023-07-12 20:21:17.585548 - Epoc #	5870	 16.059579849243164
2023-07-12 20:21:33.762619 - Epoc #	5880	 16.17707109451294
2023-07-12 20:21:50.157673 - Epoc #	5890	 16.39505386352539
2023-07-12 20:22:05.876364 - Epoc #	5900	 15.718691110610962
2023-07-12 20:22:21.141996 - Epoc #	5910	 15.265631914138794
2023-07-12 20:22:36.757972 - Epoc #	5920	 15.615976095199585
2023-07-12 20:22:52.762628 - Epoc #	5930	 16.004656076431274
2023-07-12 20:23:08.730941 - Epoc #	5940	 15.968312978744507
2023-07-12 20:23:24.847311 - Epoc #	5950	 16.11636996269226
2023-07-12 20:23:41.101920 - Epoc #	5960	 16.254608869552612
2023-07-12 20:23:56.523829 - Epoc #	5970	 15.421909093856812
2023-07-12 20:24:11.694827 - Epoc #	5980	 15.170998096466064
2023-07-12 20:24:28.089150 - Epoc #	5990	 16.394322872161865
2023-07-12 20:24:43.829675 - Epoc #	6000	 15.740525007247925
2023-07-12 20:24:58.884794 - Epoc #	6010	 15.055119037628174
2023-07-12 20:25:10.339438 - Time between reward step: #	8333.151031017303
2023-07-12 20:25:10.339438 - Average Score: 30.00 Elapsed time: 2:18:54.424059
2023-07-12 20:25:13.700013 - Epoc #	6020	 14.815218925476074
2023-07-12 20:25:27.674829 - Epoc #	6030	 13.974816083908081
2023-07-12 20:25:41.925246 - Epoc #	6040	 14.250416994094849
2023-07-12 20:25:57.376665 - Epoc #	6050	 15.451419115066528
2023-07-12 20:26:11.465510 - Epoc #	6060	 14.088844776153564
2023-07-12 20:26:26.497387 - Epoc #	6070	 15.031877040863037
2023-07-12 20:26:41.142889 - Epoc #	6080	 14.645502090454102
2023-07-12 20:26:55.742933 - Epoc #	6090	 14.600044012069702
2023-07-12 20:27:10.591120 - Epoc #	6100	 14.84818696975708
2023-07-12 20:27:25.960986 - Epoc #	6110	 15.369865894317627
2023-07-12 20:27:41.583772 - Epoc #	6120	 15.622786045074463
2023-07-12 20:27:55.768284 - Epoc #	6130	 14.1845121383667
2023-07-12 20:28:10.726729 - Epoc #	6140	 14.958444833755493
2023-07-12 20:28:24.365313 - Epoc #	6150	 13.63858413696289
2023-07-12 20:28:39.354696 - Epoc #	6160	 14.989382982254028
2023-07-12 20:28:53.787116 - Epoc #	6170	 14.432420015335083
2023-07-12 20:29:08.520446 - Epoc #	6180	 14.733330011367798
2023-07-12 20:29:23.423572 - Epoc #	6190	 14.903126001358032
2023-07-12 20:29:37.269890 - Epoc #	6200	 13.846318006515503
2023-07-12 20:29:52.167007 - Epoc #	6210	 14.897116899490356
2023-07-12 20:30:06.263882 - Epoc #	6220	 14.096874952316284
2023-07-12 20:30:20.174975 - Epoc #	6230	 13.91109299659729
2023-07-12 20:30:34.792869 - Epoc #	6240	 14.617894172668457
2023-07-12 20:30:49.231618 - Epoc #	6250	 14.438748836517334
2023-07-12 20:31:04.863112 - Epoc #	6260	 15.631494045257568
2023-07-12 20:31:18.586133 - Epoc #	6270	 13.723021030426025
2023-07-12 20:31:32.591813 - Epoc #	6280	 14.005680084228516
2023-07-12 20:31:46.877878 - Epoc #	6290	 14.286064863204956
2023-07-12 20:32:02.696341 - Epoc #	6300	 15.81846308708191
2023-07-12 20:32:17.446556 - Epoc #	6310	 14.75021505355835
2023-07-12 20:32:32.402630 - Epoc #	6320	 14.956073999404907
2023-07-12 20:32:45.971121 - Epoc #	6330	 13.568490982055664
2023-07-12 20:33:00.140525 - Epoc #	6340	 14.169404029846191
2023-07-12 20:33:14.162916 - Epoc #	6350	 14.022390842437744
2023-07-12 20:33:27.790711 - Epoc #	6360	 13.627794981002808
2023-07-12 20:33:42.270901 - Epoc #	6370	 14.48019003868103
2023-07-12 20:33:55.810866 - Epoc #	6380	 13.539965152740479
2023-07-12 20:34:09.928531 - Epoc #	6390	 14.117664813995361
2023-07-12 20:34:24.348360 - Epoc #	6400	 14.41982913017273
2023-07-12 20:34:40.856874 - Epoc #	6410	 16.508513927459717
2023-07-12 20:34:54.330904 - Epoc #	6420	 13.474030017852783
2023-07-12 20:35:10.527133 - Epoc #	6430	 16.196228981018066
2023-07-12 20:35:16.345680 - Time between reward step: #	8939.157273054123
2023-07-12 20:35:16.345680 - Average Score: 31.00 Elapsed time: 2:29:00.416130
2023-07-12 20:35:25.277279 - Epoc #	6440	 14.75014591217041
2023-07-12 20:35:39.370388 - Epoc #	6450	 14.093109130859375
2023-07-12 20:35:53.764221 - Epoc #	6460	 14.393832921981812
2023-07-12 20:36:07.958515 - Epoc #	6470	 14.194293975830078
2023-07-12 20:36:21.982761 - Epoc #	6480	 14.024245977401733
2023-07-12 20:36:35.823654 - Epoc #	6490	 13.840893030166626
2023-07-12 20:36:49.494544 - Epoc #	6500	 13.670890092849731
2023-07-12 20:37:04.957074 - Epoc #	6510	 15.46252989768982
2023-07-12 20:37:19.520990 - Epoc #	6520	 14.563915967941284
2023-07-12 20:37:33.407024 - Epoc #	6530	 13.88603401184082
2023-07-12 20:37:47.397338 - Epoc #	6540	 13.99031400680542
2023-07-12 20:38:01.299609 - Epoc #	6550	 13.902271032333374
2023-07-12 20:38:16.278824 - Epoc #	6560	 14.979215145111084
2023-07-12 20:38:30.273410 - Epoc #	6570	 13.994585990905762
2023-07-12 20:38:45.752562 - Epoc #	6580	 15.479151964187622
2023-07-12 20:39:00.203385 - Epoc #	6590	 14.450823068618774
2023-07-12 20:39:14.230660 - Epoc #	6600	 14.02727484703064
2023-07-12 20:39:28.397202 - Epoc #	6610	 14.166542053222656
2023-07-12 20:39:43.478105 - Epoc #	6620	 15.080903053283691
2023-07-12 20:39:58.551953 - Epoc #	6630	 15.073848009109497
2023-07-12 20:40:13.324257 - Epoc #	6640	 14.772303819656372
2023-07-12 20:40:28.520189 - Epoc #	6650	 15.195932149887085
2023-07-12 20:40:43.756482 - Epoc #	6660	 15.236292839050293
2023-07-12 20:40:58.482188 - Epoc #	6670	 14.725706100463867
2023-07-12 20:41:14.261712 - Epoc #	6680	 15.779524087905884
2023-07-12 20:41:29.049789 - Epoc #	6690	 14.788076877593994
2023-07-12 20:41:43.690088 - Epoc #	6700	 14.640299081802368
2023-07-12 20:41:58.661511 - Epoc #	6710	 14.971422910690308
2023-07-12 20:42:13.518218 - Epoc #	6720	 14.856707096099854
2023-07-12 20:42:29.369700 - Epoc #	6730	 15.851481914520264
2023-07-12 20:42:44.073042 - Epoc #	6740	 14.703341960906982
2023-07-12 20:42:58.753546 - Epoc #	6750	 14.680504083633423
2023-07-12 20:43:13.423284 - Epoc #	6760	 14.669738054275513
2023-07-12 20:43:28.820851 - Epoc #	6770	 15.3975670337677
2023-07-12 20:43:45.743801 - Epoc #	6780	 16.92295002937317
2023-07-12 20:44:00.208666 - Epoc #	6790	 14.46486496925354
2023-07-12 20:44:04.533737 - Time between reward step: #	9467.345329999924
2023-07-12 20:44:04.533737 - Average Score: 32.00 Elapsed time: 2:37:48.617501
2023-07-12 20:44:07.706424 - Time between reward step: #	9470.518017053604
2023-07-12 20:44:07.706424 - Average Score: 33.00 Elapsed time: 2:37:51.781634
2023-07-12 20:44:15.125697 - Epoc #	6800	 14.917030811309814
2023-07-12 20:44:29.606167 - Epoc #	6810	 14.480470180511475
2023-07-12 20:44:43.978946 - Epoc #	6820	 14.37277889251709
2023-07-12 20:45:00.196350 - Epoc #	6830	 16.21740412712097
2023-07-12 20:45:01.741434 - Time between reward step: #	9524.553027153015
2023-07-12 20:45:01.741434 - Average Score: 34.00 Elapsed time: 2:38:45.812490
2023-07-12 20:45:06.151231 - Time between reward step: #	9528.962824106216
2023-07-12 20:45:06.151231 - Average Score: 35.00 Elapsed time: 2:38:50.224490
2023-07-12 20:45:07.659318 - Time between reward step: #	9530.470911026001
2023-07-12 20:45:07.659318 - Average Score: 36.00 Elapsed time: 2:38:51.740979
2023-07-12 20:45:13.430907 - Time between reward step: #	9536.242500066757
2023-07-12 20:45:13.430907 - Average Score: 37.00 Elapsed time: 2:38:57.507034
2023-07-12 20:45:14.797025 - Epoc #	6840	 14.600674867630005
2023-07-12 20:45:28.783897 - Epoc #	6850	 13.98687195777893
2023-07-12 20:45:43.233864 - Epoc #	6860	 14.4499671459198
2023-07-12 20:45:58.388233 - Epoc #	6870	 15.154368877410889
2023-07-12 20:46:13.267072 - Epoc #	6880	 14.878839015960693
2023-07-12 20:46:27.240855 - Epoc #	6890	 13.973783016204834
2023-07-12 20:46:41.609291 - Epoc #	6900	 14.368436098098755
2023-07-12 20:46:57.316876 - Epoc #	6910	 15.707584857940674
2023-07-12 20:47:01.498436 - Time between reward step: #	9644.310029029846
2023-07-12 20:47:01.498436 - Average Score: 38.00 Elapsed time: 2:40:45.576718
2023-07-12 20:47:09.948155 - Time between reward step: #	9652.759747982025
2023-07-12 20:47:09.948155 - Average Score: 39.00 Elapsed time: 2:40:54.019753
2023-07-12 20:47:12.185742 - Epoc #	6920	 14.868865966796875
2023-07-12 20:47:26.611720 - Epoc #	6930	 14.425978183746338
2023-07-12 20:47:40.988728 - Epoc #	6940	 14.377007961273193
2023-07-12 20:47:57.019183 - Epoc #	6950	 16.030454874038696
2023-07-12 20:48:12.163408 - Epoc #	6960	 15.144225120544434
2023-07-12 20:48:26.419754 - Epoc #	6970	 14.256345987319946
2023-07-12 20:48:42.102710 - Epoc #	6980	 15.682955980300903
2023-07-12 20:48:56.282037 - Epoc #	6990	 14.179327011108398
2023-07-12 20:49:10.174778 - Epoc #	7000	 13.892740964889526
2023-07-12 20:49:24.676542 - Epoc #	7010	 14.501764059066772
2023-07-12 20:49:39.107628 - Epoc #	7020	 14.43108606338501
2023-07-12 20:49:53.630866 - Epoc #	7030	 14.523237943649292
2023-07-12 20:50:08.432355 - Epoc #	7040	 14.801488876342773
2023-07-12 20:50:24.149712 - Epoc #	7050	 15.717357158660889
2023-07-12 20:50:30.029220 - Time between reward step: #	9852.840813159943
2023-07-12 20:50:30.029220 - Average Score: 40.00 Elapsed time: 2:44:14.113367
2023-07-12 20:50:38.597645 - Epoc #	7060	 14.447932958602905
2023-07-12 20:50:52.793392 - Epoc #	7070	 14.195746898651123
2023-07-12 20:51:06.876467 - Epoc #	7080	 14.083075046539307
2023-07-12 20:51:22.024085 - Epoc #	7090	 15.147618055343628
2023-07-12 20:51:35.840519 - Epoc #	7100	 13.816433906555176
2023-07-12 20:51:50.379781 - Epoc #	7110	 14.539262056350708
2023-07-12 20:52:04.771170 - Epoc #	7120	 14.391388893127441
2023-07-12 20:52:19.008067 - Epoc #	7130	 14.236896991729736
2023-07-12 20:52:32.407238 - Epoc #	7140	 13.399171113967896
2023-07-12 20:52:46.903441 - Epoc #	7150	 14.496202945709229
2023-07-12 20:53:01.976588 - Epoc #	7160	 15.073147058486938
2023-07-12 20:53:17.468267 - Epoc #	7170	 15.491678953170776
2023-07-12 20:53:31.570241 - Epoc #	7180	 14.10197401046753
2023-07-12 20:53:45.419968 - Epoc #	7190	 13.849726915359497
2023-07-12 20:53:59.938566 - Epoc #	7200	 14.518598079681396
2023-07-12 20:54:14.409258 - Epoc #	7210	 14.470691919326782
2023-07-12 20:54:29.735196 - Epoc #	7220	 15.32593822479248
2023-07-12 20:54:44.515548 - Epoc #	7230	 14.780351877212524
2023-07-12 20:54:59.191373 - Epoc #	7240	 14.675825119018555
2023-07-12 20:55:13.752661 - Epoc #	7250	 14.561287879943848
2023-07-12 20:55:27.679131 - Epoc #	7260	 13.926470041275024
2023-07-12 20:55:42.736994 - Epoc #	7270	 15.057862997055054
2023-07-12 20:55:57.359111 - Epoc #	7280	 14.622117042541504
2023-07-12 20:56:11.321708 - Epoc #	7290	 13.962596893310547
2023-07-12 20:56:25.471152 - Epoc #	7300	 14.149444103240967
2023-07-12 20:56:40.150710 - Epoc #	7310	 14.679558038711548
2023-07-12 20:56:54.324904 - Epoc #	7320	 14.174193859100342
2023-07-12 20:57:08.611624 - Epoc #	7330	 14.286720037460327
2023-07-12 20:57:23.122604 - Epoc #	7340	 14.510979890823364
2023-07-12 20:57:37.577250 - Epoc #	7350	 14.454646110534668
2023-07-12 20:57:51.240395 - Epoc #	7360	 13.663145065307617
2023-07-12 20:58:05.872608 - Epoc #	7370	 14.63221287727356
2023-07-12 20:58:20.883776 - Epoc #	7380	 15.011168003082275
2023-07-12 20:58:36.003117 - Epoc #	7390	 15.119341135025024
2023-07-12 20:58:52.451597 - Epoc #	7400	 16.448479890823364
2023-07-12 20:59:06.483732 - Epoc #	7410	 14.032135009765625
2023-07-12 20:59:19.994177 - Epoc #	7420	 13.51044511795044
2023-07-12 20:59:21.606431 - Time between reward step: #	10384.41802406311
2023-07-12 20:59:21.606431 - Average Score: 41.00 Elapsed time: 2:53:05.680330
2023-07-12 20:59:34.509258 - Epoc #	7430	 14.51508092880249
2023-07-12 20:59:47.596795 - Epoc #	7440	 13.087537050247192
2023-07-12 21:00:00.724752 - Epoc #	7450	 13.127956867218018
2023-07-12 21:00:14.010924 - Epoc #	7460	 13.286172151565552
2023-07-12 21:00:27.595590 - Epoc #	7470	 13.584666013717651
2023-07-12 21:00:41.416069 - Epoc #	7480	 13.820478916168213
2023-07-12 21:00:54.625012 - Epoc #	7490	 13.208942890167236
2023-07-12 21:01:07.564039 - Epoc #	7500	 12.939027070999146
2023-07-12 21:01:22.605380 - Epoc #	7510	 15.041341066360474
2023-07-12 21:01:37.064697 - Epoc #	7520	 14.459316968917847
2023-07-12 21:01:50.498173 - Epoc #	7530	 13.433475971221924
2023-07-12 21:02:03.743566 - Epoc #	7540	 13.24539303779602
2023-07-12 21:02:16.952672 - Epoc #	7550	 13.209105968475342
2023-07-12 21:02:31.528950 - Epoc #	7560	 14.5762779712677
2023-07-12 21:02:44.992501 - Epoc #	7570	 13.463551044464111
2023-07-12 21:02:59.478196 - Epoc #	7580	 14.485694885253906
2023-07-12 21:03:13.270437 - Epoc #	7590	 13.792241096496582
2023-07-12 21:03:28.483490 - Epoc #	7600	 15.213052988052368
2023-07-12 21:03:41.473584 - Epoc #	7610	 12.99009394645691
2023-07-12 21:03:55.011806 - Epoc #	7620	 13.538222074508667
2023-07-12 21:04:08.623612 - Epoc #	7630	 13.61180591583252
2023-07-12 21:04:22.162435 - Epoc #	7640	 13.538823127746582
2023-07-12 21:04:36.241860 - Epoc #	7650	 14.079424858093262
2023-07-12 21:04:51.195718 - Epoc #	7660	 14.953858137130737
2023-07-12 21:05:06.087723 - Epoc #	7670	 14.89200496673584
2023-07-12 21:05:09.014510 - Time between reward step: #	10731.82610297203
2023-07-12 21:05:09.014510 - Average Score: 42.00 Elapsed time: 2:58:53.085300
2023-07-12 21:05:16.749635 - Time between reward step: #	10739.56122803688
2023-07-12 21:05:16.749635 - Average Score: 43.00 Elapsed time: 2:59:00.823531
2023-07-12 21:05:18.173934 - Time between reward step: #	10740.985527038574
2023-07-12 21:05:18.173934 - Average Score: 44.00 Elapsed time: 2:59:02.257985
2023-07-12 21:05:20.786964 - Epoc #	7680	 14.699240922927856
2023-07-12 21:05:35.000575 - Epoc #	7690	 14.213611125946045
2023-07-12 21:05:49.336529 - Epoc #	7700	 14.335953950881958
2023-07-12 21:06:02.700591 - Epoc #	7710	 13.364062070846558
2023-07-12 21:06:16.986686 - Epoc #	7720	 14.286094903945923
2023-07-12 21:06:30.526999 - Epoc #	7730	 13.540313005447388
2023-07-12 21:06:45.522247 - Epoc #	7740	 14.995248079299927
2023-07-12 21:06:59.231259 - Epoc #	7750	 13.709012031555176
2023-07-12 21:07:13.301663 - Epoc #	7760	 14.070403814315796
2023-07-12 21:07:28.187260 - Epoc #	7770	 14.885596990585327
2023-07-12 21:07:42.272021 - Epoc #	7780	 14.084761142730713
2023-07-12 21:07:56.489885 - Epoc #	7790	 14.217864036560059
2023-07-12 21:08:10.629697 - Epoc #	7800	 14.139811992645264
2023-07-12 21:08:25.276452 - Epoc #	7810	 14.64675498008728
2023-07-12 21:08:38.985921 - Epoc #	7820	 13.709468841552734
2023-07-12 21:08:53.650097 - Epoc #	7830	 14.664175987243652
2023-07-12 21:09:07.878111 - Epoc #	7840	 14.22801399230957
2023-07-12 21:09:21.790440 - Epoc #	7850	 13.912329196929932
2023-07-12 21:09:35.498820 - Epoc #	7860	 13.708379983901978
2023-07-12 21:09:50.088730 - Epoc #	7870	 14.58991003036499
2023-07-12 21:10:03.964718 - Epoc #	7880	 13.875988006591797
2023-07-12 21:10:17.177110 - Epoc #	7890	 13.21239185333252
2023-07-12 21:10:30.543258 - Epoc #	7900	 13.366147994995117
2023-07-12 21:10:44.569789 - Epoc #	7910	 14.026530981063843
2023-07-12 21:10:58.095955 - Epoc #	7920	 13.526165962219238
2023-07-12 21:11:11.546749 - Epoc #	7930	 13.450794219970703
2023-07-12 21:11:25.916252 - Epoc #	7940	 14.369502782821655
2023-07-12 21:11:40.665830 - Epoc #	7950	 14.74957799911499
2023-07-12 21:11:49.037039 - Time between reward step: #	11131.848632097244
2023-07-12 21:11:49.037039 - Average Score: 45.00 Elapsed time: 3:05:33.118293
2023-07-12 21:11:50.586166 - Time between reward step: #	11133.397758960724
2023-07-12 21:11:50.586166 - Average Score: 46.00 Elapsed time: 3:05:34.656605
2023-07-12 21:11:54.376672 - Epoc #	7960	 13.71084213256836
2023-07-12 21:12:08.886092 - Epoc #	7970	 14.509419918060303
2023-07-12 21:12:22.764124 - Epoc #	7980	 13.878031969070435
2023-07-12 21:12:36.940797 - Epoc #	7990	 14.176673173904419
2023-07-12 21:12:51.011375 - Epoc #	8000	 14.07057785987854
2023-07-12 21:13:05.009810 - Epoc #	8010	 13.998435020446777
2023-07-12 21:13:18.629091 - Epoc #	8020	 13.61928105354309
2023-07-12 21:13:33.123218 - Epoc #	8030	 14.494127035140991
2023-07-12 21:13:46.555861 - Epoc #	8040	 13.432642936706543
2023-07-12 21:14:00.266155 - Epoc #	8050	 13.710294008255005
2023-07-12 21:14:13.804617 - Epoc #	8060	 13.538461923599243
2023-07-12 21:14:27.698611 - Epoc #	8070	 13.893994092941284
2023-07-12 21:14:41.160043 - Epoc #	8080	 13.461431980133057
2023-07-12 21:14:55.069672 - Epoc #	8090	 13.909629106521606
2023-07-12 21:15:08.350511 - Epoc #	8100	 13.280838966369629
2023-07-12 21:15:21.559624 - Epoc #	8110	 13.209112882614136
2023-07-12 21:15:35.020129 - Epoc #	8120	 13.46050500869751
2023-07-12 21:15:48.752298 - Epoc #	8130	 13.732169151306152
2023-07-12 21:16:02.305344 - Epoc #	8140	 13.553045988082886
2023-07-12 21:16:16.035166 - Epoc #	8150	 13.729821920394897
2023-07-12 21:16:29.809654 - Epoc #	8160	 13.774487972259521
2023-07-12 21:16:43.630304 - Epoc #	8170	 13.820650100708008
2023-07-12 21:16:57.341612 - Epoc #	8180	 13.711308002471924
2023-07-12 21:17:11.227555 - Epoc #	8190	 13.885942935943604
2023-07-12 21:17:25.331352 - Epoc #	8200	 14.10379695892334
2023-07-12 21:17:38.747746 - Epoc #	8210	 13.416393995285034
2023-07-12 21:17:52.179130 - Epoc #	8220	 13.431384086608887
2023-07-12 21:18:06.005613 - Epoc #	8230	 13.826483011245728
2023-07-12 21:18:19.315670 - Epoc #	8240	 13.310056924819946
2023-07-12 21:18:33.081162 - Epoc #	8250	 13.765491962432861
2023-07-12 21:18:47.387022 - Epoc #	8260	 14.305860042572021
2023-07-12 21:19:01.988909 - Epoc #	8270	 14.601886987686157
2023-07-12 21:19:15.970662 - Epoc #	8280	 13.98175311088562
2023-07-12 21:19:29.888343 - Epoc #	8290	 13.917680978775024
2023-07-12 21:19:43.550579 - Epoc #	8300	 13.662235975265503
2023-07-12 21:19:57.231459 - Epoc #	8310	 13.680879831314087
2023-07-12 21:20:10.594679 - Epoc #	8320	 13.36322021484375
2023-07-12 21:20:24.052126 - Epoc #	8330	 13.457446813583374
2023-07-12 21:20:38.409478 - Epoc #	8340	 14.357352018356323
2023-07-12 21:20:52.124480 - Epoc #	8350	 13.715002059936523
2023-07-12 21:21:05.967760 - Epoc #	8360	 13.84328007698059
2023-07-12 21:21:20.087930 - Epoc #	8370	 14.120169878005981
2023-07-12 21:21:33.742626 - Epoc #	8380	 13.654695987701416
2023-07-12 21:21:47.379015 - Epoc #	8390	 13.636389017105103
2023-07-12 21:22:00.840781 - Epoc #	8400	 13.461766004562378
2023-07-12 21:22:14.375187 - Epoc #	8410	 13.534405946731567
2023-07-12 21:22:27.917734 - Epoc #	8420	 13.54254698753357
2023-07-12 21:22:41.559503 - Epoc #	8430	 13.641769170761108
2023-07-12 21:22:55.496916 - Epoc #	8440	 13.937412977218628
2023-07-12 21:23:09.306060 - Epoc #	8450	 13.809144020080566
2023-07-12 21:23:22.843442 - Epoc #	8460	 13.537381887435913
2023-07-12 21:23:35.940364 - Epoc #	8470	 13.096921920776367
2023-07-12 21:23:49.589096 - Epoc #	8480	 13.64873218536377
2023-07-12 21:24:03.751047 - Epoc #	8490	 14.161950826644897
2023-07-12 21:24:17.622354 - Epoc #	8500	 13.871307134628296
2023-07-12 21:24:30.752858 - Epoc #	8510	 13.13050389289856
2023-07-12 21:24:44.095404 - Epoc #	8520	 13.342545986175537
2023-07-12 21:24:58.234700 - Epoc #	8530	 14.139296054840088
2023-07-12 21:25:12.292032 - Epoc #	8540	 14.057332038879395
2023-07-12 21:25:25.505996 - Epoc #	8550	 13.213963985443115
2023-07-12 21:25:40.373471 - Epoc #	8560	 14.867475032806396
2023-07-12 21:25:53.573345 - Epoc #	8570	 13.199873924255371
2023-07-12 21:26:07.292196 - Epoc #	8580	 13.718851089477539
2023-07-12 21:26:20.941554 - Epoc #	8590	 13.649358034133911
2023-07-12 21:26:35.104604 - Epoc #	8600	 14.163049936294556
2023-07-12 21:26:48.966413 - Epoc #	8610	 13.861809015274048
2023-07-12 21:27:02.497093 - Epoc #	8620	 13.530679941177368
2023-07-12 21:27:15.629433 - Epoc #	8630	 13.13233995437622
2023-07-12 21:27:28.674224 - Epoc #	8640	 13.044790983200073
2023-07-12 21:27:42.729238 - Epoc #	8650	 14.05501413345337
2023-07-12 21:27:56.445772 - Epoc #	8660	 13.716533899307251
2023-07-12 21:28:10.108652 - Epoc #	8670	 13.662880182266235
2023-07-12 21:28:23.507719 - Epoc #	8680	 13.399066925048828
2023-07-12 21:28:37.817095 - Epoc #	8690	 14.309376001358032
2023-07-12 21:28:51.494629 - Epoc #	8700	 13.677533864974976
2023-07-12 21:29:06.278523 - Epoc #	8710	 14.783894062042236
2023-07-12 21:29:19.229464 - Epoc #	8720	 12.95094108581543
2023-07-12 21:29:33.902463 - Epoc #	8730	 14.672998905181885
2023-07-12 21:29:47.647002 - Epoc #	8740	 13.744539022445679
2023-07-12 21:30:01.407026 - Epoc #	8750	 13.760024070739746
2023-07-12 21:30:14.899912 - Epoc #	8760	 13.492886066436768
2023-07-12 21:30:28.790085 - Epoc #	8770	 13.890172958374023
2023-07-12 21:30:41.740757 - Epoc #	8780	 12.950671911239624
2023-07-12 21:30:55.369208 - Epoc #	8790	 13.628451108932495
2023-07-12 21:31:09.040156 - Epoc #	8800	 13.670947790145874
2023-07-12 21:31:23.168956 - Epoc #	8810	 14.1288001537323
2023-07-12 21:31:36.257030 - Epoc #	8820	 13.088073968887329
2023-07-12 21:31:50.031270 - Epoc #	8830	 13.774240016937256
2023-07-12 21:32:03.561598 - Epoc #	8840	 13.530328035354614
2023-07-12 21:32:18.350274 - Epoc #	8850	 14.788676023483276
2023-07-12 21:32:32.171533 - Epoc #	8860	 13.821259021759033
2023-07-12 21:32:46.292599 - Epoc #	8870	 14.121065855026245
2023-07-12 21:32:59.772607 - Epoc #	8880	 13.480008125305176
2023-07-12 21:33:12.384699 - Epoc #	8890	 12.612092018127441
2023-07-12 21:33:25.909478 - Epoc #	8900	 13.524778842926025
2023-07-12 21:33:39.837446 - Epoc #	8910	 13.92796802520752
2023-07-12 21:33:54.043584 - Epoc #	8920	 14.206138134002686
2023-07-12 21:34:07.700133 - Epoc #	8930	 13.656548976898193
2023-07-12 21:34:21.907726 - Epoc #	8940	 14.207592964172363
2023-07-12 21:34:35.381515 - Epoc #	8950	 13.473788976669312
2023-07-12 21:34:49.242741 - Epoc #	8960	 13.861226081848145
2023-07-12 21:35:02.208298 - Epoc #	8970	 12.965556859970093
2023-07-12 21:35:16.137168 - Epoc #	8980	 13.92886996269226
2023-07-12 21:35:30.603361 - Epoc #	8990	 14.466192960739136
2023-07-12 21:35:44.538735 - Epoc #	9000	 13.935374021530151
2023-07-12 21:35:57.749788 - Epoc #	9010	 13.211053133010864
2023-07-12 21:36:11.849957 - Epoc #	9020	 14.100168943405151
2023-07-12 21:36:25.065161 - Epoc #	9030	 13.215204000473022
2023-07-12 21:36:26.553014 - Time between reward step: #	12609.364607095718
2023-07-12 21:36:26.553014 - Average Score: 47.00 Elapsed time: 3:30:10.635573
2023-07-12 21:36:28.087314 - Time between reward step: #	12610.898906946182
2023-07-12 21:36:28.087314 - Average Score: 48.00 Elapsed time: 3:30:12.163850
2023-07-12 21:36:33.785923 - Time between reward step: #	12616.597516059875
2023-07-12 21:36:33.785923 - Average Score: 49.00 Elapsed time: 3:30:17.858605
2023-07-12 21:36:35.402419 - Time between reward step: #	12618.214012145996
2023-07-12 21:36:35.402419 - Average Score: 50.00 Elapsed time: 3:30:19.475255
2023-07-12 21:36:39.348762 - Epoc #	9040	 14.28360104560852
2023-07-12 21:36:40.836835 - Time between reward step: #	12623.648427963257
2023-07-12 21:36:40.836835 - Average Score: 51.00 Elapsed time: 3:30:24.910204
2023-07-12 21:36:42.481376 - Time between reward step: #	12625.292968988419
2023-07-12 21:36:42.481376 - Average Score: 52.00 Elapsed time: 3:30:26.564368
2023-07-12 21:36:53.046405 - Epoc #	9050	 13.697643041610718
2023-07-12 21:37:07.055019 - Epoc #	9060	 14.00861382484436
2023-07-12 21:37:17.123095 - Time between reward step: #	12659.934688091278
2023-07-12 21:37:17.123095 - Average Score: 53.00 Elapsed time: 3:31:01.203287
2023-07-12 21:37:19.893791 - Time between reward step: #	12662.705384016037
2023-07-12 21:37:19.893791 - Average Score: 54.00 Elapsed time: 3:31:03.964886
2023-07-12 21:37:21.413396 - Time between reward step: #	12664.224988937378
2023-07-12 21:37:21.413396 - Average Score: 55.00 Elapsed time: 3:31:05.484372
2023-07-12 21:37:21.413396 - Epoc #	9070	 14.35837697982788
2023-07-12 21:37:22.836129 - Time between reward step: #	12665.647722005844
2023-07-12 21:37:22.836129 - Average Score: 56.00 Elapsed time: 3:31:06.918878
2023-07-12 21:37:25.748617 - Time between reward step: #	12668.560209989548
2023-07-12 21:37:25.748617 - Average Score: 57.00 Elapsed time: 3:31:09.819418
2023-07-12 21:37:34.777142 - Epoc #	9080	 13.363746166229248
2023-07-12 21:37:48.653606 - Epoc #	9090	 13.876463890075684
2023-07-12 21:38:03.122324 - Epoc #	9100	 14.4687180519104
2023-07-12 21:38:16.574661 - Epoc #	9110	 13.45233702659607
2023-07-12 21:38:29.989431 - Epoc #	9120	 13.414769887924194
2023-07-12 21:38:43.820608 - Epoc #	9130	 13.831176996231079
2023-07-12 21:38:56.717598 - Epoc #	9140	 12.896990060806274
2023-07-12 21:39:10.217758 - Epoc #	9150	 13.500159978866577
2023-07-12 21:39:24.018087 - Epoc #	9160	 13.800328969955444
2023-07-12 21:39:37.533875 - Epoc #	9170	 13.515788078308105
2023-07-12 21:39:51.295005 - Epoc #	9180	 13.761130094528198
2023-07-12 21:40:05.387166 - Epoc #	9190	 14.092160940170288
2023-07-12 21:40:20.153022 - Epoc #	9200	 14.76585602760315
2023-07-12 21:40:33.684989 - Epoc #	9210	 13.531966924667358
2023-07-12 21:40:47.718334 - Epoc #	9220	 14.033344984054565
2023-07-12 21:41:01.450079 - Epoc #	9230	 13.73174500465393
2023-07-12 21:41:15.518623 - Epoc #	9240	 14.068544149398804
2023-07-12 21:41:29.416658 - Epoc #	9250	 13.898034811019897
2023-07-12 21:41:43.114975 - Epoc #	9260	 13.698317050933838
2023-07-12 21:41:56.625535 - Epoc #	9270	 13.510560035705566
2023-07-12 21:42:10.485065 - Epoc #	9280	 13.859529972076416
2023-07-12 21:42:24.165278 - Epoc #	9290	 13.68021297454834
2023-07-12 21:42:37.971564 - Time between reward step: #	12980.783157110214
2023-07-12 21:42:37.971564 - Average Score: 58.00 Elapsed time: 3:36:22.056339
2023-07-12 21:42:37.971564 - Epoc #	9300	 13.806286096572876
2023-07-12 21:42:39.395030 - Time between reward step: #	12982.206623077393
2023-07-12 21:42:39.395030 - Average Score: 59.00 Elapsed time: 3:36:23.470795
2023-07-12 21:42:51.494683 - Epoc #	9310	 13.52311897277832
2023-07-12 21:43:04.520957 - Epoc #	9320	 13.026273965835571
2023-07-12 21:43:18.474401 - Epoc #	9330	 13.953444004058838
2023-07-12 21:43:32.044903 - Epoc #	9340	 13.570502042770386
2023-07-12 21:43:45.867629 - Epoc #	9350	 13.822726011276245
2023-07-12 21:43:59.240217 - Epoc #	9360	 13.37258791923523
2023-07-12 21:44:13.124107 - Epoc #	9370	 13.88388991355896
2023-07-12 21:44:26.482355 - Epoc #	9380	 13.358248233795166
2023-07-12 21:44:40.099882 - Epoc #	9390	 13.617526769638062
2023-07-12 21:44:53.756255 - Epoc #	9400	 13.656373023986816
2023-07-12 21:45:07.614041 - Epoc #	9410	 13.857786178588867
2023-07-12 21:45:21.361678 - Epoc #	9420	 13.747636795043945
2023-07-12 21:45:35.450536 - Epoc #	9430	 14.088858127593994
2023-07-12 21:45:49.343499 - Epoc #	9440	 13.89296293258667
2023-07-12 21:46:03.038957 - Epoc #	9450	 13.695458173751831
2023-07-12 21:46:16.784729 - Epoc #	9460	 13.745771884918213
2023-07-12 21:46:30.427900 - Epoc #	9470	 13.643171072006226
2023-07-12 21:46:43.432224 - Epoc #	9480	 13.004323959350586
2023-07-12 21:46:56.763291 - Epoc #	9490	 13.315391063690186
2023-07-12 21:47:10.631769 - Epoc #	9500	 13.868478059768677
2023-07-12 21:47:24.028221 - Epoc #	9510	 13.396451950073242
2023-07-12 21:47:37.820504 - Epoc #	9520	 13.792283058166504
2023-07-12 21:47:52.150680 - Epoc #	9530	 14.33017611503601
2023-07-12 21:48:06.253228 - Epoc #	9540	 14.102547883987427
2023-07-12 21:48:19.550311 - Epoc #	9550	 13.297083139419556
2023-07-12 21:48:33.215448 - Epoc #	9560	 13.665136814117432
2023-07-12 21:48:47.282452 - Epoc #	9570	 14.067004203796387
2023-07-12 21:49:01.218082 - Epoc #	9580	 13.935629844665527
2023-07-12 21:49:14.854077 - Epoc #	9590	 13.635995149612427
2023-07-12 21:49:28.550174 - Epoc #	9600	 13.696096897125244
2023-07-12 21:49:42.630496 - Epoc #	9610	 14.080322027206421
2023-07-12 21:49:56.096682 - Epoc #	9620	 13.466186046600342
2023-07-12 21:50:10.315682 - Epoc #	9630	 14.218999862670898
2023-07-12 21:50:24.001710 - Epoc #	9640	 13.686028003692627
2023-07-12 21:50:38.080191 - Epoc #	9650	 14.078480958938599
2023-07-12 21:50:51.745897 - Epoc #	9660	 13.665706157684326
2023-07-12 21:51:04.911491 - Epoc #	9670	 13.16559386253357
2023-07-12 21:51:19.083926 - Epoc #	9680	 14.17243504524231
2023-07-12 21:51:33.568063 - Epoc #	9690	 14.484137058258057
2023-07-12 21:51:47.480262 - Epoc #	9700	 13.912199020385742
2023-07-12 21:51:58.723745 - Time between reward step: #	13541.535338163376
2023-07-12 21:51:58.723745 - Average Score: 60.00 Elapsed time: 3:45:42.794177
2023-07-12 21:52:01.415846 - Epoc #	9710	 13.93558406829834
2023-07-12 21:52:10.988440 - Time between reward step: #	13553.800033092499
2023-07-12 21:52:10.988440 - Average Score: 61.00 Elapsed time: 3:45:55.073357
2023-07-12 21:52:14.806384 - Epoc #	9720	 13.390537977218628
2023-07-12 21:52:29.443505 - Epoc #	9730	 14.637120962142944
2023-07-12 21:52:43.193700 - Epoc #	9740	 13.750195026397705
2023-07-12 21:52:56.718546 - Epoc #	9750	 13.524845838546753
2023-07-12 21:53:10.678157 - Epoc #	9760	 13.959611177444458
2023-07-12 21:53:24.306970 - Epoc #	9770	 13.628812789916992
2023-07-12 21:53:38.352141 - Epoc #	9780	 14.045171022415161
2023-07-12 21:53:52.401808 - Epoc #	9790	 14.049667119979858
2023-07-12 21:54:05.819103 - Epoc #	9800	 13.417294979095459
2023-07-12 21:54:20.035967 - Epoc #	9810	 14.201234102249146
2023-07-12 21:54:34.049366 - Epoc #	9820	 14.013398885726929
2023-07-12 21:54:48.645338 - Epoc #	9830	 14.595972061157227
2023-07-12 21:55:02.693198 - Epoc #	9840	 14.047859907150269
2023-07-12 21:55:16.491028 - Epoc #	9850	 13.79783010482788
2023-07-12 21:55:30.079549 - Epoc #	9860	 13.588521003723145
2023-07-12 21:55:43.368800 - Epoc #	9870	 13.28925085067749
2023-07-12 21:55:57.612962 - Epoc #	9880	 14.24416208267212
2023-07-12 21:56:10.715910 - Epoc #	9890	 13.10294795036316
2023-07-12 21:56:24.790800 - Epoc #	9900	 14.07489013671875
2023-07-12 21:56:38.143260 - Epoc #	9910	 13.352459907531738
2023-07-12 21:56:51.728091 - Epoc #	9920	 13.58483099937439
2023-07-12 21:57:05.824448 - Epoc #	9930	 14.096357107162476
2023-07-12 21:57:19.463508 - Epoc #	9940	 13.639059782028198
2023-07-12 21:57:32.611850 - Epoc #	9950	 13.14834213256836
2023-07-12 21:57:45.915532 - Epoc #	9960	 13.303682088851929
2023-07-12 21:57:59.955040 - Epoc #	9970	 14.039507865905762
2023-07-12 21:58:13.418705 - Epoc #	9980	 13.463665008544922
2023-07-12 21:58:26.561139 - Epoc #	9990	 13.142434120178223
2023-07-12 21:58:39.814537 - Epoc #	10000	 13.253397941589355
2023-07-12 21:58:53.579151 - Epoc #	10010	 13.76461386680603
2023-07-12 21:59:09.161853 - Epoc #	10020	 15.582702159881592
2023-07-12 21:59:23.141314 - Epoc #	10030	 13.979460954666138
2023-07-12 21:59:37.075990 - Epoc #	10040	 13.934675931930542
2023-07-12 21:59:51.789813 - Epoc #	10050	 14.713823080062866
2023-07-12 22:00:05.191606 - Epoc #	10060	 13.401793003082275
2023-07-12 22:00:18.985704 - Epoc #	10070	 13.794097900390625
2023-07-12 22:00:32.545749 - Epoc #	10080	 13.560045003890991
2023-07-12 22:00:46.406228 - Epoc #	10090	 13.86047911643982
2023-07-12 22:01:00.655539 - Epoc #	10100	 14.249310970306396
2023-07-12 22:01:14.183696 - Epoc #	10110	 13.528156995773315
2023-07-12 22:01:29.532460 - Epoc #	10120	 15.348763942718506
2023-07-12 22:01:43.428631 - Epoc #	10130	 13.89617109298706
2023-07-12 22:01:58.743660 - Epoc #	10140	 15.31502890586853
2023-07-12 22:02:12.498975 - Epoc #	10150	 13.755315065383911
2023-07-12 22:02:26.311157 - Epoc #	10160	 13.812181949615479
2023-07-12 22:02:39.945158 - Epoc #	10170	 13.634001016616821
2023-07-12 22:02:53.322072 - Epoc #	10180	 13.376914024353027
2023-07-12 22:03:06.356628 - Epoc #	10190	 13.034555912017822
2023-07-12 22:03:19.818303 - Epoc #	10200	 13.46167516708374
2023-07-12 22:03:33.514015 - Epoc #	10210	 13.695711851119995
2023-07-12 22:03:47.138120 - Epoc #	10220	 13.624104976654053
2023-07-12 22:04:01.207524 - Epoc #	10230	 14.069404125213623
2023-07-12 22:04:15.318584 - Epoc #	10240	 14.11105990409851
2023-07-12 22:04:29.337252 - Epoc #	10250	 14.018667936325073
2023-07-12 22:04:42.948801 - Epoc #	10260	 13.611549139022827
2023-07-12 22:04:56.713012 - Epoc #	10270	 13.764210939407349
2023-07-12 22:05:10.192120 - Epoc #	10280	 13.479108095169067
2023-07-12 22:05:23.589334 - Epoc #	10290	 13.39721393585205
2023-07-12 22:05:37.633809 - Epoc #	10300	 14.044475078582764
2023-07-12 22:05:50.373548 - Epoc #	10310	 12.739738941192627
2023-07-12 22:06:04.152560 - Epoc #	10320	 13.779011964797974
2023-07-12 22:06:18.050572 - Epoc #	10330	 13.898011922836304
2023-07-12 22:06:31.684002 - Epoc #	10340	 13.633430004119873
2023-07-12 22:06:45.710560 - Epoc #	10350	 14.02655816078186
2023-07-12 22:06:59.370369 - Epoc #	10360	 13.659808874130249
2023-07-12 22:07:13.960725 - Epoc #	10370	 14.59035611152649
2023-07-12 22:07:27.801594 - Epoc #	10380	 13.840868949890137
2023-07-12 22:07:42.139851 - Epoc #	10390	 14.338257074356079
2023-07-12 22:07:56.178948 - Epoc #	10400	 14.03909683227539
2023-07-12 22:08:09.787521 - Epoc #	10410	 13.608572959899902
2023-07-12 22:08:24.000295 - Epoc #	10420	 14.21277403831482
2023-07-12 22:08:38.330070 - Epoc #	10430	 14.329775094985962
2023-07-12 22:08:52.891058 - Epoc #	10440	 14.560987949371338
2023-07-12 22:09:07.089124 - Epoc #	10450	 14.198065996170044
2023-07-12 22:09:20.792696 - Epoc #	10460	 13.703572034835815
2023-07-12 22:09:34.346768 - Epoc #	10470	 13.55407190322876
2023-07-12 22:09:47.902347 - Epoc #	10480	 13.55557918548584
2023-07-12 22:10:01.624858 - Epoc #	10490	 13.722510814666748
2023-07-12 22:10:13.495996 - Time between reward step: #	14636.307589054108
2023-07-12 22:10:13.495996 - Average Score: 62.00 Elapsed time: 4:03:57.576801
2023-07-12 22:10:16.315234 - Epoc #	10500	 14.690376043319702
2023-07-12 22:10:20.712972 - Time between reward step: #	14643.52456498146
2023-07-12 22:10:20.712972 - Average Score: 63.00 Elapsed time: 4:04:04.790307
2023-07-12 22:10:24.595894 - Time between reward step: #	14647.407487154007
2023-07-12 22:10:24.595894 - Average Score: 64.00 Elapsed time: 4:04:08.675287
2023-07-12 22:10:27.305538 - Time between reward step: #	14650.117130994797
2023-07-12 22:10:27.305538 - Average Score: 65.00 Elapsed time: 4:04:11.380165
2023-07-12 22:10:29.892448 - Epoc #	10510	 13.577214002609253
2023-07-12 22:10:43.451089 - Epoc #	10520	 13.558640956878662
2023-07-12 22:10:57.284880 - Epoc #	10530	 13.833791017532349
2023-07-12 22:11:11.158789 - Epoc #	10540	 13.873908996582031
2023-07-12 22:11:25.047432 - Epoc #	10550	 13.888643026351929
2023-07-12 22:11:38.810727 - Epoc #	10560	 13.76329493522644
2023-07-12 22:11:52.865638 - Epoc #	10570	 14.054911136627197
2023-07-12 22:12:06.202469 - Epoc #	10580	 13.336831092834473
2023-07-12 22:12:20.226967 - Epoc #	10590	 14.024497985839844
2023-07-12 22:12:33.846894 - Epoc #	10600	 13.619926929473877
2023-07-12 22:12:47.850692 - Epoc #	10610	 14.003798007965088
2023-07-12 22:13:01.725850 - Epoc #	10620	 13.875158071517944
2023-07-12 22:13:15.726409 - Epoc #	10630	 14.000558853149414
2023-07-12 22:13:29.706245 - Epoc #	10640	 13.979835987091064
2023-07-12 22:13:43.387749 - Epoc #	10650	 13.681504011154175
2023-07-12 22:13:56.869071 - Epoc #	10660	 13.481322050094604
2023-07-12 22:14:10.617739 - Epoc #	10670	 13.74866795539856
2023-07-12 22:14:25.181770 - Epoc #	10680	 14.56403112411499
2023-07-12 22:14:39.181853 - Epoc #	10690	 14.000082969665527
2023-07-12 22:14:52.853978 - Epoc #	10700	 13.672124862670898
2023-07-12 22:15:06.679755 - Epoc #	10710	 13.825777053833008
2023-07-12 22:15:20.473609 - Epoc #	10720	 13.793853998184204
2023-07-12 22:15:33.901872 - Epoc #	10730	 13.428262948989868
2023-07-12 22:15:47.273532 - Epoc #	10740	 13.371659994125366
2023-07-12 22:16:01.234383 - Epoc #	10750	 13.960851192474365
2023-07-12 22:16:15.215389 - Epoc #	10760	 13.981005907058716
2023-07-12 22:16:29.467935 - Epoc #	10770	 14.252546072006226
2023-07-12 22:16:43.542311 - Epoc #	10780	 14.074375867843628
2023-07-12 22:16:58.456340 - Epoc #	10790	 14.914029121398926
2023-07-12 22:17:12.278506 - Epoc #	10800	 13.822165966033936
2023-07-12 22:17:25.928409 - Epoc #	10810	 13.649903059005737
2023-07-12 22:17:39.985289 - Epoc #	10820	 14.056879997253418
2023-07-12 22:17:53.588517 - Epoc #	10830	 13.603227853775024
2023-07-12 22:18:07.205894 - Epoc #	10840	 13.617377042770386
2023-07-12 22:18:21.122627 - Epoc #	10850	 13.916733026504517
2023-07-12 22:18:34.756024 - Epoc #	10860	 13.633396863937378
2023-07-12 22:18:48.544187 - Epoc #	10870	 13.788163185119629
2023-07-12 22:19:02.410675 - Epoc #	10880	 13.866487979888916
2023-07-12 22:19:16.138384 - Epoc #	10890	 13.7277090549469
2023-07-12 22:19:29.583251 - Epoc #	10900	 13.44486689567566
2023-07-12 22:19:43.355598 - Epoc #	10910	 13.77234697341919
2023-07-12 22:19:57.180038 - Epoc #	10920	 13.824440002441406
2023-07-12 22:20:11.511947 - Epoc #	10930	 14.331908941268921
2023-07-12 22:20:25.271471 - Epoc #	10940	 13.75952410697937
2023-07-12 22:20:38.988774 - Epoc #	10950	 13.717303037643433
2023-07-12 22:20:52.306028 - Epoc #	10960	 13.317253828048706
2023-07-12 22:21:06.119179 - Epoc #	10970	 13.813151121139526
2023-07-12 22:21:20.100615 - Epoc #	10980	 13.981436014175415
2023-07-12 22:21:33.915489 - Epoc #	10990	 13.814873933792114
2023-07-12 22:21:47.615574 - Epoc #	11000	 13.700084924697876
2023-07-12 22:22:01.203370 - Epoc #	11010	 13.587796211242676
2023-07-12 22:22:15.377663 - Epoc #	11020	 14.174292802810669
2023-07-12 22:22:29.422087 - Epoc #	11030	 14.044424057006836
2023-07-12 22:22:43.267451 - Epoc #	11040	 13.845364093780518
2023-07-12 22:22:57.325186 - Epoc #	11050	 14.057734966278076
2023-07-12 22:23:11.694881 - Epoc #	11060	 14.369694948196411
2023-07-12 22:23:25.345258 - Epoc #	11070	 13.650377035140991
2023-07-12 22:23:39.871885 - Epoc #	11080	 14.52662706375122
2023-07-12 22:23:53.564866 - Epoc #	11090	 13.692981004714966
2023-07-12 22:24:08.030079 - Epoc #	11100	 14.46521282196045
2023-07-12 22:24:09.488712 - Time between reward step: #	15472.300305128098
2023-07-12 22:24:09.488712 - Average Score: 66.00 Elapsed time: 4:17:53.570347
2023-07-12 22:24:11.102314 - Time between reward step: #	15473.913907051086
2023-07-12 22:24:11.102314 - Average Score: 67.00 Elapsed time: 4:17:55.187519
2023-07-12 22:24:22.280485 - Epoc #	11110	 14.25040602684021
2023-07-12 22:24:36.111247 - Epoc #	11120	 13.830762147903442
2023-07-12 22:24:44.561011 - Time between reward step: #	15507.372604131699
2023-07-12 22:24:44.561011 - Average Score: 68.00 Elapsed time: 4:18:28.639485
2023-07-12 22:24:50.009076 - Epoc #	11130	 13.897829055786133
2023-07-12 22:24:52.936560 - Time between reward step: #	15515.748152971268
2023-07-12 22:24:52.936560 - Average Score: 69.00 Elapsed time: 4:18:37.015456
2023-07-12 22:24:58.968003 - Time between reward step: #	15521.779596090317
2023-07-12 22:24:58.968003 - Average Score: 70.00 Elapsed time: 4:18:43.042274
2023-07-12 22:25:02.168459 - Time between reward step: #	15524.980051994324
2023-07-12 22:25:02.168459 - Average Score: 71.00 Elapsed time: 4:18:46.244829
2023-07-12 22:25:05.001750 - Epoc #	11140	 14.992673873901367
2023-07-12 22:25:13.268479 - Time between reward step: #	15536.080072164536
2023-07-12 22:25:13.268479 - Average Score: 72.00 Elapsed time: 4:18:57.349176
2023-07-12 22:25:14.837134 - Time between reward step: #	15537.648726940155
2023-07-12 22:25:14.837134 - Average Score: 73.00 Elapsed time: 4:18:58.908402
2023-07-12 22:25:18.987232 - Epoc #	11150	 13.985481977462769
2023-07-12 22:25:32.859779 - Epoc #	11160	 13.872546911239624
2023-07-12 22:25:46.418362 - Epoc #	11170	 13.55858302116394
2023-07-12 22:26:00.223971 - Epoc #	11180	 13.805608987808228
2023-07-12 22:26:14.338732 - Epoc #	11190	 14.114761114120483
2023-07-12 22:26:28.428440 - Epoc #	11200	 14.089708089828491
2023-07-12 22:26:41.965840 - Epoc #	11210	 13.537400007247925
2023-07-12 22:26:56.528520 - Epoc #	11220	 14.562680006027222
2023-07-12 22:27:09.951500 - Epoc #	11230	 13.422979831695557
2023-07-12 22:27:24.251463 - Epoc #	11240	 14.299962997436523
2023-07-12 22:27:37.837504 - Epoc #	11250	 13.58604097366333
2023-07-12 22:27:52.147209 - Epoc #	11260	 14.309705018997192
2023-07-12 22:28:05.891868 - Epoc #	11270	 13.744659185409546
2023-07-12 22:28:19.714308 - Epoc #	11280	 13.822439908981323
2023-07-12 22:28:33.767177 - Epoc #	11290	 14.052869081497192
2023-07-12 22:28:48.292505 - Epoc #	11300	 14.525327920913696
2023-07-12 22:29:02.386406 - Epoc #	11310	 14.093900918960571
2023-07-12 22:29:16.182639 - Epoc #	11320	 13.79623293876648
2023-07-12 22:29:30.530484 - Epoc #	11330	 14.347845077514648
2023-07-12 22:29:44.884822 - Epoc #	11340	 14.354337930679321
2023-07-12 22:29:59.279154 - Epoc #	11350	 14.39433217048645
2023-07-12 22:30:13.199262 - Epoc #	11360	 13.9201078414917
2023-07-12 22:30:27.324294 - Epoc #	11370	 14.125032186508179
2023-07-12 22:30:41.250884 - Epoc #	11380	 13.926589965820312
2023-07-12 22:30:55.109118 - Epoc #	11390	 13.85823392868042
2023-07-12 22:31:08.952262 - Epoc #	11400	 13.843143939971924
2023-07-12 22:31:22.993629 - Epoc #	11410	 14.041367053985596
2023-07-12 22:31:36.661651 - Epoc #	11420	 13.66802191734314
2023-07-12 22:31:50.783911 - Epoc #	11430	 14.122260093688965
2023-07-12 22:32:05.047462 - Epoc #	11440	 14.263550996780396
2023-07-12 22:32:18.635263 - Epoc #	11450	 13.587800979614258
2023-07-12 22:32:32.522001 - Epoc #	11460	 13.886738061904907
2023-07-12 22:32:46.720262 - Epoc #	11470	 14.198261022567749
2023-07-12 22:33:00.982586 - Epoc #	11480	 14.26232385635376
2023-07-12 22:33:15.675628 - Epoc #	11490	 14.693042039871216
2023-07-12 22:33:29.058484 - Epoc #	11500	 13.382856130599976
2023-07-12 22:33:42.990439 - Epoc #	11510	 13.931954860687256
2023-07-12 22:33:57.062024 - Epoc #	11520	 14.071585178375244
2023-07-12 22:34:11.571793 - Epoc #	11530	 14.509768962860107
2023-07-12 22:34:25.531425 - Epoc #	11540	 13.95963191986084
2023-07-12 22:34:40.692098 - Epoc #	11550	 15.160672903060913
2023-07-12 22:34:54.398272 - Epoc #	11560	 13.70617413520813
2023-07-12 22:35:08.907259 - Epoc #	11570	 14.508986949920654
2023-07-12 22:35:23.132136 - Epoc #	11580	 14.224877119064331
2023-07-12 22:35:36.871180 - Epoc #	11590	 13.739043951034546
2023-07-12 22:35:50.894155 - Epoc #	11600	 14.022974967956543
2023-07-12 22:36:04.658073 - Epoc #	11610	 13.763917922973633
2023-07-12 22:36:19.538921 - Epoc #	11620	 14.880848169326782
2023-07-12 22:36:33.189008 - Epoc #	11630	 13.650086879730225
2023-07-12 22:36:47.465856 - Epoc #	11640	 14.276848077774048
2023-07-12 22:37:02.431605 - Epoc #	11650	 14.965749025344849
2023-07-12 22:37:17.200656 - Epoc #	11660	 14.76905083656311
2023-07-12 22:37:32.480284 - Epoc #	11670	 15.279628038406372
2023-07-12 22:37:47.802614 - Epoc #	11680	 15.322329998016357
2023-07-12 22:38:03.133538 - Epoc #	11690	 15.330924034118652
2023-07-12 22:38:19.076488 - Epoc #	11700	 15.942950010299683
2023-07-12 22:38:35.121861 - Epoc #	11710	 16.04537296295166
2023-07-12 22:38:51.624915 - Epoc #	11720	 16.503053903579712
2023-07-12 22:39:07.800298 - Epoc #	11730	 16.1753830909729
2023-07-12 22:39:24.055644 - Epoc #	11740	 16.255346059799194
2023-07-12 22:39:39.716078 - Epoc #	11750	 15.660434007644653
2023-07-12 22:39:55.182799 - Epoc #	11760	 15.466721057891846
2023-07-12 22:40:11.577361 - Epoc #	11770	 16.394562005996704
2023-07-12 22:40:26.809477 - Epoc #	11780	 15.232115983963013
2023-07-12 22:40:41.809484 - Epoc #	11790	 14.984277963638306
2023-07-12 22:40:57.405629 - Epoc #	11800	 15.596144914627075
2023-07-12 22:41:13.545410 - Epoc #	11810	 16.13978099822998
2023-07-12 22:41:28.011257 - Epoc #	11820	 14.46584701538086
2023-07-12 22:41:42.404182 - Epoc #	11830	 14.392925024032593
2023-07-12 22:41:56.307864 - Epoc #	11840	 13.903681993484497
2023-07-12 22:42:10.619913 - Epoc #	11850	 14.312049150466919
2023-07-12 22:42:24.721301 - Epoc #	11860	 14.101387977600098
2023-07-12 22:42:38.858088 - Epoc #	11870	 14.136786937713623
2023-07-12 22:42:52.921334 - Epoc #	11880	 14.063246011734009
2023-07-12 22:43:07.067124 - Epoc #	11890	 14.145789861679077
2023-07-12 22:43:20.666846 - Epoc #	11900	 13.599722146987915
2023-07-12 22:43:34.552612 - Epoc #	11910	 13.88576602935791
2023-07-12 22:43:48.801106 - Epoc #	11920	 14.248493909835815
2023-07-12 22:44:03.471893 - Epoc #	11930	 14.67078709602356
2023-07-12 22:44:18.011385 - Epoc #	11940	 14.539491891860962
2023-07-12 22:44:31.930054 - Epoc #	11950	 13.918668985366821
2023-07-12 22:44:45.649029 - Epoc #	11960	 13.718975067138672
2023-07-12 22:44:59.985126 - Epoc #	11970	 14.336097002029419
2023-07-12 22:45:13.684047 - Epoc #	11980	 13.698920965194702
2023-07-12 22:45:27.994035 - Epoc #	11990	 14.309988021850586
2023-07-12 22:45:42.476753 - Epoc #	12000	 14.482717990875244
2023-07-12 22:45:57.013865 - Epoc #	12010	 14.53711199760437
2023-07-12 22:46:11.372235 - Epoc #	12020	 14.358370065689087
2023-07-12 22:46:25.431153 - Epoc #	12030	 14.058917999267578
2023-07-12 22:46:39.784930 - Epoc #	12040	 14.353776931762695
2023-07-12 22:46:54.077721 - Epoc #	12050	 14.29279112815857
2023-07-12 22:47:07.975342 - Epoc #	12060	 13.897620916366577
2023-07-12 22:47:21.876220 - Epoc #	12070	 13.900877952575684
2023-07-12 22:47:35.871241 - Epoc #	12080	 13.995021104812622
2023-07-12 22:47:49.790615 - Epoc #	12090	 13.919373989105225
2023-07-12 22:48:03.702390 - Epoc #	12100	 13.91177487373352
2023-07-12 22:48:18.070814 - Epoc #	12110	 14.36842393875122
2023-07-12 22:48:32.308701 - Epoc #	12120	 14.237887144088745
2023-07-12 22:48:46.175746 - Epoc #	12130	 13.867044925689697
2023-07-12 22:49:00.255800 - Epoc #	12140	 14.08005404472351
2023-07-12 22:49:14.220185 - Epoc #	12150	 13.964385032653809
2023-07-12 22:49:28.663436 - Epoc #	12160	 14.443250894546509
2023-07-12 22:49:42.639991 - Epoc #	12170	 13.976555109024048
2023-07-12 22:49:57.251917 - Epoc #	12180	 14.611925840377808
2023-07-12 22:50:11.140009 - Epoc #	12190	 13.888092041015625
2023-07-12 22:50:24.746947 - Epoc #	12200	 13.606938123703003
2023-07-12 22:50:38.556199 - Epoc #	12210	 13.8092520236969
2023-07-12 22:50:52.916137 - Epoc #	12220	 14.359937906265259
2023-07-12 22:51:07.314326 - Epoc #	12230	 14.398189067840576
2023-07-12 22:51:21.153665 - Epoc #	12240	 13.839339017868042
2023-07-12 22:51:35.226948 - Epoc #	12250	 14.073282957077026
2023-07-12 22:51:49.722580 - Epoc #	12260	 14.49563193321228
2023-07-12 22:52:03.550116 - Epoc #	12270	 13.82753610610962
2023-07-12 22:52:17.764073 - Epoc #	12280	 14.213956832885742
2023-07-12 22:52:32.290767 - Epoc #	12290	 14.526694059371948
2023-07-12 22:52:46.079344 - Epoc #	12300	 13.78857707977295
2023-07-12 22:52:59.841671 - Epoc #	12310	 13.762326955795288
2023-07-12 22:53:13.777017 - Epoc #	12320	 13.935346126556396
2023-07-12 22:53:28.350747 - Epoc #	12330	 14.573729991912842
2023-07-12 22:53:42.237587 - Epoc #	12340	 13.886839866638184
2023-07-12 22:53:55.939931 - Epoc #	12350	 13.702343940734863
2023-07-12 22:54:10.080041 - Epoc #	12360	 14.14011001586914
2023-07-12 22:54:24.059070 - Epoc #	12370	 13.979029178619385
2023-07-12 22:54:38.321498 - Epoc #	12380	 14.262427806854248
2023-07-12 22:54:52.319729 - Epoc #	12390	 13.998231172561646
2023-07-12 22:55:07.064311 - Epoc #	12400	 14.744581937789917
2023-07-12 22:55:21.000908 - Epoc #	12410	 13.936596870422363
2023-07-12 22:55:35.433736 - Epoc #	12420	 14.432828187942505
2023-07-12 22:55:49.450344 - Epoc #	12430	 14.016607999801636
2023-07-12 22:56:03.640458 - Epoc #	12440	 14.19011402130127
2023-07-12 22:56:18.026204 - Epoc #	12450	 14.385746002197266
2023-07-12 22:56:20.796990 - Time between reward step: #	17403.60858297348
2023-07-12 22:56:20.796990 - Average Score: 74.00 Elapsed time: 4:50:04.870419
2023-07-12 22:56:22.253158 - Time between reward step: #	17405.064751148224
2023-07-12 22:56:22.253158 - Average Score: 75.00 Elapsed time: 4:50:06.330302
2023-07-12 22:56:31.723158 - Epoc #	12460	 13.696953773498535
2023-07-12 22:56:45.876934 - Epoc #	12470	 14.153776168823242
2023-07-12 22:56:51.528228 - Time between reward step: #	17434.339821100235
2023-07-12 22:56:51.528228 - Average Score: 76.00 Elapsed time: 4:50:35.602326
2023-07-12 22:57:00.330299 - Epoc #	12480	 14.453364849090576
2023-07-12 22:57:14.120639 - Epoc #	12490	 13.790340185165405
2023-07-12 22:57:26.860103 - Time between reward step: #	17469.671695947647
2023-07-12 22:57:26.860103 - Average Score: 77.00 Elapsed time: 4:51:10.944513
