2023-07-12 22:57:33.534909 - Starting learning loop ...
==================================================================
2023-07-12 22:57:33.534909 - Using Framebuffer of: 4 frames	 and 	ReplayBufferSize: 25000
2023-07-12 22:57:33.534909 - Loglevel is set to: a
2023-07-12 22:57:33.534909 - Epoc #	0	 
2023-07-12 22:57:46.168777 - Epoc #	10	 12.633867979049683
2023-07-12 22:57:58.193668 - Epoc #	20	 12.024890899658203
2023-07-12 22:58:10.214235 - Epoc #	30	 12.020567178726196
2023-07-12 22:58:22.453425 - Epoc #	40	 12.239189863204956
2023-07-12 22:58:34.863608 - Epoc #	50	 12.41018295288086
2023-07-12 22:58:47.164979 - Epoc #	60	 12.301371097564697
2023-07-12 22:58:59.848132 - Epoc #	70	 12.683152914047241
2023-07-12 22:59:12.006032 - Epoc #	80	 12.157900094985962
2023-07-12 22:59:23.419400 - Epoc #	90	 11.413367986679077
2023-07-12 22:59:35.412567 - Epoc #	100	 11.99316692352295
2023-07-12 22:59:39.542510 - Time between reward step: #	126.00760102272034
2023-07-12 22:59:39.542510 - Average Score: 8.00 Elapsed time: 0:02:07.277284
2023-07-12 22:59:42.221012 - Time between reward step: #	128.68610310554504
2023-07-12 22:59:42.221012 - Average Score: 9.00 Elapsed time: 0:02:09.951268
2023-07-12 22:59:48.135690 - Epoc #	110	 12.72312307357788
2023-07-12 23:00:00.199650 - Epoc #	120	 12.063960075378418
2023-07-12 23:00:02.797802 - Time between reward step: #	149.26289296150208
2023-07-12 23:00:02.797802 - Average Score: 10.00 Elapsed time: 0:02:30.519870
2023-07-12 23:00:12.676854 - Epoc #	130	 12.477203845977783
2023-07-12 23:00:25.030980 - Epoc #	140	 12.354126214981079
2023-07-12 23:00:37.687956 - Epoc #	150	 12.656975984573364
2023-07-12 23:00:49.904392 - Epoc #	160	 12.21643590927124
2023-07-12 23:01:01.736027 - Epoc #	170	 11.831634998321533
2023-07-12 23:01:13.697217 - Epoc #	180	 11.961189985275269
2023-07-12 23:01:26.248479 - Epoc #	190	 12.551261901855469
2023-07-12 23:01:38.285098 - Epoc #	200	 12.036619186401367
2023-07-12 23:01:50.658380 - Epoc #	210	 12.373281955718994
2023-07-12 23:02:02.879235 - Epoc #	220	 12.220854997634888
2023-07-12 23:02:15.076147 - Epoc #	230	 12.196912050247192
2023-07-12 23:02:27.584931 - Epoc #	240	 12.50878381729126
2023-07-12 23:02:40.188036 - Epoc #	250	 12.603105068206787
2023-07-12 23:02:52.888292 - Epoc #	260	 12.700256109237671
2023-07-12 23:03:05.103326 - Epoc #	270	 12.215034008026123
2023-07-12 23:03:17.467419 - Epoc #	280	 12.364092826843262
2023-07-12 23:03:29.846841 - Epoc #	290	 12.379422187805176
2023-07-12 23:03:41.924604 - Epoc #	300	 12.077762842178345
2023-07-12 23:03:54.058156 - Epoc #	310	 12.133552074432373
2023-07-12 23:04:06.521022 - Epoc #	320	 12.462866067886353
2023-07-12 23:04:18.405850 - Epoc #	330	 11.884827852249146
2023-07-12 23:04:30.678603 - Epoc #	340	 12.2727530002594
2023-07-12 23:04:43.295440 - Epoc #	350	 12.61683702468872
2023-07-12 23:04:56.052590 - Epoc #	360	 12.757149934768677
2023-07-12 23:05:08.297476 - Epoc #	370	 12.24488615989685
2023-07-12 23:05:20.443898 - Epoc #	380	 12.146421909332275
2023-07-12 23:05:33.234213 - Epoc #	390	 12.7903151512146
2023-07-12 23:05:45.365932 - Epoc #	400	 12.131718873977661
2023-07-12 23:05:57.772360 - Epoc #	410	 12.406428098678589
2023-07-12 23:06:10.157180 - Epoc #	420	 12.384819984436035
2023-07-12 23:06:22.802124 - Epoc #	430	 12.644943952560425
2023-07-12 23:06:34.922469 - Epoc #	440	 12.120344877243042
2023-07-12 23:06:47.067956 - Epoc #	450	 12.145487070083618
2023-07-12 23:06:59.655309 - Epoc #	460	 12.587352991104126
2023-07-12 23:07:11.484777 - Epoc #	470	 11.829468011856079
2023-07-12 23:07:24.269738 - Epoc #	480	 12.784960985183716
2023-07-12 23:07:36.713263 - Epoc #	490	 12.443525075912476
2023-07-12 23:07:48.971571 - Epoc #	500	 12.258307933807373
2023-07-12 23:08:01.185138 - Epoc #	510	 12.213567018508911
2023-07-12 23:08:13.619544 - Epoc #	520	 12.434406042098999
2023-07-12 23:08:27.272665 - Epoc #	530	 13.653120994567871
2023-07-12 23:08:40.021026 - Epoc #	540	 12.748360872268677
2023-07-12 23:08:52.451578 - Epoc #	550	 12.430552005767822
2023-07-12 23:09:04.791208 - Epoc #	560	 12.339630126953125
2023-07-12 23:09:17.788726 - Epoc #	570	 12.997518062591553
2023-07-12 23:09:30.448953 - Epoc #	580	 12.660226821899414
2023-07-12 23:09:42.623721 - Epoc #	590	 12.174767971038818
2023-07-12 23:09:55.706163 - Epoc #	600	 13.082442045211792
2023-07-12 23:10:08.892185 - Epoc #	610	 13.18602204322815
2023-07-12 23:10:19.837108 - Time between reward step: #	766.3021988868713
2023-07-12 23:10:19.837108 - Average Score: 11.00 Elapsed time: 0:12:47.564872
2023-07-12 23:10:21.197637 - Epoc #	620	 12.305452108383179
2023-07-12 23:10:32.298078 - Time between reward step: #	778.7631690502167
2023-07-12 23:10:32.298078 - Average Score: 12.00 Elapsed time: 0:13:00.024330
2023-07-12 23:10:33.534176 - Epoc #	630	 12.336539030075073
2023-07-12 23:10:45.904818 - Epoc #	640	 12.370641946792603
2023-07-12 23:10:58.179278 - Epoc #	650	 12.274459838867188
2023-07-12 23:11:10.630937 - Epoc #	660	 12.451659202575684
2023-07-12 23:11:23.373674 - Epoc #	670	 12.74273681640625
2023-07-12 23:11:35.095787 - Epoc #	680	 11.722113132476807
2023-07-12 23:11:47.380826 - Epoc #	690	 12.285038948059082
2023-07-12 23:11:59.388140 - Epoc #	700	 12.007313966751099
2023-07-12 23:12:11.871378 - Epoc #	710	 12.483237981796265
2023-07-12 23:12:24.252679 - Epoc #	720	 12.381301164627075
2023-07-12 23:12:36.579178 - Epoc #	730	 12.326498985290527
2023-07-12 23:12:49.698121 - Epoc #	740	 13.118942975997925
2023-07-12 23:13:02.209805 - Epoc #	750	 12.511683940887451
2023-07-12 23:13:14.779176 - Epoc #	760	 12.569370985031128
2023-07-12 23:13:27.290732 - Epoc #	770	 12.511555910110474
2023-07-12 23:13:40.350993 - Epoc #	780	 13.060261011123657
2023-07-12 23:13:52.553042 - Epoc #	790	 12.202049016952515
2023-07-12 23:14:05.797418 - Epoc #	800	 13.244376182556152
2023-07-12 23:14:18.251164 - Epoc #	810	 12.45374584197998
2023-07-12 23:14:30.355147 - Epoc #	820	 12.103982925415039
2023-07-12 23:14:42.818403 - Epoc #	830	 12.463256120681763
2023-07-12 23:14:54.753287 - Epoc #	840	 11.934884071350098
2023-07-12 23:15:06.783999 - Epoc #	850	 12.030711889266968
2023-07-12 23:15:19.429719 - Epoc #	860	 12.6457200050354
2023-07-12 23:15:31.545735 - Epoc #	870	 12.116015911102295
2023-07-12 23:15:44.964263 - Epoc #	880	 13.418528079986572
2023-07-12 23:15:57.178283 - Epoc #	890	 12.214020013809204
2023-07-12 23:16:09.245806 - Epoc #	900	 12.067523002624512
2023-07-12 23:16:22.618761 - Epoc #	910	 13.372955083847046
2023-07-12 23:16:35.114225 - Epoc #	920	 12.495463848114014
2023-07-12 23:16:47.499719 - Epoc #	930	 12.385493993759155
2023-07-12 23:17:00.260708 - Epoc #	940	 12.76098918914795
2023-07-12 23:17:12.703230 - Epoc #	950	 12.442521810531616
2023-07-12 23:17:24.848622 - Epoc #	960	 12.145392179489136
2023-07-12 23:17:37.157227 - Epoc #	970	 12.308604955673218
2023-07-12 23:17:49.873858 - Epoc #	980	 12.716630935668945
2023-07-12 23:18:02.729122 - Epoc #	990	 12.855263948440552
2023-07-12 23:18:15.018089 - Epoc #	1000	 12.28896713256836
2023-07-12 23:18:27.172398 - Epoc #	1010	 12.154309034347534
2023-07-12 23:18:39.806781 - Epoc #	1020	 12.634382963180542
2023-07-12 23:18:52.728465 - Epoc #	1030	 12.92168402671814
2023-07-12 23:19:05.541907 - Epoc #	1040	 12.81344199180603
2023-07-12 23:19:17.900796 - Epoc #	1050	 12.358888864517212
2023-07-12 23:19:30.105184 - Epoc #	1060	 12.20438814163208
2023-07-12 23:19:42.626789 - Epoc #	1070	 12.521605014801025
2023-07-12 23:19:55.254503 - Epoc #	1080	 12.627713918685913
2023-07-12 23:20:07.917199 - Epoc #	1090	 12.66269588470459
2023-07-12 23:20:21.217019 - Epoc #	1100	 13.299820184707642
2023-07-12 23:20:33.406204 - Epoc #	1110	 12.18918490409851
2023-07-12 23:20:46.147633 - Epoc #	1120	 12.741429090499878
2023-07-12 23:20:59.032365 - Epoc #	1130	 12.884732007980347
2023-07-12 23:21:11.866309 - Epoc #	1140	 12.833943843841553
2023-07-12 23:21:24.473837 - Epoc #	1150	 12.6075279712677
2023-07-12 23:21:36.858309 - Epoc #	1160	 12.384472131729126
2023-07-12 23:21:49.524391 - Epoc #	1170	 12.66608190536499
2023-07-12 23:22:02.771523 - Epoc #	1180	 13.247132062911987
2023-07-12 23:22:15.001063 - Epoc #	1190	 12.2295401096344
2023-07-12 23:22:28.231626 - Epoc #	1200	 13.230562925338745
2023-07-12 23:22:41.082761 - Epoc #	1210	 12.851135015487671
2023-07-12 23:22:53.686403 - Epoc #	1220	 12.603641986846924
2023-07-12 23:23:06.547298 - Epoc #	1230	 12.860894918441772
2023-07-12 23:23:18.976198 - Epoc #	1240	 12.428900003433228
2023-07-12 23:23:31.936342 - Epoc #	1250	 12.96014404296875
2023-07-12 23:23:44.759589 - Epoc #	1260	 12.823246955871582
2023-07-12 23:23:57.265562 - Epoc #	1270	 12.505973100662231
2023-07-12 23:24:09.979901 - Time between reward step: #	1596.4449920654297
2023-07-12 23:24:09.979901 - Average Score: 13.00 Elapsed time: 0:26:37.710258
2023-07-12 23:24:09.979901 - Epoc #	1280	 12.714339017868042
2023-07-12 23:24:11.501255 - Time between reward step: #	1597.966346025467
2023-07-12 23:24:11.501255 - Average Score: 14.00 Elapsed time: 0:26:39.236046
2023-07-12 23:24:23.439690 - Epoc #	1290	 13.459789037704468
2023-07-12 23:24:35.701175 - Epoc #	1300	 12.261484861373901
2023-07-12 23:24:47.958776 - Epoc #	1310	 12.257601022720337
2023-07-12 23:25:00.590229 - Epoc #	1320	 12.631453037261963
2023-07-12 23:25:13.708531 - Epoc #	1330	 13.11830186843872
2023-07-12 23:25:26.251432 - Epoc #	1340	 12.542901039123535
2023-07-12 23:25:38.944857 - Epoc #	1350	 12.693424940109253
2023-07-12 23:25:51.626723 - Epoc #	1360	 12.68186616897583
2023-07-12 23:26:04.149365 - Epoc #	1370	 12.522641897201538
2023-07-12 23:26:16.910367 - Epoc #	1380	 12.76100206375122
2023-07-12 23:26:29.575859 - Epoc #	1390	 12.665492057800293
2023-07-12 23:26:42.507759 - Epoc #	1400	 12.931900024414062
2023-07-12 23:26:55.456095 - Epoc #	1410	 12.948335886001587
2023-07-12 23:27:09.401420 - Epoc #	1420	 13.945325136184692
2023-07-12 23:27:21.121583 - Epoc #	1430	 11.720162868499756
2023-07-12 23:27:34.001883 - Epoc #	1440	 12.880300045013428
2023-07-12 23:27:46.687861 - Epoc #	1450	 12.685977935791016
2023-07-12 23:27:59.042536 - Epoc #	1460	 12.354675054550171
2023-07-12 23:28:12.740777 - Epoc #	1470	 13.698240995407104
2023-07-12 23:28:25.651398 - Epoc #	1480	 12.910620927810669
2023-07-12 23:28:38.205683 - Epoc #	1490	 12.554285049438477
2023-07-12 23:28:50.964439 - Epoc #	1500	 12.758755922317505
2023-07-12 23:29:04.105489 - Epoc #	1510	 13.141050100326538
2023-07-12 23:29:18.007255 - Epoc #	1520	 13.901766061782837
2023-07-12 23:29:29.857799 - Epoc #	1530	 11.850543975830078
2023-07-12 23:29:42.649243 - Epoc #	1540	 12.791444063186646
2023-07-12 23:29:56.950106 - Epoc #	1550	 14.300862789154053
2023-07-12 23:30:09.961393 - Epoc #	1560	 13.011287212371826
2023-07-12 23:30:22.808946 - Epoc #	1570	 12.84755277633667
2023-07-12 23:30:35.959857 - Epoc #	1580	 13.150911092758179
2023-07-12 23:30:48.247073 - Epoc #	1590	 12.287215948104858
2023-07-12 23:31:01.063879 - Epoc #	1600	 12.816806077957153
2023-07-12 23:31:14.082760 - Epoc #	1610	 13.01888108253479
2023-07-12 23:31:28.065719 - Epoc #	1620	 13.982958793640137
2023-07-12 23:31:40.771934 - Epoc #	1630	 12.706215143203735
2023-07-12 23:31:54.133247 - Epoc #	1640	 13.361312866210938
2023-07-12 23:32:06.958593 - Epoc #	1650	 12.825345993041992
2023-07-12 23:32:19.595473 - Epoc #	1660	 12.636880159378052
2023-07-12 23:32:32.420119 - Epoc #	1670	 12.82464599609375
2023-07-12 23:32:45.446222 - Epoc #	1680	 13.026103019714355
2023-07-12 23:32:58.859831 - Epoc #	1690	 13.413609027862549
2023-07-12 23:33:12.467007 - Epoc #	1700	 13.607175827026367
2023-07-12 23:33:25.776223 - Epoc #	1710	 13.309216022491455
2023-07-12 23:33:38.519287 - Epoc #	1720	 12.743064165115356
2023-07-12 23:33:51.293730 - Epoc #	1730	 12.774442911148071
2023-07-12 23:34:03.955804 - Epoc #	1740	 12.662074089050293
2023-07-12 23:34:16.902972 - Epoc #	1750	 12.947167873382568
2023-07-12 23:34:30.242628 - Epoc #	1760	 13.339656114578247
2023-07-12 23:34:37.055888 - Time between reward step: #	2223.5209789276123
2023-07-12 23:34:37.055888 - Average Score: 15.00 Elapsed time: 0:37:04.787848
2023-07-12 23:34:43.411484 - Epoc #	1770	 13.168855905532837
2023-07-12 23:34:55.717562 - Epoc #	1780	 12.30607795715332
2023-07-12 23:35:08.341731 - Epoc #	1790	 12.624169111251831
2023-07-12 23:35:20.335431 - Epoc #	1800	 11.99370002746582
2023-07-12 23:35:33.831179 - Epoc #	1810	 13.495747804641724
2023-07-12 23:35:46.840381 - Epoc #	1820	 13.009202003479004
2023-07-12 23:35:59.609143 - Epoc #	1830	 12.768762111663818
2023-07-12 23:36:12.293572 - Epoc #	1840	 12.684428930282593
2023-07-12 23:36:25.130021 - Epoc #	1850	 12.836449146270752
2023-07-12 23:36:38.485406 - Epoc #	1860	 13.355384826660156
2023-07-12 23:36:51.988361 - Epoc #	1870	 13.502954959869385
2023-07-12 23:37:05.797430 - Epoc #	1880	 13.809069156646729
2023-07-12 23:37:18.698190 - Epoc #	1890	 12.900759935379028
2023-07-12 23:37:31.816225 - Epoc #	1900	 13.118035078048706
2023-07-12 23:37:44.213810 - Epoc #	1910	 12.397584915161133
2023-07-12 23:37:56.866706 - Epoc #	1920	 12.6528959274292
2023-07-12 23:38:09.625354 - Epoc #	1930	 12.758648157119751
2023-07-12 23:38:22.636910 - Epoc #	1940	 13.011555910110474
2023-07-12 23:38:35.544961 - Epoc #	1950	 12.908051013946533
2023-07-12 23:38:47.797105 - Epoc #	1960	 12.25214409828186
2023-07-12 23:39:00.772907 - Epoc #	1970	 12.975801944732666
2023-07-12 23:39:13.283118 - Epoc #	1980	 12.510210990905762
2023-07-12 23:39:26.215962 - Epoc #	1990	 12.932843923568726
2023-07-12 23:39:39.430590 - Epoc #	2000	 13.214627981185913
2023-07-12 23:39:52.314060 - Epoc #	2010	 12.883470058441162
2023-07-12 23:40:05.629681 - Epoc #	2020	 13.315621137619019
2023-07-12 23:40:18.859422 - Epoc #	2030	 13.229740858078003
2023-07-12 23:40:31.585971 - Epoc #	2040	 12.72654914855957
2023-07-12 23:40:44.361581 - Epoc #	2050	 12.775609970092773
2023-07-12 23:40:57.476906 - Epoc #	2060	 13.115324974060059
2023-07-12 23:41:10.353117 - Epoc #	2070	 12.876210927963257
2023-07-12 23:41:23.878321 - Epoc #	2080	 13.525203943252563
2023-07-12 23:41:36.902880 - Epoc #	2090	 13.024559020996094
2023-07-12 23:41:50.384741 - Epoc #	2100	 13.481861114501953
2023-07-12 23:42:03.549012 - Epoc #	2110	 13.164270877838135
2023-07-12 23:42:16.393948 - Epoc #	2120	 12.84493613243103
2023-07-12 23:42:29.403948 - Epoc #	2130	 13.009999990463257
2023-07-12 23:42:42.431798 - Epoc #	2140	 13.027849912643433
2023-07-12 23:42:56.833472 - Epoc #	2150	 14.401674032211304
2023-07-12 23:43:09.942651 - Epoc #	2160	 13.109179019927979
2023-07-12 23:43:22.167302 - Epoc #	2170	 12.224650859832764
2023-07-12 23:43:34.640872 - Epoc #	2180	 12.473570108413696
2023-07-12 23:43:47.977274 - Epoc #	2190	 13.33640193939209
2023-07-12 23:44:00.891831 - Epoc #	2200	 12.914556980133057
2023-07-12 23:44:13.881541 - Epoc #	2210	 12.989710092544556
2023-07-12 23:44:26.507837 - Epoc #	2220	 12.626296043395996
2023-07-12 23:44:40.045575 - Epoc #	2230	 13.537737846374512
2023-07-12 23:44:53.454912 - Epoc #	2240	 13.409337043762207
2023-07-12 23:45:05.897263 - Epoc #	2250	 12.44235110282898
2023-07-12 23:45:19.086177 - Epoc #	2260	 13.188914060592651
2023-07-12 23:45:32.016607 - Epoc #	2270	 12.930429935455322
2023-07-12 23:45:45.771268 - Epoc #	2280	 13.754660844802856
2023-07-12 23:45:58.534842 - Epoc #	2290	 12.763574123382568
2023-07-12 23:46:12.155620 - Epoc #	2300	 13.62077808380127
2023-07-12 23:46:24.824115 - Epoc #	2310	 12.668494939804077
2023-07-12 23:46:37.187201 - Epoc #	2320	 12.363085985183716
2023-07-12 23:46:50.403801 - Epoc #	2330	 13.216599941253662
2023-07-12 23:47:03.174396 - Epoc #	2340	 12.770595073699951
2023-07-12 23:47:15.335304 - Epoc #	2350	 12.160907983779907
2023-07-12 23:47:29.156774 - Epoc #	2360	 13.821470022201538
2023-07-12 23:47:42.152950 - Epoc #	2370	 12.99617600440979
2023-07-12 23:47:55.304274 - Epoc #	2380	 13.151324033737183
2023-07-12 23:48:07.915396 - Epoc #	2390	 12.611121892929077
2023-07-12 23:48:20.855718 - Epoc #	2400	 12.940321922302246
2023-07-12 23:48:34.379142 - Epoc #	2410	 13.52342414855957
2023-07-12 23:48:47.556206 - Epoc #	2420	 13.177063941955566
2023-07-12 23:49:00.460026 - Epoc #	2430	 12.903820037841797
2023-07-12 23:49:12.823242 - Epoc #	2440	 12.363215923309326
2023-07-12 23:49:25.768941 - Epoc #	2450	 12.945698976516724
2023-07-12 23:49:38.349887 - Epoc #	2460	 12.58094596862793
2023-07-12 23:49:51.095559 - Epoc #	2470	 12.74567198753357
2023-07-12 23:50:04.432893 - Epoc #	2480	 13.337334156036377
2023-07-12 23:50:17.015838 - Epoc #	2490	 12.582944869995117
2023-07-12 23:50:30.236345 - Epoc #	2500	 13.220507144927979
2023-07-12 23:50:42.915381 - Epoc #	2510	 12.679035902023315
2023-07-12 23:50:56.574022 - Epoc #	2520	 13.65864109992981
2023-07-12 23:51:09.895759 - Epoc #	2530	 13.321737051010132
2023-07-12 23:51:22.917370 - Epoc #	2540	 13.021610975265503
2023-07-12 23:51:36.103921 - Epoc #	2550	 13.186550855636597
2023-07-12 23:51:48.692071 - Epoc #	2560	 12.588150024414062
2023-07-12 23:52:01.783634 - Epoc #	2570	 13.091562986373901
2023-07-12 23:52:14.684610 - Epoc #	2580	 12.900975942611694
2023-07-12 23:52:27.220139 - Epoc #	2590	 12.535529136657715
2023-07-12 23:52:40.132040 - Epoc #	2600	 12.911900997161865
2023-07-12 23:52:52.654192 - Epoc #	2610	 12.522151947021484
2023-07-12 23:53:05.331325 - Epoc #	2620	 12.677133083343506
2023-07-12 23:53:18.719842 - Epoc #	2630	 13.388516902923584
2023-07-12 23:53:32.279185 - Epoc #	2640	 13.559343099594116
2023-07-12 23:53:44.858102 - Epoc #	2650	 12.578917026519775
2023-07-12 23:53:58.138122 - Epoc #	2660	 13.280019998550415
2023-07-12 23:54:11.624141 - Epoc #	2670	 13.486018896102905
2023-07-12 23:54:24.801593 - Epoc #	2680	 13.177452087402344
2023-07-12 23:54:37.882152 - Epoc #	2690	 13.080559015274048
2023-07-12 23:54:51.245525 - Epoc #	2700	 13.363372802734375
2023-07-12 23:55:05.171075 - Epoc #	2710	 13.92555022239685
2023-07-12 23:55:18.836607 - Epoc #	2720	 13.665531873703003
2023-07-12 23:55:31.545810 - Epoc #	2730	 12.709203004837036
2023-07-12 23:55:44.679611 - Epoc #	2740	 13.133800983428955
2023-07-12 23:55:51.144530 - Time between reward step: #	3497.6096210479736
2023-07-12 23:55:51.144530 - Average Score: 16.00 Elapsed time: 0:58:18.875393
2023-07-12 23:55:56.672485 - Time between reward step: #	3503.1375761032104
2023-07-12 23:55:56.672485 - Average Score: 17.00 Elapsed time: 0:58:24.404961
2023-07-12 23:55:58.206264 - Time between reward step: #	3504.671355009079
2023-07-12 23:55:58.206264 - Average Score: 18.00 Elapsed time: 0:58:25.936925
2023-07-12 23:55:58.206264 - Epoc #	2750	 13.526653051376343
2023-07-12 23:56:10.770758 - Epoc #	2760	 12.564493894577026
2023-07-12 23:56:23.980235 - Epoc #	2770	 13.209477186203003
2023-07-12 23:56:37.672831 - Epoc #	2780	 13.692595958709717
2023-07-12 23:56:50.616218 - Epoc #	2790	 12.943387031555176
2023-07-12 23:57:03.828960 - Epoc #	2800	 13.21274185180664
2023-07-12 23:57:16.950301 - Epoc #	2810	 13.121340990066528
2023-07-12 23:57:29.594116 - Epoc #	2820	 12.643815040588379
2023-07-12 23:57:42.011121 - Epoc #	2830	 12.417005062103271
2023-07-12 23:57:54.405981 - Epoc #	2840	 12.394860029220581
2023-07-12 23:58:07.288698 - Epoc #	2850	 12.88271689414978
2023-07-12 23:58:20.310237 - Epoc #	2860	 13.021538972854614
2023-07-12 23:58:32.653274 - Epoc #	2870	 12.343037128448486
2023-07-12 23:58:46.923256 - Epoc #	2880	 14.269981861114502
2023-07-12 23:59:00.526537 - Epoc #	2890	 13.603281021118164
2023-07-12 23:59:13.163149 - Epoc #	2900	 12.636612176895142
2023-07-12 23:59:25.982896 - Epoc #	2910	 12.819746971130371
2023-07-12 23:59:38.578896 - Epoc #	2920	 12.595999956130981
2023-07-12 23:59:52.088524 - Epoc #	2930	 13.509628057479858
2023-07-13 00:00:05.347390 - Epoc #	2940	 13.25886583328247
2023-07-13 00:00:17.632270 - Epoc #	2950	 12.2848801612854
2023-07-13 00:00:30.466448 - Epoc #	2960	 12.83417797088623
2023-07-13 00:00:43.614492 - Epoc #	2970	 13.148043870925903
2023-07-13 00:00:56.757873 - Epoc #	2980	 13.143381118774414
2023-07-13 00:01:10.199289 - Epoc #	2990	 13.441416025161743
2023-07-13 00:01:23.081761 - Epoc #	3000	 12.882471799850464
2023-07-13 00:01:35.369538 - Epoc #	3010	 12.287777185440063
2023-07-13 00:01:49.746654 - Epoc #	3020	 14.377115964889526
2023-07-13 00:02:02.004498 - Epoc #	3030	 12.257843971252441
2023-07-13 00:02:14.628384 - Epoc #	3040	 12.623886108398438
2023-07-13 00:02:27.604124 - Epoc #	3050	 12.9757399559021
2023-07-13 00:02:40.559350 - Epoc #	3060	 12.955225944519043
2023-07-13 00:02:53.239125 - Epoc #	3070	 12.67977499961853
2023-07-13 00:03:05.899296 - Epoc #	3080	 12.660171031951904
2023-07-13 00:03:18.580328 - Epoc #	3090	 12.681031942367554
2023-07-13 00:03:33.000726 - Epoc #	3100	 14.420397996902466
2023-07-13 00:03:46.067615 - Epoc #	3110	 13.06688904762268
2023-07-13 00:03:59.630249 - Epoc #	3120	 13.562633991241455
2023-07-13 00:04:13.307272 - Epoc #	3130	 13.677022933959961
2023-07-13 00:04:26.423740 - Epoc #	3140	 13.116467952728271
2023-07-13 00:04:38.753331 - Epoc #	3150	 12.329591035842896
2023-07-13 00:04:52.615802 - Epoc #	3160	 13.862471103668213
2023-07-13 00:05:05.767848 - Epoc #	3170	 13.152045965194702
2023-07-13 00:05:18.862898 - Epoc #	3180	 13.09505009651184
2023-07-13 00:05:31.571238 - Epoc #	3190	 12.708339929580688
2023-07-13 00:05:44.214330 - Epoc #	3200	 12.643091917037964
2023-07-13 00:05:57.706764 - Epoc #	3210	 13.492434024810791
2023-07-13 00:06:10.046510 - Epoc #	3220	 12.339745998382568
2023-07-13 00:06:23.209539 - Epoc #	3230	 13.163028955459595
2023-07-13 00:06:36.178069 - Epoc #	3240	 12.968530178070068
2023-07-13 00:06:49.502551 - Epoc #	3250	 13.324481964111328
2023-07-13 00:07:03.978432 - Epoc #	3260	 14.475880861282349
2023-07-13 00:07:16.621974 - Epoc #	3270	 12.643542051315308
2023-07-13 00:07:29.288353 - Epoc #	3280	 12.66637897491455
2023-07-13 00:07:41.573259 - Epoc #	3290	 12.284906148910522
2023-07-13 00:07:54.081068 - Epoc #	3300	 12.507808923721313
2023-07-13 00:08:07.153044 - Epoc #	3310	 13.071975946426392
2023-07-13 00:08:19.944360 - Epoc #	3320	 12.791316032409668
2023-07-13 00:08:32.893365 - Epoc #	3330	 12.949004888534546
2023-07-13 00:08:45.778239 - Epoc #	3340	 12.884874105453491
2023-07-13 00:09:00.659069 - Epoc #	3350	 14.88083004951477
2023-07-13 00:09:13.661262 - Epoc #	3360	 13.002192974090576
2023-07-13 00:09:26.594117 - Epoc #	3370	 12.932854890823364
2023-07-13 00:09:39.263270 - Epoc #	3380	 12.669152975082397
2023-07-13 00:09:52.226522 - Epoc #	3390	 12.963252067565918
2023-07-13 00:10:06.044143 - Epoc #	3400	 13.817620992660522
2023-07-13 00:10:20.289395 - Epoc #	3410	 14.245252132415771
2023-07-13 00:10:34.695412 - Epoc #	3420	 14.406016826629639
2023-07-13 00:10:48.828014 - Epoc #	3430	 14.132601976394653
2023-07-13 00:11:02.813497 - Epoc #	3440	 13.985483169555664
2023-07-13 00:11:16.948314 - Epoc #	3450	 14.134816884994507
2023-07-13 00:11:29.937088 - Epoc #	3460	 12.988774061203003
2023-07-13 00:11:43.844801 - Epoc #	3470	 13.907712936401367
2023-07-13 00:11:58.590000 - Epoc #	3480	 14.745198965072632
2023-07-13 00:12:11.231629 - Epoc #	3490	 12.641628980636597
2023-07-13 00:12:26.370007 - Epoc #	3500	 15.138378143310547
2023-07-13 00:12:39.227934 - Epoc #	3510	 12.857926845550537
2023-07-13 00:12:51.983493 - Epoc #	3520	 12.755559206008911
2023-07-13 00:13:04.868151 - Epoc #	3530	 12.884657859802246
2023-07-13 00:13:18.300987 - Epoc #	3540	 13.432836055755615
2023-07-13 00:13:31.576411 - Epoc #	3550	 13.275424003601074
2023-07-13 00:13:44.517881 - Epoc #	3560	 12.94146990776062
2023-07-13 00:13:58.666003 - Epoc #	3570	 14.148122072219849
2023-07-13 00:14:11.605973 - Epoc #	3580	 12.939970016479492
2023-07-13 00:14:24.565053 - Epoc #	3590	 12.95907998085022
2023-07-13 00:14:37.212501 - Epoc #	3600	 12.647448062896729
2023-07-13 00:14:50.122088 - Epoc #	3610	 12.909586906433105
2023-07-13 00:15:04.226728 - Epoc #	3620	 14.104640007019043
2023-07-13 00:15:17.719823 - Epoc #	3630	 13.49309492111206
2023-07-13 00:15:24.279413 - Time between reward step: #	4670.744503974915
2023-07-13 00:15:24.279413 - Average Score: 19.00 Elapsed time: 1:17:52.006367
2023-07-13 00:15:30.882078 - Epoc #	3640	 13.162255048751831
2023-07-13 00:15:44.287095 - Epoc #	3650	 13.405017137527466
2023-07-13 00:15:57.116389 - Epoc #	3660	 12.829293966293335
2023-07-13 00:16:12.017454 - Epoc #	3670	 14.9010648727417
2023-07-13 00:16:24.720737 - Epoc #	3680	 12.703283071517944
2023-07-13 00:16:37.285817 - Epoc #	3690	 12.565079927444458
2023-07-13 00:16:51.758513 - Epoc #	3700	 14.47269606590271
2023-07-13 00:17:04.769714 - Epoc #	3710	 13.01120114326477
2023-07-13 00:17:19.163134 - Epoc #	3720	 14.393419981002808
2023-07-13 00:17:31.998143 - Epoc #	3730	 12.8350088596344
2023-07-13 00:17:45.193709 - Epoc #	3740	 13.195565938949585
2023-07-13 00:17:58.545323 - Epoc #	3750	 13.351613998413086
2023-07-13 00:18:11.367159 - Epoc #	3760	 12.821835994720459
2023-07-13 00:18:24.136336 - Epoc #	3770	 12.769177198410034
2023-07-13 00:18:37.453296 - Epoc #	3780	 13.316959857940674
2023-07-13 00:18:50.362045 - Epoc #	3790	 12.908749103546143
2023-07-13 00:19:03.689123 - Epoc #	3800	 13.327077865600586
2023-07-13 00:19:16.388044 - Epoc #	3810	 12.698921203613281
2023-07-13 00:19:31.282518 - Epoc #	3820	 14.894473791122437
2023-07-13 00:19:44.022886 - Epoc #	3830	 12.740368127822876
2023-07-13 00:19:57.855744 - Epoc #	3840	 13.832857847213745
2023-07-13 00:20:11.033696 - Epoc #	3850	 13.17795205116272
2023-07-13 00:20:23.890643 - Epoc #	3860	 12.85694694519043
2023-07-13 00:20:36.976975 - Epoc #	3870	 13.086332082748413
2023-07-13 00:20:51.462761 - Epoc #	3880	 14.485785961151123
2023-07-13 00:21:05.052176 - Epoc #	3890	 13.589415073394775
2023-07-13 00:21:17.918339 - Epoc #	3900	 12.8661630153656
2023-07-13 00:21:30.536094 - Epoc #	3910	 12.617754936218262
2023-07-13 00:21:44.074493 - Epoc #	3920	 13.53839898109436
2023-07-13 00:21:57.518886 - Epoc #	3930	 13.444393157958984
2023-07-13 00:22:10.663686 - Epoc #	3940	 13.144799947738647
2023-07-13 00:22:23.344915 - Epoc #	3950	 12.681228876113892
2023-07-13 00:22:36.133580 - Epoc #	3960	 12.788665056228638
2023-07-13 00:22:48.799463 - Epoc #	3970	 12.66588306427002
2023-07-13 00:23:02.054754 - Epoc #	3980	 13.255290985107422
2023-07-13 00:23:15.248281 - Epoc #	3990	 13.193526983261108
2023-07-13 00:23:28.612419 - Epoc #	4000	 13.364137887954712
2023-07-13 00:23:41.418186 - Epoc #	4010	 12.805767059326172
2023-07-13 00:23:54.360739 - Epoc #	4020	 12.942553043365479
2023-07-13 00:24:06.851749 - Epoc #	4030	 12.491009950637817
2023-07-13 00:24:20.130057 - Epoc #	4040	 13.278308153152466
2023-07-13 00:24:33.307632 - Epoc #	4050	 13.177574872970581
2023-07-13 00:24:46.180212 - Epoc #	4060	 12.87258005142212
2023-07-13 00:24:59.891584 - Epoc #	4070	 13.711371898651123
2023-07-13 00:25:13.679220 - Epoc #	4080	 13.787636041641235
2023-07-13 00:25:28.221832 - Epoc #	4090	 14.542612075805664
2023-07-13 00:25:41.171427 - Epoc #	4100	 12.949594974517822
2023-07-13 00:25:53.754553 - Epoc #	4110	 12.583126068115234
2023-07-13 00:26:06.797148 - Epoc #	4120	 13.042594909667969
2023-07-13 00:26:19.958980 - Epoc #	4130	 13.161832094192505
2023-07-13 00:26:32.180579 - Epoc #	4140	 12.221598863601685
2023-07-13 00:26:45.828115 - Epoc #	4150	 13.647536039352417
2023-07-13 00:27:00.576449 - Epoc #	4160	 14.748333930969238
2023-07-13 00:27:13.370069 - Epoc #	4170	 12.793620109558105
2023-07-13 00:27:26.500303 - Epoc #	4180	 13.130234003067017
2023-07-13 00:27:39.601360 - Epoc #	4190	 13.101057052612305
2023-07-13 00:27:52.433599 - Epoc #	4200	 12.832238912582397
2023-07-13 00:28:06.024954 - Epoc #	4210	 13.591355085372925
2023-07-13 00:28:20.037536 - Epoc #	4220	 14.012581825256348
2023-07-13 00:28:32.699735 - Epoc #	4230	 12.662199020385742
2023-07-13 00:28:45.836569 - Epoc #	4240	 13.136834144592285
2023-07-13 00:28:58.183595 - Epoc #	4250	 12.347025871276855
2023-07-13 00:29:12.659106 - Epoc #	4260	 14.475511074066162
2023-07-13 00:29:27.508657 - Epoc #	4270	 14.84955096244812
2023-07-13 00:29:39.935875 - Epoc #	4280	 12.427217960357666
2023-07-13 00:29:53.058974 - Epoc #	4290	 13.123099088668823
2023-07-13 00:30:05.878636 - Epoc #	4300	 12.819661855697632
2023-07-13 00:30:19.238751 - Epoc #	4310	 13.360115051269531
2023-07-13 00:30:31.772472 - Epoc #	4320	 12.533720970153809
2023-07-13 00:30:44.517463 - Epoc #	4330	 12.744991064071655
2023-07-13 00:30:58.048831 - Epoc #	4340	 13.531368017196655
2023-07-13 00:31:11.689750 - Epoc #	4350	 13.640918970108032
2023-07-13 00:31:24.640411 - Epoc #	4360	 12.950660943984985
2023-07-13 00:31:38.350578 - Epoc #	4370	 13.710167169570923
2023-07-13 00:31:52.083484 - Epoc #	4380	 13.732905864715576
2023-07-13 00:32:05.046589 - Epoc #	4390	 12.963104963302612
2023-07-13 00:32:18.710027 - Epoc #	4400	 13.663438081741333
2023-07-13 00:32:31.173436 - Epoc #	4410	 12.463408946990967
2023-07-13 00:32:45.021509 - Epoc #	4420	 13.84807300567627
2023-07-13 00:32:57.744033 - Epoc #	4430	 12.722524166107178
2023-07-13 00:33:10.739461 - Epoc #	4440	 12.99542784690857
2023-07-13 00:33:23.550043 - Epoc #	4450	 12.810582160949707
2023-07-13 00:33:37.247383 - Epoc #	4460	 13.69734001159668
2023-07-13 00:33:51.220340 - Time between reward step: #	5777.685431003571
2023-07-13 00:33:51.220340 - Average Score: 20.00 Elapsed time: 1:36:18.954895
2023-07-13 00:33:51.220340 - Epoc #	4470	 13.972956895828247
2023-07-13 00:33:53.910997 - Time between reward step: #	5780.376087903976
2023-07-13 00:33:53.910997 - Average Score: 21.00 Elapsed time: 1:36:21.639475
2023-07-13 00:34:04.870727 - Epoc #	4480	 13.650387048721313
2023-07-13 00:34:17.502579 - Epoc #	4490	 12.6318519115448
2023-07-13 00:34:32.748866 - Epoc #	4500	 15.246287107467651
2023-07-13 00:34:45.988783 - Epoc #	4510	 13.239916801452637
2023-07-13 00:34:59.234982 - Epoc #	4520	 13.246199131011963
2023-07-13 00:35:12.087972 - Epoc #	4530	 12.852989912033081
2023-07-13 00:35:26.051885 - Epoc #	4540	 13.963912963867188
2023-07-13 00:35:38.608720 - Epoc #	4550	 12.556835174560547
2023-07-13 00:35:52.269504 - Epoc #	4560	 13.660784006118774
2023-07-13 00:36:04.525412 - Epoc #	4570	 12.255908012390137
2023-07-13 00:36:18.187330 - Epoc #	4580	 13.661917924880981
2023-07-13 00:36:31.199864 - Epoc #	4590	 13.012533903121948
2023-07-13 00:36:44.506205 - Epoc #	4600	 13.306341171264648
2023-07-13 00:36:57.117842 - Epoc #	4610	 12.611636877059937
2023-07-13 00:37:10.544294 - Epoc #	4620	 13.426452159881592
2023-07-13 00:37:23.722873 - Epoc #	4630	 13.178578853607178
2023-07-13 00:37:36.743386 - Epoc #	4640	 13.02051305770874
2023-07-13 00:37:49.661428 - Epoc #	4650	 12.918041944503784
2023-07-13 00:38:03.455052 - Epoc #	4660	 13.793623924255371
2023-07-13 00:38:16.176994 - Epoc #	4670	 12.72194218635559
2023-07-13 00:38:29.483244 - Epoc #	4680	 13.306249856948853
2023-07-13 00:38:42.574599 - Epoc #	4690	 13.091355085372925
2023-07-13 00:38:55.850564 - Epoc #	4700	 13.275964975357056
2023-07-13 00:39:08.934845 - Epoc #	4710	 13.076277017593384
2023-07-13 00:39:21.786137 - Epoc #	4720	 12.851292133331299
2023-07-13 00:39:36.360756 - Epoc #	4730	 14.574618816375732
2023-07-13 00:39:49.351021 - Epoc #	4740	 12.990265130996704
2023-07-13 00:40:03.286941 - Epoc #	4750	 13.935920000076294
2023-07-13 00:40:16.979757 - Epoc #	4760	 13.692816019058228
2023-07-13 00:40:30.806124 - Epoc #	4770	 13.826366901397705
2023-07-13 00:40:43.705863 - Epoc #	4780	 12.899739027023315
2023-07-13 00:40:56.319743 - Epoc #	4790	 12.613879919052124
2023-07-13 00:41:09.914236 - Epoc #	4800	 13.59449315071106
2023-07-13 00:41:23.530124 - Epoc #	4810	 13.615887880325317
2023-07-13 00:41:36.848573 - Epoc #	4820	 13.318449020385742
2023-07-13 00:41:49.937477 - Epoc #	4830	 13.08890414237976
2023-07-13 00:42:02.680219 - Epoc #	4840	 12.742741823196411
2023-07-13 00:42:16.067898 - Epoc #	4850	 13.387679100036621
2023-07-13 00:42:29.858750 - Epoc #	4860	 13.790852069854736
2023-07-13 00:42:43.838659 - Epoc #	4870	 13.97990894317627
2023-07-13 00:42:56.801208 - Epoc #	4880	 12.962548971176147
2023-07-13 00:43:10.833329 - Epoc #	4890	 14.032120943069458
2023-07-13 00:43:24.345461 - Epoc #	4900	 13.512131929397583
2023-07-13 00:43:37.729030 - Epoc #	4910	 13.38356900215149
2023-07-13 00:43:51.337360 - Epoc #	4920	 13.608330011367798
2023-07-13 00:44:04.967446 - Epoc #	4930	 13.630086183547974
2023-07-13 00:44:18.239186 - Epoc #	4940	 13.271739959716797
2023-07-13 00:44:31.529002 - Epoc #	4950	 13.289815902709961
2023-07-13 00:44:44.693795 - Epoc #	4960	 13.164793014526367
2023-07-13 00:44:57.805096 - Epoc #	4970	 13.111300945281982
2023-07-13 00:45:12.548323 - Epoc #	4980	 14.743227005004883
2023-07-13 00:45:25.705726 - Epoc #	4990	 13.157402992248535
2023-07-13 00:45:38.687229 - Epoc #	5000	 12.981503009796143
2023-07-13 00:45:51.431315 - Epoc #	5010	 12.744086027145386
2023-07-13 00:46:05.129210 - Epoc #	5020	 13.697895050048828
2023-07-13 00:46:19.841731 - Epoc #	5030	 14.712521076202393
2023-07-13 00:46:32.499430 - Epoc #	5040	 12.6576988697052
2023-07-13 00:46:45.468344 - Epoc #	5050	 12.968914031982422
2023-07-13 00:47:00.103398 - Epoc #	5060	 14.635054111480713
2023-07-13 00:47:14.696915 - Epoc #	5070	 14.593516826629639
2023-07-13 00:47:29.111198 - Epoc #	5080	 14.414283037185669
2023-07-13 00:47:43.589962 - Epoc #	5090	 14.478764057159424
2023-07-13 00:47:58.180310 - Epoc #	5100	 14.5903480052948
2023-07-13 00:48:11.850959 - Epoc #	5110	 13.67064905166626
2023-07-13 00:48:24.932392 - Epoc #	5120	 13.081432819366455
2023-07-13 00:48:37.789612 - Epoc #	5130	 12.85722017288208
2023-07-13 00:48:50.499715 - Epoc #	5140	 12.710103034973145
2023-07-13 00:49:03.825377 - Epoc #	5150	 13.325661897659302
2023-07-13 00:49:18.371807 - Epoc #	5160	 14.546430110931396
2023-07-13 00:49:31.283993 - Epoc #	5170	 12.912185907363892
2023-07-13 00:49:43.790326 - Epoc #	5180	 12.506333112716675
2023-07-13 00:49:56.967990 - Epoc #	5190	 13.177663803100586
2023-07-13 00:50:10.743077 - Epoc #	5200	 13.775087118148804
2023-07-13 00:50:23.387814 - Epoc #	5210	 12.644737005233765
2023-07-13 00:50:36.945485 - Epoc #	5220	 13.557671070098877
2023-07-13 00:50:51.438716 - Epoc #	5230	 14.493230819702148
2023-07-13 00:51:03.896604 - Epoc #	5240	 12.457888126373291
2023-07-13 00:51:17.310448 - Epoc #	5250	 13.413843870162964
2023-07-13 00:51:29.806585 - Epoc #	5260	 12.496137142181396
2023-07-13 00:51:42.652547 - Epoc #	5270	 12.845961809158325
2023-07-13 00:51:54.903525 - Epoc #	5280	 12.250978231430054
2023-07-13 00:52:07.567627 - Epoc #	5290	 12.664101839065552
2023-07-13 00:52:20.413537 - Epoc #	5300	 12.84591007232666
2023-07-13 00:52:33.371786 - Epoc #	5310	 12.95824909210205
2023-07-13 00:52:46.506242 - Epoc #	5320	 13.134455919265747
2023-07-13 00:53:00.309407 - Epoc #	5330	 13.803164958953857
2023-07-13 00:53:13.975203 - Epoc #	5340	 13.665796041488647
2023-07-13 00:53:27.657982 - Epoc #	5350	 13.68277907371521
2023-07-13 00:53:41.589103 - Epoc #	5360	 13.931120872497559
2023-07-13 00:53:54.815816 - Epoc #	5370	 13.226712942123413
2023-07-13 00:54:01.280095 - Time between reward step: #	6987.745186090469
2023-07-13 00:54:01.280095 - Average Score: 22.00 Elapsed time: 1:56:29.014008
2023-07-13 00:54:02.798427 - Time between reward step: #	6989.2635180950165
2023-07-13 00:54:02.798427 - Average Score: 23.00 Elapsed time: 1:56:30.520385
2023-07-13 00:54:06.773427 - Time between reward step: #	6993.238517999649
2023-07-13 00:54:06.773427 - Average Score: 24.00 Elapsed time: 1:56:34.498005
2023-07-13 00:54:09.307271 - Epoc #	5380	 14.491455078125
2023-07-13 00:54:21.769430 - Epoc #	5390	 12.462158918380737
2023-07-13 00:54:36.014179 - Epoc #	5400	 14.244749069213867
2023-07-13 00:54:48.456242 - Epoc #	5410	 12.442063093185425
2023-07-13 00:55:02.018069 - Epoc #	5420	 13.561826944351196
2023-07-13 00:55:15.335721 - Epoc #	5430	 13.317651987075806
2023-07-13 00:55:29.296076 - Epoc #	5440	 13.960355043411255
2023-07-13 00:55:42.556491 - Epoc #	5450	 13.260414838790894
2023-07-13 00:55:54.856178 - Epoc #	5460	 12.299687147140503
2023-07-13 00:56:10.214889 - Epoc #	5470	 15.358711004257202
2023-07-13 00:56:23.788113 - Epoc #	5480	 13.573224067687988
2023-07-13 00:56:36.630891 - Epoc #	5490	 12.842777967453003
2023-07-13 00:56:49.868107 - Epoc #	5500	 13.237215995788574
2023-07-13 00:57:02.938516 - Epoc #	5510	 13.070408821105957
2023-07-13 00:57:16.733343 - Epoc #	5520	 13.794826984405518
2023-07-13 00:57:30.665852 - Epoc #	5530	 13.932509183883667
2023-07-13 00:57:43.644294 - Epoc #	5540	 12.978441953659058
2023-07-13 00:57:57.371666 - Epoc #	5550	 13.72737193107605
2023-07-13 00:58:10.915119 - Epoc #	5560	 13.543452978134155
2023-07-13 00:58:23.341131 - Epoc #	5570	 12.42601203918457
2023-07-13 00:58:36.035487 - Epoc #	5580	 12.694355964660645
2023-07-13 00:58:48.993155 - Epoc #	5590	 12.95766806602478
2023-07-13 00:59:01.815094 - Epoc #	5600	 12.82193899154663
2023-07-13 00:59:14.497749 - Epoc #	5610	 12.682655096054077
2023-07-13 00:59:27.196486 - Epoc #	5620	 12.697736978530884
2023-07-13 00:59:40.674649 - Epoc #	5630	 13.478163003921509
2023-07-13 00:59:53.867313 - Epoc #	5640	 13.19266390800476
2023-07-13 01:00:06.796652 - Epoc #	5650	 12.929339170455933
2023-07-13 01:00:20.103631 - Epoc #	5660	 13.306978940963745
2023-07-13 01:00:33.453386 - Epoc #	5670	 13.349755048751831
2023-07-13 01:00:46.435815 - Epoc #	5680	 12.982429027557373
2023-07-13 01:00:59.188899 - Epoc #	5690	 12.753083944320679
2023-07-13 01:01:12.793210 - Epoc #	5700	 13.604310989379883
2023-07-13 01:01:28.134439 - Epoc #	5710	 15.34122896194458
2023-07-13 01:01:41.674005 - Epoc #	5720	 13.539566040039062
2023-07-13 01:01:54.242496 - Epoc #	5730	 12.568490982055664
2023-07-13 01:02:07.172868 - Epoc #	5740	 12.9303719997406
2023-07-13 01:02:19.847445 - Epoc #	5750	 12.674576997756958
2023-07-13 01:02:32.598694 - Epoc #	5760	 12.751249074935913
2023-07-13 01:02:45.692021 - Epoc #	5770	 13.093326807022095
2023-07-13 01:02:59.923131 - Epoc #	5780	 14.231110095977783
2023-07-13 01:03:14.174839 - Epoc #	5790	 14.251708030700684
2023-07-13 01:03:28.601170 - Epoc #	5800	 14.426331043243408
2023-07-13 01:03:41.685963 - Epoc #	5810	 13.084792852401733
2023-07-13 01:03:54.656268 - Epoc #	5820	 12.9703049659729
2023-07-13 01:04:08.554172 - Epoc #	5830	 13.89790415763855
2023-07-13 01:04:22.053029 - Epoc #	5840	 13.498857021331787
2023-07-13 01:04:35.422944 - Epoc #	5850	 13.369915008544922
2023-07-13 01:04:48.177232 - Epoc #	5860	 12.754287958145142
2023-07-13 01:05:00.826831 - Epoc #	5870	 12.649599075317383
2023-07-13 01:05:16.010201 - Epoc #	5880	 15.183369874954224
2023-07-13 01:05:30.234466 - Epoc #	5890	 14.224265098571777
2023-07-13 01:05:43.382721 - Epoc #	5900	 13.148254871368408
2023-07-13 01:05:57.248719 - Epoc #	5910	 13.865998029708862
2023-07-13 01:06:10.726154 - Epoc #	5920	 13.477435111999512
2023-07-13 01:06:24.198399 - Epoc #	5930	 13.47224497795105
2023-07-13 01:06:37.929586 - Epoc #	5940	 13.731186866760254
2023-07-13 01:06:50.651400 - Epoc #	5950	 12.721814155578613
2023-07-13 01:07:03.450066 - Epoc #	5960	 12.798666000366211
2023-07-13 01:07:16.195828 - Epoc #	5970	 12.74576187133789
2023-07-13 01:07:29.720524 - Epoc #	5980	 13.524696111679077
2023-07-13 01:07:42.580569 - Epoc #	5990	 12.860044956207275
2023-07-13 01:07:56.847902 - Epoc #	6000	 14.267333030700684
2023-07-13 01:08:10.397955 - Epoc #	6010	 13.550052881240845
2023-07-13 01:08:23.404026 - Epoc #	6020	 13.006071090698242
2023-07-13 01:08:37.885543 - Epoc #	6030	 14.48151707649231
2023-07-13 01:08:51.014358 - Epoc #	6040	 13.128814935684204
2023-07-13 01:09:03.868155 - Epoc #	6050	 12.85379695892334
2023-07-13 01:09:09.346182 - Time between reward step: #	7895.811273097992
2023-07-13 01:09:09.346182 - Average Score: 25.00 Elapsed time: 2:11:37.078819
2023-07-13 01:09:14.681850 - Time between reward step: #	7901.146940946579
2023-07-13 01:09:14.681850 - Average Score: 26.00 Elapsed time: 2:11:42.405697
2023-07-13 01:09:18.582102 - Epoc #	6060	 14.713947057723999
2023-07-13 01:09:31.056091 - Epoc #	6070	 12.473989009857178
2023-07-13 01:09:44.450514 - Epoc #	6080	 13.394423007965088
2023-07-13 01:09:58.466555 - Epoc #	6090	 14.016041040420532
2023-07-13 01:10:06.921867 - Time between reward step: #	7953.386957883835
2023-07-13 01:10:06.921867 - Average Score: 27.00 Elapsed time: 2:12:34.646327
2023-07-13 01:10:12.883825 - Epoc #	6100	 14.417269945144653
2023-07-13 01:10:14.323755 - Time between reward step: #	7960.78884601593
2023-07-13 01:10:14.323755 - Average Score: 28.00 Elapsed time: 2:12:42.055189
2023-07-13 01:10:27.112451 - Epoc #	6110	 14.228626012802124
2023-07-13 01:10:40.636421 - Epoc #	6120	 13.523969888687134
2023-07-13 01:10:53.616458 - Epoc #	6130	 12.980036973953247
2023-07-13 01:11:06.447954 - Epoc #	6140	 12.831496000289917
2023-07-13 01:11:18.794871 - Epoc #	6150	 12.346917152404785
2023-07-13 01:11:33.798088 - Epoc #	6160	 15.003216981887817
2023-07-13 01:11:46.442559 - Epoc #	6170	 12.644470930099487
2023-07-13 01:12:00.760147 - Epoc #	6180	 14.317588090896606
2023-07-13 01:12:15.264895 - Epoc #	6190	 14.504747867584229
2023-07-13 01:12:29.100129 - Epoc #	6200	 13.835233926773071
2023-07-13 01:12:42.528444 - Epoc #	6210	 13.428315162658691
2023-07-13 01:12:56.584180 - Epoc #	6220	 14.055736064910889
2023-07-13 01:13:11.039259 - Epoc #	6230	 14.455078840255737
2023-07-13 01:13:24.616361 - Epoc #	6240	 13.577101945877075
2023-07-13 01:13:37.750575 - Epoc #	6250	 13.134214162826538
2023-07-13 01:13:51.291353 - Epoc #	6260	 13.540777921676636
2023-07-13 01:14:06.387242 - Epoc #	6270	 15.0958890914917
2023-07-13 01:14:20.031643 - Epoc #	6280	 13.644400835037231
2023-07-13 01:14:32.627952 - Epoc #	6290	 12.596309185028076
2023-07-13 01:14:46.478059 - Epoc #	6300	 13.850106954574585
2023-07-13 01:15:00.297517 - Time between reward step: #	8246.7626080513
2023-07-13 01:15:00.297517 - Average Score: 29.00 Elapsed time: 2:17:28.020918
2023-07-13 01:15:00.297517 - Epoc #	6310	 13.8194580078125
2023-07-13 01:15:14.479508 - Epoc #	6320	 14.1819908618927
2023-07-13 01:15:28.454563 - Epoc #	6330	 13.97505497932434
2023-07-13 01:15:41.856878 - Epoc #	6340	 13.402315139770508
2023-07-13 01:15:54.908070 - Epoc #	6350	 13.051192045211792
2023-07-13 01:16:09.686565 - Epoc #	6360	 14.778494834899902
2023-07-13 01:16:23.596195 - Epoc #	6370	 13.909630060195923
2023-07-13 01:16:37.764821 - Epoc #	6380	 14.168626070022583
2023-07-13 01:16:51.429834 - Epoc #	6390	 13.665012836456299
2023-07-13 01:17:05.091897 - Epoc #	6400	 13.662063121795654
2023-07-13 01:17:18.571104 - Epoc #	6410	 13.479207038879395
2023-07-13 01:17:32.155582 - Epoc #	6420	 13.58447790145874
2023-07-13 01:17:46.265527 - Epoc #	6430	 14.109945058822632
2023-07-13 01:17:58.851620 - Epoc #	6440	 12.586092948913574
2023-07-13 01:18:13.038057 - Epoc #	6450	 14.186437129974365
2023-07-13 01:18:26.377874 - Epoc #	6460	 13.339816808700562
2023-07-13 01:18:41.083603 - Epoc #	6470	 14.705729007720947
2023-07-13 01:18:55.101131 - Epoc #	6480	 14.017528057098389
2023-07-13 01:19:08.095817 - Epoc #	6490	 12.994686126708984
2023-07-13 01:19:22.278435 - Epoc #	6500	 14.182617902755737
2023-07-13 01:19:35.284235 - Epoc #	6510	 13.005800008773804
2023-07-13 01:19:49.308390 - Epoc #	6520	 14.024154901504517
2023-07-13 01:20:02.596463 - Epoc #	6530	 13.288073062896729
2023-07-13 01:20:16.087924 - Time between reward step: #	8562.553014993668
2023-07-13 01:20:16.087924 - Average Score: 30.00 Elapsed time: 2:22:43.817290
2023-07-13 01:20:16.087924 - Epoc #	6540	 13.491461038589478
2023-07-13 01:20:17.575612 - Time between reward step: #	8564.040703058243
2023-07-13 01:20:17.575612 - Average Score: 31.00 Elapsed time: 2:22:45.305962
2023-07-13 01:20:18.967080 - Time between reward step: #	8565.432171106339
2023-07-13 01:20:18.967080 - Average Score: 32.00 Elapsed time: 2:22:46.698140
2023-07-13 01:20:29.620780 - Epoc #	6550	 13.532855987548828
2023-07-13 01:20:42.640165 - Epoc #	6560	 13.01938509941101
2023-07-13 01:20:57.182654 - Epoc #	6570	 14.542488813400269
2023-07-13 01:21:10.144722 - Epoc #	6580	 12.9620680809021
2023-07-13 01:21:23.728954 - Epoc #	6590	 13.584232091903687
2023-07-13 01:21:38.586788 - Epoc #	6600	 14.857833862304688
2023-07-13 01:21:51.579088 - Epoc #	6610	 12.992300033569336
2023-07-13 01:22:05.467945 - Epoc #	6620	 13.888857126235962
2023-07-13 01:22:17.765239 - Epoc #	6630	 12.297293901443481
2023-07-13 01:22:31.268228 - Epoc #	6640	 13.502989053726196
2023-07-13 01:22:43.906453 - Epoc #	6650	 12.638224840164185
2023-07-13 01:22:57.624543 - Epoc #	6660	 13.718090057373047
2023-07-13 01:23:09.690938 - Time between reward step: #	8736.156028985977
2023-07-13 01:23:09.690938 - Average Score: 33.00 Elapsed time: 2:25:37.419339
2023-07-13 01:23:13.291003 - Epoc #	6670	 15.666460037231445
2023-07-13 01:23:26.812573 - Epoc #	6680	 13.521569967269897
2023-07-13 01:23:42.064516 - Epoc #	6690	 15.251943111419678
2023-07-13 01:23:55.787346 - Epoc #	6700	 13.722829818725586
2023-07-13 01:24:09.442695 - Epoc #	6710	 13.655349016189575
2023-07-13 01:24:22.376150 - Epoc #	6720	 12.933454990386963
2023-07-13 01:24:36.199642 - Epoc #	6730	 13.823492050170898
2023-07-13 01:24:50.241273 - Epoc #	6740	 14.041630983352661
2023-07-13 01:25:04.139475 - Epoc #	6750	 13.898202180862427
2023-07-13 01:25:17.544804 - Epoc #	6760	 13.40532898902893
2023-07-13 01:25:30.234580 - Epoc #	6770	 12.689775943756104
2023-07-13 01:25:43.810921 - Epoc #	6780	 13.576340913772583
2023-07-13 01:25:56.715838 - Epoc #	6790	 12.904917001724243
2023-07-13 01:26:10.878602 - Epoc #	6800	 14.162764072418213
2023-07-13 01:26:23.816553 - Epoc #	6810	 12.93795108795166
2023-07-13 01:26:38.248137 - Epoc #	6820	 14.431583881378174
2023-07-13 01:26:52.587785 - Epoc #	6830	 14.339648008346558
2023-07-13 01:27:04.856643 - Epoc #	6840	 12.268857955932617
2023-07-13 01:27:18.907348 - Epoc #	6850	 14.050704956054688
2023-07-13 01:27:32.918074 - Epoc #	6860	 14.010725975036621
2023-07-13 01:27:46.625383 - Epoc #	6870	 13.707309007644653
2023-07-13 01:28:00.134187 - Epoc #	6880	 13.508804082870483
2023-07-13 01:28:14.128236 - Epoc #	6890	 13.994049072265625
2023-07-13 01:28:28.563691 - Epoc #	6900	 14.435454845428467
2023-07-13 01:28:40.976094 - Epoc #	6910	 12.412403106689453
2023-07-13 01:28:54.500938 - Epoc #	6920	 13.52484393119812
2023-07-13 01:29:08.027578 - Epoc #	6930	 13.526640176773071
2023-07-13 01:29:22.378302 - Epoc #	6940	 14.3507239818573
2023-07-13 01:29:35.372689 - Epoc #	6950	 12.994386911392212
2023-07-13 01:29:49.378548 - Epoc #	6960	 14.005858898162842
2023-07-13 01:30:03.278843 - Epoc #	6970	 13.90029501914978
2023-07-13 01:30:16.068134 - Epoc #	6980	 12.789291143417358
2023-07-13 01:30:28.959906 - Epoc #	6990	 12.891772031784058
2023-07-13 01:30:41.867644 - Epoc #	7000	 12.907737970352173
2023-07-13 01:30:55.127883 - Epoc #	7010	 13.260238885879517
2023-07-13 01:31:08.370418 - Epoc #	7020	 13.24253511428833
2023-07-13 01:31:21.627173 - Epoc #	7030	 13.256754875183105
2023-07-13 01:31:35.632398 - Epoc #	7040	 14.00522494316101
2023-07-13 01:31:49.326249 - Epoc #	7050	 13.693850994110107
2023-07-13 01:32:02.493431 - Epoc #	7060	 13.167182207107544
2023-07-13 01:32:16.517438 - Epoc #	7070	 14.024006843566895
2023-07-13 01:32:30.057522 - Epoc #	7080	 13.54008412361145
2023-07-13 01:32:43.759258 - Epoc #	7090	 13.701735973358154
2023-07-13 01:32:56.401376 - Epoc #	7100	 12.642117977142334
2023-07-13 01:33:04.241307 - Time between reward step: #	9330.706398010254
2023-07-13 01:33:04.241307 - Average Score: 34.00 Elapsed time: 2:35:31.963494
2023-07-13 01:33:10.015926 - Epoc #	7110	 13.6145498752594
2023-07-13 01:33:15.908309 - Time between reward step: #	9342.373399972916
2023-07-13 01:33:15.908309 - Average Score: 35.00 Elapsed time: 2:35:43.644594
2023-07-13 01:33:23.936496 - Epoc #	7120	 13.920570135116577
2023-07-13 01:33:31.840692 - Time between reward step: #	9358.305783033371
2023-07-13 01:33:31.840692 - Average Score: 36.00 Elapsed time: 2:35:59.570942
2023-07-13 01:33:34.468763 - Time between reward step: #	9360.933854103088
2023-07-13 01:33:34.468763 - Average Score: 37.00 Elapsed time: 2:36:02.190165
2023-07-13 01:33:37.177683 - Epoc #	7130	 13.24118709564209
2023-07-13 01:33:50.279204 - Epoc #	7140	 13.101520776748657
2023-07-13 01:34:03.691914 - Epoc #	7150	 13.412710189819336
2023-07-13 01:34:18.237062 - Epoc #	7160	 14.545147895812988
2023-07-13 01:34:31.182148 - Epoc #	7170	 12.945086002349854
2023-07-13 01:34:36.449388 - Time between reward step: #	9422.914479017258
2023-07-13 01:34:36.449388 - Average Score: 38.00 Elapsed time: 2:37:04.183666
2023-07-13 01:34:44.587078 - Epoc #	7180	 13.404930114746094
2023-07-13 01:34:57.858809 - Epoc #	7190	 13.271730899810791
2023-07-13 01:35:12.894260 - Epoc #	7200	 15.03545093536377
2023-07-13 01:35:26.131301 - Epoc #	7210	 13.237040996551514
2023-07-13 01:35:41.739994 - Epoc #	7220	 15.60869312286377
2023-07-13 01:35:56.594925 - Epoc #	7230	 14.854930877685547
2023-07-13 01:36:10.804823 - Epoc #	7240	 14.209897994995117
2023-07-13 01:36:24.954713 - Epoc #	7250	 14.149890184402466
2023-07-13 01:36:38.100370 - Epoc #	7260	 13.145656824111938
2023-07-13 01:36:52.144036 - Epoc #	7270	 14.043666124343872
2023-07-13 01:37:05.052450 - Epoc #	7280	 12.908413887023926
2023-07-13 01:37:19.302434 - Epoc #	7290	 14.2499840259552
2023-07-13 01:37:32.967350 - Epoc #	7300	 13.664916038513184
2023-07-13 01:37:48.014105 - Epoc #	7310	 15.046755075454712
2023-07-13 01:38:02.112695 - Epoc #	7320	 14.098589897155762
2023-07-13 01:38:16.483587 - Epoc #	7330	 14.37089204788208
2023-07-13 01:38:30.086369 - Epoc #	7340	 13.602782011032104
2023-07-13 01:38:43.464718 - Epoc #	7350	 13.37834906578064
2023-07-13 01:38:57.245236 - Epoc #	7360	 13.780517816543579
2023-07-13 01:39:10.430558 - Epoc #	7370	 13.185322046279907
2023-07-13 01:39:24.495548 - Epoc #	7380	 14.064990043640137
2023-07-13 01:39:37.580564 - Epoc #	7390	 13.085016012191772
2023-07-13 01:39:51.323782 - Epoc #	7400	 13.743217945098877
2023-07-13 01:40:05.275506 - Epoc #	7410	 13.9517240524292
2023-07-13 01:40:18.474559 - Epoc #	7420	 13.199053049087524
2023-07-13 01:40:31.543340 - Epoc #	7430	 13.068780899047852
2023-07-13 01:40:44.553479 - Epoc #	7440	 13.010138988494873
2023-07-13 01:40:58.671667 - Epoc #	7450	 14.11818814277649
2023-07-13 01:41:12.333364 - Epoc #	7460	 13.661696910858154
2023-07-13 01:41:25.354198 - Epoc #	7470	 13.020833969116211
2023-07-13 01:41:38.733974 - Epoc #	7480	 13.379776000976562
2023-07-13 01:41:53.195169 - Epoc #	7490	 14.46119499206543
2023-07-13 01:42:07.336547 - Epoc #	7500	 14.141377925872803
2023-07-13 01:42:20.315374 - Epoc #	7510	 12.978826999664307
2023-07-13 01:42:34.459449 - Epoc #	7520	 14.144075155258179
2023-07-13 01:42:47.714314 - Epoc #	7530	 13.254864931106567
2023-07-13 01:43:00.630428 - Epoc #	7540	 12.916114091873169
2023-07-13 01:43:14.792389 - Epoc #	7550	 14.16196084022522
2023-07-13 01:43:28.316192 - Epoc #	7560	 13.523802995681763
2023-07-13 01:43:41.992346 - Epoc #	7570	 13.676154136657715
2023-07-13 01:43:55.990250 - Epoc #	7580	 13.997904062271118
2023-07-13 01:44:09.652690 - Epoc #	7590	 13.662439823150635
2023-07-13 01:44:22.768547 - Epoc #	7600	 13.115857124328613
2023-07-13 01:44:38.219150 - Epoc #	7610	 15.450603008270264
2023-07-13 01:44:51.825677 - Epoc #	7620	 13.606526851654053
2023-07-13 01:45:05.083177 - Epoc #	7630	 13.257500171661377
2023-07-13 01:45:18.513871 - Epoc #	7640	 13.430693864822388
2023-07-13 01:45:31.817593 - Epoc #	7650	 13.303722143173218
2023-07-13 01:45:45.633658 - Epoc #	7660	 13.816064834594727
2023-07-13 01:46:00.949415 - Epoc #	7670	 15.315757036209106
2023-07-13 01:46:14.947627 - Epoc #	7680	 13.998212099075317
2023-07-13 01:46:28.253862 - Epoc #	7690	 13.30623483657837
2023-07-13 01:46:41.855630 - Epoc #	7700	 13.601768016815186
2023-07-13 01:46:56.588808 - Epoc #	7710	 14.73317813873291
2023-07-13 01:47:10.034994 - Epoc #	7720	 13.446185827255249
2023-07-13 01:47:14.101972 - Time between reward step: #	10180.567063093185
2023-07-13 01:47:14.101972 - Average Score: 39.00 Elapsed time: 2:49:41.826155
2023-07-13 01:47:23.119983 - Epoc #	7730	 13.084989070892334
2023-07-13 01:47:35.990071 - Epoc #	7740	 12.87008810043335
2023-07-13 01:47:49.641601 - Epoc #	7750	 13.651530027389526
2023-07-13 01:48:03.897357 - Epoc #	7760	 14.25575590133667
2023-07-13 01:48:17.012088 - Epoc #	7770	 13.114731073379517
2023-07-13 01:48:30.382587 - Epoc #	7780	 13.370498895645142
2023-07-13 01:48:44.504411 - Epoc #	7790	 14.121824026107788
2023-07-13 01:48:58.807797 - Epoc #	7800	 14.303385972976685
2023-07-13 01:49:12.313912 - Epoc #	7810	 13.506114959716797
2023-07-13 01:49:25.037736 - Epoc #	7820	 12.72382402420044
2023-07-13 01:49:37.910454 - Epoc #	7830	 12.872718095779419
2023-07-13 01:49:51.263277 - Epoc #	7840	 13.35282301902771
2023-07-13 01:50:03.772020 - Epoc #	7850	 12.508743047714233
2023-07-13 01:50:16.913275 - Epoc #	7860	 13.141254901885986
2023-07-13 01:50:30.480371 - Epoc #	7870	 13.56709599494934
2023-07-13 01:50:43.298737 - Epoc #	7880	 12.818366050720215
2023-07-13 01:50:57.121219 - Epoc #	7890	 13.822481870651245
2023-07-13 01:51:11.394952 - Epoc #	7900	 14.273733139038086
2023-07-13 01:51:24.557306 - Epoc #	7910	 13.162353992462158
2023-07-13 01:51:39.561334 - Epoc #	7920	 15.004027843475342
2023-07-13 01:51:53.450708 - Epoc #	7930	 13.889374017715454
2023-07-13 01:52:06.813277 - Epoc #	7940	 13.362569093704224
2023-07-13 01:52:20.628443 - Epoc #	7950	 13.815165996551514
2023-07-13 01:52:34.628438 - Epoc #	7960	 13.999994993209839
2023-07-13 01:52:48.307545 - Epoc #	7970	 13.679106950759888
2023-07-13 01:53:02.861117 - Epoc #	7980	 14.553571939468384
2023-07-13 01:53:18.216501 - Epoc #	7990	 15.355384111404419
2023-07-13 01:53:31.084236 - Epoc #	8000	 12.867734909057617
2023-07-13 01:53:44.602613 - Epoc #	8010	 13.51837706565857
2023-07-13 01:53:52.959514 - Time between reward step: #	10579.42460489273
2023-07-13 01:53:52.959514 - Average Score: 40.00 Elapsed time: 2:56:20.690827
2023-07-13 01:53:55.872686 - Time between reward step: #	10582.337776899338
2023-07-13 01:53:55.872686 - Average Score: 41.00 Elapsed time: 2:56:23.606613
2023-07-13 01:53:58.753505 - Epoc #	8020	 14.15089201927185
2023-07-13 01:54:00.161498 - Time between reward step: #	10586.62658905983
2023-07-13 01:54:00.161498 - Average Score: 42.00 Elapsed time: 2:56:27.896459
2023-07-13 01:54:12.588220 - Epoc #	8030	 13.834714889526367
2023-07-13 01:54:20.403046 - Time between reward step: #	10606.868136882782
2023-07-13 01:54:20.403046 - Average Score: 43.00 Elapsed time: 2:56:48.131866
2023-07-13 01:54:21.858851 - Time between reward step: #	10608.32394194603
2023-07-13 01:54:21.858851 - Average Score: 44.00 Elapsed time: 2:56:49.587545
2023-07-13 01:54:24.754683 - Time between reward step: #	10611.219774007797
2023-07-13 01:54:24.754683 - Average Score: 45.00 Elapsed time: 2:56:52.490005
2023-07-13 01:54:27.196748 - Epoc #	8040	 14.608528137207031
2023-07-13 01:54:41.535280 - Time between reward step: #	10628.000370979309
2023-07-13 01:54:41.535280 - Average Score: 46.00 Elapsed time: 2:57:09.264778
2023-07-13 01:54:41.535280 - Epoc #	8050	 14.338531970977783
2023-07-13 01:54:53.930215 - Time between reward step: #	10640.395305871964
2023-07-13 01:54:53.930215 - Average Score: 47.00 Elapsed time: 2:57:21.654896
2023-07-13 01:54:55.229593 - Epoc #	8060	 13.694313049316406
2023-07-13 01:54:59.537641 - Time between reward step: #	10646.002732038498
2023-07-13 01:54:59.537641 - Average Score: 48.00 Elapsed time: 2:57:27.265758
2023-07-13 01:55:01.113476 - Time between reward step: #	10647.578567028046
2023-07-13 01:55:01.113476 - Average Score: 49.00 Elapsed time: 2:57:28.842298
2023-07-13 01:55:05.275880 - Time between reward step: #	10651.74097108841
2023-07-13 01:55:05.275880 - Average Score: 50.00 Elapsed time: 2:57:33.006968
2023-07-13 01:55:09.957801 - Epoc #	8070	 14.728208065032959
2023-07-13 01:55:12.555890 - Time between reward step: #	10659.02098107338
2023-07-13 01:55:12.555890 - Average Score: 51.00 Elapsed time: 2:57:40.290659
2023-07-13 01:55:13.981087 - Time between reward step: #	10660.446177959442
2023-07-13 01:55:13.981087 - Average Score: 52.00 Elapsed time: 2:57:41.712616
2023-07-13 01:55:23.558706 - Epoc #	8080	 13.600904941558838
2023-07-13 01:55:38.049605 - Epoc #	8090	 14.490898847579956
2023-07-13 01:55:52.041505 - Epoc #	8100	 13.991900205612183
2023-07-13 01:56:05.167488 - Epoc #	8110	 13.125982999801636
2023-07-13 01:56:20.095903 - Epoc #	8120	 14.928414821624756
2023-07-13 01:56:34.104787 - Epoc #	8130	 14.008884191513062
2023-07-13 01:56:48.488496 - Epoc #	8140	 14.383708953857422
2023-07-13 01:57:02.302032 - Epoc #	8150	 13.813535928726196
2023-07-13 01:57:15.700762 - Epoc #	8160	 13.398730039596558
2023-07-13 01:57:29.881456 - Epoc #	8170	 14.180693864822388
2023-07-13 01:57:44.111787 - Epoc #	8180	 14.230331182479858
2023-07-13 01:57:58.049365 - Epoc #	8190	 13.937577962875366
2023-07-13 01:58:11.498645 - Epoc #	8200	 13.449280023574829
2023-07-13 01:58:25.991984 - Epoc #	8210	 14.493338823318481
2023-07-13 01:58:40.034694 - Epoc #	8220	 14.042710065841675
2023-07-13 01:58:55.011289 - Epoc #	8230	 14.976594924926758
2023-07-13 01:59:09.208804 - Epoc #	8240	 14.19751501083374
2023-07-13 01:59:22.431586 - Epoc #	8250	 13.222782135009766
2023-07-13 01:59:37.192123 - Epoc #	8260	 14.760536909103394
2023-07-13 01:59:50.684805 - Epoc #	8270	 13.492681980133057
2023-07-13 02:00:03.430883 - Epoc #	8280	 12.74607801437378
2023-07-13 02:00:17.589424 - Epoc #	8290	 14.158540964126587
2023-07-13 02:00:32.422291 - Epoc #	8300	 14.83286714553833
2023-07-13 02:00:46.577769 - Epoc #	8310	 14.15547800064087
2023-07-13 02:00:59.347882 - Epoc #	8320	 12.770112991333008
2023-07-13 02:01:12.971886 - Epoc #	8330	 13.624003887176514
2023-07-13 02:01:26.163398 - Epoc #	8340	 13.191512107849121
2023-07-13 02:01:39.261182 - Epoc #	8350	 13.097784042358398
2023-07-13 02:01:53.458445 - Epoc #	8360	 14.19726300239563
2023-07-13 02:02:07.423741 - Epoc #	8370	 13.965296030044556
2023-07-13 02:02:21.266667 - Epoc #	8380	 13.842925786972046
2023-07-13 02:02:34.491664 - Epoc #	8390	 13.22499704360962
2023-07-13 02:02:48.627281 - Epoc #	8400	 14.135617017745972
2023-07-13 02:03:02.624426 - Epoc #	8410	 13.997144937515259
2023-07-13 02:03:16.225246 - Epoc #	8420	 13.600820064544678
2023-07-13 02:03:31.110829 - Epoc #	8430	 14.88558316230774
2023-07-13 02:03:44.512517 - Epoc #	8440	 13.401687860488892
2023-07-13 02:03:57.452179 - Epoc #	8450	 12.939661979675293
2023-07-13 02:04:10.647022 - Epoc #	8460	 13.194843053817749
2023-07-13 02:04:23.908439 - Epoc #	8470	 13.261416912078857
2023-07-13 02:04:37.664249 - Epoc #	8480	 13.755810022354126
2023-07-13 02:04:51.922120 - Epoc #	8490	 14.257871150970459
2023-07-13 02:05:04.974115 - Epoc #	8500	 13.051994800567627
2023-07-13 02:05:18.044596 - Epoc #	8510	 13.070481061935425
2023-07-13 02:05:32.275735 - Epoc #	8520	 14.231138944625854
2023-07-13 02:05:46.625757 - Epoc #	8530	 14.350022077560425
2023-07-13 02:06:01.121347 - Epoc #	8540	 14.495589971542358
2023-07-13 02:06:16.304048 - Epoc #	8550	 15.182701110839844
2023-07-13 02:06:29.018838 - Epoc #	8560	 12.714789867401123
2023-07-13 02:06:41.825384 - Epoc #	8570	 12.806545972824097
2023-07-13 02:06:55.226664 - Epoc #	8580	 13.401280164718628
2023-07-13 02:07:08.346862 - Epoc #	8590	 13.120198011398315
2023-07-13 02:07:20.790861 - Epoc #	8600	 12.44399881362915
2023-07-13 02:07:35.327696 - Epoc #	8610	 14.536835193634033
2023-07-13 02:07:48.919132 - Epoc #	8620	 13.59143590927124
2023-07-13 02:08:02.548762 - Epoc #	8630	 13.629630088806152
2023-07-13 02:08:16.859396 - Epoc #	8640	 14.310633897781372
2023-07-13 02:08:30.155732 - Epoc #	8650	 13.296335935592651
2023-07-13 02:08:44.258483 - Epoc #	8660	 14.102751016616821
2023-07-13 02:08:58.218748 - Epoc #	8670	 13.960265159606934
2023-07-13 02:09:12.526643 - Epoc #	8680	 14.307894945144653
2023-07-13 02:09:28.244977 - Epoc #	8690	 15.718333959579468
2023-07-13 02:09:42.413206 - Epoc #	8700	 14.168229103088379
2023-07-13 02:09:56.052310 - Epoc #	8710	 13.639103889465332
2023-07-13 02:10:09.587213 - Epoc #	8720	 13.534903049468994
2023-07-13 02:10:23.072234 - Epoc #	8730	 13.485020875930786
2023-07-13 02:10:37.084695 - Epoc #	8740	 14.012461185455322
2023-07-13 02:10:51.055698 - Epoc #	8750	 13.97100281715393
2023-07-13 02:11:04.043191 - Epoc #	8760	 12.98749303817749
2023-07-13 02:11:19.207066 - Epoc #	8770	 15.163875102996826
2023-07-13 02:11:33.553040 - Epoc #	8780	 14.34597396850586
2023-07-13 02:11:47.081650 - Epoc #	8790	 13.528609991073608
2023-07-13 02:12:01.073792 - Epoc #	8800	 13.992141962051392
2023-07-13 02:12:15.286705 - Epoc #	8810	 14.212913036346436
2023-07-13 02:12:28.967603 - Epoc #	8820	 13.680897951126099
2023-07-13 02:12:42.491907 - Epoc #	8830	 13.524303913116455
2023-07-13 02:12:55.712364 - Epoc #	8840	 13.220457077026367
2023-07-13 02:13:10.965006 - Epoc #	8850	 15.252642154693604
2023-07-13 02:13:25.403268 - Epoc #	8860	 14.438261985778809
2023-07-13 02:13:38.897048 - Epoc #	8870	 13.49377989768982
2023-07-13 02:13:52.048690 - Epoc #	8880	 13.151642084121704
2023-07-13 02:14:06.628130 - Epoc #	8890	 14.579439878463745
2023-07-13 02:14:21.123109 - Epoc #	8900	 14.4949791431427
2023-07-13 02:14:35.871010 - Epoc #	8910	 14.74790096282959
2023-07-13 02:14:50.240718 - Epoc #	8920	 14.369707822799683
2023-07-13 02:15:04.064695 - Epoc #	8930	 13.823976993560791
2023-07-13 02:15:18.137366 - Epoc #	8940	 14.072671175003052
2023-07-13 02:15:31.870364 - Epoc #	8950	 13.73299789428711
2023-07-13 02:15:45.395048 - Epoc #	8960	 13.524683952331543
2023-07-13 02:15:58.284681 - Epoc #	8970	 12.889633178710938
2023-07-13 02:16:12.749329 - Epoc #	8980	 14.464648008346558
2023-07-13 02:16:26.446851 - Epoc #	8990	 13.697521924972534
2023-07-13 02:16:40.686884 - Epoc #	9000	 14.24003291130066
2023-07-13 02:16:53.842057 - Epoc #	9010	 13.155173063278198
2023-07-13 02:17:07.150783 - Epoc #	9020	 13.308726072311401
2023-07-13 02:17:20.414721 - Epoc #	9030	 13.263937950134277
2023-07-13 02:17:33.533498 - Epoc #	9040	 13.11877703666687
2023-07-13 02:17:46.554843 - Epoc #	9050	 13.021344900131226
2023-07-13 02:17:59.501767 - Epoc #	9060	 12.946923971176147
2023-07-13 02:18:12.406144 - Epoc #	9070	 12.904376983642578
2023-07-13 02:18:25.571541 - Epoc #	9080	 13.16539716720581
2023-07-13 02:18:40.976356 - Epoc #	9090	 15.404814958572388
2023-07-13 02:18:55.285030 - Epoc #	9100	 14.308673858642578
2023-07-13 02:19:08.800791 - Epoc #	9110	 13.515761137008667
2023-07-13 02:19:22.404370 - Epoc #	9120	 13.603579044342041
2023-07-13 02:19:36.299224 - Epoc #	9130	 13.894853830337524
2023-07-13 02:19:49.611326 - Epoc #	9140	 13.31210207939148
2023-07-13 02:20:02.604716 - Epoc #	9150	 12.993390083312988
2023-07-13 02:20:17.289951 - Epoc #	9160	 14.685235023498535
2023-07-13 02:20:31.566286 - Epoc #	9170	 14.276335000991821
2023-07-13 02:20:45.286906 - Epoc #	9180	 13.720619916915894
2023-07-13 02:20:58.325337 - Epoc #	9190	 13.03843092918396
2023-07-13 02:21:11.275893 - Epoc #	9200	 12.95055603981018
2023-07-13 02:21:24.309898 - Epoc #	9210	 13.034004926681519
2023-07-13 02:21:37.319534 - Epoc #	9220	 13.009636163711548
2023-07-13 02:21:50.406277 - Epoc #	9230	 13.086742877960205
2023-07-13 02:22:04.574941 - Epoc #	9240	 14.16866397857666
2023-07-13 02:22:18.396478 - Epoc #	9250	 13.821537017822266
2023-07-13 02:22:31.584818 - Epoc #	9260	 13.188339948654175
2023-07-13 02:22:45.004356 - Epoc #	9270	 13.419538021087646
2023-07-13 02:22:58.131385 - Epoc #	9280	 13.127029180526733
2023-07-13 02:23:11.774882 - Epoc #	9290	 13.643496990203857
2023-07-13 02:23:25.772821 - Epoc #	9300	 13.997938871383667
2023-07-13 02:23:39.310079 - Epoc #	9310	 13.53725814819336
2023-07-13 02:23:53.586560 - Epoc #	9320	 14.276480913162231
2023-07-13 02:24:06.925742 - Epoc #	9330	 13.339181900024414
2023-07-13 02:24:20.221609 - Epoc #	9340	 13.295867204666138
2023-07-13 02:24:34.226904 - Epoc #	9350	 14.005294799804688
2023-07-13 02:24:48.635668 - Epoc #	9360	 14.408764123916626
2023-07-13 02:25:02.128660 - Epoc #	9370	 13.492991924285889
2023-07-13 02:25:17.359436 - Epoc #	9380	 15.230776071548462
2023-07-13 02:25:31.778068 - Epoc #	9390	 14.41863203048706
2023-07-13 02:25:46.510212 - Epoc #	9400	 14.732143878936768
2023-07-13 02:26:00.332396 - Epoc #	9410	 13.822184085845947
2023-07-13 02:26:13.623730 - Epoc #	9420	 13.2913339138031
2023-07-13 02:26:26.835983 - Epoc #	9430	 13.212253093719482
2023-07-13 02:26:40.724901 - Epoc #	9440	 13.888917922973633
2023-07-13 02:26:53.986225 - Epoc #	9450	 13.261323928833008
2023-07-13 02:27:07.309517 - Epoc #	9460	 13.323292016983032
2023-07-13 02:27:20.520411 - Epoc #	9470	 13.210894107818604
2023-07-13 02:27:33.696911 - Epoc #	9480	 13.176500082015991
2023-07-13 02:27:47.347524 - Epoc #	9490	 13.650612831115723
2023-07-13 02:28:00.718892 - Epoc #	9500	 13.371368169784546
2023-07-13 02:28:14.311065 - Epoc #	9510	 13.592172861099243
2023-07-13 02:28:29.014666 - Epoc #	9520	 14.703601121902466
2023-07-13 02:28:41.867297 - Epoc #	9530	 12.852630853652954
2023-07-13 02:28:57.766200 - Epoc #	9540	 15.898903131484985
2023-07-13 02:29:11.603108 - Epoc #	9550	 13.836907863616943
2023-07-13 02:29:26.523268 - Epoc #	9560	 14.920160055160522
2023-07-13 02:29:40.003132 - Epoc #	9570	 13.479864120483398
2023-07-13 02:29:53.259959 - Epoc #	9580	 13.256826877593994
2023-07-13 02:30:06.467244 - Epoc #	9590	 13.207284927368164
2023-07-13 02:30:20.928382 - Epoc #	9600	 14.461138010025024
2023-07-13 02:30:33.767505 - Epoc #	9610	 12.839123010635376
2023-07-13 02:30:48.379393 - Epoc #	9620	 14.61188817024231
2023-07-13 02:31:02.382217 - Epoc #	9630	 14.002823829650879
2023-07-13 02:31:15.875255 - Epoc #	9640	 13.493038177490234
2023-07-13 02:31:28.872296 - Epoc #	9650	 12.99704098701477
2023-07-13 02:31:42.290183 - Epoc #	9660	 13.417886972427368
2023-07-13 02:31:56.770320 - Epoc #	9670	 14.48013687133789
2023-07-13 02:32:10.303623 - Epoc #	9680	 13.533303022384644
2023-07-13 02:32:24.189020 - Epoc #	9690	 13.885396957397461
2023-07-13 02:32:37.656019 - Epoc #	9700	 13.466999053955078
2023-07-13 02:32:50.634810 - Epoc #	9710	 12.978790998458862
2023-07-13 02:33:04.085246 - Epoc #	9720	 13.450436115264893
2023-07-13 02:33:17.454414 - Epoc #	9730	 13.369167804718018
2023-07-13 02:33:31.400987 - Epoc #	9740	 13.94657301902771
2023-07-13 02:33:44.663602 - Epoc #	9750	 13.262615203857422
2023-07-13 02:33:57.738452 - Epoc #	9760	 13.074849843978882
2023-07-13 02:34:10.988874 - Epoc #	9770	 13.25042200088501
2023-07-13 02:34:25.509639 - Epoc #	9780	 14.52076506614685
2023-07-13 02:34:39.661638 - Epoc #	9790	 14.15199899673462
2023-07-13 02:34:53.234966 - Epoc #	9800	 13.573328018188477
2023-07-13 02:35:07.493518 - Epoc #	9810	 14.258552074432373
2023-07-13 02:35:20.203810 - Epoc #	9820	 12.710291862487793
2023-07-13 02:35:33.959637 - Epoc #	9830	 13.755826950073242
2023-07-13 02:35:47.510150 - Epoc #	9840	 13.55051302909851
2023-07-13 02:36:01.554049 - Epoc #	9850	 14.043899059295654
2023-07-13 02:36:15.082647 - Epoc #	9860	 13.528598070144653
2023-07-13 02:36:28.409072 - Epoc #	9870	 13.326424837112427
2023-07-13 02:36:41.737759 - Epoc #	9880	 13.328687191009521
2023-07-13 02:36:55.056408 - Epoc #	9890	 13.31864881515503
2023-07-13 02:37:09.475857 - Epoc #	9900	 14.419449090957642
2023-07-13 02:37:23.006908 - Epoc #	9910	 13.53105092048645
2023-07-13 02:37:36.498327 - Epoc #	9920	 13.491419076919556
2023-07-13 02:37:50.283324 - Epoc #	9930	 13.78499698638916
2023-07-13 02:38:03.052715 - Epoc #	9940	 12.769391059875488
2023-07-13 02:38:16.889959 - Epoc #	9950	 13.837244033813477
2023-07-13 02:38:30.727828 - Epoc #	9960	 13.837868928909302
2023-07-13 02:38:44.322165 - Epoc #	9970	 13.594336986541748
2023-07-13 02:38:58.047855 - Epoc #	9980	 13.725689888000488
2023-07-13 02:39:11.778574 - Epoc #	9990	 13.730719089508057
2023-07-13 02:39:25.929019 - Epoc #	10000	 14.150444984436035
2023-07-13 02:39:39.090303 - Epoc #	10010	 13.16128396987915
2023-07-13 02:39:52.598766 - Epoc #	10020	 13.508463144302368
2023-07-13 02:40:07.658112 - Epoc #	10030	 15.059345960617065
2023-07-13 02:40:21.069514 - Epoc #	10040	 13.411401987075806
2023-07-13 02:40:34.356595 - Epoc #	10050	 13.287081003189087
2023-07-13 02:40:47.618980 - Epoc #	10060	 13.26238489151001
2023-07-13 02:41:00.909068 - Epoc #	10070	 13.290088176727295
2023-07-13 02:41:14.451191 - Epoc #	10080	 13.542122840881348
2023-07-13 02:41:27.969369 - Epoc #	10090	 13.51817798614502
2023-07-13 02:41:41.067099 - Epoc #	10100	 13.097730159759521
2023-07-13 02:41:54.147011 - Epoc #	10110	 13.079911947250366
2023-07-13 02:42:07.956682 - Epoc #	10120	 13.80967092514038
2023-07-13 02:42:23.557757 - Epoc #	10130	 15.601074934005737
2023-07-13 02:42:36.722830 - Epoc #	10140	 13.165073156356812
2023-07-13 02:42:49.588950 - Epoc #	10150	 12.866119861602783
2023-07-13 02:43:03.338883 - Epoc #	10160	 13.749933004379272
2023-07-13 02:43:16.790911 - Epoc #	10170	 13.452028036117554
2023-07-13 02:43:30.456042 - Epoc #	10180	 13.665131092071533
2023-07-13 02:43:43.764866 - Epoc #	10190	 13.308824062347412
2023-07-13 02:43:57.117968 - Epoc #	10200	 13.353101968765259
2023-07-13 02:44:10.573898 - Epoc #	10210	 13.45592999458313
2023-07-13 02:44:23.618635 - Epoc #	10220	 13.044736862182617
2023-07-13 02:44:36.826158 - Epoc #	10230	 13.207523107528687
2023-07-13 02:44:50.879485 - Epoc #	10240	 14.053326845169067
2023-07-13 02:45:04.362406 - Epoc #	10250	 13.482921123504639
2023-07-13 02:45:17.839966 - Epoc #	10260	 13.477560043334961
2023-07-13 02:45:30.906386 - Epoc #	10270	 13.066419839859009
2023-07-13 02:45:44.303496 - Epoc #	10280	 13.397109985351562
2023-07-13 02:45:57.445256 - Epoc #	10290	 13.141760110855103
2023-07-13 02:46:10.877808 - Epoc #	10300	 13.432552099227905
2023-07-13 02:46:24.387783 - Epoc #	10310	 13.509974956512451
2023-07-13 02:46:38.277393 - Epoc #	10320	 13.889610052108765
2023-07-13 02:46:51.704419 - Epoc #	10330	 13.42702579498291
2023-07-13 02:47:05.218938 - Epoc #	10340	 13.514519214630127
2023-07-13 02:47:18.748754 - Epoc #	10350	 13.529815912246704
2023-07-13 02:47:31.743478 - Epoc #	10360	 12.994724035263062
2023-07-13 02:47:45.630764 - Epoc #	10370	 13.887285947799683
2023-07-13 02:47:58.801965 - Epoc #	10380	 13.17120099067688
2023-07-13 02:48:13.452826 - Epoc #	10390	 14.650861024856567
2023-07-13 02:48:26.588115 - Epoc #	10400	 13.135288953781128
2023-07-13 02:48:42.057358 - Epoc #	10410	 15.469243049621582
2023-07-13 02:48:55.757819 - Epoc #	10420	 13.70046091079712
2023-07-13 02:49:09.077882 - Epoc #	10430	 13.32006311416626
2023-07-13 02:49:22.293309 - Epoc #	10440	 13.215426921844482
2023-07-13 02:49:35.780793 - Epoc #	10450	 13.487483978271484
2023-07-13 02:49:50.602147 - Epoc #	10460	 14.821354150772095
2023-07-13 02:50:04.332738 - Epoc #	10470	 13.7305908203125
2023-07-13 02:50:17.734668 - Epoc #	10480	 13.401930093765259
2023-07-13 02:50:31.089703 - Epoc #	10490	 13.355035066604614
2023-07-13 02:50:45.805084 - Epoc #	10500	 14.715380907058716
2023-07-13 02:50:58.852378 - Epoc #	10510	 13.047293901443481
2023-07-13 02:51:12.189576 - Epoc #	10520	 13.33719801902771
2023-07-13 02:51:26.279995 - Epoc #	10530	 14.090419054031372
2023-07-13 02:51:39.261734 - Epoc #	10540	 12.981739044189453
2023-07-13 02:51:52.884080 - Epoc #	10550	 13.622345924377441
2023-07-13 02:52:07.391973 - Epoc #	10560	 14.507893085479736
2023-07-13 02:52:20.616000 - Epoc #	10570	 13.224026918411255
2023-07-13 02:52:34.446584 - Epoc #	10580	 13.830584049224854
2023-07-13 02:52:47.971976 - Epoc #	10590	 13.525392055511475
2023-07-13 02:53:01.047857 - Epoc #	10600	 13.075881004333496
2023-07-13 02:53:14.493485 - Epoc #	10610	 13.445627927780151
2023-07-13 02:53:28.146248 - Epoc #	10620	 13.65276312828064
2023-07-13 02:53:42.005177 - Epoc #	10630	 13.858928918838501
2023-07-13 02:53:55.954485 - Epoc #	10640	 13.949307918548584
2023-07-13 02:54:09.470846 - Epoc #	10650	 13.516360998153687
2023-07-13 02:54:22.826892 - Epoc #	10660	 13.356045961380005
2023-07-13 02:54:36.633063 - Epoc #	10670	 13.806171178817749
2023-07-13 02:54:49.451069 - Epoc #	10680	 12.818006038665771
2023-07-13 02:55:03.231201 - Epoc #	10690	 13.780131816864014
2023-07-13 02:55:17.160041 - Epoc #	10700	 13.928840160369873
2023-07-13 02:55:30.845851 - Epoc #	10710	 13.685809850692749
2023-07-13 02:55:44.463609 - Epoc #	10720	 13.61775803565979
2023-07-13 02:55:57.253685 - Epoc #	10730	 12.79007601737976
2023-07-13 02:56:10.038227 - Epoc #	10740	 12.784542083740234
2023-07-13 02:56:23.266807 - Epoc #	10750	 13.228579998016357
2023-07-13 02:56:36.594914 - Epoc #	10760	 13.328106880187988
2023-07-13 02:56:50.513426 - Epoc #	10770	 13.918512105941772
2023-07-13 02:57:03.870075 - Epoc #	10780	 13.356648921966553
2023-07-13 02:57:18.289598 - Epoc #	10790	 14.419523000717163
2023-07-13 02:57:31.324902 - Epoc #	10800	 13.035304069519043
2023-07-13 02:57:45.763877 - Epoc #	10810	 14.438974857330322
2023-07-13 02:57:59.427154 - Epoc #	10820	 13.66327714920044
2023-07-13 02:58:13.280695 - Epoc #	10830	 13.853540897369385
2023-07-13 02:58:27.498521 - Epoc #	10840	 14.217826128005981
2023-07-13 02:58:40.602272 - Epoc #	10850	 13.103750944137573
2023-07-13 02:58:54.964874 - Epoc #	10860	 14.36260199546814
2023-07-13 02:59:09.743753 - Epoc #	10870	 14.778878927230835
2023-07-13 02:59:23.332198 - Epoc #	10880	 13.588444948196411
2023-07-13 02:59:36.719869 - Epoc #	10890	 13.387670993804932
2023-07-13 02:59:50.194923 - Epoc #	10900	 13.475054025650024
2023-07-13 03:00:03.994058 - Epoc #	10910	 13.799134969711304
2023-07-13 03:00:17.205139 - Epoc #	10920	 13.21108102798462
2023-07-13 03:00:31.277823 - Epoc #	10930	 14.072684049606323
2023-07-13 03:00:44.368232 - Epoc #	10940	 13.09040904045105
2023-07-13 03:00:57.263714 - Epoc #	10950	 12.895482063293457
2023-07-13 03:01:11.185048 - Epoc #	10960	 13.921334028244019
2023-07-13 03:01:24.585745 - Epoc #	10970	 13.400696992874146
2023-07-13 03:01:38.436579 - Epoc #	10980	 13.850833892822266
2023-07-13 03:01:51.625241 - Epoc #	10990	 13.188662052154541
2023-07-13 03:02:06.102298 - Epoc #	11000	 14.477056980133057
2023-07-13 03:02:21.034064 - Epoc #	11010	 14.931766033172607
2023-07-13 03:02:34.983307 - Epoc #	11020	 13.94924283027649
2023-07-13 03:02:48.622252 - Epoc #	11030	 13.63894510269165
2023-07-13 03:03:02.169416 - Epoc #	11040	 13.547163963317871
2023-07-13 03:03:15.687444 - Epoc #	11050	 13.518028020858765
2023-07-13 03:03:29.702226 - Epoc #	11060	 14.014781951904297
2023-07-13 03:03:45.191783 - Epoc #	11070	 15.489557027816772
2023-07-13 03:03:58.750999 - Epoc #	11080	 13.559216022491455
2023-07-13 03:04:12.838643 - Epoc #	11090	 14.087644100189209
2023-07-13 03:04:26.172785 - Epoc #	11100	 13.334141969680786
2023-07-13 03:04:41.077105 - Epoc #	11110	 14.904320001602173
2023-07-13 03:04:54.038081 - Epoc #	11120	 12.960975885391235
2023-07-13 03:05:08.150380 - Epoc #	11130	 14.112298965454102
2023-07-13 03:05:21.414627 - Epoc #	11140	 13.264247179031372
2023-07-13 03:05:34.256452 - Epoc #	11150	 12.841825008392334
2023-07-13 03:05:48.247502 - Epoc #	11160	 13.991050004959106
2023-07-13 03:06:01.922513 - Epoc #	11170	 13.675010919570923
2023-07-13 03:06:17.406124 - Epoc #	11180	 15.483611106872559
2023-07-13 03:06:30.758008 - Epoc #	11190	 13.351883888244629
2023-07-13 03:06:44.503534 - Epoc #	11200	 13.74552607536316
2023-07-13 03:06:57.769604 - Epoc #	11210	 13.266069889068604
2023-07-13 03:07:11.218242 - Epoc #	11220	 13.448637962341309
2023-07-13 03:07:24.480108 - Epoc #	11230	 13.261866092681885
2023-07-13 03:07:39.113467 - Epoc #	11240	 14.6333589553833
2023-07-13 03:07:52.551027 - Epoc #	11250	 13.437560081481934
2023-07-13 03:08:06.108766 - Epoc #	11260	 13.557739019393921
2023-07-13 03:08:20.915938 - Epoc #	11270	 14.807171821594238
2023-07-13 03:08:35.192352 - Epoc #	11280	 14.276414155960083
2023-07-13 03:08:49.162422 - Epoc #	11290	 13.970069885253906
2023-07-13 03:09:02.920710 - Epoc #	11300	 13.758288145065308
2023-07-13 03:09:16.291137 - Epoc #	11310	 13.370426893234253
2023-07-13 03:09:29.724937 - Epoc #	11320	 13.433799982070923
2023-07-13 03:09:43.131786 - Epoc #	11330	 13.406849145889282
2023-07-13 03:09:56.694073 - Epoc #	11340	 13.562286853790283
2023-07-13 03:10:10.614407 - Epoc #	11350	 13.920334100723267
2023-07-13 03:10:24.624100 - Epoc #	11360	 14.009692907333374
2023-07-13 03:10:38.914250 - Epoc #	11370	 14.290149927139282
2023-07-13 03:10:53.239062 - Epoc #	11380	 14.324812173843384
2023-07-13 03:11:06.545611 - Epoc #	11390	 13.306548833847046
2023-07-13 03:11:09.586430 - Time between reward step: #	15216.051521062851
2023-07-13 03:11:09.586430 - Average Score: 53.00 Elapsed time: 4:13:37.316310
2023-07-13 03:11:19.089333 - Time between reward step: #	15225.55442404747
2023-07-13 03:11:19.089333 - Average Score: 54.00 Elapsed time: 4:13:46.814863
2023-07-13 03:11:20.525404 - Epoc #	11400	 13.979793071746826
2023-07-13 03:11:36.160298 - Epoc #	11410	 15.634894132614136
2023-07-13 03:11:49.686058 - Epoc #	11420	 13.525759935379028
2023-07-13 03:12:04.898479 - Epoc #	11430	 15.21242094039917
2023-07-13 03:12:17.952868 - Epoc #	11440	 13.054388999938965
2023-07-13 03:12:31.558218 - Epoc #	11450	 13.605350017547607
2023-07-13 03:12:43.260321 - Time between reward step: #	15309.725411891937
2023-07-13 03:12:43.260321 - Average Score: 55.00 Elapsed time: 4:15:10.986899
2023-07-13 03:12:44.826841 - Time between reward step: #	15311.291932106018
2023-07-13 03:12:44.826841 - Average Score: 56.00 Elapsed time: 4:15:12.556368
2023-07-13 03:12:46.314488 - Time between reward step: #	15312.779578924179
2023-07-13 03:12:46.314488 - Average Score: 57.00 Elapsed time: 4:15:14.037257
2023-07-13 03:12:46.314488 - Epoc #	11460	 14.756269931793213
2023-07-13 03:12:59.781335 - Epoc #	11470	 13.46684718132019
2023-07-13 03:13:13.169521 - Epoc #	11480	 13.388185977935791
2023-07-13 03:13:26.884710 - Epoc #	11490	 13.715188980102539
2023-07-13 03:13:40.805523 - Epoc #	11500	 13.920812845230103
2023-07-13 03:13:54.208367 - Epoc #	11510	 13.402844190597534
2023-07-13 03:14:08.213341 - Epoc #	11520	 14.004973888397217
2023-07-13 03:14:23.020127 - Epoc #	11530	 14.806786060333252
2023-07-13 03:14:36.949054 - Epoc #	11540	 13.928926944732666
2023-07-13 03:14:50.282534 - Epoc #	11550	 13.333479881286621
2023-07-13 03:15:04.608086 - Epoc #	11560	 14.325552225112915
2023-07-13 03:15:18.418497 - Epoc #	11570	 13.810410976409912
2023-07-13 03:15:31.924935 - Epoc #	11580	 13.50643801689148
2023-07-13 03:15:45.856037 - Epoc #	11590	 13.93110179901123
2023-07-13 03:16:00.401281 - Epoc #	11600	 14.545244216918945
2023-07-13 03:16:15.057038 - Epoc #	11610	 14.655756950378418
2023-07-13 03:16:28.724551 - Epoc #	11620	 13.667512893676758
2023-07-13 03:16:42.432555 - Time between reward step: #	15548.897645950317
2023-07-13 03:16:42.432555 - Average Score: 58.00 Elapsed time: 4:19:10.157881
2023-07-13 03:16:42.432555 - Epoc #	11630	 13.708003997802734
2023-07-13 03:16:43.840841 - Time between reward step: #	15550.305932044983
2023-07-13 03:16:43.840841 - Average Score: 59.00 Elapsed time: 4:19:11.569004
2023-07-13 03:16:56.992541 - Epoc #	11640	 14.559986114501953
2023-07-13 03:16:59.842494 - Time between reward step: #	15566.307585000992
2023-07-13 03:16:59.842494 - Average Score: 60.00 Elapsed time: 4:19:27.575446
2023-07-13 03:17:10.633393 - Epoc #	11650	 13.640851974487305
2023-07-13 03:17:19.166460 - Time between reward step: #	15585.631551027298
2023-07-13 03:17:19.166460 - Average Score: 61.00 Elapsed time: 4:19:46.897580
2023-07-13 03:17:24.568336 - Epoc #	11660	 13.934942960739136
2023-07-13 03:17:27.150758 - Time between reward step: #	15593.615849018097
2023-07-13 03:17:27.150758 - Average Score: 62.00 Elapsed time: 4:19:54.881212
2023-07-13 03:17:38.737972 - Epoc #	11670	 14.169636011123657
2023-07-13 03:17:53.189135 - Epoc #	11680	 14.451163053512573
2023-07-13 03:18:07.290243 - Epoc #	11690	 14.101107835769653
2023-07-13 03:18:20.539399 - Epoc #	11700	 13.24915599822998
2023-07-13 03:18:34.378797 - Epoc #	11710	 13.83939814567566
2023-07-13 03:18:48.020673 - Epoc #	11720	 13.641875982284546
2023-07-13 03:19:01.542357 - Epoc #	11730	 13.521683931350708
2023-07-13 03:19:14.866616 - Epoc #	11740	 13.324259042739868
2023-07-13 03:19:29.353918 - Epoc #	11750	 14.48730206489563
2023-07-13 03:19:42.680423 - Epoc #	11760	 13.326504945755005
2023-07-13 03:19:56.805632 - Epoc #	11770	 14.125209093093872
2023-07-13 03:20:10.706396 - Epoc #	11780	 13.900763988494873
2023-07-13 03:20:23.964844 - Epoc #	11790	 13.258447885513306
2023-07-13 03:20:37.347576 - Epoc #	11800	 13.382731914520264
2023-07-13 03:20:50.819567 - Epoc #	11810	 13.471991062164307
2023-07-13 03:21:04.791371 - Epoc #	11820	 13.971804141998291
2023-07-13 03:21:18.277181 - Epoc #	11830	 13.485809803009033
2023-07-13 03:21:31.590060 - Epoc #	11840	 13.312879085540771
2023-07-13 03:21:44.683617 - Epoc #	11850	 13.093557119369507
2023-07-13 03:21:58.494361 - Epoc #	11860	 13.810743808746338
2023-07-13 03:22:12.104039 - Epoc #	11870	 13.609678030014038
2023-07-13 03:22:26.036004 - Epoc #	11880	 13.931965112686157
2023-07-13 03:22:40.299748 - Epoc #	11890	 14.263743877410889
2023-07-13 03:22:53.894370 - Epoc #	11900	 13.594622135162354
2023-07-13 03:23:07.792919 - Epoc #	11910	 13.89854884147644
2023-07-13 03:23:21.318048 - Epoc #	11920	 13.525129079818726
2023-07-13 03:23:34.613082 - Epoc #	11930	 13.295033931732178
2023-07-13 03:23:48.424625 - Epoc #	11940	 13.811542987823486
2023-07-13 03:24:02.744863 - Epoc #	11950	 14.32023811340332
2023-07-13 03:24:07.021186 - Time between reward step: #	15993.486277103424
2023-07-13 03:24:07.021186 - Average Score: 63.00 Elapsed time: 4:26:34.754504
2023-07-13 03:24:16.348249 - Epoc #	11960	 13.603385925292969
2023-07-13 03:24:29.736272 - Epoc #	11970	 13.388023138046265
2023-07-13 03:24:37.845031 - Time between reward step: #	16024.310122013092
2023-07-13 03:24:37.845031 - Average Score: 64.00 Elapsed time: 4:27:05.578934
2023-07-13 03:24:39.316182 - Time between reward step: #	16025.781272888184
2023-07-13 03:24:39.316182 - Average Score: 65.00 Elapsed time: 4:27:07.046716
2023-07-13 03:24:44.690141 - Epoc #	11980	 14.953868865966797
2023-07-13 03:24:58.602341 - Epoc #	11990	 13.912199974060059
2023-07-13 03:25:12.481887 - Epoc #	12000	 13.879546165466309
2023-07-13 03:25:26.700892 - Epoc #	12010	 14.21900486946106
2023-07-13 03:25:40.021958 - Epoc #	12020	 13.32106614112854
2023-07-13 03:25:53.657926 - Epoc #	12030	 13.63596796989441
2023-07-13 03:26:07.864246 - Epoc #	12040	 14.206319808959961
2023-07-13 03:26:22.030664 - Epoc #	12050	 14.166418075561523
2023-07-13 03:26:35.631645 - Epoc #	12060	 13.600980997085571
2023-07-13 03:26:49.698630 - Epoc #	12070	 14.066985130310059
2023-07-13 03:27:04.372555 - Epoc #	12080	 14.673924922943115
2023-07-13 03:27:17.914265 - Epoc #	12090	 13.541709899902344
2023-07-13 03:27:31.818492 - Epoc #	12100	 13.904227018356323
2023-07-13 03:27:45.674174 - Epoc #	12110	 13.855682134628296
2023-07-13 03:27:59.408654 - Epoc #	12120	 13.734479904174805
2023-07-13 03:28:12.373661 - Epoc #	12130	 12.965007066726685
2023-07-13 03:28:25.647505 - Epoc #	12140	 13.273844003677368
2023-07-13 03:28:39.549866 - Epoc #	12150	 13.902360916137695
2023-07-13 03:28:53.997501 - Epoc #	12160	 14.447634935379028
2023-07-13 03:29:08.039902 - Epoc #	12170	 14.04240107536316
2023-07-13 03:29:21.855314 - Epoc #	12180	 13.815412044525146
2023-07-13 03:29:35.504224 - Epoc #	12190	 13.64891004562378
2023-07-13 03:29:49.960198 - Epoc #	12200	 14.455973863601685
2023-07-13 03:30:03.797343 - Epoc #	12210	 13.83714509010315
2023-07-13 03:30:18.472107 - Epoc #	12220	 14.674763917922974
2023-07-13 03:30:32.270069 - Epoc #	12230	 13.797961950302124
2023-07-13 03:30:45.845608 - Epoc #	12240	 13.575539112091064
2023-07-13 03:30:59.062757 - Epoc #	12250	 13.217149019241333
2023-07-13 03:31:12.401965 - Epoc #	12260	 13.339207887649536
2023-07-13 03:31:25.742855 - Epoc #	12270	 13.340890169143677
2023-07-13 03:31:39.106543 - Epoc #	12280	 13.363687992095947
2023-07-13 03:31:52.399157 - Epoc #	12290	 13.292613983154297
2023-07-13 03:32:06.019497 - Epoc #	12300	 13.62033987045288
2023-07-13 03:32:19.013880 - Epoc #	12310	 12.994383096694946
2023-07-13 03:32:32.352679 - Epoc #	12320	 13.338798999786377
2023-07-13 03:32:46.336935 - Epoc #	12330	 13.984256029129028
2023-07-13 03:32:59.089704 - Epoc #	12340	 12.752768993377686
2023-07-13 03:33:12.756660 - Epoc #	12350	 13.666955947875977
2023-07-13 03:33:26.720132 - Epoc #	12360	 13.963472127914429
2023-07-13 03:33:40.636746 - Epoc #	12370	 13.916613817214966
2023-07-13 03:33:54.047521 - Epoc #	12380	 13.410775184631348
2023-07-13 03:34:07.994758 - Epoc #	12390	 13.947236776351929
2023-07-13 03:34:21.288207 - Epoc #	12400	 13.29344916343689
2023-07-13 03:34:35.058229 - Epoc #	12410	 13.770021915435791
2023-07-13 03:34:48.902710 - Epoc #	12420	 13.844480991363525
2023-07-13 03:35:02.177062 - Epoc #	12430	 13.274352073669434
2023-07-13 03:35:15.583750 - Epoc #	12440	 13.40668797492981
2023-07-13 03:35:30.337588 - Epoc #	12450	 14.753838062286377
2023-07-13 03:35:43.515209 - Epoc #	12460	 13.177620887756348
2023-07-13 03:35:57.212897 - Epoc #	12470	 13.697688102722168
2023-07-13 03:36:10.441155 - Epoc #	12480	 13.228257894515991
2023-07-13 03:36:24.213521 - Epoc #	12490	 13.772366046905518
