2023-07-12 12:25:03.366839 - Starting learning loop ...
==================================================================
2023-07-12 12:25:03.366839 - Using Framebuffer of: 4 frames	 and 	ReplayBufferSize: 25000
2023-07-12 12:25:03.366839 - Loglevel is set to: a
2023-07-12 12:25:03.366839 - Epoc #	0	 
2023-07-12 12:25:18.398261 - Epoc #	10	 15.031422138214111
2023-07-12 12:25:30.148930 - Epoc #	20	 11.750669002532959
2023-07-12 12:25:42.789798 - Epoc #	30	 12.640867948532104
2023-07-12 12:25:54.603350 - Epoc #	40	 11.813551902770996
2023-07-12 12:26:05.473680 - Epoc #	50	 10.870330095291138
2023-07-12 12:26:18.162978 - Epoc #	60	 12.689297914505005
2023-07-12 12:26:31.319698 - Epoc #	70	 13.156720161437988
2023-07-12 12:26:42.693411 - Epoc #	80	 11.37371301651001
2023-07-12 12:26:54.230595 - Epoc #	90	 11.537184000015259
2023-07-12 12:27:07.169052 - Epoc #	100	 12.938456773757935
2023-07-12 12:27:14.582142 - Time between reward step: #	131.21530318260193
2023-07-12 12:27:14.582142 - Average Score: 8.00 Elapsed time: 0:02:13.365537
2023-07-12 12:27:17.248793 - Time between reward step: #	133.88195395469666
2023-07-12 12:27:17.248793 - Average Score: 9.00 Elapsed time: 0:02:16.036676
2023-07-12 12:27:21.107737 - Epoc #	110	 13.938685178756714
2023-07-12 12:27:33.811140 - Epoc #	120	 12.703402996063232
2023-07-12 12:27:46.263019 - Epoc #	130	 12.451879024505615
2023-07-12 12:27:58.701470 - Epoc #	140	 12.438450813293457
2023-07-12 12:28:00.015109 - Time between reward step: #	176.64827013015747
2023-07-12 12:28:00.015109 - Average Score: 10.00 Elapsed time: 0:02:58.795094
2023-07-12 12:28:02.836132 - Time between reward step: #	179.4692931175232
2023-07-12 12:28:02.836132 - Average Score: 11.00 Elapsed time: 0:03:01.626755
2023-07-12 12:28:11.295863 - Epoc #	150	 12.594393014907837
2023-07-12 12:28:23.361866 - Epoc #	160	 12.06600308418274
2023-07-12 12:28:35.696389 - Epoc #	170	 12.33452296257019
2023-07-12 12:28:46.465307 - Epoc #	180	 10.76891803741455
2023-07-12 12:28:59.612615 - Epoc #	190	 13.147308111190796
2023-07-12 12:29:11.906468 - Epoc #	200	 12.293852806091309
2023-07-12 12:29:24.561904 - Epoc #	210	 12.655436038970947
2023-07-12 12:29:36.672425 - Epoc #	220	 12.110521078109741
2023-07-12 12:29:48.332260 - Epoc #	230	 11.659834861755371
2023-07-12 12:30:00.589456 - Epoc #	240	 12.257196187973022
2023-07-12 12:30:12.355865 - Epoc #	250	 11.766408920288086
2023-07-12 12:30:25.060883 - Epoc #	260	 12.705018043518066
2023-07-12 12:30:37.270682 - Epoc #	270	 12.20979905128479
2023-07-12 12:30:49.389416 - Epoc #	280	 12.118733882904053
2023-07-12 12:31:01.913527 - Epoc #	290	 12.524111032485962
2023-07-12 12:31:14.880578 - Epoc #	300	 12.967051029205322
2023-07-12 12:31:27.316917 - Epoc #	310	 12.436338901519775
2023-07-12 12:31:40.006793 - Epoc #	320	 12.689876079559326
2023-07-12 12:31:52.415840 - Epoc #	330	 12.40904688835144
2023-07-12 12:32:04.685683 - Epoc #	340	 12.269843101501465
2023-07-12 12:32:16.852531 - Epoc #	350	 12.166847944259644
2023-07-12 12:32:28.633632 - Epoc #	360	 11.781100988388062
2023-07-12 12:32:41.214827 - Epoc #	370	 12.58119511604309
2023-07-12 12:32:53.959203 - Epoc #	380	 12.744375944137573
2023-07-12 12:33:06.098285 - Epoc #	390	 12.139081954956055
2023-07-12 12:33:18.195839 - Epoc #	400	 12.097553968429565
2023-07-12 12:33:30.196277 - Epoc #	410	 12.00043797492981
2023-07-12 12:33:42.431278 - Epoc #	420	 12.23500108718872
2023-07-12 12:33:55.853435 - Epoc #	430	 13.422157049179077
2023-07-12 12:34:07.986402 - Epoc #	440	 12.132966995239258
2023-07-12 12:34:20.442397 - Epoc #	450	 12.455995082855225
2023-07-12 12:34:32.709741 - Epoc #	460	 12.267343997955322
2023-07-12 12:34:44.960346 - Epoc #	470	 12.25060486793518
2023-07-12 12:34:57.819336 - Epoc #	480	 12.858989953994751
2023-07-12 12:35:10.442071 - Epoc #	490	 12.622735023498535
2023-07-12 12:35:23.065172 - Epoc #	500	 12.623100996017456
2023-07-12 12:35:35.818482 - Epoc #	510	 12.753309965133667
2023-07-12 12:35:43.467311 - Time between reward step: #	640.1004719734192
2023-07-12 12:35:43.467311 - Average Score: 12.00 Elapsed time: 0:10:42.258337
2023-07-12 12:35:48.461181 - Epoc #	520	 12.642699003219604
2023-07-12 12:35:51.026215 - Time between reward step: #	647.6593761444092
2023-07-12 12:35:51.026215 - Average Score: 13.00 Elapsed time: 0:10:49.817401
2023-07-12 12:35:57.345621 - Time between reward step: #	653.9787821769714
2023-07-12 12:35:57.345621 - Average Score: 14.00 Elapsed time: 0:10:56.128903
2023-07-12 12:36:00.906824 - Epoc #	530	 12.445643186569214
2023-07-12 12:36:04.835655 - Time between reward step: #	661.4688160419464
2023-07-12 12:36:04.835655 - Average Score: 15.00 Elapsed time: 0:11:03.617785
2023-07-12 12:36:09.636365 - Time between reward step: #	666.2695260047913
2023-07-12 12:36:09.636365 - Average Score: 16.00 Elapsed time: 0:11:08.421167
2023-07-12 12:36:13.623773 - Epoc #	540	 12.716948986053467
2023-07-12 12:36:25.670450 - Epoc #	550	 12.046676874160767
2023-07-12 12:36:37.717933 - Epoc #	560	 12.047482967376709
2023-07-12 12:36:50.329436 - Epoc #	570	 12.61150312423706
2023-07-12 12:37:02.542589 - Epoc #	580	 12.213152885437012
2023-07-12 12:37:14.682049 - Epoc #	590	 12.13946008682251
2023-07-12 12:37:27.795186 - Epoc #	600	 13.113137006759644
2023-07-12 12:37:39.957760 - Epoc #	610	 12.162574052810669
2023-07-12 12:37:52.497290 - Epoc #	620	 12.539529800415039
2023-07-12 12:38:04.844551 - Epoc #	630	 12.347261190414429
2023-07-12 12:38:17.011122 - Epoc #	640	 12.166570901870728
2023-07-12 12:38:29.342223 - Epoc #	650	 12.331100940704346
2023-07-12 12:38:41.736150 - Epoc #	660	 12.393927097320557
2023-07-12 12:38:54.432127 - Epoc #	670	 12.695976972579956
2023-07-12 12:39:07.001198 - Epoc #	680	 12.569071054458618
2023-07-12 12:39:19.844945 - Epoc #	690	 12.843746900558472
2023-07-12 12:39:32.395530 - Epoc #	700	 12.5505850315094
2023-07-12 12:39:44.923404 - Epoc #	710	 12.527873992919922
2023-07-12 12:39:57.301852 - Epoc #	720	 12.378448009490967
2023-07-12 12:40:10.787265 - Epoc #	730	 13.485413074493408
2023-07-12 12:40:23.558012 - Epoc #	740	 12.770746946334839
2023-07-12 12:40:36.792282 - Epoc #	750	 13.234270095825195
2023-07-12 12:40:49.989724 - Epoc #	760	 13.197441816329956
2023-07-12 12:41:02.863323 - Epoc #	770	 12.8735990524292
2023-07-12 12:41:15.416082 - Epoc #	780	 12.552758932113647
2023-07-12 12:41:29.182519 - Epoc #	790	 13.76643705368042
2023-07-12 12:41:42.621366 - Epoc #	800	 13.438847064971924
2023-07-12 12:41:55.155029 - Epoc #	810	 12.533663034439087
2023-07-12 12:42:07.207357 - Epoc #	820	 12.052327871322632
2023-07-12 12:42:19.848563 - Epoc #	830	 12.64120602607727
2023-07-12 12:42:32.706715 - Epoc #	840	 12.858152151107788
2023-07-12 12:42:45.581286 - Epoc #	850	 12.874570846557617
2023-07-12 12:42:57.358696 - Epoc #	860	 11.77741003036499
2023-07-12 12:43:10.175500 - Epoc #	870	 12.816803932189941
2023-07-12 12:43:22.781791 - Epoc #	880	 12.606291055679321
2023-07-12 12:43:35.150847 - Epoc #	890	 12.369055986404419
2023-07-12 12:43:47.450278 - Epoc #	900	 12.299431085586548
2023-07-12 12:44:00.566818 - Epoc #	910	 13.11653995513916
2023-07-12 12:44:13.285418 - Epoc #	920	 12.718600034713745
2023-07-12 12:44:26.057303 - Epoc #	930	 12.77188491821289
2023-07-12 12:44:38.446527 - Epoc #	940	 12.3892240524292
2023-07-12 12:44:51.223863 - Epoc #	950	 12.77733588218689
2023-07-12 12:45:03.454014 - Epoc #	960	 12.230151176452637
2023-07-12 12:45:15.575275 - Epoc #	970	 12.12126088142395
2023-07-12 12:45:28.481116 - Epoc #	980	 12.90584111213684
2023-07-12 12:45:40.775803 - Epoc #	990	 12.294687032699585
2023-07-12 12:45:53.083029 - Epoc #	1000	 12.307225942611694
2023-07-12 12:46:06.293116 - Epoc #	1010	 13.210087060928345
2023-07-12 12:46:18.559792 - Epoc #	1020	 12.26667594909668
2023-07-12 12:46:31.322269 - Epoc #	1030	 12.762476921081543
2023-07-12 12:46:43.537805 - Epoc #	1040	 12.215536117553711
2023-07-12 12:46:55.862675 - Epoc #	1050	 12.324869871139526
2023-07-12 12:47:08.472897 - Epoc #	1060	 12.610222101211548
2023-07-12 12:47:21.174651 - Epoc #	1070	 12.701753854751587
2023-07-12 12:47:33.409508 - Epoc #	1080	 12.234857082366943
2023-07-12 12:47:45.800468 - Epoc #	1090	 12.390959978103638
2023-07-12 12:47:58.377148 - Epoc #	1100	 12.576679944992065
2023-07-12 12:48:11.314742 - Epoc #	1110	 12.937594175338745
2023-07-12 12:48:24.001746 - Epoc #	1120	 12.68700385093689
2023-07-12 12:48:36.481846 - Epoc #	1130	 12.480100154876709
2023-07-12 12:48:48.619248 - Epoc #	1140	 12.137401819229126
2023-07-12 12:49:02.065543 - Epoc #	1150	 13.446295022964478
2023-07-12 12:49:15.462008 - Epoc #	1160	 13.396465063095093
2023-07-12 12:49:28.450362 - Epoc #	1170	 12.988353967666626
2023-07-12 12:49:41.183905 - Epoc #	1180	 12.733542919158936
2023-07-12 12:49:53.305393 - Epoc #	1190	 12.121488094329834
2023-07-12 12:50:06.437791 - Epoc #	1200	 13.132398128509521
2023-07-12 12:50:18.738275 - Epoc #	1210	 12.30048394203186
2023-07-12 12:50:31.314145 - Epoc #	1220	 12.575870037078857
2023-07-12 12:50:44.992656 - Epoc #	1230	 13.678510904312134
2023-07-12 12:50:57.463245 - Epoc #	1240	 12.47058892250061
2023-07-12 12:51:10.202011 - Epoc #	1250	 12.738766193389893
2023-07-12 12:51:22.935197 - Epoc #	1260	 12.73318600654602
2023-07-12 12:51:36.419003 - Epoc #	1270	 13.483805894851685
2023-07-12 12:51:48.481723 - Epoc #	1280	 12.06272006034851
2023-07-12 12:52:01.320581 - Epoc #	1290	 12.838857889175415
2023-07-12 12:52:13.690593 - Epoc #	1300	 12.370012044906616
2023-07-12 12:52:26.233347 - Epoc #	1310	 12.54275393486023
2023-07-12 12:52:38.938869 - Epoc #	1320	 12.705522060394287
2023-07-12 12:52:51.171040 - Epoc #	1330	 12.232171058654785
2023-07-12 12:53:03.748457 - Epoc #	1340	 12.577416896820068
2023-07-12 12:53:16.909707 - Epoc #	1350	 13.161250114440918
2023-07-12 12:53:30.027545 - Epoc #	1360	 13.117837905883789
2023-07-12 12:53:43.251557 - Epoc #	1370	 13.22401213645935
2023-07-12 12:53:56.889041 - Epoc #	1380	 13.637483835220337
2023-07-12 12:54:09.590877 - Epoc #	1390	 12.701836109161377
2023-07-12 12:54:22.680498 - Epoc #	1400	 13.08962082862854
2023-07-12 12:54:35.337690 - Epoc #	1410	 12.65719223022461
2023-07-12 12:54:48.819438 - Epoc #	1420	 13.48174786567688
2023-07-12 12:55:02.017574 - Epoc #	1430	 13.1981360912323
2023-07-12 12:55:14.502266 - Epoc #	1440	 12.484691858291626
2023-07-12 12:55:26.921898 - Epoc #	1450	 12.419631958007812
2023-07-12 12:55:39.544266 - Epoc #	1460	 12.622368097305298
2023-07-12 12:55:51.778252 - Epoc #	1470	 12.233985900878906
2023-07-12 12:56:04.207544 - Epoc #	1480	 12.42929220199585
2023-07-12 12:56:16.423181 - Epoc #	1490	 12.215636968612671
2023-07-12 12:56:30.706258 - Epoc #	1500	 14.283077001571655
2023-07-12 12:56:43.488331 - Epoc #	1510	 12.782073020935059
2023-07-12 12:56:56.112167 - Epoc #	1520	 12.623835802078247
2023-07-12 12:57:08.892444 - Epoc #	1530	 12.780277013778687
2023-07-12 12:57:22.130839 - Epoc #	1540	 13.23839521408081
2023-07-12 12:57:35.131437 - Epoc #	1550	 13.000597953796387
2023-07-12 12:57:48.142151 - Epoc #	1560	 13.010714054107666
2023-07-12 12:58:01.557591 - Epoc #	1570	 13.41543984413147
2023-07-12 12:58:15.568784 - Epoc #	1580	 14.011193037033081
2023-07-12 12:58:29.188878 - Epoc #	1590	 13.620094060897827
2023-07-12 12:58:43.043916 - Epoc #	1600	 13.855037927627563
2023-07-12 12:58:56.939630 - Epoc #	1610	 13.895714044570923
2023-07-12 12:59:10.273210 - Epoc #	1620	 13.333580017089844
2023-07-12 12:59:23.269954 - Epoc #	1630	 12.99674391746521
2023-07-12 12:59:36.357623 - Epoc #	1640	 13.087669134140015
2023-07-12 12:59:49.679499 - Epoc #	1650	 13.321875810623169
2023-07-12 13:00:03.184912 - Epoc #	1660	 13.505413055419922
2023-07-12 13:00:16.130390 - Epoc #	1670	 12.945477962493896
2023-07-12 13:00:29.358977 - Epoc #	1680	 13.22858715057373
2023-07-12 13:00:43.120108 - Epoc #	1690	 13.761130809783936
2023-07-12 13:00:56.129750 - Epoc #	1700	 13.009642124176025
2023-07-12 13:01:09.522730 - Epoc #	1710	 13.392980098724365
2023-07-12 13:01:23.188908 - Epoc #	1720	 13.666177988052368
2023-07-12 13:01:36.479459 - Epoc #	1730	 13.290550947189331
2023-07-12 13:01:50.412461 - Epoc #	1740	 13.93300199508667
2023-07-12 13:02:03.639068 - Epoc #	1750	 13.226606845855713
2023-07-12 13:02:17.087396 - Epoc #	1760	 13.448328018188477
2023-07-12 13:02:31.318200 - Epoc #	1770	 14.230804204940796
2023-07-12 13:02:44.546089 - Epoc #	1780	 13.227888822555542
2023-07-12 13:02:57.006706 - Epoc #	1790	 12.460617065429688
2023-07-12 13:03:10.015069 - Epoc #	1800	 13.008363008499146
2023-07-12 13:03:23.633727 - Epoc #	1810	 13.618658065795898
2023-07-12 13:03:37.831799 - Epoc #	1820	 14.198071956634521
2023-07-12 13:03:50.827308 - Epoc #	1830	 12.995508909225464
2023-07-12 13:04:04.860770 - Epoc #	1840	 14.033462047576904
2023-07-12 13:04:19.041402 - Epoc #	1850	 14.1806321144104
2023-07-12 13:04:33.690531 - Epoc #	1860	 14.649128913879395
2023-07-12 13:04:47.185610 - Epoc #	1870	 13.495079040527344
2023-07-12 13:05:00.826901 - Epoc #	1880	 13.64129090309143
2023-07-12 13:05:14.161003 - Epoc #	1890	 13.334102153778076
2023-07-12 13:05:27.220940 - Epoc #	1900	 13.059937000274658
2023-07-12 13:05:40.247726 - Epoc #	1910	 13.026785850524902
2023-07-12 13:05:54.320972 - Epoc #	1920	 14.073246002197266
2023-07-12 13:06:07.360902 - Epoc #	1930	 13.03993010520935
2023-07-12 13:06:22.216884 - Epoc #	1940	 14.855981826782227
2023-07-12 13:06:35.757592 - Epoc #	1950	 13.540708065032959
2023-07-12 13:06:49.252241 - Epoc #	1960	 13.494648933410645
2023-07-12 13:07:02.938837 - Epoc #	1970	 13.686596155166626
2023-07-12 13:07:16.886085 - Epoc #	1980	 13.947247982025146
2023-07-12 13:07:29.518364 - Epoc #	1990	 12.63227891921997
2023-07-12 13:07:42.993942 - Epoc #	2000	 13.47557806968689
2023-07-12 13:07:56.661133 - Epoc #	2010	 13.66719102859497
2023-07-12 13:08:10.821746 - Epoc #	2020	 14.160613059997559
2023-07-12 13:08:24.770148 - Epoc #	2030	 13.948401927947998
2023-07-12 13:08:38.498173 - Epoc #	2040	 13.728024959564209
2023-07-12 13:08:51.678184 - Epoc #	2050	 13.18001103401184
2023-07-12 13:09:05.314675 - Epoc #	2060	 13.636491060256958
2023-07-12 13:09:18.810266 - Epoc #	2070	 13.495590925216675
2023-07-12 13:09:32.787695 - Epoc #	2080	 13.977428913116455
2023-07-12 13:09:47.015184 - Epoc #	2090	 14.227488994598389
2023-07-12 13:10:00.777626 - Epoc #	2100	 13.762442111968994
2023-07-12 13:10:14.601493 - Epoc #	2110	 13.823866844177246
2023-07-12 13:10:28.675842 - Epoc #	2120	 14.074349164962769
2023-07-12 13:10:41.356058 - Epoc #	2130	 12.680215835571289
2023-07-12 13:10:55.069872 - Epoc #	2140	 13.71381402015686
2023-07-12 13:11:09.361376 - Epoc #	2150	 14.291504144668579
2023-07-12 13:11:23.088966 - Epoc #	2160	 13.727589845657349
2023-07-12 13:11:36.489307 - Epoc #	2170	 13.400341033935547
2023-07-12 13:11:50.763649 - Epoc #	2180	 14.274342060089111
2023-07-12 13:12:05.692300 - Epoc #	2190	 14.928651094436646
2023-07-12 13:12:19.796379 - Epoc #	2200	 14.104079008102417
2023-07-12 13:12:32.282096 - Epoc #	2210	 12.485716819763184
2023-07-12 13:12:46.218506 - Epoc #	2220	 13.936410188674927
2023-07-12 13:12:59.699502 - Epoc #	2230	 13.480995893478394
2023-07-12 13:13:12.913747 - Epoc #	2240	 13.214245080947876
2023-07-12 13:13:26.456589 - Epoc #	2250	 13.542841911315918
2023-07-12 13:13:41.142922 - Epoc #	2260	 14.686332941055298
2023-07-12 13:13:54.339935 - Epoc #	2270	 13.197013139724731
2023-07-12 13:14:08.869089 - Epoc #	2280	 14.529153823852539
2023-07-12 13:14:23.533558 - Epoc #	2290	 14.664469003677368
2023-07-12 13:14:38.514624 - Epoc #	2300	 14.981066226959229
2023-07-12 13:14:52.383161 - Epoc #	2310	 13.868536949157715
2023-07-12 13:15:06.315057 - Epoc #	2320	 13.931895971298218
2023-07-12 13:15:20.667995 - Epoc #	2330	 14.352937936782837
2023-07-12 13:15:34.458863 - Epoc #	2340	 13.790868043899536
2023-07-12 13:15:48.016840 - Epoc #	2350	 13.557976961135864
2023-07-12 13:16:00.815286 - Epoc #	2360	 12.7984459400177
2023-07-12 13:16:13.871535 - Epoc #	2370	 13.056249141693115
2023-07-12 13:16:27.271244 - Epoc #	2380	 13.399708986282349
2023-07-12 13:16:41.140161 - Epoc #	2390	 13.868916988372803
2023-07-12 13:16:54.413144 - Epoc #	2400	 13.272983074188232
2023-07-12 13:17:08.906595 - Epoc #	2410	 14.49345088005066
2023-07-12 13:17:22.682672 - Epoc #	2420	 13.776077032089233
2023-07-12 13:17:36.331523 - Epoc #	2430	 13.648850917816162
2023-07-12 13:17:49.779047 - Epoc #	2440	 13.447524070739746
2023-07-12 13:18:03.192501 - Epoc #	2450	 13.413454055786133
2023-07-12 13:18:16.377050 - Epoc #	2460	 13.18454885482788
2023-07-12 13:18:29.684189 - Epoc #	2470	 13.307139158248901
2023-07-12 13:18:43.288326 - Epoc #	2480	 13.604136943817139
2023-07-12 13:18:56.656808 - Epoc #	2490	 13.368481874465942
2023-07-12 13:19:10.367653 - Epoc #	2500	 13.710844993591309
2023-07-12 13:19:24.564332 - Epoc #	2510	 14.19667911529541
2023-07-12 13:19:38.606037 - Epoc #	2520	 14.041704893112183
2023-07-12 13:19:52.540219 - Epoc #	2530	 13.934182167053223
2023-07-12 13:20:06.020273 - Epoc #	2540	 13.480053901672363
2023-07-12 13:20:20.580993 - Epoc #	2550	 14.560719966888428
2023-07-12 13:20:34.387759 - Epoc #	2560	 13.806766033172607
2023-07-12 13:20:41.096031 - Time between reward step: #	3337.729192018509
2023-07-12 13:20:41.096031 - Average Score: 17.00 Elapsed time: 0:55:39.880363
2023-07-12 13:20:47.693038 - Epoc #	2570	 13.305279016494751
2023-07-12 13:21:00.874605 - Epoc #	2580	 13.181566953659058
2023-07-12 13:21:14.415108 - Epoc #	2590	 13.540503025054932
2023-07-12 13:21:28.737549 - Epoc #	2600	 14.322441101074219
2023-07-12 13:21:36.868086 - Time between reward step: #	3393.5012471675873
2023-07-12 13:21:36.868086 - Average Score: 18.00 Elapsed time: 0:56:35.646705
2023-07-12 13:21:42.466777 - Epoc #	2610	 13.729228019714355
2023-07-12 13:21:56.412700 - Epoc #	2620	 13.9459228515625
2023-07-12 13:22:12.330165 - Epoc #	2630	 15.917464971542358
2023-07-12 13:22:26.261779 - Epoc #	2640	 13.93161416053772
2023-07-12 13:22:41.335812 - Epoc #	2650	 15.07403302192688
2023-07-12 13:22:56.566928 - Epoc #	2660	 15.231115818023682
2023-07-12 13:23:10.195806 - Epoc #	2670	 13.628878116607666
2023-07-12 13:23:23.850747 - Epoc #	2680	 13.654941082000732
2023-07-12 13:23:36.145980 - Epoc #	2690	 12.295232772827148
2023-07-12 13:23:51.339472 - Epoc #	2700	 15.19349217414856
2023-07-12 13:24:04.602793 - Epoc #	2710	 13.263320922851562
2023-07-12 13:24:18.232048 - Epoc #	2720	 13.629255056381226
2023-07-12 13:24:33.079525 - Epoc #	2730	 14.847476959228516
2023-07-12 13:24:48.350459 - Epoc #	2740	 15.270934104919434
2023-07-12 13:25:03.815725 - Epoc #	2750	 15.465265989303589
2023-07-12 13:25:18.759048 - Epoc #	2760	 14.943322896957397
2023-07-12 13:25:34.561788 - Epoc #	2770	 15.802740097045898
2023-07-12 13:25:49.721096 - Epoc #	2780	 15.159307956695557
2023-07-12 13:26:04.711106 - Epoc #	2790	 14.990010023117065
2023-07-12 13:26:19.698814 - Epoc #	2800	 14.98770785331726
2023-07-12 13:26:35.046724 - Epoc #	2810	 15.347910165786743
2023-07-12 13:26:50.645047 - Epoc #	2820	 15.598322868347168
2023-07-12 13:27:04.100964 - Epoc #	2830	 13.455917119979858
2023-07-12 13:27:17.351812 - Epoc #	2840	 13.250847816467285
2023-07-12 13:27:30.957881 - Epoc #	2850	 13.606069087982178
2023-07-12 13:27:44.235114 - Epoc #	2860	 13.277233123779297
2023-07-12 13:27:57.404005 - Epoc #	2870	 13.168890953063965
2023-07-12 13:28:12.338637 - Epoc #	2880	 14.934632062911987
2023-07-12 13:28:25.206716 - Epoc #	2890	 12.86807894706726
2023-07-12 13:28:40.919728 - Epoc #	2900	 15.713011980056763
2023-07-12 13:28:54.976593 - Epoc #	2910	 14.056864976882935
2023-07-12 13:29:08.590393 - Epoc #	2920	 13.613800048828125
2023-07-12 13:29:21.941443 - Epoc #	2930	 13.351049900054932
2023-07-12 13:29:34.684363 - Epoc #	2940	 12.742919921875
2023-07-12 13:29:48.825733 - Epoc #	2950	 14.141370058059692
2023-07-12 13:30:01.962483 - Epoc #	2960	 13.136749982833862
2023-07-12 13:30:15.598526 - Epoc #	2970	 13.636043071746826
2023-07-12 13:30:31.096318 - Epoc #	2980	 15.49779200553894
2023-07-12 13:30:44.311556 - Epoc #	2990	 13.215238094329834
2023-07-12 13:30:58.339819 - Epoc #	3000	 14.028262853622437
2023-07-12 13:31:11.553461 - Epoc #	3010	 13.213642120361328
2023-07-12 13:31:26.801616 - Epoc #	3020	 15.248154878616333
2023-07-12 13:31:40.576602 - Epoc #	3030	 13.774986028671265
2023-07-12 13:31:53.371177 - Epoc #	3040	 12.794574975967407
2023-07-12 13:32:07.165282 - Epoc #	3050	 13.794105052947998
2023-07-12 13:32:20.723898 - Epoc #	3060	 13.558615922927856
2023-07-12 13:32:33.953355 - Epoc #	3070	 13.229457139968872
2023-07-12 13:32:47.261005 - Epoc #	3080	 13.307649850845337
2023-07-12 13:33:00.540067 - Epoc #	3090	 13.279062032699585
2023-07-12 13:33:14.580962 - Epoc #	3100	 14.040894985198975
2023-07-12 13:33:30.297612 - Epoc #	3110	 15.716650009155273
2023-07-12 13:33:44.308816 - Epoc #	3120	 14.01120400428772
2023-07-12 13:33:58.675391 - Epoc #	3130	 14.366575002670288
2023-07-12 13:34:12.983083 - Epoc #	3140	 14.307692050933838
2023-07-12 13:34:26.153144 - Epoc #	3150	 13.170060873031616
2023-07-12 13:34:38.961534 - Epoc #	3160	 12.808390140533447
2023-07-12 13:34:52.505428 - Epoc #	3170	 13.543894052505493
2023-07-12 13:35:05.673185 - Epoc #	3180	 13.167757034301758
2023-07-12 13:35:18.949641 - Epoc #	3190	 13.276455879211426
2023-07-12 13:35:32.431547 - Epoc #	3200	 13.481905937194824
2023-07-12 13:35:45.721187 - Epoc #	3210	 13.289640188217163
2023-07-12 13:35:58.811172 - Epoc #	3220	 13.089984893798828
2023-07-12 13:36:11.807038 - Epoc #	3230	 12.995866060256958
2023-07-12 13:36:25.707543 - Epoc #	3240	 13.90050482749939
2023-07-12 13:36:40.064987 - Epoc #	3250	 14.357444047927856
2023-07-12 13:36:54.422710 - Epoc #	3260	 14.357722997665405
2023-07-12 13:37:09.439442 - Epoc #	3270	 15.016731977462769
2023-07-12 13:37:22.666812 - Epoc #	3280	 13.227370023727417
2023-07-12 13:37:35.769145 - Epoc #	3290	 13.102333068847656
2023-07-12 13:37:48.996158 - Epoc #	3300	 13.227012872695923
2023-07-12 13:38:02.914522 - Epoc #	3310	 13.91836404800415
2023-07-12 13:38:18.051934 - Epoc #	3320	 15.137412071228027
2023-07-12 13:38:31.109011 - Epoc #	3330	 13.057076930999756
2023-07-12 13:38:44.479840 - Epoc #	3340	 13.370829105377197
2023-07-12 13:38:57.063464 - Epoc #	3350	 12.583623886108398
2023-07-12 13:39:11.517328 - Epoc #	3360	 14.453864097595215
2023-07-12 13:39:24.733271 - Epoc #	3370	 13.215942859649658
2023-07-12 13:39:38.680557 - Epoc #	3380	 13.947286128997803
2023-07-12 13:39:51.468963 - Epoc #	3390	 12.788405895233154
2023-07-12 13:40:06.901029 - Epoc #	3400	 15.432066202163696
2023-07-12 13:40:20.805703 - Epoc #	3410	 13.90467381477356
2023-07-12 13:40:35.054572 - Epoc #	3420	 14.248869180679321
2023-07-12 13:40:47.828132 - Epoc #	3430	 12.773559808731079
2023-07-12 13:41:00.774904 - Epoc #	3440	 12.94677209854126
2023-07-12 13:41:14.068753 - Epoc #	3450	 13.293848991394043
2023-07-12 13:41:28.484738 - Epoc #	3460	 14.415985107421875
2023-07-12 13:41:44.219906 - Epoc #	3470	 15.735167980194092
2023-07-12 13:41:58.798791 - Epoc #	3480	 14.578884840011597
2023-07-12 13:42:12.628621 - Epoc #	3490	 13.829830169677734
2023-07-12 13:42:26.661084 - Epoc #	3500	 14.03246283531189
2023-07-12 13:42:40.153604 - Epoc #	3510	 13.492520093917847
2023-07-12 13:42:54.598993 - Epoc #	3520	 14.445389032363892
2023-07-12 13:43:09.724209 - Epoc #	3530	 15.125216007232666
2023-07-12 13:43:24.987935 - Epoc #	3540	 15.263725996017456
2023-07-12 13:43:40.139086 - Epoc #	3550	 15.151150941848755
2023-07-12 13:43:55.057611 - Epoc #	3560	 14.918524980545044
2023-07-12 13:44:10.138464 - Epoc #	3570	 15.08085298538208
2023-07-12 13:44:25.212747 - Epoc #	3580	 15.074283123016357
2023-07-12 13:44:40.286161 - Epoc #	3590	 15.073413848876953
2023-07-12 13:44:55.862462 - Epoc #	3600	 15.576301097869873
2023-07-12 13:45:10.827542 - Epoc #	3610	 14.96508002281189
2023-07-12 13:45:25.557785 - Epoc #	3620	 14.73024296760559
2023-07-12 13:45:40.210850 - Epoc #	3630	 14.653064966201782
2023-07-12 13:45:54.987515 - Epoc #	3640	 14.776664972305298
2023-07-12 13:46:09.918860 - Epoc #	3650	 14.931344985961914
2023-07-12 13:46:28.636324 - Epoc #	3660	 18.717463970184326
2023-07-12 13:46:43.569722 - Epoc #	3670	 14.933398008346558
2023-07-12 13:46:58.705534 - Epoc #	3680	 15.135812044143677
2023-07-12 13:47:13.560008 - Epoc #	3690	 14.854474067687988
2023-07-12 13:47:28.681869 - Epoc #	3700	 15.121860980987549
2023-07-12 13:47:43.051815 - Epoc #	3710	 14.369946002960205
2023-07-12 13:47:59.033274 - Epoc #	3720	 15.981458902359009
2023-07-12 13:48:14.246728 - Epoc #	3730	 15.213454008102417
2023-07-12 13:48:29.462304 - Epoc #	3740	 15.215576171875
2023-07-12 13:48:45.191429 - Epoc #	3750	 15.729124784469604
2023-07-12 13:48:59.709519 - Epoc #	3760	 14.518090009689331
2023-07-12 13:49:14.408016 - Epoc #	3770	 14.69849705696106
2023-07-12 13:49:29.419192 - Epoc #	3780	 15.011176109313965
2023-07-12 13:49:46.274364 - Epoc #	3790	 16.85517191886902
2023-07-12 13:50:01.632777 - Epoc #	3800	 15.358412981033325
2023-07-12 13:50:16.894604 - Epoc #	3810	 15.261826992034912
2023-07-12 13:50:31.922027 - Epoc #	3820	 15.02742314338684
2023-07-12 13:50:48.622843 - Epoc #	3830	 16.7008159160614
2023-07-12 13:51:05.200883 - Epoc #	3840	 16.57803988456726
2023-07-12 13:51:20.056497 - Epoc #	3850	 14.855614185333252
2023-07-12 13:51:34.490050 - Epoc #	3860	 14.433552980422974
2023-07-12 13:51:50.892685 - Epoc #	3870	 16.402634859085083
2023-07-12 13:52:05.953629 - Epoc #	3880	 15.060944080352783
2023-07-12 13:52:20.998018 - Epoc #	3890	 15.044389009475708
2023-07-12 13:52:36.355801 - Epoc #	3900	 15.357783079147339
2023-07-12 13:52:51.026916 - Epoc #	3910	 14.671114921569824
2023-07-12 13:53:06.522856 - Epoc #	3920	 15.49593997001648
2023-07-12 13:53:22.004953 - Epoc #	3930	 15.482096910476685
2023-07-12 13:53:37.454717 - Epoc #	3940	 15.449764013290405
2023-07-12 13:53:52.515093 - Epoc #	3950	 15.060376167297363
2023-07-12 13:54:09.056001 - Epoc #	3960	 16.540907859802246
2023-07-12 13:54:25.492793 - Epoc #	3970	 16.436792135238647
2023-07-12 13:54:40.224068 - Epoc #	3980	 14.731274843215942
2023-07-12 13:54:57.066349 - Epoc #	3990	 16.842281103134155
2023-07-12 13:55:12.411297 - Epoc #	4000	 15.344948053359985
2023-07-12 13:55:26.986938 - Epoc #	4010	 14.57564091682434
2023-07-12 13:55:41.719696 - Epoc #	4020	 14.732758045196533
2023-07-12 13:55:56.653180 - Epoc #	4030	 14.933483839035034
2023-07-12 13:56:11.165413 - Epoc #	4040	 14.512233018875122
2023-07-12 13:56:25.958662 - Epoc #	4050	 14.793249130249023
2023-07-12 13:56:40.314223 - Epoc #	4060	 14.355561017990112
2023-07-12 13:56:55.451845 - Epoc #	4070	 15.137621879577637
2023-07-12 13:57:10.683585 - Epoc #	4080	 15.23173999786377
2023-07-12 13:57:25.553268 - Epoc #	4090	 14.869683027267456
2023-07-12 13:57:42.535871 - Epoc #	4100	 16.982603073120117
2023-07-12 13:57:57.266943 - Epoc #	4110	 14.731071949005127
2023-07-12 13:58:12.138524 - Epoc #	4120	 14.871581077575684
2023-07-12 13:58:27.324070 - Epoc #	4130	 15.185545921325684
2023-07-12 13:58:42.084611 - Epoc #	4140	 14.760540962219238
2023-07-12 13:58:57.002519 - Epoc #	4150	 14.917907953262329
2023-07-12 13:59:11.973128 - Epoc #	4160	 14.970609188079834
2023-07-12 13:59:28.283890 - Epoc #	4170	 16.31076192855835
2023-07-12 13:59:43.814783 - Epoc #	4180	 15.530893087387085
2023-07-12 13:59:59.906857 - Epoc #	4190	 16.092073917388916
2023-07-12 14:00:14.810860 - Epoc #	4200	 14.904002904891968
2023-07-12 14:00:29.683889 - Epoc #	4210	 14.873028993606567
2023-07-12 14:00:44.587741 - Epoc #	4220	 14.903851985931396
2023-07-12 14:00:59.304465 - Epoc #	4230	 14.716724157333374
2023-07-12 14:01:14.303050 - Epoc #	4240	 14.998584985733032
2023-07-12 14:01:29.080474 - Epoc #	4250	 14.777423858642578
2023-07-12 14:01:44.669989 - Epoc #	4260	 15.589515209197998
2023-07-12 14:02:00.541976 - Epoc #	4270	 15.871986865997314
2023-07-12 14:02:15.896993 - Epoc #	4280	 15.355016946792603
2023-07-12 14:02:30.925452 - Epoc #	4290	 15.028459072113037
2023-07-12 14:02:46.564875 - Epoc #	4300	 15.63942289352417
2023-07-12 14:03:02.688381 - Epoc #	4310	 16.12350606918335
2023-07-12 14:03:18.168017 - Epoc #	4320	 15.479635953903198
2023-07-12 14:03:32.882788 - Epoc #	4330	 14.714771032333374
2023-07-12 14:03:48.130243 - Epoc #	4340	 15.24745512008667
2023-07-12 14:04:04.327451 - Epoc #	4350	 16.197207927703857
2023-07-12 14:04:19.417580 - Epoc #	4360	 15.090128898620605
2023-07-12 14:04:34.399007 - Epoc #	4370	 14.981427192687988
2023-07-12 14:04:49.736338 - Epoc #	4380	 15.33733081817627
2023-07-12 14:05:04.733750 - Epoc #	4390	 14.997412204742432
2023-07-12 14:05:19.854046 - Epoc #	4400	 15.120296001434326
2023-07-12 14:05:35.678752 - Epoc #	4410	 15.824705839157104
2023-07-12 14:05:50.817726 - Epoc #	4420	 15.138973951339722
2023-07-12 14:06:06.049982 - Epoc #	4430	 15.232256174087524
2023-07-12 14:06:20.985131 - Epoc #	4440	 14.93514895439148
2023-07-12 14:06:36.138374 - Epoc #	4450	 15.153243064880371
2023-07-12 14:06:40.828740 - Time between reward step: #	6097.461900949478
2023-07-12 14:06:40.828740 - Average Score: 19.00 Elapsed time: 1:41:39.622008
2023-07-12 14:06:51.010410 - Epoc #	4460	 14.87203598022461
2023-07-12 14:07:01.368906 - Time between reward step: #	6118.002067089081
2023-07-12 14:07:01.368906 - Average Score: 20.00 Elapsed time: 1:42:00.155450
2023-07-12 14:07:05.589888 - Epoc #	4470	 14.579478025436401
2023-07-12 14:07:20.211304 - Epoc #	4480	 14.621415853500366
2023-07-12 14:07:36.100207 - Epoc #	4490	 15.888903141021729
2023-07-12 14:07:52.440916 - Epoc #	4500	 16.34070897102356
2023-07-12 14:08:08.094782 - Epoc #	4510	 15.653866052627563
2023-07-12 14:08:24.310604 - Epoc #	4520	 16.215821981430054
2023-07-12 14:08:38.994551 - Epoc #	4530	 14.68394684791565
2023-07-12 14:08:53.760531 - Epoc #	4540	 14.765980005264282
2023-07-12 14:09:08.409025 - Epoc #	4550	 14.648494005203247
2023-07-12 14:09:23.310936 - Epoc #	4560	 14.90191102027893
2023-07-12 14:09:38.950335 - Epoc #	4570	 15.63939905166626
2023-07-12 14:09:53.772272 - Epoc #	4580	 14.821937084197998
2023-07-12 14:10:09.018214 - Epoc #	4590	 15.245941877365112
2023-07-12 14:10:23.984401 - Epoc #	4600	 14.966187000274658
2023-07-12 14:10:38.779121 - Epoc #	4610	 14.794719934463501
2023-07-12 14:10:54.795151 - Epoc #	4620	 16.016030073165894
2023-07-12 14:11:11.199375 - Epoc #	4630	 16.404223918914795
2023-07-12 14:11:30.371948 - Epoc #	4640	 19.17257308959961
2023-07-12 14:11:46.979846 - Epoc #	4650	 16.607897996902466
2023-07-12 14:12:01.324095 - Epoc #	4660	 14.34424901008606
2023-07-12 14:12:16.326549 - Epoc #	4670	 15.002454042434692
2023-07-12 14:12:31.294365 - Epoc #	4680	 14.96781587600708
2023-07-12 14:12:45.931525 - Epoc #	4690	 14.637160062789917
2023-07-12 14:13:01.076188 - Epoc #	4700	 15.144663095474243
2023-07-12 14:13:18.482979 - Epoc #	4710	 17.40679097175598
2023-07-12 14:13:33.981228 - Epoc #	4720	 15.498249053955078
2023-07-12 14:13:49.761673 - Epoc #	4730	 15.780444860458374
2023-07-12 14:14:06.249096 - Epoc #	4740	 16.487422943115234
2023-07-12 14:14:22.231889 - Epoc #	4750	 15.982793092727661
2023-07-12 14:14:36.791188 - Epoc #	4760	 14.559298992156982
2023-07-12 14:14:51.379575 - Epoc #	4770	 14.58838701248169
2023-07-12 14:15:08.629744 - Epoc #	4780	 17.250169038772583
2023-07-12 14:15:23.672326 - Epoc #	4790	 15.042582035064697
2023-07-12 14:15:40.186181 - Epoc #	4800	 16.51385498046875
2023-07-12 14:15:55.044312 - Epoc #	4810	 14.858130931854248
2023-07-12 14:16:10.011300 - Epoc #	4820	 14.96698808670044
2023-07-12 14:16:24.916240 - Epoc #	4830	 14.904939889907837
2023-07-12 14:16:40.054903 - Epoc #	4840	 15.138663053512573
2023-07-12 14:16:55.505038 - Epoc #	4850	 15.450134992599487
2023-07-12 14:16:58.663686 - Time between reward step: #	6715.296847105026
2023-07-12 14:16:58.663686 - Average Score: 21.00 Elapsed time: 1:51:57.443105
2023-07-12 14:17:11.048455 - Epoc #	4860	 15.543416976928711
2023-07-12 14:17:26.044332 - Epoc #	4870	 14.995877027511597
2023-07-12 14:17:29.093283 - Time between reward step: #	6745.726444005966
2023-07-12 14:17:29.093283 - Average Score: 22.00 Elapsed time: 1:52:27.883354
2023-07-12 14:17:41.461968 - Time between reward step: #	6758.0951290130615
2023-07-12 14:17:41.461968 - Average Score: 23.00 Elapsed time: 1:52:40.245710
2023-07-12 14:17:43.165852 - Time between reward step: #	6759.799013137817
2023-07-12 14:17:43.165852 - Average Score: 24.00 Elapsed time: 1:52:41.947558
2023-07-12 14:17:43.165852 - Epoc #	4880	 17.121520042419434
2023-07-12 14:17:59.833888 - Time between reward step: #	6776.467049121857
2023-07-12 14:17:59.833888 - Average Score: 25.00 Elapsed time: 1:52:58.619651
2023-07-12 14:17:59.833888 - Epoc #	4890	 16.668035984039307
2023-07-12 14:18:15.658048 - Epoc #	4900	 15.824159860610962
2023-07-12 14:18:30.685743 - Epoc #	4910	 15.027695178985596
2023-07-12 14:18:46.352930 - Epoc #	4920	 15.667186975479126
2023-07-12 14:19:01.169940 - Epoc #	4930	 14.817009925842285
2023-07-12 14:19:17.182526 - Epoc #	4940	 16.01258611679077
2023-07-12 14:19:32.600462 - Epoc #	4950	 15.417935848236084
2023-07-12 14:19:49.159946 - Epoc #	4960	 16.559484004974365
2023-07-12 14:20:04.626162 - Epoc #	4970	 15.466216087341309
2023-07-12 14:20:20.498795 - Epoc #	4980	 15.87263298034668
2023-07-12 14:20:35.731183 - Epoc #	4990	 15.232388019561768
2023-07-12 14:20:52.541624 - Epoc #	5000	 16.81044101715088
2023-07-12 14:21:08.791433 - Epoc #	5010	 16.24980902671814
2023-07-12 14:21:24.022360 - Epoc #	5020	 15.230926990509033
2023-07-12 14:21:38.829737 - Epoc #	5030	 14.807376861572266
2023-07-12 14:21:53.855284 - Epoc #	5040	 15.02554702758789
2023-07-12 14:22:09.117200 - Epoc #	5050	 15.261915922164917
2023-07-12 14:22:25.221816 - Epoc #	5060	 16.104616165161133
2023-07-12 14:22:40.794786 - Epoc #	5070	 15.572969913482666
2023-07-12 14:22:56.167944 - Epoc #	5080	 15.373157978057861
2023-07-12 14:23:12.092264 - Epoc #	5090	 15.924319982528687
2023-07-12 14:23:23.808828 - Time between reward step: #	7100.441989183426
2023-07-12 14:23:23.808828 - Average Score: 26.00 Elapsed time: 1:58:22.599251
2023-07-12 14:23:25.499261 - Time between reward step: #	7102.132421970367
2023-07-12 14:23:25.499261 - Average Score: 27.00 Elapsed time: 1:58:24.287560
2023-07-12 14:23:26.798829 - Epoc #	5100	 14.706565141677856
2023-07-12 14:23:45.119403 - Epoc #	5110	 18.320573806762695
2023-07-12 14:24:00.807439 - Epoc #	5120	 15.6880362033844
2023-07-12 14:24:15.696243 - Epoc #	5130	 14.888803958892822
2023-07-12 14:24:30.740710 - Epoc #	5140	 15.044466972351074
2023-07-12 14:24:46.004742 - Epoc #	5150	 15.264031887054443
2023-07-12 14:25:01.480770 - Epoc #	5160	 15.476028203964233
2023-07-12 14:25:18.057669 - Epoc #	5170	 16.57689881324768
2023-07-12 14:25:33.415578 - Epoc #	5180	 15.357908964157104
2023-07-12 14:25:49.738346 - Epoc #	5190	 16.322768211364746
2023-07-12 14:26:06.314512 - Epoc #	5200	 16.576165914535522
2023-07-12 14:26:21.898648 - Epoc #	5210	 15.584136009216309
2023-07-12 14:26:38.207678 - Epoc #	5220	 16.309030055999756
2023-07-12 14:26:56.231896 - Epoc #	5230	 18.0242178440094
2023-07-12 14:27:11.568173 - Epoc #	5240	 15.33627700805664
2023-07-12 14:27:28.310012 - Epoc #	5250	 16.741839170455933
2023-07-12 14:27:43.756427 - Epoc #	5260	 15.446414947509766
2023-07-12 14:27:58.653065 - Epoc #	5270	 14.896637916564941
2023-07-12 14:28:13.987940 - Epoc #	5280	 15.334875106811523
2023-07-12 14:28:29.650570 - Epoc #	5290	 15.662629842758179
2023-07-12 14:28:44.845742 - Epoc #	5300	 15.19517207145691
2023-07-12 14:29:01.109691 - Epoc #	5310	 16.263948917388916
2023-07-12 14:29:16.540592 - Epoc #	5320	 15.430901050567627
2023-07-12 14:29:33.735260 - Epoc #	5330	 17.19466805458069
2023-07-12 14:29:51.609996 - Time between reward step: #	7488.243157148361
2023-07-12 14:29:51.609996 - Average Score: 28.00 Elapsed time: 2:04:50.397962
2023-07-12 14:29:53.255520 - Epoc #	5340	 19.520260095596313
2023-07-12 14:30:09.604567 - Epoc #	5350	 16.3490469455719
2023-07-12 14:30:27.103123 - Epoc #	5360	 17.498555898666382
2023-07-12 14:30:44.584801 - Epoc #	5370	 17.481678009033203
2023-07-12 14:31:02.131705 - Epoc #	5380	 17.54690408706665
2023-07-12 14:31:18.686478 - Epoc #	5390	 16.55477285385132
2023-07-12 14:31:35.835246 - Epoc #	5400	 17.148768186569214
2023-07-12 14:31:52.406555 - Epoc #	5410	 16.571308851242065
2023-07-12 14:32:09.275257 - Epoc #	5420	 16.868702173233032
2023-07-12 14:32:26.512240 - Epoc #	5430	 17.236982822418213
2023-07-12 14:32:42.585845 - Epoc #	5440	 16.073605060577393
2023-07-12 14:33:03.066548 - Epoc #	5450	 20.480703115463257
2023-07-12 14:33:19.836416 - Epoc #	5460	 16.76986789703369
2023-07-12 14:33:35.782530 - Epoc #	5470	 15.94611406326294
2023-07-12 14:33:53.228700 - Epoc #	5480	 17.44616985321045
2023-07-12 14:34:10.474167 - Epoc #	5490	 17.24546718597412
2023-07-12 14:34:28.646314 - Epoc #	5500	 18.172146797180176
2023-07-12 14:34:45.482416 - Epoc #	5510	 16.83610200881958
2023-07-12 14:35:02.664502 - Epoc #	5520	 17.18208599090576
2023-07-12 14:35:19.103599 - Epoc #	5530	 16.4390971660614
2023-07-12 14:35:39.732209 - Epoc #	5540	 20.628609895706177
2023-07-12 14:35:57.131561 - Epoc #	5550	 17.399352073669434
2023-07-12 14:36:14.383201 - Epoc #	5560	 17.25163984298706
2023-07-12 14:36:31.746545 - Epoc #	5570	 17.363344192504883
2023-07-12 14:36:47.316793 - Epoc #	5580	 15.570247888565063
2023-07-12 14:37:02.576628 - Epoc #	5590	 15.259835004806519
2023-07-12 14:37:17.578885 - Epoc #	5600	 15.002257108688354
2023-07-12 14:37:32.802596 - Epoc #	5610	 15.223711013793945
2023-07-12 14:37:48.403576 - Epoc #	5620	 15.600979804992676
2023-07-12 14:38:04.393109 - Epoc #	5630	 15.989533185958862
2023-07-12 14:38:19.664641 - Epoc #	5640	 15.271531820297241
2023-07-12 14:38:36.421794 - Epoc #	5650	 16.757153034210205
2023-07-12 14:38:51.596222 - Epoc #	5660	 15.17442798614502
2023-07-12 14:39:06.915361 - Epoc #	5670	 15.319139003753662
2023-07-12 14:39:24.434592 - Epoc #	5680	 17.51923108100891
2023-07-12 14:39:39.266101 - Epoc #	5690	 14.831508874893188
2023-07-12 14:39:54.704617 - Epoc #	5700	 15.43851613998413
2023-07-12 14:40:09.962748 - Epoc #	5710	 15.25813102722168
2023-07-12 14:40:25.782375 - Epoc #	5720	 15.819627046585083
2023-07-12 14:40:43.088455 - Epoc #	5730	 17.306079864501953
2023-07-12 14:40:58.576693 - Epoc #	5740	 15.488238096237183
2023-07-12 14:41:13.688307 - Epoc #	5750	 15.111613988876343
2023-07-12 14:41:29.866235 - Epoc #	5760	 16.17792797088623
2023-07-12 14:41:45.764961 - Epoc #	5770	 15.898725986480713
2023-07-12 14:42:01.400382 - Epoc #	5780	 15.63542103767395
2023-07-12 14:42:16.454522 - Epoc #	5790	 15.054139852523804
2023-07-12 14:42:34.139227 - Epoc #	5800	 17.684705018997192
2023-07-12 14:42:49.362871 - Epoc #	5810	 15.223644018173218
2023-07-12 14:43:05.869426 - Epoc #	5820	 16.50655508041382
2023-07-12 14:43:21.689163 - Epoc #	5830	 15.819736957550049
2023-07-12 14:43:37.339133 - Epoc #	5840	 15.649970054626465
2023-07-12 14:43:55.775241 - Epoc #	5850	 18.436107873916626
2023-07-12 14:44:11.457921 - Epoc #	5860	 15.682680130004883
2023-07-12 14:44:27.918377 - Epoc #	5870	 16.460455894470215
2023-07-12 14:44:42.877629 - Epoc #	5880	 14.959252119064331
2023-07-12 14:44:58.057278 - Epoc #	5890	 15.179648876190186
2023-07-12 14:45:14.492593 - Epoc #	5900	 16.435315132141113
2023-07-12 14:45:32.081011 - Epoc #	5910	 17.588418006896973
2023-07-12 14:45:48.353603 - Epoc #	5920	 16.272591829299927
2023-07-12 14:46:04.000064 - Epoc #	5930	 15.646461009979248
2023-07-12 14:46:17.658854 - Epoc #	5940	 13.658790111541748
2023-07-12 14:46:30.384378 - Epoc #	5950	 12.725523948669434
2023-07-12 14:46:43.410696 - Epoc #	5960	 13.026318073272705
2023-07-12 14:46:59.002147 - Epoc #	5970	 15.591450929641724
2023-07-12 14:47:13.530956 - Epoc #	5980	 14.528809070587158
2023-07-12 14:47:26.888446 - Epoc #	5990	 13.357490062713623
2023-07-12 14:47:40.133362 - Time between reward step: #	8556.766523122787
2023-07-12 14:47:40.133362 - Average Score: 29.00 Elapsed time: 2:22:38.921159
2023-07-12 14:47:40.133362 - Epoc #	6000	 13.244915962219238
2023-07-12 14:47:47.854282 - Time between reward step: #	8564.487442970276
2023-07-12 14:47:47.854282 - Average Score: 30.00 Elapsed time: 2:22:46.642071
2023-07-12 14:47:49.294389 - Time between reward step: #	8565.927550077438
2023-07-12 14:47:49.294389 - Average Score: 31.00 Elapsed time: 2:22:48.080652
2023-07-12 14:47:53.221113 - Epoc #	6010	 13.087750911712646
2023-07-12 14:47:55.932035 - Time between reward step: #	8572.565196037292
2023-07-12 14:47:55.932035 - Average Score: 32.00 Elapsed time: 2:22:54.717171
2023-07-12 14:48:07.783756 - Epoc #	6020	 14.562643051147461
2023-07-12 14:48:21.146912 - Epoc #	6030	 13.363156080245972
2023-07-12 14:48:33.955480 - Epoc #	6040	 12.808568000793457
2023-07-12 14:48:47.216639 - Epoc #	6050	 13.26115894317627
2023-07-12 14:49:00.536399 - Epoc #	6060	 13.319759845733643
2023-07-12 14:49:14.017295 - Epoc #	6070	 13.48089599609375
2023-07-12 14:49:27.437793 - Epoc #	6080	 13.420498132705688
2023-07-12 14:49:41.234312 - Epoc #	6090	 13.796519041061401
2023-07-12 14:49:54.805261 - Epoc #	6100	 13.570948839187622
2023-07-12 14:50:08.127667 - Epoc #	6110	 13.32240605354309
2023-07-12 14:50:21.180296 - Epoc #	6120	 13.052628993988037
2023-07-12 14:50:26.660636 - Time between reward step: #	8723.293797016144
2023-07-12 14:50:26.660636 - Average Score: 33.00 Elapsed time: 2:25:25.439930
2023-07-12 14:50:28.149236 - Time between reward step: #	8724.782397031784
2023-07-12 14:50:28.149236 - Average Score: 34.00 Elapsed time: 2:25:26.940430
2023-07-12 14:50:33.378201 - Time between reward step: #	8730.011362075806
2023-07-12 14:50:33.378201 - Average Score: 35.00 Elapsed time: 2:25:32.166607
2023-07-12 14:50:34.709584 - Epoc #	6130	 13.529288053512573
2023-07-12 14:50:47.580969 - Epoc #	6140	 12.871385097503662
2023-07-12 14:51:01.201746 - Epoc #	6150	 13.620776891708374
2023-07-12 14:51:14.491953 - Epoc #	6160	 13.290206909179688
2023-07-12 14:51:20.353108 - Time between reward step: #	8776.986268997192
2023-07-12 14:51:20.353108 - Average Score: 36.00 Elapsed time: 2:26:19.134889
2023-07-12 14:51:24.596647 - Time between reward step: #	8781.229808092117
2023-07-12 14:51:24.596647 - Average Score: 37.00 Elapsed time: 2:26:23.380733
2023-07-12 14:51:25.943744 - Time between reward step: #	8782.57690501213
2023-07-12 14:51:25.943744 - Average Score: 38.00 Elapsed time: 2:26:24.734413
2023-07-12 14:51:28.509307 - Epoc #	6170	 14.017354011535645
2023-07-12 14:51:41.474811 - Epoc #	6180	 12.965504169464111
2023-07-12 14:51:54.823092 - Epoc #	6190	 13.348280906677246
2023-07-12 14:52:07.762145 - Epoc #	6200	 12.939053058624268
2023-07-12 14:52:22.236924 - Epoc #	6210	 14.474778890609741
2023-07-12 14:52:36.369181 - Epoc #	6220	 14.132256984710693
2023-07-12 14:52:49.413725 - Epoc #	6230	 13.044543981552124
2023-07-12 14:53:03.133430 - Epoc #	6240	 13.71970510482788
2023-07-12 14:53:16.501980 - Epoc #	6250	 13.368550062179565
2023-07-12 14:53:30.680180 - Epoc #	6260	 14.178200006484985
2023-07-12 14:53:44.965381 - Epoc #	6270	 14.285200834274292
2023-07-12 14:53:58.548879 - Epoc #	6280	 13.583498001098633
2023-07-12 14:54:11.880946 - Epoc #	6290	 13.332067012786865
2023-07-12 14:54:25.926242 - Epoc #	6300	 14.04529619216919
2023-07-12 14:54:39.323772 - Epoc #	6310	 13.39752984046936
2023-07-12 14:54:53.209637 - Epoc #	6320	 13.885864973068237
2023-07-12 14:55:06.713854 - Epoc #	6330	 13.504217147827148
2023-07-12 14:55:20.481160 - Epoc #	6340	 13.767305850982666
2023-07-12 14:55:33.956532 - Epoc #	6350	 13.475372076034546
2023-07-12 14:55:48.024257 - Epoc #	6360	 14.06772494316101
2023-07-12 14:56:01.629119 - Epoc #	6370	 13.604861974716187
2023-07-12 14:56:16.820227 - Epoc #	6380	 15.191107988357544
2023-07-12 14:56:31.183849 - Epoc #	6390	 14.363622188568115
2023-07-12 14:56:43.916377 - Epoc #	6400	 12.7325279712677
2023-07-12 14:56:59.006171 - Epoc #	6410	 15.089793920516968
2023-07-12 14:57:11.543773 - Epoc #	6420	 12.537601947784424
2023-07-12 14:57:26.300847 - Epoc #	6430	 14.757074117660522
2023-07-12 14:57:39.609711 - Epoc #	6440	 13.308863878250122
2023-07-12 14:57:52.201317 - Epoc #	6450	 12.591606140136719
2023-07-12 14:58:06.412316 - Epoc #	6460	 14.210999011993408
2023-07-12 14:58:20.350595 - Epoc #	6470	 13.938278913497925
2023-07-12 14:58:35.428183 - Epoc #	6480	 15.077588081359863
2023-07-12 14:58:48.740795 - Epoc #	6490	 13.312611818313599
2023-07-12 14:59:01.515107 - Time between reward step: #	9238.14826798439
2023-07-12 14:59:01.515107 - Average Score: 39.00 Elapsed time: 2:34:00.294311
2023-07-12 14:59:03.034959 - Time between reward step: #	9239.668120145798
2023-07-12 14:59:03.034959 - Average Score: 40.00 Elapsed time: 2:34:01.813855
2023-07-12 14:59:03.034959 - Epoc #	6500	 14.294164180755615
2023-07-12 14:59:07.122011 - Time between reward step: #	9243.755172014236
2023-07-12 14:59:07.122011 - Average Score: 41.00 Elapsed time: 2:34:05.900692
2023-07-12 14:59:08.657112 - Time between reward step: #	9245.290272951126
2023-07-12 14:59:08.657112 - Average Score: 42.00 Elapsed time: 2:34:07.435733
2023-07-12 14:59:10.140045 - Time between reward step: #	9246.77320599556
2023-07-12 14:59:10.140045 - Average Score: 43.00 Elapsed time: 2:34:08.919101
2023-07-12 14:59:16.952366 - Epoc #	6510	 13.917407035827637
2023-07-12 14:59:29.943947 - Epoc #	6520	 12.991580963134766
2023-07-12 14:59:43.651979 - Epoc #	6530	 13.70803189277649
2023-07-12 14:59:56.989494 - Epoc #	6540	 13.337515115737915
2023-07-12 15:00:09.869961 - Epoc #	6550	 12.880466938018799
2023-07-12 15:00:23.397035 - Epoc #	6560	 13.527073860168457
2023-07-12 15:00:35.465477 - Epoc #	6570	 12.068442106246948
2023-07-12 15:00:49.379461 - Epoc #	6580	 13.913984060287476
2023-07-12 15:01:04.690552 - Epoc #	6590	 15.31109094619751
2023-07-12 15:01:18.564468 - Epoc #	6600	 13.873915910720825
2023-07-12 15:01:31.790858 - Epoc #	6610	 13.22639012336731
2023-07-12 15:01:46.075093 - Epoc #	6620	 14.284235000610352
2023-07-12 15:02:00.572357 - Epoc #	6630	 14.49726390838623
2023-07-12 15:02:13.918706 - Epoc #	6640	 13.346349000930786
2023-07-12 15:02:27.021857 - Epoc #	6650	 13.103151082992554
2023-07-12 15:02:39.979164 - Epoc #	6660	 12.957306861877441
2023-07-12 15:02:53.098511 - Epoc #	6670	 13.119347095489502
2023-07-12 15:03:06.423673 - Epoc #	6680	 13.325161933898926
2023-07-12 15:03:19.891093 - Epoc #	6690	 13.467420101165771
2023-07-12 15:03:33.461320 - Epoc #	6700	 13.570226907730103
2023-07-12 15:03:45.978993 - Epoc #	6710	 12.517673015594482
2023-07-12 15:03:58.993548 - Epoc #	6720	 13.014554977416992
2023-07-12 15:04:12.398644 - Epoc #	6730	 13.405096054077148
2023-07-12 15:04:25.683523 - Epoc #	6740	 13.284878969192505
2023-07-12 15:04:39.263643 - Epoc #	6750	 13.580120086669922
2023-07-12 15:04:53.306613 - Epoc #	6760	 14.042969942092896
2023-07-12 15:05:06.497765 - Epoc #	6770	 13.191152095794678
2023-07-12 15:05:20.464332 - Epoc #	6780	 13.966567039489746
2023-07-12 15:05:34.999742 - Epoc #	6790	 14.535409927368164
2023-07-12 15:05:49.905564 - Epoc #	6800	 14.905822038650513
2023-07-12 15:06:04.634258 - Epoc #	6810	 14.728693962097168
2023-07-12 15:06:19.422285 - Epoc #	6820	 14.788027048110962
2023-07-12 15:06:34.790822 - Epoc #	6830	 15.368536949157715
2023-07-12 15:06:49.416906 - Epoc #	6840	 14.626084089279175
2023-07-12 15:07:03.289755 - Epoc #	6850	 13.872848987579346
2023-07-12 15:07:19.358073 - Epoc #	6860	 16.068317890167236
2023-07-12 15:07:34.045045 - Epoc #	6870	 14.68697190284729
2023-07-12 15:07:47.939805 - Epoc #	6880	 13.894760131835938
2023-07-12 15:08:01.925144 - Epoc #	6890	 13.985338926315308
2023-07-12 15:08:16.193716 - Epoc #	6900	 14.268572092056274
2023-07-12 15:08:29.907760 - Epoc #	6910	 13.714043855667114
2023-07-12 15:08:44.252568 - Epoc #	6920	 14.344808101654053
2023-07-12 15:08:58.065211 - Epoc #	6930	 13.812643051147461
2023-07-12 15:09:11.746470 - Epoc #	6940	 13.681258916854858
2023-07-12 15:09:26.005071 - Epoc #	6950	 14.257601022720337
2023-07-12 15:09:39.632119 - Epoc #	6960	 13.627048015594482
2023-07-12 15:09:52.593259 - Epoc #	6970	 12.961140155792236
2023-07-12 15:10:07.007379 - Epoc #	6980	 14.414119958877563
2023-07-12 15:10:21.064951 - Epoc #	6990	 14.05757188796997
2023-07-12 15:10:34.129983 - Epoc #	7000	 13.065032005310059
2023-07-12 15:10:48.436146 - Epoc #	7010	 14.30616307258606
2023-07-12 15:11:02.257973 - Epoc #	7020	 13.821826934814453
2023-07-12 15:11:10.637708 - Time between reward step: #	9967.270869016647
2023-07-12 15:11:10.637708 - Average Score: 44.00 Elapsed time: 2:46:09.417135
2023-07-12 15:11:12.134276 - Time between reward step: #	9968.767436981201
2023-07-12 15:11:12.134276 - Average Score: 45.00 Elapsed time: 2:46:10.912997
2023-07-12 15:11:16.353771 - Epoc #	7030	 14.095798015594482
2023-07-12 15:11:20.745828 - Time between reward step: #	9977.378988981247
2023-07-12 15:11:20.745828 - Average Score: 46.00 Elapsed time: 2:46:19.524789
2023-07-12 15:11:22.136841 - Time between reward step: #	9978.770002126694
2023-07-12 15:11:22.136841 - Average Score: 47.00 Elapsed time: 2:46:20.915621
2023-07-12 15:11:23.603021 - Time between reward step: #	9980.236181974411
2023-07-12 15:11:23.603021 - Average Score: 48.00 Elapsed time: 2:46:22.382382
2023-07-12 15:11:29.153759 - Time between reward step: #	9985.786920070648
2023-07-12 15:11:29.153759 - Average Score: 49.00 Elapsed time: 2:46:27.932976
2023-07-12 15:11:30.514669 - Epoc #	7040	 14.160897970199585
2023-07-12 15:11:44.224021 - Epoc #	7050	 13.709352016448975
2023-07-12 15:11:58.044752 - Epoc #	7060	 13.820730924606323
2023-07-12 15:12:12.381865 - Epoc #	7070	 14.33711314201355
2023-07-12 15:12:24.594519 - Epoc #	7080	 12.212653875350952
2023-07-12 15:12:38.519115 - Epoc #	7090	 13.924596071243286
2023-07-12 15:12:52.996265 - Epoc #	7100	 14.477149963378906
2023-07-12 15:13:05.926622 - Epoc #	7110	 12.930356979370117
2023-07-12 15:13:19.107732 - Epoc #	7120	 13.181110143661499
2023-07-12 15:13:31.746274 - Epoc #	7130	 12.63854193687439
2023-07-12 15:13:44.920058 - Epoc #	7140	 13.173784017562866
2023-07-12 15:13:58.534855 - Epoc #	7150	 13.614796876907349
2023-07-12 15:14:11.894690 - Epoc #	7160	 13.359835147857666
2023-07-12 15:14:25.512345 - Epoc #	7170	 13.617655038833618
2023-07-12 15:14:38.840725 - Epoc #	7180	 13.32837986946106
2023-07-12 15:14:52.757107 - Epoc #	7190	 13.916382074356079
2023-07-12 15:15:07.737175 - Epoc #	7200	 14.98006796836853
2023-07-12 15:15:20.778318 - Epoc #	7210	 13.04114294052124
2023-07-12 15:15:32.675106 - Epoc #	7220	 11.896788120269775
2023-07-12 15:15:45.660715 - Epoc #	7230	 12.98560905456543
2023-07-12 15:15:59.470895 - Epoc #	7240	 13.810179948806763
2023-07-12 15:16:12.446116 - Epoc #	7250	 12.975220918655396
2023-07-12 15:16:24.529069 - Epoc #	7260	 12.082952976226807
2023-07-12 15:16:36.797648 - Epoc #	7270	 12.268579006195068
2023-07-12 15:16:48.205501 - Epoc #	7280	 11.407853126525879
2023-07-12 15:16:59.772330 - Epoc #	7290	 11.566828966140747
2023-07-12 15:17:11.359764 - Epoc #	7300	 11.58743405342102
2023-07-12 15:17:23.400488 - Epoc #	7310	 12.04072380065918
2023-07-12 15:17:34.947792 - Epoc #	7320	 11.547304153442383
2023-07-12 15:17:46.106430 - Epoc #	7330	 11.158638000488281
2023-07-12 15:17:58.305387 - Epoc #	7340	 12.198956966400146
2023-07-12 15:18:12.599382 - Epoc #	7350	 14.293994903564453
2023-07-12 15:18:26.231861 - Epoc #	7360	 13.632479190826416
2023-07-12 15:18:39.842670 - Epoc #	7370	 13.610808849334717
2023-07-12 15:18:53.540351 - Epoc #	7380	 13.697680950164795
2023-07-12 15:19:07.237346 - Epoc #	7390	 13.69699501991272
2023-07-12 15:19:20.425333 - Epoc #	7400	 13.187987089157104
2023-07-12 15:19:33.805185 - Epoc #	7410	 13.379852056503296
2023-07-12 15:19:48.820350 - Epoc #	7420	 15.015164852142334
2023-07-12 15:20:02.302754 - Epoc #	7430	 13.482403993606567
2023-07-12 15:20:15.057256 - Epoc #	7440	 12.754502058029175
2023-07-12 15:20:26.847838 - Epoc #	7450	 11.790581941604614
2023-07-12 15:20:39.565916 - Epoc #	7460	 12.718078136444092
2023-07-12 15:20:53.674958 - Epoc #	7470	 14.109041929244995
2023-07-12 15:21:06.695612 - Epoc #	7480	 13.02065396308899
2023-07-12 15:21:19.695453 - Epoc #	7490	 12.99984097480774
2023-07-12 15:21:32.243234 - Epoc #	7500	 12.547780990600586
2023-07-12 15:21:46.211064 - Epoc #	7510	 13.967830181121826
2023-07-12 15:22:00.012998 - Epoc #	7520	 13.801934003829956
2023-07-12 15:22:14.424686 - Epoc #	7530	 14.411687850952148
2023-07-12 15:22:26.816441 - Epoc #	7540	 12.391755104064941
2023-07-12 15:22:40.517111 - Epoc #	7550	 13.700670003890991
2023-07-12 15:22:54.312646 - Epoc #	7560	 13.79553484916687
2023-07-12 15:23:07.269096 - Epoc #	7570	 12.95644998550415
2023-07-12 15:23:20.047717 - Epoc #	7580	 12.778621196746826
2023-07-12 15:23:32.492734 - Epoc #	7590	 12.445016860961914
2023-07-12 15:23:46.227937 - Epoc #	7600	 13.73520302772522
2023-07-12 15:24:00.945461 - Epoc #	7610	 14.71752405166626
2023-07-12 15:24:15.122331 - Epoc #	7620	 14.176869869232178
2023-07-12 15:24:29.282316 - Epoc #	7630	 14.159985065460205
2023-07-12 15:24:43.112875 - Epoc #	7640	 13.830559015274048
2023-07-12 15:24:55.779430 - Epoc #	7650	 12.666554927825928
2023-07-12 15:25:10.076163 - Epoc #	7660	 14.296733140945435
2023-07-12 15:25:23.672223 - Epoc #	7670	 13.596060037612915
2023-07-12 15:25:37.087217 - Epoc #	7680	 13.41499400138855
2023-07-12 15:25:50.367774 - Epoc #	7690	 13.280556917190552
2023-07-12 15:26:04.305423 - Epoc #	7700	 13.937649011611938
2023-07-12 15:26:18.784512 - Epoc #	7710	 14.47908902168274
2023-07-12 15:26:30.788015 - Epoc #	7720	 12.00350284576416
2023-07-12 15:26:45.527695 - Epoc #	7730	 14.739680051803589
2023-07-12 15:26:59.354205 - Epoc #	7740	 13.826509952545166
2023-07-12 15:27:12.338224 - Epoc #	7750	 12.984019041061401
2023-07-12 15:27:25.379384 - Epoc #	7760	 13.041160106658936
2023-07-12 15:27:38.999377 - Epoc #	7770	 13.619992971420288
2023-07-12 15:27:50.941841 - Epoc #	7780	 11.942463874816895
2023-07-12 15:28:02.850942 - Epoc #	7790	 11.909101009368896
2023-07-12 15:28:15.447549 - Epoc #	7800	 12.596607208251953
2023-07-12 15:28:29.532765 - Epoc #	7810	 14.08521580696106
2023-07-12 15:28:43.082808 - Epoc #	7820	 13.550043106079102
2023-07-12 15:28:55.257985 - Epoc #	7830	 12.175177097320557
2023-07-12 15:29:07.657616 - Epoc #	7840	 12.399630784988403
2023-07-12 15:29:20.834566 - Epoc #	7850	 13.176950216293335
2023-07-12 15:29:33.226818 - Epoc #	7860	 12.392251968383789
2023-07-12 15:29:46.040308 - Epoc #	7870	 12.81348991394043
2023-07-12 15:29:59.698340 - Epoc #	7880	 13.658031940460205
2023-07-12 15:30:12.497575 - Epoc #	7890	 12.799235105514526
2023-07-12 15:30:24.978081 - Epoc #	7900	 12.48050594329834
2023-07-12 15:30:39.427948 - Epoc #	7910	 14.449867010116577
2023-07-12 15:30:52.568663 - Epoc #	7920	 13.140714883804321
2023-07-12 15:31:05.472269 - Epoc #	7930	 12.903606176376343
2023-07-12 11:31:18.512292 - Epoc #	7940	 -14386.959977149963
2023-07-12 11:31:31.667375 - Epoc #	7950	 13.155083179473877
2023-07-12 11:31:44.712853 - Epoc #	7960	 13.045477867126465
2023-07-12 11:31:57.370611 - Epoc #	7970	 12.657757997512817
2023-07-12 11:32:12.158566 - Epoc #	7980	 14.787955045700073
2023-07-12 11:32:25.721567 - Epoc #	7990	 13.563000917434692
2023-07-12 11:32:39.516190 - Epoc #	8000	 13.794623136520386
2023-07-12 11:32:52.090014 - Epoc #	8010	 12.573823928833008
2023-07-12 11:33:05.384346 - Epoc #	8020	 13.294332027435303
2023-07-12 11:33:19.228445 - Epoc #	8030	 13.844099044799805
2023-07-12 11:33:33.116993 - Epoc #	8040	 13.888547897338867
2023-07-12 11:33:46.843283 - Epoc #	8050	 13.726289987564087
2023-07-12 11:33:59.845515 - Epoc #	8060	 13.002232074737549
2023-07-12 11:34:14.519674 - Epoc #	8070	 14.674159049987793
2023-07-12 11:34:28.392492 - Epoc #	8080	 13.872817993164062
2023-07-12 11:34:42.351798 - Epoc #	8090	 13.959306001663208
2023-07-12 11:34:56.443492 - Epoc #	8100	 14.091693878173828
2023-07-12 11:35:09.706615 - Epoc #	8110	 13.263123035430908
2023-07-12 11:35:23.498877 - Epoc #	8120	 13.792262077331543
2023-07-12 11:35:37.066029 - Epoc #	8130	 13.56715202331543
2023-07-12 11:35:51.200075 - Epoc #	8140	 14.134045839309692
2023-07-12 11:36:05.135059 - Epoc #	8150	 13.93498420715332
2023-07-12 11:36:18.235801 - Epoc #	8160	 13.100741863250732
2023-07-12 11:36:31.742332 - Epoc #	8170	 13.506531000137329
2023-07-12 11:36:45.065119 - Epoc #	8180	 13.322787046432495
2023-07-12 11:36:58.768277 - Epoc #	8190	 13.703157901763916
2023-07-12 11:37:13.307441 - Epoc #	8200	 14.539164066314697
2023-07-12 11:37:26.980164 - Epoc #	8210	 13.672723054885864
2023-07-12 11:37:41.386673 - Epoc #	8220	 14.406508922576904
2023-07-12 11:37:55.584963 - Epoc #	8230	 14.1982901096344
2023-07-12 11:38:09.277006 - Epoc #	8240	 13.692042827606201
2023-07-12 11:38:22.552407 - Epoc #	8250	 13.27540111541748
2023-07-12 11:38:36.096192 - Epoc #	8260	 13.543784856796265
2023-07-12 11:38:50.090994 - Epoc #	8270	 13.994801998138428
2023-07-12 11:39:03.828783 - Epoc #	8280	 13.737789154052734
2023-07-12 11:39:17.557088 - Epoc #	8290	 13.728304862976074
2023-07-12 11:39:31.141107 - Epoc #	8300	 13.584019184112549
2023-07-12 11:39:44.357766 - Epoc #	8310	 13.2166588306427
2023-07-12 11:39:58.219000 - Epoc #	8320	 13.861234188079834
2023-07-12 11:40:12.508548 - Epoc #	8330	 14.28954792022705
2023-07-12 11:40:26.568351 - Epoc #	8340	 14.059803009033203
2023-07-12 11:40:40.975704 - Epoc #	8350	 14.407352924346924
2023-07-12 11:40:54.586672 - Epoc #	8360	 13.610968112945557
2023-07-12 11:41:07.496096 - Epoc #	8370	 12.909423828125
2023-07-12 11:41:21.458991 - Epoc #	8380	 13.962895154953003
2023-07-12 11:41:34.799526 - Epoc #	8390	 13.340534925460815
2023-07-12 11:41:48.396918 - Epoc #	8400	 13.597392082214355
2023-07-12 11:42:01.973114 - Epoc #	8410	 13.57619595527649
2023-07-12 11:42:15.825788 - Epoc #	8420	 13.852674007415771
2023-07-12 11:42:29.448993 - Time between reward step: #	-2553.9178459644318
2023-07-12 11:42:29.448993 - Average Score: 50.00 Elapsed time: 3:17:28.275881
2023-07-12 11:42:29.448993 - Epoc #	8430	 13.623204946517944
2023-07-12 11:42:32.345858 - Time between reward step: #	-2551.020980834961
2023-07-12 11:42:32.345858 - Average Score: 51.00 Elapsed time: 3:17:31.176804
2023-07-12 11:42:43.713645 - Epoc #	8440	 14.264652013778687
2023-07-12 11:42:46.671035 - Time between reward step: #	-2536.6958038806915
2023-07-12 11:42:46.671035 - Average Score: 52.00 Elapsed time: 3:17:45.501624
2023-07-12 11:42:57.157072 - Epoc #	8450	 13.443427085876465
2023-07-12 11:43:11.076414 - Epoc #	8460	 13.919342041015625
2023-07-12 11:43:15.259909 - Time between reward step: #	-2508.1069300174713
2023-07-12 11:43:15.259909 - Average Score: 53.00 Elapsed time: 3:18:14.096131
2023-07-12 11:43:24.464675 - Epoc #	8470	 13.388260841369629
2023-07-12 11:43:38.003984 - Epoc #	8480	 13.539309024810791
2023-07-12 11:43:51.612453 - Epoc #	8490	 13.608469009399414
2023-07-12 11:44:06.121981 - Epoc #	8500	 14.509527921676636
2023-07-12 11:44:20.287461 - Epoc #	8510	 14.165480136871338
2023-07-12 11:44:33.953256 - Epoc #	8520	 13.665794849395752
2023-07-12 11:44:47.990792 - Epoc #	8530	 14.037536144256592
2023-07-12 11:45:01.718176 - Epoc #	8540	 13.727383852005005
2023-07-12 11:45:15.508310 - Epoc #	8550	 13.790134191513062
2023-07-12 11:45:29.348411 - Epoc #	8560	 13.84010100364685
2023-07-12 11:45:42.921625 - Epoc #	8570	 13.573213815689087
2023-07-12 11:45:56.508240 - Epoc #	8580	 13.586615085601807
2023-07-12 11:46:09.530960 - Epoc #	8590	 13.022720098495483
2023-07-12 11:46:23.765399 - Epoc #	8600	 14.2344388961792
2023-07-12 11:46:37.650096 - Epoc #	8610	 13.884696960449219
2023-07-12 11:46:51.211650 - Epoc #	8620	 13.561553955078125
2023-07-12 11:47:04.413700 - Epoc #	8630	 13.20205020904541
2023-07-12 11:47:17.736848 - Epoc #	8640	 13.323148012161255
2023-07-12 11:47:31.213874 - Epoc #	8650	 13.477025985717773
2023-07-12 11:47:45.178889 - Epoc #	8660	 13.965014934539795
2023-07-12 11:47:58.598171 - Epoc #	8670	 13.419281959533691
2023-07-12 11:48:12.670060 - Epoc #	8680	 14.07188892364502
2023-07-12 11:48:26.701353 - Epoc #	8690	 14.031293153762817
2023-07-12 11:48:40.397360 - Epoc #	8700	 13.696007013320923
2023-07-12 11:48:54.314139 - Epoc #	8710	 13.916778802871704
2023-07-12 11:49:07.681114 - Epoc #	8720	 13.36697506904602
2023-07-12 11:49:18.371359 - Time between reward step: #	-2144.995479822159
2023-07-12 11:49:18.371359 - Average Score: 54.00 Elapsed time: 3:24:17.203661
2023-07-12 11:49:19.733224 - Time between reward step: #	-2143.6336150169373
2023-07-12 11:49:19.733224 - Average Score: 55.00 Elapsed time: 3:24:18.567877
2023-07-12 11:49:21.190312 - Epoc #	8730	 13.50919795036316
2023-07-12 11:49:31.167427 - Time between reward step: #	-2132.199411869049
2023-07-12 11:49:31.167427 - Average Score: 56.00 Elapsed time: 3:24:30.001326
2023-07-12 11:49:32.591307 - Time between reward step: #	-2130.7755320072174
2023-07-12 11:49:32.591307 - Average Score: 57.00 Elapsed time: 3:24:31.416892
2023-07-12 11:49:35.298865 - Epoc #	8740	 14.108553171157837
2023-07-12 11:49:36.707690 - Time between reward step: #	-2126.6591489315033
2023-07-12 11:49:36.707690 - Average Score: 58.00 Elapsed time: 3:24:35.546163
2023-07-12 11:49:38.116772 - Time between reward step: #	-2125.2500669956207
2023-07-12 11:49:38.116772 - Average Score: 59.00 Elapsed time: 3:24:36.950325
2023-07-12 11:49:48.651444 - Epoc #	8750	 13.35257887840271
2023-07-12 11:50:02.097614 - Epoc #	8760	 13.446170091629028
2023-07-12 11:50:17.346590 - Epoc #	8770	 15.248975992202759
2023-07-12 11:50:30.472332 - Epoc #	8780	 13.125741958618164
2023-07-12 11:50:43.788461 - Epoc #	8790	 13.316128969192505
2023-07-12 11:50:57.095596 - Epoc #	8800	 13.307135105133057
2023-07-12 11:51:10.841333 - Epoc #	8810	 13.745736837387085
2023-07-12 11:51:23.969633 - Epoc #	8820	 13.128300189971924
2023-07-12 11:51:37.569017 - Epoc #	8830	 13.59938383102417
2023-07-12 11:51:51.074400 - Epoc #	8840	 13.505383014678955
2023-07-12 11:52:04.338253 - Epoc #	8850	 13.263853073120117
2023-07-12 11:52:17.750747 - Epoc #	8860	 13.41249394416809
2023-07-12 11:52:31.115954 - Epoc #	8870	 13.365206956863403
2023-07-12 11:52:44.359022 - Epoc #	8880	 13.243067979812622
2023-07-12 11:52:58.055589 - Epoc #	8890	 13.696567058563232
2023-07-12 11:53:12.114181 - Epoc #	8900	 14.058592081069946
2023-07-12 11:53:25.685033 - Epoc #	8910	 13.570852041244507
2023-07-12 11:53:39.944081 - Epoc #	8920	 14.259047985076904
2023-07-12 11:53:53.320344 - Epoc #	8930	 13.376262903213501
2023-07-12 11:54:06.876027 - Epoc #	8940	 13.555683135986328
2023-07-12 11:54:20.173795 - Epoc #	8950	 13.297767877578735
2023-07-12 11:54:33.746036 - Epoc #	8960	 13.572241067886353
2023-07-12 11:54:47.019033 - Epoc #	8970	 13.27299690246582
2023-07-12 11:55:00.970394 - Epoc #	8980	 13.951360940933228
2023-07-12 11:55:14.069842 - Epoc #	8990	 13.099448204040527
2023-07-12 11:55:27.454500 - Epoc #	9000	 13.384657859802246
2023-07-12 11:55:40.367258 - Epoc #	9010	 12.912758111953735
2023-07-12 11:55:54.302876 - Epoc #	9020	 13.935617923736572
2023-07-12 11:56:08.285368 - Epoc #	9030	 13.982491970062256
2023-07-12 11:56:21.904107 - Epoc #	9040	 13.618739128112793
2023-07-12 11:56:35.790499 - Epoc #	9050	 13.886391878128052
2023-07-12 11:56:49.081689 - Epoc #	9060	 13.291189908981323
2023-07-12 11:57:03.216108 - Epoc #	9070	 14.134419202804565
2023-07-12 11:57:16.573460 - Epoc #	9080	 13.357352018356323
2023-07-12 11:57:21.769375 - Time between reward step: #	-1661.5974638462067
2023-07-12 11:57:21.769375 - Average Score: 60.00 Elapsed time: 3:32:20.606957
2023-07-12 11:57:30.179551 - Time between reward step: #	-1653.1872880458832
2023-07-12 11:57:30.179551 - Average Score: 61.00 Elapsed time: 3:32:29.010236
2023-07-12 11:57:30.179551 - Epoc #	9090	 13.606090784072876
2023-07-12 11:57:37.332639 - Time between reward step: #	-1646.0341999530792
2023-07-12 11:57:37.332639 - Average Score: 62.00 Elapsed time: 3:32:36.163793
2023-07-12 11:57:44.327574 - Epoc #	9100	 14.148023128509521
2023-07-12 11:57:57.931957 - Epoc #	9110	 13.604382991790771
2023-07-12 11:58:11.343883 - Epoc #	9120	 13.411926031112671
2023-07-12 11:58:25.588081 - Epoc #	9130	 14.244197845458984
2023-07-12 11:58:39.191835 - Epoc #	9140	 13.603754043579102
2023-07-12 11:58:53.968347 - Epoc #	9150	 14.776512145996094
2023-07-12 11:59:07.735569 - Epoc #	9160	 13.767221927642822
2023-07-12 11:59:21.497942 - Epoc #	9170	 13.762372970581055
2023-07-12 11:59:34.913688 - Epoc #	9180	 13.415745973587036
2023-07-12 11:59:48.515487 - Epoc #	9190	 13.601799011230469
2023-07-12 12:00:02.071840 - Epoc #	9200	 13.556353092193604
2023-07-12 12:00:15.743617 - Epoc #	9210	 13.67177700996399
2023-07-12 12:00:29.472387 - Epoc #	9220	 13.728770017623901
2023-07-12 12:00:30.943410 - Time between reward step: #	-1472.4234290122986
2023-07-12 12:00:30.943410 - Average Score: 63.00 Elapsed time: 3:35:29.778659
2023-07-12 12:00:43.374223 - Epoc #	9230	 13.901835918426514
2023-07-12 12:00:57.085927 - Epoc #	9240	 13.711704015731812
2023-07-12 12:01:10.565807 - Epoc #	9250	 13.479880094528198
2023-07-12 12:01:24.344591 - Epoc #	9260	 13.778783798217773
2023-07-12 12:01:38.149914 - Epoc #	9270	 13.805323123931885
2023-07-12 12:01:51.693607 - Epoc #	9280	 13.54369306564331
2023-07-12 12:02:05.522021 - Epoc #	9290	 13.828413963317871
2023-07-12 12:02:18.905424 - Epoc #	9300	 13.383403062820435
2023-07-12 12:02:32.382159 - Epoc #	9310	 13.47673487663269
2023-07-12 12:02:45.719195 - Epoc #	9320	 13.337035894393921
2023-07-12 12:02:58.926206 - Epoc #	9330	 13.207011222839355
2023-07-12 12:03:12.770351 - Epoc #	9340	 13.844144821166992
2023-07-12 12:03:26.312295 - Epoc #	9350	 13.541944026947021
2023-07-12 12:03:40.010877 - Epoc #	9360	 13.69858193397522
2023-07-12 12:03:53.532057 - Epoc #	9370	 13.521180152893066
2023-07-12 12:04:07.103138 - Epoc #	9380	 13.571080923080444
2023-07-12 12:04:21.001818 - Epoc #	9390	 13.898679971694946
2023-07-12 12:04:34.621136 - Epoc #	9400	 13.619318008422852
2023-07-12 12:04:48.356827 - Epoc #	9410	 13.73569107055664
2023-07-12 12:05:01.943421 - Epoc #	9420	 13.586593866348267
2023-07-12 12:05:15.356953 - Epoc #	9430	 13.413532018661499
2023-07-12 12:05:28.962708 - Epoc #	9440	 13.605755090713501
2023-07-12 12:05:42.369005 - Epoc #	9450	 13.406296968460083
2023-07-12 12:05:55.724094 - Epoc #	9460	 13.355088949203491
2023-07-12 12:06:09.899448 - Epoc #	9470	 14.17535400390625
2023-07-12 12:06:23.411043 - Epoc #	9480	 13.511595010757446
2023-07-12 12:06:37.093141 - Epoc #	9490	 13.682098150253296
2023-07-12 12:06:51.027954 - Epoc #	9500	 13.934813022613525
2023-07-12 12:07:04.771904 - Epoc #	9510	 13.743949890136719
2023-07-12 12:07:18.647446 - Epoc #	9520	 13.875541925430298
2023-07-12 12:07:32.175178 - Epoc #	9530	 13.527732133865356
2023-07-12 12:07:45.671711 - Epoc #	9540	 13.496532917022705
2023-07-12 12:07:59.434501 - Epoc #	9550	 13.762789964675903
2023-07-12 12:08:13.134487 - Epoc #	9560	 13.699985980987549
2023-07-12 12:08:15.749268 - Time between reward step: #	-1007.6175708770752
2023-07-12 12:08:15.749268 - Average Score: 64.00 Elapsed time: 3:43:14.585120
2023-07-12 12:08:26.644310 - Epoc #	9570	 13.509823083877563
2023-07-12 12:08:40.437662 - Epoc #	9580	 13.793351888656616
2023-07-12 12:08:50.095433 - Time between reward step: #	-973.2714059352875
2023-07-12 12:08:50.095433 - Average Score: 65.00 Elapsed time: 3:43:48.925452
2023-07-12 12:08:54.371583 - Epoc #	9590	 13.933921098709106
2023-07-12 12:09:08.024238 - Epoc #	9600	 13.652655124664307
2023-07-12 12:09:21.389226 - Epoc #	9610	 13.364987850189209
2023-07-12 12:09:34.775852 - Epoc #	9620	 13.38662600517273
2023-07-12 12:09:49.218823 - Epoc #	9630	 14.442970991134644
2023-07-12 12:10:03.448633 - Epoc #	9640	 14.229809999465942
2023-07-12 12:10:17.421550 - Epoc #	9650	 13.972917079925537
2023-07-12 12:10:31.230122 - Epoc #	9660	 13.808572053909302
2023-07-12 12:10:44.718712 - Epoc #	9670	 13.488590002059937
2023-07-12 12:10:58.405479 - Epoc #	9680	 13.686766862869263
2023-07-12 12:11:12.148602 - Epoc #	9690	 13.743123054504395
2023-07-12 12:11:25.627459 - Epoc #	9700	 13.478857040405273
2023-07-12 12:11:39.156992 - Epoc #	9710	 13.52953290939331
2023-07-12 12:11:53.154100 - Epoc #	9720	 13.997107982635498
2023-07-12 12:12:06.430989 - Epoc #	9730	 13.276889085769653
2023-07-12 12:12:19.927097 - Epoc #	9740	 13.496108055114746
2023-07-12 12:12:33.419102 - Epoc #	9750	 13.492004871368408
2023-07-12 12:12:47.250911 - Epoc #	9760	 13.831809043884277
2023-07-12 12:13:00.996449 - Epoc #	9770	 13.745537996292114
2023-07-12 12:13:14.322813 - Epoc #	9780	 13.326364040374756
2023-07-12 12:13:28.146541 - Epoc #	9790	 13.823728084564209
2023-07-12 12:13:41.871691 - Epoc #	9800	 13.725149869918823
2023-07-12 12:13:55.761651 - Epoc #	9810	 13.889960050582886
2023-07-12 12:14:09.634642 - Epoc #	9820	 13.872990846633911
2023-07-12 12:14:23.703178 - Epoc #	9830	 14.068536043167114
2023-07-12 12:14:37.924074 - Epoc #	9840	 14.220896005630493
2023-07-12 12:14:51.495399 - Epoc #	9850	 13.571325063705444
2023-07-12 12:15:05.741149 - Epoc #	9860	 14.245749950408936
2023-07-12 12:15:19.577365 - Epoc #	9870	 13.83621597290039
2023-07-12 12:15:32.616692 - Epoc #	9880	 13.039327144622803
2023-07-12 12:15:46.502342 - Epoc #	9890	 13.885649919509888
2023-07-12 12:16:00.136599 - Epoc #	9900	 13.634257078170776
2023-07-12 12:16:14.245618 - Epoc #	9910	 14.109019041061401
2023-07-12 12:16:27.410510 - Epoc #	9920	 13.164891958236694
2023-07-12 12:16:41.367332 - Epoc #	9930	 13.956821918487549
2023-07-12 12:16:55.708752 - Epoc #	9940	 14.34141993522644
2023-07-12 12:17:09.546450 - Epoc #	9950	 13.837697982788086
2023-07-12 12:17:23.302786 - Epoc #	9960	 13.756336212158203
2023-07-12 12:17:37.043841 - Epoc #	9970	 13.741054773330688
2023-07-12 12:17:51.006711 - Epoc #	9980	 13.962870121002197
2023-07-12 12:18:04.592506 - Epoc #	9990	 13.585794925689697
2023-07-12 12:18:18.633805 - Epoc #	10000	 14.041299104690552
2023-07-12 12:18:32.571368 - Epoc #	10010	 13.937562942504883
2023-07-12 12:18:46.228899 - Epoc #	10020	 13.657531023025513
2023-07-12 12:19:00.448436 - Epoc #	10030	 14.219537019729614
2023-07-12 12:19:13.944817 - Epoc #	10040	 13.496381044387817
2023-07-12 12:19:28.004481 - Epoc #	10050	 14.059664011001587
2023-07-12 12:19:41.923715 - Epoc #	10060	 13.919234037399292
2023-07-12 12:19:55.997573 - Epoc #	10070	 14.07385778427124
2023-07-12 12:20:09.718146 - Epoc #	10080	 13.72057318687439
2023-07-12 12:20:23.412570 - Epoc #	10090	 13.694423913955688
2023-07-12 12:20:36.673992 - Epoc #	10100	 13.261421918869019
2023-07-12 12:20:50.198097 - Epoc #	10110	 13.524105072021484
2023-07-12 12:21:03.290417 - Epoc #	10120	 13.092319965362549
2023-07-12 12:21:16.942795 - Epoc #	10130	 13.65237808227539
2023-07-12 12:21:30.582348 - Epoc #	10140	 13.63955307006836
2023-07-12 12:21:44.311914 - Epoc #	10150	 13.729565858840942
2023-07-12 12:21:57.550762 - Epoc #	10160	 13.238847970962524
2023-07-12 12:22:11.450366 - Epoc #	10170	 13.899604082107544
2023-07-12 12:22:25.786027 - Epoc #	10180	 14.335660934448242
2023-07-12 12:22:39.521960 - Epoc #	10190	 13.735933065414429
2023-07-12 12:22:53.728180 - Epoc #	10200	 14.206219911575317
2023-07-12 12:23:07.420071 - Epoc #	10210	 13.691890954971313
2023-07-12 12:23:21.444304 - Epoc #	10220	 14.024233102798462
2023-07-12 12:23:35.217178 - Epoc #	10230	 13.772874116897583
2023-07-12 12:23:50.503794 - Epoc #	10240	 15.28661584854126
2023-07-12 12:24:04.213522 - Epoc #	10250	 13.709728002548218
2023-07-12 12:24:17.844142 - Epoc #	10260	 13.630620002746582
2023-07-12 12:24:32.213067 - Epoc #	10270	 14.368925094604492
2023-07-12 12:24:46.453913 - Epoc #	10280	 14.240845918655396
2023-07-12 12:25:00.875128 - Epoc #	10290	 14.421215057373047
2023-07-12 12:25:14.765113 - Epoc #	10300	 13.889985084533691
2023-07-12 12:25:28.866405 - Epoc #	10310	 14.10129189491272
2023-07-12 12:25:43.497642 - Epoc #	10320	 14.631237030029297
2023-07-12 12:25:58.811994 - Epoc #	10330	 15.314352035522461
2023-07-12 12:26:01.614306 - Time between reward step: #	58.247467041015625
2023-07-12 12:26:01.614306 - Average Score: 66.00 Elapsed time: 4:01:00.443093
2023-07-12 12:26:03.054011 - Time between reward step: #	59.687172174453735
2023-07-12 12:26:03.054011 - Average Score: 67.00 Elapsed time: 4:01:01.889036
2023-07-12 12:26:12.525952 - Epoc #	10340	 13.713958024978638
2023-07-12 12:26:25.843927 - Epoc #	10350	 13.31797480583191
2023-07-12 12:26:39.912992 - Epoc #	10360	 14.06906509399414
2023-07-12 12:26:53.653729 - Epoc #	10370	 13.740736961364746
2023-07-12 12:27:07.594404 - Epoc #	10380	 13.940675020217896
2023-07-12 12:27:20.945348 - Epoc #	10390	 13.35094404220581
2023-07-12 12:27:34.694159 - Epoc #	10400	 13.74881100654602
2023-07-12 12:27:47.701610 - Epoc #	10410	 13.007451057434082
2023-07-12 12:28:01.506467 - Epoc #	10420	 13.804857015609741
2023-07-12 12:28:15.036387 - Epoc #	10430	 13.529919862747192
2023-07-12 12:28:28.904635 - Epoc #	10440	 13.868247985839844
2023-07-12 12:28:42.876263 - Epoc #	10450	 13.971627950668335
2023-07-12 12:28:57.199468 - Epoc #	10460	 14.32320499420166
2023-07-12 12:29:11.179898 - Epoc #	10470	 13.980430126190186
2023-07-12 12:29:25.250399 - Epoc #	10480	 14.07050108909607
2023-07-12 12:29:38.831147 - Epoc #	10490	 13.580747842788696
2023-07-12 12:29:52.763231 - Epoc #	10500	 13.932084083557129
2023-07-12 12:30:06.716647 - Epoc #	10510	 13.953415870666504
2023-07-12 12:30:20.454421 - Epoc #	10520	 13.737774133682251
2023-07-12 12:30:34.038307 - Epoc #	10530	 13.583885908126831
2023-07-12 12:30:48.797264 - Epoc #	10540	 14.758957147598267
2023-07-12 12:31:02.542260 - Epoc #	10550	 13.744995832443237
2023-07-12 12:31:17.014058 - Epoc #	10560	 14.471798181533813
2023-07-12 12:31:30.660092 - Epoc #	10570	 13.646034002304077
2023-07-12 12:31:44.659333 - Epoc #	10580	 13.99924087524414
2023-07-12 12:31:58.739691 - Epoc #	10590	 14.080358028411865
2023-07-12 12:32:12.109179 - Epoc #	10600	 13.369488000869751
2023-07-12 12:32:26.157586 - Epoc #	10610	 14.048407077789307
2023-07-12 12:32:40.125187 - Epoc #	10620	 13.96760082244873
2023-07-12 12:32:53.994462 - Epoc #	10630	 13.869275093078613
2023-07-12 12:33:07.797853 - Epoc #	10640	 13.803390979766846
2023-07-12 12:33:22.083682 - Epoc #	10650	 14.285829067230225
2023-07-12 12:33:35.639378 - Epoc #	10660	 13.5556960105896
2023-07-12 12:33:50.318362 - Epoc #	10670	 14.678983926773071
2023-07-12 12:34:04.247902 - Epoc #	10680	 13.929539918899536
2023-07-12 12:34:18.911151 - Epoc #	10690	 14.663249015808105
2023-07-12 12:34:33.571354 - Epoc #	10700	 14.660202980041504
2023-07-12 12:34:47.280475 - Epoc #	10710	 13.709120988845825
2023-07-12 12:35:01.818721 - Epoc #	10720	 14.538246154785156
2023-07-12 12:35:15.756193 - Epoc #	10730	 13.937471866607666
2023-07-12 12:35:28.965437 - Epoc #	10740	 13.209244012832642
2023-07-12 12:35:43.471791 - Epoc #	10750	 14.506354093551636
2023-07-12 12:35:56.797314 - Epoc #	10760	 13.325522899627686
2023-07-12 12:36:10.743811 - Epoc #	10770	 13.946496963500977
2023-07-12 12:36:12.261228 - Time between reward step: #	668.8943891525269
2023-07-12 12:36:12.261228 - Average Score: 68.00 Elapsed time: 4:11:11.092684
2023-07-12 12:36:15.171528 - Time between reward step: #	671.80468916893
2023-07-12 12:36:15.171528 - Average Score: 69.00 Elapsed time: 4:11:14.012285
2023-07-12 12:36:21.296217 - Time between reward step: #	677.9293780326843
2023-07-12 12:36:21.296217 - Average Score: 70.00 Elapsed time: 4:11:20.126031
2023-07-12 12:36:25.191095 - Epoc #	10780	 14.44728422164917
2023-07-12 12:36:38.972396 - Epoc #	10790	 13.781300783157349
2023-07-12 12:36:52.475245 - Epoc #	10800	 13.502849102020264
2023-07-12 12:37:05.862639 - Epoc #	10810	 13.387393951416016
2023-07-12 12:37:19.537127 - Epoc #	10820	 13.674488067626953
2023-07-12 12:37:33.323702 - Epoc #	10830	 13.786575078964233
2023-07-12 12:37:47.224997 - Epoc #	10840	 13.901294946670532
2023-07-12 12:38:00.624256 - Epoc #	10850	 13.399258852005005
2023-07-12 12:38:14.366407 - Epoc #	10860	 13.742151021957397
2023-07-12 12:38:29.109659 - Epoc #	10870	 14.743252038955688
2023-07-12 12:38:42.452604 - Epoc #	10880	 13.342945098876953
2023-07-12 12:38:56.513805 - Epoc #	10890	 14.061200857162476
2023-07-12 12:39:09.708738 - Epoc #	10900	 13.19493317604065
2023-07-12 12:39:23.654241 - Epoc #	10910	 13.945502996444702
2023-07-12 12:39:37.465889 - Epoc #	10920	 13.811647891998291
2023-07-12 12:39:51.397054 - Epoc #	10930	 13.931164979934692
2023-07-12 12:40:05.149587 - Epoc #	10940	 13.752532958984375
2023-07-12 12:40:19.592335 - Epoc #	10950	 14.442748069763184
2023-07-12 12:40:33.256888 - Epoc #	10960	 13.664552927017212
2023-07-12 12:40:47.029229 - Epoc #	10970	 13.772341012954712
2023-07-12 12:41:01.095984 - Epoc #	10980	 14.066755056381226
2023-07-12 12:41:15.052047 - Epoc #	10990	 13.956063032150269
2023-07-12 12:41:28.962181 - Epoc #	11000	 13.910134077072144
2023-07-12 12:41:44.016830 - Epoc #	11010	 15.054648876190186
2023-07-12 12:41:58.524131 - Epoc #	11020	 14.507301092147827
2023-07-12 12:42:12.562285 - Epoc #	11030	 14.038153886795044
2023-07-12 12:42:26.414849 - Epoc #	11040	 13.852564096450806
2023-07-12 12:42:39.969184 - Epoc #	11050	 13.554334878921509
2023-07-12 12:42:54.351919 - Epoc #	11060	 14.382735013961792
2023-07-12 12:43:08.049123 - Epoc #	11070	 13.697204113006592
2023-07-12 12:43:22.121780 - Epoc #	11080	 14.072656869888306
2023-07-12 12:43:36.027673 - Epoc #	11090	 13.905893087387085
2023-07-12 12:43:49.578954 - Epoc #	11100	 13.551280975341797
2023-07-12 12:44:04.055028 - Epoc #	11110	 14.476073980331421
2023-07-12 12:44:17.965252 - Epoc #	11120	 13.910223960876465
2023-07-12 12:44:32.224496 - Epoc #	11130	 14.259243965148926
2023-07-12 12:44:46.114672 - Epoc #	11140	 13.890176057815552
2023-07-12 12:45:00.265569 - Epoc #	11150	 14.150897026062012
2023-07-12 12:45:13.979034 - Epoc #	11160	 13.713464975357056
2023-07-12 12:45:28.135812 - Epoc #	11170	 14.15677809715271
2023-07-12 12:45:42.255191 - Epoc #	11180	 14.119379043579102
2023-07-12 12:45:56.041986 - Epoc #	11190	 13.786794900894165
2023-07-12 12:46:10.206481 - Epoc #	11200	 14.16449499130249
2023-07-12 12:46:23.419803 - Epoc #	11210	 13.213321924209595
2023-07-12 12:46:37.596427 - Epoc #	11220	 14.176624059677124
2023-07-12 12:46:51.509903 - Epoc #	11230	 13.91347599029541
2023-07-12 12:47:05.589106 - Epoc #	11240	 14.079203128814697
2023-07-12 12:47:19.573408 - Epoc #	11250	 13.984301805496216
2023-07-12 12:47:33.422314 - Epoc #	11260	 13.84890604019165
2023-07-12 12:47:47.526103 - Epoc #	11270	 14.10378909111023
2023-07-12 12:48:02.056467 - Epoc #	11280	 14.530364036560059
2023-07-12 12:48:16.004656 - Epoc #	11290	 13.94818902015686
2023-07-12 12:48:30.151712 - Epoc #	11300	 14.147055864334106
2023-07-12 12:48:44.790569 - Epoc #	11310	 14.638857126235962
2023-07-12 12:48:58.316175 - Epoc #	11320	 13.525605916976929
2023-07-12 12:49:12.860082 - Epoc #	11330	 14.543906927108765
2023-07-12 12:49:26.803045 - Epoc #	11340	 13.942963123321533
2023-07-12 12:49:40.718453 - Epoc #	11350	 13.91540789604187
2023-07-12 12:49:54.538085 - Epoc #	11360	 13.819632053375244
2023-07-12 12:50:08.591916 - Epoc #	11370	 14.053831100463867
2023-07-12 12:50:22.348628 - Epoc #	11380	 13.756711959838867
2023-07-12 12:50:37.058957 - Epoc #	11390	 14.710329055786133
2023-07-12 12:50:50.783644 - Epoc #	11400	 13.724686861038208
2023-07-12 12:51:04.634335 - Epoc #	11410	 13.850691080093384
2023-07-12 12:51:18.757857 - Epoc #	11420	 14.12352204322815
2023-07-12 12:51:32.544217 - Epoc #	11430	 13.786360025405884
2023-07-12 12:51:46.457677 - Epoc #	11440	 13.913459777832031
2023-07-12 12:52:00.411987 - Epoc #	11450	 13.954310178756714
2023-07-12 12:52:14.389493 - Epoc #	11460	 13.977505922317505
2023-07-12 12:52:28.573044 - Epoc #	11470	 14.18355107307434
2023-07-12 12:52:42.705244 - Epoc #	11480	 14.132200002670288
2023-07-12 12:52:56.834863 - Epoc #	11490	 14.129618883132935
2023-07-12 12:53:11.394306 - Epoc #	11500	 14.55944299697876
2023-07-12 12:53:24.878617 - Epoc #	11510	 13.4843111038208
2023-07-12 12:53:38.683972 - Epoc #	11520	 13.805354833602905
2023-07-12 12:53:52.916518 - Epoc #	11530	 14.232546091079712
2023-07-12 12:54:07.171273 - Epoc #	11540	 14.254755020141602
2023-07-12 12:54:22.805905 - Epoc #	11550	 15.634632110595703
2023-07-12 12:54:36.998124 - Epoc #	11560	 14.192218780517578
2023-07-12 12:54:51.714939 - Epoc #	11570	 14.71681523323059
2023-07-12 12:55:05.541704 - Epoc #	11580	 13.826764822006226
2023-07-12 12:55:19.094958 - Epoc #	11590	 13.553254127502441
2023-07-12 12:55:32.955115 - Epoc #	11600	 13.860157012939453
2023-07-12 12:55:44.410147 - Time between reward step: #	1841.043308019638
2023-07-12 12:55:44.410147 - Average Score: 71.00 Elapsed time: 4:30:43.239312
2023-07-12 12:55:47.179059 - Epoc #	11610	 14.223943948745728
2023-07-12 12:55:51.733102 - Time between reward step: #	1848.3662631511688
2023-07-12 12:55:51.733102 - Average Score: 72.00 Elapsed time: 4:30:50.570826
2023-07-12 12:55:53.203227 - Time between reward step: #	1849.8363881111145
2023-07-12 12:55:53.203227 - Average Score: 73.00 Elapsed time: 4:30:52.030323
2023-07-12 12:55:54.627035 - Time between reward step: #	1851.2601959705353
2023-07-12 12:55:54.627035 - Average Score: 74.00 Elapsed time: 4:30:53.467133
2023-07-12 12:56:01.686339 - Epoc #	11620	 14.507279872894287
2023-07-12 12:56:15.567586 - Epoc #	11630	 13.88124704360962
2023-07-12 12:56:30.627897 - Epoc #	11640	 15.060311079025269
2023-07-12 12:56:44.735070 - Epoc #	11650	 14.107172966003418
2023-07-12 12:56:58.675359 - Epoc #	11660	 13.94028902053833
2023-07-12 12:57:12.287615 - Epoc #	11670	 13.612256050109863
2023-07-12 12:57:25.106000 - Epoc #	11680	 12.818384885787964
2023-07-12 12:57:38.666373 - Epoc #	11690	 13.560373067855835
2023-07-12 12:57:52.281631 - Epoc #	11700	 13.615257978439331
2023-07-12 12:58:06.353259 - Epoc #	11710	 14.071628093719482
2023-07-12 12:58:20.532946 - Epoc #	11720	 14.179687023162842
2023-07-12 12:58:34.555005 - Epoc #	11730	 14.022058963775635
2023-07-12 12:58:49.220368 - Epoc #	11740	 14.66536283493042
2023-07-12 12:59:04.600482 - Epoc #	11750	 15.380114078521729
2023-07-12 12:59:18.887240 - Epoc #	11760	 14.286757946014404
2023-07-12 12:59:33.176713 - Epoc #	11770	 14.289473056793213
2023-07-12 12:59:46.628839 - Epoc #	11780	 13.452126026153564
2023-07-12 13:00:00.933145 - Epoc #	11790	 14.304306030273438
2023-07-12 13:00:14.825695 - Epoc #	11800	 13.892549991607666
2023-07-12 13:00:28.901202 - Epoc #	11810	 14.075506925582886
2023-07-12 13:00:42.351092 - Epoc #	11820	 13.44989013671875
2023-07-12 13:00:55.982683 - Epoc #	11830	 13.631590843200684
2023-07-12 13:01:09.929762 - Epoc #	11840	 13.947078943252563
2023-07-12 13:01:24.361214 - Epoc #	11850	 14.43145203590393
2023-07-12 13:01:37.804981 - Epoc #	11860	 13.443767070770264
2023-07-12 13:01:52.029518 - Epoc #	11870	 14.224536895751953
2023-07-12 13:02:05.976199 - Epoc #	11880	 13.946681022644043
2023-07-12 13:02:19.871542 - Epoc #	11890	 13.89534306526184
2023-07-12 13:02:34.106366 - Epoc #	11900	 14.234823942184448
2023-07-12 13:02:47.673973 - Epoc #	11910	 13.567607164382935
2023-07-12 13:03:01.855847 - Epoc #	11920	 14.181873798370361
2023-07-12 13:03:15.606951 - Epoc #	11930	 13.75110411643982
2023-07-12 13:03:29.369225 - Epoc #	11940	 13.762274026870728
2023-07-12 13:03:43.586769 - Epoc #	11950	 14.217544078826904
2023-07-12 13:03:57.292916 - Epoc #	11960	 13.706146955490112
2023-07-12 13:04:11.584053 - Epoc #	11970	 14.291136980056763
2023-07-12 13:04:24.624082 - Epoc #	11980	 13.040029048919678
2023-07-12 13:04:38.414468 - Epoc #	11990	 13.790385961532593
2023-07-12 13:04:55.476174 - Epoc #	12000	 17.061706066131592
2023-07-12 13:05:10.962129 - Epoc #	12010	 15.485954999923706
2023-07-12 13:05:26.943392 - Epoc #	12020	 15.981262922286987
2023-07-12 13:05:43.329433 - Epoc #	12030	 16.386040925979614
2023-07-12 13:05:59.507164 - Epoc #	12040	 16.177731037139893
2023-07-12 13:06:15.797125 - Epoc #	12050	 16.289961099624634
2023-07-12 13:06:31.621795 - Epoc #	12060	 15.82466983795166
2023-07-12 13:06:48.272105 - Epoc #	12070	 16.650310039520264
2023-07-12 13:07:04.495803 - Epoc #	12080	 16.223698139190674
2023-07-12 13:07:20.878478 - Epoc #	12090	 16.38267493247986
2023-07-12 13:07:36.950289 - Epoc #	12100	 16.071810960769653
2023-07-12 13:07:52.941843 - Epoc #	12110	 15.991554021835327
2023-07-12 13:08:08.548912 - Epoc #	12120	 15.60706901550293
2023-07-12 13:08:24.929823 - Epoc #	12130	 16.380910873413086
2023-07-12 13:08:40.771784 - Epoc #	12140	 15.841961145401001
2023-07-12 13:08:56.764542 - Epoc #	12150	 15.99275803565979
2023-07-12 13:09:12.302728 - Epoc #	12160	 15.538185834884644
2023-07-12 13:09:28.831429 - Epoc #	12170	 16.528701066970825
2023-07-12 13:09:44.722956 - Epoc #	12180	 15.891526937484741
2023-07-12 13:10:01.138680 - Epoc #	12190	 16.41572403907776
2023-07-12 13:10:17.574120 - Epoc #	12200	 16.435440063476562
2023-07-12 13:10:33.749425 - Epoc #	12210	 16.175304889678955
2023-07-12 13:10:49.337430 - Epoc #	12220	 15.588005065917969
2023-07-12 13:11:04.692967 - Epoc #	12230	 15.355536937713623
2023-07-12 13:11:21.282776 - Epoc #	12240	 16.58980917930603
2023-07-12 13:11:38.203394 - Epoc #	12250	 16.920617818832397
2023-07-12 13:11:54.116552 - Epoc #	12260	 15.913158178329468
2023-07-12 13:12:10.051044 - Epoc #	12270	 15.934491872787476
2023-07-12 13:12:27.437213 - Epoc #	12280	 17.386168956756592
2023-07-12 13:12:43.288264 - Epoc #	12290	 15.851051092147827
2023-07-12 13:12:58.904270 - Epoc #	12300	 15.616005897521973
2023-07-12 13:13:14.833624 - Epoc #	12310	 15.929353952407837
2023-07-12 13:13:31.251771 - Epoc #	12320	 16.418147087097168
2023-07-12 13:13:47.464179 - Epoc #	12330	 16.2124080657959
2023-07-12 13:14:03.557942 - Epoc #	12340	 16.09376287460327
2023-07-12 13:14:19.206145 - Epoc #	12350	 15.648203134536743
2023-07-12 13:14:35.312445 - Epoc #	12360	 16.106299877166748
2023-07-12 13:14:51.901567 - Epoc #	12370	 16.58912205696106
2023-07-12 13:15:08.310281 - Epoc #	12380	 16.408714056015015
2023-07-12 13:15:24.081713 - Epoc #	12390	 15.771431922912598
2023-07-12 13:15:39.940089 - Epoc #	12400	 15.858376026153564
2023-07-12 13:15:55.992575 - Epoc #	12410	 16.052485942840576
2023-07-12 13:16:11.671046 - Epoc #	12420	 15.678471088409424
2023-07-12 13:16:28.247706 - Epoc #	12430	 16.57665991783142
2023-07-12 13:16:43.991069 - Epoc #	12440	 15.74336314201355
2023-07-12 13:17:00.203195 - Epoc #	12450	 16.21212601661682
2023-07-12 13:17:17.114211 - Epoc #	12460	 16.91101598739624
2023-07-12 13:17:33.448898 - Epoc #	12470	 16.334686994552612
2023-07-12 13:17:50.160861 - Epoc #	12480	 16.711962938308716
2023-07-12 13:18:06.449148 - Epoc #	12490	 16.288286924362183
