2023-07-12 13:18:27.557468 - Starting learning loop ...
==================================================================
2023-07-12 13:18:27.557468 - Using Framebuffer of: 4 frames	 and 	ReplayBufferSize: 25000
2023-07-12 13:18:27.557468 - Loglevel is set to: a
2023-07-12 13:18:27.557468 - Epoc #	0	 
2023-07-12 13:18:40.993392 - Epoc #	10	 13.435924053192139
2023-07-12 13:18:55.356959 - Epoc #	20	 14.363567113876343
2023-07-12 13:19:09.705839 - Epoc #	30	 14.34887981414795
2023-07-12 13:19:23.978203 - Epoc #	40	 14.272364139556885
2023-07-12 13:19:39.302570 - Epoc #	50	 15.324367046356201
2023-07-12 13:19:53.327583 - Epoc #	60	 14.025012969970703
2023-07-12 13:20:08.252568 - Epoc #	70	 14.9249849319458
2023-07-12 13:20:22.698301 - Epoc #	80	 14.445733070373535
2023-07-12 13:20:37.341567 - Epoc #	90	 14.643265962600708
2023-07-12 13:20:51.904939 - Epoc #	100	 14.563371896743774
2023-07-12 13:21:06.307397 - Epoc #	110	 14.40245795249939
2023-07-12 13:21:20.621966 - Epoc #	120	 14.314568996429443
2023-07-12 13:21:31.331160 - Time between reward step: #	183.77369213104248
2023-07-12 13:21:31.331160 - Average Score: 7.00 Elapsed time: 0:03:05.003061
2023-07-12 13:21:35.724958 - Epoc #	130	 15.102992057800293
2023-07-12 13:21:40.278435 - Time between reward step: #	192.72096705436707
2023-07-12 13:21:40.278435 - Average Score: 8.00 Elapsed time: 0:03:13.942996
2023-07-12 13:21:49.245035 - Time between reward step: #	201.68756699562073
2023-07-12 13:21:49.245035 - Average Score: 9.00 Elapsed time: 0:03:22.922032
2023-07-12 13:21:50.808890 - Time between reward step: #	203.25142216682434
2023-07-12 13:21:50.808890 - Average Score: 10.00 Elapsed time: 0:03:24.482209
2023-07-12 13:21:50.808890 - Epoc #	140	 15.083932161331177
2023-07-12 13:22:05.844635 - Epoc #	150	 15.035744905471802
2023-07-12 13:22:20.848341 - Epoc #	160	 15.003705978393555
2023-07-12 13:22:31.582685 - Time between reward step: #	244.0252170562744
2023-07-12 13:22:31.582685 - Average Score: 11.00 Elapsed time: 0:04:05.252597
2023-07-12 13:22:36.134272 - Epoc #	170	 15.28593111038208
2023-07-12 13:22:51.920826 - Epoc #	180	 15.786553859710693
2023-07-12 13:23:06.204150 - Epoc #	190	 14.283324003219604
2023-07-12 13:23:20.785843 - Epoc #	200	 14.581692934036255
2023-07-12 13:23:34.902119 - Epoc #	210	 14.116276025772095
2023-07-12 13:23:49.202930 - Epoc #	220	 14.300811052322388
2023-07-12 13:24:03.964135 - Epoc #	230	 14.761204957962036
2023-07-12 13:24:18.700432 - Epoc #	240	 14.736297130584717
2023-07-12 13:24:33.207486 - Epoc #	250	 14.507053852081299
2023-07-12 13:24:48.486277 - Epoc #	260	 15.278791189193726
2023-07-12 13:25:03.269925 - Epoc #	270	 14.783648014068604
2023-07-12 13:25:17.941632 - Epoc #	280	 14.671706914901733
2023-07-12 13:25:32.809792 - Epoc #	290	 14.868160009384155
2023-07-12 13:25:47.001723 - Epoc #	300	 14.191931009292603
2023-07-12 13:26:01.129928 - Epoc #	310	 14.128205060958862
2023-07-12 13:26:15.729497 - Epoc #	320	 14.599568843841553
2023-07-12 13:26:30.133150 - Epoc #	330	 14.403653144836426
2023-07-12 13:26:44.772858 - Epoc #	340	 14.639707803726196
2023-07-12 13:26:59.361120 - Epoc #	350	 14.58826208114624
2023-07-12 13:27:13.777082 - Epoc #	360	 14.415961980819702
2023-07-12 13:27:28.832556 - Epoc #	370	 15.055474042892456
2023-07-12 13:27:44.083772 - Epoc #	380	 15.251215934753418
2023-07-12 13:27:59.137709 - Epoc #	390	 15.053936958312988
2023-07-12 13:28:14.110551 - Epoc #	400	 14.9728422164917
2023-07-12 13:28:28.474757 - Epoc #	410	 14.364205837249756
2023-07-12 13:28:43.199664 - Epoc #	420	 14.724907159805298
2023-07-12 13:28:57.698496 - Epoc #	430	 14.498831987380981
2023-07-12 13:29:12.156746 - Epoc #	440	 14.458249807357788
2023-07-12 13:29:26.530289 - Epoc #	450	 14.37354302406311
2023-07-12 13:29:40.772255 - Epoc #	460	 14.241966009140015
2023-07-12 13:29:55.645457 - Epoc #	470	 14.873202085494995
2023-07-12 13:30:09.213067 - Epoc #	480	 13.567610025405884
2023-07-12 13:30:23.673853 - Epoc #	490	 14.460785865783691
2023-07-12 13:30:38.430763 - Epoc #	500	 14.7569100856781
2023-07-12 13:30:53.215061 - Epoc #	510	 14.784297943115234
2023-07-12 13:31:08.328230 - Epoc #	520	 15.113168954849243
2023-07-12 13:31:23.320489 - Epoc #	530	 14.99225902557373
2023-07-12 13:31:37.645455 - Epoc #	540	 14.324965953826904
2023-07-12 13:31:52.144018 - Epoc #	550	 14.498563051223755
2023-07-12 13:32:06.584602 - Epoc #	560	 14.440584182739258
2023-07-12 13:32:21.357010 - Epoc #	570	 14.77240777015686
2023-07-12 13:32:36.455479 - Epoc #	580	 15.098469018936157
2023-07-12 13:32:51.234970 - Epoc #	590	 14.779491186141968
2023-07-12 13:33:05.207513 - Epoc #	600	 13.972543001174927
2023-07-12 13:33:19.459421 - Epoc #	610	 14.25190782546997
2023-07-12 13:33:34.342995 - Epoc #	620	 14.88357400894165
2023-07-12 13:33:48.834908 - Epoc #	630	 14.491913080215454
2023-07-12 13:34:04.031562 - Epoc #	640	 15.196654081344604
2023-07-12 13:34:17.862517 - Epoc #	650	 13.830955028533936
2023-07-12 13:34:33.647705 - Epoc #	660	 15.78518795967102
2023-07-12 13:34:47.105345 - Epoc #	670	 13.457639932632446
2023-07-12 13:35:01.547844 - Epoc #	680	 14.442498922348022
2023-07-12 13:35:17.258520 - Epoc #	690	 15.710675954818726
2023-07-12 13:35:32.664156 - Epoc #	700	 15.405636072158813
2023-07-12 13:35:47.522537 - Epoc #	710	 14.858381032943726
2023-07-12 13:36:02.368923 - Epoc #	720	 14.846385955810547
2023-07-12 13:36:16.746815 - Epoc #	730	 14.377892017364502
2023-07-12 13:36:30.918325 - Epoc #	740	 14.171509981155396
2023-07-12 13:36:45.565777 - Epoc #	750	 14.647452116012573
2023-07-12 13:36:59.933568 - Epoc #	760	 14.367790937423706
2023-07-12 13:37:14.473461 - Epoc #	770	 14.53989291191101
2023-07-12 13:37:29.041844 - Epoc #	780	 14.568382978439331
2023-07-12 13:37:43.433056 - Epoc #	790	 14.391212224960327
2023-07-12 13:37:57.954658 - Epoc #	800	 14.521601915359497
2023-07-12 13:38:12.471257 - Epoc #	810	 14.51659893989563
2023-07-12 13:38:27.095853 - Epoc #	820	 14.624596118927002
2023-07-12 13:38:42.491671 - Epoc #	830	 15.395817995071411
2023-07-12 13:38:57.263121 - Epoc #	840	 14.77144980430603
2023-07-12 13:39:12.354668 - Time between reward step: #	1244.7971999645233
2023-07-12 13:39:12.354668 - Average Score: 12.00 Elapsed time: 0:20:46.027270
2023-07-12 13:39:12.354668 - Epoc #	850	 15.091547012329102
2023-07-12 13:39:27.681291 - Epoc #	860	 15.32662320137024
2023-07-12 13:39:43.021238 - Epoc #	870	 15.339946985244751
2023-07-12 13:39:47.555129 - Time between reward step: #	1279.997661113739
2023-07-12 13:39:47.555129 - Average Score: 13.00 Elapsed time: 0:21:21.223336
2023-07-12 13:39:57.774730 - Epoc #	880	 14.753491878509521
2023-07-12 13:40:12.714974 - Epoc #	890	 14.94024395942688
2023-07-12 13:40:27.268755 - Epoc #	900	 14.553781032562256
2023-07-12 13:40:43.747293 - Epoc #	910	 16.478538036346436
2023-07-12 13:40:58.692732 - Epoc #	920	 14.945439100265503
2023-07-12 13:41:13.421099 - Epoc #	930	 14.72836685180664
2023-07-12 13:41:28.223117 - Epoc #	940	 14.802018165588379
2023-07-12 13:41:42.648379 - Epoc #	950	 14.425261974334717
2023-07-12 13:41:58.185673 - Epoc #	960	 15.537293910980225
2023-07-12 13:42:13.036956 - Epoc #	970	 14.851283073425293
2023-07-12 13:42:28.030612 - Epoc #	980	 14.993655920028687
2023-07-12 13:42:43.305114 - Epoc #	990	 15.274502038955688
2023-07-12 13:42:58.657143 - Epoc #	1000	 15.352029085159302
2023-07-12 13:43:13.387340 - Epoc #	1010	 14.730196952819824
2023-07-12 13:43:28.531294 - Epoc #	1020	 15.143954038619995
2023-07-12 13:43:43.328167 - Epoc #	1030	 14.796872854232788
2023-07-12 13:43:58.423313 - Epoc #	1040	 15.09514594078064
2023-07-12 13:44:13.743876 - Epoc #	1050	 15.320563077926636
2023-07-12 13:44:28.424883 - Epoc #	1060	 14.681006908416748
2023-07-12 13:44:42.600812 - Epoc #	1070	 14.175929069519043
2023-07-12 13:44:58.562586 - Epoc #	1080	 15.961774110794067
2023-07-12 13:45:14.177012 - Epoc #	1090	 15.614425897598267
2023-07-12 13:45:28.992007 - Epoc #	1100	 14.814995050430298
2023-07-12 13:45:44.040307 - Epoc #	1110	 15.04830002784729
2023-07-12 13:45:58.576114 - Epoc #	1120	 14.535806894302368
2023-07-12 13:46:13.381905 - Epoc #	1130	 14.805791139602661
2023-07-12 13:46:24.561296 - Time between reward step: #	1677.003828048706
2023-07-12 13:46:24.561296 - Average Score: 14.00 Elapsed time: 0:27:58.224826
2023-07-12 13:46:29.059728 - Epoc #	1140	 15.677822828292847
2023-07-12 13:46:43.447772 - Epoc #	1150	 14.388044118881226
2023-07-12 13:46:58.238513 - Epoc #	1160	 14.790740966796875
2023-07-12 13:47:13.658795 - Epoc #	1170	 15.420282125473022
2023-07-12 13:47:28.471900 - Epoc #	1180	 14.81310486793518
2023-07-12 13:47:43.167124 - Epoc #	1190	 14.695224046707153
2023-07-12 13:47:57.530152 - Epoc #	1200	 14.363028049468994
2023-07-12 13:48:13.274402 - Epoc #	1210	 15.744249820709229
2023-07-12 13:48:28.601584 - Epoc #	1220	 15.327182054519653
2023-07-12 13:48:43.607206 - Epoc #	1230	 15.005622148513794
2023-07-12 13:48:58.360884 - Epoc #	1240	 14.75367784500122
2023-07-12 13:49:13.306560 - Epoc #	1250	 14.94567608833313
2023-07-12 13:49:28.251693 - Epoc #	1260	 14.945132970809937
2023-07-12 13:49:41.781607 - Epoc #	1270	 13.529913902282715
2023-07-12 13:49:56.739367 - Epoc #	1280	 14.957760095596313
2023-07-12 13:50:11.545358 - Epoc #	1290	 14.805990934371948
2023-07-12 13:50:27.601117 - Epoc #	1300	 16.055758953094482
2023-07-12 13:50:42.138862 - Epoc #	1310	 14.537744998931885
2023-07-12 13:50:56.919661 - Epoc #	1320	 14.780799150466919
2023-07-12 13:51:12.322126 - Epoc #	1330	 15.402464866638184
2023-07-12 13:51:27.642967 - Epoc #	1340	 15.320841073989868
2023-07-12 13:51:43.150403 - Epoc #	1350	 15.507436037063599
2023-07-12 13:51:58.239659 - Epoc #	1360	 15.089256048202515
2023-07-12 13:52:13.024582 - Epoc #	1370	 14.78492283821106
2023-07-12 13:52:28.975873 - Epoc #	1380	 15.95129108428955
2023-07-12 13:52:44.568754 - Epoc #	1390	 15.592880964279175
2023-07-12 13:52:59.214426 - Epoc #	1400	 14.645672082901001
2023-07-12 13:53:14.773943 - Epoc #	1410	 15.559516906738281
2023-07-12 13:53:29.668384 - Epoc #	1420	 14.8944411277771
2023-07-12 13:53:44.612400 - Epoc #	1430	 14.944015979766846
2023-07-12 13:53:59.285364 - Epoc #	1440	 14.672963857650757
2023-07-12 13:54:15.007006 - Epoc #	1450	 15.721642017364502
2023-07-12 13:54:29.769247 - Epoc #	1460	 14.762241125106812
2023-07-12 13:54:45.021765 - Epoc #	1470	 15.252517938613892
2023-07-12 13:54:59.936385 - Epoc #	1480	 14.91461992263794
2023-07-12 13:55:14.517850 - Epoc #	1490	 14.581465005874634
2023-07-12 13:55:29.383452 - Epoc #	1500	 14.865602016448975
2023-07-12 13:55:44.852410 - Epoc #	1510	 15.468958139419556
2023-07-12 13:56:00.401542 - Epoc #	1520	 15.549131870269775
2023-07-12 13:56:15.975071 - Epoc #	1530	 15.57352900505066
2023-07-12 13:56:31.142185 - Epoc #	1540	 15.167114019393921
2023-07-12 13:56:47.271595 - Epoc #	1550	 16.12941002845764
2023-07-12 13:57:02.524999 - Epoc #	1560	 15.253403902053833
2023-07-12 13:57:17.216564 - Epoc #	1570	 14.691565036773682
2023-07-12 13:57:32.572335 - Epoc #	1580	 15.3557710647583
2023-07-12 13:57:48.029184 - Epoc #	1590	 15.456849098205566
2023-07-12 13:58:03.114257 - Epoc #	1600	 15.085072994232178
2023-07-12 13:58:18.385324 - Epoc #	1610	 15.271066904067993
2023-07-12 13:58:33.341388 - Epoc #	1620	 14.956063985824585
2023-07-12 13:58:49.078826 - Epoc #	1630	 15.737437963485718
2023-07-12 13:59:04.380816 - Epoc #	1640	 15.301990032196045
2023-07-12 13:59:20.649433 - Epoc #	1650	 16.268616914749146
2023-07-12 13:59:35.248582 - Epoc #	1660	 14.599148988723755
2023-07-12 13:59:50.216502 - Epoc #	1670	 14.967920064926147
2023-07-12 14:00:06.359300 - Epoc #	1680	 16.14279794692993
2023-07-12 14:00:20.820450 - Epoc #	1690	 14.461150169372559
2023-07-12 14:00:35.242296 - Epoc #	1700	 14.42184591293335
2023-07-12 14:00:51.153230 - Epoc #	1710	 15.91093397140503
2023-07-12 14:01:06.008611 - Epoc #	1720	 14.85538101196289
2023-07-12 14:01:21.669696 - Epoc #	1730	 15.66108512878418
2023-07-12 14:01:36.379423 - Epoc #	1740	 14.709726810455322
2023-07-12 14:01:51.445509 - Epoc #	1750	 15.066086053848267
2023-07-12 14:02:06.736141 - Epoc #	1760	 15.290632009506226
2023-07-12 14:02:21.645450 - Epoc #	1770	 14.909309148788452
2023-07-12 14:02:36.009812 - Epoc #	1780	 14.364362001419067
2023-07-12 14:02:52.096089 - Epoc #	1790	 16.08627676963806
2023-07-12 14:03:07.772001 - Epoc #	1800	 15.675912141799927
2023-07-12 14:03:23.333614 - Epoc #	1810	 15.561613082885742
2023-07-12 14:03:38.368639 - Epoc #	1820	 15.035024881362915
2023-07-12 14:03:54.546554 - Epoc #	1830	 16.17791509628296
2023-07-12 14:04:09.329715 - Epoc #	1840	 14.783160924911499
2023-07-12 14:04:24.990154 - Epoc #	1850	 15.660439014434814
2023-07-12 14:04:39.786946 - Epoc #	1860	 14.796792030334473
2023-07-12 14:04:54.249179 - Epoc #	1870	 14.462232828140259
2023-07-12 14:05:09.345394 - Epoc #	1880	 15.096215009689331
2023-07-12 14:05:24.878683 - Epoc #	1890	 15.533289194107056
2023-07-12 14:05:39.219922 - Epoc #	1900	 14.341238975524902
2023-07-12 14:05:53.976190 - Epoc #	1910	 14.75626802444458
2023-07-12 14:06:08.761424 - Epoc #	1920	 14.785233974456787
2023-07-12 14:06:23.959365 - Epoc #	1930	 15.197940826416016
2023-07-12 14:06:38.570218 - Epoc #	1940	 14.61085319519043
2023-07-12 14:06:54.072914 - Epoc #	1950	 15.502695798873901
2023-07-12 14:07:09.238647 - Epoc #	1960	 15.165733098983765
2023-07-12 14:07:24.867196 - Epoc #	1970	 15.628549098968506
2023-07-12 14:07:39.953608 - Epoc #	1980	 15.086411952972412
2023-07-12 14:07:54.757525 - Epoc #	1990	 14.803916931152344
2023-07-12 14:08:09.669660 - Epoc #	2000	 14.912135124206543
2023-07-12 14:08:24.407874 - Epoc #	2010	 14.738214015960693
2023-07-12 14:08:39.472309 - Epoc #	2020	 15.064435005187988
2023-07-12 14:08:54.464812 - Epoc #	2030	 14.992502927780151
2023-07-12 14:09:09.192175 - Epoc #	2040	 14.727362871170044
2023-07-12 14:09:23.897902 - Epoc #	2050	 14.705727100372314
2023-07-12 14:09:39.403862 - Epoc #	2060	 15.50595998764038
2023-07-12 14:09:54.232016 - Epoc #	2070	 14.82815408706665
2023-07-12 14:10:08.959338 - Epoc #	2080	 14.727321863174438
2023-07-12 14:10:23.985382 - Epoc #	2090	 15.026044130325317
2023-07-12 14:10:41.208786 - Epoc #	2100	 17.223403930664062
2023-07-12 14:10:56.077894 - Epoc #	2110	 14.869107961654663
2023-07-12 14:11:11.513421 - Epoc #	2120	 15.435527086257935
2023-07-12 14:11:26.488095 - Epoc #	2130	 14.974673986434937
2023-07-12 14:11:41.649076 - Epoc #	2140	 15.160980939865112
2023-07-12 14:11:54.632739 - Epoc #	2150	 12.983663082122803
2023-07-12 14:12:07.407385 - Epoc #	2160	 12.774646043777466
2023-07-12 14:12:20.996101 - Epoc #	2170	 13.58871579170227
2023-07-12 14:12:27.423656 - Time between reward step: #	3239.8661880493164
2023-07-12 14:12:27.423656 - Average Score: 15.00 Elapsed time: 0:54:01.095984
2023-07-12 14:12:28.879843 - Time between reward step: #	3241.322375059128
2023-07-12 14:12:28.879843 - Average Score: 16.00 Elapsed time: 0:54:02.551754
2023-07-12 14:12:33.807562 - Epoc #	2180	 12.811461210250854
2023-07-12 14:12:46.521782 - Epoc #	2190	 12.714219808578491
2023-07-12 14:12:59.214704 - Epoc #	2200	 12.692922115325928
2023-07-12 14:13:12.203657 - Epoc #	2210	 12.988952875137329
2023-07-12 14:13:25.383092 - Epoc #	2220	 13.179435014724731
2023-07-12 14:13:38.663376 - Epoc #	2230	 13.28028416633606
2023-07-12 14:13:51.200235 - Epoc #	2240	 12.536858797073364
2023-07-12 14:14:03.782755 - Epoc #	2250	 12.582520008087158
2023-07-12 14:14:16.753002 - Epoc #	2260	 12.970247030258179
2023-07-12 14:14:29.948308 - Epoc #	2270	 13.195306062698364
2023-07-12 14:14:42.135498 - Epoc #	2280	 12.187190055847168
2023-07-12 14:14:54.910799 - Epoc #	2290	 12.775300979614258
2023-07-12 14:15:07.901869 - Epoc #	2300	 12.991070032119751
2023-07-12 14:15:21.007851 - Epoc #	2310	 13.105981826782227
2023-07-12 14:15:33.902132 - Epoc #	2320	 12.894281148910522
2023-07-12 14:15:46.625213 - Epoc #	2330	 12.72308087348938
2023-07-12 14:15:59.141292 - Epoc #	2340	 12.516079187393188
2023-07-12 14:16:12.414661 - Epoc #	2350	 13.273368835449219
2023-07-12 14:16:25.190393 - Epoc #	2360	 12.775732040405273
2023-07-12 14:16:39.434941 - Epoc #	2370	 14.244548082351685
2023-07-12 14:16:51.891323 - Epoc #	2380	 12.456382036209106
2023-07-12 14:17:04.312488 - Epoc #	2390	 12.421164989471436
2023-07-12 14:17:17.008114 - Epoc #	2400	 12.695626020431519
2023-07-12 14:17:29.622558 - Epoc #	2410	 12.614444017410278
2023-07-12 14:17:42.019274 - Epoc #	2420	 12.396715879440308
2023-07-12 14:17:54.436314 - Epoc #	2430	 12.4170401096344
2023-07-12 14:18:07.588614 - Epoc #	2440	 13.152299880981445
2023-07-12 14:18:21.209435 - Epoc #	2450	 13.620820999145508
2023-07-12 14:18:33.796006 - Epoc #	2460	 12.586570978164673
2023-07-12 14:18:46.452567 - Epoc #	2470	 12.656561136245728
2023-07-12 14:18:59.752117 - Epoc #	2480	 13.29954981803894
2023-07-12 14:19:10.178407 - Time between reward step: #	3642.620939016342
2023-07-12 14:19:10.178407 - Average Score: 17.00 Elapsed time: 1:00:43.851112
2023-07-12 14:19:12.792300 - Epoc #	2490	 13.040183067321777
2023-07-12 14:19:15.578219 - Time between reward step: #	3648.0207509994507
2023-07-12 14:19:15.578219 - Average Score: 18.00 Elapsed time: 1:00:49.249503
2023-07-12 14:19:26.466364 - Epoc #	2500	 13.674063920974731
2023-07-12 14:19:38.548340 - Epoc #	2510	 12.081976175308228
2023-07-12 14:19:50.962090 - Epoc #	2520	 12.413749933242798
2023-07-12 14:20:03.288612 - Epoc #	2530	 12.326521873474121
2023-07-12 14:20:16.479789 - Epoc #	2540	 13.191177129745483
2023-07-12 14:20:28.913828 - Epoc #	2550	 12.434038877487183
2023-07-12 14:20:41.146231 - Epoc #	2560	 12.232403039932251
2023-07-12 14:20:53.959915 - Epoc #	2570	 12.813683986663818
2023-07-12 14:21:07.113101 - Epoc #	2580	 13.153186082839966
2023-07-12 14:21:20.412273 - Epoc #	2590	 13.299171924591064
2023-07-12 14:21:33.357897 - Epoc #	2600	 12.945624113082886
2023-07-12 14:21:46.544904 - Epoc #	2610	 13.187006950378418
2023-07-12 14:21:59.956543 - Epoc #	2620	 13.411638975143433
2023-07-12 14:22:13.022779 - Epoc #	2630	 13.066236019134521
2023-07-12 14:22:25.854404 - Epoc #	2640	 12.831624984741211
2023-07-12 14:22:38.455241 - Epoc #	2650	 12.600836992263794
2023-07-12 14:22:51.048794 - Epoc #	2660	 12.593553066253662
2023-07-12 14:23:03.612403 - Epoc #	2670	 12.563608884811401
2023-07-12 14:23:15.874505 - Epoc #	2680	 12.262102127075195
2023-07-12 14:23:29.046600 - Epoc #	2690	 13.17209506034851
2023-07-12 14:23:42.508564 - Epoc #	2700	 13.461963891983032
2023-07-12 14:23:55.056053 - Epoc #	2710	 12.547488927841187
2023-07-12 14:24:00.143740 - Time between reward step: #	3932.5862720012665
2023-07-12 14:24:00.143740 - Average Score: 19.00 Elapsed time: 1:05:33.814962
2023-07-12 14:24:08.134212 - Epoc #	2720	 13.078159093856812
2023-07-12 14:24:14.562822 - Time between reward step: #	3947.005354166031
2023-07-12 14:24:14.562822 - Average Score: 20.00 Elapsed time: 1:05:48.226349
2023-07-12 14:24:20.615344 - Epoc #	2730	 12.48113203048706
2023-07-12 14:24:32.972793 - Epoc #	2740	 12.357449054718018
2023-07-12 14:24:46.225597 - Epoc #	2750	 13.252803802490234
2023-07-12 14:24:59.863266 - Epoc #	2760	 13.637669086456299
2023-07-12 14:25:12.887066 - Epoc #	2770	 13.023799896240234
2023-07-12 14:25:26.259884 - Epoc #	2780	 13.372818231582642
2023-07-12 14:25:39.134510 - Epoc #	2790	 12.87462592124939
2023-07-12 14:25:52.636258 - Epoc #	2800	 13.501747846603394
2023-07-12 14:26:05.019588 - Epoc #	2810	 12.38333010673523
2023-07-12 14:26:17.985750 - Epoc #	2820	 12.966161966323853
2023-07-12 14:26:31.318396 - Epoc #	2830	 13.332646131515503
2023-07-12 14:26:43.552160 - Epoc #	2840	 12.233763933181763
2023-07-12 14:26:56.141700 - Epoc #	2850	 12.589540004730225
2023-07-12 14:27:09.548834 - Epoc #	2860	 13.407134056091309
2023-07-12 14:27:23.541680 - Epoc #	2870	 13.992846012115479
2023-07-12 14:27:36.172110 - Epoc #	2880	 12.630429983139038
2023-07-12 14:27:48.340598 - Epoc #	2890	 12.168488025665283
2023-07-12 14:28:01.812989 - Epoc #	2900	 13.47239089012146
2023-07-12 14:28:14.707040 - Epoc #	2910	 12.89405107498169
2023-07-12 14:28:28.056970 - Epoc #	2920	 13.349929809570312
2023-07-12 14:28:41.384320 - Epoc #	2930	 13.32735013961792
2023-07-12 14:28:53.943387 - Epoc #	2940	 12.559067010879517
2023-07-12 14:29:07.178060 - Epoc #	2950	 13.234673023223877
2023-07-12 14:29:19.744060 - Epoc #	2960	 12.565999984741211
2023-07-12 14:29:32.523233 - Epoc #	2970	 12.779172897338867
2023-07-12 14:29:45.528393 - Epoc #	2980	 13.005160093307495
2023-07-12 14:29:58.817331 - Epoc #	2990	 13.288938045501709
2023-07-12 14:30:11.210682 - Epoc #	3000	 12.393350839614868
2023-07-12 14:30:24.302173 - Epoc #	3010	 13.091490983963013
2023-07-12 14:30:37.360285 - Epoc #	3020	 13.058112144470215
2023-07-12 14:30:50.567083 - Epoc #	3030	 13.20679783821106
2023-07-12 14:31:05.373899 - Epoc #	3040	 14.806816101074219
2023-07-12 14:31:18.843712 - Epoc #	3050	 13.469813108444214
2023-07-12 14:31:31.549096 - Epoc #	3060	 12.705384016036987
2023-07-12 14:31:44.919412 - Epoc #	3070	 13.370315790176392
2023-07-12 14:31:58.464900 - Epoc #	3080	 13.545488119125366
2023-07-12 14:32:11.061951 - Epoc #	3090	 12.597050905227661
2023-07-12 14:32:23.443163 - Epoc #	3100	 12.381211996078491
2023-07-12 14:32:36.246463 - Epoc #	3110	 12.803300142288208
2023-07-12 14:32:50.187753 - Epoc #	3120	 13.941289901733398
2023-07-12 14:33:03.851129 - Epoc #	3130	 13.663376092910767
2023-07-12 14:33:17.042311 - Epoc #	3140	 13.191181898117065
2023-07-12 14:33:29.348530 - Epoc #	3150	 12.306219100952148
2023-07-12 14:33:42.352697 - Epoc #	3160	 13.004166841506958
2023-07-12 14:33:55.230046 - Epoc #	3170	 12.877349138259888
2023-07-12 14:34:08.271808 - Epoc #	3180	 13.041761875152588
2023-07-12 14:34:21.217205 - Epoc #	3190	 12.945397138595581
2023-07-12 14:34:33.676655 - Epoc #	3200	 12.459450006484985
2023-07-12 14:34:47.648804 - Epoc #	3210	 13.972148895263672
2023-07-12 14:35:00.986543 - Epoc #	3220	 13.337738990783691
2023-07-12 14:35:13.494672 - Epoc #	3230	 12.508129119873047
2023-07-12 14:35:26.247437 - Epoc #	3240	 12.75276494026184
2023-07-12 14:35:39.095367 - Epoc #	3250	 12.847929954528809
2023-07-12 14:35:51.631688 - Epoc #	3260	 12.53632116317749
2023-07-12 14:36:04.216852 - Epoc #	3270	 12.585163831710815
2023-07-12 14:36:17.318335 - Epoc #	3280	 13.10148310661316
2023-07-12 14:36:30.278218 - Epoc #	3290	 12.959882974624634
2023-07-12 14:36:42.904648 - Epoc #	3300	 12.626430034637451
2023-07-12 14:36:55.409893 - Epoc #	3310	 12.505244970321655
2023-07-12 14:37:08.161771 - Epoc #	3320	 12.751878023147583
2023-07-12 14:37:21.200135 - Epoc #	3330	 13.038363933563232
2023-07-12 14:37:34.499360 - Epoc #	3340	 13.299225091934204
2023-07-12 14:37:47.698130 - Epoc #	3350	 13.198769807815552
2023-07-12 14:38:00.977733 - Epoc #	3360	 13.279603004455566
2023-07-12 14:38:14.108850 - Epoc #	3370	 13.131117105484009
2023-07-12 14:38:27.255031 - Epoc #	3380	 13.146181106567383
2023-07-12 14:38:40.071909 - Epoc #	3390	 12.816877841949463
2023-07-12 14:38:54.134429 - Epoc #	3400	 14.062520027160645
2023-07-12 14:39:06.821979 - Epoc #	3410	 12.687550067901611
2023-07-12 14:39:14.144226 - Time between reward step: #	4846.586758136749
2023-07-12 14:39:14.144226 - Average Score: 21.00 Elapsed time: 1:20:47.821102
2023-07-12 14:39:20.494662 - Epoc #	3420	 13.672683000564575
2023-07-12 14:39:33.220846 - Epoc #	3430	 12.726183891296387
2023-07-12 14:39:46.220918 - Epoc #	3440	 13.000072002410889
2023-07-12 14:39:58.794221 - Epoc #	3450	 12.573302984237671
2023-07-12 14:40:12.976518 - Epoc #	3460	 14.182296991348267
2023-07-12 14:40:26.289021 - Epoc #	3470	 13.312503099441528
2023-07-12 14:40:39.590956 - Epoc #	3480	 13.301934957504272
2023-07-12 14:40:53.154171 - Epoc #	3490	 13.563215017318726
2023-07-12 14:41:06.880804 - Epoc #	3500	 13.726633071899414
2023-07-12 14:41:20.304969 - Epoc #	3510	 13.42416501045227
2023-07-12 14:41:33.434160 - Epoc #	3520	 13.129190921783447
2023-07-12 14:41:45.738240 - Epoc #	3530	 12.30408000946045
2023-07-12 14:41:58.910205 - Epoc #	3540	 13.171964883804321
2023-07-12 14:42:12.029451 - Epoc #	3550	 13.119246006011963
2023-07-12 14:42:25.775756 - Epoc #	3560	 13.746304988861084
2023-07-12 14:42:37.533499 - Epoc #	3570	 11.757743120193481
2023-07-12 14:42:51.933294 - Epoc #	3580	 14.399795055389404
2023-07-12 14:43:05.176101 - Epoc #	3590	 13.242806911468506
2023-07-12 14:43:17.895290 - Epoc #	3600	 12.719188928604126
2023-07-12 14:43:31.148600 - Epoc #	3610	 13.253310203552246
2023-07-12 14:43:44.201768 - Epoc #	3620	 13.053167819976807
2023-07-12 14:43:57.430977 - Epoc #	3630	 13.229209184646606
2023-07-12 14:44:10.167823 - Epoc #	3640	 12.736845970153809
2023-07-12 14:44:23.153786 - Epoc #	3650	 12.985962867736816
2023-07-12 14:44:36.892705 - Epoc #	3660	 13.738919019699097
2023-07-12 14:44:50.058703 - Epoc #	3670	 13.165997982025146
2023-07-12 14:45:03.553022 - Epoc #	3680	 13.494318962097168
2023-07-12 14:45:16.864968 - Epoc #	3690	 13.311946153640747
2023-07-12 14:45:29.775460 - Epoc #	3700	 12.910491943359375
2023-07-12 14:45:42.344534 - Epoc #	3710	 12.569073915481567
2023-07-12 14:45:56.931898 - Epoc #	3720	 14.587364196777344
2023-07-12 14:46:09.872633 - Epoc #	3730	 12.94073486328125
2023-07-12 14:46:23.149176 - Epoc #	3740	 13.276542901992798
2023-07-12 14:46:36.231569 - Epoc #	3750	 13.082393169403076
2023-07-12 14:46:49.559946 - Epoc #	3760	 13.32837700843811
2023-07-12 14:47:02.177812 - Epoc #	3770	 12.617866039276123
2023-07-12 14:47:15.564905 - Epoc #	3780	 13.38709282875061
2023-07-12 14:47:27.820658 - Epoc #	3790	 12.25575304031372
2023-07-12 14:47:41.423254 - Epoc #	3800	 13.602596044540405
2023-07-12 14:47:54.496424 - Epoc #	3810	 13.073169946670532
2023-07-12 14:48:06.754796 - Epoc #	3820	 12.258372068405151
2023-07-12 14:48:19.430830 - Epoc #	3830	 12.676033973693848
2023-07-12 14:48:33.035510 - Epoc #	3840	 13.604680061340332
2023-07-12 14:48:46.373903 - Epoc #	3850	 13.338392972946167
2023-07-12 14:48:59.358837 - Epoc #	3860	 12.984933853149414
2023-07-12 14:49:12.821525 - Epoc #	3870	 13.462688207626343
2023-07-12 14:49:25.862001 - Epoc #	3880	 13.040475845336914
2023-07-12 14:49:39.098029 - Epoc #	3890	 13.236027956008911
2023-07-12 14:49:52.987082 - Epoc #	3900	 13.889053106307983
2023-07-12 14:50:06.349224 - Epoc #	3910	 13.362142086029053
2023-07-12 14:50:19.513756 - Epoc #	3920	 13.164531946182251
2023-07-12 14:50:32.305343 - Epoc #	3930	 12.791586875915527
2023-07-12 14:50:45.336050 - Epoc #	3940	 13.030707120895386
2023-07-12 14:50:57.859059 - Epoc #	3950	 12.523009061813354
2023-07-12 14:51:11.171817 - Epoc #	3960	 13.312757968902588
2023-07-12 14:51:24.167460 - Epoc #	3970	 12.995642900466919
2023-07-12 14:51:36.625566 - Epoc #	3980	 12.45810604095459
2023-07-12 14:51:49.288334 - Epoc #	3990	 12.662767887115479
2023-07-12 14:52:02.456416 - Epoc #	4000	 13.168081998825073
2023-07-12 14:52:16.220495 - Epoc #	4010	 13.764079093933105
2023-07-12 14:52:29.321049 - Epoc #	4020	 13.1005539894104
2023-07-12 14:52:42.774365 - Epoc #	4030	 13.45331597328186
2023-07-12 14:52:55.252437 - Epoc #	4040	 12.478072166442871
2023-07-12 14:53:08.350152 - Epoc #	4050	 13.097714900970459
2023-07-12 14:53:22.762903 - Epoc #	4060	 14.412750959396362
2023-07-12 14:53:35.586855 - Epoc #	4070	 12.823951959609985
2023-07-12 14:53:49.222062 - Epoc #	4080	 13.635207176208496
2023-07-12 14:54:03.577469 - Epoc #	4090	 14.355406999588013
2023-07-12 14:54:17.077182 - Epoc #	4100	 13.499712944030762
2023-07-12 14:54:29.477521 - Epoc #	4110	 12.400338888168335
2023-07-12 14:54:41.953759 - Epoc #	4120	 12.476238012313843
2023-07-12 14:54:55.514926 - Epoc #	4130	 13.561167001724243
2023-07-12 14:55:09.068608 - Epoc #	4140	 13.553682088851929
2023-07-12 14:55:22.282104 - Epoc #	4150	 13.213495969772339
2023-07-12 14:55:36.347214 - Epoc #	4160	 14.065109968185425
2023-07-12 14:55:49.544008 - Epoc #	4170	 13.196794033050537
2023-07-12 14:56:02.725920 - Epoc #	4180	 13.181911945343018
2023-07-12 14:56:15.876135 - Epoc #	4190	 13.150215148925781
2023-07-12 14:56:29.545196 - Epoc #	4200	 13.669060945510864
2023-07-12 14:56:33.396350 - Time between reward step: #	5885.838881969452
2023-07-12 14:56:33.396350 - Average Score: 22.00 Elapsed time: 1:38:07.074148
2023-07-12 14:56:36.260819 - Time between reward step: #	5888.703351020813
2023-07-12 14:56:36.260819 - Average Score: 23.00 Elapsed time: 1:38:09.928829
2023-07-12 14:56:42.871856 - Epoc #	4210	 13.326659917831421
2023-07-12 14:56:51.727288 - Time between reward step: #	5904.169820070267
2023-07-12 14:56:51.727288 - Average Score: 24.00 Elapsed time: 1:38:25.393289
2023-07-12 14:56:54.424065 - Time between reward step: #	5906.866597175598
2023-07-12 14:56:54.424065 - Average Score: 25.00 Elapsed time: 1:38:28.101325
2023-07-12 14:56:55.817237 - Epoc #	4220	 12.945380926132202
2023-07-12 14:57:08.695968 - Epoc #	4230	 12.87873101234436
2023-07-12 14:57:15.023750 - Time between reward step: #	5927.466282129288
2023-07-12 14:57:15.023750 - Average Score: 26.00 Elapsed time: 1:38:48.696545
2023-07-12 14:57:16.574358 - Time between reward step: #	5929.016890048981
2023-07-12 14:57:16.574358 - Average Score: 27.00 Elapsed time: 1:38:50.237573
2023-07-12 14:57:22.076190 - Epoc #	4240	 13.380222082138062
2023-07-12 14:57:35.188825 - Epoc #	4250	 13.112634897232056
2023-07-12 14:57:48.856783 - Epoc #	4260	 13.66795802116394
2023-07-12 14:58:02.483063 - Epoc #	4270	 13.626280069351196
2023-07-12 14:58:15.303097 - Epoc #	4280	 12.82003402709961
2023-07-12 14:58:28.469381 - Epoc #	4290	 13.166284084320068
2023-07-12 14:58:42.026439 - Epoc #	4300	 13.557057857513428
2023-07-12 14:58:54.941302 - Epoc #	4310	 12.914863109588623
2023-07-12 14:59:08.329586 - Epoc #	4320	 13.388283967971802
2023-07-12 14:59:21.603009 - Epoc #	4330	 13.273422956466675
2023-07-12 14:59:34.531874 - Epoc #	4340	 12.9288649559021
2023-07-12 14:59:47.371719 - Epoc #	4350	 12.839844942092896
2023-07-12 15:00:01.075005 - Epoc #	4360	 13.703286170959473
2023-07-12 15:00:16.167570 - Epoc #	4370	 15.092565059661865
2023-07-12 15:00:28.636019 - Epoc #	4380	 12.468448877334595
2023-07-12 15:00:42.820540 - Epoc #	4390	 14.184520959854126
2023-07-12 15:00:56.117459 - Epoc #	4400	 13.296919107437134
2023-07-12 15:01:10.362629 - Epoc #	4410	 14.245169878005981
2023-07-12 15:01:23.212959 - Epoc #	4420	 12.850330114364624
2023-07-12 15:01:35.948437 - Epoc #	4430	 12.735477924346924
2023-07-12 15:01:49.966088 - Epoc #	4440	 14.002021074295044
2023-07-12 15:02:03.038667 - Epoc #	4450	 13.07257890701294
2023-07-12 15:02:15.590339 - Epoc #	4460	 12.551671981811523
2023-07-12 15:02:28.533075 - Epoc #	4470	 12.942736148834229
2023-07-12 15:02:41.561237 - Epoc #	4480	 13.028162002563477
2023-07-12 15:02:54.808889 - Epoc #	4490	 13.247651815414429
2023-07-12 15:03:07.226886 - Epoc #	4500	 12.417997121810913
2023-07-12 15:03:20.178718 - Epoc #	4510	 12.951832056045532
2023-07-12 15:03:32.703506 - Epoc #	4520	 12.524787902832031
2023-07-12 15:03:45.788096 - Epoc #	4530	 13.084589958190918
2023-07-12 15:03:59.649744 - Epoc #	4540	 13.861648082733154
2023-07-12 15:04:13.741522 - Epoc #	4550	 14.091778039932251
2023-07-12 15:04:27.505188 - Epoc #	4560	 13.763665914535522
2023-07-12 15:04:41.219954 - Epoc #	4570	 13.714766025543213
2023-07-12 15:04:54.949940 - Epoc #	4580	 13.72998595237732
2023-07-12 15:05:07.972895 - Epoc #	4590	 13.022954940795898
2023-07-12 15:05:20.480776 - Epoc #	4600	 12.507881164550781
2023-07-12 15:05:33.929211 - Epoc #	4610	 13.448434829711914
2023-07-12 15:05:48.327008 - Epoc #	4620	 14.397797107696533
2023-07-12 15:06:02.344085 - Epoc #	4630	 14.017076969146729
2023-07-12 15:06:16.276139 - Epoc #	4640	 13.932054042816162
2023-07-12 15:06:29.208590 - Epoc #	4650	 12.932451009750366
2023-07-12 15:06:43.059612 - Epoc #	4660	 13.851022005081177
2023-07-12 15:06:56.324783 - Epoc #	4670	 13.26517105102539
2023-07-12 15:07:09.385385 - Epoc #	4680	 13.060601949691772
2023-07-12 15:07:22.346018 - Epoc #	4690	 12.960633039474487
2023-07-12 15:07:36.239924 - Epoc #	4700	 13.893905878067017
2023-07-12 15:07:49.045497 - Epoc #	4710	 12.805572986602783
2023-07-12 15:08:01.653201 - Epoc #	4720	 12.607704162597656
2023-07-12 15:08:15.020131 - Epoc #	4730	 13.36693000793457
2023-07-12 15:08:28.152521 - Epoc #	4740	 13.132389783859253
2023-07-12 15:08:41.126531 - Epoc #	4750	 12.974009990692139
2023-07-12 15:08:54.616214 - Epoc #	4760	 13.489683151245117
2023-07-12 15:09:07.422080 - Epoc #	4770	 12.805866003036499
2023-07-12 15:09:20.544776 - Epoc #	4780	 13.122695922851562
2023-07-12 15:09:33.682421 - Epoc #	4790	 13.13764500617981
2023-07-12 15:09:47.569233 - Epoc #	4800	 13.886811971664429
2023-07-12 15:10:01.880975 - Epoc #	4810	 14.311742067337036
2023-07-12 15:10:16.306111 - Epoc #	4820	 14.425136089324951
2023-07-12 15:10:28.957499 - Epoc #	4830	 12.651387929916382
2023-07-12 15:10:41.735094 - Epoc #	4840	 12.777595043182373
2023-07-12 15:10:54.590441 - Epoc #	4850	 12.855346918106079
2023-07-12 15:11:07.792374 - Epoc #	4860	 13.201932907104492
2023-07-12 15:11:21.479779 - Epoc #	4870	 13.687405109405518
2023-07-12 15:11:35.008082 - Epoc #	4880	 13.528302907943726
2023-07-12 15:11:48.085827 - Epoc #	4890	 13.077745199203491
2023-07-12 15:12:01.534920 - Epoc #	4900	 13.449092864990234
2023-07-12 15:12:14.558554 - Epoc #	4910	 13.02363395690918
2023-07-12 15:12:27.742410 - Epoc #	4920	 13.183856010437012
2023-07-12 15:12:40.483893 - Epoc #	4930	 12.741482973098755
2023-07-12 15:12:54.289342 - Epoc #	4940	 13.80544900894165
2023-07-12 15:13:07.375715 - Epoc #	4950	 13.086373090744019
2023-07-12 15:13:21.815350 - Epoc #	4960	 14.439635038375854
2023-07-12 15:13:35.152448 - Epoc #	4970	 13.337097883224487
2023-07-12 15:13:48.536832 - Epoc #	4980	 13.384384155273438
2023-07-12 15:14:02.449189 - Epoc #	4990	 13.912356853485107
2023-07-12 15:14:14.894556 - Epoc #	5000	 12.445367097854614
2023-07-12 15:14:27.591050 - Epoc #	5010	 12.696493864059448
2023-07-12 15:14:41.111869 - Epoc #	5020	 13.520819187164307
2023-07-12 15:14:55.591744 - Epoc #	5030	 14.479874849319458
2023-07-12 15:15:08.495637 - Epoc #	5040	 12.903892993927002
2023-07-12 15:15:22.081185 - Epoc #	5050	 13.585548162460327
2023-07-12 15:15:35.275670 - Epoc #	5060	 13.194484949111938
2023-07-12 15:15:48.637572 - Epoc #	5070	 13.361901998519897
2023-07-12 15:16:01.053242 - Epoc #	5080	 12.415669918060303
2023-07-12 15:16:14.170265 - Epoc #	5090	 13.11702299118042
2023-07-12 15:16:27.861147 - Epoc #	5100	 13.690881967544556
2023-07-12 15:16:41.230434 - Epoc #	5110	 13.369287014007568
2023-07-12 15:16:54.398782 - Epoc #	5120	 13.16834807395935
2023-07-12 15:17:07.192457 - Epoc #	5130	 12.793674945831299
2023-07-12 15:17:20.565478 - Epoc #	5140	 13.373021125793457
2023-07-12 15:17:34.185147 - Epoc #	5150	 13.619668960571289
2023-07-12 15:17:47.119357 - Epoc #	5160	 12.934210062026978
2023-07-12 15:17:59.799206 - Epoc #	5170	 12.679848909378052
2023-07-12 15:18:12.219867 - Epoc #	5180	 12.420660972595215
2023-07-12 15:18:25.531741 - Epoc #	5190	 13.31187391281128
2023-07-12 15:18:38.638205 - Epoc #	5200	 13.106464147567749
2023-07-12 15:18:51.679845 - Epoc #	5210	 13.041640043258667
2023-07-12 15:19:04.865570 - Epoc #	5220	 13.185724973678589
2023-07-12 15:19:20.995627 - Epoc #	5230	 16.130056858062744
2023-07-12 15:19:34.271884 - Epoc #	5240	 13.276257038116455
2023-07-12 15:19:48.063828 - Epoc #	5250	 13.791944026947021
2023-07-12 15:20:01.544369 - Epoc #	5260	 13.480540990829468
2023-07-12 15:20:14.932581 - Epoc #	5270	 13.388211965560913
2023-07-12 15:20:27.756295 - Epoc #	5280	 12.823714017868042
2023-07-12 15:20:40.587246 - Epoc #	5290	 12.83095097541809
2023-07-12 15:20:53.926934 - Epoc #	5300	 13.339688062667847
2023-07-12 15:21:07.502238 - Epoc #	5310	 13.57530403137207
2023-07-12 15:21:20.951698 - Epoc #	5320	 13.44946002960205
2023-07-12 15:21:34.195609 - Epoc #	5330	 13.243911027908325
2023-07-12 15:21:47.502582 - Epoc #	5340	 13.306972980499268
2023-07-12 15:22:01.075988 - Epoc #	5350	 13.573405981063843
2023-07-12 15:22:14.618203 - Epoc #	5360	 13.54221487045288
2023-07-12 15:22:28.193365 - Epoc #	5370	 13.575162172317505
2023-07-12 15:22:41.864654 - Epoc #	5380	 13.671288967132568
2023-07-12 15:22:54.766744 - Epoc #	5390	 12.902089834213257
2023-07-12 15:23:07.606491 - Epoc #	5400	 12.839747190475464
2023-07-12 15:23:20.257332 - Epoc #	5410	 12.650840997695923
2023-07-12 15:23:33.819101 - Epoc #	5420	 13.561769008636475
2023-07-12 15:23:48.112277 - Epoc #	5430	 14.29317593574524
2023-07-12 15:24:01.577557 - Epoc #	5440	 13.465280055999756
2023-07-12 15:24:16.255488 - Epoc #	5450	 14.67793083190918
2023-07-12 15:24:28.780840 - Epoc #	5460	 12.525352001190186
2023-07-12 15:24:42.231776 - Epoc #	5470	 13.450936079025269
2023-07-12 15:24:55.884396 - Epoc #	5480	 13.652620077133179
2023-07-12 15:25:10.304500 - Epoc #	5490	 14.420104026794434
2023-07-12 15:25:22.403879 - Epoc #	5500	 12.099378824234009
2023-07-12 15:25:35.933144 - Epoc #	5510	 13.52926516532898
2023-07-12 15:25:49.670370 - Epoc #	5520	 13.737226009368896
2023-07-12 15:26:02.737474 - Epoc #	5530	 13.067103862762451
2023-07-12 15:26:15.781249 - Epoc #	5540	 13.043775081634521
2023-07-12 15:26:28.161241 - Epoc #	5550	 12.379992008209229
2023-07-12 15:26:41.216765 - Epoc #	5560	 13.055523872375488
2023-07-12 15:26:53.916337 - Epoc #	5570	 12.699572086334229
2023-07-12 15:27:07.086242 - Epoc #	5580	 13.169904947280884
2023-07-12 15:27:20.394705 - Epoc #	5590	 13.308463096618652
2023-07-12 15:27:34.651361 - Epoc #	5600	 14.256655931472778
2023-07-12 15:27:47.667156 - Epoc #	5610	 13.0157949924469
2023-07-12 15:28:00.723465 - Epoc #	5620	 13.05630898475647
2023-07-12 15:28:14.250713 - Epoc #	5630	 13.52724814414978
2023-07-12 15:28:23.842795 - Time between reward step: #	7796.285326957703
2023-07-12 15:28:23.842795 - Average Score: 28.00 Elapsed time: 2:09:57.512488
2023-07-12 15:28:29.087579 - Epoc #	5640	 14.836865901947021
2023-07-12 15:28:42.755088 - Epoc #	5650	 13.667509078979492
2023-07-12 15:28:56.089284 - Epoc #	5660	 13.334195852279663
2023-07-12 15:29:09.426131 - Epoc #	5670	 13.336847066879272
2023-07-12 15:29:14.858484 - Time between reward step: #	7847.3010160923
2023-07-12 15:29:14.858484 - Average Score: 29.00 Elapsed time: 2:10:48.526904
2023-07-12 15:29:16.315003 - Time between reward step: #	7848.757534980774
2023-07-12 15:29:16.315003 - Average Score: 30.00 Elapsed time: 2:10:49.978537
2023-07-12 15:29:22.703665 - Epoc #	5680	 13.277534008026123
2023-07-12 15:29:35.227917 - Epoc #	5690	 12.524251937866211
2023-07-12 15:29:40.894469 - Time between reward step: #	7873.337001085281
2023-07-12 15:29:40.894469 - Average Score: 31.00 Elapsed time: 2:11:14.567855
2023-07-12 15:29:42.522558 - Time between reward step: #	7874.965090036392
2023-07-12 15:29:42.522558 - Average Score: 32.00 Elapsed time: 2:11:16.191956
2023-07-12 15:29:48.735803 - Epoc #	5700	 13.507885932922363
2023-07-12 15:30:03.008477 - Epoc #	5710	 14.272674083709717
2023-07-12 15:30:05.904613 - Time between reward step: #	7898.347145080566
2023-07-12 15:30:05.904613 - Average Score: 33.00 Elapsed time: 2:11:39.575045
2023-07-12 15:30:16.378226 - Epoc #	5720	 13.369749069213867
2023-07-12 15:30:29.367519 - Epoc #	5730	 12.989292860031128
2023-07-12 15:30:41.490113 - Epoc #	5740	 12.122594118118286
2023-07-12 15:30:55.282596 - Epoc #	5750	 13.79248309135437
2023-07-12 15:31:09.622512 - Epoc #	5760	 14.339915990829468
2023-07-12 15:31:22.692998 - Epoc #	5770	 13.070485830307007
2023-07-12 15:31:35.737969 - Epoc #	5780	 13.044970989227295
2023-07-12 15:31:49.650133 - Epoc #	5790	 13.912163972854614
2023-07-12 15:32:02.972768 - Epoc #	5800	 13.322635173797607
2023-07-12 15:32:16.338356 - Epoc #	5810	 13.365587949752808
2023-07-12 15:32:29.683360 - Epoc #	5820	 13.345004081726074
2023-07-12 15:32:42.977275 - Epoc #	5830	 13.293914794921875
2023-07-12 15:32:57.435504 - Epoc #	5840	 14.458229064941406
2023-07-12 15:33:10.588151 - Epoc #	5850	 13.152647018432617
2023-07-12 15:33:23.112738 - Epoc #	5860	 12.524586915969849
2023-07-12 15:33:37.504434 - Epoc #	5870	 14.391696214675903
2023-07-12 15:33:50.748858 - Epoc #	5880	 13.244423866271973
2023-07-12 15:34:05.335863 - Epoc #	5890	 14.587005138397217
2023-07-12 15:34:18.543649 - Epoc #	5900	 13.207785844802856
2023-07-12 15:34:33.289820 - Epoc #	5910	 14.746170997619629
2023-07-12 15:34:47.067905 - Epoc #	5920	 13.778084993362427
2023-07-12 15:34:59.968208 - Epoc #	5930	 12.90030312538147
2023-07-12 15:35:14.876073 - Epoc #	5940	 14.907864809036255
2023-07-12 15:35:29.032557 - Epoc #	5950	 14.156484127044678
2023-07-12 15:35:45.083771 - Epoc #	5960	 16.05121397972107
2023-07-12 15:35:57.943547 - Epoc #	5970	 12.859776020050049
2023-07-12 15:36:10.738359 - Epoc #	5980	 12.794811964035034
2023-07-12 15:36:23.854939 - Epoc #	5990	 13.11658000946045
2023-07-12 15:36:37.498928 - Epoc #	6000	 13.643989086151123
2023-07-12 15:36:50.790140 - Epoc #	6010	 13.2912118434906
2023-07-12 15:37:04.296667 - Epoc #	6020	 13.506527185440063
2023-07-12 15:37:17.491644 - Epoc #	6030	 13.194976806640625
2023-07-12 15:37:32.191110 - Epoc #	6040	 14.699465990066528
2023-07-12 15:37:45.669957 - Epoc #	6050	 13.478847026824951
2023-07-12 15:37:59.558273 - Epoc #	6060	 13.88831615447998
2023-07-12 15:38:12.269014 - Epoc #	6070	 12.710740804672241
2023-07-12 15:38:25.190843 - Epoc #	6080	 12.921829223632812
2023-07-12 15:38:38.279542 - Epoc #	6090	 13.088698863983154
2023-07-12 15:38:51.268679 - Epoc #	6100	 12.989136934280396
2023-07-12 15:39:04.751126 - Epoc #	6110	 13.482447147369385
2023-07-12 15:39:17.850489 - Epoc #	6120	 13.099362850189209
2023-07-12 15:39:31.055388 - Epoc #	6130	 13.204899072647095
2023-07-12 15:39:44.621429 - Epoc #	6140	 13.566040992736816
2023-07-12 15:39:59.011230 - Epoc #	6150	 14.389801025390625
2023-07-12 15:40:12.932610 - Epoc #	6160	 13.921380043029785
2023-07-12 15:40:23.771241 - Time between reward step: #	8516.213773012161
2023-07-12 15:40:23.771241 - Average Score: 34.00 Elapsed time: 2:21:57.438078
2023-07-12 15:40:26.213766 - Epoc #	6170	 13.281156063079834
2023-07-12 15:40:39.647772 - Epoc #	6180	 13.434005975723267
2023-07-12 15:40:41.101160 - Time between reward step: #	8533.543692111969
2023-07-12 15:40:41.101160 - Average Score: 35.00 Elapsed time: 2:22:14.778050
2023-07-12 15:40:48.754672 - Time between reward step: #	8541.197204113007
2023-07-12 15:40:48.754672 - Average Score: 36.00 Elapsed time: 2:22:22.427389
2023-07-12 15:40:52.375528 - Epoc #	6190	 12.727756023406982
2023-07-12 15:41:06.790834 - Epoc #	6200	 14.415305852890015
2023-07-12 15:41:20.161188 - Epoc #	6210	 13.370353937149048
2023-07-12 15:41:34.391076 - Epoc #	6220	 14.229888200759888
2023-07-12 15:41:47.947442 - Epoc #	6230	 13.556365966796875
2023-07-12 15:42:01.890502 - Epoc #	6240	 13.943059921264648
2023-07-12 15:42:15.826393 - Epoc #	6250	 13.935890913009644
2023-07-12 15:42:28.723317 - Epoc #	6260	 12.896924018859863
2023-07-12 15:42:42.065747 - Epoc #	6270	 13.342430114746094
2023-07-12 15:42:55.034857 - Epoc #	6280	 12.969110012054443
2023-07-12 15:43:08.443337 - Epoc #	6290	 13.408479928970337
2023-07-12 15:43:22.284442 - Epoc #	6300	 13.841104984283447
2023-07-12 15:43:35.796824 - Epoc #	6310	 13.51238203048706
2023-07-12 15:43:49.467660 - Epoc #	6320	 13.670835971832275
2023-07-12 15:44:03.198637 - Epoc #	6330	 13.730977058410645
2023-07-12 15:44:17.306432 - Epoc #	6340	 14.107795000076294
2023-07-12 15:44:30.616192 - Epoc #	6350	 13.309760093688965
2023-07-12 15:44:43.862292 - Epoc #	6360	 13.246099948883057
2023-07-12 15:44:57.286680 - Epoc #	6370	 13.42438793182373
2023-07-12 15:45:09.733565 - Epoc #	6380	 12.446885108947754
2023-07-12 15:45:23.280684 - Epoc #	6390	 13.547118902206421
2023-07-12 15:45:36.369693 - Epoc #	6400	 13.089009046554565
2023-07-12 15:45:49.291395 - Epoc #	6410	 12.921701908111572
2023-07-12 15:46:03.360984 - Epoc #	6420	 14.069589138031006
2023-07-12 15:46:15.903134 - Epoc #	6430	 12.542150020599365
2023-07-12 15:46:28.897785 - Epoc #	6440	 12.994650840759277
2023-07-12 15:46:42.242445 - Epoc #	6450	 13.34466004371643
2023-07-12 15:46:56.401829 - Epoc #	6460	 14.15938401222229
2023-07-12 15:47:09.507862 - Epoc #	6470	 13.106033086776733
2023-07-12 15:47:22.442415 - Epoc #	6480	 12.934552907943726
2023-07-12 15:47:35.836709 - Epoc #	6490	 13.394294023513794
2023-07-12 15:47:49.313700 - Epoc #	6500	 13.476990938186646
2023-07-12 15:48:02.693294 - Epoc #	6510	 13.379594087600708
2023-07-12 15:48:16.659957 - Epoc #	6520	 13.966662883758545
2023-07-12 15:48:31.122879 - Epoc #	6530	 14.462922096252441
2023-07-12 15:48:44.225408 - Epoc #	6540	 13.086899042129517
2023-07-12 15:48:57.077000 - Epoc #	6550	 12.85159182548523
2023-07-12 15:49:10.158204 - Epoc #	6560	 13.081204175949097
2023-07-12 15:49:23.338015 - Epoc #	6570	 13.179811000823975
2023-07-12 15:49:36.533114 - Epoc #	6580	 13.195098876953125
2023-07-12 15:49:50.340874 - Epoc #	6590	 13.807760000228882
2023-07-12 15:50:04.276890 - Epoc #	6600	 13.936016082763672
2023-07-12 15:50:18.002265 - Epoc #	6610	 13.725374937057495
2023-07-12 15:50:32.706689 - Epoc #	6620	 14.704423904418945
2023-07-12 15:50:46.776021 - Epoc #	6630	 14.069332122802734
2023-07-12 15:50:59.533268 - Epoc #	6640	 12.757246971130371
2023-07-12 15:51:12.594868 - Epoc #	6650	 13.061599969863892
2023-07-12 15:51:26.199249 - Epoc #	6660	 13.604381084442139
2023-07-12 15:51:39.929718 - Epoc #	6670	 13.730468988418579
2023-07-12 15:51:53.740624 - Epoc #	6680	 13.810905933380127
2023-07-12 15:52:06.985229 - Epoc #	6690	 13.24460506439209
2023-07-12 15:52:19.849862 - Epoc #	6700	 12.864633083343506
2023-07-12 15:52:33.061847 - Epoc #	6710	 13.211984872817993
2023-07-12 15:52:46.514892 - Epoc #	6720	 13.453045129776001
2023-07-12 15:53:00.040886 - Epoc #	6730	 13.525993824005127
2023-07-12 15:53:13.780749 - Epoc #	6740	 13.739863157272339
2023-07-12 15:53:24.285596 - Time between reward step: #	9296.72812795639
2023-07-12 15:53:24.285596 - Average Score: 37.00 Elapsed time: 2:34:57.956272
2023-07-12 15:53:26.872900 - Epoc #	6750	 13.092150926589966
2023-07-12 15:53:39.907271 - Time between reward step: #	9312.349802970886
2023-07-12 15:53:39.907271 - Average Score: 38.00 Elapsed time: 2:35:13.573016
2023-07-12 15:53:41.429458 - Epoc #	6760	 14.556557893753052
2023-07-12 15:53:56.282820 - Epoc #	6770	 14.853362083435059
2023-07-12 15:54:09.914725 - Epoc #	6780	 13.63190507888794
2023-07-12 15:54:22.082422 - Time between reward step: #	9354.524954080582
2023-07-12 15:54:22.082422 - Average Score: 39.00 Elapsed time: 2:35:55.756794
2023-07-12 15:54:23.412590 - Epoc #	6790	 13.497864961624146
2023-07-12 15:54:36.519354 - Epoc #	6800	 13.106764078140259
2023-07-12 15:54:49.752889 - Epoc #	6810	 13.233534812927246
2023-07-12 15:55:03.489290 - Epoc #	6820	 13.736401081085205
2023-07-12 15:55:16.736969 - Epoc #	6830	 13.247678995132446
2023-07-12 15:55:31.007394 - Epoc #	6840	 14.270425081253052
2023-07-12 15:55:44.562337 - Epoc #	6850	 13.554942846298218
2023-07-12 15:55:57.834480 - Epoc #	6860	 13.272143125534058
2023-07-12 15:56:11.037320 - Epoc #	6870	 13.202839851379395
2023-07-12 15:56:25.110941 - Epoc #	6880	 14.073621034622192
2023-07-12 15:56:38.200591 - Epoc #	6890	 13.08965015411377
2023-07-12 15:56:52.108844 - Epoc #	6900	 13.908252954483032
2023-07-12 15:57:05.279010 - Epoc #	6910	 13.170166015625
2023-07-12 15:57:19.140552 - Epoc #	6920	 13.861541986465454
2023-07-12 15:57:32.719026 - Epoc #	6930	 13.578474044799805
2023-07-12 15:57:45.696338 - Epoc #	6940	 12.977311849594116
2023-07-12 15:57:58.845623 - Epoc #	6950	 13.149285078048706
2023-07-12 15:58:12.454508 - Epoc #	6960	 13.608885049819946
2023-07-12 15:58:25.531366 - Epoc #	6970	 13.076858043670654
2023-07-12 15:58:42.125160 - Epoc #	6980	 16.593793869018555
2023-07-12 15:58:55.290484 - Epoc #	6990	 13.165323972702026
2023-07-12 15:59:08.535102 - Epoc #	7000	 13.244617938995361
2023-07-12 15:59:21.061943 - Epoc #	7010	 12.526841163635254
2023-07-12 15:59:34.259735 - Epoc #	7020	 13.197792053222656
2023-07-12 15:59:47.796377 - Epoc #	7030	 13.536641836166382
2023-07-12 16:00:01.094524 - Epoc #	7040	 13.298146963119507
2023-07-12 16:00:14.202140 - Epoc #	7050	 13.107616186141968
2023-07-12 16:00:27.386291 - Epoc #	7060	 13.18415093421936
2023-07-12 16:00:40.495796 - Epoc #	7070	 13.10950493812561
2023-07-12 16:00:54.086576 - Epoc #	7080	 13.590780019760132
2023-07-12 16:01:07.149768 - Epoc #	7090	 13.063192129135132
2023-07-12 16:01:20.822546 - Epoc #	7100	 13.672777891159058
2023-07-12 16:01:33.733260 - Epoc #	7110	 12.910713911056519
2023-07-12 16:01:47.202017 - Epoc #	7120	 13.468757152557373
2023-07-12 16:02:00.903182 - Epoc #	7130	 13.701164960861206
2023-07-12 16:02:14.227977 - Epoc #	7140	 13.324795007705688
2023-07-12 16:02:27.613636 - Epoc #	7150	 13.385658979415894
2023-07-12 16:02:41.111443 - Epoc #	7160	 13.497807025909424
2023-07-12 16:02:54.859414 - Epoc #	7170	 13.747971057891846
2023-07-12 16:03:07.838676 - Epoc #	7180	 12.979261875152588
2023-07-12 16:03:21.023473 - Epoc #	7190	 13.184797048568726
2023-07-12 16:03:34.363745 - Epoc #	7200	 13.340271949768066
2023-07-12 16:03:47.653957 - Epoc #	7210	 13.290211915969849
2023-07-12 16:04:01.178231 - Epoc #	7220	 13.524274110794067
2023-07-12 16:04:10.499936 - Time between reward step: #	9942.942468166351
2023-07-12 16:04:10.499936 - Average Score: 40.00 Elapsed time: 2:45:44.178876
2023-07-12 16:04:14.480149 - Epoc #	7230	 13.301918029785156
2023-07-12 16:04:27.456544 - Epoc #	7240	 12.976394891738892
2023-07-12 16:04:30.242900 - Time between reward step: #	9962.685431957245
2023-07-12 16:04:30.242900 - Average Score: 41.00 Elapsed time: 2:46:03.911607
2023-07-12 16:04:41.092429 - Epoc #	7250	 13.635885000228882
2023-07-12 16:04:54.463701 - Epoc #	7260	 13.371272087097168
2023-07-12 16:05:07.313148 - Epoc #	7270	 12.849447011947632
2023-07-12 16:05:20.670444 - Epoc #	7280	 13.357295989990234
2023-07-12 16:05:34.984364 - Epoc #	7290	 14.313920021057129
2023-07-12 16:05:48.009190 - Epoc #	7300	 13.024826049804688
2023-07-12 16:06:01.047685 - Epoc #	7310	 13.03849482536316
2023-07-12 16:06:15.559201 - Epoc #	7320	 14.511516094207764
2023-07-12 16:06:29.406718 - Epoc #	7330	 13.847517013549805
2023-07-12 16:06:43.010700 - Epoc #	7340	 13.603981971740723
2023-07-12 16:06:56.867131 - Epoc #	7350	 13.856431007385254
2023-07-12 16:07:10.658896 - Epoc #	7360	 13.791764974594116
2023-07-12 16:07:24.544806 - Epoc #	7370	 13.885910034179688
2023-07-12 16:07:38.612223 - Epoc #	7380	 14.067416906356812
2023-07-12 16:07:52.344144 - Epoc #	7390	 13.731921195983887
2023-07-12 16:08:05.589525 - Epoc #	7400	 13.245380878448486
2023-07-12 16:08:19.052739 - Epoc #	7410	 13.463213920593262
2023-07-12 16:08:24.973053 - Time between reward step: #	10197.415585041046
2023-07-12 16:08:24.973053 - Average Score: 42.00 Elapsed time: 2:49:58.637376
2023-07-12 16:08:32.987714 - Epoc #	7420	 13.934975147247314
2023-07-12 16:08:46.266183 - Epoc #	7430	 13.27846884727478
2023-07-12 16:08:59.555425 - Epoc #	7440	 13.289242029190063
2023-07-12 16:09:12.828056 - Epoc #	7450	 13.272631168365479
2023-07-12 16:09:27.042481 - Epoc #	7460	 14.214424848556519
2023-07-12 16:09:40.764790 - Epoc #	7470	 13.722309112548828
2023-07-12 16:09:54.060879 - Epoc #	7480	 13.296088933944702
2023-07-12 16:10:07.299701 - Epoc #	7490	 13.238821983337402
2023-07-12 16:10:20.873957 - Epoc #	7500	 13.57425594329834
2023-07-12 16:10:34.603770 - Epoc #	7510	 13.72981309890747
2023-07-12 16:10:48.920048 - Epoc #	7520	 14.316277980804443
2023-07-12 16:11:02.040058 - Epoc #	7530	 13.120009899139404
2023-07-12 16:11:15.412399 - Epoc #	7540	 13.37234115600586
2023-07-12 16:11:29.361690 - Epoc #	7550	 13.949290990829468
2023-07-12 16:11:42.986298 - Epoc #	7560	 13.624608039855957
2023-07-12 16:11:57.701447 - Epoc #	7570	 14.71514892578125
2023-07-12 16:12:11.014135 - Epoc #	7580	 13.312687873840332
2023-07-12 16:12:24.630287 - Epoc #	7590	 13.616152048110962
2023-07-12 16:12:38.703820 - Epoc #	7600	 14.073533058166504
2023-07-12 16:12:51.973797 - Epoc #	7610	 13.26997709274292
2023-07-12 16:13:05.330053 - Epoc #	7620	 13.356256008148193
2023-07-12 16:13:18.714740 - Epoc #	7630	 13.384686946868896
2023-07-12 16:13:32.007809 - Epoc #	7640	 13.293068885803223
2023-07-12 16:13:45.782128 - Epoc #	7650	 13.774319171905518
2023-07-12 16:13:58.983633 - Epoc #	7660	 13.201504945755005
2023-07-12 16:14:12.496788 - Epoc #	7670	 13.513154983520508
2023-07-12 16:14:26.013372 - Epoc #	7680	 13.516583919525146
2023-07-12 16:14:40.127131 - Epoc #	7690	 14.11375904083252
2023-07-12 16:14:53.700044 - Epoc #	7700	 13.57291293144226
2023-07-12 16:15:07.705674 - Epoc #	7710	 14.005630016326904
2023-07-12 16:15:21.572452 - Epoc #	7720	 13.866778135299683
2023-07-12 16:15:34.913777 - Epoc #	7730	 13.341325044631958
2023-07-12 16:15:48.074733 - Epoc #	7740	 13.160955905914307
2023-07-12 16:16:01.795664 - Epoc #	7750	 13.720931053161621
2023-07-12 16:16:16.089755 - Epoc #	7760	 14.294090986251831
2023-07-12 16:16:28.833756 - Epoc #	7770	 12.744000911712646
2023-07-12 16:16:42.292821 - Epoc #	7780	 13.459064960479736
2023-07-12 16:16:55.445780 - Epoc #	7790	 13.152959108352661
2023-07-12 16:17:08.907308 - Epoc #	7800	 13.461528062820435
2023-07-12 16:17:22.700773 - Epoc #	7810	 13.79346489906311
2023-07-12 16:17:38.214786 - Epoc #	7820	 15.514013051986694
2023-07-12 16:17:51.741270 - Epoc #	7830	 13.52648401260376
2023-07-12 16:18:05.358637 - Epoc #	7840	 13.617367029190063
2023-07-12 16:18:19.132532 - Epoc #	7850	 13.773894786834717
2023-07-12 16:18:32.737381 - Epoc #	7860	 13.604849100112915
2023-07-12 16:18:46.655799 - Epoc #	7870	 13.918417930603027
2023-07-12 16:19:01.011886 - Epoc #	7880	 14.35608696937561
2023-07-12 16:19:15.499099 - Epoc #	7890	 14.487213134765625
2023-07-12 16:19:28.466131 - Epoc #	7900	 12.967031955718994
2023-07-12 16:19:41.853147 - Epoc #	7910	 13.38701605796814
2023-07-12 16:19:55.725244 - Epoc #	7920	 13.87209701538086
2023-07-12 16:20:09.692869 - Epoc #	7930	 13.96762490272522
2023-07-12 16:20:24.913051 - Epoc #	7940	 15.220181941986084
2023-07-12 16:20:38.238385 - Epoc #	7950	 13.325334072113037
2023-07-12 16:20:51.487177 - Epoc #	7960	 13.248791933059692
2023-07-12 16:21:04.970888 - Epoc #	7970	 13.483711004257202
2023-07-12 16:21:18.432313 - Epoc #	7980	 13.461425065994263
2023-07-12 16:21:32.232528 - Epoc #	7990	 13.800215005874634
2023-07-12 16:21:46.479273 - Epoc #	8000	 14.246745109558105
2023-07-12 16:22:00.186778 - Epoc #	8010	 13.707504987716675
2023-07-12 16:22:13.025053 - Epoc #	8020	 12.838274955749512
2023-07-12 16:22:26.147541 - Epoc #	8030	 13.122488021850586
2023-07-12 16:22:39.063877 - Epoc #	8040	 12.916336059570312
2023-07-12 16:22:52.012072 - Epoc #	8050	 12.948194980621338
2023-07-12 16:23:05.328202 - Epoc #	8060	 13.316129922866821
2023-07-12 16:23:19.517653 - Epoc #	8070	 14.189450979232788
2023-07-12 16:23:33.215733 - Epoc #	8080	 13.698080062866211
2023-07-12 16:23:46.445980 - Epoc #	8090	 13.230247020721436
2023-07-12 16:24:00.143050 - Epoc #	8100	 13.697069883346558
2023-07-12 16:24:13.327753 - Epoc #	8110	 13.18470311164856
2023-07-12 16:24:27.035254 - Epoc #	8120	 13.70750093460083
2023-07-12 16:24:40.517023 - Epoc #	8130	 13.48176908493042
2023-07-12 16:24:53.807403 - Epoc #	8140	 13.290380001068115
2023-07-12 16:25:07.978379 - Epoc #	8150	 14.170975923538208
2023-07-12 16:25:21.353423 - Epoc #	8160	 13.375044107437134
2023-07-12 16:25:34.740845 - Epoc #	8170	 13.38742184638977
2023-07-12 16:25:48.112200 - Epoc #	8180	 13.371355056762695
2023-07-12 16:26:01.755039 - Epoc #	8190	 13.642838954925537
2023-07-12 16:26:15.091192 - Epoc #	8200	 13.336153030395508
2023-07-12 16:26:28.585517 - Epoc #	8210	 13.494324922561646
2023-07-12 16:26:41.334896 - Epoc #	8220	 12.74937915802002
2023-07-12 16:26:54.565982 - Epoc #	8230	 13.231086015701294
2023-07-12 16:27:07.591604 - Epoc #	8240	 13.025621891021729
2023-07-12 16:27:21.102241 - Epoc #	8250	 13.510637044906616
2023-07-12 16:27:34.236232 - Epoc #	8260	 13.133991003036499
2023-07-12 16:27:47.634429 - Epoc #	8270	 13.398196935653687
2023-07-12 16:28:01.096738 - Epoc #	8280	 13.462309122085571
2023-07-12 16:28:14.654783 - Epoc #	8290	 13.558044910430908
2023-07-12 16:28:28.145661 - Epoc #	8300	 13.490878105163574
2023-07-12 16:28:42.232840 - Epoc #	8310	 14.087178945541382
2023-07-12 16:28:55.131791 - Epoc #	8320	 12.898951053619385
2023-07-12 16:29:08.414284 - Epoc #	8330	 13.282492876052856
2023-07-12 16:29:22.411491 - Epoc #	8340	 13.997206926345825
2023-07-12 16:29:35.950014 - Epoc #	8350	 13.538523197174072
2023-07-12 16:29:49.126722 - Epoc #	8360	 13.176707983016968
2023-07-12 16:30:01.546493 - Epoc #	8370	 12.419770956039429
2023-07-12 16:30:15.400782 - Epoc #	8380	 13.854289054870605
2023-07-12 16:30:28.405159 - Epoc #	8390	 13.004376888275146
2023-07-12 16:30:42.262223 - Epoc #	8400	 13.857064008712769
2023-07-12 16:30:55.218650 - Epoc #	8410	 12.956427097320557
2023-07-12 16:31:08.374954 - Epoc #	8420	 13.156303882598877
2023-07-12 16:31:21.049065 - Epoc #	8430	 12.674111127853394
2023-07-12 16:31:34.932176 - Epoc #	8440	 13.883111000061035
2023-07-12 16:31:48.330733 - Epoc #	8450	 13.39855694770813
2023-07-12 16:32:01.311339 - Epoc #	8460	 12.980605840682983
2023-07-12 16:32:14.845305 - Epoc #	8470	 13.533966064453125
2023-07-12 16:32:28.376253 - Epoc #	8480	 13.530947923660278
2023-07-12 16:32:41.635943 - Epoc #	8490	 13.259690046310425
2023-07-12 16:32:55.105041 - Epoc #	8500	 13.469098091125488
2023-07-12 16:33:08.684831 - Epoc #	8510	 13.579789876937866
2023-07-12 16:33:22.730981 - Epoc #	8520	 14.046150207519531
2023-07-12 16:33:36.195106 - Epoc #	8530	 13.464124917984009
2023-07-12 16:33:49.667769 - Epoc #	8540	 13.472662925720215
2023-07-12 16:34:03.132055 - Epoc #	8550	 13.464286088943481
2023-07-12 16:34:16.830496 - Epoc #	8560	 13.69844102859497
2023-07-12 16:34:30.056254 - Epoc #	8570	 13.225757837295532
2023-07-12 16:34:43.677606 - Epoc #	8580	 13.621352195739746
2023-07-12 16:34:57.123059 - Epoc #	8590	 13.44545292854309
2023-07-12 16:35:10.748253 - Epoc #	8600	 13.625194072723389
2023-07-12 16:35:23.758187 - Epoc #	8610	 13.009933948516846
2023-07-12 16:35:36.873318 - Epoc #	8620	 13.11513090133667
2023-07-12 16:35:51.039656 - Epoc #	8630	 14.166337966918945
2023-07-12 16:36:04.374165 - Epoc #	8640	 13.334509134292603
2023-07-12 16:36:17.340421 - Epoc #	8650	 12.966255903244019
2023-07-12 16:36:30.879736 - Epoc #	8660	 13.539314985275269
2023-07-12 16:36:44.454874 - Epoc #	8670	 13.575138092041016
2023-07-12 16:36:57.805765 - Epoc #	8680	 13.350890874862671
2023-07-12 16:37:10.784537 - Epoc #	8690	 12.978772163391113
2023-07-12 16:37:24.271529 - Epoc #	8700	 13.486991882324219
2023-07-12 16:37:37.680551 - Epoc #	8710	 13.409022092819214
2023-07-12 16:37:51.296587 - Epoc #	8720	 13.61603593826294
2023-07-12 16:38:05.400463 - Epoc #	8730	 14.103876113891602
2023-07-12 16:38:18.721313 - Epoc #	8740	 13.320849895477295
2023-07-12 16:38:31.849175 - Epoc #	8750	 13.127861976623535
2023-07-12 16:38:44.702854 - Epoc #	8760	 12.853678941726685
2023-07-12 16:38:58.404250 - Epoc #	8770	 13.701395988464355
2023-07-12 16:39:11.932276 - Epoc #	8780	 13.528026103973389
2023-07-12 16:39:26.134831 - Epoc #	8790	 14.202554941177368
2023-07-12 16:39:39.757445 - Epoc #	8800	 13.62261414527893
2023-07-12 16:39:53.296428 - Epoc #	8810	 13.53898286819458
2023-07-12 16:40:06.629255 - Epoc #	8820	 13.332827091217041
2023-07-12 16:40:19.871340 - Epoc #	8830	 13.242084980010986
2023-07-12 16:40:33.220420 - Epoc #	8840	 13.349079847335815
2023-07-12 16:40:46.490895 - Epoc #	8850	 13.270475149154663
2023-07-12 16:40:59.480072 - Epoc #	8860	 12.989176988601685
2023-07-12 16:41:13.147771 - Epoc #	8870	 13.667698860168457
2023-07-12 16:41:26.673697 - Epoc #	8880	 13.525926113128662
2023-07-12 16:41:39.601561 - Epoc #	8890	 12.927864074707031
2023-07-12 16:41:52.723450 - Epoc #	8900	 13.121888875961304
2023-07-12 16:42:06.368988 - Epoc #	8910	 13.645538091659546
2023-07-12 16:42:19.569232 - Epoc #	8920	 13.200243949890137
2023-07-12 16:42:32.943572 - Epoc #	8930	 13.374340057373047
2023-07-12 16:42:46.108026 - Epoc #	8940	 13.164453983306885
2023-07-12 16:42:59.729293 - Epoc #	8950	 13.621267080307007
2023-07-12 16:43:13.276982 - Epoc #	8960	 13.547688961029053
2023-07-12 16:43:26.200896 - Epoc #	8970	 12.923913955688477
2023-07-12 16:43:39.481908 - Epoc #	8980	 13.281012058258057
2023-07-12 16:43:52.665918 - Epoc #	8990	 13.184010028839111
2023-07-12 16:44:06.492124 - Epoc #	9000	 13.826205968856812
2023-07-12 16:44:19.919025 - Epoc #	9010	 13.426900863647461
2023-07-12 16:44:33.839607 - Epoc #	9020	 13.920582056045532
2023-07-12 16:44:47.563476 - Epoc #	9030	 13.72386908531189
2023-07-12 16:45:00.856054 - Epoc #	9040	 13.292577981948853
2023-07-12 16:45:14.304680 - Epoc #	9050	 13.448626041412354
2023-07-12 16:45:27.831789 - Epoc #	9060	 13.527108907699585
2023-07-12 16:45:42.364557 - Epoc #	9070	 14.53276801109314
2023-07-12 16:45:56.001740 - Epoc #	9080	 13.63718295097351
2023-07-12 16:46:01.495043 - Time between reward step: #	12453.937575101852
2023-07-12 16:46:01.495043 - Average Score: 43.00 Elapsed time: 3:27:35.163608
2023-07-12 16:46:05.519181 - Time between reward step: #	12457.961713075638
2023-07-12 16:46:05.519181 - Average Score: 44.00 Elapsed time: 3:27:39.196305
2023-07-12 16:46:09.399668 - Epoc #	9090	 13.39792799949646
2023-07-12 16:46:20.614684 - Time between reward step: #	12473.05721616745
2023-07-12 16:46:20.614684 - Average Score: 45.00 Elapsed time: 3:27:54.289205
2023-07-12 16:46:23.384933 - Epoc #	9100	 13.985265016555786
2023-07-12 16:46:24.792857 - Time between reward step: #	12477.235388994217
2023-07-12 16:46:24.792857 - Average Score: 46.00 Elapsed time: 3:27:58.470157
2023-07-12 16:46:36.752828 - Epoc #	9110	 13.367894887924194
2023-07-12 16:46:44.656069 - Time between reward step: #	12497.098601102829
2023-07-12 16:46:44.656069 - Average Score: 47.00 Elapsed time: 3:28:18.329903
2023-07-12 16:46:50.081659 - Epoc #	9120	 13.328831195831299
2023-07-12 16:46:59.785194 - Time between reward step: #	12512.227725982666
2023-07-12 16:46:59.785194 - Average Score: 48.00 Elapsed time: 3:28:33.461905
2023-07-12 16:47:03.922542 - Epoc #	9130	 13.840883016586304
2023-07-12 16:47:12.359686 - Time between reward step: #	12524.802217960358
2023-07-12 16:47:12.359686 - Average Score: 49.00 Elapsed time: 3:28:46.027865
2023-07-12 16:47:15.051430 - Time between reward step: #	12527.493962049484
2023-07-12 16:47:15.051430 - Average Score: 50.00 Elapsed time: 3:28:48.724799
2023-07-12 16:47:16.508002 - Time between reward step: #	12528.9505341053
2023-07-12 16:47:16.508002 - Average Score: 51.00 Elapsed time: 3:28:50.183249
2023-07-12 16:47:17.885841 - Epoc #	9140	 13.963298797607422
2023-07-12 16:47:19.422011 - Time between reward step: #	12531.86454296112
2023-07-12 16:47:19.422011 - Average Score: 52.00 Elapsed time: 3:28:53.088996
2023-07-12 16:47:21.020526 - Time between reward step: #	12533.463057994843
2023-07-12 16:47:21.020526 - Average Score: 53.00 Elapsed time: 3:28:54.691768
2023-07-12 16:47:31.334074 - Epoc #	9150	 13.448233127593994
2023-07-12 16:47:44.780479 - Epoc #	9160	 13.446404933929443
2023-07-12 16:47:57.938123 - Epoc #	9170	 13.157644033432007
2023-07-12 16:48:00.895550 - Time between reward step: #	12573.338082075119
2023-07-12 16:48:00.895550 - Average Score: 54.00 Elapsed time: 3:29:34.570044
2023-07-12 16:48:03.649792 - Time between reward step: #	12576.092324018478
2023-07-12 16:48:03.649792 - Average Score: 55.00 Elapsed time: 3:29:37.319287
2023-07-12 16:48:06.501992 - Time between reward step: #	12578.944524049759
2023-07-12 16:48:06.501992 - Average Score: 56.00 Elapsed time: 3:29:40.172369
2023-07-12 16:48:12.025373 - Epoc #	9180	 14.087249994277954
2023-07-12 16:48:25.240628 - Epoc #	9190	 13.21525502204895
2023-07-12 16:48:37.807625 - Epoc #	9200	 12.566997051239014
2023-07-12 16:48:51.414940 - Epoc #	9210	 13.607315063476562
2023-07-12 16:49:05.055902 - Epoc #	9220	 13.64096188545227
2023-07-12 16:49:18.207296 - Epoc #	9230	 13.15139389038086
2023-07-12 16:49:31.046846 - Epoc #	9240	 12.839550018310547
2023-07-12 16:49:44.686582 - Epoc #	9250	 13.63973617553711
2023-07-12 16:49:58.331225 - Epoc #	9260	 13.64464282989502
2023-07-12 16:50:12.047688 - Epoc #	9270	 13.716463088989258
2023-07-12 16:50:26.232212 - Epoc #	9280	 14.184524059295654
2023-07-12 16:50:39.733178 - Epoc #	9290	 13.50096583366394
2023-07-12 16:50:53.810361 - Epoc #	9300	 14.07718300819397
2023-07-12 16:51:07.736190 - Epoc #	9310	 13.9258291721344
2023-07-12 16:51:21.059527 - Epoc #	9320	 13.323336839675903
2023-07-12 16:51:34.408161 - Epoc #	9330	 13.348634004592896
2023-07-12 16:51:47.821324 - Epoc #	9340	 13.413163185119629
2023-07-12 16:52:01.616875 - Epoc #	9350	 13.79555082321167
2023-07-12 16:52:14.883689 - Epoc #	9360	 13.26681399345398
2023-07-12 16:52:28.972760 - Epoc #	9370	 14.089071035385132
2023-07-12 16:52:43.053202 - Epoc #	9380	 14.080441951751709
2023-07-12 16:52:54.158620 - Time between reward step: #	12866.601152181625
2023-07-12 16:52:54.158620 - Average Score: 57.00 Elapsed time: 3:34:27.823433
2023-07-12 16:52:56.933309 - Epoc #	9390	 13.880107164382935
2023-07-12 16:52:58.280471 - Time between reward step: #	12870.723003149033
2023-07-12 16:52:58.280471 - Average Score: 58.00 Elapsed time: 3:34:31.951653
2023-07-12 16:53:06.665101 - Time between reward step: #	12879.107633113861
2023-07-12 16:53:06.665101 - Average Score: 59.00 Elapsed time: 3:34:40.340267
2023-07-12 16:53:10.676927 - Epoc #	9400	 13.74361801147461
2023-07-12 16:53:23.386932 - Epoc #	9410	 12.710004806518555
2023-07-12 16:53:37.116786 - Epoc #	9420	 13.729854106903076
2023-07-12 16:53:50.585041 - Epoc #	9430	 13.468255043029785
2023-07-12 16:54:04.225557 - Epoc #	9440	 13.64051604270935
2023-07-12 16:54:17.781519 - Epoc #	9450	 13.555961847305298
2023-07-12 16:54:31.090753 - Epoc #	9460	 13.309234142303467
2023-07-12 16:54:44.665296 - Epoc #	9470	 13.574542999267578
2023-07-12 16:54:57.897500 - Epoc #	9480	 13.232203960418701
2023-07-12 16:55:12.240728 - Epoc #	9490	 14.343227863311768
2023-07-12 16:55:25.641028 - Epoc #	9500	 13.400300025939941
2023-07-12 16:55:38.922424 - Epoc #	9510	 13.28139615058899
2023-07-12 16:55:52.420076 - Epoc #	9520	 13.497651815414429
2023-07-12 16:56:06.699648 - Epoc #	9530	 14.279572010040283
2023-07-12 16:56:20.247859 - Epoc #	9540	 13.548211097717285
2023-07-12 16:56:34.214828 - Epoc #	9550	 13.966969013214111
2023-07-12 16:56:47.143296 - Epoc #	9560	 12.928467988967896
2023-07-12 16:57:00.557988 - Epoc #	9570	 13.414691925048828
2023-07-12 16:57:14.219500 - Epoc #	9580	 13.66151213645935
2023-07-12 16:57:28.325902 - Epoc #	9590	 14.106401920318604
2023-07-12 16:57:42.478163 - Epoc #	9600	 14.152261018753052
2023-07-12 16:57:56.597729 - Epoc #	9610	 14.119565963745117
2023-07-12 16:57:59.415180 - Time between reward step: #	13171.85771203041
2023-07-12 16:57:59.415180 - Average Score: 60.00 Elapsed time: 3:39:33.093419
2023-07-12 16:58:10.448720 - Epoc #	9620	 13.850991010665894
2023-07-12 16:58:23.584852 - Epoc #	9630	 13.136132001876831
2023-07-12 16:58:37.755092 - Epoc #	9640	 14.170239925384521
2023-07-12 16:58:51.106284 - Epoc #	9650	 13.351191997528076
2023-07-12 16:59:05.022149 - Epoc #	9660	 13.915865182876587
2023-07-12 16:59:18.450018 - Epoc #	9670	 13.427868843078613
2023-07-12 16:59:32.053917 - Epoc #	9680	 13.603899002075195
2023-07-12 16:59:46.004180 - Epoc #	9690	 13.950263023376465
2023-07-12 16:59:59.029934 - Epoc #	9700	 13.02575397491455
2023-07-12 17:00:12.571755 - Epoc #	9710	 13.541821002960205
2023-07-12 17:00:26.225659 - Epoc #	9720	 13.65390396118164
2023-07-12 17:00:40.490922 - Epoc #	9730	 14.265263080596924
2023-07-12 17:00:53.955960 - Epoc #	9740	 13.465038061141968
2023-07-12 17:01:07.997868 - Epoc #	9750	 14.041908025741577
2023-07-12 17:01:21.711337 - Epoc #	9760	 13.7134690284729
2023-07-12 17:01:35.524187 - Epoc #	9770	 13.812849998474121
2023-07-12 17:01:48.543232 - Epoc #	9780	 13.019044876098633
2023-07-12 17:02:02.805587 - Epoc #	9790	 14.262355089187622
2023-07-12 17:02:16.396495 - Epoc #	9800	 13.59090805053711
2023-07-12 17:02:29.573831 - Epoc #	9810	 13.177335977554321
2023-07-12 17:02:43.699932 - Epoc #	9820	 14.126101016998291
2023-07-12 17:02:57.366517 - Epoc #	9830	 13.666584968566895
2023-07-12 17:03:11.496690 - Epoc #	9840	 14.130172967910767
2023-07-12 17:03:25.348176 - Epoc #	9850	 13.851485967636108
2023-07-12 17:03:38.903573 - Epoc #	9860	 13.555397033691406
2023-07-12 17:03:52.849014 - Epoc #	9870	 13.945441007614136
2023-07-12 17:04:06.254571 - Epoc #	9880	 13.405556917190552
2023-07-12 17:04:19.967350 - Epoc #	9890	 13.71277904510498
2023-07-12 17:04:33.921811 - Epoc #	9900	 13.954461097717285
2023-07-12 17:04:48.122842 - Epoc #	9910	 14.201030969619751
2023-07-12 17:05:01.182015 - Epoc #	9920	 13.059172868728638
2023-07-12 17:05:14.504763 - Epoc #	9930	 13.322747945785522
2023-07-12 17:05:27.926141 - Epoc #	9940	 13.421378135681152
2023-07-12 17:05:41.626467 - Epoc #	9950	 13.700325965881348
2023-07-12 17:05:55.131933 - Epoc #	9960	 13.505465984344482
2023-07-12 17:06:08.908703 - Epoc #	9970	 13.776770114898682
2023-07-12 17:06:23.066096 - Epoc #	9980	 14.157392978668213
2023-07-12 17:06:36.353728 - Epoc #	9990	 13.28763198852539
2023-07-12 17:06:49.441863 - Epoc #	10000	 13.088135004043579
2023-07-12 17:07:03.561155 - Epoc #	10010	 14.11929202079773
2023-07-12 17:07:18.015508 - Epoc #	10020	 14.454352855682373
2023-07-12 17:07:31.280146 - Epoc #	10030	 13.26463794708252
2023-07-12 17:07:44.431618 - Epoc #	10040	 13.151472091674805
2023-07-12 17:07:58.543250 - Epoc #	10050	 14.111632108688354
2023-07-12 17:08:12.619887 - Epoc #	10060	 14.076637029647827
2023-07-12 17:08:26.471839 - Epoc #	10070	 13.851951837539673
2023-07-12 17:08:40.268881 - Epoc #	10080	 13.79704213142395
2023-07-12 17:08:54.389397 - Epoc #	10090	 14.120515823364258
2023-07-12 17:09:08.338038 - Epoc #	10100	 13.948641061782837
2023-07-12 17:09:16.540994 - Time between reward step: #	13848.98352599144
2023-07-12 17:09:16.540994 - Average Score: 61.00 Elapsed time: 3:50:50.217615
2023-07-12 17:09:18.073835 - Time between reward step: #	13850.516366958618
2023-07-12 17:09:18.073835 - Average Score: 62.00 Elapsed time: 3:50:51.746189
2023-07-12 17:09:22.097000 - Epoc #	10110	 13.758961915969849
2023-07-12 17:09:35.617875 - Epoc #	10120	 13.520875215530396
2023-07-12 17:09:49.630789 - Epoc #	10130	 14.012913942337036
2023-07-12 17:09:51.133979 - Time between reward step: #	13883.576511144638
2023-07-12 17:09:51.133979 - Average Score: 63.00 Elapsed time: 3:51:24.798908
2023-07-12 17:09:52.527912 - Time between reward step: #	13884.970443964005
2023-07-12 17:09:52.527912 - Average Score: 64.00 Elapsed time: 3:51:26.197426
2023-07-12 17:09:53.936440 - Time between reward step: #	13886.378972053528
2023-07-12 17:09:53.936440 - Average Score: 65.00 Elapsed time: 3:51:27.610608
2023-07-12 17:10:03.705667 - Epoc #	10140	 14.074877977371216
2023-07-12 17:10:17.286347 - Epoc #	10150	 13.580679893493652
2023-07-12 17:10:31.090298 - Epoc #	10160	 13.803951025009155
2023-07-12 17:10:45.043323 - Epoc #	10170	 13.953025102615356
2023-07-12 17:10:46.487008 - Time between reward step: #	13938.929540157318
2023-07-12 17:10:46.487008 - Average Score: 66.00 Elapsed time: 3:52:20.161674
2023-07-12 17:10:47.959991 - Time between reward step: #	13940.402523040771
2023-07-12 17:10:47.959991 - Average Score: 67.00 Elapsed time: 3:52:21.629955
2023-07-12 17:10:58.681071 - Epoc #	10180	 13.637748003005981
2023-07-12 17:11:11.836820 - Epoc #	10190	 13.155748844146729
2023-07-12 17:11:25.703818 - Epoc #	10200	 13.866998195648193
2023-07-12 17:11:40.364732 - Epoc #	10210	 14.660913944244385
2023-07-12 17:11:50.956052 - Time between reward step: #	14003.398584127426
2023-07-12 17:11:50.956052 - Average Score: 68.00 Elapsed time: 3:53:24.631459
2023-07-12 17:11:52.430957 - Time between reward step: #	14004.873489141464
2023-07-12 17:11:52.430957 - Average Score: 69.00 Elapsed time: 3:53:26.098390
2023-07-12 17:11:53.844446 - Time between reward step: #	14006.286978006363
2023-07-12 17:11:53.844446 - Average Score: 70.00 Elapsed time: 3:53:27.510948
2023-07-12 17:11:53.844446 - Epoc #	10220	 13.479713916778564
2023-07-12 17:12:07.878931 - Epoc #	10230	 14.034485101699829
2023-07-12 17:12:21.545714 - Epoc #	10240	 13.666782855987549
2023-07-12 17:12:35.444306 - Epoc #	10250	 13.898591995239258
2023-07-12 17:12:49.525187 - Epoc #	10260	 14.080881118774414
2023-07-12 17:13:03.113636 - Epoc #	10270	 13.588449001312256
2023-07-12 17:13:17.127897 - Epoc #	10280	 14.01426100730896
2023-07-12 17:13:30.939708 - Epoc #	10290	 13.811810970306396
2023-07-12 17:13:44.657697 - Epoc #	10300	 13.717988967895508
2023-07-12 17:13:57.884768 - Epoc #	10310	 13.227071046829224
2023-07-12 17:14:11.886457 - Epoc #	10320	 14.001688957214355
2023-07-12 17:14:25.713271 - Epoc #	10330	 13.82681393623352
2023-07-12 17:14:39.349771 - Epoc #	10340	 13.636500120162964
2023-07-12 17:14:53.257203 - Epoc #	10350	 13.907432079315186
2023-07-12 17:15:07.345673 - Epoc #	10360	 14.088469982147217
2023-07-12 17:15:21.033312 - Epoc #	10370	 13.687638998031616
2023-07-12 17:15:34.964046 - Epoc #	10380	 13.930733919143677
2023-07-12 17:15:49.385278 - Epoc #	10390	 14.421231985092163
2023-07-12 17:15:54.853012 - Time between reward step: #	14247.295544147491
2023-07-12 17:15:54.853012 - Average Score: 71.00 Elapsed time: 3:57:28.522866
2023-07-12 17:15:57.730761 - Time between reward step: #	14250.173293113708
2023-07-12 17:15:57.730761 - Average Score: 72.00 Elapsed time: 3:57:31.408246
2023-07-12 17:16:01.862316 - Time between reward step: #	14254.304847955704
2023-07-12 17:16:01.862316 - Average Score: 73.00 Elapsed time: 3:57:35.530074
2023-07-12 17:16:03.177671 - Epoc #	10400	 13.79239296913147
2023-07-12 17:16:08.768190 - Time between reward step: #	14261.210721969604
2023-07-12 17:16:08.768190 - Average Score: 74.00 Elapsed time: 3:57:42.436478
2023-07-12 17:16:16.406588 - Epoc #	10410	 13.228917121887207
2023-07-12 17:16:30.249699 - Epoc #	10420	 13.843111038208008
2023-07-12 17:16:43.928819 - Epoc #	10430	 13.67911982536316
2023-07-12 17:16:49.723529 - Time between reward step: #	14302.166061162949
2023-07-12 17:16:49.723529 - Average Score: 75.00 Elapsed time: 3:58:23.390081
2023-07-12 17:16:57.456825 - Epoc #	10440	 13.528006076812744
2023-07-12 17:17:11.966759 - Epoc #	10450	 14.509933948516846
2023-07-12 17:17:26.194918 - Epoc #	10460	 14.228158950805664
2023-07-12 17:17:39.765416 - Epoc #	10470	 13.570497989654541
2023-07-12 17:17:53.920446 - Epoc #	10480	 14.155030012130737
2023-07-12 17:18:07.130874 - Epoc #	10490	 13.21042799949646
2023-07-12 17:18:20.424824 - Epoc #	10500	 13.293950080871582
2023-07-12 17:18:34.342697 - Epoc #	10510	 13.917872905731201
2023-07-12 17:18:47.879013 - Epoc #	10520	 13.536316156387329
2023-07-12 17:19:02.174603 - Epoc #	10530	 14.295589923858643
2023-07-12 17:19:15.997467 - Epoc #	10540	 13.822864055633545
2023-07-12 17:19:29.604296 - Epoc #	10550	 13.606828927993774
2023-07-12 17:19:43.390398 - Epoc #	10560	 13.786102056503296
2023-07-12 17:19:56.946389 - Epoc #	10570	 13.555990934371948
2023-07-12 17:20:10.452602 - Epoc #	10580	 13.506212949752808
2023-07-12 17:20:24.249528 - Epoc #	10590	 13.796926021575928
2023-07-12 17:20:38.480172 - Epoc #	10600	 14.23064398765564
2023-07-12 17:20:51.445207 - Epoc #	10610	 12.965035200119019
2023-07-12 17:21:05.516597 - Epoc #	10620	 14.07138991355896
2023-07-12 17:21:19.621998 - Epoc #	10630	 14.105401039123535
2023-07-12 17:21:32.990612 - Epoc #	10640	 13.368613958358765
2023-07-12 17:21:46.598992 - Epoc #	10650	 13.60838007926941
2023-07-12 17:22:00.682705 - Epoc #	10660	 14.083712816238403
2023-07-12 17:22:14.162590 - Epoc #	10670	 13.47988510131836
2023-07-12 17:22:28.232037 - Epoc #	10680	 14.069447040557861
2023-07-12 17:22:42.010593 - Epoc #	10690	 13.778555870056152
2023-07-12 17:22:55.848941 - Epoc #	10700	 13.838348150253296
2023-07-12 17:23:09.605609 - Epoc #	10710	 13.756667852401733
2023-07-12 17:23:23.883635 - Epoc #	10720	 14.278026103973389
2023-07-12 17:23:37.789049 - Epoc #	10730	 13.90541386604309
2023-07-12 17:23:51.504787 - Epoc #	10740	 13.71573805809021
2023-07-12 17:24:05.013418 - Epoc #	10750	 13.508630990982056
2023-07-12 17:24:19.149193 - Epoc #	10760	 14.135775089263916
2023-07-12 17:24:33.304027 - Epoc #	10770	 14.154834032058716
2023-07-12 17:24:46.691590 - Epoc #	10780	 13.387562990188599
2023-07-12 17:25:00.866105 - Epoc #	10790	 14.174515008926392
2023-07-12 17:25:14.734832 - Epoc #	10800	 13.868726968765259
2023-07-12 17:25:28.970585 - Epoc #	10810	 14.235753059387207
2023-07-12 17:25:42.635847 - Epoc #	10820	 13.66526198387146
2023-07-12 17:25:56.454857 - Epoc #	10830	 13.819010019302368
2023-07-12 17:26:10.071550 - Epoc #	10840	 13.616692781448364
2023-07-12 17:26:23.593407 - Epoc #	10850	 13.521857023239136
2023-07-12 17:26:37.421631 - Epoc #	10860	 13.828224182128906
2023-07-12 17:26:51.437442 - Epoc #	10870	 14.0158109664917
2023-07-12 17:27:05.469208 - Epoc #	10880	 14.031765937805176
2023-07-12 17:27:19.871518 - Epoc #	10890	 14.402309894561768
2023-07-12 17:27:33.365332 - Epoc #	10900	 13.49381399154663
2023-07-12 17:27:47.094030 - Epoc #	10910	 13.728698015213013
2023-07-12 17:28:01.138794 - Epoc #	10920	 14.044764041900635
2023-07-12 17:28:14.944226 - Epoc #	10930	 13.805432081222534
2023-07-12 17:28:29.005810 - Epoc #	10940	 14.061583995819092
2023-07-12 17:28:41.906206 - Epoc #	10950	 12.90039587020874
2023-07-12 17:28:55.620691 - Epoc #	10960	 13.714485168457031
2023-07-12 17:29:09.269911 - Epoc #	10970	 13.649219989776611
2023-07-12 17:29:22.834817 - Epoc #	10980	 13.564905881881714
2023-07-12 17:29:37.022952 - Epoc #	10990	 14.188135147094727
2023-07-12 17:29:50.982342 - Epoc #	11000	 13.959389925003052
2023-07-12 17:30:04.682853 - Epoc #	11010	 13.70051097869873
2023-07-12 17:30:18.542330 - Epoc #	11020	 13.859477043151855
2023-07-12 17:30:32.212348 - Epoc #	11030	 13.670017957687378
2023-07-12 17:30:45.990531 - Epoc #	11040	 13.778182983398438
2023-07-12 17:31:00.612570 - Epoc #	11050	 14.622039079666138
2023-07-12 17:31:14.666599 - Epoc #	11060	 14.054028987884521
2023-07-12 17:31:28.818834 - Epoc #	11070	 14.15223503112793
2023-07-12 17:31:42.017676 - Epoc #	11080	 13.19884204864502
2023-07-12 17:31:56.159374 - Epoc #	11090	 14.141697883605957
2023-07-12 17:32:10.043194 - Epoc #	11100	 13.883820056915283
2023-07-12 17:32:22.311623 - Epoc #	11110	 12.268429040908813
2023-07-12 17:32:35.676216 - Epoc #	11120	 13.364592790603638
2023-07-12 17:32:49.768812 - Epoc #	11130	 14.092596054077148
2023-07-12 17:33:03.943560 - Epoc #	11140	 14.174747943878174
2023-07-12 17:33:18.052366 - Epoc #	11150	 14.108806133270264
2023-07-12 17:33:31.403043 - Epoc #	11160	 13.350677013397217
2023-07-12 17:33:44.792391 - Epoc #	11170	 13.389348030090332
2023-07-12 17:33:58.475270 - Epoc #	11180	 13.682878971099854
2023-07-12 17:34:11.893561 - Epoc #	11190	 13.418290853500366
2023-07-12 17:34:25.642966 - Epoc #	11200	 13.749405145645142
2023-07-12 17:34:39.762852 - Epoc #	11210	 14.119885921478271
2023-07-12 17:34:52.742671 - Epoc #	11220	 12.979819059371948
2023-07-12 17:35:06.563507 - Epoc #	11230	 13.820836067199707
2023-07-12 17:35:20.292808 - Epoc #	11240	 13.72930097579956
2023-07-12 17:35:33.986693 - Epoc #	11250	 13.69388484954834
2023-07-12 17:35:47.712830 - Epoc #	11260	 13.726137161254883
2023-07-12 17:36:01.987859 - Epoc #	11270	 14.275028944015503
2023-07-12 17:36:16.453400 - Epoc #	11280	 14.465540885925293
2023-07-12 17:36:30.774878 - Epoc #	11290	 14.321478128433228
2023-07-12 17:36:45.001798 - Epoc #	11300	 14.226919889450073
2023-07-12 17:36:59.025844 - Epoc #	11310	 14.024046182632446
2023-07-12 17:37:13.365900 - Epoc #	11320	 14.3400559425354
2023-07-12 17:37:27.292291 - Epoc #	11330	 13.926390886306763
2023-07-12 17:37:40.762239 - Epoc #	11340	 13.469948053359985
2023-07-12 17:37:54.508250 - Epoc #	11350	 13.746011018753052
2023-07-12 17:38:08.182238 - Epoc #	11360	 13.673988103866577
2023-07-12 17:38:21.623825 - Epoc #	11370	 13.441586971282959
2023-07-12 17:38:35.505025 - Epoc #	11380	 13.881199836730957
2023-07-12 17:38:50.722150 - Epoc #	11390	 15.217125177383423
2023-07-12 17:39:04.891505 - Epoc #	11400	 14.169354915618896
2023-07-12 17:39:18.083708 - Epoc #	11410	 13.192203044891357
2023-07-12 17:39:31.911540 - Epoc #	11420	 13.827831983566284
2023-07-12 17:39:46.738386 - Epoc #	11430	 14.82684588432312
2023-07-12 17:40:01.335223 - Epoc #	11440	 14.596837043762207
2023-07-12 17:40:16.285505 - Epoc #	11450	 14.950282096862793
2023-07-12 17:40:30.852091 - Epoc #	11460	 14.566586017608643
2023-07-12 17:40:45.663822 - Epoc #	11470	 14.811730861663818
2023-07-12 17:40:59.482388 - Epoc #	11480	 13.818566083908081
2023-07-12 17:41:13.461509 - Epoc #	11490	 13.979120969772339
2023-07-12 17:41:28.097741 - Epoc #	11500	 14.636231899261475
2023-07-12 17:41:42.349834 - Epoc #	11510	 14.252093076705933
2023-07-12 17:41:56.207538 - Epoc #	11520	 13.857703924179077
2023-07-12 17:42:10.591392 - Epoc #	11530	 14.383854150772095
2023-07-12 17:42:23.638087 - Epoc #	11540	 13.046694993972778
2023-07-12 17:42:38.153958 - Epoc #	11550	 14.515871047973633
2023-07-12 17:42:53.637594 - Epoc #	11560	 15.483635902404785
2023-07-12 17:43:07.793369 - Epoc #	11570	 14.15577507019043
2023-07-12 17:43:21.289537 - Epoc #	11580	 13.4961678981781
2023-07-12 17:43:35.741860 - Epoc #	11590	 14.452322959899902
2023-07-12 17:43:49.852761 - Epoc #	11600	 14.110901117324829
2023-07-12 17:44:04.782154 - Epoc #	11610	 14.92939305305481
2023-07-12 17:44:19.274542 - Epoc #	11620	 14.492388010025024
2023-07-12 17:44:33.578596 - Epoc #	11630	 14.304054021835327
2023-07-12 17:44:48.731773 - Epoc #	11640	 15.15317678451538
2023-07-12 17:45:03.399256 - Epoc #	11650	 14.66748309135437
2023-07-12 17:45:17.457378 - Epoc #	11660	 14.058121919631958
2023-07-12 17:45:31.129330 - Epoc #	11670	 13.67195200920105
2023-07-12 17:45:44.854998 - Epoc #	11680	 13.72566819190979
2023-07-12 17:45:58.834076 - Epoc #	11690	 13.979077816009521
2023-07-12 17:46:12.620857 - Epoc #	11700	 13.786781072616577
2023-07-12 17:46:27.377906 - Epoc #	11710	 14.757049083709717
2023-07-12 17:46:41.597206 - Epoc #	11720	 14.219300031661987
2023-07-12 17:46:55.983505 - Epoc #	11730	 14.386298894882202
2023-07-12 17:47:11.188192 - Epoc #	11740	 15.204686880111694
2023-07-12 17:47:28.160336 - Epoc #	11750	 16.97214412689209
2023-07-12 17:47:43.137294 - Epoc #	11760	 14.97695803642273
2023-07-12 17:47:56.473156 - Epoc #	11770	 13.335861921310425
2023-07-12 17:48:11.861822 - Epoc #	11780	 15.388665914535522
2023-07-12 17:48:26.989361 - Epoc #	11790	 15.127539157867432
2023-07-12 17:48:42.849159 - Epoc #	11800	 15.859797954559326
2023-07-12 17:48:57.144560 - Epoc #	11810	 14.295401096343994
2023-07-12 17:49:11.953844 - Epoc #	11820	 14.809283971786499
2023-07-12 17:49:25.959284 - Epoc #	11830	 14.00543999671936
2023-07-12 17:49:40.241788 - Epoc #	11840	 14.282503843307495
2023-07-12 17:49:57.869945 - Epoc #	11850	 17.628157138824463
2023-07-12 17:50:13.162634 - Epoc #	11860	 15.292688846588135
2023-07-12 17:50:28.239978 - Epoc #	11870	 15.077344179153442
2023-07-12 17:50:42.991116 - Epoc #	11880	 14.751137971878052
2023-07-12 17:50:57.583318 - Epoc #	11890	 14.592201948165894
2023-07-12 17:51:12.621961 - Epoc #	11900	 15.03864312171936
2023-07-12 17:51:27.009537 - Epoc #	11910	 14.38757586479187
2023-07-12 17:51:42.996522 - Epoc #	11920	 15.986984968185425
2023-07-12 17:51:57.650089 - Epoc #	11930	 14.65356707572937
2023-07-12 17:52:13.206782 - Epoc #	11940	 15.556693077087402
2023-07-12 17:52:27.794382 - Epoc #	11950	 14.587599992752075
2023-07-12 17:52:43.193312 - Epoc #	11960	 15.398929834365845
2023-07-12 17:52:57.747878 - Epoc #	11970	 14.554566144943237
2023-07-12 17:53:12.607029 - Epoc #	11980	 14.859150886535645
2023-07-12 17:53:27.200914 - Epoc #	11990	 14.593884944915771
2023-07-12 17:53:42.113308 - Epoc #	12000	 14.912394046783447
2023-07-12 17:53:57.109115 - Epoc #	12010	 14.99580693244934
2023-07-12 17:54:12.740982 - Epoc #	12020	 15.631867170333862
2023-07-12 17:54:27.799158 - Epoc #	12030	 15.058176040649414
2023-07-12 17:54:43.403825 - Epoc #	12040	 15.604666948318481
2023-07-12 17:54:58.141170 - Epoc #	12050	 14.737344980239868
2023-07-12 17:55:12.853187 - Epoc #	12060	 14.712017059326172
2023-07-12 17:55:28.072685 - Epoc #	12070	 15.219497919082642
2023-07-12 17:55:44.495533 - Time between reward step: #	16636.938065052032
2023-07-12 17:55:44.495533 - Average Score: 76.00 Elapsed time: 4:37:18.167960
2023-07-12 17:55:44.495533 - Epoc #	12080	 16.422847986221313
2023-07-12 17:55:46.169896 - Time between reward step: #	16638.612427949905
2023-07-12 17:55:46.169896 - Average Score: 77.00 Elapsed time: 4:37:19.834915
2023-07-12 17:55:49.269863 - Time between reward step: #	16641.712394952774
2023-07-12 17:55:49.269863 - Average Score: 78.00 Elapsed time: 4:37:22.935921
2023-07-12 17:56:00.419154 - Epoc #	12090	 15.92362093925476
2023-07-12 17:56:15.795745 - Epoc #	12100	 15.376590967178345
2023-07-12 17:56:31.784830 - Epoc #	12110	 15.98908519744873
2023-07-12 17:56:46.200559 - Epoc #	12120	 14.41572880744934
2023-07-12 17:57:00.607933 - Epoc #	12130	 14.407374143600464
2023-07-12 17:57:15.343535 - Epoc #	12140	 14.735601902008057
2023-07-12 17:57:30.642032 - Epoc #	12150	 15.298496961593628
2023-07-12 17:57:45.777900 - Epoc #	12160	 15.135868072509766
2023-07-12 17:58:00.704135 - Epoc #	12170	 14.92623496055603
2023-07-12 17:58:16.082444 - Epoc #	12180	 15.37830901145935
2023-07-12 17:58:31.472773 - Epoc #	12190	 15.390329122543335
2023-07-12 17:58:46.102649 - Epoc #	12200	 14.629875898361206
2023-07-12 17:59:00.940072 - Epoc #	12210	 14.837423086166382
2023-07-12 17:59:15.322156 - Epoc #	12220	 14.382083892822266
2023-07-12 17:59:30.913808 - Epoc #	12230	 15.591652154922485
2023-07-12 17:59:45.414941 - Epoc #	12240	 14.50113296508789
2023-07-12 18:00:00.040206 - Epoc #	12250	 14.625264883041382
2023-07-12 18:00:14.251436 - Epoc #	12260	 14.211230039596558
2023-07-12 18:00:29.165643 - Epoc #	12270	 14.914206981658936
2023-07-12 18:00:44.461606 - Epoc #	12280	 15.295963048934937
2023-07-12 18:00:59.275655 - Epoc #	12290	 14.814049005508423
2023-07-12 18:01:15.135423 - Epoc #	12300	 15.85976791381836
2023-07-12 18:01:29.739818 - Epoc #	12310	 14.604395151138306
2023-07-12 18:01:45.056008 - Epoc #	12320	 15.316190004348755
2023-07-12 18:01:59.784924 - Epoc #	12330	 14.728915929794312
2023-07-12 18:02:14.644212 - Epoc #	12340	 14.859287977218628
2023-07-12 18:02:29.388348 - Epoc #	12350	 14.744136095046997
2023-07-12 18:02:43.779421 - Epoc #	12360	 14.391072988510132
2023-07-12 18:02:58.544218 - Epoc #	12370	 14.76479697227478
2023-07-12 18:03:14.181154 - Epoc #	12380	 15.636935949325562
2023-07-12 18:03:28.880566 - Epoc #	12390	 14.699411869049072
2023-07-12 18:03:44.391219 - Epoc #	12400	 15.510653018951416
2023-07-12 18:03:59.185075 - Epoc #	12410	 14.793856143951416
2023-07-12 18:04:13.825488 - Epoc #	12420	 14.640413045883179
2023-07-12 18:04:28.274813 - Epoc #	12430	 14.4493248462677
2023-07-12 18:04:43.523785 - Epoc #	12440	 15.248972177505493
2023-07-12 18:04:58.401632 - Epoc #	12450	 14.877846956253052
2023-07-12 18:05:13.480027 - Epoc #	12460	 15.078394889831543
2023-07-12 18:05:28.069587 - Epoc #	12470	 14.58956003189087
2023-07-12 18:05:42.623036 - Epoc #	12480	 14.553448915481567
2023-07-12 18:05:57.263241 - Epoc #	12490	 14.640205144882202
