2023-07-12 00:21:38.310010 - Starting learning loop ...
==================================================================
2023-07-12 00:21:38.310010 - Using Framebuffer of: 4 frames	 and 	ReplayBufferSize: 25000
2023-07-12 00:21:38.310010 - Loglevel is set to: a
2023-07-12 00:21:38.310010 - Epoc #	0	 
2023-07-12 00:22:07.937533 - Epoc #	10	 29.627522945404053
2023-07-12 00:22:29.548414 - Epoc #	20	 21.610881090164185
2023-07-12 00:22:50.264810 - Epoc #	30	 20.71639609336853
2023-07-12 00:23:10.745068 - Epoc #	40	 20.480257987976074
2023-07-12 00:23:32.043613 - Epoc #	50	 21.298544883728027
2023-07-12 00:23:53.630205 - Epoc #	60	 21.586591958999634
2023-07-12 00:24:14.481605 - Epoc #	70	 20.851400136947632
2023-07-12 00:24:35.412410 - Epoc #	80	 20.93080496788025
2023-07-12 00:24:56.384416 - Epoc #	90	 20.97200608253479
2023-07-12 00:25:19.252651 - Epoc #	100	 22.868234872817993
2023-07-12 00:25:39.832043 - Epoc #	110	 20.579391956329346
2023-07-12 00:26:01.481585 - Epoc #	120	 21.649542093276978
2023-07-12 00:26:22.271848 - Epoc #	130	 20.790262937545776
2023-07-12 00:26:44.041876 - Epoc #	140	 21.770028114318848
2023-07-12 00:27:05.446771 - Epoc #	150	 21.404894828796387
2023-07-12 00:27:27.366282 - Epoc #	160	 21.919511079788208
2023-07-12 00:27:49.166953 - Epoc #	170	 21.800671100616455
2023-07-12 00:28:10.464144 - Epoc #	180	 21.29719090461731
2023-07-12 00:28:31.710364 - Epoc #	190	 21.246220111846924
2023-07-12 00:28:52.451582 - Epoc #	200	 20.741217851638794
2023-07-12 00:29:12.898909 - Epoc #	210	 20.447327136993408
2023-07-12 00:29:33.929512 - Epoc #	220	 21.03060293197632
2023-07-12 00:29:55.120977 - Epoc #	230	 21.19146490097046
2023-07-12 00:30:15.887921 - Epoc #	240	 20.76694416999817
2023-07-12 00:30:36.344606 - Epoc #	250	 20.456684827804565
2023-07-12 00:30:58.077826 - Epoc #	260	 21.733220100402832
2023-07-12 00:31:18.409986 - Epoc #	270	 20.332159996032715
2023-07-12 00:31:39.251677 - Epoc #	280	 20.84169101715088
2023-07-12 00:32:00.626670 - Epoc #	290	 21.374992847442627
2023-07-12 00:32:21.647119 - Epoc #	300	 21.02044916152954
2023-07-12 00:32:42.993805 - Epoc #	310	 21.346685886383057
2023-07-12 00:33:04.272474 - Epoc #	320	 21.278669118881226
2023-07-12 00:33:24.628389 - Epoc #	330	 20.3559148311615
2023-07-12 00:33:46.796676 - Epoc #	340	 22.1682870388031
2023-07-12 00:34:08.158923 - Epoc #	350	 21.362246990203857
2023-07-12 00:34:29.006893 - Epoc #	360	 20.847970008850098
2023-07-12 00:34:49.938954 - Epoc #	370	 20.932061195373535
2023-07-12 00:35:10.470056 - Epoc #	380	 20.531101942062378
2023-07-12 00:35:30.520871 - Epoc #	390	 20.050814867019653
2023-07-12 00:35:50.795456 - Epoc #	400	 20.274585008621216
2023-07-12 00:36:11.814248 - Epoc #	410	 21.018792152404785
2023-07-12 00:36:22.955326 - Time between reward step: #	884.6453161239624
2023-07-12 00:36:22.955326 - Average Score: 11.00 Elapsed time: 0:14:51.413540
2023-07-12 00:36:33.350638 - Epoc #	420	 21.53638982772827
2023-07-12 00:36:47.937781 - Time between reward step: #	909.6277711391449
2023-07-12 00:36:47.937781 - Average Score: 12.00 Elapsed time: 0:15:16.399030
2023-07-12 00:36:54.222450 - Epoc #	430	 20.871812105178833
2023-07-12 00:37:11.371242 - Time between reward step: #	933.0612320899963
2023-07-12 00:37:11.371242 - Average Score: 13.00 Elapsed time: 0:15:39.823014
2023-07-12 00:37:15.312490 - Epoc #	440	 21.0900399684906
2023-07-12 00:37:36.180869 - Epoc #	450	 20.86837911605835
2023-07-12 00:37:58.219267 - Epoc #	460	 22.038397789001465
2023-07-12 00:38:18.752591 - Epoc #	470	 20.533324003219604
2023-07-12 00:38:40.185296 - Epoc #	480	 21.43270516395569
2023-07-12 00:38:56.483132 - Time between reward step: #	1038.1731219291687
2023-07-12 00:38:56.483132 - Average Score: 14.00 Elapsed time: 0:17:24.949082
2023-07-12 00:39:03.544678 - Epoc #	490	 23.359381914138794
2023-07-12 00:39:08.046311 - Time between reward step: #	1049.736300945282
2023-07-12 00:39:08.046311 - Average Score: 15.00 Elapsed time: 0:17:36.497829
2023-07-12 00:39:10.897110 - Time between reward step: #	1052.5871000289917
2023-07-12 00:39:10.898111 - Average Score: 16.00 Elapsed time: 0:17:39.349345
2023-07-12 00:39:26.443348 - Epoc #	500	 22.898669958114624
2023-07-12 00:39:48.251065 - Epoc #	510	 21.807717084884644
2023-07-12 00:40:09.750451 - Epoc #	520	 21.499386072158813
2023-07-12 00:40:31.152227 - Epoc #	530	 21.40177583694458
2023-07-12 00:40:52.465648 - Epoc #	540	 21.31342101097107
2023-07-12 00:41:13.885741 - Epoc #	550	 21.420093059539795
2023-07-12 00:41:35.204156 - Epoc #	560	 21.31841492652893
2023-07-12 00:41:56.410779 - Epoc #	570	 21.206623077392578
2023-07-12 00:42:17.463991 - Epoc #	580	 21.05321192741394
2023-07-12 00:42:38.961745 - Epoc #	590	 21.497754096984863
2023-07-12 00:43:01.394989 - Epoc #	600	 22.433243989944458
2023-07-12 00:43:22.008883 - Epoc #	610	 20.61389398574829
2023-07-12 00:43:42.896718 - Epoc #	620	 20.887835025787354
2023-07-12 00:44:03.711438 - Epoc #	630	 20.814719915390015
2023-07-12 00:44:23.742257 - Epoc #	640	 20.030819177627563
2023-07-12 00:44:46.538379 - Epoc #	650	 22.796121835708618
2023-07-12 00:45:07.601640 - Epoc #	660	 21.063261032104492
2023-07-12 00:45:29.803856 - Epoc #	670	 22.202215909957886
2023-07-12 00:45:50.584178 - Epoc #	680	 20.780322074890137
2023-07-12 00:46:11.739526 - Epoc #	690	 21.15534806251526
2023-07-12 00:46:32.598518 - Epoc #	700	 20.858991861343384
2023-07-12 00:46:54.037704 - Epoc #	710	 21.439186096191406
2023-07-12 00:47:15.832355 - Epoc #	720	 21.79465103149414
2023-07-12 00:47:36.797588 - Epoc #	730	 20.965233087539673
2023-07-12 00:47:58.941137 - Epoc #	740	 22.1435489654541
2023-07-12 00:48:19.751949 - Epoc #	750	 20.81081199645996
2023-07-12 00:48:41.612108 - Epoc #	760	 21.860158920288086
2023-07-12 00:49:02.766298 - Epoc #	770	 21.154190063476562
2023-07-12 00:49:23.330448 - Epoc #	780	 20.564149856567383
2023-07-12 00:49:44.424155 - Epoc #	790	 21.09370708465576
2023-07-12 00:50:05.237291 - Epoc #	800	 20.813136100769043
2023-07-12 00:50:26.922614 - Epoc #	810	 21.685322999954224
2023-07-12 00:50:48.563548 - Epoc #	820	 21.640933990478516
2023-07-12 00:51:10.067345 - Epoc #	830	 21.503796815872192
2023-07-12 00:51:30.863322 - Epoc #	840	 20.795977115631104
2023-07-12 00:51:51.499472 - Epoc #	850	 20.636149883270264
2023-07-12 00:52:12.101617 - Epoc #	860	 20.602145195007324
2023-07-12 00:52:32.952187 - Epoc #	870	 20.8505699634552
2023-07-12 00:52:54.638465 - Epoc #	880	 21.686277866363525
2023-07-12 00:53:15.327985 - Epoc #	890	 20.689520120620728
2023-07-12 00:53:36.231321 - Epoc #	900	 20.90333604812622
2023-07-12 00:53:58.293969 - Epoc #	910	 22.062647819519043
2023-07-12 00:54:20.731701 - Epoc #	920	 22.437731981277466
2023-07-12 00:54:42.181324 - Epoc #	930	 21.449623107910156
2023-07-12 00:55:04.933849 - Epoc #	940	 22.752525091171265
2023-07-12 00:55:27.063247 - Epoc #	950	 22.129397869110107
2023-07-12 00:55:49.745638 - Epoc #	960	 22.682390928268433
2023-07-12 00:56:10.557986 - Epoc #	970	 20.812348127365112
2023-07-12 00:56:31.167727 - Epoc #	980	 20.60974097251892
2023-07-12 00:56:51.947582 - Epoc #	990	 20.779855012893677
2023-07-12 00:57:13.255731 - Epoc #	1000	 21.308149099349976
2023-07-12 00:57:34.854673 - Epoc #	1010	 21.598941802978516
2023-07-12 00:57:55.539192 - Epoc #	1020	 20.684519052505493
2023-07-12 00:58:16.321273 - Epoc #	1030	 20.782081127166748
2023-07-12 00:58:37.539831 - Epoc #	1040	 21.218557834625244
2023-07-12 00:58:59.025046 - Epoc #	1050	 21.485215187072754
2023-07-12 00:59:20.462257 - Epoc #	1060	 21.43721079826355
2023-07-12 00:59:41.006731 - Epoc #	1070	 20.544474124908447
2023-07-12 01:00:02.570087 - Epoc #	1080	 21.563355922698975
2023-07-12 01:00:22.889064 - Epoc #	1090	 20.318977117538452
2023-07-12 01:00:45.083854 - Epoc #	1100	 22.19478988647461
2023-07-12 01:01:05.583909 - Epoc #	1110	 20.500055074691772
2023-07-12 01:01:27.505891 - Epoc #	1120	 21.921982049942017
2023-07-12 01:01:49.899201 - Epoc #	1130	 22.393309831619263
2023-07-12 01:02:12.098536 - Epoc #	1140	 22.1993350982666
2023-07-12 01:02:33.659966 - Epoc #	1150	 21.561429977416992
2023-07-12 01:02:54.676170 - Epoc #	1160	 21.016204118728638
2023-07-12 01:03:15.917339 - Epoc #	1170	 21.241168975830078
2023-07-12 01:03:36.766717 - Epoc #	1180	 20.849377870559692
2023-07-12 01:03:57.966500 - Epoc #	1190	 21.199783086776733
2023-07-12 01:04:20.633236 - Epoc #	1200	 22.666735887527466
2023-07-12 01:04:41.476662 - Epoc #	1210	 20.843425989151
2023-07-12 01:05:02.705979 - Epoc #	1220	 21.22931718826294
2023-07-12 01:05:22.870517 - Epoc #	1230	 20.16453790664673
2023-07-12 01:05:44.313503 - Epoc #	1240	 21.442986011505127
2023-07-12 01:06:04.481202 - Epoc #	1250	 20.167698860168457
2023-07-12 01:06:25.015070 - Epoc #	1260	 20.533868074417114
2023-07-12 01:06:44.967010 - Epoc #	1270	 19.951940059661865
2023-07-12 01:07:05.462119 - Epoc #	1280	 20.49510908126831
2023-07-12 01:07:26.410967 - Epoc #	1290	 20.948848009109497
2023-07-12 01:07:47.832712 - Epoc #	1300	 21.42174482345581
2023-07-12 01:08:08.246701 - Epoc #	1310	 20.413989067077637
2023-07-12 01:08:29.531380 - Epoc #	1320	 21.28467893600464
2023-07-12 01:08:49.944849 - Epoc #	1330	 20.413469076156616
2023-07-12 01:09:11.952977 - Epoc #	1340	 22.00812792778015
2023-07-12 01:09:32.504064 - Epoc #	1350	 20.551087141036987
2023-07-12 01:09:54.105785 - Epoc #	1360	 21.601720809936523
2023-07-12 01:10:14.743598 - Epoc #	1370	 20.637813091278076
2023-07-12 01:10:36.148360 - Epoc #	1380	 21.404762029647827
2023-07-12 01:10:58.355973 - Epoc #	1390	 22.207612991333008
2023-07-12 01:11:20.269313 - Epoc #	1400	 21.913340091705322
2023-07-12 01:11:41.382955 - Epoc #	1410	 21.11364197731018
2023-07-12 01:12:03.049642 - Epoc #	1420	 21.66668701171875
2023-07-12 01:12:25.472853 - Epoc #	1430	 22.423210859298706
2023-07-12 01:12:46.215628 - Epoc #	1440	 20.742774963378906
2023-07-12 01:13:06.715833 - Epoc #	1450	 20.500205039978027
2023-07-12 01:13:28.090903 - Epoc #	1460	 21.375070095062256
2023-07-12 01:13:50.455313 - Epoc #	1470	 22.364409923553467
2023-07-12 01:14:12.348323 - Epoc #	1480	 21.893010139465332
2023-07-12 01:14:32.759385 - Epoc #	1490	 20.411062002182007
2023-07-12 01:14:53.465037 - Epoc #	1500	 20.705651998519897
2023-07-12 01:15:14.994223 - Epoc #	1510	 21.529186010360718
2023-07-12 01:15:35.526013 - Epoc #	1520	 20.531789779663086
2023-07-12 01:15:56.806297 - Epoc #	1530	 21.28028416633606
2023-07-12 01:16:18.238636 - Epoc #	1540	 21.43233895301819
2023-07-12 01:16:38.961240 - Epoc #	1550	 20.722604036331177
2023-07-12 01:17:00.684132 - Epoc #	1560	 21.72289204597473
2023-07-12 01:17:20.654774 - Epoc #	1570	 19.97064185142517
2023-07-12 01:17:41.607500 - Epoc #	1580	 20.952726125717163
2023-07-12 01:18:02.144523 - Epoc #	1590	 20.537022829055786
2023-07-12 01:18:25.097834 - Epoc #	1600	 22.95331120491028
2023-07-12 01:18:46.243497 - Epoc #	1610	 21.145662784576416
2023-07-12 01:19:09.868486 - Epoc #	1620	 23.62498903274536
2023-07-12 01:19:29.998724 - Epoc #	1630	 20.13023805618286
2023-07-12 01:19:51.425536 - Epoc #	1640	 21.426811933517456
2023-07-12 01:20:12.774315 - Epoc #	1650	 21.34877920150757
2023-07-12 01:20:33.760412 - Epoc #	1660	 20.98609685897827
2023-07-12 01:20:54.865778 - Epoc #	1670	 21.105365991592407
2023-07-12 01:21:15.343140 - Epoc #	1680	 20.477361917495728
2023-07-12 01:21:36.084569 - Epoc #	1690	 20.741429090499878
2023-07-12 01:21:58.281262 - Epoc #	1700	 22.196692943572998
2023-07-12 01:22:20.685897 - Epoc #	1710	 22.404635190963745
2023-07-12 01:22:41.843750 - Epoc #	1720	 21.1578528881073
2023-07-12 01:23:05.088545 - Epoc #	1730	 23.244795083999634
2023-07-12 01:23:26.878157 - Epoc #	1740	 21.78961181640625
2023-07-12 01:23:48.460337 - Epoc #	1750	 21.58218002319336
2023-07-12 01:24:10.104617 - Epoc #	1760	 21.644280195236206
2023-07-12 01:24:32.493114 - Epoc #	1770	 22.38849687576294
2023-07-12 01:24:53.624600 - Epoc #	1780	 21.13148593902588
2023-07-12 01:25:14.977006 - Epoc #	1790	 21.35240602493286
2023-07-12 01:25:36.089102 - Epoc #	1800	 21.112096071243286
2023-07-12 01:25:57.200093 - Epoc #	1810	 21.11099100112915
2023-07-12 01:26:18.030312 - Epoc #	1820	 20.83021903038025
2023-07-12 01:26:38.619033 - Epoc #	1830	 20.58872103691101
2023-07-12 01:26:59.597674 - Epoc #	1840	 20.97864079475403
2023-07-12 01:27:21.037500 - Epoc #	1850	 21.439826011657715
2023-07-12 01:27:41.612729 - Epoc #	1860	 20.575229167938232
2023-07-12 01:28:04.729884 - Epoc #	1870	 23.117154836654663
2023-07-12 01:28:25.969009 - Epoc #	1880	 21.23912501335144
2023-07-12 01:28:46.809341 - Epoc #	1890	 20.84033203125
2023-07-12 01:29:07.834912 - Epoc #	1900	 21.02557110786438
2023-07-12 01:29:29.725659 - Epoc #	1910	 21.89074683189392
2023-07-12 01:29:51.741879 - Epoc #	1920	 22.016220092773438
2023-07-12 01:30:12.806835 - Epoc #	1930	 21.064955949783325
2023-07-12 01:30:33.965617 - Epoc #	1940	 21.15878200531006
2023-07-12 01:30:54.670989 - Epoc #	1950	 20.705372095108032
2023-07-12 01:31:15.935680 - Epoc #	1960	 21.26469087600708
2023-07-12 01:31:36.979120 - Epoc #	1970	 21.043440103530884
2023-07-12 01:31:59.831854 - Epoc #	1980	 22.852734088897705
2023-07-12 01:32:21.433090 - Epoc #	1990	 21.60123586654663
2023-07-12 01:32:43.642152 - Epoc #	2000	 22.209062099456787
2023-07-12 01:33:05.088731 - Epoc #	2010	 21.446578979492188
2023-07-12 01:33:25.993353 - Epoc #	2020	 20.904621839523315
2023-07-12 01:33:47.027542 - Epoc #	2030	 21.034189224243164
2023-07-12 01:34:08.932890 - Epoc #	2040	 21.90534782409668
2023-07-12 01:34:29.876151 - Epoc #	2050	 20.94326114654541
2023-07-12 01:34:52.692147 - Epoc #	2060	 22.815995931625366
2023-07-12 01:35:14.244794 - Epoc #	2070	 21.55264687538147
2023-07-12 01:35:35.865172 - Epoc #	2080	 21.620378017425537
2023-07-12 01:35:57.058619 - Epoc #	2090	 21.19344711303711
2023-07-12 01:36:18.478809 - Epoc #	2100	 21.42019009590149
2023-07-12 01:36:39.946784 - Epoc #	2110	 21.46797490119934
2023-07-12 01:37:02.359411 - Epoc #	2120	 22.41262698173523
2023-07-12 01:37:23.381754 - Epoc #	2130	 21.022342920303345
2023-07-12 01:37:44.682569 - Epoc #	2140	 21.300815105438232
2023-07-12 01:38:07.466297 - Epoc #	2150	 22.783727884292603
2023-07-12 01:38:29.405840 - Epoc #	2160	 21.93954300880432
2023-07-12 01:38:50.573718 - Epoc #	2170	 21.16787815093994
2023-07-12 01:39:10.813781 - Epoc #	2180	 20.240062952041626
2023-07-12 01:39:32.094056 - Epoc #	2190	 21.280274868011475
2023-07-12 01:39:54.090982 - Epoc #	2200	 21.996926069259644
2023-07-12 01:40:15.412377 - Epoc #	2210	 21.3213951587677
2023-07-12 01:40:37.171932 - Epoc #	2220	 21.759554862976074
2023-07-12 01:40:58.444571 - Epoc #	2230	 21.27263903617859
2023-07-12 01:41:22.045257 - Epoc #	2240	 23.600686073303223
2023-07-12 01:41:43.559614 - Epoc #	2250	 21.51435685157776
2023-07-12 01:42:04.732640 - Epoc #	2260	 21.173026084899902
2023-07-12 01:42:25.901709 - Epoc #	2270	 21.169069051742554
2023-07-12 01:42:47.117523 - Epoc #	2280	 21.215813875198364
2023-07-12 01:43:07.782542 - Epoc #	2290	 20.665019035339355
2023-07-12 01:43:31.354044 - Epoc #	2300	 23.571501970291138
2023-07-12 01:43:52.645663 - Epoc #	2310	 21.291619062423706
2023-07-12 01:44:17.197447 - Epoc #	2320	 24.5517840385437
2023-07-12 01:44:40.670190 - Epoc #	2330	 23.472743034362793
2023-07-12 01:45:03.129866 - Epoc #	2340	 22.459675788879395
2023-07-12 01:45:25.660998 - Epoc #	2350	 22.531132221221924
2023-07-12 01:45:47.023364 - Epoc #	2360	 21.36236596107483
2023-07-12 01:46:09.215083 - Epoc #	2370	 22.191718816757202
2023-07-12 01:46:31.261905 - Epoc #	2380	 22.04682207107544
2023-07-12 01:46:52.079398 - Epoc #	2390	 20.817492961883545
2023-07-12 01:47:15.348680 - Epoc #	2400	 23.26928210258484
2023-07-12 01:47:36.197472 - Epoc #	2410	 20.84879207611084
2023-07-12 01:47:57.596974 - Epoc #	2420	 21.39950180053711
2023-07-12 01:48:20.576136 - Epoc #	2430	 22.979162216186523
2023-07-12 01:48:41.689806 - Epoc #	2440	 21.113669872283936
2023-07-12 01:49:03.546153 - Epoc #	2450	 21.85634708404541
2023-07-12 01:49:24.602595 - Epoc #	2460	 21.05644202232361
2023-07-12 01:49:45.289499 - Epoc #	2470	 20.686903953552246
2023-07-12 01:50:06.317628 - Epoc #	2480	 21.02812886238098
2023-07-12 01:50:27.581153 - Epoc #	2490	 21.263525009155273
2023-07-12 01:50:48.016608 - Epoc #	2500	 20.435455083847046
2023-07-12 01:51:09.938455 - Epoc #	2510	 21.921847105026245
2023-07-12 01:51:31.797492 - Epoc #	2520	 21.859036922454834
2023-07-12 01:51:54.429845 - Epoc #	2530	 22.63235306739807
2023-07-12 01:52:15.827772 - Epoc #	2540	 21.397926807403564
2023-07-12 01:52:36.975091 - Epoc #	2550	 21.147319078445435
2023-07-12 01:52:57.723866 - Epoc #	2560	 20.748775005340576
2023-07-12 01:53:20.414261 - Epoc #	2570	 22.69039511680603
2023-07-12 01:53:42.326810 - Epoc #	2580	 21.912548780441284
2023-07-12 01:54:04.206837 - Epoc #	2590	 21.880027055740356
2023-07-12 01:54:26.998070 - Epoc #	2600	 22.79123306274414
2023-07-12 01:54:47.693336 - Epoc #	2610	 20.695266008377075
2023-07-12 01:55:08.584250 - Epoc #	2620	 20.89091396331787
2023-07-12 01:55:30.748260 - Epoc #	2630	 22.164010047912598
2023-07-12 01:55:51.490395 - Epoc #	2640	 20.742135047912598
2023-07-12 01:56:13.786939 - Epoc #	2650	 22.296543836593628
2023-07-12 01:56:35.482077 - Epoc #	2660	 21.695137977600098
2023-07-12 01:56:56.660947 - Epoc #	2670	 21.17887020111084
2023-07-12 01:57:17.981612 - Epoc #	2680	 21.320664882659912
2023-07-12 01:57:39.348798 - Epoc #	2690	 21.367186069488525
2023-07-12 01:58:01.372789 - Epoc #	2700	 22.023990869522095
2023-07-12 01:58:22.224316 - Epoc #	2710	 20.851526975631714
2023-07-12 01:58:43.310201 - Epoc #	2720	 21.085885047912598
2023-07-12 01:59:03.552322 - Epoc #	2730	 20.24212098121643
2023-07-12 01:59:25.388217 - Epoc #	2740	 21.83589506149292
2023-07-12 01:59:46.911985 - Epoc #	2750	 21.523767948150635
2023-07-12 02:00:08.233074 - Epoc #	2760	 21.321089029312134
2023-07-12 02:00:30.537250 - Epoc #	2770	 22.304176092147827
2023-07-12 02:00:50.935685 - Epoc #	2780	 20.39843487739563
2023-07-12 02:01:12.526269 - Epoc #	2790	 21.59058403968811
2023-07-12 02:01:34.580899 - Epoc #	2800	 22.054630041122437
2023-07-12 02:01:55.667161 - Epoc #	2810	 21.086261987686157
2023-07-12 02:02:16.175307 - Epoc #	2820	 20.508146047592163
2023-07-12 02:02:37.700514 - Epoc #	2830	 21.525207042694092
2023-07-12 02:02:58.553184 - Epoc #	2840	 20.852669954299927
2023-07-12 02:03:19.623432 - Epoc #	2850	 21.070247888565063
2023-07-12 02:03:40.490946 - Epoc #	2860	 20.86751413345337
2023-07-12 02:04:01.548287 - Epoc #	2870	 21.05734086036682
2023-07-12 02:04:22.399014 - Epoc #	2880	 20.850727081298828
2023-07-12 02:04:43.765368 - Epoc #	2890	 21.36635398864746
2023-07-12 02:05:06.384511 - Epoc #	2900	 22.61914300918579
2023-07-12 02:05:27.143042 - Epoc #	2910	 20.758531093597412
2023-07-12 02:05:48.104252 - Epoc #	2920	 20.961210012435913
2023-07-12 02:06:09.715523 - Epoc #	2930	 21.611270904541016
2023-07-12 02:06:30.550195 - Epoc #	2940	 20.83467197418213
2023-07-12 02:06:50.807605 - Epoc #	2950	 20.257410049438477
2023-07-12 02:07:11.175839 - Epoc #	2960	 20.368233919143677
2023-07-12 02:07:32.043423 - Epoc #	2970	 20.867583990097046
2023-07-12 02:07:52.534325 - Epoc #	2980	 20.490901947021484
2023-07-12 02:08:13.337791 - Epoc #	2990	 20.803466081619263
2023-07-12 02:08:34.206139 - Epoc #	3000	 20.868348121643066
2023-07-12 02:08:55.653343 - Epoc #	3010	 21.447203874588013
2023-07-12 02:09:16.508879 - Epoc #	3020	 20.855535984039307
2023-07-12 02:09:38.203243 - Epoc #	3030	 21.694364070892334
2023-07-12 02:10:00.899267 - Epoc #	3040	 22.69602394104004
2023-07-12 02:10:23.174228 - Epoc #	3050	 22.27496099472046
2023-07-12 02:10:44.040631 - Epoc #	3060	 20.866403102874756
2023-07-12 02:11:05.647489 - Epoc #	3070	 21.606858015060425
2023-07-12 02:11:26.902860 - Epoc #	3080	 21.25537085533142
2023-07-12 02:11:47.364129 - Epoc #	3090	 20.46126914024353
2023-07-12 02:12:07.511730 - Epoc #	3100	 20.147600889205933
2023-07-12 02:12:28.191740 - Epoc #	3110	 20.680010080337524
2023-07-12 02:12:49.074773 - Epoc #	3120	 20.88303303718567
2023-07-12 02:13:09.737729 - Epoc #	3130	 20.66295599937439
2023-07-12 02:13:30.837955 - Epoc #	3140	 21.100225925445557
2023-07-12 02:13:51.813306 - Epoc #	3150	 20.975351095199585
2023-07-12 02:14:13.119424 - Epoc #	3160	 21.30611801147461
2023-07-12 02:14:34.485843 - Epoc #	3170	 21.366418838500977
2023-07-12 02:14:55.041672 - Epoc #	3180	 20.55582904815674
2023-07-12 02:15:17.676288 - Epoc #	3190	 22.634615898132324
2023-07-12 02:15:39.076656 - Epoc #	3200	 21.400368213653564
2023-07-12 02:15:59.819562 - Epoc #	3210	 20.742905855178833
2023-07-12 02:16:21.281165 - Epoc #	3220	 21.461602926254272
2023-07-12 02:16:44.587786 - Epoc #	3230	 23.306621074676514
2023-07-12 02:17:05.564627 - Epoc #	3240	 20.97684097290039
2023-07-12 02:17:26.056811 - Epoc #	3250	 20.492184162139893
2023-07-12 02:17:48.394631 - Epoc #	3260	 22.337819814682007
2023-07-12 02:18:08.652002 - Epoc #	3270	 20.257371187210083
2023-07-12 02:18:29.254611 - Epoc #	3280	 20.602608919143677
2023-07-12 02:18:49.795941 - Epoc #	3290	 20.541330099105835
2023-07-12 02:19:11.479434 - Epoc #	3300	 21.68349289894104
2023-07-12 02:19:32.300538 - Epoc #	3310	 20.821104049682617
2023-07-12 02:19:53.700010 - Epoc #	3320	 21.39947199821472
2023-07-12 02:20:14.708545 - Epoc #	3330	 21.008534908294678
2023-07-12 02:20:35.342897 - Epoc #	3340	 20.63435196876526
2023-07-12 02:20:57.634885 - Epoc #	3350	 22.291988134384155
2023-07-12 02:21:18.502447 - Epoc #	3360	 20.86756181716919
2023-07-12 02:21:40.055858 - Epoc #	3370	 21.55341100692749
2023-07-12 02:22:01.938671 - Epoc #	3380	 21.882813215255737
2023-07-12 02:22:22.617873 - Epoc #	3390	 20.67920184135437
2023-07-12 02:22:43.842704 - Epoc #	3400	 21.224831104278564
2023-07-12 02:23:05.038725 - Epoc #	3410	 21.19602084159851
2023-07-12 02:23:25.484425 - Epoc #	3420	 20.44570016860962
2023-07-12 02:23:46.511230 - Epoc #	3430	 21.02680492401123
2023-07-12 02:24:06.931707 - Epoc #	3440	 20.42047691345215
2023-07-12 02:24:27.133132 - Epoc #	3450	 20.201425075531006
2023-07-12 02:24:48.702999 - Epoc #	3460	 21.56986713409424
2023-07-12 02:25:09.882247 - Epoc #	3470	 21.179247856140137
2023-07-12 02:25:30.671524 - Epoc #	3480	 20.78927707672119
2023-07-12 02:25:51.088259 - Epoc #	3490	 20.41673493385315
2023-07-12 02:26:12.071478 - Epoc #	3500	 20.983218908309937
2023-07-12 02:26:33.360496 - Epoc #	3510	 21.289018154144287
2023-07-12 02:26:54.523267 - Epoc #	3520	 21.162770986557007
2023-07-12 02:27:16.031303 - Epoc #	3530	 21.508035898208618
2023-07-12 02:27:36.194144 - Epoc #	3540	 20.162841081619263
2023-07-12 02:27:56.389399 - Epoc #	3550	 20.195255041122437
2023-07-12 02:28:17.598406 - Epoc #	3560	 21.209007024765015
2023-07-12 02:28:39.356421 - Epoc #	3570	 21.758014917373657
2023-07-12 02:28:59.941086 - Epoc #	3580	 20.584665060043335
2023-07-12 02:29:20.624470 - Epoc #	3590	 20.68338394165039
2023-07-12 02:29:42.460790 - Epoc #	3600	 21.83631992340088
2023-07-12 02:30:04.142688 - Epoc #	3610	 21.68189811706543
2023-07-12 02:30:25.230130 - Epoc #	3620	 21.08744192123413
2023-07-12 02:30:46.083566 - Epoc #	3630	 20.85343599319458
2023-07-12 02:31:08.092140 - Epoc #	3640	 22.00857400894165
2023-07-12 02:31:29.163500 - Epoc #	3650	 21.071360111236572
2023-07-12 02:31:50.266220 - Epoc #	3660	 21.102720022201538
2023-07-12 02:32:10.663382 - Epoc #	3670	 20.397161960601807
2023-07-12 02:32:31.780117 - Epoc #	3680	 21.116734981536865
2023-07-12 02:32:52.897629 - Epoc #	3690	 21.117511987686157
2023-07-12 02:33:13.563603 - Epoc #	3700	 20.665973901748657
2023-07-12 02:33:34.212767 - Epoc #	3710	 20.649163961410522
2023-07-12 02:33:54.971577 - Epoc #	3720	 20.75881004333496
2023-07-12 02:34:17.373723 - Epoc #	3730	 22.402146100997925
2023-07-12 02:34:37.615076 - Epoc #	3740	 20.241353034973145
2023-07-12 02:34:59.670481 - Epoc #	3750	 22.055404901504517
2023-07-12 02:35:20.005576 - Epoc #	3760	 20.335094928741455
2023-07-12 02:35:40.732905 - Epoc #	3770	 20.72732901573181
2023-07-12 02:36:01.974589 - Epoc #	3780	 21.241684198379517
2023-07-12 02:36:23.999528 - Epoc #	3790	 22.024938821792603
2023-07-12 02:36:45.006164 - Epoc #	3800	 21.006636142730713
2023-07-12 02:37:06.873912 - Epoc #	3810	 21.867748022079468
2023-07-12 02:37:28.632105 - Epoc #	3820	 21.758193016052246
2023-07-12 02:37:48.952694 - Epoc #	3830	 20.32058882713318
2023-07-12 02:38:10.523330 - Epoc #	3840	 21.57063603401184
2023-07-12 02:38:31.890335 - Epoc #	3850	 21.367005109786987
2023-07-12 02:38:53.727763 - Epoc #	3860	 21.837427854537964
2023-07-12 02:39:14.483106 - Epoc #	3870	 20.755342960357666
2023-07-12 02:39:36.021336 - Epoc #	3880	 21.538230180740356
2023-07-12 02:39:56.307967 - Epoc #	3890	 20.286630868911743
2023-07-12 02:40:17.019174 - Epoc #	3900	 20.711207151412964
2023-07-12 02:40:39.746061 - Epoc #	3910	 22.726886987686157
2023-07-12 02:40:59.924583 - Epoc #	3920	 20.178521871566772
2023-07-12 02:41:23.210967 - Epoc #	3930	 23.286384105682373
2023-07-12 02:41:44.173459 - Epoc #	3940	 20.962491989135742
2023-07-12 02:42:05.962781 - Epoc #	3950	 21.789321899414062
2023-07-12 02:42:26.955576 - Epoc #	3960	 20.99279499053955
2023-07-12 02:42:48.136009 - Epoc #	3970	 21.18043303489685
2023-07-12 02:43:09.582042 - Epoc #	3980	 21.446033000946045
2023-07-12 02:43:30.684737 - Epoc #	3990	 21.102694988250732
2023-07-12 02:43:52.974520 - Epoc #	4000	 22.289783000946045
2023-07-12 02:44:14.653852 - Epoc #	4010	 21.67933201789856
2023-07-12 02:44:36.474881 - Epoc #	4020	 21.8210289478302
2023-07-12 02:44:57.499764 - Epoc #	4030	 21.024883031845093
2023-07-12 02:45:18.021562 - Epoc #	4040	 20.521798133850098
2023-07-12 02:45:39.091022 - Epoc #	4050	 21.069459915161133
2023-07-12 02:46:01.021428 - Epoc #	4060	 21.930406093597412
2023-07-12 02:46:24.000284 - Epoc #	4070	 22.978855848312378
2023-07-12 02:46:46.336951 - Epoc #	4080	 22.33666706085205
2023-07-12 02:47:07.312952 - Epoc #	4090	 20.976001024246216
2023-07-12 02:47:28.227767 - Epoc #	4100	 20.914814949035645
2023-07-12 02:47:52.112467 - Epoc #	4110	 23.884700059890747
2023-07-12 02:48:14.620675 - Epoc #	4120	 22.50820803642273
2023-07-12 02:48:37.129963 - Epoc #	4130	 22.50928783416748
2023-07-12 02:48:59.512661 - Epoc #	4140	 22.38269805908203
2023-07-12 02:49:19.757030 - Epoc #	4150	 20.24436902999878
2023-07-12 02:49:41.436659 - Epoc #	4160	 21.67962908744812
2023-07-12 02:50:03.741676 - Epoc #	4170	 22.30501699447632
2023-07-12 02:50:24.968557 - Epoc #	4180	 21.2268807888031
2023-07-12 02:50:45.757953 - Epoc #	4190	 20.789396047592163
2023-07-12 02:51:06.438363 - Epoc #	4200	 20.680410146713257
2023-07-12 02:51:28.961353 - Epoc #	4210	 22.522989988327026
2023-07-12 02:51:52.283556 - Epoc #	4220	 23.322202920913696
2023-07-12 02:52:13.931816 - Epoc #	4230	 21.64826011657715
2023-07-12 02:52:35.520036 - Epoc #	4240	 21.58821988105774
2023-07-12 02:52:56.277410 - Epoc #	4250	 20.757374048233032
2023-07-12 02:53:17.458031 - Epoc #	4260	 21.180620908737183
2023-07-12 02:53:39.123583 - Epoc #	4270	 21.665552139282227
2023-07-12 02:54:00.522294 - Epoc #	4280	 21.39871096611023
2023-07-12 02:54:22.301430 - Epoc #	4290	 21.779135942459106
2023-07-12 02:54:43.824311 - Epoc #	4300	 21.522881031036377
2023-07-12 02:55:04.737929 - Epoc #	4310	 20.913618087768555
2023-07-12 02:55:26.559342 - Epoc #	4320	 21.821412801742554
2023-07-12 02:55:48.098735 - Epoc #	4330	 21.539393186569214
2023-07-12 02:56:10.430538 - Epoc #	4340	 22.33180284500122
2023-07-12 02:56:30.312530 - Epoc #	4350	 19.88199210166931
2023-07-12 02:56:51.743744 - Epoc #	4360	 21.431213855743408
2023-07-12 02:57:14.032733 - Epoc #	4370	 22.288989067077637
2023-07-12 02:57:35.071753 - Epoc #	4380	 21.03902006149292
2023-07-12 02:57:56.908095 - Epoc #	4390	 21.836341857910156
2023-07-12 02:58:18.354740 - Epoc #	4400	 21.4466450214386
2023-07-12 02:58:39.221099 - Epoc #	4410	 20.866358995437622
2023-07-12 02:59:00.305819 - Epoc #	4420	 21.084720134735107
2023-07-12 02:59:21.914078 - Epoc #	4430	 21.608258962631226
2023-07-12 02:59:43.250023 - Epoc #	4440	 21.335944890975952
2023-07-12 03:00:05.555042 - Epoc #	4450	 22.30501914024353
2023-07-12 03:00:27.656500 - Epoc #	4460	 22.101458072662354
2023-07-12 03:00:47.537708 - Epoc #	4470	 19.881207942962646
2023-07-12 03:01:09.656387 - Epoc #	4480	 22.11867904663086
2023-07-12 03:01:31.570780 - Epoc #	4490	 21.914392948150635
2023-07-12 03:01:53.517983 - Epoc #	4500	 21.947202920913696
2023-07-12 03:02:14.401513 - Epoc #	4510	 20.883530139923096
2023-07-12 03:02:35.848714 - Epoc #	4520	 21.447201013565063
2023-07-12 03:02:57.263754 - Epoc #	4530	 21.415039777755737
2023-07-12 03:03:17.740255 - Epoc #	4540	 20.47650122642517
2023-07-12 03:03:39.656981 - Epoc #	4550	 21.916725873947144
2023-07-12 03:04:02.587402 - Epoc #	4560	 22.930421113967896
2023-07-12 03:04:24.757588 - Epoc #	4570	 22.170185804367065
2023-07-12 03:04:45.375888 - Epoc #	4580	 20.618300199508667
2023-07-12 03:05:08.211731 - Epoc #	4590	 22.835842847824097
2023-07-12 03:05:28.845274 - Epoc #	4600	 20.633543014526367
2023-07-12 03:05:50.120992 - Epoc #	4610	 21.275717973709106
2023-07-12 03:06:10.833034 - Epoc #	4620	 20.712042093276978
2023-07-12 03:06:31.323609 - Epoc #	4630	 20.490575075149536
2023-07-12 03:06:53.926728 - Epoc #	4640	 22.603118896484375
2023-07-12 03:07:15.809444 - Epoc #	4650	 21.882715940475464
2023-07-12 03:07:40.601148 - Epoc #	4660	 24.791703939437866
2023-07-12 03:08:01.390531 - Epoc #	4670	 20.78938317298889
2023-07-12 03:08:22.648338 - Epoc #	4680	 21.25780701637268
2023-07-12 03:08:43.436891 - Epoc #	4690	 20.78855299949646
2023-07-12 03:09:03.954065 - Epoc #	4700	 20.517174005508423
2023-07-12 03:09:26.602588 - Epoc #	4710	 22.64852285385132
2023-07-12 03:09:47.234841 - Epoc #	4720	 20.632253170013428
2023-07-12 03:10:08.571898 - Epoc #	4730	 21.337056875228882
2023-07-12 03:10:30.455860 - Epoc #	4740	 21.88396191596985
2023-07-12 03:10:51.996417 - Epoc #	4750	 21.540557146072388
2023-07-12 03:11:15.468059 - Epoc #	4760	 23.471642017364502
2023-07-12 03:11:40.557116 - Epoc #	4770	 25.089056968688965
2023-07-12 03:12:02.283175 - Epoc #	4780	 21.726058959960938
2023-07-12 03:12:25.636107 - Epoc #	4790	 23.35293197631836
2023-07-12 03:12:48.098152 - Epoc #	4800	 22.462044954299927
2023-07-12 03:13:09.560204 - Epoc #	4810	 21.4620521068573
2023-07-12 03:13:31.585142 - Epoc #	4820	 22.024937868118286
2023-07-12 03:13:53.852323 - Epoc #	4830	 22.267181158065796
2023-07-12 03:14:16.036477 - Epoc #	4840	 22.18415403366089
2023-07-12 03:14:37.248562 - Epoc #	4850	 21.212085008621216
2023-07-12 03:14:58.006664 - Epoc #	4860	 20.75810194015503
2023-07-12 03:15:19.983936 - Epoc #	4870	 21.977272033691406
2023-07-12 03:15:41.866290 - Epoc #	4880	 21.882354021072388
2023-07-12 03:16:02.983433 - Epoc #	4890	 21.117142915725708
2023-07-12 03:16:23.976734 - Epoc #	4900	 20.993300914764404
2023-07-12 03:16:46.064952 - Epoc #	4910	 22.088217973709106
2023-07-12 03:17:07.275491 - Epoc #	4920	 21.21053910255432
2023-07-12 03:17:28.596078 - Epoc #	4930	 21.320586919784546
2023-07-12 03:17:50.885512 - Epoc #	4940	 22.28943419456482
2023-07-12 03:18:12.612417 - Epoc #	4950	 21.72690486907959
2023-07-12 03:18:34.293597 - Epoc #	4960	 21.681180000305176
2023-07-12 03:18:55.256036 - Epoc #	4970	 20.96243906021118
2023-07-12 03:19:17.117104 - Epoc #	4980	 21.8610680103302
2023-07-12 03:19:38.031372 - Epoc #	4990	 20.914268016815186
2023-07-12 03:19:58.946944 - Epoc #	5000	 20.915571928024292
2023-07-12 03:20:19.767609 - Epoc #	5010	 20.820664882659912
2023-07-12 03:20:40.165995 - Epoc #	5020	 20.398386001586914
2023-07-12 03:21:00.657016 - Epoc #	5030	 20.491021156311035
2023-07-12 03:21:20.914331 - Epoc #	5040	 20.257314920425415
2023-07-12 03:21:43.345804 - Epoc #	5050	 22.43147301673889
2023-07-12 03:22:04.681666 - Epoc #	5060	 21.335861921310425
2023-07-12 03:22:25.940975 - Epoc #	5070	 21.25930905342102
2023-07-12 03:22:47.620209 - Epoc #	5080	 21.67923402786255
2023-07-12 03:23:09.504578 - Epoc #	5090	 21.884369134902954
2023-07-12 03:23:30.262615 - Epoc #	5100	 20.758036851882935
2023-07-12 03:23:50.960142 - Epoc #	5110	 20.697526931762695
2023-07-12 03:24:11.754538 - Epoc #	5120	 20.79439616203308
2023-07-12 03:24:32.495503 - Epoc #	5130	 20.740964889526367
2023-07-12 03:24:56.709869 - Epoc #	5140	 24.21436595916748
2023-07-12 03:25:17.227163 - Epoc #	5150	 20.51729416847229
2023-07-12 03:25:38.421981 - Epoc #	5160	 21.194818019866943
2023-07-12 03:25:59.177742 - Epoc #	5170	 20.75576090812683
2023-07-12 03:26:21.013379 - Epoc #	5180	 21.835637092590332
2023-07-12 03:26:42.552837 - Epoc #	5190	 21.53945779800415
2023-07-12 03:27:03.137504 - Epoc #	5200	 20.584667205810547
2023-07-12 03:27:23.520651 - Epoc #	5210	 20.38314700126648
2023-07-12 03:27:45.246367 - Epoc #	5220	 21.72571587562561
2023-07-12 03:28:07.066229 - Epoc #	5230	 21.819862127304077
2023-07-12 03:28:28.403648 - Epoc #	5240	 21.337418794631958
2023-07-12 03:28:50.662564 - Epoc #	5250	 22.25891613960266
2023-07-12 03:29:12.492363 - Epoc #	5260	 21.829798936843872
2023-07-12 03:29:32.922378 - Epoc #	5270	 20.430015087127686
2023-07-12 03:29:54.727046 - Epoc #	5280	 21.804667949676514
2023-07-12 03:30:16.158219 - Epoc #	5290	 21.431173086166382
2023-07-12 03:30:36.775290 - Epoc #	5300	 20.61707091331482
2023-07-12 03:30:58.030604 - Epoc #	5310	 21.255313873291016
2023-07-12 03:31:20.376667 - Epoc #	5320	 22.346063137054443
2023-07-12 03:31:40.680912 - Epoc #	5330	 20.304244995117188
2023-07-12 03:32:03.581230 - Epoc #	5340	 22.900317907333374
2023-07-12 03:32:22.495241 - Time between reward step: #	11444.185230970383
2023-07-12 03:32:22.495241 - Average Score: 17.00 Elapsed time: 3:10:50.956355
2023-07-12 03:32:27.356555 - Epoc #	5350	 23.775325059890747
2023-07-12 03:32:48.114306 - Epoc #	5360	 20.757750988006592
2023-07-12 03:33:10.310993 - Epoc #	5370	 22.19668698310852
2023-07-12 03:33:25.426566 - Time between reward step: #	11507.116555929184
2023-07-12 03:33:25.426566 - Average Score: 18.00 Elapsed time: 3:11:53.891503
2023-07-12 03:33:31.507405 - Epoc #	5380	 21.196412086486816
2023-07-12 03:33:41.198800 - Time between reward step: #	11522.888790130615
2023-07-12 03:33:41.198800 - Average Score: 19.00 Elapsed time: 3:12:09.656843
2023-07-12 03:33:43.621444 - Time between reward step: #	11525.311434030533
2023-07-12 03:33:43.621444 - Average Score: 20.00 Elapsed time: 3:12:12.074232
2023-07-12 03:33:54.469842 - Epoc #	5390	 22.96243691444397
2023-07-12 03:34:08.037904 - Time between reward step: #	11549.727894067764
2023-07-12 03:34:08.037904 - Average Score: 21.00 Elapsed time: 3:12:36.498137
2023-07-12 03:34:16.587107 - Epoc #	5400	 22.117264986038208
2023-07-12 03:34:37.641337 - Epoc #	5410	 21.054229974746704
2023-07-12 03:34:51.881138 - Time between reward step: #	11593.57112812996
2023-07-12 03:34:51.881138 - Average Score: 22.00 Elapsed time: 3:13:20.344904
2023-07-12 03:34:54.162776 - Time between reward step: #	11595.852766036987
2023-07-12 03:34:54.162776 - Average Score: 23.00 Elapsed time: 3:13:22.623540
2023-07-12 03:35:01.008851 - Time between reward step: #	11602.69884109497
2023-07-12 03:35:01.008851 - Average Score: 24.00 Elapsed time: 3:13:29.471659
2023-07-12 03:35:01.008851 - Epoc #	5420	 23.36751413345337
2023-07-12 03:35:20.125978 - Time between reward step: #	11621.815968036652
2023-07-12 03:35:20.125978 - Average Score: 25.00 Elapsed time: 3:13:48.591698
2023-07-12 03:35:22.049018 - Epoc #	5430	 21.0401668548584
2023-07-12 03:35:45.119664 - Epoc #	5440	 23.070646047592163
2023-07-12 03:36:06.785619 - Epoc #	5450	 21.665955066680908
2023-07-12 03:36:30.232066 - Epoc #	5460	 23.446446895599365
2023-07-12 03:36:51.973426 - Epoc #	5470	 21.741360187530518
2023-07-12 03:37:13.231740 - Epoc #	5480	 21.25831389427185
2023-07-12 03:37:33.627733 - Epoc #	5490	 20.39599299430847
2023-07-12 03:37:55.699158 - Epoc #	5500	 22.071424961090088
2023-07-12 03:38:17.864272 - Epoc #	5510	 22.165114164352417
2023-07-12 03:38:39.262656 - Epoc #	5520	 21.398383855819702
2023-07-12 03:39:00.458332 - Epoc #	5530	 21.19567608833313
2023-07-12 03:39:20.980302 - Epoc #	5540	 20.52197003364563
2023-07-12 03:39:43.050557 - Epoc #	5550	 22.070254802703857
2023-07-12 03:40:04.355185 - Epoc #	5560	 21.304628133773804
2023-07-12 03:40:25.473078 - Epoc #	5570	 21.11789298057556
2023-07-12 03:40:46.074583 - Epoc #	5580	 20.601505041122437
2023-07-12 03:41:07.725271 - Epoc #	5590	 21.65068793296814
2023-07-12 03:41:30.201026 - Epoc #	5600	 22.475754976272583
2023-07-12 03:41:50.756890 - Epoc #	5610	 20.555864095687866
2023-07-12 03:42:11.624648 - Epoc #	5620	 20.86775803565979
2023-07-12 03:42:34.040202 - Epoc #	5630	 22.41555380821228
2023-07-12 03:42:58.628789 - Epoc #	5640	 24.588587045669556
2023-07-12 03:43:18.971807 - Epoc #	5650	 20.343018054962158
2023-07-12 03:43:39.964267 - Epoc #	5660	 20.992460012435913
2023-07-12 03:44:02.128998 - Epoc #	5670	 22.1647310256958
2023-07-12 03:44:21.762151 - Epoc #	5680	 19.633152961730957
2023-07-12 03:44:42.443731 - Epoc #	5690	 20.681580066680908
2023-07-12 03:45:04.701095 - Epoc #	5700	 22.25736403465271
2023-07-12 03:45:26.335783 - Epoc #	5710	 21.634687900543213
2023-07-12 03:45:48.686791 - Epoc #	5720	 22.35100793838501
2023-07-12 03:46:09.554311 - Epoc #	5730	 20.867520093917847
2023-07-12 03:46:31.201580 - Epoc #	5740	 21.647269010543823
2023-07-12 03:46:53.319817 - Epoc #	5750	 22.118237018585205
2023-07-12 03:47:15.406522 - Epoc #	5760	 22.086704969406128
2023-07-12 03:47:36.899391 - Epoc #	5770	 21.492868900299072
2023-07-12 03:47:58.688020 - Epoc #	5780	 21.788629055023193
2023-07-12 03:48:20.525453 - Epoc #	5790	 21.837433099746704
2023-07-12 03:48:42.346551 - Epoc #	5800	 21.82109785079956
2023-07-12 03:49:02.761324 - Epoc #	5810	 20.414772987365723
2023-07-12 03:49:24.934482 - Epoc #	5820	 22.173158168792725
2023-07-12 03:49:46.238723 - Epoc #	5830	 21.304240942001343
2023-07-12 03:50:07.685974 - Epoc #	5840	 21.447250843048096
2023-07-12 03:50:29.866721 - Epoc #	5850	 22.180747032165527
2023-07-12 03:50:51.703637 - Epoc #	5860	 21.836915969848633
2023-07-12 03:51:12.603193 - Epoc #	5870	 20.899556159973145
2023-07-12 03:51:34.910192 - Epoc #	5880	 22.30699896812439
2023-07-12 03:51:57.122569 - Epoc #	5890	 22.212377071380615
2023-07-12 03:52:18.914686 - Epoc #	5900	 21.79211688041687
2023-07-12 03:52:43.533633 - Epoc #	5910	 24.61894702911377
2023-07-12 03:53:05.433562 - Epoc #	5920	 21.89992904663086
2023-07-12 03:53:26.894445 - Epoc #	5930	 21.460882902145386
2023-07-12 03:53:49.027485 - Epoc #	5940	 22.133039951324463
2023-07-12 03:54:11.245562 - Epoc #	5950	 22.218077182769775
2023-07-12 03:54:33.019771 - Epoc #	5960	 21.774209022521973
2023-07-12 03:54:55.199728 - Epoc #	5970	 22.179956912994385
2023-07-12 03:55:15.872353 - Epoc #	5980	 20.672625064849854
2023-07-12 03:55:40.805135 - Epoc #	5990	 24.93278193473816
2023-07-12 03:56:04.959031 - Epoc #	6000	 24.15389609336853
2023-07-12 03:56:28.982027 - Epoc #	6010	 24.022995948791504
2023-07-12 03:56:53.038210 - Epoc #	6020	 24.056182861328125
2023-07-12 03:57:16.062747 - Epoc #	6030	 23.024537086486816
2023-07-12 03:57:37.117769 - Epoc #	6040	 21.05502200126648
2023-07-12 03:57:59.782829 - Epoc #	6050	 22.66506004333496
2023-07-12 03:58:20.509377 - Epoc #	6060	 20.726547956466675
2023-07-12 03:58:42.049148 - Epoc #	6070	 21.53977108001709
2023-07-12 03:59:05.904147 - Epoc #	6080	 23.85499882698059
2023-07-12 03:59:27.271997 - Epoc #	6090	 21.367850065231323
2023-07-12 03:59:53.205882 - Epoc #	6100	 25.933885097503662
2023-07-12 04:00:14.777369 - Epoc #	6110	 21.571486949920654
2023-07-12 04:00:37.099180 - Epoc #	6120	 22.321810960769653
2023-07-12 04:00:59.043536 - Epoc #	6130	 21.944355964660645
2023-07-12 04:01:20.046800 - Epoc #	6140	 21.0032639503479
2023-07-12 04:01:42.915880 - Epoc #	6150	 22.869080066680908
2023-07-12 04:02:06.035334 - Epoc #	6160	 23.11945414543152
2023-07-12 04:02:27.779083 - Epoc #	6170	 21.743748903274536
2023-07-12 04:02:49.741133 - Epoc #	6180	 21.962049961090088
2023-07-12 04:03:11.278527 - Epoc #	6190	 21.537394046783447
2023-07-12 04:03:33.456611 - Epoc #	6200	 22.178083896636963
2023-07-12 04:03:55.544423 - Epoc #	6210	 22.087812185287476
2023-07-12 04:04:15.944355 - Epoc #	6220	 20.39993190765381
2023-07-12 04:04:37.718520 - Epoc #	6230	 21.77416491508484
2023-07-12 04:05:00.150484 - Epoc #	6240	 22.43196415901184
2023-07-12 04:05:21.377382 - Epoc #	6250	 21.226897954940796
2023-07-12 04:05:42.603119 - Epoc #	6260	 21.22573685646057
2023-07-12 04:06:05.487834 - Epoc #	6270	 22.88471508026123
2023-07-12 04:06:26.777897 - Epoc #	6280	 21.29006290435791
2023-07-12 04:06:48.519250 - Epoc #	6290	 21.741353034973145
2023-07-12 04:07:09.741556 - Epoc #	6300	 21.2223060131073
2023-07-12 04:07:31.264172 - Epoc #	6310	 21.522616147994995
2023-07-12 04:07:56.664874 - Epoc #	6320	 25.400701999664307
2023-07-12 04:08:20.674202 - Epoc #	6330	 24.00932788848877
2023-07-12 04:08:43.809286 - Epoc #	6340	 23.13508415222168
2023-07-12 04:09:06.629174 - Epoc #	6350	 22.81988787651062
2023-07-12 04:09:28.278708 - Epoc #	6360	 21.649533987045288
2023-07-12 04:09:51.570102 - Epoc #	6370	 23.291393995285034
2023-07-12 04:10:14.625056 - Epoc #	6380	 23.054954051971436
2023-07-12 04:10:36.899623 - Epoc #	6390	 22.274566888809204
2023-07-12 04:11:00.524647 - Epoc #	6400	 23.62502408027649
2023-07-12 04:11:22.878890 - Epoc #	6410	 22.35424304008484
2023-07-12 04:11:44.902712 - Epoc #	6420	 22.02382206916809
2023-07-12 04:12:07.349073 - Epoc #	6430	 22.44636082649231
2023-07-12 04:12:34.454071 - Epoc #	6440	 27.104998111724854
2023-07-12 04:12:56.322419 - Epoc #	6450	 21.868347883224487
2023-07-12 04:13:17.743741 - Epoc #	6460	 21.421322107315063
2023-07-12 04:13:38.047243 - Epoc #	6470	 20.303502082824707
2023-07-12 04:14:00.431627 - Epoc #	6480	 22.38438391685486
2023-07-12 04:14:24.519060 - Epoc #	6490	 24.087432861328125
2023-07-12 04:14:47.886128 - Epoc #	6500	 23.36706805229187
2023-07-12 04:15:09.783741 - Epoc #	6510	 21.897613048553467
2023-07-12 04:15:33.449729 - Epoc #	6520	 23.665987968444824
2023-07-12 04:15:56.146089 - Epoc #	6530	 22.696360111236572
2023-07-12 04:16:19.326553 - Epoc #	6540	 23.180464029312134
2023-07-12 04:16:44.413541 - Epoc #	6550	 25.08698797225952
2023-07-12 04:17:06.063373 - Epoc #	6560	 21.649832010269165
2023-07-12 04:17:29.119218 - Epoc #	6570	 23.055845022201538
2023-07-12 04:17:53.988266 - Epoc #	6580	 24.86904788017273
2023-07-12 04:18:16.229897 - Epoc #	6590	 22.241631031036377
2023-07-12 04:18:39.988756 - Epoc #	6600	 23.758858919143677
2023-07-12 04:19:01.606338 - Epoc #	6610	 21.617582082748413
2023-07-12 04:19:23.235872 - Epoc #	6620	 21.629534006118774
2023-07-12 04:19:47.662784 - Epoc #	6630	 24.42691206932068
2023-07-12 04:20:10.688540 - Epoc #	6640	 23.025755882263184
2023-07-12 04:20:32.147484 - Epoc #	6650	 21.458944082260132
2023-07-12 04:20:58.828992 - Epoc #	6660	 26.68150782585144
2023-07-12 04:21:20.258624 - Epoc #	6670	 21.42963218688965
2023-07-12 04:21:43.783594 - Epoc #	6680	 23.524969816207886
2023-07-12 04:22:05.620204 - Epoc #	6690	 21.836610078811646
2023-07-12 04:22:27.129892 - Epoc #	6700	 21.509688138961792
2023-07-12 04:22:48.714984 - Epoc #	6710	 21.585091829299927
2023-07-12 04:23:09.206710 - Epoc #	6720	 20.49172616004944
2023-07-12 04:23:30.042981 - Epoc #	6730	 20.836270809173584
2023-07-12 04:23:51.190589 - Epoc #	6740	 21.147608041763306
2023-07-12 04:24:13.661974 - Epoc #	6750	 22.47138500213623
2023-07-12 04:24:35.606070 - Epoc #	6760	 21.944096088409424
2023-07-12 04:24:57.630557 - Epoc #	6770	 22.024487018585205
2023-07-12 04:25:18.460818 - Epoc #	6780	 20.83026099205017
2023-07-12 04:25:40.296979 - Epoc #	6790	 21.836160898208618
2023-07-12 04:26:01.169927 - Epoc #	6800	 20.872947931289673
2023-07-12 04:26:23.410117 - Epoc #	6810	 22.240190029144287
2023-07-12 04:26:45.278423 - Epoc #	6820	 21.868306159973145
2023-07-12 04:27:06.224064 - Epoc #	6830	 20.945641040802002
2023-07-12 04:27:28.216577 - Epoc #	6840	 21.992512941360474
2023-07-12 04:27:50.100173 - Epoc #	6850	 21.883595943450928
2023-07-12 04:28:12.046595 - Epoc #	6860	 21.94642210006714
2023-07-12 04:28:33.414831 - Epoc #	6870	 21.36823582649231
2023-07-12 04:28:56.847949 - Epoc #	6880	 23.433118104934692
2023-07-12 04:29:19.934991 - Epoc #	6890	 23.0870418548584
2023-07-12 04:29:41.772108 - Epoc #	6900	 21.837117195129395
2023-07-12 04:30:05.593527 - Epoc #	6910	 23.82141900062561
2023-07-12 04:30:27.122728 - Epoc #	6920	 21.5292010307312
2023-07-12 04:30:49.364849 - Epoc #	6930	 22.24212098121643
2023-07-12 04:31:12.308477 - Epoc #	6940	 22.94362783432007
2023-07-12 04:31:34.097092 - Epoc #	6950	 21.788614988327026
2023-07-12 04:31:56.011876 - Epoc #	6960	 21.91478419303894
2023-07-12 04:32:17.911418 - Epoc #	6970	 21.8995418548584
2023-07-12 04:32:40.138365 - Epoc #	6980	 22.22694706916809
2023-07-12 04:33:02.175760 - Epoc #	6990	 22.037395000457764
2023-07-12 04:33:23.543674 - Epoc #	7000	 21.367913961410522
2023-07-12 04:33:45.879589 - Epoc #	7010	 22.335915088653564
2023-07-12 04:34:07.792758 - Epoc #	7020	 21.913168907165527
2023-07-12 04:34:28.894263 - Epoc #	7030	 21.101505041122437
2023-07-12 04:34:51.387174 - Epoc #	7040	 22.492910861968994
2023-07-12 04:35:14.099608 - Epoc #	7050	 22.71243405342102
2023-07-12 04:35:36.639781 - Epoc #	7060	 22.540173053741455
2023-07-12 04:36:00.071412 - Epoc #	7070	 23.431631088256836
2023-07-12 04:36:22.674814 - Epoc #	7080	 22.60340189933777
2023-07-12 04:36:45.150559 - Epoc #	7090	 22.47574496269226
2023-07-12 04:37:08.374617 - Epoc #	7100	 23.224058151245117
2023-07-12 04:37:29.524624 - Epoc #	7110	 21.150007009506226
2023-07-12 04:37:51.094434 - Epoc #	7120	 21.569809913635254
2023-07-12 04:38:13.931498 - Time between reward step: #	15395.62148809433
2023-07-12 04:38:13.931498 - Average Score: 26.00 Elapsed time: 4:16:42.393720
2023-07-12 04:38:13.931498 - Epoc #	7130	 22.837064027786255
2023-07-12 04:38:24.606728 - Time between reward step: #	15406.296718120575
2023-07-12 04:38:24.606728 - Average Score: 27.00 Elapsed time: 4:16:53.064840
2023-07-12 04:38:27.216493 - Time between reward step: #	15408.906482934952
2023-07-12 04:38:27.216493 - Average Score: 28.00 Elapsed time: 4:16:55.673140
2023-07-12 04:38:38.048115 - Epoc #	7140	 24.11661696434021
2023-07-12 04:39:01.887923 - Epoc #	7150	 23.839807987213135
2023-07-12 04:39:24.599903 - Epoc #	7160	 22.71198010444641
2023-07-12 04:39:47.262738 - Epoc #	7170	 22.662834882736206
2023-07-12 04:40:10.256045 - Epoc #	7180	 22.99330711364746
2023-07-12 04:40:34.970400 - Epoc #	7190	 24.714354991912842
2023-07-12 04:40:58.480397 - Epoc #	7200	 23.50999689102173
2023-07-12 04:41:21.772166 - Epoc #	7210	 23.29176902770996
2023-07-12 04:41:49.359181 - Epoc #	7220	 27.58701491355896
2023-07-12 04:42:11.476701 - Epoc #	7230	 22.117520093917847
2023-07-12 04:42:34.219987 - Epoc #	7240	 22.74328589439392
2023-07-12 04:42:56.041397 - Epoc #	7250	 21.821410179138184
2023-07-12 04:43:18.480757 - Epoc #	7260	 22.43935990333557
2023-07-12 04:43:40.286939 - Epoc #	7270	 21.80618190765381
2023-07-12 04:44:02.357971 - Epoc #	7280	 22.07103204727173
2023-07-12 04:44:24.381685 - Epoc #	7290	 22.023714065551758
2023-07-12 04:44:46.687920 - Epoc #	7300	 22.30623507499695
2023-07-12 04:45:09.806756 - Epoc #	7310	 23.118835926055908
2023-07-12 04:45:32.675374 - Epoc #	7320	 22.86861801147461
2023-07-12 04:45:56.403811 - Epoc #	7330	 23.728436946868896
2023-07-12 04:46:19.021515 - Epoc #	7340	 22.617703914642334
2023-07-12 04:46:42.310896 - Epoc #	7350	 23.28938102722168
2023-07-12 04:47:04.805810 - Epoc #	7360	 22.494914054870605
2023-07-12 04:47:27.471701 - Epoc #	7370	 22.66589093208313
2023-07-12 04:47:52.497853 - Epoc #	7380	 25.02615213394165
2023-07-12 04:48:13.819219 - Epoc #	7390	 21.32136607170105
2023-07-12 04:48:35.936351 - Epoc #	7400	 22.11713194847107
2023-07-12 04:48:58.164393 - Epoc #	7410	 22.228041887283325
2023-07-12 04:49:18.004733 - Time between reward step: #	16059.694723129272
2023-07-12 04:49:18.004733 - Average Score: 29.00 Elapsed time: 4:27:46.466786
2023-07-12 04:49:20.442232 - Epoc #	7420	 22.277838945388794
2023-07-12 04:49:34.588679 - Time between reward step: #	16076.278669118881
2023-07-12 04:49:34.588679 - Average Score: 30.00 Elapsed time: 4:28:03.045060
2023-07-12 04:49:43.639040 - Time between reward step: #	16085.329030036926
2023-07-12 04:49:43.639040 - Average Score: 31.00 Elapsed time: 4:28:12.093635
2023-07-12 04:49:43.639040 - Epoc #	7430	 23.196808099746704
2023-07-12 04:49:46.061694 - Time between reward step: #	16087.751683950424
2023-07-12 04:49:46.061694 - Average Score: 32.00 Elapsed time: 4:28:14.525890
2023-07-12 04:50:05.678035 - Time between reward step: #	16107.368025064468
2023-07-12 04:50:05.678035 - Average Score: 33.00 Elapsed time: 4:28:34.136345
2023-07-12 04:50:05.678035 - Epoc #	7440	 22.038995027542114
2023-07-12 04:50:28.388524 - Epoc #	7450	 22.71048903465271
2023-07-12 04:50:50.162278 - Epoc #	7460	 21.773753881454468
2023-07-12 04:51:10.952514 - Epoc #	7470	 20.790235996246338
2023-07-12 04:51:32.538731 - Epoc #	7480	 21.586217164993286
2023-07-12 04:51:55.689104 - Epoc #	7490	 23.150372982025146
2023-07-12 04:52:19.451085 - Epoc #	7500	 23.76198101043701
2023-07-12 04:52:41.459609 - Epoc #	7510	 22.00852394104004
2023-07-12 04:53:05.044589 - Epoc #	7520	 23.584980010986328
2023-07-12 04:53:29.192570 - Epoc #	7530	 24.14798092842102
2023-07-12 04:53:52.232727 - Epoc #	7540	 23.040157079696655
2023-07-12 04:54:14.978960 - Epoc #	7550	 22.746232986450195
2023-07-12 04:54:36.361325 - Epoc #	7560	 21.382364988327026
2023-07-12 04:54:59.056580 - Epoc #	7570	 22.695255041122437
2023-07-12 04:55:19.618534 - Epoc #	7580	 20.561954021453857
2023-07-12 04:55:42.157969 - Epoc #	7590	 22.539434909820557
2023-07-12 04:56:04.424527 - Epoc #	7600	 22.266557931900024
2023-07-12 04:56:25.119397 - Epoc #	7610	 20.694869995117188
2023-07-12 04:56:46.876006 - Epoc #	7620	 21.756608963012695
2023-07-12 04:57:08.494677 - Epoc #	7630	 21.61867117881775
2023-07-12 04:57:29.860690 - Epoc #	7640	 21.366013050079346
2023-07-12 04:57:53.040266 - Epoc #	7650	 23.17957592010498
2023-07-12 04:58:14.704276 - Epoc #	7660	 21.664010047912598
2023-07-12 04:58:38.603060 - Epoc #	7670	 23.898783922195435
2023-07-12 04:59:00.578385 - Epoc #	7680	 21.975325107574463
2023-07-12 04:59:21.727535 - Epoc #	7690	 21.149149894714355
2023-07-12 04:59:43.236900 - Epoc #	7700	 21.50936508178711
2023-07-12 05:00:05.823564 - Epoc #	7710	 22.586663961410522
2023-07-12 05:00:30.019979 - Epoc #	7720	 24.196414947509766
2023-07-12 05:00:51.311250 - Epoc #	7730	 21.291270971298218
2023-07-12 05:01:12.438441 - Epoc #	7740	 21.127191066741943
2023-07-12 05:01:34.478229 - Epoc #	7750	 22.039788007736206
2023-07-12 05:01:56.423096 - Epoc #	7760	 21.94486689567566
2023-07-12 05:02:17.618739 - Epoc #	7770	 21.195642948150635
2023-07-12 05:02:40.000338 - Epoc #	7780	 22.381599187850952
2023-07-12 05:03:03.070606 - Epoc #	7790	 23.070267915725708
2023-07-12 05:03:24.955692 - Epoc #	7800	 21.885086059570312
2023-07-12 05:03:47.384929 - Epoc #	7810	 22.429236888885498
2023-07-12 05:04:08.656366 - Epoc #	7820	 21.271437168121338
2023-07-12 05:04:32.398523 - Epoc #	7830	 23.742156982421875
2023-07-12 05:04:56.580086 - Epoc #	7840	 24.181562900543213
2023-07-12 05:05:19.715232 - Epoc #	7850	 23.135145902633667
2023-07-12 05:05:41.877292 - Epoc #	7860	 22.162060022354126
2023-07-12 05:06:07.088613 - Epoc #	7870	 25.211321115493774
2023-07-12 05:06:28.988496 - Epoc #	7880	 21.899883031845093
2023-07-12 05:06:50.060684 - Epoc #	7890	 21.072187900543213
2023-07-12 05:07:11.465321 - Epoc #	7900	 21.404637098312378
2023-07-12 05:07:32.956282 - Epoc #	7910	 21.490960836410522
2023-07-12 05:07:54.385923 - Epoc #	7920	 21.429641008377075
2023-07-12 05:08:16.020634 - Epoc #	7930	 21.634711027145386
2023-07-12 05:08:37.919291 - Epoc #	7940	 21.898657083511353
2023-07-12 05:08:58.880560 - Epoc #	7950	 20.96126890182495
2023-07-12 05:09:22.874635 - Epoc #	7960	 23.994075059890747
2023-07-12 05:09:44.257777 - Epoc #	7970	 21.38314199447632
2023-07-12 05:10:07.218326 - Epoc #	7980	 22.960549116134644
2023-07-12 05:10:28.681879 - Epoc #	7990	 21.463552951812744
2023-07-12 05:10:50.564686 - Epoc #	8000	 21.88280701637268
2023-07-12 05:11:12.791142 - Epoc #	8010	 22.22645592689514
2023-07-12 05:11:34.612186 - Epoc #	8020	 21.821043968200684
2023-07-12 05:11:58.417596 - Epoc #	8030	 23.805410146713257
2023-07-12 05:12:21.160123 - Epoc #	8040	 22.74252700805664
2023-07-12 05:12:43.933120 - Epoc #	8050	 22.77299690246582
2023-07-12 05:13:04.817424 - Epoc #	8060	 20.88430404663086
2023-07-12 05:13:28.499093 - Epoc #	8070	 23.681668996810913
2023-07-12 05:13:49.961541 - Epoc #	8080	 21.46244788169861
2023-07-12 05:14:11.468026 - Epoc #	8090	 21.506484985351562
2023-07-12 05:14:34.444914 - Time between reward step: #	17576.134904146194
2023-07-12 05:14:34.444914 - Average Score: 34.00 Elapsed time: 4:53:02.899182
2023-07-12 05:14:36.867567 - Time between reward step: #	17578.557557106018
2023-07-12 05:14:36.867567 - Average Score: 35.00 Elapsed time: 4:53:05.328521
2023-07-12 05:14:36.867567 - Epoc #	8100	 25.39954113960266
2023-07-12 05:14:58.266736 - Time between reward step: #	17599.95672607422
2023-07-12 05:14:58.266736 - Average Score: 36.00 Elapsed time: 4:53:26.721128
2023-07-12 05:15:00.704243 - Epoc #	8110	 23.836675882339478
2023-07-12 05:15:03.095644 - Time between reward step: #	17604.785634040833
2023-07-12 05:15:03.095644 - Average Score: 37.00 Elapsed time: 4:53:31.559773
2023-07-12 05:15:12.067491 - Time between reward step: #	17613.757481098175
2023-07-12 05:15:12.067491 - Average Score: 38.00 Elapsed time: 4:53:40.521201
2023-07-12 05:15:21.461606 - Time between reward step: #	17623.151596069336
2023-07-12 05:15:21.461606 - Average Score: 39.00 Elapsed time: 4:53:49.918212
2023-07-12 05:15:23.915174 - Epoc #	8120	 23.210931062698364
2023-07-12 05:15:30.524879 - Time between reward step: #	17632.21486902237
2023-07-12 05:15:30.524879 - Average Score: 40.00 Elapsed time: 4:53:58.991008
2023-07-12 05:15:48.798284 - Epoc #	8130	 24.88311004638672
2023-07-12 05:16:09.806040 - Epoc #	8140	 21.007755994796753
2023-07-12 05:16:32.784484 - Epoc #	8150	 22.97844386100769
2023-07-12 05:16:55.778943 - Epoc #	8160	 22.99445915222168
2023-07-12 05:17:17.410923 - Epoc #	8170	 21.631979942321777
2023-07-12 05:17:39.262423 - Epoc #	8180	 21.851500034332275
2023-07-12 05:18:01.691306 - Epoc #	8190	 22.42888307571411
2023-07-12 05:18:24.136941 - Epoc #	8200	 22.445634841918945
2023-07-12 05:18:45.832967 - Epoc #	8210	 21.69602608680725
2023-07-12 05:19:06.787402 - Epoc #	8220	 20.954434871673584
2023-07-12 05:19:27.903793 - Epoc #	8230	 21.1163911819458
2023-07-12 05:19:49.756464 - Epoc #	8240	 21.852670907974243
2023-07-12 05:20:12.655169 - Epoc #	8250	 22.898705005645752
2023-07-12 05:20:37.117206 - Epoc #	8260	 24.462037086486816
2023-07-12 05:20:59.955038 - Epoc #	8270	 22.83783197402954
2023-07-12 05:21:21.760826 - Epoc #	8280	 21.805788040161133
2023-07-12 05:21:43.815455 - Epoc #	8290	 22.05462884902954
2023-07-12 05:22:07.464222 - Epoc #	8300	 23.64876699447632
2023-07-12 05:22:29.377454 - Epoc #	8310	 21.91323208808899
2023-07-12 05:22:51.539970 - Epoc #	8320	 22.162515878677368
2023-07-12 05:23:13.203525 - Epoc #	8330	 21.663555145263672
2023-07-12 05:23:36.023821 - Epoc #	8340	 22.820296049118042
2023-07-12 05:23:58.202622 - Epoc #	8350	 22.17880082130432
2023-07-12 05:24:18.933866 - Epoc #	8360	 20.73124408721924
2023-07-12 05:24:42.566669 - Epoc #	8370	 23.632802963256836
2023-07-12 05:25:03.983629 - Epoc #	8380	 21.41696000099182
2023-07-12 05:25:27.063522 - Epoc #	8390	 23.079893112182617
2023-07-12 05:25:49.401288 - Epoc #	8400	 22.33776593208313
2023-07-12 05:26:13.685828 - Epoc #	8410	 24.284539937973022
2023-07-12 05:26:35.851431 - Epoc #	8420	 22.165602922439575
2023-07-12 05:26:58.189225 - Epoc #	8430	 22.337794065475464
2023-07-12 05:27:20.728617 - Epoc #	8440	 22.53939199447632
2023-07-12 05:27:41.752047 - Epoc #	8450	 21.023430109024048
2023-07-12 05:28:04.712871 - Epoc #	8460	 22.960824012756348
2023-07-12 05:28:28.208490 - Epoc #	8470	 23.49561882019043
2023-07-12 05:28:49.904575 - Epoc #	8480	 21.696085214614868
2023-07-12 05:29:11.912715 - Epoc #	8490	 22.008139848709106
2023-07-12 05:29:33.670913 - Epoc #	8500	 21.758198022842407
2023-07-12 05:29:54.568465 - Epoc #	8510	 20.897552013397217
2023-07-12 05:30:18.779333 - Epoc #	8520	 24.21086812019348
2023-07-12 05:30:40.380836 - Epoc #	8530	 21.601502895355225
2023-07-12 05:31:02.295228 - Epoc #	8540	 21.91439199447632
2023-07-12 05:31:28.103930 - Epoc #	8550	 25.808701992034912
2023-07-12 05:31:51.659618 - Epoc #	8560	 23.55568790435791
2023-07-12 05:32:12.965087 - Epoc #	8570	 21.305469036102295
2023-07-12 05:32:34.894328 - Epoc #	8580	 21.929241180419922
2023-07-12 05:32:56.670421 - Epoc #	8590	 21.776092767715454
2023-07-12 05:33:18.678166 - Epoc #	8600	 22.007745027542114
2023-07-12 05:33:39.717942 - Epoc #	8610	 21.03977608680725
2023-07-12 05:34:01.492091 - Epoc #	8620	 21.77414894104004
2023-07-12 05:34:23.796599 - Epoc #	8630	 22.304507970809937
2023-07-12 05:34:46.195761 - Epoc #	8640	 22.39916205406189
2023-07-12 05:35:08.675767 - Epoc #	8650	 22.480005979537964
2023-07-12 05:35:30.669553 - Epoc #	8660	 21.993786096572876
2023-07-12 05:35:52.255373 - Epoc #	8670	 21.585819959640503
2023-07-12 05:36:14.686999 - Epoc #	8680	 22.431626081466675
2023-07-12 05:36:37.337675 - Epoc #	8690	 22.650676012039185
2023-07-12 05:37:02.362595 - Epoc #	8700	 25.024919986724854
2023-07-12 05:37:25.921217 - Epoc #	8710	 23.558621883392334
2023-07-12 05:37:49.305952 - Epoc #	8720	 23.384735107421875
2023-07-12 05:38:12.360548 - Epoc #	8730	 23.054595947265625
2023-07-12 05:38:33.884769 - Epoc #	8740	 21.524220943450928
2023-07-12 05:38:57.972640 - Epoc #	8750	 24.087871074676514
2023-07-12 05:39:19.247967 - Epoc #	8760	 21.27532696723938
2023-07-12 05:39:41.537374 - Epoc #	8770	 22.2894070148468
2023-07-12 05:40:05.451373 - Epoc #	8780	 23.91399908065796
2023-07-12 05:40:29.398946 - Epoc #	8790	 23.947572946548462
2023-07-12 05:40:51.469973 - Epoc #	8800	 22.071027040481567
2023-07-12 05:41:14.581606 - Epoc #	8810	 23.111632823944092
2023-07-12 05:41:35.699177 - Epoc #	8820	 21.117571115493774
2023-07-12 05:41:57.880299 - Epoc #	8830	 22.181122064590454
2023-07-12 05:42:23.109951 - Epoc #	8840	 25.229651927947998
2023-07-12 05:42:47.073111 - Epoc #	8850	 23.963160037994385
2023-07-12 05:43:11.749226 - Epoc #	8860	 24.676115036010742
2023-07-12 05:43:36.006969 - Epoc #	8870	 24.242172956466675
2023-07-12 05:43:58.157690 - Epoc #	8880	 22.150721073150635
2023-07-12 05:44:20.261024 - Epoc #	8890	 22.103333950042725
2023-07-12 05:44:41.690703 - Epoc #	8900	 21.429678916931152
2023-07-12 05:45:05.606976 - Epoc #	8910	 23.91627311706543
2023-07-12 05:45:27.131147 - Epoc #	8920	 21.524170875549316
2023-07-12 05:45:51.922467 - Epoc #	8930	 24.791320085525513
2023-07-12 05:46:14.212267 - Epoc #	8940	 22.28979992866516
2023-07-12 05:46:37.302028 - Epoc #	8950	 23.08976101875305
2023-07-12 05:47:02.638287 - Epoc #	8960	 25.336259126663208
2023-07-12 05:47:24.490969 - Epoc #	8970	 21.852681875228882
2023-07-12 05:47:45.265518 - Epoc #	8980	 20.77454900741577
2023-07-12 05:48:06.775230 - Epoc #	8990	 21.509711980819702
2023-07-12 05:48:27.831396 - Epoc #	9000	 21.056166172027588
2023-07-12 05:48:48.981717 - Epoc #	9010	 21.150321006774902
2023-07-12 05:49:11.842536 - Epoc #	9020	 22.86081886291504
2023-07-12 05:49:34.460497 - Epoc #	9030	 22.617960929870605
2023-07-12 05:49:56.764576 - Epoc #	9040	 22.304079055786133
2023-07-12 05:50:19.194991 - Epoc #	9050	 22.430415153503418
2023-07-12 05:50:41.219146 - Epoc #	9060	 22.024154901504517
2023-07-12 05:51:03.148397 - Epoc #	9070	 21.929250955581665
2023-07-12 05:51:25.563222 - Epoc #	9080	 22.414824962615967
2023-07-12 05:51:47.165057 - Epoc #	9090	 21.601835012435913
2023-07-12 05:51:58.838360 - Time between reward step: #	19820.528350114822
2023-07-12 05:51:58.838360 - Average Score: 41.00 Elapsed time: 5:30:27.291088
2023-07-12 05:52:05.699696 - Time between reward step: #	19827.389686107635
2023-07-12 05:52:05.699696 - Average Score: 42.00 Elapsed time: 5:30:34.157177
2023-07-12 05:52:09.857496 - Epoc #	9100	 22.692439079284668
2023-07-12 05:52:14.000837 - Time between reward step: #	19835.69082713127
2023-07-12 05:52:14.000837 - Average Score: 43.00 Elapsed time: 5:30:42.458801
2023-07-12 05:52:20.721535 - Time between reward step: #	19842.411525011063
2023-07-12 05:52:20.721535 - Average Score: 44.00 Elapsed time: 5:30:49.180143
2023-07-12 05:52:22.988320 - Time between reward step: #	19844.67831015587
2023-07-12 05:52:22.988320 - Average Score: 45.00 Elapsed time: 5:30:51.441965
2023-07-12 05:52:31.866810 - Time between reward step: #	19853.55680012703
2023-07-12 05:52:31.866810 - Average Score: 46.00 Elapsed time: 5:31:00.330055
2023-07-12 05:52:31.866810 - Epoc #	9110	 22.00931406021118
2023-07-12 05:52:34.242196 - Time between reward step: #	19855.93218612671
2023-07-12 05:52:34.242196 - Average Score: 47.00 Elapsed time: 5:31:02.702142
2023-07-12 05:52:45.917179 - Time between reward step: #	19867.607169151306
2023-07-12 05:52:45.917179 - Average Score: 48.00 Elapsed time: 5:31:14.370089
2023-07-12 05:52:54.483575 - Epoc #	9120	 22.616765022277832
2023-07-12 05:53:17.383891 - Epoc #	9130	 22.90031599998474
2023-07-12 05:53:40.113151 - Epoc #	9140	 22.729259967803955
2023-07-12 05:54:04.434456 - Epoc #	9150	 24.3213050365448
2023-07-12 05:54:28.130295 - Epoc #	9160	 23.695838928222656
2023-07-12 05:54:49.404449 - Epoc #	9170	 21.2741539478302
2023-07-12 05:55:10.734391 - Epoc #	9180	 21.329941987991333
2023-07-12 05:55:34.258939 - Epoc #	9190	 23.524548053741455
2023-07-12 05:55:56.705047 - Epoc #	9200	 22.446107864379883
2023-07-12 05:56:21.782237 - Epoc #	9210	 25.077190160751343
2023-07-12 05:56:42.491563 - Epoc #	9220	 20.709326028823853
2023-07-12 05:57:05.547738 - Epoc #	9230	 23.056174993515015
2023-07-12 05:57:29.981302 - Epoc #	9240	 24.433563947677612
2023-07-12 05:57:52.146029 - Epoc #	9250	 22.164726972579956
2023-07-12 05:58:13.826515 - Epoc #	9260	 21.68048596382141
2023-07-12 05:58:37.945594 - Epoc #	9270	 24.119079113006592
2023-07-12 05:59:02.094320 - Epoc #	9280	 24.148725986480713
2023-07-12 05:59:25.462216 - Epoc #	9290	 23.36789584159851
2023-07-12 05:59:47.267997 - Epoc #	9300	 21.80578112602234
2023-07-12 06:00:10.121844 - Epoc #	9310	 22.85384702682495
2023-07-12 06:00:33.022171 - Epoc #	9320	 22.90032696723938
2023-07-12 06:00:55.419710 - Epoc #	9330	 22.397538900375366
2023-07-12 06:01:17.877546 - Epoc #	9340	 22.457836151123047
2023-07-12 06:01:42.637182 - Epoc #	9350	 24.75963592529297
2023-07-12 06:02:05.816807 - Epoc #	9360	 23.179625034332275
2023-07-12 06:02:28.527678 - Epoc #	9370	 22.71087098121643
2023-07-12 06:02:51.927219 - Epoc #	9380	 23.399540901184082
2023-07-12 06:03:14.843556 - Epoc #	9390	 22.91633701324463
2023-07-12 06:03:37.212629 - Epoc #	9400	 22.369073152542114
2023-07-12 06:04:00.424342 - Epoc #	9410	 23.21171283721924
2023-07-12 06:04:16.539087 - Time between reward step: #	20558.229077100754
2023-07-12 06:04:16.539087 - Average Score: 49.00 Elapsed time: 5:42:44.995990
2023-07-12 06:04:23.462905 - Epoc #	9420	 23.038563013076782
2023-07-12 06:04:45.362435 - Epoc #	9430	 21.899530172348022
2023-07-12 06:05:08.247965 - Epoc #	9440	 22.8855299949646
2023-07-12 06:05:30.195913 - Epoc #	9450	 21.94794797897339
2023-07-12 06:05:54.375046 - Epoc #	9460	 24.17913293838501
2023-07-12 06:06:17.334762 - Epoc #	9470	 22.959716081619263
2023-07-12 06:06:40.061711 - Epoc #	9480	 22.726948976516724
2023-07-12 06:07:03.586213 - Epoc #	9490	 23.52450203895569
2023-07-12 06:07:31.388178 - Epoc #	9500	 27.80196499824524
2023-07-12 06:07:54.487351 - Epoc #	9510	 23.099172830581665
2023-07-12 06:08:18.419359 - Epoc #	9520	 23.932008028030396
2023-07-12 06:08:41.865331 - Epoc #	9530	 23.445971965789795
2023-07-12 06:09:03.388757 - Epoc #	9540	 21.523426055908203
2023-07-12 06:09:26.568724 - Epoc #	9550	 23.179966926574707
2023-07-12 06:09:49.028830 - Epoc #	9560	 22.460106134414673
2023-07-12 06:10:12.504946 - Epoc #	9570	 23.476115942001343
2023-07-12 06:10:34.996957 - Epoc #	9580	 22.492011070251465
2023-07-12 06:10:56.630108 - Epoc #	9590	 21.633151054382324
2023-07-12 06:11:19.002190 - Epoc #	9600	 22.372081995010376
2023-07-12 06:11:43.059924 - Epoc #	9610	 24.05773377418518
2023-07-12 06:12:05.880556 - Epoc #	9620	 22.820632219314575
2023-07-12 06:12:28.170917 - Epoc #	9630	 22.290360927581787
2023-07-12 06:12:50.443527 - Epoc #	9640	 22.27260994911194
2023-07-12 06:13:12.949924 - Epoc #	9650	 22.506397008895874
2023-07-12 06:13:35.222907 - Epoc #	9660	 22.272983074188232
2023-07-12 06:13:57.254410 - Epoc #	9670	 22.031502962112427
2023-07-12 06:14:19.481305 - Epoc #	9680	 22.226894855499268
2023-07-12 06:14:41.819893 - Epoc #	9690	 22.338587999343872
2023-07-12 06:15:04.078434 - Epoc #	9700	 22.258541107177734
2023-07-12 06:15:27.102668 - Epoc #	9710	 23.02423405647278
2023-07-12 06:15:49.110319 - Epoc #	9720	 22.00765085220337
2023-07-12 06:16:10.931734 - Epoc #	9730	 21.821415185928345
2023-07-12 06:16:35.940198 - Epoc #	9740	 25.008463859558105
2023-07-12 06:16:58.665797 - Epoc #	9750	 22.72559905052185
2023-07-12 06:17:21.594146 - Epoc #	9760	 22.928349018096924
2023-07-12 06:17:43.960891 - Epoc #	9770	 22.366744995117188
2023-07-12 06:18:07.813623 - Epoc #	9780	 23.852731943130493
2023-07-12 06:18:30.196378 - Epoc #	9790	 22.382755041122437
2023-07-12 06:18:54.062556 - Epoc #	9800	 23.866178035736084
2023-07-12 06:19:16.141604 - Epoc #	9810	 22.079047918319702
2023-07-12 06:19:39.508673 - Epoc #	9820	 23.367069005966187
2023-07-12 06:20:02.675018 - Epoc #	9830	 23.16634511947632
2023-07-12 06:20:25.590185 - Epoc #	9840	 22.9151668548584
2023-07-12 06:20:48.755349 - Epoc #	9850	 23.16516399383545
2023-07-12 06:21:12.542685 - Epoc #	9860	 23.787336111068726
2023-07-12 06:21:25.875847 - Time between reward step: #	21587.56583714485
2023-07-12 06:21:25.875847 - Average Score: 50.00 Elapsed time: 5:59:54.328383
2023-07-12 06:21:28.282873 - Time between reward step: #	21589.972862958908
2023-07-12 06:21:28.282873 - Average Score: 51.00 Elapsed time: 5:59:56.741314
2023-07-12 06:21:32.924272 - Time between reward step: #	21594.614262104034
2023-07-12 06:21:32.924272 - Average Score: 52.00 Elapsed time: 6:00:01.377969
2023-07-12 06:21:35.331347 - Epoc #	9870	 22.78866195678711
2023-07-12 06:21:57.526988 - Epoc #	9880	 22.195641040802002
2023-07-12 06:22:20.379198 - Time between reward step: #	21642.06918811798
2023-07-12 06:22:20.379198 - Average Score: 53.00 Elapsed time: 6:00:48.839483
2023-07-12 06:22:20.379198 - Epoc #	9890	 22.85221004486084
2023-07-12 06:22:22.801844 - Time between reward step: #	21644.491833925247
2023-07-12 06:22:22.801844 - Average Score: 54.00 Elapsed time: 6:00:51.253652
2023-07-12 06:22:43.701292 - Epoc #	9900	 23.322093963623047
2023-07-12 06:23:08.273468 - Epoc #	9910	 24.572175979614258
2023-07-12 06:23:31.471065 - Epoc #	9920	 23.19759702682495
2023-07-12 06:23:53.402268 - Epoc #	9930	 21.93120288848877
2023-07-12 06:24:15.743261 - Epoc #	9940	 22.34099316596985
2023-07-12 06:24:39.640367 - Epoc #	9950	 23.897105932235718
2023-07-12 06:25:03.162582 - Epoc #	9960	 23.522214889526367
2023-07-12 06:25:27.431093 - Epoc #	9970	 24.268511056900024
2023-07-12 06:25:49.627059 - Epoc #	9980	 22.195966005325317
2023-07-12 06:26:11.372719 - Epoc #	9990	 21.745660066604614
2023-07-12 06:26:33.114469 - Epoc #	10000	 21.74175000190735
2023-07-12 06:26:55.468301 - Epoc #	10010	 22.353832006454468
2023-07-12 06:27:18.195591 - Epoc #	10020	 22.72728991508484
2023-07-12 06:27:40.486135 - Epoc #	10030	 22.290544033050537
2023-07-12 06:28:02.728645 - Epoc #	10040	 22.242510080337524
2023-07-12 06:28:24.988724 - Epoc #	10050	 22.26007890701294
2023-07-12 06:28:47.421440 - Epoc #	10060	 22.432715892791748
2023-07-12 06:29:10.633566 - Epoc #	10070	 23.21212601661682
2023-07-12 06:29:32.812776 - Epoc #	10080	 22.17921018600464
2023-07-12 06:29:54.931462 - Epoc #	10090	 22.118685960769653
2023-07-12 06:30:18.424638 - Epoc #	10100	 23.493175983428955
2023-07-12 06:30:41.153862 - Epoc #	10110	 22.72922396659851
2023-07-12 06:31:02.974509 - Epoc #	10120	 21.82064700126648
2023-07-12 06:31:24.058100 - Epoc #	10130	 21.083590984344482
2023-07-12 06:31:46.224837 - Epoc #	10140	 22.16673707962036
2023-07-12 06:32:09.798582 - Epoc #	10150	 23.573745012283325
2023-07-12 06:32:31.824347 - Epoc #	10160	 22.02576494216919
2023-07-12 06:32:54.551577 - Epoc #	10170	 22.727230072021484
2023-07-12 06:33:15.229277 - Epoc #	10180	 20.67769980430603
2023-07-12 06:33:36.347179 - Epoc #	10190	 21.117902040481567
2023-07-12 06:33:57.916929 - Epoc #	10200	 21.5697500705719
2023-07-12 06:34:19.629429 - Epoc #	10210	 21.71250009536743
2023-07-12 06:34:41.354324 - Epoc #	10220	 21.724895000457764
2023-07-12 06:35:05.255825 - Epoc #	10230	 23.901500940322876
2023-07-12 06:35:28.374901 - Epoc #	10240	 23.119076013565063
2023-07-12 06:35:50.665838 - Epoc #	10250	 22.290936946868896
2023-07-12 06:36:13.707179 - Epoc #	10260	 23.041341066360474
2023-07-12 06:36:35.995803 - Epoc #	10270	 22.288624048233032
2023-07-12 06:36:58.097305 - Epoc #	10280	 22.101501941680908
2023-07-12 06:37:19.715265 - Epoc #	10290	 21.61795997619629
2023-07-12 06:37:44.395388 - Epoc #	10300	 24.68012285232544
2023-07-12 06:38:05.887512 - Epoc #	10310	 21.49212408065796
2023-07-12 06:38:28.254203 - Epoc #	10320	 22.36669111251831
2023-07-12 06:38:50.903236 - Epoc #	10330	 22.649032831192017
2023-07-12 06:39:12.427051 - Epoc #	10340	 21.523815155029297
2023-07-12 06:39:34.824984 - Epoc #	10350	 22.39793300628662
2023-07-12 06:39:57.457787 - Epoc #	10360	 22.632802963256836
2023-07-12 06:40:19.512267 - Epoc #	10370	 22.05448007583618
2023-07-12 06:40:41.723143 - Epoc #	10380	 22.210875988006592
2023-07-12 06:41:04.665262 - Epoc #	10390	 22.942118883132935
2023-07-12 06:41:27.377706 - Epoc #	10400	 22.712444067001343
2023-07-12 06:41:50.370225 - Epoc #	10410	 22.99251890182495
2023-07-12 06:42:13.880331 - Epoc #	10420	 23.510106086730957
2023-07-12 06:42:37.422903 - Epoc #	10430	 23.542572021484375
2023-07-12 06:43:00.556763 - Epoc #	10440	 23.133859872817993
2023-07-12 06:43:22.946488 - Epoc #	10450	 22.38972496986389
2023-07-12 06:43:45.079955 - Epoc #	10460	 22.133467197418213
2023-07-12 06:44:08.073521 - Epoc #	10470	 22.993565797805786
2023-07-12 06:44:29.533634 - Epoc #	10480	 21.460113048553467
2023-07-12 06:44:52.073035 - Epoc #	10490	 22.539401054382324
2023-07-12 06:45:13.110879 - Epoc #	10500	 21.037843942642212
2023-07-12 06:45:35.071368 - Epoc #	10510	 21.96048903465271
2023-07-12 06:45:57.299307 - Epoc #	10520	 22.227939128875732
2023-07-12 06:46:19.805888 - Epoc #	10530	 22.50658082962036
2023-07-12 06:46:41.547242 - Epoc #	10540	 21.74135398864746
2023-07-12 06:47:04.682728 - Epoc #	10550	 23.135486125946045
2023-07-12 06:47:27.892827 - Epoc #	10560	 23.2100989818573
2023-07-12 06:47:51.573928 - Epoc #	10570	 23.681101083755493
2023-07-12 06:48:13.489897 - Epoc #	10580	 21.915968894958496
2023-07-12 06:48:35.919913 - Epoc #	10590	 22.430016040802002
2023-07-12 06:48:59.429594 - Epoc #	10600	 23.50968098640442
2023-07-12 06:49:21.866900 - Epoc #	10610	 22.43730592727661
2023-07-12 06:49:43.281628 - Epoc #	10620	 21.414727926254272
2023-07-12 06:50:05.603444 - Epoc #	10630	 22.321816205978394
2023-07-12 06:50:28.174479 - Epoc #	10640	 22.571034908294678
2023-07-12 06:50:49.855674 - Epoc #	10650	 21.68119502067566
2023-07-12 06:51:11.458733 - Epoc #	10660	 21.60305905342102
2023-07-12 06:51:33.109503 - Epoc #	10670	 21.65076994895935
2023-07-12 06:51:56.665295 - Epoc #	10680	 23.5557918548584
2023-07-12 06:52:19.346416 - Epoc #	10690	 22.681121110916138
2023-07-12 06:52:42.024936 - Epoc #	10700	 22.67851996421814
2023-07-12 06:53:04.157896 - Epoc #	10710	 22.132960081100464
2023-07-12 06:53:26.149253 - Epoc #	10720	 21.99135684967041
2023-07-12 06:53:48.891770 - Epoc #	10730	 22.74251699447632
2023-07-12 06:54:10.468183 - Epoc #	10740	 21.57641315460205
2023-07-12 06:54:33.292797 - Epoc #	10750	 22.82461404800415
2023-07-12 06:54:57.428767 - Epoc #	10760	 24.135969877243042
2023-07-12 06:55:20.140988 - Epoc #	10770	 22.712221145629883
2023-07-12 06:55:44.808142 - Epoc #	10780	 24.66715383529663
2023-07-12 06:56:09.551635 - Epoc #	10790	 24.74349308013916
2023-07-12 06:56:31.669475 - Epoc #	10800	 22.117840051651
2023-07-12 06:56:54.928396 - Epoc #	10810	 23.258920907974243
2023-07-12 06:57:17.873257 - Epoc #	10820	 22.94486093521118
2023-07-12 06:57:42.115386 - Epoc #	10830	 24.24212908744812
2023-07-12 06:58:04.294231 - Epoc #	10840	 22.178844928741455
2023-07-12 06:58:25.787136 - Epoc #	10850	 21.492905139923096
2023-07-12 06:58:48.498415 - Epoc #	10860	 22.711278915405273
2023-07-12 06:59:12.099390 - Epoc #	10870	 23.600975036621094
2023-07-12 06:59:35.951242 - Epoc #	10880	 23.85185194015503
2023-07-12 06:59:57.818755 - Epoc #	10890	 21.867512941360474
2023-07-12 07:00:21.321237 - Epoc #	10900	 23.502482175827026
2023-07-12 07:00:44.062922 - Epoc #	10910	 22.741684913635254
2023-07-12 07:01:06.450769 - Epoc #	10920	 22.38784694671631
2023-07-12 07:01:29.090344 - Epoc #	10930	 22.639575004577637
2023-07-12 07:01:52.159813 - Epoc #	10940	 23.06946897506714
2023-07-12 07:02:15.485051 - Epoc #	10950	 23.32523798942566
2023-07-12 07:02:37.868533 - Epoc #	10960	 22.383481979370117
2023-07-12 07:02:59.813450 - Epoc #	10970	 21.94491720199585
2023-07-12 07:03:21.190738 - Epoc #	10980	 21.37728786468506
2023-07-12 07:03:44.028169 - Epoc #	10990	 22.837430953979492
2023-07-12 07:04:06.397914 - Epoc #	11000	 22.369745016098022
2023-07-12 07:04:28.346475 - Epoc #	11010	 21.94856095314026
2023-07-12 07:04:52.981544 - Epoc #	11020	 24.635069131851196
2023-07-12 07:05:15.442821 - Epoc #	11030	 22.46127700805664
2023-07-12 07:05:37.748686 - Epoc #	11040	 22.305865049362183
2023-07-12 07:05:59.038031 - Epoc #	11050	 21.289345026016235
2023-07-12 07:06:20.779389 - Epoc #	11060	 21.741357803344727
2023-07-12 07:06:43.943006 - Epoc #	11070	 23.16361713409424
2023-07-12 07:07:06.371481 - Epoc #	11080	 22.42847490310669
2023-07-12 07:07:29.669649 - Epoc #	11090	 23.298167943954468
2023-07-12 07:07:52.270380 - Epoc #	11100	 22.600731134414673
2023-07-12 07:08:14.762452 - Epoc #	11110	 22.492071866989136
2023-07-12 07:08:37.628804 - Epoc #	11120	 22.866352081298828
2023-07-12 07:08:59.246308 - Epoc #	11130	 21.617504119873047
2023-07-12 07:09:20.894734 - Epoc #	11140	 21.648425817489624
2023-07-12 07:09:43.401719 - Epoc #	11150	 22.506985187530518
2023-07-12 07:10:04.611386 - Epoc #	11160	 21.209666967391968
2023-07-12 07:10:26.509785 - Epoc #	11170	 21.898398876190186
2023-07-12 07:10:49.048786 - Epoc #	11180	 22.539000988006592
2023-07-12 07:11:11.155539 - Epoc #	11190	 22.10675311088562
2023-07-12 07:11:32.942657 - Epoc #	11200	 21.787117958068848
2023-07-12 07:11:55.215584 - Epoc #	11210	 22.272927045822144
2023-07-12 07:12:17.349122 - Epoc #	11220	 22.133538007736206
2023-07-12 07:12:41.433731 - Epoc #	11230	 24.084609031677246
2023-07-12 07:13:05.035613 - Epoc #	11240	 23.601881980895996
2023-07-12 07:13:28.759272 - Epoc #	11250	 23.7236590385437
2023-07-12 07:13:51.298610 - Epoc #	11260	 22.539337873458862
2023-07-12 07:14:15.274402 - Epoc #	11270	 23.975791931152344
2023-07-12 07:14:37.780163 - Epoc #	11280	 22.50576114654541
2023-07-12 07:14:59.116424 - Epoc #	11290	 21.33626103401184
2023-07-12 07:15:22.921430 - Epoc #	11300	 23.80500602722168
2023-07-12 07:15:45.179615 - Epoc #	11310	 22.258184909820557
2023-07-12 07:16:07.858310 - Epoc #	11320	 22.6786949634552
2023-07-12 07:16:12.610657 - Time between reward step: #	24874.30064702034
2023-07-12 07:16:12.610657 - Average Score: 55.00 Elapsed time: 6:54:41.075618
2023-07-12 07:16:29.524282 - Epoc #	11330	 21.665971994400024
2023-07-12 07:16:53.691434 - Epoc #	11340	 24.167151927947998
2023-07-12 07:17:16.042867 - Epoc #	11350	 22.351433038711548
2023-07-12 07:17:37.393595 - Epoc #	11360	 21.350728034973145
2023-07-12 07:17:59.091074 - Epoc #	11370	 21.697479009628296
2023-07-12 07:18:22.664062 - Epoc #	11380	 23.572988033294678
2023-07-12 07:18:45.313607 - Epoc #	11390	 22.649544954299927
2023-07-12 07:19:07.816017 - Epoc #	11400	 22.50240993499756
2023-07-12 07:19:29.745236 - Epoc #	11410	 21.929219007492065
2023-07-12 07:19:52.066319 - Epoc #	11420	 22.321083068847656
2023-07-12 07:20:14.589686 - Epoc #	11430	 22.523366928100586
2023-07-12 07:20:37.552120 - Epoc #	11440	 22.96243405342102
2023-07-12 07:21:00.385667 - Epoc #	11450	 22.833547115325928
2023-07-12 07:21:23.128960 - Epoc #	11460	 22.743292808532715
2023-07-12 07:21:44.869940 - Epoc #	11470	 21.74098014831543
2023-07-12 07:22:07.197336 - Epoc #	11480	 22.327395915985107
2023-07-12 07:22:29.828539 - Epoc #	11490	 22.631202936172485
2023-07-12 07:22:51.384782 - Epoc #	11500	 21.556243181228638
2023-07-12 07:23:13.706156 - Epoc #	11510	 22.32137393951416
2023-07-12 07:23:35.558096 - Epoc #	11520	 21.851939916610718
2023-07-12 07:23:59.411139 - Epoc #	11530	 23.85304307937622
2023-07-12 07:24:21.048683 - Epoc #	11540	 21.63754391670227
2023-07-12 07:24:43.228705 - Epoc #	11550	 22.18002200126648
2023-07-12 07:25:04.282952 - Epoc #	11560	 21.0542471408844
2023-07-12 07:25:27.644604 - Epoc #	11570	 23.36165189743042
2023-07-12 07:25:49.526529 - Epoc #	11580	 21.881925106048584
2023-07-12 07:26:14.892816 - Epoc #	11590	 25.366286993026733
2023-07-12 07:26:36.243874 - Epoc #	11600	 21.35105800628662
2023-07-12 07:26:59.469592 - Epoc #	11610	 23.225718021392822
2023-07-12 07:27:21.258996 - Epoc #	11620	 21.789403915405273
2023-07-12 07:27:44.142126 - Epoc #	11630	 22.883130073547363
2023-07-12 07:28:07.499645 - Epoc #	11640	 23.357518911361694
2023-07-12 07:28:29.554744 - Epoc #	11650	 22.05509901046753
2023-07-12 07:28:51.766459 - Epoc #	11660	 22.21171498298645
2023-07-12 07:29:15.266348 - Epoc #	11670	 23.49988889694214
2023-07-12 07:29:37.259248 - Epoc #	11680	 21.992900133132935
2023-07-12 07:30:00.159971 - Epoc #	11690	 22.900722980499268
2023-07-12 07:30:22.634925 - Epoc #	11700	 22.4749538898468
2023-07-12 07:30:45.517294 - Epoc #	11710	 22.88236904144287
2023-07-12 07:31:09.143303 - Epoc #	11720	 23.626008987426758
2023-07-12 07:31:33.149863 - Epoc #	11730	 24.00656008720398
2023-07-12 07:31:55.673643 - Epoc #	11740	 22.52378010749817
2023-07-12 07:32:20.120457 - Epoc #	11750	 24.446813821792603
2023-07-12 07:32:42.550555 - Epoc #	11760	 22.430098056793213
2023-07-12 07:33:03.840276 - Epoc #	11770	 21.28972101211548
2023-07-12 07:33:26.739026 - Epoc #	11780	 22.898750066757202
2023-07-12 07:33:50.200672 - Epoc #	11790	 23.46164584159851
2023-07-12 07:34:11.974827 - Epoc #	11800	 21.774155139923096
2023-07-12 07:34:34.262664 - Epoc #	11810	 22.287837028503418
2023-07-12 07:34:57.834462 - Epoc #	11820	 23.571797847747803
2023-07-12 07:35:21.109399 - Epoc #	11830	 23.27493715286255
2023-07-12 07:35:45.604300 - Epoc #	11840	 24.494900941848755
2023-07-12 07:36:09.220647 - Epoc #	11850	 23.616347074508667
2023-07-12 07:36:32.698650 - Epoc #	11860	 23.478002786636353
2023-07-12 07:36:54.425536 - Epoc #	11870	 21.72688603401184
2023-07-12 07:37:20.526863 - Epoc #	11880	 26.101327180862427
2023-07-12 07:37:41.863144 - Epoc #	11890	 21.336280822753906
2023-07-12 07:38:04.150470 - Epoc #	11900	 22.287326097488403
2023-07-12 07:38:26.672683 - Epoc #	11910	 22.522212982177734
2023-07-12 07:38:49.447613 - Epoc #	11920	 22.774930000305176
2023-07-12 07:39:12.343281 - Epoc #	11930	 22.895668029785156
2023-07-12 07:39:34.724533 - Epoc #	11940	 22.38125205039978
2023-07-12 07:39:57.216190 - Epoc #	11950	 22.4916570186615
2023-07-12 07:40:20.272327 - Epoc #	11960	 23.05613684654236
2023-07-12 07:40:43.356265 - Epoc #	11970	 23.083938121795654
2023-07-12 07:41:06.227452 - Epoc #	11980	 22.87118697166443
2023-07-12 07:41:29.047382 - Epoc #	11990	 22.81993007659912
2023-07-12 07:41:46.880870 - Time between reward step: #	26408.570860147476
2023-07-12 07:41:46.880870 - Average Score: 56.00 Elapsed time: 7:20:15.337003
2023-07-12 07:41:51.163678 - Epoc #	12000	 22.11629581451416
2023-07-12 07:41:53.648827 - Time between reward step: #	26415.3388171196
2023-07-12 07:41:53.648827 - Average Score: 57.00 Elapsed time: 7:20:22.111384
2023-07-12 07:42:16.655820 - Epoc #	12010	 25.49214196205139
2023-07-12 07:42:32.052663 - Time between reward step: #	26453.742653131485
2023-07-12 07:42:32.052663 - Average Score: 58.00 Elapsed time: 7:21:00.505549
2023-07-12 07:42:38.711239 - Time between reward step: #	26460.401229143143
2023-07-12 07:42:38.711239 - Average Score: 59.00 Elapsed time: 7:21:07.170114
2023-07-12 07:42:40.743710 - Epoc #	12020	 24.087890148162842
2023-07-12 07:43:03.408449 - Epoc #	12030	 22.66473889350891
2023-07-12 07:43:25.220756 - Epoc #	12040	 21.812307119369507
2023-07-12 07:43:49.194930 - Epoc #	12050	 23.97417402267456
2023-07-12 07:44:11.883716 - Epoc #	12060	 22.688786029815674
2023-07-12 07:44:36.172266 - Epoc #	12070	 24.28854990005493
2023-07-12 07:44:58.962060 - Epoc #	12080	 22.789793968200684
2023-07-12 07:45:21.767902 - Epoc #	12090	 22.80584192276001
2023-07-12 07:45:45.918054 - Epoc #	12100	 24.1501522064209
2023-07-12 07:46:09.691422 - Epoc #	12110	 23.773367881774902
2023-07-12 07:46:31.324246 - Epoc #	12120	 21.632823944091797
2023-07-12 07:46:54.082001 - Epoc #	12130	 22.757755041122437
2023-07-12 07:47:16.073678 - Epoc #	12140	 21.991677045822144
2023-07-12 07:47:38.316191 - Epoc #	12150	 22.242512941360474
2023-07-12 07:48:00.200870 - Epoc #	12160	 21.884679079055786
2023-07-12 07:48:23.521127 - Epoc #	12170	 23.32025694847107
2023-07-12 07:48:46.423071 - Epoc #	12180	 22.901943922042847
2023-07-12 07:49:10.143080 - Epoc #	12190	 23.720009088516235
2023-07-12 07:49:33.572716 - Epoc #	12200	 23.429636001586914
2023-07-12 07:49:56.331239 - Epoc #	12210	 22.758522987365723
2023-07-12 07:50:19.121027 - Epoc #	12220	 22.789788007736206
2023-07-12 07:50:43.223311 - Epoc #	12230	 24.10228395462036
2023-07-12 07:51:06.464936 - Time between reward step: #	26968.15492606163
2023-07-12 07:51:06.464936 - Average Score: 60.00 Elapsed time: 7:29:34.916778
2023-07-12 07:51:06.464936 - Epoc #	12240	 23.2416250705719
2023-07-12 07:51:31.366035 - Epoc #	12250	 24.90109896659851
2023-07-12 07:51:53.999568 - Epoc #	12260	 22.633533000946045
2023-07-12 07:52:16.085448 - Epoc #	12270	 22.085880041122437
2023-07-12 07:52:38.406540 - Epoc #	12280	 22.321091890335083
2023-07-12 07:53:00.618181 - Epoc #	12290	 22.21164107322693
2023-07-12 07:53:23.712797 - Epoc #	12300	 23.094615936279297
2023-07-12 07:53:45.770724 - Epoc #	12310	 22.057927131652832
2023-07-12 07:54:09.083093 - Epoc #	12320	 23.312368869781494
2023-07-12 07:54:32.548914 - Epoc #	12330	 23.465821027755737
2023-07-12 07:54:55.572617 - Epoc #	12340	 23.02370309829712
2023-07-12 07:55:17.459306 - Epoc #	12350	 21.886688947677612
2023-07-12 07:55:40.217051 - Epoc #	12360	 22.757745027542114
2023-07-12 07:56:03.539237 - Epoc #	12370	 23.32218599319458
2023-07-12 07:56:27.077078 - Epoc #	12380	 23.537841081619263
2023-07-12 07:56:49.569197 - Epoc #	12390	 22.49211883544922
2023-07-12 07:57:12.702329 - Epoc #	12400	 23.133131980895996
2023-07-12 07:57:28.659719 - Time between reward step: #	27350.349709033966
2023-07-12 07:57:28.659719 - Average Score: 61.00 Elapsed time: 7:35:57.111508
2023-07-12 07:57:35.333919 - Epoc #	12410	 22.631590127944946
2023-07-12 07:57:58.825668 - Epoc #	12420	 23.491749048233032
2023-07-12 07:58:21.316637 - Epoc #	12430	 22.490968942642212
2023-07-12 07:58:43.528287 - Epoc #	12440	 22.211649894714355
2023-07-12 07:59:06.447895 - Epoc #	12450	 22.919608116149902
2023-07-12 07:59:28.581666 - Epoc #	12460	 22.13377094268799
2023-07-12 07:59:51.231255 - Epoc #	12470	 22.64958906173706
2023-07-12 08:00:14.630780 - Epoc #	12480	 23.399524927139282
2023-07-12 08:00:37.544729 - Epoc #	12490	 22.913949012756348
