2023-07-12 08:01:07.411819 - Starting learning loop ...
==================================================================
2023-07-12 08:01:07.411819 - Using Framebuffer of: 4 frames	 and 	ReplayBufferSize: 25000
2023-07-12 08:01:07.427448 - Loglevel is set to: a
2023-07-12 08:01:07.443071 - Epoc #	0	 
2023-07-12 08:01:31.918740 - Epoc #	10	 24.475669145584106
2023-07-12 08:01:53.083568 - Epoc #	20	 21.164828062057495
2023-07-12 08:02:13.700649 - Epoc #	30	 20.61708092689514
2023-07-12 08:02:34.459220 - Epoc #	40	 20.758570909500122
2023-07-12 08:02:54.919658 - Epoc #	50	 20.460438013076782
2023-07-12 08:03:14.895766 - Epoc #	60	 19.976108074188232
2023-07-12 08:03:35.996107 - Epoc #	70	 21.100341081619263
2023-07-12 08:03:56.972609 - Epoc #	80	 20.976501941680908
2023-07-12 08:04:17.859135 - Epoc #	90	 20.886525869369507
2023-07-12 08:04:38.664158 - Epoc #	100	 20.805023193359375
2023-07-12 08:04:49.370372 - Time between reward step: #	221.9585530757904
2023-07-12 08:04:49.370372 - Average Score: 7.00 Elapsed time: 0:03:44.434528
2023-07-12 08:04:53.700042 - Time between reward step: #	226.28822302818298
2023-07-12 08:04:53.700042 - Average Score: 8.00 Elapsed time: 0:03:48.760393
2023-07-12 08:05:00.061747 - Epoc #	110	 21.397588968276978
2023-07-12 08:05:20.709733 - Epoc #	120	 20.64798593521118
2023-07-12 08:05:39.499120 - Time between reward step: #	272.0873010158539
2023-07-12 08:05:39.499120 - Average Score: 9.00 Elapsed time: 0:04:34.557507
2023-07-12 08:05:41.578021 - Epoc #	130	 20.868288040161133
2023-07-12 08:06:01.583832 - Epoc #	140	 20.005810976028442
2023-07-12 08:06:22.589644 - Time between reward step: #	315.17782497406006
2023-07-12 08:06:22.589644 - Average Score: 10.00 Elapsed time: 0:05:17.662707
2023-07-12 08:06:22.605256 - Epoc #	150	 21.021424055099487
2023-07-12 08:06:27.919305 - Time between reward step: #	320.5074861049652
2023-07-12 08:06:27.919305 - Average Score: 11.00 Elapsed time: 0:05:22.983523
2023-07-12 08:06:34.092733 - Time between reward step: #	326.6809139251709
2023-07-12 08:06:34.092733 - Average Score: 12.00 Elapsed time: 0:05:29.159012
2023-07-12 08:06:44.314638 - Epoc #	160	 21.709381818771362
2023-07-12 08:07:05.463730 - Epoc #	170	 21.149092197418213
2023-07-12 08:07:26.416473 - Epoc #	180	 20.9527428150177
2023-07-12 08:07:46.250029 - Epoc #	190	 19.833556175231934
2023-07-12 08:08:06.318337 - Time between reward step: #	418.9065179824829
2023-07-12 08:08:06.318337 - Average Score: 13.00 Elapsed time: 0:07:01.383841
2023-07-12 08:08:09.289033 - Epoc #	200	 23.03900384902954
2023-07-12 08:08:29.891315 - Epoc #	210	 20.60228204727173
2023-07-12 08:08:50.462727 - Epoc #	220	 20.571412086486816
2023-07-12 08:09:11.608095 - Epoc #	230	 21.145367860794067
2023-07-12 08:09:32.804059 - Epoc #	240	 21.195964097976685
2023-07-12 08:09:53.078280 - Epoc #	250	 20.274220943450928
2023-07-12 08:10:13.664491 - Epoc #	260	 20.58621096611023
2023-07-12 08:10:34.266771 - Epoc #	270	 20.602280139923096
2023-07-12 08:10:55.008516 - Epoc #	280	 20.741744995117188
2023-07-12 08:11:16.246465 - Epoc #	290	 21.237948894500732
2023-07-12 08:11:37.066729 - Epoc #	300	 20.820264101028442
2023-07-12 08:11:57.652274 - Epoc #	310	 20.58554482460022
2023-07-12 08:12:18.878329 - Epoc #	320	 21.226055145263672
2023-07-12 08:12:39.650170 - Epoc #	330	 20.771841049194336
2023-07-12 08:13:01.158307 - Epoc #	340	 21.508136987686157
2023-07-12 08:13:21.331130 - Epoc #	350	 20.172822952270508
2023-07-12 08:13:42.165463 - Epoc #	360	 20.834332942962646
2023-07-12 08:14:03.627505 - Epoc #	370	 21.462042093276978
2023-07-12 08:14:23.880419 - Epoc #	380	 20.25291395187378
2023-07-12 08:14:44.295214 - Epoc #	390	 20.414794921875
2023-07-12 08:15:05.599441 - Epoc #	400	 21.304227113723755
2023-07-12 08:15:26.185205 - Epoc #	410	 20.585763931274414
2023-07-12 08:15:46.741057 - Epoc #	420	 20.555851936340332
2023-07-12 08:16:08.280008 - Epoc #	430	 21.53895115852356
2023-07-12 08:16:28.679161 - Epoc #	440	 20.399152994155884
2023-07-12 08:16:49.202926 - Epoc #	450	 20.523764848709106
2023-07-12 08:17:10.945843 - Epoc #	460	 21.74291706085205
2023-07-12 08:17:32.249704 - Epoc #	470	 21.303860902786255
2023-07-12 08:17:54.351971 - Epoc #	480	 22.102267026901245
2023-07-12 08:18:14.422621 - Epoc #	490	 20.070650100708008
2023-07-12 08:18:35.275341 - Epoc #	500	 20.852720022201538
2023-07-12 08:18:56.032985 - Epoc #	510	 20.757643938064575
2023-07-12 08:19:16.762898 - Epoc #	520	 20.729912996292114
2023-07-12 08:19:37.817197 - Epoc #	530	 21.054299116134644
2023-07-12 08:19:58.308902 - Epoc #	540	 20.4917049407959
2023-07-12 08:20:19.568259 - Epoc #	550	 21.25935697555542
2023-07-12 08:20:39.685739 - Epoc #	560	 20.117480039596558
2023-07-12 08:21:01.928640 - Epoc #	570	 22.242900848388672
2023-07-12 08:21:22.515689 - Epoc #	580	 20.58704900741577
2023-07-12 08:21:43.180473 - Epoc #	590	 20.66478419303894
2023-07-12 08:22:04.095327 - Epoc #	600	 20.914853811264038
2023-07-12 08:22:25.040578 - Epoc #	610	 20.945250988006592
2023-07-12 08:22:46.423332 - Epoc #	620	 21.38275408744812
2023-07-12 08:23:07.102962 - Epoc #	630	 20.679630041122437
2023-07-12 08:23:28.173935 - Epoc #	640	 21.07097291946411
2023-07-12 08:23:50.368425 - Epoc #	650	 22.1944899559021
2023-07-12 08:24:10.705888 - Epoc #	660	 20.33746314048767
2023-07-12 08:24:32.543917 - Epoc #	670	 21.83802890777588
2023-07-12 08:24:52.536766 - Epoc #	680	 19.992849111557007
2023-07-12 08:25:13.348547 - Epoc #	690	 20.81178092956543
2023-07-12 08:25:34.168465 - Epoc #	700	 20.819917917251587
2023-07-12 08:25:54.737879 - Epoc #	710	 20.569414138793945
2023-07-12 08:26:15.973572 - Epoc #	720	 21.235692977905273
2023-07-12 08:26:36.949684 - Epoc #	730	 20.976111888885498
2023-07-12 08:26:57.393768 - Epoc #	740	 20.44408416748047
2023-07-12 08:27:18.183167 - Epoc #	750	 20.789398908615112
2023-07-12 08:27:39.287110 - Epoc #	760	 21.10394310951233
2023-07-12 08:27:59.467121 - Epoc #	770	 20.18001079559326
2023-07-12 08:28:19.881516 - Epoc #	780	 20.414395093917847
2023-07-12 08:28:40.561968 - Epoc #	790	 20.68045210838318
2023-07-12 08:29:01.163814 - Epoc #	800	 20.60184597969055
2023-07-12 08:29:21.742054 - Epoc #	810	 20.578239917755127
2023-07-12 08:29:42.312600 - Epoc #	820	 20.57054591178894
2023-07-12 08:30:04.163377 - Epoc #	830	 21.85077714920044
2023-07-12 08:30:25.436311 - Epoc #	840	 21.272933959960938
2023-07-12 08:30:46.099919 - Epoc #	850	 20.663608074188232
2023-07-12 08:31:07.413508 - Epoc #	860	 21.313588857650757
2023-07-12 08:31:29.592741 - Epoc #	870	 22.179233074188232
2023-07-12 08:31:50.491898 - Epoc #	880	 20.89915704727173
2023-07-12 08:32:10.672739 - Epoc #	890	 20.180840969085693
2023-07-12 08:32:31.257424 - Epoc #	900	 20.58468508720398
2023-07-12 08:32:52.015956 - Epoc #	910	 20.75853180885315
2023-07-12 08:33:13.367845 - Epoc #	920	 21.35188913345337
2023-07-12 08:33:34.062605 - Epoc #	930	 20.694759845733643
2023-07-12 08:33:55.071133 - Epoc #	940	 21.008527994155884
2023-07-12 08:34:16.633872 - Epoc #	950	 21.56273913383484
2023-07-12 08:34:38.016618 - Epoc #	960	 21.38274598121643
2023-07-12 08:34:59.383806 - Epoc #	970	 21.367187976837158
2023-07-12 08:35:20.157535 - Epoc #	980	 20.77372908592224
2023-07-12 08:35:40.883648 - Epoc #	990	 20.726112842559814
2023-07-12 08:36:02.783632 - Epoc #	1000	 21.899984121322632
2023-07-12 08:36:23.758536 - Epoc #	1010	 20.97490406036377
2023-07-12 08:36:44.860039 - Epoc #	1020	 21.101502895355225
2023-07-12 08:37:05.852557 - Epoc #	1030	 20.992517948150635
2023-07-12 08:37:26.948021 - Epoc #	1040	 21.09546399116516
2023-07-12 08:37:47.331183 - Epoc #	1050	 20.383162021636963
2023-07-12 08:38:08.556139 - Epoc #	1060	 21.224956035614014
2023-07-12 08:38:30.517803 - Epoc #	1070	 21.961663961410522
2023-07-12 08:38:53.276227 - Epoc #	1080	 22.758424043655396
2023-07-12 08:38:57.871137 - Time between reward step: #	2270.459317922592
2023-07-12 08:38:57.871137 - Average Score: 14.00 Elapsed time: 0:37:52.933304
2023-07-12 08:39:12.556355 - Time between reward step: #	2285.1445360183716
2023-07-12 08:39:12.556355 - Average Score: 15.00 Elapsed time: 0:38:07.624438
2023-07-12 08:39:16.636027 - Epoc #	1090	 23.359800100326538
2023-07-12 08:39:23.139135 - Time between reward step: #	2295.72731590271
2023-07-12 08:39:23.139135 - Average Score: 16.00 Elapsed time: 0:38:18.208458
2023-07-12 08:39:37.411749 - Epoc #	1100	 20.775721788406372
2023-07-12 08:39:58.212496 - Epoc #	1110	 20.80074715614319
2023-07-12 08:40:19.002666 - Epoc #	1120	 20.790169954299927
2023-07-12 08:40:41.294291 - Epoc #	1130	 22.291625022888184
2023-07-12 08:41:02.504201 - Epoc #	1140	 21.209909915924072
2023-07-12 08:41:23.138849 - Epoc #	1150	 20.634648084640503
2023-07-12 08:41:43.754772 - Epoc #	1160	 20.615922927856445
2023-07-12 08:42:05.357821 - Epoc #	1170	 21.6030490398407
2023-07-12 08:42:26.850385 - Epoc #	1180	 21.4925639629364
2023-07-12 08:42:48.576887 - Epoc #	1190	 21.726501941680908
2023-07-12 08:43:10.452862 - Epoc #	1200	 21.875975131988525
2023-07-12 08:43:31.759009 - Epoc #	1210	 21.30614686012268
2023-07-12 08:43:53.470683 - Epoc #	1220	 21.711674213409424
2023-07-12 08:44:15.088995 - Epoc #	1230	 21.618311882019043
2023-07-12 08:44:35.894788 - Epoc #	1240	 20.805793046951294
2023-07-12 08:44:57.231010 - Epoc #	1250	 21.336221933364868
2023-07-12 08:45:18.348204 - Epoc #	1260	 21.117193937301636
2023-07-12 08:45:39.387147 - Epoc #	1270	 21.03894305229187
2023-07-12 08:45:59.894897 - Epoc #	1280	 20.507750034332275
2023-07-12 08:46:20.729612 - Epoc #	1290	 20.834715127944946
2023-07-12 08:46:41.362415 - Epoc #	1300	 20.632802963256836
2023-07-12 08:47:01.618569 - Epoc #	1310	 20.25615382194519
2023-07-12 08:47:22.657672 - Epoc #	1320	 21.039103031158447
2023-07-12 08:47:44.479822 - Epoc #	1330	 21.822149991989136
2023-07-12 08:48:04.628971 - Epoc #	1340	 20.149149179458618
2023-07-12 08:48:25.981997 - Epoc #	1350	 21.353025913238525
2023-07-12 08:48:47.037404 - Epoc #	1360	 21.05540704727173
2023-07-12 08:49:07.816776 - Epoc #	1370	 20.779371976852417
2023-07-12 08:49:29.589741 - Epoc #	1380	 21.77296495437622
2023-07-12 08:49:50.551405 - Epoc #	1390	 20.961663961410522
2023-07-12 08:50:13.934930 - Epoc #	1400	 23.383525133132935
2023-07-12 08:50:34.802828 - Epoc #	1410	 20.867897987365723
2023-07-12 08:50:55.403948 - Epoc #	1420	 20.601119995117188
2023-07-12 08:51:16.270688 - Epoc #	1430	 20.866739988327026
2023-07-12 08:51:37.559718 - Epoc #	1440	 21.289029836654663
2023-07-12 08:51:58.755741 - Epoc #	1450	 21.196022987365723
2023-07-12 08:52:19.950488 - Epoc #	1460	 21.19474720954895
2023-07-12 08:52:41.910593 - Epoc #	1470	 21.960104942321777
2023-07-12 08:53:03.138309 - Epoc #	1480	 21.227715969085693
2023-07-12 08:53:24.975305 - Epoc #	1490	 21.83699607849121
2023-07-12 08:53:46.078712 - Epoc #	1500	 21.10340690612793
2023-07-12 08:54:07.276820 - Epoc #	1510	 21.198107957839966
2023-07-12 08:54:27.753007 - Epoc #	1520	 20.476186990737915
2023-07-12 08:54:49.324443 - Epoc #	1530	 21.571436166763306
2023-07-12 08:55:10.969522 - Epoc #	1540	 21.645078897476196
2023-07-12 08:55:32.399914 - Epoc #	1550	 21.430392026901245
2023-07-12 08:55:53.345954 - Epoc #	1560	 20.94603991508484
2023-07-12 08:56:14.627717 - Epoc #	1570	 21.281763076782227
2023-07-12 08:56:35.870627 - Epoc #	1580	 21.242909908294678
2023-07-12 08:56:56.128380 - Epoc #	1590	 20.257753133773804
2023-07-12 08:57:16.807553 - Epoc #	1600	 20.6791729927063
2023-07-12 08:57:37.517651 - Epoc #	1610	 20.710098028182983
2023-07-12 08:57:58.681990 - Epoc #	1620	 21.16433882713318
2023-07-12 08:58:19.487029 - Epoc #	1630	 20.805039167404175
2023-07-12 08:58:40.649858 - Epoc #	1640	 21.16282892227173
2023-07-12 08:59:01.938442 - Epoc #	1650	 21.288583993911743
2023-07-12 08:59:23.841845 - Epoc #	1660	 21.90340304374695
2023-07-12 08:59:45.929281 - Epoc #	1670	 22.087435960769653
2023-07-12 09:00:07.500344 - Epoc #	1680	 21.57106304168701
2023-07-12 09:00:28.789355 - Epoc #	1690	 21.289011001586914
2023-07-12 09:00:49.547066 - Epoc #	1700	 20.757710933685303
2023-07-12 09:01:09.985831 - Epoc #	1710	 20.438765048980713
2023-07-12 09:01:31.852188 - Epoc #	1720	 21.86635708808899
2023-07-12 09:01:52.986935 - Epoc #	1730	 21.13474678993225
2023-07-12 09:02:14.056365 - Epoc #	1740	 21.069430112838745
2023-07-12 09:02:34.314126 - Epoc #	1750	 20.257761001586914
2023-07-12 09:02:55.414847 - Epoc #	1760	 21.10072088241577
2023-07-12 09:03:16.750387 - Epoc #	1770	 21.335540056228638
2023-07-12 09:03:38.272941 - Epoc #	1780	 21.52255415916443
2023-07-12 09:03:59.359216 - Epoc #	1790	 21.08627486228943
2023-07-12 09:04:19.846654 - Epoc #	1800	 20.487437963485718
2023-07-12 09:04:40.917691 - Epoc #	1810	 21.07103705406189
2023-07-12 09:05:02.144973 - Epoc #	1820	 21.22728204727173
2023-07-12 09:05:22.294907 - Epoc #	1830	 20.14993405342102
2023-07-12 09:05:43.303446 - Epoc #	1840	 21.008538961410522
2023-07-12 09:06:04.686645 - Epoc #	1850	 21.383198976516724
2023-07-12 09:06:25.615439 - Epoc #	1860	 20.928793907165527
2023-07-12 09:06:46.701706 - Epoc #	1870	 21.08626699447632
2023-07-12 09:07:07.749891 - Epoc #	1880	 21.048185110092163
2023-07-12 09:07:28.491227 - Epoc #	1890	 20.74133586883545
2023-07-12 09:07:48.857473 - Epoc #	1900	 20.366245985031128
2023-07-12 09:08:10.272710 - Epoc #	1910	 21.415237188339233
2023-07-12 09:08:31.217899 - Epoc #	1920	 20.945188999176025
2023-07-12 09:08:52.929610 - Epoc #	1930	 21.711710929870605
2023-07-12 09:09:14.205088 - Epoc #	1940	 21.27547788619995
2023-07-12 09:09:35.854299 - Epoc #	1950	 21.649211168289185
2023-07-12 09:09:56.658473 - Epoc #	1960	 20.804173946380615
2023-07-12 09:10:17.477577 - Epoc #	1970	 20.819103956222534
2023-07-12 09:10:38.096162 - Epoc #	1980	 20.618585109710693
2023-07-12 09:11:00.670577 - Epoc #	1990	 22.5744149684906
2023-07-12 09:11:22.181217 - Epoc #	2000	 21.510639905929565
2023-07-12 09:11:43.392498 - Epoc #	2010	 21.211281061172485
2023-07-12 09:12:04.291705 - Epoc #	2020	 20.89920687675476
2023-07-12 09:12:24.674793 - Epoc #	2030	 20.38308811187744
2023-07-12 09:12:45.446631 - Epoc #	2040	 20.771837949752808
2023-07-12 09:13:07.262279 - Epoc #	2050	 21.815648078918457
2023-07-12 09:13:28.174454 - Epoc #	2060	 20.912174940109253
2023-07-12 09:13:49.134228 - Epoc #	2070	 20.959774017333984
2023-07-12 09:14:10.267652 - Epoc #	2080	 21.133424043655396
2023-07-12 09:14:31.604705 - Epoc #	2090	 21.337053060531616
2023-07-12 09:14:52.191034 - Epoc #	2100	 20.586328983306885
2023-07-12 09:15:13.542873 - Epoc #	2110	 21.35183882713318
2023-07-12 09:15:34.707272 - Epoc #	2120	 21.16439914703369
2023-07-12 09:15:57.058760 - Epoc #	2130	 22.35148787498474
2023-07-12 09:16:19.865784 - Epoc #	2140	 22.807024002075195
2023-07-12 09:16:41.233267 - Epoc #	2150	 21.367483139038086
2023-07-12 09:17:02.585987 - Epoc #	2160	 21.352720022201538
2023-07-12 09:17:24.564389 - Epoc #	2170	 21.97840189933777
2023-07-12 09:17:45.433087 - Epoc #	2180	 20.868698120117188
2023-07-12 09:18:06.033482 - Epoc #	2190	 20.60039496421814
2023-07-12 09:18:28.653273 - Epoc #	2200	 22.61979103088379
2023-07-12 09:18:51.709071 - Epoc #	2210	 23.055797815322876
2023-07-12 09:19:12.638036 - Epoc #	2220	 20.928965091705322
2023-07-12 09:19:34.442272 - Epoc #	2230	 21.80423593521118
2023-07-12 09:19:54.669566 - Epoc #	2240	 20.227293968200684
2023-07-12 09:20:15.834739 - Epoc #	2250	 21.165173053741455
2023-07-12 09:20:37.421442 - Epoc #	2260	 21.586703062057495
2023-07-12 09:20:59.725252 - Epoc #	2270	 22.303809881210327
2023-07-12 09:21:20.733401 - Epoc #	2280	 21.00814914703369
2023-07-12 09:21:42.305208 - Epoc #	2290	 21.57180690765381
2023-07-12 09:22:04.327415 - Epoc #	2300	 22.022207021713257
2023-07-12 09:22:25.570322 - Epoc #	2310	 21.24290704727173
2023-07-12 09:22:47.329639 - Epoc #	2320	 21.75931692123413
2023-07-12 09:23:10.135822 - Epoc #	2330	 22.806183099746704
2023-07-12 09:23:30.800986 - Epoc #	2340	 20.66516399383545
2023-07-12 09:23:53.263039 - Epoc #	2350	 22.462053060531616
2023-07-12 09:24:14.241391 - Epoc #	2360	 20.978351831436157
2023-07-12 09:24:35.216337 - Epoc #	2370	 20.97494602203369
2023-07-12 09:24:58.067126 - Epoc #	2380	 22.850789070129395
2023-07-12 09:25:19.989747 - Epoc #	2390	 21.92262101173401
2023-07-12 09:25:41.310276 - Epoc #	2400	 21.320528984069824
2023-07-12 09:26:03.399100 - Epoc #	2410	 22.088824033737183
2023-07-12 09:26:25.391553 - Epoc #	2420	 21.99245285987854
2023-07-12 09:26:45.978159 - Epoc #	2430	 20.5866060256958
2023-07-12 09:27:07.283174 - Epoc #	2440	 21.305015087127686
2023-07-12 09:27:28.165587 - Epoc #	2450	 20.882412910461426
2023-07-12 09:27:50.610842 - Epoc #	2460	 22.445255041122437
2023-07-12 09:28:11.946278 - Epoc #	2470	 21.33543610572815
2023-07-12 09:28:33.062246 - Epoc #	2480	 21.115967988967896
2023-07-12 09:28:53.443456 - Epoc #	2490	 20.38120985031128
2023-07-12 09:29:15.286165 - Epoc #	2500	 21.842709064483643
2023-07-12 09:29:37.609539 - Epoc #	2510	 22.323374032974243
2023-07-12 09:29:59.711834 - Epoc #	2520	 22.102294921875
2023-07-12 09:30:21.283311 - Epoc #	2530	 21.571476936340332
2023-07-12 09:30:43.697250 - Epoc #	2540	 22.413938999176025
2023-07-12 09:31:06.222563 - Epoc #	2550	 22.525313138961792
2023-07-12 09:31:27.350606 - Epoc #	2560	 21.128042936325073
2023-07-12 09:31:50.343074 - Epoc #	2570	 22.992468118667603
2023-07-12 09:32:11.475828 - Epoc #	2580	 21.13275384902954
2023-07-12 09:32:32.169539 - Epoc #	2590	 20.693711042404175
2023-07-12 09:32:54.492506 - Epoc #	2600	 22.322967052459717
2023-07-12 09:33:15.545197 - Epoc #	2610	 21.052690982818604
2023-07-12 09:33:37.380734 - Epoc #	2620	 21.83553695678711
2023-07-12 09:33:58.794198 - Epoc #	2630	 21.413464069366455
2023-07-12 09:34:19.724206 - Epoc #	2640	 20.930007934570312
2023-07-12 09:34:41.561637 - Epoc #	2650	 21.837430953979492
2023-07-12 09:35:01.726872 - Epoc #	2660	 20.16523504257202
2023-07-12 09:35:22.469718 - Epoc #	2670	 20.74284601211548
2023-07-12 09:35:44.086880 - Epoc #	2680	 21.617161989212036
2023-07-12 09:36:05.518847 - Epoc #	2690	 21.43196702003479
2023-07-12 09:36:27.745750 - Epoc #	2700	 22.226902961730957
2023-07-12 09:36:49.708191 - Epoc #	2710	 21.962440967559814
2023-07-12 09:37:10.675553 - Epoc #	2720	 20.96736216545105
2023-07-12 09:37:33.105963 - Epoc #	2730	 22.430409908294678
2023-07-12 09:37:55.928601 - Epoc #	2740	 22.822638034820557
2023-07-12 09:38:18.921064 - Epoc #	2750	 22.992462873458862
2023-07-12 09:38:40.334685 - Epoc #	2760	 21.413621187210083
2023-07-12 09:39:00.655384 - Epoc #	2770	 20.320698976516724
2023-07-12 09:39:21.725972 - Epoc #	2780	 21.070587873458862
2023-07-12 09:39:43.922437 - Epoc #	2790	 22.196465015411377
2023-07-12 09:40:04.446533 - Epoc #	2800	 20.52409601211548
2023-07-12 09:40:25.628509 - Epoc #	2810	 21.181976079940796
2023-07-12 09:40:46.356563 - Epoc #	2820	 20.72805404663086
2023-07-12 09:41:07.397268 - Epoc #	2830	 21.04070496559143
2023-07-12 09:41:29.608545 - Epoc #	2840	 22.21127700805664
2023-07-12 09:41:50.974516 - Epoc #	2850	 21.365970849990845
2023-07-12 09:42:12.058337 - Epoc #	2860	 21.083821058273315
2023-07-12 09:42:33.017676 - Epoc #	2870	 20.959339141845703
2023-07-12 09:42:54.572346 - Epoc #	2880	 21.554669857025146
2023-07-12 09:43:16.759033 - Epoc #	2890	 22.186686992645264
2023-07-12 09:43:38.421052 - Epoc #	2900	 21.66201901435852
2023-07-12 09:43:59.819434 - Epoc #	2910	 21.39838194847107
2023-07-12 09:44:20.889178 - Epoc #	2920	 21.069744110107422
2023-07-12 09:44:42.912609 - Epoc #	2930	 22.023431062698364
2023-07-12 09:45:06.156611 - Epoc #	2940	 23.244001865386963
2023-07-12 09:45:27.571393 - Epoc #	2950	 21.41478204727173
2023-07-12 09:45:48.421881 - Epoc #	2960	 20.85048794746399
2023-07-12 09:46:09.210885 - Epoc #	2970	 20.78900408744812
2023-07-12 09:46:30.251447 - Epoc #	2980	 21.04056191444397
2023-07-12 09:46:51.571698 - Epoc #	2990	 21.320250988006592
2023-07-12 09:47:13.172756 - Epoc #	3000	 21.60105800628662
2023-07-12 09:47:35.900385 - Epoc #	3010	 22.72762894630432
2023-07-12 09:47:58.550391 - Epoc #	3020	 22.65000605583191
2023-07-12 09:48:20.276718 - Epoc #	3030	 21.726326942443848
2023-07-12 09:48:42.049705 - Epoc #	3040	 21.772987127304077
2023-07-12 09:49:03.166831 - Epoc #	3050	 21.117125988006592
2023-07-12 09:49:25.309856 - Epoc #	3060	 22.143024921417236
2023-07-12 09:49:49.209001 - Epoc #	3070	 23.899145126342773
2023-07-12 09:50:10.358160 - Epoc #	3080	 21.14915895462036
2023-07-12 09:50:31.601072 - Epoc #	3090	 21.24291205406189
2023-07-12 09:50:54.156021 - Epoc #	3100	 22.554949045181274
2023-07-12 09:51:16.054784 - Epoc #	3110	 21.898762941360474
2023-07-12 09:51:38.860964 - Epoc #	3120	 22.806180000305176
2023-07-12 09:52:00.792873 - Epoc #	3130	 21.93190884590149
2023-07-12 09:52:23.207278 - Epoc #	3140	 22.41440510749817
2023-07-12 09:52:43.700081 - Epoc #	3150	 20.49280309677124
2023-07-12 09:53:06.849299 - Epoc #	3160	 23.1492178440094
2023-07-12 09:53:27.825752 - Epoc #	3170	 20.976453065872192
2023-07-12 09:53:49.275777 - Epoc #	3180	 21.45002508163452
2023-07-12 09:54:12.363409 - Epoc #	3190	 23.087631940841675
2023-07-12 09:54:33.465307 - Epoc #	3200	 21.101897954940796
2023-07-12 09:54:54.659400 - Epoc #	3210	 21.194092988967896
2023-07-12 09:55:15.804954 - Epoc #	3220	 21.145554065704346
2023-07-12 09:55:37.765015 - Epoc #	3230	 21.960060834884644
2023-07-12 09:56:01.021977 - Epoc #	3240	 23.256962060928345
2023-07-12 09:56:14.685321 - Time between reward step: #	6907.273502111435
2023-07-12 09:56:14.685321 - Average Score: 17.00 Elapsed time: 1:55:09.748543
2023-07-12 09:56:22.483746 - Epoc #	3250	 21.461769104003906
2023-07-12 09:56:43.989638 - Epoc #	3260	 21.505892038345337
2023-07-12 09:57:06.639511 - Epoc #	3270	 22.64987301826477
2023-07-12 09:57:27.803114 - Epoc #	3280	 21.163602828979492
2023-07-12 09:57:49.264154 - Epoc #	3290	 21.461040019989014
2023-07-12 09:58:10.568777 - Epoc #	3300	 21.304623126983643
2023-07-12 09:58:32.780828 - Epoc #	3310	 22.212050914764404
2023-07-12 09:58:55.212004 - Epoc #	3320	 22.43117594718933
2023-07-12 09:59:17.923202 - Epoc #	3330	 22.711198091506958
2023-07-12 09:59:39.305968 - Epoc #	3340	 21.382766008377075
2023-07-12 10:00:00.830070 - Epoc #	3350	 21.524101972579956
2023-07-12 10:00:22.352298 - Epoc #	3360	 21.522228002548218
2023-07-12 10:00:43.391686 - Epoc #	3370	 21.039387941360474
2023-07-12 10:01:04.852945 - Epoc #	3380	 21.461259126663208
2023-07-12 10:01:26.399361 - Epoc #	3390	 21.54641580581665
2023-07-12 10:01:47.392706 - Epoc #	3400	 20.993345022201538
2023-07-12 10:02:09.307809 - Epoc #	3410	 21.91510319709778
2023-07-12 10:02:31.785890 - Epoc #	3420	 22.478080987930298
2023-07-12 10:02:53.793632 - Epoc #	3430	 22.007741928100586
2023-07-12 10:03:15.538097 - Epoc #	3440	 21.744464874267578
2023-07-12 10:03:37.969672 - Epoc #	3450	 22.431575059890747
2023-07-12 10:03:59.134056 - Epoc #	3460	 21.164384126663208
2023-07-12 10:04:21.298058 - Epoc #	3470	 22.164001941680908
2023-07-12 10:04:43.587835 - Epoc #	3480	 22.289777040481567
2023-07-12 10:05:04.956511 - Epoc #	3490	 21.36867594718933
2023-07-12 10:05:26.276664 - Epoc #	3500	 21.32015299797058
2023-07-12 10:05:49.193776 - Epoc #	3510	 22.91711187362671
2023-07-12 10:06:10.858953 - Epoc #	3520	 21.6651771068573
2023-07-12 10:06:32.882729 - Epoc #	3530	 22.023776054382324
2023-07-12 10:06:55.627230 - Epoc #	3540	 22.744500875473022
2023-07-12 10:07:17.317524 - Epoc #	3550	 21.69029402732849
2023-07-12 10:07:38.370938 - Epoc #	3560	 21.05341410636902
2023-07-12 10:07:59.613132 - Epoc #	3570	 21.242193937301636
2023-07-12 10:08:22.013071 - Epoc #	3580	 22.39993906021118
2023-07-12 10:08:43.771158 - Epoc #	3590	 21.758086919784546
2023-07-12 10:09:05.249212 - Epoc #	3600	 21.47805404663086
2023-07-12 10:09:28.321040 - Epoc #	3610	 23.07182788848877
2023-07-12 10:09:50.047171 - Epoc #	3620	 21.726131200790405
2023-07-12 10:10:12.399116 - Epoc #	3630	 22.35194492340088
2023-07-12 10:10:34.642364 - Epoc #	3640	 22.243247985839844
2023-07-12 10:10:56.978619 - Epoc #	3650	 22.336255073547363
2023-07-12 10:11:18.941925 - Epoc #	3660	 21.963305950164795
2023-07-12 10:11:40.652830 - Epoc #	3670	 21.710904836654663
2023-07-12 10:12:04.021962 - Epoc #	3680	 23.369132041931152
2023-07-12 10:12:25.170685 - Epoc #	3690	 21.148723125457764
2023-07-12 10:12:47.242101 - Epoc #	3700	 22.071415901184082
2023-07-12 10:13:09.171188 - Epoc #	3710	 21.929087162017822
2023-07-12 10:13:32.803886 - Epoc #	3720	 23.632697820663452
2023-07-12 10:13:54.656947 - Epoc #	3730	 21.853060960769653
2023-07-12 10:14:15.600721 - Epoc #	3740	 20.943773984909058
2023-07-12 10:14:36.466186 - Epoc #	3750	 20.86546516418457
2023-07-12 10:14:57.645390 - Epoc #	3760	 21.179203987121582
2023-07-12 10:15:18.591426 - Epoc #	3770	 20.946035861968994
2023-07-12 10:15:40.553535 - Epoc #	3780	 21.962109088897705
2023-07-12 10:16:03.140977 - Epoc #	3790	 22.58744192123413
2023-07-12 10:16:24.711941 - Epoc #	3800	 21.570964097976685
2023-07-12 10:16:45.782207 - Epoc #	3810	 21.070266008377075
2023-07-12 10:17:07.179867 - Epoc #	3820	 21.39766001701355
2023-07-12 10:17:28.173908 - Epoc #	3830	 20.994040966033936
2023-07-12 10:17:49.760559 - Epoc #	3840	 21.58665108680725
2023-07-12 10:18:10.081217 - Epoc #	3850	 20.320657968521118
2023-07-12 10:18:33.012488 - Epoc #	3860	 22.931270837783813
2023-07-12 10:18:54.178813 - Epoc #	3870	 21.166325092315674
2023-07-12 10:19:14.992448 - Epoc #	3880	 20.813635110855103
2023-07-12 10:19:35.516833 - Epoc #	3890	 20.52438497543335
2023-07-12 10:19:56.805056 - Epoc #	3900	 21.288223028182983
2023-07-12 10:20:18.594891 - Epoc #	3910	 21.78983497619629
2023-07-12 10:20:39.665552 - Epoc #	3920	 21.070660829544067
2023-07-12 10:21:02.986421 - Epoc #	3930	 23.320869207382202
2023-07-12 10:21:24.103551 - Epoc #	3940	 21.117129802703857
2023-07-12 10:21:46.752316 - Epoc #	3950	 22.648765087127686
2023-07-12 10:22:07.509676 - Epoc #	3960	 20.757359981536865
2023-07-12 10:22:29.986350 - Epoc #	3970	 22.47667407989502
2023-07-12 10:22:52.619159 - Epoc #	3980	 22.632808923721313
2023-07-12 10:23:12.612015 - Epoc #	3990	 19.9928560256958
2023-07-12 10:23:34.700604 - Epoc #	4000	 22.08858895301819
2023-07-12 10:23:58.006001 - Epoc #	4010	 23.305397033691406
2023-07-12 10:24:18.810247 - Epoc #	4020	 20.804245948791504
2023-07-12 10:24:41.725445 - Epoc #	4030	 22.91519808769226
2023-07-12 10:25:02.610960 - Epoc #	4040	 20.885514974594116
2023-07-12 10:25:25.503063 - Epoc #	4050	 22.89210295677185
2023-07-12 10:25:47.010433 - Epoc #	4060	 21.507369995117188
2023-07-12 10:26:08.688365 - Epoc #	4070	 21.677932024002075
2023-07-12 10:26:30.118011 - Epoc #	4080	 21.429646015167236
2023-07-12 10:26:52.047261 - Epoc #	4090	 21.92925000190735
2023-07-12 10:27:13.242508 - Epoc #	4100	 21.195246934890747
2023-07-12 10:27:35.330331 - Epoc #	4110	 22.087823152542114
2023-07-12 10:27:47.256470 - Time between reward step: #	8799.84465098381
2023-07-12 10:27:47.256470 - Average Score: 18.00 Elapsed time: 2:26:42.315777
2023-07-12 10:27:54.149036 - Time between reward step: #	8806.737216949463
2023-07-12 10:27:54.149036 - Average Score: 19.00 Elapsed time: 2:26:49.220554
2023-07-12 10:27:58.306722 - Epoc #	4120	 22.976390838623047
2023-07-12 10:28:19.437942 - Epoc #	4130	 21.13122010231018
2023-07-12 10:28:41.571081 - Epoc #	4140	 22.13313889503479
2023-07-12 10:29:03.001885 - Epoc #	4150	 21.430804014205933
2023-07-12 10:29:24.023706 - Epoc #	4160	 21.02182102203369
2023-07-12 10:29:46.969359 - Epoc #	4170	 22.945652961730957
2023-07-12 10:30:09.306405 - Epoc #	4180	 22.337046146392822
2023-07-12 10:30:29.908294 - Epoc #	4190	 20.60188889503479
2023-07-12 10:30:51.335603 - Epoc #	4200	 21.427309036254883
2023-07-12 10:31:13.133948 - Epoc #	4210	 21.79834508895874
2023-07-12 10:31:34.704582 - Epoc #	4220	 21.57063388824463
2023-07-12 10:31:55.931923 - Epoc #	4230	 21.227340936660767
2023-07-12 10:32:17.612657 - Epoc #	4240	 21.680734157562256
2023-07-12 10:32:40.369248 - Epoc #	4250	 22.756590843200684
2023-07-12 10:33:01.736827 - Epoc #	4260	 21.367578983306885
2023-07-12 10:33:24.386694 - Epoc #	4270	 22.649867057800293
2023-07-12 10:33:46.677308 - Epoc #	4280	 22.290614128112793
2023-07-12 10:34:08.715368 - Epoc #	4290	 22.038059949874878
2023-07-12 10:34:32.661400 - Epoc #	4300	 23.94603204727173
2023-07-12 10:34:43.041053 - Time between reward step: #	9215.629234075546
2023-07-12 10:34:43.041053 - Average Score: 20.00 Elapsed time: 2:33:38.112301
2023-07-12 10:34:54.341413 - Epoc #	4310	 21.680012941360474
2023-07-12 10:35:00.765607 - Time between reward step: #	9233.353788137436
2023-07-12 10:35:00.765607 - Average Score: 21.00 Elapsed time: 2:33:55.827031
2023-07-12 10:35:11.785884 - Time between reward step: #	9244.374064922333
2023-07-12 10:35:11.785884 - Average Score: 22.00 Elapsed time: 2:34:06.851792
2023-07-12 10:35:15.881623 - Epoc #	4320	 21.540210008621216
2023-07-12 10:35:20.212024 - Time between reward step: #	9252.800204992294
2023-07-12 10:35:20.212024 - Average Score: 23.00 Elapsed time: 2:34:15.277989
2023-07-12 10:35:22.947179 - Time between reward step: #	9255.535360097885
2023-07-12 10:35:22.947179 - Average Score: 24.00 Elapsed time: 2:34:18.019178
2023-07-12 10:35:25.322954 - Time between reward step: #	9257.911134958267
2023-07-12 10:35:25.322954 - Average Score: 25.00 Elapsed time: 2:34:20.392345
2023-07-12 10:35:29.621378 - Time between reward step: #	9262.209558963776
2023-07-12 10:35:29.621378 - Average Score: 26.00 Elapsed time: 2:34:24.693259
2023-07-12 10:35:38.562368 - Epoc #	4330	 22.680744886398315
2023-07-12 10:36:01.665436 - Time between reward step: #	9294.253617048264
2023-07-12 10:36:01.665436 - Average Score: 27.00 Elapsed time: 2:34:56.726092
2023-07-12 10:36:01.665436 - Epoc #	4340	 23.103068113327026
2023-07-12 10:36:25.517708 - Epoc #	4350	 23.852272033691406
2023-07-12 10:36:47.198120 - Epoc #	4360	 21.68041205406189
2023-07-12 10:37:08.373854 - Epoc #	4370	 21.17573380470276
2023-07-12 10:37:31.989049 - Epoc #	4380	 23.61519503593445
2023-07-12 10:37:53.167546 - Epoc #	4390	 21.178497076034546
2023-07-12 10:38:14.300293 - Epoc #	4400	 21.132746934890747
2023-07-12 10:38:35.183706 - Epoc #	4410	 20.883413076400757
2023-07-12 10:38:58.255845 - Epoc #	4420	 23.072139024734497
2023-07-12 10:39:20.703441 - Epoc #	4430	 22.447595834732056
2023-07-12 10:39:43.026340 - Epoc #	4440	 22.322899103164673
2023-07-12 10:40:04.285254 - Epoc #	4450	 21.25891399383545
2023-07-12 10:40:25.575435 - Epoc #	4460	 21.290180921554565
2023-07-12 10:40:47.207425 - Epoc #	4470	 21.63199019432068
2023-07-12 10:41:10.682475 - Epoc #	4480	 23.47504997253418
2023-07-12 10:41:32.785939 - Epoc #	4490	 22.103463888168335
2023-07-12 10:41:54.310087 - Epoc #	4500	 21.524147987365723
2023-07-12 10:42:15.570175 - Epoc #	4510	 21.260087966918945
2023-07-12 10:42:37.156460 - Epoc #	4520	 21.58628511428833
2023-07-12 10:42:58.945087 - Epoc #	4530	 21.78862690925598
2023-07-12 10:43:20.523399 - Epoc #	4540	 21.578312158584595
2023-07-12 10:43:40.750204 - Epoc #	4550	 20.226804971694946
2023-07-12 10:44:01.568905 - Epoc #	4560	 20.818701028823853
2023-07-12 10:44:22.170011 - Epoc #	4570	 20.60110592842102
2023-07-12 10:44:45.241872 - Epoc #	4580	 23.071861028671265
2023-07-12 10:45:08.376569 - Epoc #	4590	 23.13469696044922
2023-07-12 10:45:30.010044 - Epoc #	4600	 21.633475065231323
2023-07-12 10:45:51.751780 - Epoc #	4610	 21.74173593521118
2023-07-12 10:46:13.430633 - Epoc #	4620	 21.678853034973145
2023-07-12 10:46:35.111422 - Epoc #	4630	 21.68078899383545
2023-07-12 10:46:58.167606 - Epoc #	4640	 23.05618405342102
2023-07-12 10:47:19.784734 - Epoc #	4650	 21.617127895355225
2023-07-12 10:47:42.197181 - Epoc #	4660	 22.412446975708008
2023-07-12 10:48:03.402689 - Epoc #	4670	 21.20550799369812
2023-07-12 10:48:24.318254 - Epoc #	4680	 20.915565013885498
2023-07-12 10:48:45.184540 - Epoc #	4690	 20.866286039352417
2023-07-12 10:49:07.591346 - Epoc #	4700	 22.406805992126465
2023-07-12 10:49:29.194044 - Epoc #	4710	 21.60269808769226
2023-07-12 10:49:51.134137 - Epoc #	4720	 21.94009280204773
2023-07-12 10:50:12.016167 - Epoc #	4730	 20.88203001022339
2023-07-12 10:50:34.541042 - Epoc #	4740	 22.524875164031982
2023-07-12 10:50:56.377323 - Epoc #	4750	 21.836280822753906
2023-07-12 10:51:17.526132 - Epoc #	4760	 21.14880919456482
2023-07-12 10:51:39.377589 - Epoc #	4770	 21.851456880569458
2023-07-12 10:52:00.650965 - Epoc #	4780	 21.273375988006592
2023-07-12 10:52:21.645082 - Epoc #	4790	 20.99411702156067
2023-07-12 10:52:44.903166 - Epoc #	4800	 23.258084058761597
2023-07-12 10:53:06.207845 - Epoc #	4810	 21.304678916931152
2023-07-12 10:53:29.858119 - Epoc #	4820	 23.65027403831482
2023-07-12 10:53:51.803388 - Epoc #	4830	 21.945269107818604
2023-07-12 10:54:12.280592 - Epoc #	4840	 20.477203845977783
2023-07-12 10:54:34.105743 - Epoc #	4850	 21.825150966644287
2023-07-12 10:54:54.755305 - Epoc #	4860	 20.649562120437622
2023-07-12 10:55:16.748686 - Epoc #	4870	 21.993381023406982
2023-07-12 10:55:37.490428 - Epoc #	4880	 20.74174189567566
2023-07-12 10:55:59.515358 - Epoc #	4890	 22.024930000305176
2023-07-12 10:56:23.149280 - Epoc #	4900	 23.63392210006714
2023-07-12 10:56:45.453522 - Epoc #	4910	 22.30424189567566
2023-07-12 10:57:07.821874 - Epoc #	4920	 22.368351936340332
2023-07-12 10:57:32.329621 - Epoc #	4930	 24.507747173309326
2023-07-12 10:57:54.306789 - Epoc #	4940	 21.97716784477234
2023-07-12 10:58:16.657453 - Epoc #	4950	 22.350664138793945
2023-07-12 10:58:38.087477 - Epoc #	4960	 21.430023908615112
2023-07-12 10:58:59.515612 - Epoc #	4970	 21.42813491821289
2023-07-12 10:59:20.413554 - Epoc #	4980	 20.897942066192627
2023-07-12 10:59:42.154914 - Epoc #	4990	 21.74135994911194
2023-07-12 11:00:04.226334 - Epoc #	5000	 22.071420192718506
2023-07-12 11:00:25.984881 - Epoc #	5010	 21.758546829223633
2023-07-12 11:00:47.243077 - Epoc #	5020	 21.258196115493774
2023-07-12 11:01:08.431097 - Epoc #	5030	 21.18801999092102
2023-07-12 11:01:30.830692 - Epoc #	5040	 22.399595022201538
2023-07-12 11:01:51.151667 - Epoc #	5050	 20.320975065231323
2023-07-12 11:02:13.848869 - Epoc #	5060	 22.69720196723938
2023-07-12 11:02:36.059363 - Epoc #	5070	 22.210493803024292
2023-07-12 11:02:57.926496 - Epoc #	5080	 21.867133140563965
2023-07-12 11:03:19.153375 - Epoc #	5090	 21.226878881454468
2023-07-12 11:03:40.880658 - Epoc #	5100	 21.727283000946045
2023-07-12 11:04:02.311511 - Epoc #	5110	 21.430853128433228
2023-07-12 11:04:24.350075 - Epoc #	5120	 22.0385639667511
2023-07-12 11:04:47.139079 - Epoc #	5130	 22.78900408744812
2023-07-12 11:05:08.710525 - Epoc #	5140	 21.57144594192505
2023-07-12 11:05:33.095213 - Epoc #	5150	 24.384687900543213
2023-07-12 11:05:54.385768 - Epoc #	5160	 21.290555000305176
2023-07-12 11:06:15.612269 - Epoc #	5170	 21.226500988006592
2023-07-12 11:06:37.259873 - Epoc #	5180	 21.64760398864746
2023-07-12 11:06:58.348079 - Epoc #	5190	 21.08820605278015
2023-07-12 11:07:20.039395 - Epoc #	5200	 21.6913161277771
2023-07-12 11:07:42.671717 - Epoc #	5210	 22.63232183456421
2023-07-12 11:08:05.866585 - Epoc #	5220	 23.194868087768555
2023-07-12 11:08:28.999341 - Epoc #	5230	 23.132755994796753
2023-07-12 11:08:50.664893 - Epoc #	5240	 21.665551900863647
2023-07-12 11:09:11.689051 - Epoc #	5250	 21.024158000946045
2023-07-12 11:09:32.477298 - Epoc #	5260	 20.788247108459473
2023-07-12 11:09:53.892073 - Epoc #	5270	 21.414774894714355
2023-07-12 11:10:16.759969 - Epoc #	5280	 22.86789608001709
2023-07-12 11:10:38.286459 - Epoc #	5290	 21.526489973068237
2023-07-12 11:11:01.300797 - Epoc #	5300	 23.01433801651001
2023-07-12 11:11:23.464020 - Epoc #	5310	 22.163223028182983
2023-07-12 11:11:44.456924 - Epoc #	5320	 20.9929039478302
2023-07-12 11:12:07.324435 - Epoc #	5330	 22.86751103401184
2023-07-12 11:12:30.143525 - Epoc #	5340	 22.819089889526367
2023-07-12 11:12:51.963055 - Epoc #	5350	 21.81953001022339
2023-07-12 11:13:13.478817 - Epoc #	5360	 21.515762090682983
2023-07-12 11:13:34.737678 - Epoc #	5370	 21.25886106491089
2023-07-12 11:13:56.494264 - Epoc #	5380	 21.756585836410522
2023-07-12 11:14:17.596617 - Epoc #	5390	 21.1023530960083
2023-07-12 11:14:38.932437 - Epoc #	5400	 21.335819959640503
2023-07-12 11:15:00.206578 - Epoc #	5410	 21.27414107322693
2023-07-12 11:15:22.448982 - Epoc #	5420	 22.242403984069824
2023-07-12 11:15:43.676332 - Epoc #	5430	 21.227349996566772
2023-07-12 11:16:07.559418 - Epoc #	5440	 23.88308596611023
2023-07-12 11:16:29.956625 - Epoc #	5450	 22.397207021713257
2023-07-12 11:16:51.744088 - Epoc #	5460	 21.787462949752808
2023-07-12 11:17:14.157325 - Epoc #	5470	 22.41323709487915
2023-07-12 11:17:35.992864 - Epoc #	5480	 21.835538864135742
2023-07-12 11:17:57.239398 - Epoc #	5490	 21.2465341091156
2023-07-12 11:18:18.761831 - Epoc #	5500	 21.522433042526245
2023-07-12 11:18:41.801601 - Epoc #	5510	 23.039769887924194
2023-07-12 11:19:02.387478 - Epoc #	5520	 20.585877180099487
2023-07-12 11:19:25.610744 - Epoc #	5530	 23.223265886306763
2023-07-12 11:19:46.916147 - Epoc #	5540	 21.305402994155884
2023-07-12 11:20:07.971945 - Epoc #	5550	 21.055798053741455
2023-07-12 11:20:29.434048 - Epoc #	5560	 21.46210289001465
2023-07-12 11:20:50.019481 - Epoc #	5570	 20.58543300628662
2023-07-12 11:21:10.746689 - Epoc #	5580	 20.727208137512207
2023-07-12 11:21:32.552864 - Epoc #	5590	 21.806174993515015
2023-07-12 11:21:54.998883 - Epoc #	5600	 22.446018934249878
2023-07-12 11:22:17.351119 - Epoc #	5610	 22.352236032485962
2023-07-12 11:22:40.202625 - Epoc #	5620	 22.851505994796753
2023-07-12 11:23:02.146717 - Epoc #	5630	 21.94409203529358
2023-07-12 11:23:24.949673 - Epoc #	5640	 22.802955865859985
2023-07-12 11:23:46.240229 - Epoc #	5650	 21.290555953979492
2023-07-12 11:24:07.326486 - Epoc #	5660	 21.086257219314575
2023-07-12 11:24:31.481464 - Epoc #	5670	 24.154977798461914
2023-07-12 11:24:56.023572 - Epoc #	5680	 24.542108058929443
2023-07-12 11:25:18.914909 - Epoc #	5690	 22.891336917877197
2023-07-12 11:25:40.140213 - Epoc #	5700	 21.225304126739502
2023-07-12 11:26:02.485153 - Epoc #	5710	 22.344939947128296
2023-07-12 11:26:24.507817 - Epoc #	5720	 22.022664070129395
2023-07-12 11:26:48.002621 - Epoc #	5730	 23.49480390548706
2023-07-12 11:27:09.322890 - Epoc #	5740	 21.320269107818604
2023-07-12 11:27:31.206077 - Epoc #	5750	 21.88318705558777
2023-07-12 11:27:53.510654 - Epoc #	5760	 22.304576873779297
2023-07-12 11:28:14.348535 - Epoc #	5770	 20.837881088256836
2023-07-12 11:28:35.982388 - Epoc #	5780	 21.6338529586792
2023-07-12 11:28:57.428419 - Epoc #	5790	 21.446031093597412
2023-07-12 11:29:18.574362 - Epoc #	5800	 21.14594292640686
2023-07-12 11:29:41.896610 - Epoc #	5810	 23.322247982025146
2023-07-12 11:30:04.890702 - Epoc #	5820	 22.994091987609863
2023-07-12 11:30:26.319889 - Epoc #	5830	 21.429187059402466
2023-07-12 11:30:49.548381 - Epoc #	5840	 23.22849202156067
2023-07-12 11:31:11.986286 - Epoc #	5850	 22.437904834747314
2023-07-12 11:31:33.385055 - Epoc #	5860	 21.39876914024353
2023-07-12 11:31:54.863109 - Epoc #	5870	 21.47805404663086
2023-07-12 11:32:16.479354 - Epoc #	5880	 21.616244792938232
2023-07-12 11:32:37.846483 - Epoc #	5890	 21.36712908744812
2023-07-12 11:32:58.744094 - Epoc #	5900	 20.897610902786255
2023-07-12 11:33:21.973308 - Epoc #	5910	 23.229214191436768
2023-07-12 11:33:43.839211 - Epoc #	5920	 21.8659029006958
2023-07-12 11:34:08.474280 - Epoc #	5930	 24.635069131851196
2023-07-12 11:34:31.044477 - Epoc #	5940	 22.570196866989136
2023-07-12 11:34:53.051532 - Epoc #	5950	 22.007055044174194
2023-07-12 11:35:15.013909 - Epoc #	5960	 21.962377071380615
2023-07-12 11:35:35.554482 - Epoc #	5970	 20.54057288169861
2023-07-12 11:35:57.826202 - Epoc #	5980	 22.271719932556152
2023-07-12 11:36:23.743693 - Epoc #	5990	 25.91749119758606
2023-07-12 11:36:45.096355 - Epoc #	6000	 21.352661848068237
2023-07-12 11:37:07.520591 - Epoc #	6010	 22.424236059188843
2023-07-12 11:37:29.886495 - Epoc #	6020	 22.365904092788696
2023-07-12 11:37:51.504411 - Epoc #	6030	 21.617915868759155
2023-07-12 11:38:12.559865 - Epoc #	6040	 21.05545401573181
2023-07-12 11:38:36.880471 - Epoc #	6050	 24.320605993270874
2023-07-12 11:38:59.636278 - Epoc #	6060	 22.755806922912598
2023-07-12 11:39:20.974496 - Epoc #	6070	 21.338217973709106
2023-07-12 11:39:42.561173 - Epoc #	6080	 21.586677074432373
2023-07-12 11:40:04.616186 - Epoc #	6090	 22.055012941360474
2023-07-12 11:40:26.985647 - Epoc #	6100	 22.369461059570312
2023-07-12 11:40:50.277435 - Epoc #	6110	 23.29178810119629
2023-07-12 11:41:14.834728 - Epoc #	6120	 24.557292938232422
2023-07-12 11:41:38.438179 - Epoc #	6130	 23.603451013565063
2023-07-12 11:42:00.118969 - Epoc #	6140	 21.680789947509766
2023-07-12 11:42:21.736089 - Epoc #	6150	 21.617120027542114
2023-07-12 11:42:44.150095 - Epoc #	6160	 22.414005994796753
2023-07-12 11:43:07.652406 - Epoc #	6170	 23.50231099128723
2023-07-12 11:43:29.877749 - Epoc #	6180	 22.225342988967896
2023-07-12 11:43:51.540202 - Epoc #	6190	 21.662452936172485
2023-07-12 11:44:13.800302 - Epoc #	6200	 22.26010012626648
2023-07-12 11:44:37.061537 - Epoc #	6210	 23.261234998703003
2023-07-12 11:44:57.914212 - Epoc #	6220	 20.852674961090088
2023-07-12 11:45:21.830934 - Epoc #	6230	 23.916722059249878
2023-07-12 11:45:44.355166 - Epoc #	6240	 22.524231910705566
2023-07-12 11:46:06.409723 - Epoc #	6250	 22.05455708503723
2023-07-12 11:46:27.040923 - Epoc #	6260	 20.631200075149536
2023-07-12 11:46:49.550111 - Epoc #	6270	 22.509187936782837
2023-07-12 11:47:11.153620 - Epoc #	6280	 21.603508949279785
2023-07-12 11:47:32.223810 - Epoc #	6290	 21.070189952850342
2023-07-12 11:47:53.528041 - Epoc #	6300	 21.30423092842102
2023-07-12 11:48:14.662766 - Epoc #	6310	 21.134725093841553
2023-07-12 11:48:36.326660 - Epoc #	6320	 21.663893938064575
2023-07-12 11:48:58.348893 - Epoc #	6330	 22.02223300933838
2023-07-12 11:49:20.160844 - Epoc #	6340	 21.811951160430908
2023-07-12 11:49:41.731368 - Epoc #	6350	 21.570523977279663
2023-07-12 11:50:06.177845 - Epoc #	6360	 24.446476936340332
2023-07-12 11:50:29.091792 - Epoc #	6370	 22.913947105407715
2023-07-12 11:50:50.726158 - Epoc #	6380	 21.634365797042847
2023-07-12 11:51:03.106918 - Time between reward step: #	13795.695099115372
2023-07-12 11:51:03.122542 - Average Score: 28.00 Elapsed time: 3:49:58.180307
2023-07-12 11:51:10.186597 - Time between reward step: #	13802.77477812767
2023-07-12 11:51:10.186597 - Average Score: 29.00 Elapsed time: 3:50:05.246896
2023-07-12 11:51:12.109246 - Epoc #	6390	 21.38308811187744
2023-07-12 11:51:16.844783 - Time between reward step: #	13809.432964086533
2023-07-12 11:51:16.844783 - Average Score: 30.00 Elapsed time: 3:50:11.917130
2023-07-12 11:51:21.222118 - Time between reward step: #	13813.810298919678
2023-07-12 11:51:21.222118 - Average Score: 31.00 Elapsed time: 3:50:16.291448
2023-07-12 11:51:25.802188 - Time between reward step: #	13818.390368938446
2023-07-12 11:51:25.802188 - Average Score: 32.00 Elapsed time: 3:50:20.865275
2023-07-12 11:51:34.414665 - Epoc #	6400	 22.305418968200684
2023-07-12 11:51:49.950844 - Time between reward step: #	13842.539025068283
2023-07-12 11:51:49.950844 - Average Score: 33.00 Elapsed time: 3:50:45.019485
2023-07-12 11:51:54.389907 - Time between reward step: #	13846.97808790207
2023-07-12 11:51:54.389907 - Average Score: 34.00 Elapsed time: 3:50:49.462002
2023-07-12 11:51:56.452798 - Epoc #	6410	 22.038132905960083
2023-07-12 11:52:14.663281 - Time between reward step: #	13867.251461982727
2023-07-12 11:52:14.663281 - Average Score: 35.00 Elapsed time: 3:51:09.731049
2023-07-12 11:52:16.991793 - Time between reward step: #	13869.579973936081
2023-07-12 11:52:16.991793 - Average Score: 36.00 Elapsed time: 3:51:12.056691
2023-07-12 11:52:19.398824 - Epoc #	6420	 22.94602608680725
2023-07-12 11:52:28.606214 - Time between reward step: #	13881.194395065308
2023-07-12 11:52:28.606214 - Average Score: 37.00 Elapsed time: 3:51:23.672601
2023-07-12 11:52:41.845240 - Epoc #	6430	 22.44641613960266
2023-07-12 11:53:02.727988 - Epoc #	6440	 20.882747888565063
2023-07-12 11:53:24.096297 - Epoc #	6450	 21.368309020996094
2023-07-12 11:53:46.182941 - Epoc #	6460	 22.086643934249878
2023-07-12 11:54:09.720504 - Epoc #	6470	 23.53756308555603
2023-07-12 11:54:31.232226 - Epoc #	6480	 21.51172184944153
2023-07-12 11:54:54.758009 - Epoc #	6490	 23.5257830619812
2023-07-12 11:55:16.530415 - Epoc #	6500	 21.772406101226807
2023-07-12 11:55:37.740533 - Epoc #	6510	 21.210118055343628
2023-07-12 11:56:00.000152 - Epoc #	6520	 22.259618997573853
2023-07-12 11:56:22.877962 - Epoc #	6530	 22.87781000137329
2023-07-12 11:56:45.652129 - Epoc #	6540	 22.77416682243347
2023-07-12 11:57:08.317285 - Epoc #	6550	 22.66515612602234
2023-07-12 11:57:31.185252 - Epoc #	6560	 22.867966890335083
2023-07-12 11:57:52.631272 - Epoc #	6570	 21.446020126342773
2023-07-12 11:58:15.375289 - Epoc #	6580	 22.744016885757446
2023-07-12 11:58:39.134254 - Epoc #	6590	 23.758965015411377
2023-07-12 11:59:02.752927 - Epoc #	6600	 23.618673086166382
2023-07-12 11:59:25.356334 - Epoc #	6610	 22.60340690612793
2023-07-12 11:59:47.084072 - Epoc #	6620	 21.72773814201355
2023-07-12 12:00:09.013269 - Epoc #	6630	 21.92919683456421
2023-07-12 12:00:32.803820 - Epoc #	6640	 23.79055094718933
2023-07-12 12:00:56.047525 - Epoc #	6650	 23.24370503425598
2023-07-12 12:01:18.314451 - Epoc #	6660	 22.266926050186157
2023-07-12 12:01:40.556627 - Epoc #	6670	 22.242176055908203
2023-07-12 12:02:03.158477 - Epoc #	6680	 22.601850032806396
2023-07-12 12:02:29.387296 - Epoc #	6690	 26.228818893432617
2023-07-12 12:02:51.114598 - Epoc #	6700	 21.727302074432373
2023-07-12 12:03:13.420063 - Epoc #	6710	 22.30546498298645
2023-07-12 12:03:36.161361 - Epoc #	6720	 22.741297960281372
2023-07-12 12:03:57.232013 - Time between reward step: #	14569.820194005966
2023-07-12 12:03:57.232013 - Average Score: 38.00 Elapsed time: 4:02:52.301413
2023-07-12 12:03:59.545288 - Time between reward step: #	14572.133469104767
2023-07-12 12:03:59.545288 - Average Score: 39.00 Elapsed time: 4:02:54.618031
2023-07-12 12:03:59.545288 - Epoc #	6730	 23.3839271068573
2023-07-12 12:04:21.272572 - Time between reward step: #	14593.860753059387
2023-07-12 12:04:21.272572 - Average Score: 40.00 Elapsed time: 4:03:16.334528
2023-07-12 12:04:21.272572 - Epoc #	6740	 21.72728395462036
2023-07-12 12:04:26.133121 - Time between reward step: #	14598.72130203247
2023-07-12 12:04:26.133121 - Average Score: 41.00 Elapsed time: 4:03:21.202983
2023-07-12 12:04:45.657672 - Epoc #	6750	 24.3850998878479
2023-07-12 12:05:08.322081 - Epoc #	6760	 22.664409160614014
2023-07-12 12:05:29.985969 - Epoc #	6770	 21.663887977600098
2023-07-12 12:05:52.603492 - Epoc #	6780	 22.617522954940796
2023-07-12 12:06:15.440145 - Epoc #	6790	 22.836652994155884
2023-07-12 12:06:37.947416 - Epoc #	6800	 22.50727105140686
2023-07-12 12:06:59.972009 - Epoc #	6810	 22.024592876434326
2023-07-12 12:07:22.192890 - Epoc #	6820	 22.22088098526001
2023-07-12 12:07:44.168172 - Epoc #	6830	 21.975281953811646
2023-07-12 12:08:06.065711 - Epoc #	6840	 21.897539138793945
2023-07-12 12:08:31.013297 - Epoc #	6850	 24.947586059570312
2023-07-12 12:08:53.178136 - Epoc #	6860	 22.164839029312134
2023-07-12 12:09:15.374495 - Epoc #	6870	 22.196358919143677
2023-07-12 12:09:39.822064 - Epoc #	6880	 24.447568893432617
2023-07-12 12:09:42.166975 - Time between reward step: #	14914.755156040192
2023-07-12 12:09:42.166975 - Average Score: 42.00 Elapsed time: 4:08:37.238359
2023-07-12 12:09:44.636885 - Time between reward step: #	14917.225065946579
2023-07-12 12:09:44.636885 - Average Score: 43.00 Elapsed time: 4:08:39.701292
2023-07-12 12:09:58.297011 - Time between reward step: #	14930.88519191742
2023-07-12 12:09:58.297011 - Average Score: 44.00 Elapsed time: 4:08:53.359422
2023-07-12 12:10:00.750916 - Time between reward step: #	14933.33909702301
2023-07-12 12:10:00.750916 - Average Score: 45.00 Elapsed time: 4:08:55.822842
2023-07-12 12:10:03.266935 - Epoc #	6890	 23.444871187210083
2023-07-12 12:10:24.725501 - Epoc #	6900	 21.458565950393677
2023-07-12 12:10:47.296595 - Epoc #	6910	 22.571094036102295
2023-07-12 12:10:49.657094 - Time between reward step: #	14982.2452750206
2023-07-12 12:10:49.657094 - Average Score: 46.00 Elapsed time: 4:09:44.726594
2023-07-12 12:11:09.993885 - Epoc #	6920	 22.69728994369507
2023-07-12 12:11:35.299704 - Epoc #	6930	 25.305819034576416
2023-07-12 12:11:39.847745 - Time between reward step: #	15032.43592596054
2023-07-12 12:11:39.863367 - Average Score: 47.00 Elapsed time: 4:10:34.921037
2023-07-12 12:11:58.009035 - Epoc #	6940	 22.709331035614014
2023-07-12 12:12:05.805905 - Time between reward step: #	15058.394086122513
2023-07-12 12:12:05.805905 - Average Score: 48.00 Elapsed time: 4:11:00.875304
2023-07-12 12:12:08.180902 - Time between reward step: #	15060.769083023071
2023-07-12 12:12:08.180902 - Average Score: 49.00 Elapsed time: 4:11:03.246287
2023-07-12 12:12:10.869185 - Time between reward step: #	15063.457365989685
2023-07-12 12:12:10.869185 - Average Score: 50.00 Elapsed time: 4:11:05.942030
2023-07-12 12:12:21.842582 - Epoc #	6950	 23.83354687690735
2023-07-12 12:12:44.366005 - Epoc #	6960	 22.523422956466675
2023-07-12 12:13:08.212942 - Epoc #	6970	 23.84693694114685
2023-07-12 12:13:30.362462 - Epoc #	6980	 22.1495201587677
2023-07-12 12:13:53.025713 - Epoc #	6990	 22.66325092315674
2023-07-12 12:14:16.425264 - Epoc #	7000	 23.399550914764404
2023-07-12 12:14:38.977963 - Epoc #	7010	 22.552699089050293
2023-07-12 12:15:01.362541 - Epoc #	7020	 22.384577989578247
2023-07-12 12:15:22.934357 - Epoc #	7030	 21.571815967559814
2023-07-12 12:15:45.051875 - Epoc #	7040	 22.117518186569214
2023-07-12 12:16:06.654921 - Epoc #	7050	 21.60304594039917
2023-07-12 12:16:29.802913 - Epoc #	7060	 23.14799189567566
2023-07-12 12:16:55.045812 - Epoc #	7070	 25.24289894104004
2023-07-12 12:17:18.617676 - Epoc #	7080	 23.571864128112793
2023-07-12 12:17:40.438256 - Epoc #	7090	 21.820580005645752
2023-07-12 12:18:02.462030 - Epoc #	7100	 22.023773908615112
2023-07-12 12:18:23.235408 - Epoc #	7110	 20.773378133773804
2023-07-12 12:18:46.150191 - Epoc #	7120	 22.914783000946045
2023-07-12 12:19:09.491049 - Epoc #	7130	 23.340857982635498
2023-07-12 12:19:32.244865 - Epoc #	7140	 22.75381588935852
2023-07-12 12:19:55.263202 - Epoc #	7150	 23.01833701133728
2023-07-12 12:20:17.306405 - Epoc #	7160	 22.043203115463257
2023-07-12 12:20:40.234491 - Epoc #	7170	 22.928086042404175
2023-07-12 12:21:02.967052 - Epoc #	7180	 22.732560873031616
2023-07-12 12:21:24.914662 - Epoc #	7190	 21.947609901428223
2023-07-12 12:21:46.743868 - Epoc #	7200	 21.829206228256226
2023-07-12 12:22:10.560145 - Epoc #	7210	 23.816276788711548
2023-07-12 12:22:31.792680 - Epoc #	7220	 21.232535123825073
2023-07-12 12:22:52.889613 - Epoc #	7230	 21.096932888031006
2023-07-12 12:23:17.113556 - Epoc #	7240	 24.22394299507141
2023-07-12 12:23:40.424561 - Epoc #	7250	 23.311005115509033
2023-07-12 12:24:02.392865 - Epoc #	7260	 21.9683039188385
2023-07-12 12:24:23.638530 - Epoc #	7270	 21.245665073394775
2023-07-12 12:24:46.629181 - Epoc #	7280	 22.99065089225769
2023-07-12 12:25:09.027496 - Epoc #	7290	 22.39831519126892
2023-07-12 12:25:31.400220 - Epoc #	7300	 22.372723817825317
2023-07-12 12:25:53.594424 - Epoc #	7310	 22.194204092025757
2023-07-12 12:26:15.966122 - Epoc #	7320	 22.371697902679443
2023-07-12 12:26:38.569495 - Epoc #	7330	 22.603373050689697
2023-07-12 12:27:01.165929 - Epoc #	7340	 22.596434116363525
2023-07-12 12:27:24.445462 - Epoc #	7350	 23.27953290939331
2023-07-12 12:27:48.543488 - Epoc #	7360	 24.098026037216187
2023-07-12 12:28:12.316876 - Epoc #	7370	 23.773387908935547
2023-07-12 12:28:35.184010 - Epoc #	7380	 22.86713409423828
2023-07-12 12:28:57.787450 - Epoc #	7390	 22.603440046310425
2023-07-12 12:29:21.421814 - Epoc #	7400	 23.634363889694214
2023-07-12 12:29:43.242065 - Epoc #	7410	 21.820250988006592
2023-07-12 12:30:04.517035 - Epoc #	7420	 21.274970054626465
2023-07-12 12:30:25.884546 - Epoc #	7430	 21.36751103401184
2023-07-12 12:30:47.532482 - Epoc #	7440	 21.64793586730957
2023-07-12 12:31:09.684768 - Epoc #	7450	 22.152286052703857
2023-07-12 12:31:33.256570 - Epoc #	7460	 23.571802139282227
2023-07-12 12:31:56.392041 - Epoc #	7470	 23.135470867156982
2023-07-12 12:32:20.556107 - Epoc #	7480	 24.164066076278687
2023-07-12 12:32:43.873994 - Epoc #	7490	 23.3178870677948
2023-07-12 12:33:06.555569 - Epoc #	7500	 22.681574821472168
2023-07-12 12:33:28.579331 - Epoc #	7510	 22.023761987686157
2023-07-12 12:33:51.667530 - Epoc #	7520	 23.088199138641357
2023-07-12 12:34:14.833083 - Epoc #	7530	 23.165552854537964
2023-07-12 12:34:37.123648 - Epoc #	7540	 22.290565013885498
2023-07-12 12:34:59.775122 - Epoc #	7550	 22.651473999023438
2023-07-12 12:35:23.487162 - Epoc #	7560	 23.712040185928345
2023-07-12 12:35:45.760546 - Epoc #	7570	 22.273383855819702
2023-07-12 12:36:09.471810 - Epoc #	7580	 23.71126413345337
2023-07-12 12:36:32.291567 - Epoc #	7590	 22.819756984710693
2023-07-12 12:36:56.409481 - Epoc #	7600	 24.117913961410522
2023-07-12 12:37:20.458502 - Epoc #	7610	 24.049021005630493
2023-07-12 12:37:42.700122 - Epoc #	7620	 22.24162006378174
2023-07-12 12:38:07.256755 - Epoc #	7630	 24.55663299560547
2023-07-12 12:38:31.315229 - Epoc #	7640	 24.058473825454712
2023-07-12 12:38:53.744137 - Epoc #	7650	 22.428908109664917
2023-07-12 12:39:09.656143 - Time between reward step: #	16682.244323968887
2023-07-12 12:39:09.656143 - Average Score: 51.00 Elapsed time: 4:38:04.724895
2023-07-12 12:39:16.190881 - Epoc #	7660	 22.446743965148926
2023-07-12 12:39:18.660027 - Time between reward step: #	16691.24820804596
2023-07-12 12:39:18.660027 - Average Score: 52.00 Elapsed time: 4:38:13.729380
2023-07-12 12:39:41.090443 - Epoc #	7670	 24.899561882019043
2023-07-12 12:40:03.099381 - Epoc #	7680	 22.00893807411194
2023-07-12 12:40:24.295032 - Epoc #	7690	 21.195651054382324
2023-07-12 12:40:47.632083 - Epoc #	7700	 23.337050914764404
2023-07-12 12:41:09.211575 - Epoc #	7710	 21.57949209213257
2023-07-12 12:41:34.455252 - Epoc #	7720	 25.243676900863647
2023-07-12 12:41:57.182143 - Epoc #	7730	 22.726891040802002
2023-07-12 12:42:19.316842 - Epoc #	7740	 22.13469910621643
2023-07-12 12:42:40.669137 - Epoc #	7750	 21.352294921875
2023-07-12 12:43:01.785485 - Epoc #	7760	 21.116348028182983
2023-07-12 12:43:23.028760 - Epoc #	7770	 21.243274927139282
2023-07-12 12:43:45.192325 - Epoc #	7780	 22.163565158843994
2023-07-12 12:44:07.186068 - Epoc #	7790	 21.99374294281006
2023-07-12 12:44:31.883601 - Epoc #	7800	 24.697532892227173
2023-07-12 12:44:53.780041 - Epoc #	7810	 21.896440029144287
2023-07-12 12:45:16.163581 - Epoc #	7820	 22.38353991508484
2023-07-12 12:45:38.360726 - Epoc #	7830	 22.197145223617554
2023-07-12 12:46:01.057118 - Epoc #	7840	 22.696391820907593
2023-07-12 12:46:23.799624 - Epoc #	7850	 22.74250602722168
2023-07-12 12:46:45.683165 - Epoc #	7860	 21.883541107177734
2023-07-12 12:47:08.846790 - Epoc #	7870	 23.16362500190735
2023-07-12 12:47:31.449073 - Epoc #	7880	 22.602283000946045
2023-07-12 12:47:54.036513 - Epoc #	7890	 22.587440013885498
2023-07-12 12:48:17.934932 - Epoc #	7900	 23.89841890335083
2023-07-12 12:48:40.273917 - Epoc #	7910	 22.338984966278076
2023-07-12 12:49:02.423801 - Epoc #	7920	 22.14988398551941
2023-07-12 12:49:24.455336 - Epoc #	7930	 22.031535148620605
2023-07-12 12:49:48.371586 - Epoc #	7940	 23.916249990463257
2023-07-12 12:50:12.474638 - Epoc #	7950	 24.103051900863647
2023-07-12 12:50:37.001183 - Epoc #	7960	 24.52654504776001
2023-07-12 12:51:00.275282 - Epoc #	7970	 23.274098873138428
2023-07-12 12:51:22.297782 - Epoc #	7980	 22.022500038146973
2023-07-12 12:51:47.073106 - Epoc #	7990	 24.77532410621643
2023-07-12 12:52:08.315233 - Epoc #	8000	 21.242126941680908
2023-07-12 12:52:30.056197 - Epoc #	8010	 21.74096393585205
2023-07-12 12:52:52.144013 - Epoc #	8020	 22.08781599998474
2023-07-12 12:53:16.213871 - Epoc #	8030	 24.069858074188232
2023-07-12 12:53:38.924750 - Epoc #	8040	 22.71087908744812
2023-07-12 12:54:00.074289 - Epoc #	8050	 21.14953899383545
2023-07-12 12:54:22.728270 - Epoc #	8060	 22.65398097038269
2023-07-12 12:54:44.796933 - Epoc #	8070	 22.068662881851196
2023-07-12 12:55:06.118363 - Epoc #	8080	 21.32142996788025
2023-07-12 12:55:28.515871 - Epoc #	8090	 22.397508144378662
2023-07-12 12:55:51.227525 - Epoc #	8100	 22.7116539478302
2023-07-12 12:56:14.362518 - Epoc #	8110	 23.134993076324463
2023-07-12 12:56:36.901523 - Epoc #	8120	 22.539005041122437
2023-07-12 12:56:58.596415 - Epoc #	8130	 21.694891929626465
2023-07-12 12:57:22.025549 - Epoc #	8140	 23.429133892059326
2023-07-12 12:57:43.847019 - Epoc #	8150	 21.821470022201538
2023-07-12 12:58:05.699245 - Epoc #	8160	 21.85222601890564
2023-07-12 12:58:27.456995 - Epoc #	8170	 21.757750034332275
2023-07-12 12:58:49.433908 - Epoc #	8180	 21.97691297531128
2023-07-12 12:59:11.517490 - Epoc #	8190	 22.083581924438477
2023-07-12 12:59:33.447135 - Epoc #	8200	 21.92964506149292
2023-07-12 12:59:55.830121 - Epoc #	8210	 22.382986068725586
2023-07-12 13:00:18.117951 - Epoc #	8220	 22.287829875946045
2023-07-12 13:00:41.408503 - Epoc #	8230	 23.290552139282227
2023-07-12 13:01:04.121778 - Epoc #	8240	 22.71327495574951
2023-07-12 13:01:26.014380 - Epoc #	8250	 21.89260196685791
2023-07-12 13:01:49.492845 - Epoc #	8260	 23.47846508026123
2023-07-12 13:02:11.468462 - Epoc #	8270	 21.975616931915283
2023-07-12 13:02:33.884461 - Epoc #	8280	 22.415998935699463
2023-07-12 13:02:56.768708 - Epoc #	8290	 22.884247064590454
2023-07-12 13:03:19.195291 - Epoc #	8300	 22.42658305168152
2023-07-12 13:03:41.642438 - Epoc #	8310	 22.447146892547607
2023-07-12 13:04:03.917760 - Epoc #	8320	 22.27532196044922
2023-07-12 13:04:25.738029 - Epoc #	8330	 21.820269107818604
2023-07-12 13:04:48.230928 - Epoc #	8340	 22.49289894104004
2023-07-12 13:05:10.489899 - Epoc #	8350	 22.258970975875854
2023-07-12 13:05:33.324570 - Epoc #	8360	 22.834671020507812
2023-07-12 13:05:54.770595 - Epoc #	8370	 21.446025133132935
2023-07-12 13:06:17.686147 - Epoc #	8380	 22.915551900863647
2023-07-12 13:06:39.085357 - Epoc #	8390	 21.39920997619629
2023-07-12 13:07:00.422741 - Epoc #	8400	 21.33738398551941
2023-07-12 13:07:22.756837 - Epoc #	8410	 22.33409595489502
2023-07-12 13:07:43.891097 - Epoc #	8420	 21.134260177612305
2023-07-12 13:08:06.087211 - Epoc #	8430	 22.19611382484436
2023-07-12 13:08:30.267273 - Epoc #	8440	 24.18006205558777
2023-07-12 13:08:52.133175 - Epoc #	8450	 21.865901947021484
2023-07-12 13:09:14.454586 - Epoc #	8460	 22.3214111328125
2023-07-12 13:09:36.336960 - Epoc #	8470	 21.882374048233032
2023-07-12 13:09:57.877982 - Epoc #	8480	 21.541021823883057
2023-07-12 13:10:19.307605 - Epoc #	8490	 21.429623126983643
2023-07-12 13:10:41.034114 - Epoc #	8500	 21.726508855819702
2023-07-12 13:11:02.809654 - Epoc #	8510	 21.775540113449097
2023-07-12 13:11:24.645942 - Epoc #	8520	 21.83628797531128
2023-07-12 13:11:47.045425 - Epoc #	8530	 22.39948296546936
2023-07-12 13:12:10.896892 - Epoc #	8540	 23.85146713256836
2023-07-12 13:12:36.296038 - Epoc #	8550	 25.39914584159851
2023-07-12 13:12:59.140614 - Epoc #	8560	 22.844576120376587
2023-07-12 13:13:20.642656 - Epoc #	8570	 21.502042055130005
2023-07-12 13:13:43.025805 - Epoc #	8580	 22.383148908615112
2023-07-12 13:14:05.347227 - Epoc #	8590	 22.32142210006714
2023-07-12 13:14:27.463244 - Epoc #	8600	 22.11601686477661
2023-07-12 13:14:50.753367 - Epoc #	8610	 23.290122985839844
2023-07-12 13:15:14.870051 - Epoc #	8620	 24.116683959960938
2023-07-12 13:15:36.753964 - Epoc #	8630	 21.883913040161133
2023-07-12 13:15:59.292138 - Epoc #	8640	 22.538174152374268
2023-07-12 13:16:21.004560 - Epoc #	8650	 21.712421894073486
2023-07-12 13:16:42.370919 - Epoc #	8660	 21.366358995437622
2023-07-12 13:17:05.020108 - Epoc #	8670	 22.649188995361328
2023-07-12 13:17:26.778248 - Epoc #	8680	 21.758140087127686
2023-07-12 13:17:49.821453 - Epoc #	8690	 23.04320502281189
2023-07-12 13:18:12.986684 - Epoc #	8700	 23.165230989456177
2023-07-12 13:18:34.009623 - Epoc #	8710	 21.0229389667511
2023-07-12 13:18:56.236894 - Epoc #	8720	 22.22727084159851
2023-07-12 13:19:19.189761 - Epoc #	8730	 22.952867031097412
2023-07-12 13:19:42.027241 - Epoc #	8740	 22.837480068206787
2023-07-12 13:20:04.049851 - Epoc #	8750	 22.02260994911194
2023-07-12 13:20:26.307174 - Epoc #	8760	 22.257323026657104
2023-07-12 13:20:49.518909 - Epoc #	8770	 23.211735010147095
2023-07-12 13:21:10.744196 - Epoc #	8780	 21.225286960601807
2023-07-12 13:21:34.143742 - Epoc #	8790	 23.399546146392822
2023-07-12 13:21:56.589386 - Epoc #	8800	 22.44564390182495
2023-07-12 13:22:20.034259 - Epoc #	8810	 23.444873094558716
2023-07-12 13:22:43.684183 - Epoc #	8820	 23.64992380142212
2023-07-12 13:23:07.526802 - Epoc #	8830	 23.84261918067932
2023-07-12 13:23:29.126085 - Epoc #	8840	 21.59928297996521
2023-07-12 13:23:51.781528 - Epoc #	8850	 22.65544295310974
2023-07-12 13:24:13.958510 - Epoc #	8860	 22.176981925964355
2023-07-12 13:24:34.551737 - Epoc #	8870	 20.59322714805603
2023-07-12 13:24:56.586608 - Epoc #	8880	 22.034870862960815
2023-07-12 13:25:21.758338 - Epoc #	8890	 25.171730041503906
2023-07-12 13:25:43.772182 - Epoc #	8900	 22.01384401321411
2023-07-12 13:26:07.066276 - Epoc #	8910	 23.29409408569336
2023-07-12 13:26:29.666632 - Epoc #	8920	 22.600355863571167
2023-07-12 13:26:51.639179 - Epoc #	8930	 21.97254705429077
2023-07-12 13:27:13.842532 - Epoc #	8940	 22.20335292816162
2023-07-12 13:27:35.099654 - Epoc #	8950	 21.257122039794922
2023-07-12 13:27:56.885787 - Epoc #	8960	 21.78613305091858
2023-07-12 13:28:20.811793 - Epoc #	8970	 23.926006078720093
2023-07-12 13:28:43.582907 - Epoc #	8980	 22.771113872528076
2023-07-12 13:29:05.634592 - Epoc #	8990	 22.051685094833374
2023-07-12 13:29:27.307702 - Epoc #	9000	 21.673110008239746
2023-07-12 13:29:49.238040 - Epoc #	9010	 21.93033790588379
2023-07-12 13:30:12.126251 - Epoc #	9020	 22.888211011886597
2023-07-12 13:30:33.850129 - Epoc #	9030	 21.723877906799316
2023-07-12 13:30:56.427479 - Epoc #	9040	 22.57735013961792
2023-07-12 13:31:18.472249 - Epoc #	9050	 22.044770002365112
2023-07-12 13:31:40.855223 - Epoc #	9060	 22.38297390937805
2023-07-12 13:32:03.506482 - Epoc #	9070	 22.651258945465088
2023-07-12 13:32:27.169831 - Epoc #	9080	 23.663349151611328
2023-07-12 13:32:50.383643 - Epoc #	9090	 23.21381187438965
2023-07-12 13:33:04.268952 - Time between reward step: #	19916.857132911682
2023-07-12 13:33:04.268952 - Average Score: 53.00 Elapsed time: 5:31:59.337423
2023-07-12 13:33:13.055948 - Epoc #	9100	 22.6723051071167
2023-07-12 13:33:15.774444 - Time between reward step: #	19928.36262512207
2023-07-12 13:33:15.774444 - Average Score: 54.00 Elapsed time: 5:32:10.836714
2023-07-12 13:33:18.149493 - Time between reward step: #	19930.73767399788
2023-07-12 13:33:18.149493 - Average Score: 55.00 Elapsed time: 5:32:13.208417
2023-07-12 13:33:20.609095 - Time between reward step: #	19933.197276115417
2023-07-12 13:33:20.609095 - Average Score: 56.00 Elapsed time: 5:32:15.668572
2023-07-12 13:33:27.357427 - Time between reward step: #	19939.94560790062
2023-07-12 13:33:27.357427 - Average Score: 57.00 Elapsed time: 5:32:22.429570
2023-07-12 13:33:34.356081 - Time between reward step: #	19946.94426202774
2023-07-12 13:33:34.356081 - Average Score: 58.00 Elapsed time: 5:32:29.421640
2023-07-12 13:33:38.278859 - Epoc #	9110	 25.22291088104248
2023-07-12 13:33:47.196632 - Time between reward step: #	19959.784812927246
2023-07-12 13:33:47.196632 - Average Score: 59.00 Elapsed time: 5:32:42.258192
2023-07-12 13:33:54.192945 - Time between reward step: #	19966.78112602234
2023-07-12 13:33:54.192945 - Average Score: 60.00 Elapsed time: 5:32:49.263913
2023-07-12 13:34:00.830306 - Epoc #	9120	 22.55144715309143
2023-07-12 13:34:14.840128 - Time between reward step: #	19987.428308963776
2023-07-12 13:34:14.840128 - Average Score: 61.00 Elapsed time: 5:33:09.906830
2023-07-12 13:34:24.372387 - Epoc #	9130	 23.542080879211426
2023-07-12 13:34:40.355834 - Time between reward step: #	20012.944015026093
2023-07-12 13:34:40.355834 - Average Score: 62.00 Elapsed time: 5:33:35.428926
2023-07-12 13:34:42.636685 - Time between reward step: #	20015.22486591339
2023-07-12 13:34:42.636685 - Average Score: 63.00 Elapsed time: 5:33:37.699511
2023-07-12 13:34:47.248258 - Epoc #	9140	 22.875871181488037
2023-07-12 13:34:49.659012 - Time between reward step: #	20022.24719309807
2023-07-12 13:34:49.659012 - Average Score: 64.00 Elapsed time: 5:33:44.721119
2023-07-12 13:35:08.052772 - Time between reward step: #	20040.640953063965
2023-07-12 13:35:08.052772 - Average Score: 65.00 Elapsed time: 5:34:03.124052
2023-07-12 13:35:10.712163 - Epoc #	9150	 23.463904857635498
2023-07-12 13:35:33.585209 - Epoc #	9160	 22.873045921325684
2023-07-12 13:35:56.376875 - Epoc #	9170	 22.79166603088379
2023-07-12 13:36:19.583460 - Epoc #	9180	 23.2065851688385
2023-07-12 13:36:42.671575 - Epoc #	9190	 23.088114976882935
2023-07-12 13:37:06.740800 - Epoc #	9200	 24.06922483444214
2023-07-12 13:37:29.222415 - Epoc #	9210	 22.48161506652832
2023-07-12 13:37:52.914752 - Epoc #	9220	 23.692337036132812
2023-07-12 13:38:14.750213 - Epoc #	9230	 21.835460901260376
2023-07-12 13:38:37.319599 - Epoc #	9240	 22.56938600540161
2023-07-12 13:39:00.214264 - Epoc #	9250	 22.894665002822876
2023-07-12 13:39:23.051274 - Epoc #	9260	 22.837010145187378
2023-07-12 13:39:45.525999 - Epoc #	9270	 22.474725008010864
2023-07-12 13:40:08.269868 - Epoc #	9280	 22.743868827819824
2023-07-12 13:40:31.443144 - Epoc #	9290	 23.17327618598938
2023-07-12 13:40:54.421980 - Epoc #	9300	 22.978835821151733
2023-07-12 13:41:17.862215 - Epoc #	9310	 23.440235137939453
2023-07-12 13:41:40.508845 - Epoc #	9320	 22.64663004875183
2023-07-12 13:42:03.456613 - Epoc #	9330	 22.947767972946167
2023-07-12 13:42:26.860288 - Epoc #	9340	 23.403674840927124
2023-07-12 13:42:50.430260 - Epoc #	9350	 23.569972038269043
2023-07-12 13:43:13.712666 - Epoc #	9360	 23.282406091690063
2023-07-12 13:43:35.434037 - Epoc #	9370	 21.721370935440063
2023-07-12 13:43:58.560687 - Epoc #	9380	 23.126650094985962
2023-07-12 13:44:21.631561 - Epoc #	9390	 23.070873975753784
2023-07-12 13:44:45.134185 - Epoc #	9400	 23.502624034881592
2023-07-12 13:45:07.931788 - Epoc #	9410	 22.797602891921997
2023-07-12 13:45:31.116639 - Epoc #	9420	 23.184850931167603
2023-07-12 13:45:54.562328 - Epoc #	9430	 23.44568920135498
2023-07-12 13:46:16.941882 - Epoc #	9440	 22.37955379486084
2023-07-12 13:46:42.325078 - Epoc #	9450	 25.383196115493774
2023-07-12 13:47:04.281165 - Epoc #	9460	 21.95608687400818
2023-07-12 13:47:27.458863 - Epoc #	9470	 23.177698135375977
2023-07-12 13:47:51.036644 - Epoc #	9480	 23.577780961990356
2023-07-12 13:48:13.817179 - Epoc #	9490	 22.780534982681274
2023-07-12 13:48:34.962667 - Epoc #	9500	 21.145488023757935
2023-07-12 13:48:58.546618 - Epoc #	9510	 23.583950996398926
2023-07-12 13:49:21.133434 - Epoc #	9520	 22.58681607246399
2023-07-12 13:49:43.686754 - Epoc #	9530	 22.553319931030273
2023-07-12 13:50:06.063980 - Epoc #	9540	 22.37722611427307
2023-07-12 13:50:27.912503 - Epoc #	9550	 21.848522901535034
2023-07-12 13:50:50.445033 - Epoc #	9560	 22.532530069351196
2023-07-12 13:51:13.507436 - Epoc #	9570	 23.062402963638306
2023-07-12 13:51:35.865162 - Epoc #	9580	 22.357725858688354
2023-07-12 13:51:59.146848 - Epoc #	9590	 23.281686067581177
2023-07-12 13:52:22.130264 - Epoc #	9600	 22.983416080474854
2023-07-12 13:52:44.748876 - Epoc #	9610	 22.618612051010132
2023-07-12 13:53:07.413257 - Epoc #	9620	 22.6643807888031
2023-07-12 13:53:29.683711 - Epoc #	9630	 22.270454168319702
2023-07-12 13:53:51.822188 - Epoc #	9640	 22.138476848602295
2023-07-12 13:54:14.934642 - Epoc #	9650	 23.112454175949097
2023-07-12 13:54:39.209547 - Epoc #	9660	 24.27490496635437
2023-07-12 13:55:01.908974 - Epoc #	9670	 22.699426889419556
2023-07-12 13:55:24.351367 - Epoc #	9680	 22.4423930644989
2023-07-12 13:55:47.271829 - Epoc #	9690	 22.920461893081665
2023-07-12 13:56:12.575064 - Epoc #	9700	 25.303235054016113
2023-07-12 13:56:35.211673 - Epoc #	9710	 22.636609077453613
2023-07-12 13:56:57.574286 - Epoc #	9720	 22.36261296272278
2023-07-12 13:57:19.921503 - Epoc #	9730	 22.347217082977295
2023-07-12 13:57:42.249973 - Epoc #	9740	 22.32846999168396
2023-07-12 13:58:05.285069 - Epoc #	9750	 23.035095930099487
2023-07-12 13:58:28.262612 - Epoc #	9760	 22.977543115615845
2023-07-12 13:58:49.804518 - Epoc #	9770	 21.541905879974365
2023-07-12 13:59:13.116256 - Epoc #	9780	 23.31173801422119
2023-07-12 13:59:36.086110 - Epoc #	9790	 22.96985411643982
2023-07-12 14:00:00.218782 - Epoc #	9800	 24.13267183303833
2023-07-12 14:00:22.815074 - Epoc #	9810	 22.59629201889038
2023-07-12 14:00:45.102287 - Epoc #	9820	 22.28721308708191
2023-07-12 14:01:06.487906 - Epoc #	9830	 21.385618925094604
2023-07-12 14:01:29.170544 - Epoc #	9840	 22.682637929916382
2023-07-12 14:01:51.885247 - Epoc #	9850	 22.71470308303833
2023-07-12 14:02:14.171078 - Epoc #	9860	 22.285830974578857
2023-07-12 14:02:36.857167 - Epoc #	9870	 22.686089038848877
2023-07-12 14:02:58.774926 - Epoc #	9880	 21.91775894165039
2023-07-12 14:03:21.934910 - Epoc #	9890	 23.15998411178589
2023-07-12 14:03:44.681360 - Epoc #	9900	 22.746449947357178
2023-07-12 14:04:06.907579 - Epoc #	9910	 22.226218938827515
2023-07-12 14:04:29.480887 - Epoc #	9920	 22.573307991027832
2023-07-12 14:04:52.466419 - Epoc #	9930	 22.98553204536438
2023-07-12 14:05:18.225281 - Epoc #	9940	 25.758862018585205
2023-07-12 14:05:41.429774 - Epoc #	9950	 23.204493045806885
2023-07-12 14:06:04.637224 - Epoc #	9960	 23.207449913024902
2023-07-12 14:06:26.690521 - Epoc #	9970	 22.05329704284668
2023-07-12 14:06:49.049171 - Epoc #	9980	 22.358649969100952
2023-07-12 14:07:11.590888 - Epoc #	9990	 22.541717052459717
2023-07-12 14:07:34.833692 - Epoc #	10000	 23.242804050445557
2023-07-12 14:07:58.424141 - Epoc #	10010	 23.59044885635376
2023-07-12 14:08:22.405039 - Epoc #	10020	 23.980898141860962
2023-07-12 14:08:44.431968 - Epoc #	10030	 22.026928901672363
2023-07-12 14:09:07.119641 - Epoc #	10040	 22.687673091888428
2023-07-12 14:09:31.518952 - Epoc #	10050	 24.39931082725525
2023-07-12 14:09:53.989567 - Epoc #	10060	 22.47061514854431
2023-07-12 14:10:15.858530 - Epoc #	10070	 21.86896300315857
2023-07-12 14:10:38.691179 - Epoc #	10080	 22.832648992538452
2023-07-12 14:11:01.775698 - Epoc #	10090	 23.084518909454346
2023-07-12 14:11:25.071186 - Epoc #	10100	 23.295488119125366
2023-07-12 14:11:49.706699 - Epoc #	10110	 24.635512828826904
2023-07-12 14:12:12.398332 - Epoc #	10120	 22.691633224487305
2023-07-12 14:12:35.500092 - Epoc #	10130	 23.101759910583496
2023-07-12 14:12:58.953548 - Epoc #	10140	 23.453455924987793
2023-07-12 14:13:21.896300 - Epoc #	10150	 22.94275212287903
2023-07-12 14:13:45.250969 - Epoc #	10160	 23.354668855667114
2023-07-12 14:14:08.477582 - Epoc #	10170	 23.22661304473877
2023-07-12 14:14:30.963036 - Epoc #	10180	 22.485454082489014
2023-07-12 14:14:54.736318 - Epoc #	10190	 23.773282051086426
2023-07-12 14:15:17.161690 - Epoc #	10200	 22.425371885299683
2023-07-12 14:15:39.361199 - Epoc #	10210	 22.199508905410767
2023-07-12 14:16:02.168946 - Epoc #	10220	 22.80774712562561
2023-07-12 14:16:23.741719 - Epoc #	10230	 21.572772979736328
2023-07-12 14:16:46.727283 - Epoc #	10240	 22.98556399345398
2023-07-12 14:17:10.175073 - Epoc #	10250	 23.447789907455444
2023-07-12 14:17:33.305807 - Epoc #	10260	 23.13073420524597
2023-07-12 14:17:56.014083 - Epoc #	10270	 22.70827579498291
2023-07-12 14:18:19.521156 - Epoc #	10280	 23.507073163986206
2023-07-12 14:18:43.411497 - Epoc #	10290	 23.89034104347229
2023-07-12 14:19:05.100082 - Epoc #	10300	 21.688584804534912
2023-07-12 14:19:27.337622 - Epoc #	10310	 22.237540006637573
2023-07-12 14:19:49.891350 - Epoc #	10320	 22.553728103637695
2023-07-12 14:20:12.122366 - Epoc #	10330	 22.231015920639038
2023-07-12 14:20:35.228253 - Epoc #	10340	 23.105886936187744
2023-07-12 14:20:58.198064 - Epoc #	10350	 22.96981120109558
2023-07-12 14:21:21.720609 - Epoc #	10360	 23.522544860839844
2023-07-12 14:21:44.215689 - Epoc #	10370	 22.49507999420166
2023-07-12 14:22:07.632171 - Epoc #	10380	 23.416481971740723
2023-07-12 14:22:29.874354 - Epoc #	10390	 22.242182970046997
2023-07-12 14:22:52.492933 - Epoc #	10400	 22.618579149246216
2023-07-12 14:23:15.010951 - Epoc #	10410	 22.518018007278442
2023-07-12 14:23:37.320709 - Epoc #	10420	 22.309757947921753
2023-07-12 14:24:00.554486 - Epoc #	10430	 23.233777046203613
2023-07-12 14:24:24.297432 - Epoc #	10440	 23.742945909500122
2023-07-12 14:24:47.323463 - Epoc #	10450	 23.026031017303467
2023-07-12 14:25:09.628535 - Epoc #	10460	 22.30507206916809
2023-07-12 14:25:34.507532 - Epoc #	10470	 24.87899684906006
2023-07-12 14:25:56.570578 - Epoc #	10480	 22.06304621696472
2023-07-12 14:26:20.780462 - Epoc #	10490	 24.20988392829895
2023-07-12 14:26:43.519935 - Epoc #	10500	 22.73947286605835
2023-07-12 14:27:06.721699 - Epoc #	10510	 23.20176410675049
2023-07-12 14:27:18.548735 - Time between reward step: #	23171.136915922165
2023-07-12 14:27:18.548735 - Average Score: 66.00 Elapsed time: 6:26:13.609450
2023-07-12 14:27:30.113214 - Epoc #	10520	 23.391515016555786
2023-07-12 14:27:34.811000 - Time between reward step: #	23187.39918112755
2023-07-12 14:27:34.811000 - Average Score: 67.00 Elapsed time: 6:26:29.878214
2023-07-12 14:27:39.542118 - Time between reward step: #	23192.13029909134
2023-07-12 14:27:39.542118 - Average Score: 68.00 Elapsed time: 6:26:34.600669
2023-07-12 14:27:53.165495 - Epoc #	10530	 23.05228090286255
2023-07-12 14:28:16.590883 - Epoc #	10540	 23.42538809776306
2023-07-12 14:28:42.066578 - Epoc #	10550	 25.47569489479065
2023-07-12 14:29:05.058089 - Epoc #	10560	 22.99151110649109
2023-07-12 14:29:27.979494 - Epoc #	10570	 22.92140507698059
2023-07-12 14:29:50.532393 - Epoc #	10580	 22.55289888381958
2023-07-12 14:30:12.606345 - Epoc #	10590	 22.073951959609985
2023-07-12 14:30:35.637981 - Epoc #	10600	 23.031635999679565
2023-07-12 14:30:58.685107 - Epoc #	10610	 23.047126054763794
2023-07-12 14:31:22.073702 - Epoc #	10620	 23.38859510421753
2023-07-12 14:31:44.405142 - Epoc #	10630	 22.331439971923828
2023-07-12 14:32:07.389608 - Epoc #	10640	 22.984465837478638
2023-07-12 14:32:30.532439 - Epoc #	10650	 23.142831087112427
2023-07-12 14:32:53.564937 - Epoc #	10660	 23.032498121261597
2023-07-12 14:33:16.327281 - Epoc #	10670	 22.762343883514404
2023-07-12 14:33:38.601267 - Epoc #	10680	 22.273986101150513
2023-07-12 14:34:01.315730 - Epoc #	10690	 22.714462995529175
2023-07-12 14:34:24.548766 - Epoc #	10700	 23.233035802841187
2023-07-12 14:34:47.583916 - Epoc #	10710	 23.035150051116943
2023-07-12 14:35:10.882124 - Epoc #	10720	 23.298207998275757
2023-07-12 14:35:34.659966 - Epoc #	10730	 23.777842044830322
2023-07-12 14:35:58.053969 - Time between reward step: #	23690.642149925232
2023-07-12 14:35:58.053969 - Average Score: 69.00 Elapsed time: 6:34:53.122843
2023-07-12 14:35:58.053969 - Epoc #	10740	 23.39400291442871
2023-07-12 14:36:21.439459 - Epoc #	10750	 23.38549017906189
2023-07-12 14:36:44.156005 - Epoc #	10760	 22.716545820236206
2023-07-12 14:37:07.507483 - Epoc #	10770	 23.351478099822998
2023-07-12 14:37:28.669461 - Epoc #	10780	 21.161978006362915
2023-07-12 14:37:53.127384 - Epoc #	10790	 24.45792293548584
2023-07-12 14:38:14.742171 - Epoc #	10800	 21.614787101745605
2023-07-12 14:38:37.277552 - Epoc #	10810	 22.535380840301514
2023-07-12 14:38:59.890422 - Epoc #	10820	 22.61287021636963
2023-07-12 14:39:21.250493 - Epoc #	10830	 21.360070943832397
2023-07-12 14:39:44.735088 - Epoc #	10840	 23.48459506034851
2023-07-12 14:40:09.011614 - Epoc #	10850	 24.27652597427368
2023-07-12 14:40:31.618638 - Epoc #	10860	 22.60702395439148
2023-07-12 14:40:54.291810 - Epoc #	10870	 22.673171997070312
2023-07-12 14:41:17.317599 - Epoc #	10880	 23.02578902244568
2023-07-12 14:41:39.920191 - Epoc #	10890	 22.60259199142456
2023-07-12 14:42:01.148391 - Epoc #	10900	 21.22819995880127
2023-07-12 14:42:23.400353 - Epoc #	10910	 22.251961946487427
2023-07-12 14:42:46.239874 - Epoc #	10920	 22.839520931243896
2023-07-12 14:43:09.490057 - Epoc #	10930	 23.25018310546875
2023-07-12 14:43:31.990147 - Epoc #	10940	 22.5000901222229
2023-07-12 14:43:54.407314 - Epoc #	10950	 22.41716694831848
2023-07-12 14:44:17.633728 - Epoc #	10960	 23.22641396522522
2023-07-12 14:44:40.659749 - Epoc #	10970	 23.026021003723145
2023-07-12 14:45:03.563162 - Epoc #	10980	 22.90341305732727
2023-07-12 14:45:26.890076 - Epoc #	10990	 23.326913833618164
2023-07-12 14:45:49.269985 - Epoc #	11000	 22.3799090385437
2023-07-12 14:46:10.932812 - Epoc #	11010	 21.662827014923096
2023-07-12 14:46:34.177166 - Epoc #	11020	 23.244354009628296
2023-07-12 14:46:57.264528 - Epoc #	11030	 23.087362051010132
2023-07-12 14:47:19.634425 - Epoc #	11040	 22.36989688873291
2023-07-12 14:47:43.112053 - Epoc #	11050	 23.477627992630005
2023-07-12 14:48:05.280927 - Epoc #	11060	 22.16887402534485
2023-07-12 14:48:28.040787 - Epoc #	11070	 22.759860038757324
2023-07-12 14:48:51.503238 - Epoc #	11080	 23.462450981140137
2023-07-12 14:49:13.689541 - Epoc #	11090	 22.18630313873291
2023-07-12 14:49:36.536910 - Epoc #	11100	 22.847368955612183
2023-07-12 14:49:58.532973 - Epoc #	11110	 21.996062994003296
2023-07-12 14:50:21.451115 - Epoc #	11120	 22.918141841888428
2023-07-12 14:50:44.162305 - Epoc #	11130	 22.711190223693848
2023-07-12 14:51:07.012403 - Epoc #	11140	 22.85009789466858
2023-07-12 14:51:30.238053 - Epoc #	11150	 23.22565007209778
2023-07-12 14:51:53.060244 - Epoc #	11160	 22.82219099998474
2023-07-12 14:52:16.168761 - Epoc #	11170	 23.108516931533813
2023-07-12 14:52:38.854402 - Epoc #	11180	 22.685641050338745
2023-07-12 14:53:02.255056 - Epoc #	11190	 23.400653839111328
2023-07-12 14:53:24.415596 - Epoc #	11200	 22.160540103912354
2023-07-12 14:53:47.282098 - Epoc #	11210	 22.866502046585083
2023-07-12 14:54:11.002960 - Epoc #	11220	 23.72086191177368
2023-07-12 14:54:33.268242 - Epoc #	11230	 22.265281915664673
2023-07-12 14:54:57.822119 - Epoc #	11240	 24.553877115249634
2023-07-12 14:55:22.039869 - Epoc #	11250	 24.217750072479248
2023-07-12 14:55:43.936707 - Epoc #	11260	 21.896837949752808
2023-07-12 14:56:07.201944 - Epoc #	11270	 23.2652370929718
2023-07-12 14:56:29.632742 - Epoc #	11280	 22.430797815322876
2023-07-12 14:56:50.999137 - Epoc #	11290	 21.366394996643066
2023-07-12 14:57:13.102138 - Epoc #	11300	 22.1030011177063
2023-07-12 14:57:35.907482 - Epoc #	11310	 22.805343866348267
2023-07-12 14:57:58.806225 - Epoc #	11320	 22.898743152618408
2023-07-12 14:58:21.095229 - Epoc #	11330	 22.28900384902954
2023-07-12 14:58:43.431168 - Epoc #	11340	 22.335939168930054
2023-07-12 14:59:06.048635 - Epoc #	11350	 22.617466926574707
2023-07-12 14:59:27.807575 - Epoc #	11360	 21.75893998146057
2023-07-12 14:59:50.752482 - Epoc #	11370	 22.94490694999695
2023-07-12 15:00:13.743455 - Epoc #	11380	 22.990972995758057
2023-07-12 15:00:35.954729 - Epoc #	11390	 22.21127414703369
2023-07-12 15:00:58.120298 - Epoc #	11400	 22.165568828582764
2023-07-12 15:01:20.844522 - Epoc #	11410	 22.724224090576172
2023-07-12 15:01:43.400700 - Epoc #	11420	 22.556178092956543
2023-07-12 15:02:06.234642 - Epoc #	11430	 22.83394193649292
2023-07-12 15:02:29.726760 - Epoc #	11440	 23.492117881774902
2023-07-12 15:02:52.094565 - Epoc #	11450	 22.367805004119873
2023-07-12 15:03:14.914839 - Epoc #	11460	 22.820274114608765
2023-07-12 15:03:36.921810 - Epoc #	11470	 22.00697088241577
2023-07-12 15:03:59.805345 - Epoc #	11480	 22.883535146713257
2023-07-12 15:04:21.187327 - Epoc #	11490	 21.38198184967041
2023-07-12 15:04:43.554905 - Epoc #	11500	 22.36757802963257
2023-07-12 15:05:06.252890 - Epoc #	11510	 22.69798517227173
2023-07-12 15:05:28.667610 - Epoc #	11520	 22.414719820022583
2023-07-12 15:05:50.846547 - Epoc #	11530	 22.17893695831299
2023-07-12 15:06:12.916747 - Epoc #	11540	 22.070200204849243
2023-07-12 15:06:35.361610 - Epoc #	11550	 22.444862842559814
2023-07-12 15:06:58.495928 - Epoc #	11560	 23.134318113327026
2023-07-12 15:07:21.467970 - Epoc #	11570	 22.972041845321655
2023-07-12 15:07:43.711600 - Epoc #	11580	 22.243630170822144
2023-07-12 15:08:07.062217 - Epoc #	11590	 23.350616931915283
2023-07-12 15:08:29.177410 - Epoc #	11600	 22.115192890167236
2023-07-12 15:08:52.326960 - Epoc #	11610	 23.149550199508667
2023-07-12 15:09:15.490176 - Epoc #	11620	 23.16321587562561
2023-07-12 15:09:36.890166 - Epoc #	11630	 21.39999008178711
2023-07-12 15:09:59.976767 - Epoc #	11640	 23.08660101890564
2023-07-12 15:10:22.139098 - Epoc #	11650	 22.162330865859985
2023-07-12 15:10:43.929323 - Epoc #	11660	 21.7902250289917
2023-07-12 15:11:07.069855 - Epoc #	11670	 23.14053201675415
2023-07-12 15:11:29.890938 - Epoc #	11680	 22.821083068847656
2023-07-12 15:11:52.822116 - Epoc #	11690	 22.931177854537964
2023-07-12 15:12:16.030889 - Epoc #	11700	 23.208773136138916
2023-07-12 15:12:39.368307 - Epoc #	11710	 23.33741807937622
2023-07-12 15:13:00.579197 - Epoc #	11720	 21.21088981628418
2023-07-12 15:13:24.005779 - Epoc #	11730	 23.426582098007202
2023-07-12 15:13:46.889255 - Epoc #	11740	 22.88347601890564
2023-07-12 15:14:09.489995 - Epoc #	11750	 22.6007399559021
2023-07-12 15:14:32.028603 - Epoc #	11760	 22.538608074188232
2023-07-12 15:14:55.037970 - Epoc #	11770	 23.009366989135742
2023-07-12 15:15:16.670318 - Epoc #	11780	 21.63234782218933
2023-07-12 15:15:39.458108 - Epoc #	11790	 22.787790060043335
2023-07-12 15:16:02.263198 - Epoc #	11800	 22.805089950561523
2023-07-12 15:16:25.755729 - Epoc #	11810	 23.492531061172485
2023-07-12 15:16:48.780271 - Epoc #	11820	 23.024542093276978
2023-07-12 15:17:11.178596 - Epoc #	11830	 22.398324966430664
2023-07-12 15:17:33.482444 - Epoc #	11840	 22.303848028182983
2023-07-12 15:17:56.724565 - Epoc #	11850	 23.24212098121643
2023-07-12 15:18:19.013573 - Epoc #	11860	 22.289007902145386
2023-07-12 15:18:41.617812 - Epoc #	11870	 22.604238986968994
2023-07-12 15:19:04.562614 - Epoc #	11880	 22.944802045822144
2023-07-12 15:19:27.113311 - Epoc #	11890	 22.550697088241577
2023-07-12 15:19:51.010889 - Epoc #	11900	 23.89757800102234
2023-07-12 15:20:15.004199 - Epoc #	11910	 23.99330997467041
2023-07-12 15:20:37.655579 - Epoc #	11920	 22.65138006210327
2023-07-12 15:21:00.366842 - Epoc #	11930	 22.711262941360474
2023-07-12 15:21:23.000824 - Epoc #	11940	 22.633981943130493
2023-07-12 15:21:45.151111 - Epoc #	11950	 22.15028691291809
2023-07-12 15:22:08.830406 - Epoc #	11960	 23.6792950630188
2023-07-12 15:22:31.199037 - Epoc #	11970	 22.36863112449646
2023-07-12 15:22:54.941178 - Epoc #	11980	 23.742141008377075
2023-07-12 15:23:18.088384 - Epoc #	11990	 23.14720582962036
2023-07-12 15:23:40.752779 - Epoc #	12000	 22.664395093917847
2023-07-12 15:24:03.619517 - Epoc #	12010	 22.866738080978394
2023-07-12 15:24:26.442096 - Epoc #	12020	 22.82257890701294
2023-07-12 15:24:50.074309 - Epoc #	12030	 23.63221311569214
2023-07-12 15:25:11.855370 - Epoc #	12040	 21.781060934066772
2023-07-12 15:25:35.019761 - Epoc #	12050	 23.164391040802002
2023-07-12 15:25:57.561118 - Epoc #	12060	 22.541356801986694
2023-07-12 15:26:21.075947 - Epoc #	12070	 23.51482915878296
2023-07-12 15:26:43.053968 - Epoc #	12080	 21.978020906448364
2023-07-12 15:27:06.641062 - Epoc #	12090	 23.58709406852722
2023-07-12 15:27:28.727270 - Epoc #	12100	 22.0862078666687
2023-07-12 15:27:51.078782 - Epoc #	12110	 22.35151219367981
2023-07-12 15:28:13.195527 - Epoc #	12120	 22.116744995117188
2023-07-12 15:28:36.642652 - Epoc #	12130	 23.44712495803833
2023-07-12 15:28:59.869534 - Epoc #	12140	 23.226881980895996
2023-07-12 15:29:22.829978 - Epoc #	12150	 22.96044397354126
2023-07-12 15:29:46.447871 - Epoc #	12160	 23.61789298057556
2023-07-12 15:30:09.816546 - Epoc #	12170	 23.368674993515015
2023-07-12 15:30:32.903580 - Epoc #	12180	 23.087033987045288
2023-07-12 15:30:56.488294 - Epoc #	12190	 23.58471393585205
2023-07-12 15:31:18.317046 - Epoc #	12200	 21.828752040863037
2023-07-12 15:31:41.119621 - Epoc #	12210	 22.80257511138916
2023-07-12 15:32:04.003930 - Epoc #	12220	 22.88430905342102
2023-07-12 15:32:26.275416 - Epoc #	12230	 22.271485805511475
2023-07-12 15:32:49.364737 - Epoc #	12240	 23.08932113647461
2023-07-12 15:33:12.138159 - Epoc #	12250	 22.77342200279236
2023-07-12 15:33:34.769300 - Epoc #	12260	 22.63114094734192
2023-07-12 15:33:57.229788 - Epoc #	12270	 22.460488080978394
2023-07-12 15:34:21.859157 - Epoc #	12280	 24.629369020462036
2023-07-12 15:34:45.746626 - Epoc #	12290	 23.887468814849854
2023-07-12 15:35:08.738301 - Epoc #	12300	 22.99167513847351
2023-07-12 15:35:32.456984 - Epoc #	12310	 23.718683004379272
2023-07-12 15:35:55.517734 - Epoc #	12320	 23.060750007629395
2023-07-12 15:36:19.756492 - Epoc #	12330	 24.238757848739624
2023-07-12 15:36:42.238921 - Epoc #	12340	 22.482429027557373
2023-07-12 15:37:05.330999 - Epoc #	12350	 23.09207797050476
2023-07-12 15:37:28.737272 - Epoc #	12360	 23.406273126602173
2023-07-12 15:37:50.968441 - Epoc #	12370	 22.23116898536682
2023-07-12 15:38:14.938717 - Epoc #	12380	 23.97027587890625
2023-07-12 15:38:40.370743 - Epoc #	12390	 25.432026147842407
2023-07-12 15:39:03.399785 - Epoc #	12400	 23.02904200553894
2023-07-12 15:39:27.790904 - Epoc #	12410	 24.3911190032959
2023-07-12 15:39:52.628814 - Epoc #	12420	 24.837909936904907
2023-07-12 15:40:16.617056 - Epoc #	12430	 23.98824191093445
2023-07-12 15:40:39.271786 - Epoc #	12440	 22.654730081558228
2023-07-12 15:41:03.363106 - Epoc #	12450	 24.091320037841797
2023-07-12 15:41:25.208720 - Epoc #	12460	 21.845613956451416
2023-07-12 15:41:47.948739 - Epoc #	12470	 22.74001908302307
2023-07-12 15:42:11.479150 - Epoc #	12480	 23.53041100502014
2023-07-12 15:42:34.432488 - Epoc #	12490	 22.953337907791138
