2023-07-13 06:33:26.197247 - Starting learning loop ...
==================================================================
2023-07-13 06:33:26.197247 - Using Framebuffer of: 10 frames	 and 	ReplayBufferSize: 25000
2023-07-13 06:33:26.201583 - Loglevel is set to: a
2023-07-13 06:33:26.201583 - Epoc #	0	 
2023-07-13 06:33:50.806951 - Epoc #	10	 24.60536813735962
2023-07-13 06:34:12.128872 - Epoc #	20	 21.32192087173462
2023-07-13 06:34:33.378867 - Epoc #	30	 21.24999499320984
2023-07-13 06:34:54.887555 - Epoc #	40	 21.50868797302246
2023-07-13 06:35:16.872772 - Epoc #	50	 21.985217094421387
2023-07-13 06:35:38.544659 - Epoc #	60	 21.671886920928955
2023-07-13 06:35:59.991111 - Epoc #	70	 21.446452140808105
2023-07-13 06:36:22.394117 - Epoc #	80	 22.403006076812744
2023-07-13 06:36:43.433337 - Epoc #	90	 21.039219856262207
2023-07-13 06:37:04.514597 - Epoc #	100	 21.081259965896606
2023-07-13 06:37:10.952906 - Time between reward step: #	224.75565886497498
2023-07-13 06:37:10.952906 - Average Score: 3.00 Elapsed time: 0:03:47.367716
2023-07-13 06:37:26.749648 - Epoc #	110	 22.235051155090332
2023-07-13 06:37:47.695526 - Epoc #	120	 20.94587779045105
2023-07-13 06:38:03.222227 - Time between reward step: #	277.0249800682068
2023-07-13 06:38:03.222227 - Average Score: 4.00 Elapsed time: 0:04:39.639270
2023-07-13 06:38:08.158850 - Time between reward step: #	281.9616029262543
2023-07-13 06:38:08.158850 - Average Score: 5.00 Elapsed time: 0:04:44.578047
2023-07-13 06:38:10.452109 - Epoc #	130	 22.756583213806152
2023-07-13 06:38:31.177609 - Epoc #	140	 20.725499868392944
2023-07-13 06:38:52.131731 - Epoc #	150	 20.954122066497803
2023-07-13 06:39:13.577237 - Epoc #	160	 21.44550585746765
2023-07-13 06:39:37.017733 - Epoc #	170	 23.44049620628357
2023-07-13 06:39:58.114548 - Epoc #	180	 21.09681487083435
2023-07-13 06:40:18.938193 - Epoc #	190	 20.82364511489868
2023-07-13 06:40:39.441197 - Epoc #	200	 20.5030038356781
2023-07-13 06:40:41.830268 - Time between reward step: #	435.63302087783813
2023-07-13 06:40:41.830268 - Average Score: 6.00 Elapsed time: 0:07:18.253646
2023-07-13 06:40:59.411771 - Time between reward step: #	453.2145240306854
2023-07-13 06:40:59.411771 - Average Score: 7.00 Elapsed time: 0:07:35.824843
2023-07-13 06:41:01.499546 - Epoc #	210	 22.058349132537842
2023-07-13 06:41:08.775737 - Time between reward step: #	462.5784900188446
2023-07-13 06:41:08.775737 - Average Score: 8.00 Elapsed time: 0:07:45.186156
2023-07-13 06:41:23.064663 - Epoc #	220	 21.56511688232422
2023-07-13 06:41:45.441061 - Epoc #	230	 22.37639808654785
2023-07-13 06:42:07.990746 - Epoc #	240	 22.54968500137329
2023-07-13 06:42:29.553049 - Epoc #	250	 21.562303066253662
2023-07-13 06:42:31.987934 - Time between reward step: #	545.790687084198
2023-07-13 06:42:31.987934 - Average Score: 9.00 Elapsed time: 0:09:08.402893
2023-07-13 06:42:40.641351 - Time between reward step: #	554.4441039562225
2023-07-13 06:42:40.641351 - Average Score: 10.00 Elapsed time: 0:09:17.060112
2023-07-13 06:42:50.733173 - Epoc #	260	 21.180123805999756
2023-07-13 06:43:11.594462 - Epoc #	270	 20.861289024353027
2023-07-13 06:43:32.877952 - Epoc #	280	 21.28349018096924
2023-07-13 06:43:35.088285 - Time between reward step: #	608.891037940979
2023-07-13 06:43:35.103889 - Average Score: 11.00 Elapsed time: 0:10:11.513256
2023-07-13 06:43:39.412489 - Time between reward step: #	613.2152419090271
2023-07-13 06:43:39.412489 - Average Score: 12.00 Elapsed time: 0:10:15.829411
2023-07-13 06:43:54.589694 - Epoc #	290	 21.71174192428589
2023-07-13 06:43:58.848772 - Time between reward step: #	632.6515250205994
2023-07-13 06:43:58.848772 - Average Score: 13.00 Elapsed time: 0:10:35.266472
2023-07-13 06:44:09.006542 - Time between reward step: #	642.8092949390411
2023-07-13 06:44:09.022166 - Average Score: 14.00 Elapsed time: 0:10:45.431227
2023-07-13 06:44:17.612775 - Epoc #	300	 23.023081064224243
2023-07-13 06:44:38.855836 - Epoc #	310	 21.24306082725525
2023-07-13 06:45:01.103025 - Epoc #	320	 22.247189044952393
2023-07-13 06:45:23.244213 - Epoc #	330	 22.141188144683838
2023-07-13 06:45:45.273701 - Epoc #	340	 22.02948784828186
2023-07-13 06:46:06.486338 - Epoc #	350	 21.212636947631836
2023-07-13 06:46:30.287242 - Epoc #	360	 23.800904035568237
2023-07-13 06:46:51.323086 - Epoc #	370	 21.035844087600708
2023-07-13 06:47:11.676371 - Epoc #	380	 20.35328507423401
2023-07-13 06:47:32.836849 - Epoc #	390	 21.14485192298889
2023-07-13 06:47:54.627675 - Epoc #	400	 21.790826082229614
2023-07-13 06:48:15.488759 - Epoc #	410	 20.861083984375
2023-07-13 06:48:36.520926 - Epoc #	420	 21.032166957855225
2023-07-13 06:48:59.347759 - Epoc #	430	 22.82683300971985
2023-07-13 06:49:20.346462 - Epoc #	440	 20.998703002929688
2023-07-13 06:49:41.408958 - Epoc #	450	 21.062495946884155
2023-07-13 06:50:03.351150 - Epoc #	460	 21.94219207763672
2023-07-13 06:50:25.569510 - Epoc #	470	 22.21835994720459
2023-07-13 06:50:46.474236 - Epoc #	480	 20.904726028442383
2023-07-13 06:51:08.550303 - Epoc #	490	 22.076066970825195
2023-07-13 06:51:30.021502 - Epoc #	500	 21.47119903564453
2023-07-13 06:51:52.159539 - Epoc #	510	 22.138036966323853
2023-07-13 06:52:13.121181 - Epoc #	520	 20.961642026901245
2023-07-13 06:52:35.580706 - Epoc #	530	 22.459524869918823
2023-07-13 06:52:56.969236 - Epoc #	540	 21.388530015945435
2023-07-13 06:53:17.666128 - Epoc #	550	 20.696892023086548
2023-07-13 06:53:38.806390 - Epoc #	560	 21.140262126922607
2023-07-13 06:53:58.865527 - Epoc #	570	 20.059136867523193
2023-07-13 06:54:19.603339 - Epoc #	580	 20.737812042236328
2023-07-13 06:54:40.656855 - Epoc #	590	 21.053516149520874
2023-07-13 06:55:02.406989 - Epoc #	600	 21.750133991241455
2023-07-13 06:55:22.921593 - Epoc #	610	 20.514603853225708
2023-07-13 06:55:44.844174 - Epoc #	620	 21.92258095741272
2023-07-13 06:56:05.722192 - Epoc #	630	 20.878018140792847
2023-07-13 06:56:26.362291 - Epoc #	640	 20.640099048614502
2023-07-13 06:56:48.606690 - Epoc #	650	 22.244398832321167
2023-07-13 06:57:09.461489 - Epoc #	660	 20.854799032211304
2023-07-13 06:57:30.361228 - Epoc #	670	 20.899739027023315
2023-07-13 06:57:51.516065 - Epoc #	680	 21.154836893081665
2023-07-13 06:58:13.290974 - Epoc #	690	 21.774909019470215
2023-07-13 06:58:34.502296 - Epoc #	700	 21.21132206916809
2023-07-13 06:58:55.626858 - Epoc #	710	 21.12456202507019
2023-07-13 06:59:16.370419 - Epoc #	720	 20.743561029434204
2023-07-13 06:59:38.086758 - Epoc #	730	 21.716338872909546
2023-07-13 07:00:00.442190 - Epoc #	740	 22.35543203353882
2023-07-13 07:00:21.430277 - Epoc #	750	 20.98808717727661
2023-07-13 07:00:42.991009 - Epoc #	760	 21.560731887817383
2023-07-13 07:01:04.250265 - Epoc #	770	 21.25925588607788
2023-07-13 07:01:25.812195 - Epoc #	780	 21.561930179595947
2023-07-13 07:01:47.557625 - Epoc #	790	 21.74542999267578
2023-07-13 07:02:07.980303 - Epoc #	800	 20.422677993774414
2023-07-13 07:02:29.870466 - Epoc #	810	 21.8901629447937
2023-07-13 07:02:51.936493 - Epoc #	820	 22.06602692604065
2023-07-13 07:03:14.418586 - Epoc #	830	 22.48209309577942
2023-07-13 07:03:35.253880 - Epoc #	840	 20.835294008255005
2023-07-13 07:03:55.685837 - Epoc #	850	 20.431957006454468
2023-07-13 07:04:16.756836 - Epoc #	860	 21.070998907089233
2023-07-13 07:04:38.015708 - Epoc #	870	 21.258872032165527
2023-07-13 07:04:58.905019 - Epoc #	880	 20.88931107521057
2023-07-13 07:05:20.569907 - Epoc #	890	 21.66488790512085
2023-07-13 07:05:41.974851 - Epoc #	900	 21.40494394302368
2023-07-13 07:06:04.790963 - Epoc #	910	 22.81611204147339
2023-07-13 07:06:26.312759 - Epoc #	920	 21.521795988082886
2023-07-13 07:06:46.823077 - Epoc #	930	 20.51031804084778
2023-07-13 07:07:08.344931 - Epoc #	940	 21.521853923797607
2023-07-13 07:07:29.555118 - Epoc #	950	 21.210187196731567
2023-07-13 07:07:50.751251 - Epoc #	960	 21.19613289833069
2023-07-13 07:08:12.028502 - Epoc #	970	 21.27725100517273
2023-07-13 07:08:32.425379 - Epoc #	980	 20.39687705039978
2023-07-13 07:08:53.837465 - Epoc #	990	 21.412086009979248
2023-07-13 07:09:14.361718 - Epoc #	1000	 20.524252891540527
2023-07-13 07:09:35.101237 - Epoc #	1010	 20.739519119262695
2023-07-13 07:09:57.247027 - Epoc #	1020	 22.145789861679077
2023-07-13 07:10:17.673021 - Epoc #	1030	 20.425994157791138
2023-07-13 07:10:38.994172 - Epoc #	1040	 21.3211510181427
2023-07-13 07:10:59.439539 - Epoc #	1050	 20.445366859436035
2023-07-13 07:11:21.039578 - Epoc #	1060	 21.60003900527954
2023-07-13 07:11:41.840946 - Epoc #	1070	 20.80136799812317
2023-07-13 07:12:03.260228 - Epoc #	1080	 21.41928195953369
2023-07-13 07:12:24.240201 - Epoc #	1090	 20.979973077774048
2023-07-13 07:12:44.696495 - Epoc #	1100	 20.456294059753418
2023-07-13 07:13:05.367781 - Epoc #	1110	 20.67128586769104
2023-07-13 07:13:26.337414 - Epoc #	1120	 20.969633102416992
2023-07-13 07:13:47.259760 - Epoc #	1130	 20.922345876693726
2023-07-13 07:14:09.460189 - Epoc #	1140	 22.2004292011261
2023-07-13 07:14:30.818448 - Epoc #	1150	 21.358258962631226
2023-07-13 07:14:52.202746 - Epoc #	1160	 21.384297847747803
2023-07-13 07:15:12.898413 - Epoc #	1170	 20.695667028427124
2023-07-13 07:15:34.243682 - Epoc #	1180	 21.345268964767456
2023-07-13 07:15:55.650172 - Epoc #	1190	 21.406490087509155
2023-07-13 07:16:17.336930 - Epoc #	1200	 21.686758041381836
2023-07-13 07:16:38.771401 - Epoc #	1210	 21.434470891952515
2023-07-13 07:17:00.426484 - Epoc #	1220	 21.655083179473877
2023-07-13 07:17:21.908583 - Epoc #	1230	 21.482098817825317
2023-07-13 07:17:42.799028 - Epoc #	1240	 20.89044499397278
2023-07-13 07:18:03.648702 - Epoc #	1250	 20.849673986434937
2023-07-13 07:18:24.706488 - Epoc #	1260	 21.057785987854004
2023-07-13 07:18:45.789193 - Epoc #	1270	 21.08270502090454
2023-07-13 07:19:06.967418 - Epoc #	1280	 21.17822504043579
2023-07-13 07:19:28.085551 - Epoc #	1290	 21.118133068084717
2023-07-13 07:19:48.862537 - Epoc #	1300	 20.77698588371277
2023-07-13 07:20:09.709752 - Epoc #	1310	 20.847215175628662
2023-07-13 07:20:32.905424 - Epoc #	1320	 23.195672035217285
2023-07-13 07:20:53.979421 - Epoc #	1330	 21.073996782302856
2023-07-13 07:21:15.358297 - Epoc #	1340	 21.378876209259033
2023-07-13 07:21:37.413174 - Epoc #	1350	 22.054876804351807
2023-07-13 07:21:59.131337 - Epoc #	1360	 21.718163013458252
2023-07-13 07:22:20.739155 - Epoc #	1370	 21.607818126678467
2023-07-13 07:22:42.410980 - Epoc #	1380	 21.67182493209839
2023-07-13 07:23:03.785673 - Epoc #	1390	 21.374692916870117
2023-07-13 07:23:26.188085 - Epoc #	1400	 22.402412176132202
2023-07-13 07:23:47.337913 - Epoc #	1410	 21.14982795715332
2023-07-13 07:24:09.283410 - Epoc #	1420	 21.945497035980225
2023-07-13 07:24:30.094806 - Epoc #	1430	 20.81139588356018
2023-07-13 07:24:52.113584 - Epoc #	1440	 22.018778085708618
2023-07-13 07:25:14.101684 - Epoc #	1450	 21.988100051879883
2023-07-13 07:25:36.582416 - Epoc #	1460	 22.480731964111328
2023-07-13 07:25:58.004011 - Epoc #	1470	 21.421594858169556
2023-07-13 07:26:19.607933 - Epoc #	1480	 21.603922128677368
2023-07-13 07:26:42.681244 - Epoc #	1490	 23.07331085205078
2023-07-13 07:27:03.648884 - Epoc #	1500	 20.967640161514282
2023-07-13 07:27:24.162019 - Epoc #	1510	 20.513134956359863
2023-07-13 07:27:45.340308 - Epoc #	1520	 21.17828893661499
2023-07-13 07:28:06.485815 - Epoc #	1530	 21.145507097244263
2023-07-13 07:28:27.702267 - Epoc #	1540	 21.21645188331604
2023-07-13 07:28:49.016703 - Epoc #	1550	 21.314435958862305
2023-07-13 07:29:09.651003 - Epoc #	1560	 20.634299993515015
2023-07-13 07:29:30.544343 - Epoc #	1570	 20.89334011077881
2023-07-13 07:29:51.837622 - Epoc #	1580	 21.29327893257141
2023-07-13 07:30:12.968323 - Epoc #	1590	 21.130701065063477
2023-07-13 07:30:33.341518 - Epoc #	1600	 20.373194932937622
2023-07-13 07:30:54.837818 - Epoc #	1610	 21.496299982070923
2023-07-13 07:31:15.988560 - Epoc #	1620	 21.150742053985596
2023-07-13 07:31:37.097151 - Epoc #	1630	 21.108591079711914
2023-07-13 07:31:58.530102 - Epoc #	1640	 21.432950973510742
2023-07-13 07:32:20.714525 - Epoc #	1650	 22.184422969818115
2023-07-13 07:32:42.318571 - Epoc #	1660	 21.6040461063385
2023-07-13 07:33:02.495362 - Epoc #	1670	 20.176790952682495
2023-07-13 07:33:23.475852 - Epoc #	1680	 20.98048996925354
2023-07-13 07:33:44.347398 - Epoc #	1690	 20.871546030044556
2023-07-13 07:34:06.040801 - Epoc #	1700	 21.693403005599976
2023-07-13 07:34:27.631020 - Epoc #	1710	 21.590219020843506
2023-07-13 07:34:49.669033 - Epoc #	1720	 22.038012981414795
2023-07-13 07:35:10.813993 - Epoc #	1730	 21.144959926605225
2023-07-13 07:35:33.106007 - Epoc #	1740	 22.292014122009277
2023-07-13 07:35:54.950641 - Epoc #	1750	 21.84463381767273
2023-07-13 07:36:17.506998 - Epoc #	1760	 22.55635714530945
2023-07-13 07:36:39.496636 - Epoc #	1770	 21.989637851715088
2023-07-13 07:37:00.192936 - Epoc #	1780	 20.69630002975464
2023-07-13 07:37:21.673603 - Epoc #	1790	 21.480667114257812
2023-07-13 07:37:42.876667 - Epoc #	1800	 21.20306396484375
2023-07-13 07:38:03.826752 - Epoc #	1810	 20.950084924697876
2023-07-13 07:38:24.984004 - Epoc #	1820	 21.157252073287964
2023-07-13 07:38:46.420188 - Epoc #	1830	 21.43618392944336
2023-07-13 07:39:07.496044 - Epoc #	1840	 21.07585597038269
2023-07-13 07:39:28.686749 - Epoc #	1850	 21.190705060958862
2023-07-13 07:39:48.809849 - Epoc #	1860	 20.12310004234314
2023-07-13 07:40:10.569208 - Epoc #	1870	 21.759358882904053
2023-07-13 07:40:31.867821 - Epoc #	1880	 21.29861307144165
2023-07-13 07:40:54.015644 - Epoc #	1890	 22.147823095321655
2023-07-13 07:41:16.824341 - Epoc #	1900	 22.80869698524475
2023-07-13 07:41:38.669203 - Epoc #	1910	 21.84486198425293
2023-07-13 07:41:59.579608 - Epoc #	1920	 20.910404920578003
2023-07-13 07:42:20.815253 - Epoc #	1930	 21.235645055770874
2023-07-13 07:42:41.502556 - Epoc #	1940	 20.687303066253662
2023-07-13 07:43:02.404109 - Epoc #	1950	 20.90155291557312
2023-07-13 07:43:24.167676 - Epoc #	1960	 21.763566970825195
2023-07-13 07:43:45.302176 - Epoc #	1970	 21.13450002670288
2023-07-13 07:44:06.219102 - Epoc #	1980	 20.91692590713501
2023-07-13 07:44:27.644908 - Epoc #	1990	 21.425806045532227
2023-07-13 07:44:49.240607 - Epoc #	2000	 21.595699071884155
2023-07-13 07:45:10.856474 - Epoc #	2010	 21.615866899490356
2023-07-13 07:45:31.889361 - Epoc #	2020	 21.03288698196411
2023-07-13 07:45:52.218853 - Epoc #	2030	 20.32949209213257
2023-07-13 07:46:14.507679 - Epoc #	2040	 22.28882598876953
2023-07-13 07:46:36.382817 - Epoc #	2050	 21.8751380443573
2023-07-13 07:46:57.066395 - Epoc #	2060	 20.68357801437378
2023-07-13 07:47:18.937433 - Epoc #	2070	 21.87103796005249
2023-07-13 07:47:39.660765 - Epoc #	2080	 20.723331928253174
2023-07-13 07:48:01.415147 - Epoc #	2090	 21.754382133483887
2023-07-13 07:48:22.245848 - Epoc #	2100	 20.830700874328613
2023-07-13 07:48:44.424940 - Epoc #	2110	 22.179092168807983
2023-07-13 07:49:07.660123 - Epoc #	2120	 23.235183000564575
2023-07-13 07:49:28.644533 - Epoc #	2130	 20.98440980911255
2023-07-13 07:49:49.734008 - Epoc #	2140	 21.08947515487671
2023-07-13 07:50:10.283455 - Epoc #	2150	 20.54944682121277
2023-07-13 07:50:33.963977 - Epoc #	2160	 23.680522203445435
2023-07-13 07:50:55.678694 - Epoc #	2170	 21.714716911315918
2023-07-13 07:51:17.674480 - Epoc #	2180	 21.99578595161438
2023-07-13 07:51:39.905584 - Epoc #	2190	 22.231104135513306
2023-07-13 07:52:02.566436 - Epoc #	2200	 22.66085195541382
2023-07-13 07:52:23.764883 - Epoc #	2210	 21.19844698905945
2023-07-13 07:52:46.246285 - Epoc #	2220	 22.481401920318604
2023-07-13 07:53:07.856368 - Epoc #	2230	 21.61008310317993
2023-07-13 07:53:10.252770 - Time between reward step: #	4784.055522918701
2023-07-13 07:53:10.252770 - Average Score: 15.00 Elapsed time: 1:19:46.673432
2023-07-13 07:53:29.324547 - Epoc #	2240	 21.46817898750305
2023-07-13 07:53:37.424261 - Time between reward step: #	4811.227014064789
2023-07-13 07:53:37.424261 - Average Score: 16.00 Elapsed time: 1:20:13.838849
2023-07-13 07:53:52.836077 - Epoc #	2250	 23.51152992248535
2023-07-13 07:54:15.724706 - Epoc #	2260	 22.88862895965576
2023-07-13 07:54:37.892384 - Epoc #	2270	 22.167678117752075
2023-07-13 07:54:59.389108 - Epoc #	2280	 21.496723890304565
2023-07-13 07:55:22.394299 - Epoc #	2290	 23.00519108772278
2023-07-13 07:55:45.562179 - Epoc #	2300	 23.167880058288574
2023-07-13 07:56:08.475712 - Epoc #	2310	 22.913532972335815
2023-07-13 07:56:31.146690 - Epoc #	2320	 22.67097783088684
2023-07-13 07:56:53.800862 - Epoc #	2330	 22.65417218208313
2023-07-13 07:57:15.437246 - Epoc #	2340	 21.63638401031494
2023-07-13 07:57:37.729690 - Epoc #	2350	 22.292443990707397
2023-07-13 07:57:59.606732 - Epoc #	2360	 21.877041816711426
2023-07-13 07:58:22.848907 - Epoc #	2370	 23.242175102233887
2023-07-13 07:58:45.351990 - Epoc #	2380	 22.503082990646362
2023-07-13 07:59:07.730121 - Epoc #	2390	 22.37813091278076
2023-07-13 07:59:29.649859 - Epoc #	2400	 21.919738054275513
2023-07-13 07:59:50.785122 - Epoc #	2410	 21.135262966156006
2023-07-13 08:00:11.887938 - Epoc #	2420	 21.102816104888916
2023-07-13 08:00:33.719693 - Epoc #	2430	 21.83175492286682
2023-07-13 08:00:55.946576 - Epoc #	2440	 22.22688317298889
2023-07-13 08:01:18.802164 - Epoc #	2450	 22.85558795928955
2023-07-13 08:01:40.002797 - Epoc #	2460	 21.20063281059265
2023-07-13 08:02:00.553295 - Epoc #	2470	 20.550498008728027
2023-07-13 08:02:22.073045 - Epoc #	2480	 21.519750118255615
2023-07-13 08:02:44.455404 - Epoc #	2490	 22.38235902786255
2023-07-13 08:03:06.018524 - Epoc #	2500	 21.563119888305664
2023-07-13 08:03:29.013568 - Epoc #	2510	 22.995043992996216
2023-07-13 08:03:51.141852 - Epoc #	2520	 22.128283977508545
2023-07-13 08:04:13.024650 - Epoc #	2530	 21.882798194885254
2023-07-13 08:04:34.719958 - Epoc #	2540	 21.695307970046997
2023-07-13 08:04:57.641026 - Epoc #	2550	 22.92106795310974
2023-07-13 08:05:18.277087 - Epoc #	2560	 20.63606095314026
2023-07-13 08:05:39.873365 - Epoc #	2570	 21.596277952194214
2023-07-13 08:06:01.271489 - Epoc #	2580	 21.39812397956848
2023-07-13 08:06:22.810227 - Epoc #	2590	 21.538738012313843
2023-07-13 08:06:44.905559 - Epoc #	2600	 22.095332145690918
2023-07-13 08:07:07.036374 - Epoc #	2610	 22.130815029144287
2023-07-13 08:07:29.677336 - Epoc #	2620	 22.64096188545227
2023-07-13 08:07:52.204554 - Epoc #	2630	 22.527218103408813
2023-07-13 08:08:13.461125 - Epoc #	2640	 21.25657081604004
2023-07-13 08:08:35.923767 - Epoc #	2650	 22.462642192840576
2023-07-13 08:08:57.936017 - Epoc #	2660	 22.01224994659424
2023-07-13 08:09:18.956143 - Epoc #	2670	 21.02012586593628
2023-07-13 08:09:40.306304 - Epoc #	2680	 21.35016107559204
2023-07-13 08:10:02.255057 - Epoc #	2690	 21.948753118515015
2023-07-13 08:10:26.963425 - Epoc #	2700	 24.708367824554443
2023-07-13 08:10:48.197317 - Epoc #	2710	 21.23389196395874
2023-07-13 08:11:12.012255 - Epoc #	2720	 23.814938068389893
2023-07-13 08:11:34.384496 - Epoc #	2730	 22.372241020202637
2023-07-13 08:11:55.907956 - Epoc #	2740	 21.523459911346436
2023-07-13 08:12:19.081716 - Epoc #	2750	 23.173760175704956
2023-07-13 08:12:41.177632 - Epoc #	2760	 22.095916032791138
2023-07-13 08:13:02.695538 - Epoc #	2770	 21.517905950546265
2023-07-13 08:13:24.398146 - Epoc #	2780	 21.70260787010193
2023-07-13 08:13:44.694728 - Epoc #	2790	 20.296581983566284
2023-07-13 08:14:05.589134 - Epoc #	2800	 20.89440608024597
2023-07-13 08:14:27.696244 - Epoc #	2810	 22.107110023498535
2023-07-13 08:14:50.168051 - Epoc #	2820	 22.47180700302124
2023-07-13 08:15:11.671997 - Epoc #	2830	 21.50394606590271
2023-07-13 08:15:35.876044 - Epoc #	2840	 24.204046964645386
2023-07-13 08:15:57.482325 - Epoc #	2850	 21.606281042099
2023-07-13 08:16:19.283951 - Epoc #	2860	 21.801625967025757
2023-07-13 08:16:40.320534 - Epoc #	2870	 21.036582946777344
2023-07-13 08:17:02.801951 - Epoc #	2880	 22.481416940689087
2023-07-13 08:17:25.844246 - Epoc #	2890	 23.04229497909546
2023-07-13 08:17:47.358935 - Epoc #	2900	 21.514689207077026
2023-07-13 08:18:09.256186 - Epoc #	2910	 21.89725089073181
2023-07-13 08:18:31.438766 - Epoc #	2920	 22.18257999420166
2023-07-13 08:18:53.044539 - Epoc #	2930	 21.605772972106934
2023-07-13 08:19:16.105649 - Epoc #	2940	 23.061110019683838
2023-07-13 08:19:38.340350 - Epoc #	2950	 22.234700918197632
2023-07-13 08:20:01.240336 - Epoc #	2960	 22.899986028671265
2023-07-13 08:20:25.242308 - Epoc #	2970	 24.00197196006775
2023-07-13 08:20:46.711725 - Epoc #	2980	 21.469417095184326
2023-07-13 08:21:11.039538 - Epoc #	2990	 24.327812910079956
2023-07-13 08:21:32.587827 - Epoc #	3000	 21.54828906059265
2023-07-13 08:21:54.656188 - Epoc #	3010	 22.068361043930054
2023-07-13 08:22:16.865441 - Epoc #	3020	 22.209253072738647
2023-07-13 08:22:40.410962 - Epoc #	3030	 23.545521020889282
2023-07-13 08:23:03.632753 - Epoc #	3040	 23.22179079055786
2023-07-13 08:23:10.377488 - Time between reward step: #	6584.180240869522
2023-07-13 08:23:10.377488 - Average Score: 17.00 Elapsed time: 1:49:46.794638
2023-07-13 08:23:12.876083 - Time between reward step: #	6586.678835868835
2023-07-13 08:23:12.876083 - Average Score: 18.00 Elapsed time: 1:49:49.297125
2023-07-13 08:23:26.272962 - Epoc #	3050	 22.640209197998047
2023-07-13 08:23:48.757706 - Epoc #	3060	 22.48474383354187
2023-07-13 08:24:16.714395 - Epoc #	3070	 27.95668911933899
2023-07-13 08:24:41.570617 - Epoc #	3080	 24.856221914291382
2023-07-13 08:25:03.042229 - Epoc #	3090	 21.471611976623535
2023-07-13 08:25:27.457656 - Epoc #	3100	 24.4154269695282
2023-07-13 08:25:49.553409 - Epoc #	3110	 22.09575319290161
2023-07-13 08:26:15.726091 - Epoc #	3120	 26.17268180847168
2023-07-13 08:26:40.184909 - Epoc #	3130	 24.458818197250366
2023-07-13 08:27:02.765661 - Epoc #	3140	 22.58075189590454
2023-07-13 08:27:27.076987 - Epoc #	3150	 24.311326026916504
2023-07-13 08:27:50.393880 - Epoc #	3160	 23.316892862319946
2023-07-13 08:28:11.820284 - Epoc #	3170	 21.426403999328613
2023-07-13 08:28:33.752614 - Epoc #	3180	 21.93233013153076
2023-07-13 08:28:55.169653 - Epoc #	3190	 21.417038917541504
2023-07-13 08:29:17.670855 - Epoc #	3200	 22.50120210647583
2023-07-13 08:29:39.683579 - Epoc #	3210	 22.012723922729492
2023-07-13 08:30:01.719847 - Epoc #	3220	 22.03626799583435
2023-07-13 08:30:22.986207 - Epoc #	3230	 21.26636004447937
2023-07-13 08:30:45.726296 - Epoc #	3240	 22.740088939666748
2023-07-13 08:31:08.760521 - Epoc #	3250	 23.03422498703003
2023-07-13 08:31:30.142533 - Epoc #	3260	 21.382012128829956
2023-07-13 08:31:51.582997 - Epoc #	3270	 21.44046401977539
2023-07-13 08:32:14.653961 - Epoc #	3280	 23.070963859558105
2023-07-13 08:32:38.723711 - Epoc #	3290	 24.0697500705719
2023-07-13 08:33:02.491804 - Epoc #	3300	 23.76809287071228
2023-07-13 08:33:24.038403 - Epoc #	3310	 21.54659914970398
2023-07-13 08:33:46.321317 - Epoc #	3320	 22.28291392326355
2023-07-13 08:34:07.968444 - Epoc #	3330	 21.647127151489258
2023-07-13 08:34:31.203078 - Epoc #	3340	 23.234633922576904
2023-07-13 08:34:52.550848 - Epoc #	3350	 21.34776997566223
2023-07-13 08:35:17.197194 - Epoc #	3360	 24.64634609222412
2023-07-13 08:35:39.177132 - Epoc #	3370	 21.97993779182434
2023-07-13 08:36:01.832692 - Epoc #	3380	 22.65556001663208
2023-07-13 08:36:29.106682 - Epoc #	3390	 27.273990154266357
2023-07-13 08:36:51.820721 - Epoc #	3400	 22.714038848876953
2023-07-13 08:37:13.997369 - Epoc #	3410	 22.176648139953613
2023-07-13 08:37:36.599420 - Epoc #	3420	 22.60205101966858
2023-07-13 08:37:58.884903 - Epoc #	3430	 22.28548288345337
2023-07-13 08:38:21.605865 - Epoc #	3440	 22.720962047576904
2023-07-13 08:38:44.698602 - Epoc #	3450	 23.092736959457397
2023-07-13 08:39:06.649841 - Epoc #	3460	 21.951239109039307
2023-07-13 08:39:29.815194 - Epoc #	3470	 23.165352821350098
2023-07-13 08:39:51.541154 - Epoc #	3480	 21.72596001625061
2023-07-13 08:40:13.152705 - Epoc #	3490	 21.61155104637146
2023-07-13 08:40:36.561513 - Epoc #	3500	 23.40880799293518
2023-07-13 08:40:58.121638 - Epoc #	3510	 21.56012511253357
2023-07-13 08:41:21.183031 - Epoc #	3520	 23.06139302253723
2023-07-13 08:41:43.527295 - Epoc #	3530	 22.344264030456543
2023-07-13 08:42:05.720812 - Epoc #	3540	 22.193516969680786
2023-07-13 08:42:29.035500 - Epoc #	3550	 23.314687967300415
2023-07-13 08:42:51.978221 - Epoc #	3560	 22.942720890045166
2023-07-13 08:43:16.688207 - Epoc #	3570	 24.709985971450806
2023-07-13 08:43:39.926133 - Epoc #	3580	 23.23792600631714
2023-07-13 08:44:03.974763 - Epoc #	3590	 24.048629999160767
2023-07-13 08:44:27.339834 - Epoc #	3600	 23.365071058273315
2023-07-13 08:44:50.910670 - Epoc #	3610	 23.570836067199707
2023-07-13 04:45:14.470571 - Epoc #	3620	 -14376.44009900093
2023-07-13 04:45:35.518218 - Epoc #	3630	 21.04764699935913
2023-07-13 04:45:57.868759 - Epoc #	3640	 22.35054087638855
2023-07-13 04:46:20.211885 - Epoc #	3650	 22.34312605857849
2023-07-13 04:46:44.191685 - Epoc #	3660	 23.97979998588562
2023-07-13 04:47:06.797624 - Epoc #	3670	 22.605939149856567
2023-07-13 04:47:28.716732 - Epoc #	3680	 21.919107913970947
2023-07-13 04:47:52.548930 - Epoc #	3690	 23.832197904586792
2023-07-13 04:48:15.107409 - Epoc #	3700	 22.558479070663452
2023-07-13 04:48:37.113302 - Epoc #	3710	 22.005892992019653
2023-07-13 04:49:01.641921 - Epoc #	3720	 24.528619050979614
2023-07-13 04:49:25.840026 - Epoc #	3730	 24.198104858398438
2023-07-13 04:49:47.531057 - Epoc #	3740	 21.691030979156494
2023-07-13 04:50:09.354715 - Epoc #	3750	 21.823658227920532
2023-07-13 04:50:34.079843 - Epoc #	3760	 24.725127935409546
2023-07-13 04:50:56.356523 - Epoc #	3770	 22.27667999267578
2023-07-13 04:51:18.779716 - Epoc #	3780	 22.423192977905273
2023-07-13 04:51:43.414088 - Epoc #	3790	 24.634371995925903
2023-07-13 04:52:05.230289 - Epoc #	3800	 21.816200971603394
2023-07-13 04:52:28.424327 - Epoc #	3810	 23.194037914276123
2023-07-13 04:52:50.655399 - Epoc #	3820	 22.231072187423706
2023-07-13 04:53:11.544323 - Epoc #	3830	 20.88892388343811
2023-07-13 04:53:34.050014 - Epoc #	3840	 22.505691051483154
2023-07-13 04:53:56.157434 - Epoc #	3850	 22.107419967651367
2023-07-13 04:54:17.945711 - Epoc #	3860	 21.78827691078186
2023-07-13 04:54:39.209246 - Epoc #	3870	 21.263535022735596
2023-07-13 04:55:00.455641 - Epoc #	3880	 21.246395111083984
2023-07-13 04:55:25.453766 - Epoc #	3890	 24.998125076293945
2023-07-13 04:55:45.972310 - Epoc #	3900	 20.51854395866394
2023-07-13 04:56:08.768633 - Epoc #	3910	 22.7963228225708
2023-07-13 04:56:34.171559 - Epoc #	3920	 25.402926206588745
2023-07-13 04:56:57.461815 - Epoc #	3930	 23.290256023406982
2023-07-13 04:57:19.089367 - Epoc #	3940	 21.627551794052124
2023-07-13 04:57:40.916334 - Epoc #	3950	 21.826967000961304
2023-07-13 04:58:03.481616 - Epoc #	3960	 22.565282106399536
2023-07-13 04:58:23.965809 - Epoc #	3970	 20.484193086624146
2023-07-13 04:58:47.763829 - Epoc #	3980	 23.798019886016846
2023-07-13 04:59:08.009262 - Epoc #	3990	 20.24543309211731
2023-07-13 04:59:29.713054 - Epoc #	4000	 21.703791856765747
2023-07-13 04:59:52.524886 - Epoc #	4010	 22.811831951141357
2023-07-13 05:00:14.287270 - Epoc #	4020	 21.762384176254272
2023-07-13 05:00:37.243959 - Epoc #	4030	 22.95668888092041
2023-07-13 05:00:58.852838 - Epoc #	4040	 21.60887908935547
2023-07-13 05:01:20.560064 - Epoc #	4050	 21.707226037979126
2023-07-13 05:01:42.528375 - Epoc #	4060	 21.968310832977295
2023-07-13 05:02:04.500303 - Epoc #	4070	 21.971928119659424
2023-07-13 05:02:24.681821 - Epoc #	4080	 20.181518077850342
2023-07-13 05:02:46.056768 - Epoc #	4090	 21.37494683265686
2023-07-13 05:03:08.813135 - Epoc #	4100	 22.756366968154907
2023-07-13 05:03:30.801198 - Epoc #	4110	 21.988063097000122
2023-07-13 05:03:52.132994 - Epoc #	4120	 21.331795930862427
2023-07-13 05:04:12.589276 - Epoc #	4130	 20.456282138824463
2023-07-13 05:04:35.047768 - Epoc #	4140	 22.458492040634155
2023-07-13 05:04:56.732996 - Epoc #	4150	 21.685227870941162
2023-07-13 05:05:18.826854 - Epoc #	4160	 22.093858003616333
2023-07-13 05:05:40.848671 - Epoc #	4170	 22.021816968917847
2023-07-13 05:06:03.800638 - Epoc #	4180	 22.951967000961304
2023-07-13 05:06:26.081027 - Epoc #	4190	 22.280389070510864
2023-07-13 05:06:51.166345 - Epoc #	4200	 25.085317850112915
2023-07-13 05:07:12.952788 - Epoc #	4210	 21.78644323348999
2023-07-13 05:07:35.332994 - Epoc #	4220	 22.380205869674683
2023-07-13 05:07:57.430859 - Epoc #	4230	 22.097865104675293
2023-07-13 05:08:19.798801 - Epoc #	4240	 22.367941856384277
2023-07-13 05:08:40.400916 - Epoc #	4250	 20.602115154266357
2023-07-13 05:09:02.718303 - Epoc #	4260	 22.317386865615845
2023-07-13 05:09:25.237238 - Time between reward step: #	-5040.960009098053
2023-07-13 05:09:25.237238 - Average Score: 19.00 Elapsed time: 2:35:59.761603
2023-07-13 05:09:25.237238 - Epoc #	4270	 22.518934965133667
2023-07-13 05:09:27.684259 - Time between reward step: #	-5038.512988090515
2023-07-13 05:09:27.684259 - Average Score: 20.00 Elapsed time: 2:36:02.210728
2023-07-13 05:09:47.222138 - Epoc #	4280	 21.98489999771118
2023-07-13 05:10:10.974905 - Epoc #	4290	 23.752767086029053
2023-07-13 05:10:34.209162 - Epoc #	4300	 23.234256982803345
2023-07-13 05:10:55.475030 - Epoc #	4310	 21.265867948532104
2023-07-13 05:11:17.686673 - Epoc #	4320	 22.21164298057556
2023-07-13 05:11:39.949751 - Epoc #	4330	 22.263077974319458
2023-07-13 05:12:01.012135 - Epoc #	4340	 21.062384128570557
2023-07-13 05:12:18.925246 - Time between reward step: #	-4867.272001028061
2023-07-13 05:12:18.925246 - Average Score: 21.00 Elapsed time: 2:38:53.452492
2023-07-13 05:12:23.635601 - Epoc #	4350	 22.62346601486206
2023-07-13 05:12:43.937080 - Epoc #	4360	 20.30147886276245
2023-07-13 05:13:06.438065 - Epoc #	4370	 22.500985145568848
2023-07-13 05:13:28.896934 - Epoc #	4380	 22.458868980407715
2023-07-13 05:13:50.502564 - Epoc #	4390	 21.605629920959473
2023-07-13 05:14:12.624331 - Epoc #	4400	 22.121767044067383
2023-07-13 05:14:33.362008 - Epoc #	4410	 20.737677097320557
2023-07-13 05:14:55.536458 - Epoc #	4420	 22.174449920654297
2023-07-13 05:15:16.922827 - Epoc #	4430	 21.386368989944458
2023-07-13 05:15:39.310545 - Epoc #	4440	 22.387717962265015
2023-07-13 05:16:03.286582 - Epoc #	4450	 23.97603702545166
2023-07-13 05:16:25.257142 - Epoc #	4460	 21.97056007385254
2023-07-13 05:16:46.802520 - Epoc #	4470	 21.54537796974182
2023-07-13 05:17:08.564744 - Epoc #	4480	 21.762223958969116
2023-07-13 05:17:30.383692 - Epoc #	4490	 21.8189480304718
2023-07-13 05:17:51.667687 - Epoc #	4500	 21.283994913101196
2023-07-13 05:18:13.106189 - Epoc #	4510	 21.438502073287964
2023-07-13 05:18:35.137054 - Epoc #	4520	 22.03086495399475
2023-07-13 05:18:56.152022 - Epoc #	4530	 21.014967918395996
2023-07-13 05:19:18.237695 - Epoc #	4540	 22.085673093795776
2023-07-13 05:19:39.658325 - Epoc #	4550	 21.42062997817993
2023-07-13 05:19:41.995325 - Time between reward step: #	-4424.20192193985
2023-07-13 05:19:41.995325 - Average Score: 22.00 Elapsed time: 2:46:16.528176
2023-07-13 05:19:44.454454 - Time between reward step: #	-4421.742793083191
2023-07-13 05:19:44.454454 - Average Score: 23.00 Elapsed time: 2:46:18.991082
2023-07-13 05:19:53.797000 - Time between reward step: #	-4412.400247097015
2023-07-13 05:19:53.797000 - Average Score: 24.00 Elapsed time: 2:46:28.322268
2023-07-13 05:20:02.626162 - Epoc #	4560	 22.96783709526062
2023-07-13 05:20:25.492245 - Epoc #	4570	 22.866082906723022
2023-07-13 05:20:31.980808 - Time between reward step: #	-4374.216439008713
2023-07-13 05:20:31.980808 - Average Score: 25.00 Elapsed time: 2:47:06.518314
2023-07-13 05:20:46.828907 - Epoc #	4580	 21.33666205406189
2023-07-13 05:21:02.882104 - Time between reward step: #	-4343.315143108368
2023-07-13 05:21:02.882104 - Average Score: 26.00 Elapsed time: 2:47:37.407974
2023-07-13 05:21:10.524219 - Epoc #	4590	 23.695312023162842
2023-07-13 05:21:34.853584 - Epoc #	4600	 24.329365015029907
2023-07-13 05:21:56.937921 - Epoc #	4610	 22.08433699607849
2023-07-13 05:22:18.766585 - Epoc #	4620	 21.82866406440735
2023-07-13 05:22:40.264466 - Epoc #	4630	 21.497880935668945
2023-07-13 05:23:02.000954 - Epoc #	4640	 21.736487865447998
2023-07-13 05:23:24.811024 - Epoc #	4650	 22.810070037841797
2023-07-13 05:23:47.407668 - Epoc #	4660	 22.596644163131714
2023-07-13 05:24:08.765096 - Epoc #	4670	 21.357427835464478
2023-07-13 05:24:30.640989 - Epoc #	4680	 21.875893115997314
2023-07-13 05:24:53.049022 - Epoc #	4690	 22.40803289413452
2023-07-13 05:25:15.353483 - Epoc #	4700	 22.304461002349854
2023-07-13 05:25:38.221738 - Epoc #	4710	 22.868255138397217
2023-07-13 05:25:58.836560 - Epoc #	4720	 20.614821910858154
2023-07-13 05:26:20.943198 - Epoc #	4730	 22.106637954711914
2023-07-13 05:26:42.529294 - Epoc #	4740	 21.586096048355103
2023-07-13 05:27:06.225872 - Epoc #	4750	 23.69657802581787
2023-07-13 05:27:27.112471 - Epoc #	4760	 20.88659906387329
2023-07-13 05:27:48.545985 - Epoc #	4770	 21.433513879776
2023-07-13 05:28:10.026866 - Epoc #	4780	 21.480880975723267
2023-07-13 05:28:32.445097 - Epoc #	4790	 22.41823101043701
2023-07-13 05:28:53.947269 - Epoc #	4800	 21.502171993255615
2023-07-13 05:29:15.401285 - Epoc #	4810	 21.454015970230103
2023-07-13 05:29:39.277431 - Epoc #	4820	 23.87614607810974
2023-07-13 05:30:01.093298 - Epoc #	4830	 21.815866947174072
2023-07-13 05:30:22.848168 - Epoc #	4840	 21.75486993789673
2023-07-13 05:30:43.631242 - Epoc #	4850	 20.783074140548706
2023-07-13 05:31:06.177050 - Epoc #	4860	 22.54580807685852
2023-07-13 05:31:29.582563 - Epoc #	4870	 23.405512809753418
2023-07-13 05:31:49.830204 - Epoc #	4880	 20.24764108657837
2023-07-13 05:32:12.134817 - Epoc #	4890	 22.30461287498474
2023-07-13 05:32:33.123259 - Epoc #	4900	 20.988442182540894
2023-07-13 05:32:54.966015 - Epoc #	4910	 21.842756032943726
2023-07-13 05:33:18.017464 - Epoc #	4920	 23.051448822021484
2023-07-13 05:33:39.396676 - Epoc #	4930	 21.379212141036987
2023-07-13 05:34:02.881929 - Epoc #	4940	 23.485252857208252
2023-07-13 05:34:25.570399 - Epoc #	4950	 22.688470125198364
2023-07-13 05:34:49.753864 - Epoc #	4960	 24.183465003967285
2023-07-13 05:35:11.979460 - Epoc #	4970	 22.225595951080322
2023-07-13 05:35:33.432091 - Epoc #	4980	 21.4526309967041
2023-07-13 05:35:54.837662 - Epoc #	4990	 21.40557098388672
2023-07-13 05:36:15.699984 - Epoc #	5000	 20.862322092056274
2023-07-13 05:36:38.617689 - Epoc #	5010	 22.917704820632935
2023-07-13 05:37:01.146866 - Epoc #	5020	 22.52917718887329
2023-07-13 05:37:24.591196 - Epoc #	5030	 23.444329977035522
2023-07-13 05:37:48.853114 - Epoc #	5040	 24.26191782951355
2023-07-13 05:38:11.512190 - Epoc #	5050	 22.65907621383667
2023-07-13 05:38:34.160785 - Epoc #	5060	 22.648594856262207
2023-07-13 05:38:57.407853 - Epoc #	5070	 23.24706792831421
2023-07-13 05:39:18.573559 - Epoc #	5080	 21.165706157684326
2023-07-13 05:39:41.398872 - Epoc #	5090	 22.825312852859497
2023-07-13 05:40:02.372285 - Time between reward step: #	-3203.8249621391296
2023-07-13 05:40:02.372285 - Average Score: 27.00 Elapsed time: 3:06:36.905171
2023-07-13 05:40:02.372285 - Epoc #	5100	 20.97341299057007
2023-07-13 05:40:06.898856 - Time between reward step: #	-3199.2983911037445
2023-07-13 05:40:06.898856 - Average Score: 28.00 Elapsed time: 3:06:41.426400
2023-07-13 05:40:24.369765 - Epoc #	5110	 21.997480154037476
2023-07-13 05:40:47.446026 - Epoc #	5120	 23.076261043548584
2023-07-13 05:41:09.690038 - Epoc #	5130	 22.244011878967285
2023-07-13 05:41:32.878311 - Epoc #	5140	 23.188272953033447
2023-07-13 05:41:55.471167 - Epoc #	5150	 22.59285616874695
2023-07-13 05:42:18.151537 - Epoc #	5160	 22.68036985397339
2023-07-13 05:42:39.400906 - Epoc #	5170	 21.249369144439697
2023-07-13 05:43:01.350959 - Epoc #	5180	 21.950052976608276
2023-07-13 05:43:22.814647 - Epoc #	5190	 21.463687896728516
2023-07-13 05:43:43.695563 - Epoc #	5200	 20.880916118621826
2023-07-13 05:44:05.188883 - Epoc #	5210	 21.493319988250732
2023-07-13 05:44:26.861276 - Epoc #	5220	 21.67239284515381
2023-07-13 05:44:50.431286 - Epoc #	5230	 23.5700101852417
2023-07-13 05:45:11.359743 - Epoc #	5240	 20.928457021713257
2023-07-13 05:45:32.822793 - Epoc #	5250	 21.46304988861084
2023-07-13 05:45:54.745116 - Epoc #	5260	 21.922322988510132
2023-07-13 05:46:18.119146 - Epoc #	5270	 23.374030113220215
2023-07-13 05:46:41.685786 - Epoc #	5280	 23.56663990020752
2023-07-13 05:47:03.194683 - Epoc #	5290	 21.508897066116333
2023-07-13 05:47:24.332343 - Epoc #	5300	 21.137660026550293
2023-07-13 05:47:46.359830 - Epoc #	5310	 22.02748680114746
2023-07-13 05:48:09.283456 - Epoc #	5320	 22.9236261844635
2023-07-13 05:48:31.047460 - Epoc #	5330	 21.76400399208069
2023-07-13 05:48:53.827913 - Epoc #	5340	 22.780452966690063
2023-07-13 05:49:15.167529 - Epoc #	5350	 21.339616060256958
2023-07-13 05:49:38.929477 - Epoc #	5360	 23.761947870254517
2023-07-13 05:50:01.667353 - Epoc #	5370	 22.737875938415527
2023-07-13 05:50:22.961800 - Epoc #	5380	 21.29444718360901
2023-07-13 05:50:46.014542 - Epoc #	5390	 23.05274200439453
2023-07-13 05:51:09.632363 - Epoc #	5400	 23.617820978164673
2023-07-13 05:51:31.910132 - Epoc #	5410	 22.277768850326538
2023-07-13 05:51:53.755348 - Epoc #	5420	 21.845216035842896
2023-07-13 05:52:15.337530 - Epoc #	5430	 21.582181930541992
2023-07-13 05:52:38.084432 - Epoc #	5440	 22.746901988983154
2023-07-13 05:52:59.365179 - Epoc #	5450	 21.280747175216675
2023-07-13 05:53:20.412598 - Epoc #	5460	 21.04741883277893
2023-07-13 05:53:43.981214 - Epoc #	5470	 23.568616151809692
2023-07-13 05:54:06.928423 - Epoc #	5480	 22.947208881378174
2023-07-13 05:54:32.632344 - Epoc #	5490	 25.70392107963562
2023-07-13 05:54:56.099606 - Epoc #	5500	 23.467262029647827
2023-07-13 05:55:20.283181 - Epoc #	5510	 24.18357491493225
2023-07-13 05:55:42.218118 - Epoc #	5520	 21.934937000274658
2023-07-13 05:56:03.915270 - Epoc #	5530	 21.697152137756348
2023-07-13 05:56:27.475892 - Epoc #	5540	 23.560621976852417
2023-07-13 05:56:50.264579 - Epoc #	5550	 22.788686990737915
2023-07-13 05:57:13.456073 - Epoc #	5560	 23.19149398803711
2023-07-13 05:57:34.606067 - Epoc #	5570	 21.149993896484375
2023-07-13 05:58:00.167866 - Epoc #	5580	 25.56179904937744
2023-07-13 05:58:23.378010 - Epoc #	5590	 23.21014404296875
2023-07-13 05:58:49.655791 - Epoc #	5600	 26.277781009674072
2023-07-13 05:59:13.959355 - Epoc #	5610	 24.303564071655273
2023-07-13 05:59:36.349163 - Epoc #	5620	 22.38980793952942
2023-07-13 05:59:59.212932 - Epoc #	5630	 22.863769054412842
2023-07-13 06:00:23.043452 - Epoc #	5640	 23.830519914627075
2023-07-13 06:00:47.085915 - Epoc #	5650	 24.042463064193726
2023-07-13 06:01:10.246691 - Epoc #	5660	 23.160775899887085
2023-07-13 06:01:32.936743 - Epoc #	5670	 22.690052032470703
2023-07-13 06:01:37.277337 - Time between reward step: #	-1908.919909954071
2023-07-13 06:01:37.277337 - Average Score: 29.00 Elapsed time: 3:28:11.809131
2023-07-13 06:01:39.718525 - Time between reward step: #	-1906.4787220954895
2023-07-13 06:01:39.718525 - Average Score: 30.00 Elapsed time: 3:28:14.249092
2023-07-13 06:01:46.748133 - Time between reward step: #	-1899.4491140842438
2023-07-13 06:01:46.748133 - Average Score: 31.00 Elapsed time: 3:28:21.270872
2023-07-13 06:01:57.642631 - Epoc #	5680	 24.705888032913208
2023-07-13 06:02:09.638337 - Time between reward step: #	-1876.5589101314545
2023-07-13 06:02:09.638337 - Average Score: 32.00 Elapsed time: 3:28:44.166452
2023-07-13 06:02:17.321718 - Time between reward step: #	-1868.875529050827
2023-07-13 06:02:17.321718 - Average Score: 33.00 Elapsed time: 3:28:51.851948
2023-07-13 06:02:21.721638 - Epoc #	5690	 24.079006910324097
2023-07-13 06:02:45.716111 - Epoc #	5700	 23.994472980499268
2023-07-13 06:03:08.362910 - Epoc #	5710	 22.646799087524414
2023-07-13 06:03:30.002056 - Epoc #	5720	 21.639145851135254
2023-07-13 06:03:51.742042 - Epoc #	5730	 21.739986181259155
2023-07-13 06:04:14.007592 - Epoc #	5740	 22.265549898147583
2023-07-13 06:04:38.666893 - Epoc #	5750	 24.659301042556763
2023-07-13 06:05:02.646261 - Epoc #	5760	 23.979367971420288
2023-07-13 06:05:24.127926 - Epoc #	5770	 21.48166513442993
2023-07-13 06:05:48.124414 - Epoc #	5780	 23.996487855911255
2023-07-13 06:06:12.206986 - Epoc #	5790	 24.082571983337402
2023-07-13 06:06:35.478090 - Epoc #	5800	 23.271104097366333
2023-07-13 06:06:59.177369 - Epoc #	5810	 23.699279069900513
2023-07-13 06:07:22.381209 - Epoc #	5820	 23.203839778900146
2023-07-13 06:07:44.130355 - Epoc #	5830	 21.749145984649658
2023-07-13 06:08:06.993588 - Epoc #	5840	 22.86323308944702
2023-07-13 06:08:28.218881 - Epoc #	5850	 21.225292921066284
2023-07-13 06:08:50.075826 - Epoc #	5860	 21.856945037841797
2023-07-13 06:09:11.692131 - Epoc #	5870	 21.616305112838745
2023-07-13 06:09:34.484220 - Epoc #	5880	 22.792088985443115
2023-07-13 06:09:57.282230 - Epoc #	5890	 22.798009872436523
2023-07-13 06:10:20.631241 - Epoc #	5900	 23.349011182785034
2023-07-13 06:10:42.803530 - Epoc #	5910	 22.17228889465332
2023-07-13 06:11:07.575632 - Epoc #	5920	 24.772102117538452
2023-07-13 06:11:30.883763 - Epoc #	5930	 23.308130979537964
2023-07-13 06:11:55.156379 - Epoc #	5940	 24.272615909576416
2023-07-13 06:12:19.890527 - Epoc #	5950	 24.734148025512695
2023-07-13 06:12:43.145700 - Epoc #	5960	 23.255172967910767
2023-07-13 06:13:06.381568 - Epoc #	5970	 23.235867977142334
2023-07-13 06:13:29.954637 - Epoc #	5980	 23.573069095611572
2023-07-13 06:13:53.012873 - Epoc #	5990	 23.05823588371277
2023-07-13 06:14:15.917591 - Epoc #	6000	 22.904718160629272
2023-07-13 06:14:38.899657 - Epoc #	6010	 22.9820659160614
2023-07-13 06:15:03.778850 - Epoc #	6020	 24.87919306755066
2023-07-13 06:15:25.712925 - Epoc #	6030	 21.934074878692627
2023-07-13 06:15:51.086090 - Epoc #	6040	 25.373165130615234
2023-07-13 06:16:12.110566 - Epoc #	6050	 21.024475812911987
2023-07-13 06:16:35.125882 - Epoc #	6060	 23.015316009521484
2023-07-13 06:17:00.430900 - Epoc #	6070	 25.305018186569214
2023-07-13 06:17:22.211897 - Epoc #	6080	 21.780996799468994
2023-07-13 06:17:46.838397 - Epoc #	6090	 24.626500129699707
2023-07-13 06:18:10.526083 - Epoc #	6100	 23.6876859664917
2023-07-13 06:18:35.020597 - Epoc #	6110	 24.494513988494873
2023-07-13 06:18:56.786406 - Epoc #	6120	 21.765809059143066
2023-07-13 06:19:20.468291 - Epoc #	6130	 23.68188500404358
2023-07-13 06:19:42.657188 - Epoc #	6140	 22.188896894454956
2023-07-13 06:20:06.001091 - Epoc #	6150	 23.343903064727783
2023-07-13 06:20:27.662228 - Epoc #	6160	 21.661137104034424
2023-07-13 06:20:49.705622 - Epoc #	6170	 22.043393850326538
2023-07-13 06:21:14.557244 - Epoc #	6180	 24.851622104644775
2023-07-13 06:21:37.813531 - Epoc #	6190	 23.25628685951233
2023-07-13 06:22:01.018626 - Epoc #	6200	 23.205095052719116
2023-07-13 06:22:24.282346 - Epoc #	6210	 23.26372003555298
2023-07-13 06:22:47.191873 - Epoc #	6220	 22.90952706336975
2023-07-13 06:23:10.058678 - Epoc #	6230	 22.866804838180542
2023-07-13 06:23:33.299272 - Epoc #	6240	 23.240594148635864
2023-07-13 06:23:56.329548 - Epoc #	6250	 23.03027582168579
2023-07-13 06:24:20.223361 - Epoc #	6260	 23.893813133239746
2023-07-13 06:24:44.643790 - Epoc #	6270	 24.42042899131775
2023-07-13 06:25:07.704395 - Epoc #	6280	 23.0606050491333
2023-07-13 06:25:30.479119 - Epoc #	6290	 22.774724006652832
2023-07-13 06:25:55.037991 - Epoc #	6300	 24.55887198448181
2023-07-13 06:26:21.810765 - Epoc #	6310	 26.77277398109436
2023-07-13 06:26:44.251303 - Epoc #	6320	 22.440537929534912
2023-07-13 06:27:08.110469 - Epoc #	6330	 23.859166145324707
2023-07-13 06:27:30.884204 - Epoc #	6340	 22.77373480796814
2023-07-13 06:27:57.000290 - Epoc #	6350	 26.11608600616455
2023-07-13 06:28:19.860013 - Epoc #	6360	 22.85972309112549
2023-07-13 06:28:43.372429 - Epoc #	6370	 23.512415885925293
2023-07-13 06:29:08.820226 - Epoc #	6380	 25.447797060012817
2023-07-13 06:29:21.805675 - Time between reward step: #	-244.3915719985962
2023-07-13 06:29:21.805675 - Average Score: 34.00 Elapsed time: 3:55:56.343182
2023-07-13 06:29:34.397632 - Epoc #	6390	 25.57740592956543
2023-07-13 06:29:56.173850 - Epoc #	6400	 21.77621817588806
2023-07-13 06:30:18.658680 - Epoc #	6410	 22.484829902648926
2023-07-13 06:30:43.830619 - Epoc #	6420	 25.17193913459778
2023-07-13 06:31:06.472959 - Epoc #	6430	 22.642339944839478
2023-07-13 06:31:30.401563 - Epoc #	6440	 23.928603887557983
2023-07-13 06:31:53.178125 - Epoc #	6450	 22.776561975479126
2023-07-13 06:32:15.211432 - Epoc #	6460	 22.03330707550049
2023-07-13 06:32:37.214931 - Epoc #	6470	 22.003499031066895
2023-07-13 06:32:58.766059 - Epoc #	6480	 21.551127910614014
2023-07-13 06:33:20.763817 - Epoc #	6490	 21.997758150100708
2023-07-13 06:33:42.844498 - Epoc #	6500	 22.08068084716797
2023-07-13 06:34:05.199995 - Epoc #	6510	 22.355497121810913
2023-07-13 06:34:28.346022 - Epoc #	6520	 23.146026849746704
2023-07-13 06:34:51.422188 - Epoc #	6530	 23.0761661529541
2023-07-13 06:35:14.675620 - Epoc #	6540	 23.253432035446167
2023-07-13 06:35:38.431233 - Epoc #	6550	 23.75561285018921
2023-07-13 06:36:00.359513 - Epoc #	6560	 21.928280115127563
2023-07-13 06:36:23.861029 - Epoc #	6570	 23.501515865325928
2023-07-13 06:36:46.560320 - Epoc #	6580	 22.699290990829468
2023-07-13 06:37:10.009377 - Epoc #	6590	 23.44905710220337
2023-07-13 06:37:31.868957 - Epoc #	6600	 21.859580039978027
2023-07-13 06:37:54.498566 - Epoc #	6610	 22.629608869552612
2023-07-13 06:38:17.442780 - Epoc #	6620	 22.94421410560608
2023-07-13 06:38:42.561662 - Epoc #	6630	 25.118881940841675
2023-07-13 06:39:07.015190 - Epoc #	6640	 24.45352792739868
2023-07-13 06:39:28.966992 - Epoc #	6650	 21.951802015304565
2023-07-13 06:39:52.390768 - Epoc #	6660	 23.423776149749756
2023-07-13 06:40:14.894723 - Epoc #	6670	 22.503954887390137
2023-07-13 06:40:43.058613 - Epoc #	6680	 28.16389012336731
2023-07-13 06:41:06.667517 - Epoc #	6690	 23.608903884887695
2023-07-13 06:41:29.974663 - Epoc #	6700	 23.307146072387695
2023-07-13 06:41:51.553115 - Epoc #	6710	 21.57845187187195
2023-07-13 06:42:15.581946 - Epoc #	6720	 24.028831005096436
2023-07-13 06:42:39.669616 - Epoc #	6730	 24.08767008781433
2023-07-13 06:43:02.967052 - Epoc #	6740	 23.297435998916626
2023-07-13 06:43:27.014038 - Epoc #	6750	 24.04698610305786
2023-07-13 06:43:50.788292 - Epoc #	6760	 23.774253845214844
2023-07-13 06:44:12.930048 - Epoc #	6770	 22.141756057739258
2023-07-13 06:44:37.645026 - Epoc #	6780	 24.714977979660034
2023-07-13 06:45:01.203931 - Epoc #	6790	 23.558905124664307
2023-07-13 06:45:23.112072 - Epoc #	6800	 21.908140897750854
2023-07-13 06:45:47.003618 - Epoc #	6810	 23.89154601097107
2023-07-13 06:46:08.776722 - Epoc #	6820	 21.773103952407837
2023-07-13 06:46:32.964409 - Epoc #	6830	 24.187687158584595
2023-07-13 06:46:56.599570 - Epoc #	6840	 23.63516092300415
2023-07-13 06:47:20.331262 - Epoc #	6850	 23.73169207572937
2023-07-13 06:47:43.969632 - Epoc #	6860	 23.63836979866028
2023-07-13 06:48:06.635812 - Epoc #	6870	 22.66618013381958
2023-07-13 06:48:29.115959 - Epoc #	6880	 22.480146884918213
2023-07-13 06:48:53.116007 - Epoc #	6890	 24.00004816055298
2023-07-13 06:49:16.594311 - Epoc #	6900	 23.478303909301758
2023-07-13 06:49:40.526322 - Epoc #	6910	 23.932010889053345
2023-07-13 06:50:04.590338 - Epoc #	6920	 24.064016103744507
2023-07-13 06:50:26.959520 - Epoc #	6930	 22.369182109832764
2023-07-13 06:50:50.219933 - Epoc #	6940	 23.26041293144226
2023-07-13 06:51:13.657283 - Epoc #	6950	 23.437350034713745
2023-07-13 06:51:37.954216 - Epoc #	6960	 24.29693293571472
2023-07-13 06:51:46.995644 - Time between reward step: #	1100.798397064209
2023-07-13 06:51:46.995644 - Average Score: 35.00 Elapsed time: 4:18:21.521371
2023-07-13 06:52:00.160401 - Epoc #	6970	 22.20618510246277
2023-07-13 06:52:11.028640 - Time between reward step: #	1124.8313930034637
2023-07-13 06:52:11.028640 - Average Score: 36.00 Elapsed time: 4:18:45.553225
2023-07-13 06:52:23.899639 - Time between reward step: #	1137.7023918628693
2023-07-13 06:52:23.915262 - Average Score: 37.00 Elapsed time: 4:18:58.437386
2023-07-13 06:52:23.915262 - Epoc #	6980	 23.754860877990723
2023-07-13 06:52:47.501536 - Epoc #	6990	 23.586273908615112
2023-07-13 06:53:10.764158 - Epoc #	7000	 23.262622117996216
2023-07-13 06:53:32.669031 - Epoc #	7010	 21.90487289428711
2023-07-13 06:53:54.296556 - Epoc #	7020	 21.627525091171265
2023-07-13 06:54:15.846004 - Epoc #	7030	 21.549448013305664
2023-07-13 06:54:37.991991 - Epoc #	7040	 22.145987033843994
2023-07-13 06:54:59.845304 - Epoc #	7050	 21.853312969207764
2023-07-13 06:55:23.449192 - Epoc #	7060	 23.603888034820557
2023-07-13 06:55:46.722930 - Epoc #	7070	 23.273737907409668
2023-07-13 06:56:10.076071 - Epoc #	7080	 23.35314106941223
2023-07-13 06:56:31.916591 - Epoc #	7090	 21.840519905090332
2023-07-13 06:56:54.754896 - Epoc #	7100	 22.83830499649048
2023-07-13 06:57:16.806259 - Epoc #	7110	 22.051362991333008
2023-07-13 06:57:39.605829 - Epoc #	7120	 22.799570083618164
2023-07-13 06:58:02.007401 - Epoc #	7130	 22.40157198905945
2023-07-13 06:58:25.012339 - Epoc #	7140	 23.00493812561035
2023-07-13 06:58:46.945510 - Epoc #	7150	 21.933170795440674
2023-07-13 06:59:10.054461 - Epoc #	7160	 23.108951091766357
2023-07-13 06:59:31.440138 - Epoc #	7170	 21.385677099227905
2023-07-13 06:59:54.795700 - Epoc #	7180	 23.35556197166443
2023-07-13 07:00:17.852468 - Epoc #	7190	 23.05676794052124
2023-07-13 07:00:40.310690 - Epoc #	7200	 22.458221912384033
2023-07-13 07:01:03.400528 - Epoc #	7210	 23.0898380279541
2023-07-13 07:01:27.163729 - Epoc #	7220	 23.763200998306274
2023-07-13 07:01:50.742834 - Epoc #	7230	 23.579105138778687
2023-07-13 07:02:14.588437 - Epoc #	7240	 23.845602989196777
2023-07-13 07:02:33.156105 - Time between reward step: #	1746.958858013153
2023-07-13 07:02:33.156105 - Average Score: 38.00 Elapsed time: 4:29:07.687477
2023-07-13 07:02:37.483445 - Epoc #	7250	 22.895007848739624
2023-07-13 07:02:59.931377 - Epoc #	7260	 22.44793200492859
2023-07-13 07:03:23.039489 - Epoc #	7270	 23.1081120967865
2023-07-13 07:03:45.403786 - Epoc #	7280	 22.364296913146973
2023-07-13 07:04:05.973435 - Time between reward step: #	1839.7761878967285
2023-07-13 07:04:05.973435 - Average Score: 39.00 Elapsed time: 4:30:40.510144
2023-07-13 07:04:08.065741 - Epoc #	7290	 22.66195511817932
2023-07-13 07:04:14.556996 - Time between reward step: #	1848.3597490787506
2023-07-13 07:04:14.556996 - Average Score: 40.00 Elapsed time: 4:30:49.080004
2023-07-13 07:04:21.770235 - Time between reward step: #	1855.5729880332947
2023-07-13 07:04:21.770235 - Average Score: 41.00 Elapsed time: 4:30:56.292663
2023-07-13 07:04:32.443917 - Epoc #	7300	 24.378175973892212
2023-07-13 07:04:56.063427 - Epoc #	7310	 23.61950993537903
2023-07-13 07:05:17.808075 - Epoc #	7320	 21.744647979736328
2023-07-13 07:05:31.465092 - Time between reward step: #	1925.26784491539
2023-07-13 07:05:31.465092 - Average Score: 42.00 Elapsed time: 4:32:06.000168
2023-07-13 07:05:42.384817 - Epoc #	7330	 24.576741933822632
2023-07-13 07:06:06.168661 - Epoc #	7340	 23.783844232559204
2023-07-13 07:06:29.430968 - Epoc #	7350	 23.262306928634644
2023-07-13 07:06:51.183558 - Epoc #	7360	 21.75258994102478
2023-07-13 07:07:14.449175 - Epoc #	7370	 23.26561689376831
2023-07-13 07:07:38.016066 - Epoc #	7380	 23.566891193389893
2023-07-13 07:08:02.037698 - Epoc #	7390	 24.021631956100464
2023-07-13 07:08:24.617646 - Epoc #	7400	 22.57994794845581
2023-07-13 07:08:49.081928 - Epoc #	7410	 24.464282035827637
2023-07-13 07:09:12.280979 - Epoc #	7420	 23.199050903320312
2023-07-13 07:09:34.824403 - Epoc #	7430	 22.543424129486084
2023-07-13 07:09:57.388288 - Epoc #	7440	 22.563884973526
2023-07-13 07:10:19.296258 - Epoc #	7450	 21.90796995162964
2023-07-13 07:10:41.209091 - Epoc #	7460	 21.912832975387573
2023-07-13 07:11:04.009366 - Epoc #	7470	 22.800275087356567
2023-07-13 07:11:26.416895 - Epoc #	7480	 22.4075288772583
2023-07-13 07:11:49.900882 - Epoc #	7490	 23.4839870929718
2023-07-13 07:12:12.241579 - Epoc #	7500	 22.340697050094604
2023-07-13 07:12:37.011338 - Epoc #	7510	 24.769758939743042
2023-07-13 07:13:01.234073 - Epoc #	7520	 24.222734928131104
2023-07-13 07:13:25.333615 - Epoc #	7530	 24.099542140960693
2023-07-13 07:13:48.441398 - Epoc #	7540	 23.10778284072876
2023-07-13 07:14:09.946413 - Epoc #	7550	 21.5050151348114
2023-07-13 07:14:32.976264 - Epoc #	7560	 23.029850959777832
2023-07-13 07:14:55.887205 - Epoc #	7570	 22.910940885543823
2023-07-13 07:15:18.354034 - Epoc #	7580	 22.46682906150818
2023-07-13 07:15:42.416915 - Epoc #	7590	 24.062880992889404
2023-07-13 07:16:05.370058 - Epoc #	7600	 22.95314311981201
2023-07-13 07:16:28.045236 - Epoc #	7610	 22.675178050994873
2023-07-13 07:16:53.183242 - Epoc #	7620	 25.13800597190857
2023-07-13 07:17:16.284776 - Epoc #	7630	 23.101533889770508
2023-07-13 07:17:37.628490 - Epoc #	7640	 21.343713998794556
2023-07-13 07:18:00.638523 - Epoc #	7650	 23.010033130645752
2023-07-13 07:18:22.783046 - Epoc #	7660	 22.14452290534973
2023-07-13 07:18:45.121122 - Epoc #	7670	 22.338075876235962
2023-07-13 07:19:08.709506 - Epoc #	7680	 23.58838415145874
2023-07-13 07:19:11.188509 - Time between reward step: #	2744.991261959076
2023-07-13 07:19:11.188509 - Average Score: 43.00 Elapsed time: 4:45:45.713850
2023-07-13 07:19:32.105168 - Epoc #	7690	 23.39566206932068
2023-07-13 07:19:41.154714 - Time between reward step: #	2774.9574670791626
2023-07-13 07:19:41.154714 - Average Score: 44.00 Elapsed time: 4:46:15.685005
2023-07-13 07:19:43.644093 - Time between reward step: #	2777.446846008301
2023-07-13 07:19:43.644093 - Average Score: 45.00 Elapsed time: 4:46:18.179590
2023-07-13 07:19:56.021628 - Epoc #	7700	 23.916459798812866
2023-07-13 07:20:17.948891 - Epoc #	7710	 21.927263021469116
2023-07-13 07:20:23.489091 - Time between reward step: #	2817.291843891144
2023-07-13 07:20:23.489091 - Average Score: 46.00 Elapsed time: 4:46:58.022004
2023-07-13 07:20:42.045088 - Epoc #	7720	 24.0961971282959
2023-07-13 07:20:44.493270 - Time between reward step: #	2838.2960228919983
2023-07-13 07:20:44.493270 - Average Score: 47.00 Elapsed time: 4:47:19.016917
2023-07-13 07:21:04.617991 - Epoc #	7730	 22.57290291786194
2023-07-13 07:21:25.391948 - Time between reward step: #	2879.1947009563446
2023-07-13 07:21:25.391948 - Average Score: 48.00 Elapsed time: 4:47:59.922904
2023-07-13 07:21:28.046570 - Time between reward step: #	2881.8493230342865
2023-07-13 07:21:28.046570 - Average Score: 49.00 Elapsed time: 4:48:02.576399
2023-07-13 07:21:28.046570 - Epoc #	7740	 23.428579092025757
2023-07-13 07:21:35.477519 - Time between reward step: #	2889.2802720069885
2023-07-13 07:21:35.477519 - Average Score: 50.00 Elapsed time: 4:48:10.004357
2023-07-13 07:21:37.983156 - Time between reward step: #	2891.785908937454
2023-07-13 07:21:37.983156 - Average Score: 51.00 Elapsed time: 4:48:12.514983
2023-07-13 07:21:51.551251 - Epoc #	7750	 23.5046808719635
2023-07-13 07:22:13.352066 - Epoc #	7760	 21.800815105438232
2023-07-13 07:22:36.294245 - Epoc #	7770	 22.942178964614868
2023-07-13 07:22:58.383993 - Epoc #	7780	 22.0897479057312
2023-07-13 07:23:21.610191 - Epoc #	7790	 23.226198196411133
2023-07-13 07:23:44.802632 - Epoc #	7800	 23.1924409866333
2023-07-13 07:24:06.403081 - Epoc #	7810	 21.600448846817017
2023-07-13 07:24:28.958162 - Epoc #	7820	 22.555081129074097
2023-07-13 07:24:51.351736 - Epoc #	7830	 22.393573999404907
2023-07-13 07:25:14.956696 - Epoc #	7840	 23.604959964752197
2023-07-13 07:25:38.018224 - Epoc #	7850	 23.061527967453003
2023-07-13 07:26:00.364993 - Epoc #	7860	 22.346769094467163
2023-07-13 07:26:23.337476 - Epoc #	7870	 22.972482919692993
2023-07-13 07:26:44.649516 - Epoc #	7880	 21.312040090560913
2023-07-13 07:27:08.270249 - Epoc #	7890	 23.62073278427124
2023-07-13 07:27:31.256844 - Epoc #	7900	 22.986595153808594
2023-07-13 07:27:53.760957 - Epoc #	7910	 22.50411295890808
2023-07-13 07:28:16.614025 - Epoc #	7920	 22.853068113327026
2023-07-13 07:28:39.110179 - Epoc #	7930	 22.496153831481934
2023-07-13 07:29:02.081437 - Epoc #	7940	 22.97125816345215
2023-07-13 07:29:24.001483 - Epoc #	7950	 21.920045852661133
2023-07-13 07:29:49.516453 - Epoc #	7960	 25.514970064163208
2023-07-13 07:30:11.919735 - Epoc #	7970	 22.403281927108765
2023-07-13 07:30:33.372948 - Epoc #	7980	 21.45321297645569
2023-07-13 07:30:56.261616 - Epoc #	7990	 22.888668060302734
2023-07-13 07:31:21.545565 - Epoc #	8000	 25.28394889831543
2023-07-13 07:31:42.745333 - Epoc #	8010	 21.19976806640625
2023-07-13 07:32:05.775190 - Epoc #	8020	 23.02985715866089
2023-07-13 07:32:28.511383 - Epoc #	8030	 22.73619294166565
2023-07-13 07:32:50.370773 - Epoc #	8040	 21.859390020370483
2023-07-13 07:33:12.334589 - Epoc #	8050	 21.963815927505493
2023-07-13 07:33:35.161146 - Epoc #	8060	 22.82655692100525
2023-07-13 07:33:57.227889 - Epoc #	8070	 22.06674313545227
2023-07-13 07:34:20.709437 - Epoc #	8080	 23.481547832489014
2023-07-13 07:34:42.782273 - Epoc #	8090	 22.07283616065979
2023-07-13 07:35:06.246703 - Epoc #	8100	 23.46442985534668
2023-07-13 07:35:28.175841 - Epoc #	8110	 21.92913818359375
2023-07-13 07:35:50.548182 - Epoc #	8120	 22.37234091758728
2023-07-13 07:36:13.293050 - Epoc #	8130	 22.74486804008484
2023-07-13 07:36:34.978739 - Epoc #	8140	 21.685688972473145
2023-07-13 07:36:58.899619 - Epoc #	8150	 23.92088007926941
2023-07-13 07:37:22.208289 - Epoc #	8160	 23.308669805526733
2023-07-13 07:37:45.058613 - Epoc #	8170	 22.850324153900146
2023-07-13 07:38:08.613872 - Epoc #	8180	 23.555258989334106
2023-07-13 07:38:31.536151 - Epoc #	8190	 22.922278881072998
2023-07-13 07:38:55.160546 - Epoc #	8200	 23.62439513206482
2023-07-13 07:39:17.714914 - Epoc #	8210	 22.554368019104004
2023-07-13 07:39:40.768186 - Epoc #	8220	 23.053272008895874
2023-07-13 07:40:02.927756 - Epoc #	8230	 22.15956997871399
2023-07-13 07:40:27.584948 - Epoc #	8240	 24.65719199180603
2023-07-13 07:40:50.144608 - Epoc #	8250	 22.559659957885742
2023-07-13 07:41:15.777046 - Epoc #	8260	 25.63243794441223
2023-07-13 07:41:38.969559 - Epoc #	8270	 23.19251298904419
2023-07-13 07:42:02.659632 - Epoc #	8280	 23.690073013305664
2023-07-13 07:42:23.638793 - Epoc #	8290	 20.979161024093628
2023-07-13 07:42:47.059810 - Epoc #	8300	 23.421016931533813
2023-07-13 07:43:08.837775 - Epoc #	8310	 21.77796506881714
2023-07-13 07:43:33.210741 - Epoc #	8320	 24.372966051101685
2023-07-13 07:43:57.900558 - Epoc #	8330	 24.68981695175171
2023-07-13 07:44:19.753595 - Epoc #	8340	 21.853037118911743
2023-07-13 07:44:43.500810 - Epoc #	8350	 23.747214794158936
2023-07-13 07:45:06.518040 - Epoc #	8360	 23.01723003387451
2023-07-13 07:45:32.689540 - Epoc #	8370	 26.171499967575073
2023-07-13 07:45:55.023112 - Epoc #	8380	 22.333572149276733
2023-07-13 07:46:19.171043 - Epoc #	8390	 24.14793086051941
2023-07-13 07:46:42.887336 - Epoc #	8400	 23.71629309654236
2023-07-13 07:47:05.210471 - Epoc #	8410	 22.323134899139404
2023-07-13 07:47:29.047289 - Epoc #	8420	 23.836817979812622
2023-07-13 07:47:50.087990 - Epoc #	8430	 21.040701150894165
2023-07-13 07:48:12.869055 - Epoc #	8440	 22.781064987182617
2023-07-13 07:48:37.237203 - Epoc #	8450	 24.36814785003662
2023-07-13 07:49:00.164622 - Epoc #	8460	 22.927419185638428
2023-07-13 07:49:21.852135 - Epoc #	8470	 21.68751287460327
2023-07-13 07:49:44.399709 - Epoc #	8480	 22.547574043273926
2023-07-13 07:50:06.903140 - Epoc #	8490	 22.50343108177185
2023-07-13 07:50:30.966439 - Epoc #	8500	 24.06329894065857
2023-07-13 07:50:53.641258 - Epoc #	8510	 22.674818992614746
2023-07-13 07:51:16.464241 - Epoc #	8520	 22.822983026504517
2023-07-13 07:51:38.937827 - Epoc #	8530	 22.473586082458496
2023-07-13 07:52:01.166995 - Epoc #	8540	 22.229167938232422
2023-07-13 07:52:23.371933 - Epoc #	8550	 22.20493793487549
2023-07-13 07:52:47.638001 - Epoc #	8560	 24.26606798171997
2023-07-13 07:53:10.970315 - Epoc #	8570	 23.332314014434814
2023-07-13 07:53:34.351964 - Epoc #	8580	 23.381649017333984
2023-07-13 07:54:00.136822 - Epoc #	8590	 25.784857988357544
2023-07-13 07:54:23.782906 - Epoc #	8600	 23.64608407020569
2023-07-13 07:54:47.437291 - Epoc #	8610	 23.65438485145569
2023-07-13 07:55:10.276046 - Epoc #	8620	 22.838755130767822
2023-07-13 07:55:34.780355 - Epoc #	8630	 24.504308938980103
2023-07-13 07:55:57.110144 - Epoc #	8640	 22.32978892326355
2023-07-13 07:56:22.935734 - Epoc #	8650	 25.825590133666992
2023-07-13 07:56:49.445471 - Epoc #	8660	 26.509737014770508
2023-07-13 07:57:13.496579 - Epoc #	8670	 24.05110788345337
2023-07-13 07:57:39.063266 - Epoc #	8680	 25.56668710708618
2023-07-13 07:58:03.363611 - Epoc #	8690	 24.300344944000244
2023-07-13 07:58:29.220649 - Epoc #	8700	 25.857038021087646
2023-07-13 07:58:53.410013 - Epoc #	8710	 24.189363956451416
2023-07-13 07:59:10.088398 - Time between reward step: #	5143.8911509513855
2023-07-13 07:59:10.088398 - Average Score: 52.00 Elapsed time: 5:25:44.621167
2023-07-13 07:59:12.576416 - Time between reward step: #	5146.379168987274
2023-07-13 07:59:12.576416 - Average Score: 53.00 Elapsed time: 5:25:47.111886
2023-07-13 07:59:17.029000 - Epoc #	8720	 23.61898708343506
2023-07-13 07:59:42.499910 - Epoc #	8730	 25.47091007232666
2023-07-13 08:00:07.327504 - Epoc #	8740	 24.82759380340576
2023-07-13 08:00:29.657440 - Epoc #	8750	 22.329936027526855
2023-07-13 08:00:52.821879 - Epoc #	8760	 23.1644389629364
2023-07-13 08:01:16.334513 - Epoc #	8770	 23.51263403892517
2023-07-13 08:01:40.114161 - Epoc #	8780	 23.779648065567017
2023-07-13 08:02:03.354918 - Epoc #	8790	 23.24075698852539
2023-07-13 08:02:26.322693 - Epoc #	8800	 22.967775106430054
2023-07-13 08:02:52.499244 - Epoc #	8810	 26.17655086517334
2023-07-13 08:03:15.343463 - Epoc #	8820	 22.844218969345093
2023-07-13 08:03:39.925314 - Epoc #	8830	 24.5818510055542
2023-07-13 08:04:04.230694 - Epoc #	8840	 24.30538010597229
2023-07-13 08:04:28.108308 - Epoc #	8850	 23.87761402130127
2023-07-13 08:04:53.180566 - Epoc #	8860	 25.07225799560547
2023-07-13 08:05:16.330735 - Epoc #	8870	 23.150168895721436
2023-07-13 08:05:39.726253 - Epoc #	8880	 23.3955180644989
2023-07-13 08:06:03.974362 - Epoc #	8890	 24.248108863830566
2023-07-13 08:06:33.832227 - Epoc #	8900	 29.85786509513855
2023-07-13 08:06:57.116523 - Epoc #	8910	 23.2842960357666
2023-07-13 08:07:22.105494 - Epoc #	8920	 24.98897099494934
2023-07-13 08:07:45.931810 - Epoc #	8930	 23.826315879821777
2023-07-13 08:08:11.045845 - Epoc #	8940	 25.11403512954712
2023-07-13 08:08:34.909364 - Epoc #	8950	 23.863518953323364
2023-07-13 08:09:00.227220 - Epoc #	8960	 25.317856073379517
2023-07-13 08:09:23.283695 - Epoc #	8970	 23.056474924087524
2023-07-13 08:09:47.275914 - Epoc #	8980	 23.99221897125244
2023-07-13 08:10:11.527483 - Epoc #	8990	 24.251569032669067
2023-07-13 08:10:35.028051 - Epoc #	9000	 23.50056791305542
2023-07-13 08:10:39.951294 - Time between reward step: #	5833.754046916962
2023-07-13 08:10:39.951294 - Average Score: 54.00 Elapsed time: 5:37:14.485257
2023-07-13 08:10:58.717955 - Epoc #	9010	 23.68990421295166
2023-07-13 08:11:19.066809 - Time between reward step: #	5872.869561910629
2023-07-13 08:11:19.066809 - Average Score: 55.00 Elapsed time: 5:37:53.599754
2023-07-13 08:11:23.957458 - Epoc #	9020	 25.239502906799316
2023-07-13 08:11:46.233451 - Time between reward step: #	5900.036203861237
2023-07-13 08:11:46.233451 - Average Score: 56.00 Elapsed time: 5:38:20.770319
2023-07-13 08:11:48.669505 - Epoc #	9030	 24.71204686164856
2023-07-13 08:11:51.381813 - Time between reward step: #	5905.184566020966
2023-07-13 08:11:51.381813 - Average Score: 57.00 Elapsed time: 5:38:25.908385
2023-07-13 08:12:05.507066 - Time between reward step: #	5919.309818983078
2023-07-13 08:12:05.507066 - Average Score: 58.00 Elapsed time: 5:38:40.033300
2023-07-13 08:12:12.561096 - Time between reward step: #	5926.363848924637
2023-07-13 08:12:12.561096 - Average Score: 59.00 Elapsed time: 5:38:47.088121
2023-07-13 08:12:12.561096 - Epoc #	9040	 23.89159107208252
2023-07-13 08:12:36.616092 - Epoc #	9050	 24.054996013641357
2023-07-13 08:12:59.886479 - Epoc #	9060	 23.270386934280396
2023-07-13 08:13:22.819591 - Epoc #	9070	 22.933112144470215
2023-07-13 08:13:44.803140 - Epoc #	9080	 21.983548879623413
2023-07-13 08:14:06.816347 - Epoc #	9090	 22.013206958770752
2023-07-13 08:14:30.362967 - Epoc #	9100	 23.54662013053894
2023-07-13 08:14:53.025936 - Epoc #	9110	 22.66296887397766
2023-07-13 08:15:16.584508 - Epoc #	9120	 23.5585720539093
2023-07-13 08:15:40.370169 - Epoc #	9130	 23.785660982131958
2023-07-13 08:16:03.687118 - Epoc #	9140	 23.316949129104614
2023-07-13 08:16:27.266719 - Epoc #	9150	 23.579601049423218
2023-07-13 08:16:50.942752 - Epoc #	9160	 23.676032781600952
2023-07-13 08:17:14.016523 - Epoc #	9170	 23.073770999908447
2023-07-13 08:17:37.915950 - Epoc #	9180	 23.89942717552185
2023-07-13 08:18:02.420664 - Epoc #	9190	 24.504714012145996
2023-07-13 08:18:26.560160 - Epoc #	9200	 24.139495849609375
2023-07-13 08:18:51.528627 - Epoc #	9210	 24.968466997146606
2023-07-13 08:19:14.631091 - Epoc #	9220	 23.102464199066162
2023-07-13 08:19:37.913833 - Epoc #	9230	 23.28274178504944
2023-07-13 08:20:00.331488 - Epoc #	9240	 22.417654991149902
2023-07-13 08:20:22.451189 - Epoc #	9250	 22.119701147079468
2023-07-13 08:20:46.517866 - Epoc #	9260	 24.06667685508728
2023-07-13 08:21:09.791968 - Epoc #	9270	 23.274102210998535
2023-07-13 08:21:33.481253 - Epoc #	9280	 23.689284801483154
2023-07-13 08:21:57.200934 - Epoc #	9290	 23.71968102455139
2023-07-13 08:22:19.461373 - Epoc #	9300	 22.260439157485962
2023-07-13 08:22:42.093963 - Epoc #	9310	 22.63258981704712
2023-07-13 08:23:07.417050 - Epoc #	9320	 25.323086977005005
2023-07-13 08:23:31.281313 - Epoc #	9330	 23.86426305770874
2023-07-13 08:23:54.744752 - Epoc #	9340	 23.463438987731934
2023-07-13 08:24:18.792313 - Epoc #	9350	 24.047561168670654
2023-07-13 08:24:41.559270 - Epoc #	9360	 22.76695680618286
2023-07-13 08:25:04.294231 - Epoc #	9370	 22.73496103286743
2023-07-13 08:25:27.436237 - Epoc #	9380	 23.142006158828735
2023-07-13 08:25:50.683881 - Epoc #	9390	 23.24764394760132
2023-07-13 08:26:13.584457 - Epoc #	9400	 22.900575876235962
2023-07-13 08:26:35.710334 - Epoc #	9410	 22.125877141952515
2023-07-13 08:26:59.064714 - Epoc #	9420	 23.354379892349243
2023-07-13 08:27:22.243434 - Epoc #	9430	 23.178719997406006
2023-07-13 08:27:45.910179 - Epoc #	9440	 23.66674494743347
2023-07-13 08:28:10.733217 - Epoc #	9450	 24.82303810119629
2023-07-13 08:28:34.755148 - Epoc #	9460	 24.021930932998657
2023-07-13 08:28:57.176795 - Epoc #	9470	 22.42164707183838
2023-07-13 08:29:20.147676 - Epoc #	9480	 22.97088098526001
2023-07-13 08:29:43.256693 - Epoc #	9490	 23.10901689529419
2023-07-13 08:30:06.812210 - Epoc #	9500	 23.555517196655273
2023-07-13 08:30:30.301059 - Epoc #	9510	 23.48884892463684
2023-07-13 08:30:56.086751 - Epoc #	9520	 25.78569197654724
2023-07-13 08:31:20.898761 - Epoc #	9530	 24.812010049819946
2023-07-13 08:31:43.023730 - Epoc #	9540	 22.124969005584717
2023-07-13 08:32:05.057311 - Epoc #	9550	 22.033581018447876
2023-07-13 08:32:29.328902 - Epoc #	9560	 24.27159094810486
2023-07-13 08:32:53.797996 - Epoc #	9570	 24.469094038009644
2023-07-13 08:33:17.172996 - Epoc #	9580	 23.375
2023-07-13 08:33:40.275895 - Epoc #	9590	 23.102899074554443
2023-07-13 08:34:05.018536 - Epoc #	9600	 24.74264097213745
2023-07-13 08:34:27.452250 - Epoc #	9610	 22.433713912963867
2023-07-13 08:34:52.374816 - Epoc #	9620	 24.922565937042236
2023-07-13 08:35:15.291872 - Epoc #	9630	 22.9170560836792
2023-07-13 08:35:42.118033 - Epoc #	9640	 26.82616090774536
2023-07-13 08:36:06.071450 - Epoc #	9650	 23.9534170627594
2023-07-13 08:36:29.805424 - Epoc #	9660	 23.73397397994995
2023-07-13 08:36:52.768412 - Epoc #	9670	 22.962988138198853
2023-07-13 08:37:16.424784 - Epoc #	9680	 23.65637183189392
2023-07-13 08:37:39.893367 - Epoc #	9690	 23.46858310699463
2023-07-13 08:38:04.563468 - Epoc #	9700	 24.670100927352905
2023-07-13 08:38:28.493121 - Epoc #	9710	 23.92965292930603
2023-07-13 08:38:53.775447 - Epoc #	9720	 25.282325983047485
2023-07-13 08:39:18.154413 - Epoc #	9730	 24.378966093063354
2023-07-13 08:39:41.947029 - Epoc #	9740	 23.79261612892151
2023-07-13 08:40:05.731993 - Epoc #	9750	 23.784963846206665
2023-07-13 08:40:28.657176 - Epoc #	9760	 22.925183057785034
2023-07-13 08:40:50.859282 - Epoc #	9770	 22.20210599899292
2023-07-13 08:41:16.531896 - Epoc #	9780	 25.672614097595215
2023-07-13 08:41:39.600063 - Epoc #	9790	 23.068166971206665
2023-07-13 08:42:03.086125 - Epoc #	9800	 23.486061811447144
2023-07-13 08:42:27.589110 - Epoc #	9810	 24.50298500061035
2023-07-13 08:42:52.327792 - Epoc #	9820	 24.73868203163147
2023-07-13 08:43:15.761607 - Epoc #	9830	 23.433815002441406
2023-07-13 08:43:39.198937 - Epoc #	9840	 23.4373300075531
2023-07-13 08:44:02.412178 - Epoc #	9850	 23.21324110031128
2023-07-13 08:44:26.629192 - Epoc #	9860	 24.21701407432556
2023-07-13 08:44:51.457488 - Epoc #	9870	 24.828295946121216
2023-07-13 08:45:16.158007 - Epoc #	9880	 24.70051884651184
2023-07-13 08:45:38.861544 - Epoc #	9890	 22.703536987304688
2023-07-13 08:46:03.286255 - Epoc #	9900	 24.424710988998413
2023-07-13 08:46:27.708323 - Epoc #	9910	 24.422068119049072
2023-07-13 08:46:52.611264 - Epoc #	9920	 24.90294098854065
2023-07-13 08:47:15.140088 - Epoc #	9930	 22.52882409095764
2023-07-13 08:47:38.793617 - Epoc #	9940	 23.653528928756714
2023-07-13 08:48:01.774761 - Epoc #	9950	 22.981143951416016
2023-07-13 08:48:24.399014 - Epoc #	9960	 22.624253034591675
2023-07-13 08:48:48.613171 - Epoc #	9970	 24.214157104492188
2023-07-13 08:49:13.969107 - Epoc #	9980	 25.35593581199646
2023-07-13 08:49:36.287480 - Epoc #	9990	 22.318373203277588
2023-07-13 08:49:59.656212 - Epoc #	10000	 23.36873197555542
2023-07-13 08:50:23.837383 - Epoc #	10010	 24.18117094039917
2023-07-13 08:50:47.301983 - Epoc #	10020	 23.464600086212158
2023-07-13 08:51:10.912984 - Epoc #	10030	 23.611000776290894
2023-07-13 08:51:34.478229 - Epoc #	10040	 23.565245151519775
2023-07-13 08:51:56.872148 - Epoc #	10050	 22.393918991088867
2023-07-13 08:52:18.590447 - Epoc #	10060	 21.71829891204834
2023-07-13 08:52:42.970518 - Epoc #	10070	 24.38007116317749
2023-07-13 08:53:06.221803 - Epoc #	10080	 23.25128483772278
2023-07-13 08:53:29.273188 - Epoc #	10090	 23.051385164260864
2023-07-13 08:53:52.106415 - Epoc #	10100	 22.833226919174194
2023-07-13 08:54:14.157914 - Epoc #	10110	 22.051498889923096
2023-07-13 08:54:36.619145 - Epoc #	10120	 22.461230993270874
2023-07-13 08:54:59.408936 - Epoc #	10130	 22.789791107177734
2023-07-13 08:55:22.811030 - Epoc #	10140	 23.4020938873291
2023-07-13 08:55:45.795125 - Epoc #	10150	 22.984095096588135
2023-07-13 08:55:57.537774 - Time between reward step: #	8551.340527057648
2023-07-13 08:55:57.537774 - Average Score: 60.00 Elapsed time: 6:22:32.060782
2023-07-13 08:56:08.835414 - Epoc #	10160	 23.0402889251709
2023-07-13 08:56:30.731718 - Epoc #	10170	 21.8963041305542
2023-07-13 08:56:53.401417 - Epoc #	10180	 22.66969895362854
2023-07-13 08:57:16.956441 - Epoc #	10190	 23.555023908615112
2023-07-13 08:57:40.143640 - Epoc #	10200	 23.187199115753174
2023-07-13 08:58:02.722888 - Epoc #	10210	 22.57924795150757
2023-07-13 08:58:25.053069 - Epoc #	10220	 22.330181121826172
2023-07-13 08:58:47.674723 - Epoc #	10230	 22.62165379524231
2023-07-13 08:59:11.717371 - Epoc #	10240	 24.04264807701111
2023-07-13 08:59:33.984721 - Epoc #	10250	 22.2673499584198
2023-07-13 08:59:55.606688 - Epoc #	10260	 21.62196707725525
2023-07-13 09:00:19.401341 - Epoc #	10270	 23.794652938842773
2023-07-13 09:00:42.951996 - Epoc #	10280	 23.550655126571655
2023-07-13 09:01:05.576102 - Epoc #	10290	 22.62410593032837
2023-07-13 09:01:29.271976 - Epoc #	10300	 23.695873975753784
2023-07-13 09:01:51.480484 - Epoc #	10310	 22.208508014678955
2023-07-13 09:02:13.868778 - Epoc #	10320	 22.388293981552124
2023-07-13 09:02:36.225573 - Epoc #	10330	 22.356795072555542
2023-07-13 09:02:58.044271 - Epoc #	10340	 21.818697929382324
2023-07-13 09:03:21.702808 - Epoc #	10350	 23.658536911010742
2023-07-13 09:03:45.418021 - Epoc #	10360	 23.71521306037903
2023-07-13 09:04:07.604250 - Epoc #	10370	 22.18622899055481
2023-07-13 09:04:30.411703 - Epoc #	10380	 22.807453155517578
2023-07-13 09:04:53.056061 - Epoc #	10390	 22.644357919692993
2023-07-13 09:05:16.364733 - Epoc #	10400	 23.308671951293945
2023-07-13 09:05:38.601224 - Epoc #	10410	 22.236490964889526
2023-07-13 09:06:01.560710 - Epoc #	10420	 22.95948600769043
2023-07-13 09:06:22.087139 - Epoc #	10430	 20.526428937911987
2023-07-13 09:06:44.274454 - Epoc #	10440	 22.187315225601196
2023-07-13 09:07:07.023876 - Epoc #	10450	 22.74942183494568
2023-07-13 09:07:29.615522 - Epoc #	10460	 22.59164595603943
2023-07-13 09:07:53.859080 - Epoc #	10470	 24.243558168411255
2023-07-13 09:08:15.772028 - Epoc #	10480	 21.9129478931427
2023-07-13 09:08:39.323603 - Epoc #	10490	 23.55157494544983
2023-07-13 09:09:02.514192 - Epoc #	10500	 23.19058918952942
2023-07-13 09:09:26.310564 - Epoc #	10510	 23.796371936798096
2023-07-13 09:09:48.561430 - Epoc #	10520	 22.250865936279297
2023-07-13 09:10:13.498045 - Epoc #	10530	 24.936614990234375
2023-07-13 09:10:37.262203 - Epoc #	10540	 23.764158010482788
2023-07-13 09:11:00.044555 - Epoc #	10550	 22.782351970672607
2023-07-13 09:11:23.168352 - Epoc #	10560	 23.123796939849854
2023-07-13 09:11:45.515124 - Epoc #	10570	 22.34677219390869
2023-07-13 09:12:08.394954 - Epoc #	10580	 22.87982988357544
2023-07-13 09:12:31.674728 - Epoc #	10590	 23.279773950576782
2023-07-13 09:12:54.817032 - Epoc #	10600	 23.142304182052612
2023-07-13 09:13:18.129426 - Epoc #	10610	 23.3123939037323
2023-07-13 09:13:40.980037 - Epoc #	10620	 22.850610971450806
2023-07-13 09:14:04.580207 - Epoc #	10630	 23.600170135498047
2023-07-13 09:14:27.273074 - Epoc #	10640	 22.692866802215576
2023-07-13 09:14:50.398746 - Epoc #	10650	 23.125672101974487
2023-07-13 09:15:12.295866 - Epoc #	10660	 21.897119998931885
2023-07-13 09:15:34.844446 - Epoc #	10670	 22.548579931259155
2023-07-13 09:15:57.948498 - Epoc #	10680	 23.10405206680298
2023-07-13 09:16:21.879125 - Epoc #	10690	 23.93062710762024
2023-07-13 09:16:43.749915 - Epoc #	10700	 21.870789766311646
2023-07-13 09:17:05.774319 - Epoc #	10710	 22.024404048919678
2023-07-13 09:17:28.539434 - Epoc #	10720	 22.7651150226593
2023-07-13 09:17:53.563589 - Epoc #	10730	 25.024155139923096
2023-07-13 09:18:15.832736 - Epoc #	10740	 22.26914691925049
2023-07-13 09:18:37.941280 - Epoc #	10750	 22.108543872833252
2023-07-13 09:19:02.356427 - Epoc #	10760	 24.415147066116333
2023-07-13 09:19:24.405547 - Epoc #	10770	 22.04911994934082
2023-07-13 09:19:47.929618 - Epoc #	10780	 23.524070978164673
2023-07-13 09:20:10.780492 - Epoc #	10790	 22.850874185562134
2023-07-13 09:20:31.771795 - Epoc #	10800	 20.991302967071533
2023-07-13 09:20:53.796577 - Epoc #	10810	 22.024781942367554
2023-07-13 09:21:17.890838 - Epoc #	10820	 24.094260931015015
2023-07-13 09:21:41.095668 - Epoc #	10830	 23.204830169677734
2023-07-13 09:22:03.512994 - Epoc #	10840	 22.417325973510742
2023-07-13 09:22:26.620204 - Epoc #	10850	 23.10720992088318
2023-07-13 09:22:48.452548 - Epoc #	10860	 21.83234405517578
2023-07-13 09:23:11.555289 - Epoc #	10870	 23.1027410030365
2023-07-13 09:23:34.355576 - Epoc #	10880	 22.800287008285522
2023-07-13 09:23:56.718227 - Epoc #	10890	 22.362650871276855
2023-07-13 09:24:18.676658 - Epoc #	10900	 21.958431005477905
2023-07-13 09:24:42.691446 - Epoc #	10910	 24.014788150787354
2023-07-13 09:25:05.159674 - Epoc #	10920	 22.468227863311768
2023-07-13 09:25:28.270244 - Epoc #	10930	 23.110569953918457
2023-07-13 09:25:50.209100 - Epoc #	10940	 21.93885612487793
2023-07-13 09:26:12.722517 - Epoc #	10950	 22.51341700553894
2023-07-13 09:26:36.694759 - Epoc #	10960	 23.97224187850952
2023-07-13 09:26:59.251860 - Epoc #	10970	 22.557101011276245
2023-07-13 09:27:21.489658 - Epoc #	10980	 22.23779821395874
2023-07-13 09:27:45.098479 - Epoc #	10990	 23.608820915222168
2023-07-13 09:28:06.867815 - Epoc #	11000	 21.769335985183716
2023-07-13 09:28:29.152835 - Epoc #	11010	 22.285019874572754
2023-07-13 09:28:52.273771 - Epoc #	11020	 23.120936155319214
2023-07-13 09:29:14.941077 - Epoc #	11030	 22.667305946350098
2023-07-13 09:29:37.729749 - Epoc #	11040	 22.78867197036743
2023-07-13 09:30:01.343243 - Epoc #	11050	 23.61349391937256
2023-07-13 09:30:23.945495 - Epoc #	11060	 22.60225200653076
2023-07-13 09:30:45.119675 - Epoc #	11070	 21.174180030822754
2023-07-13 09:31:08.788598 - Epoc #	11080	 23.668923139572144
2023-07-13 09:31:32.417357 - Epoc #	11090	 23.628758907318115
2023-07-13 09:31:56.712649 - Epoc #	11100	 24.295292139053345
2023-07-13 09:32:20.071023 - Epoc #	11110	 23.358373880386353
2023-07-13 09:32:34.139157 - Time between reward step: #	10747.941910028458
2023-07-13 09:32:34.139157 - Average Score: 61.00 Elapsed time: 6:59:08.664042
2023-07-13 09:32:36.657250 - Time between reward step: #	10750.46000289917
2023-07-13 09:32:36.657250 - Average Score: 62.00 Elapsed time: 6:59:11.184381
2023-07-13 09:32:43.911349 - Epoc #	11120	 23.840326070785522
2023-07-13 09:32:51.157333 - Time between reward step: #	10764.960085868835
2023-07-13 09:32:51.157333 - Average Score: 63.00 Elapsed time: 6:59:25.693424
2023-07-13 09:32:58.284947 - Time between reward step: #	10772.087699890137
2023-07-13 09:32:58.284947 - Average Score: 64.00 Elapsed time: 6:59:32.813912
2023-07-13 09:33:07.557884 - Time between reward step: #	10781.36063694954
2023-07-13 09:33:07.557884 - Average Score: 65.00 Elapsed time: 6:59:42.083481
2023-07-13 09:33:07.557884 - Epoc #	11130	 23.64653491973877
2023-07-13 09:33:09.808616 - Time between reward step: #	10783.611368894577
2023-07-13 09:33:09.808616 - Average Score: 66.00 Elapsed time: 6:59:44.339129
2023-07-13 09:33:17.247255 - Time between reward step: #	10791.050008058548
2023-07-13 09:33:17.247255 - Average Score: 67.00 Elapsed time: 6:59:51.772522
2023-07-13 09:33:28.581845 - Time between reward step: #	10802.384598016739
2023-07-13 09:33:28.581845 - Average Score: 68.00 Elapsed time: 7:00:03.106970
2023-07-13 09:33:31.011790 - Epoc #	11140	 23.453906059265137
2023-07-13 09:33:35.727588 - Time between reward step: #	10809.530340909958
2023-07-13 09:33:35.727588 - Average Score: 69.00 Elapsed time: 7:00:10.263866
2023-07-13 09:33:38.239235 - Time between reward step: #	10812.041987895966
2023-07-13 09:33:38.239235 - Average Score: 70.00 Elapsed time: 7:00:12.765354
2023-07-13 09:33:45.691142 - Time between reward step: #	10819.493895053864
2023-07-13 09:33:45.691142 - Average Score: 71.00 Elapsed time: 7:00:20.218832
2023-07-13 09:33:55.160843 - Epoc #	11150	 24.14905285835266
2023-07-13 09:34:04.332830 - Time between reward step: #	10838.13558292389
2023-07-13 09:34:04.332830 - Average Score: 72.00 Elapsed time: 7:00:38.866560
2023-07-13 09:34:06.873411 - Time between reward step: #	10840.67616391182
2023-07-13 09:34:06.873411 - Average Score: 73.00 Elapsed time: 7:00:41.397794
2023-07-13 09:34:11.107332 - Time between reward step: #	10844.910084962845
2023-07-13 09:34:11.107332 - Average Score: 74.00 Elapsed time: 7:00:45.631094
2023-07-13 09:34:18.561717 - Epoc #	11160	 23.400874137878418
2023-07-13 09:34:29.029629 - Time between reward step: #	10862.83238196373
2023-07-13 09:34:29.029629 - Average Score: 75.00 Elapsed time: 7:01:03.558517
2023-07-13 09:34:31.396190 - Time between reward step: #	10865.198942899704
2023-07-13 09:34:31.396190 - Average Score: 76.00 Elapsed time: 7:01:05.927916
2023-07-13 09:34:35.998928 - Time between reward step: #	10869.801681041718
2023-07-13 09:34:35.998928 - Average Score: 77.00 Elapsed time: 7:01:10.521880
2023-07-13 09:34:38.442570 - Time between reward step: #	10872.245322942734
2023-07-13 09:34:38.442570 - Average Score: 78.00 Elapsed time: 7:01:12.975383
2023-07-13 09:34:40.877530 - Time between reward step: #	10874.68028306961
2023-07-13 09:34:40.877530 - Average Score: 79.00 Elapsed time: 7:01:15.406657
2023-07-13 09:34:43.355646 - Time between reward step: #	10877.158398866653
2023-07-13 09:34:43.355646 - Average Score: 80.00 Elapsed time: 7:01:17.885159
2023-07-13 09:34:43.355646 - Epoc #	11170	 24.793928861618042
2023-07-13 09:35:05.500527 - Epoc #	11180	 22.144881010055542
2023-07-13 09:35:28.246832 - Epoc #	11190	 22.746304988861084
2023-07-13 09:35:52.342134 - Epoc #	11200	 24.09530210494995
2023-07-13 09:36:16.080081 - Epoc #	11210	 23.7379469871521
2023-07-13 09:36:38.389993 - Epoc #	11220	 22.309911966323853
2023-07-13 09:37:01.595653 - Epoc #	11230	 23.205660104751587
2023-07-13 09:37:25.000669 - Epoc #	11240	 23.40501594543457
2023-07-13 09:37:48.556805 - Epoc #	11250	 23.556135892868042
2023-07-13 09:38:12.060987 - Epoc #	11260	 23.50418210029602
2023-07-13 09:38:34.605640 - Epoc #	11270	 22.544652938842773
2023-07-13 09:38:56.497123 - Epoc #	11280	 21.891483068466187
2023-07-13 09:39:20.540812 - Epoc #	11290	 24.043689012527466
2023-07-13 09:39:42.837189 - Epoc #	11300	 22.296376943588257
2023-07-13 09:40:05.654949 - Epoc #	11310	 22.81775999069214
2023-07-13 09:40:28.907888 - Epoc #	11320	 23.252938985824585
2023-07-13 09:40:51.213951 - Epoc #	11330	 22.306063175201416
2023-07-13 09:41:14.421840 - Epoc #	11340	 23.20788884162903
2023-07-13 09:41:37.715321 - Epoc #	11350	 23.29348111152649
2023-07-13 09:42:02.041896 - Epoc #	11360	 24.32657504081726
2023-07-13 09:42:25.578894 - Epoc #	11370	 23.53699779510498
2023-07-13 09:42:48.469560 - Epoc #	11380	 22.890666007995605
2023-07-13 09:43:14.021637 - Epoc #	11390	 25.552077054977417
2023-07-13 09:43:39.213412 - Epoc #	11400	 25.19177508354187
2023-07-13 09:44:02.944183 - Epoc #	11410	 23.7307710647583
2023-07-13 09:44:25.436773 - Epoc #	11420	 22.492589950561523
2023-07-13 09:44:48.338509 - Epoc #	11430	 22.90173602104187
2023-07-13 09:45:10.334785 - Epoc #	11440	 21.996275901794434
2023-07-13 09:45:32.787644 - Epoc #	11450	 22.452858924865723
2023-07-13 09:45:55.356897 - Epoc #	11460	 22.56925320625305
2023-07-13 09:46:18.410929 - Epoc #	11470	 23.05403184890747
2023-07-13 09:46:40.286800 - Epoc #	11480	 21.875870943069458
2023-07-13 09:47:03.605739 - Epoc #	11490	 23.318939208984375
2023-07-13 09:47:27.246920 - Epoc #	11500	 23.641180992126465
2023-07-13 09:47:49.146860 - Epoc #	11510	 21.89993977546692
2023-07-13 09:48:13.985281 - Epoc #	11520	 24.8384211063385
2023-07-13 09:48:36.359971 - Epoc #	11530	 22.374690055847168
2023-07-13 09:48:59.731798 - Epoc #	11540	 23.371826887130737
2023-07-13 09:49:23.284814 - Epoc #	11550	 23.55301594734192
2023-07-13 09:49:45.405644 - Epoc #	11560	 22.120830059051514
2023-07-13 09:50:09.395680 - Epoc #	11570	 23.990036010742188
2023-07-13 09:50:32.348049 - Epoc #	11580	 22.95236897468567
2023-07-13 09:50:56.606817 - Epoc #	11590	 24.25876808166504
2023-07-13 09:51:18.989762 - Epoc #	11600	 22.38294506072998
2023-07-13 09:51:42.113821 - Epoc #	11610	 23.124058961868286
2023-07-13 09:52:06.103194 - Epoc #	11620	 23.989372968673706
2023-07-13 09:52:29.145174 - Epoc #	11630	 23.041980028152466
2023-07-13 09:52:51.843501 - Epoc #	11640	 22.69832706451416
2023-07-13 09:53:16.750752 - Epoc #	11650	 24.90725088119507
2023-07-13 09:53:40.316809 - Epoc #	11660	 23.566056966781616
2023-07-13 09:54:02.830615 - Epoc #	11670	 22.513806104660034
2023-07-13 09:54:24.703688 - Epoc #	11680	 21.873072862625122
2023-07-13 09:54:48.098360 - Epoc #	11690	 23.39467215538025
2023-07-13 09:55:10.422112 - Epoc #	11700	 22.32375192642212
2023-07-13 09:55:33.179942 - Epoc #	11710	 22.757829904556274
2023-07-13 09:55:56.767681 - Epoc #	11720	 23.58773899078369
2023-07-13 09:56:19.283789 - Epoc #	11730	 22.51610803604126
2023-07-13 09:56:41.454326 - Epoc #	11740	 22.170536994934082
2023-07-13 09:57:05.596148 - Epoc #	11750	 24.14182209968567
2023-07-13 09:57:27.816890 - Epoc #	11760	 22.220741987228394
2023-07-13 09:57:51.347627 - Epoc #	11770	 23.530736923217773
2023-07-13 09:58:13.252341 - Epoc #	11780	 21.904714107513428
2023-07-13 09:58:37.900871 - Epoc #	11790	 24.64853000640869
2023-07-13 09:59:02.331099 - Epoc #	11800	 24.430227994918823
2023-07-13 09:59:26.014426 - Epoc #	11810	 23.683326959609985
2023-07-13 09:59:48.853330 - Epoc #	11820	 22.83890390396118
2023-07-13 10:00:13.634161 - Epoc #	11830	 24.78083109855652
2023-07-13 10:00:37.444939 - Epoc #	11840	 23.81077790260315
2023-07-13 10:00:59.947738 - Epoc #	11850	 22.502799034118652
2023-07-13 10:01:22.050003 - Epoc #	11860	 22.102265119552612
2023-07-13 10:01:45.197253 - Epoc #	11870	 23.147249937057495
2023-07-13 10:02:07.789188 - Epoc #	11880	 22.5919349193573
2023-07-13 10:02:30.883324 - Epoc #	11890	 23.094135999679565
2023-07-13 10:02:54.265860 - Epoc #	11900	 23.38253617286682
2023-07-13 10:03:16.814857 - Epoc #	11910	 22.548996925354004
2023-07-13 10:03:39.504052 - Epoc #	11920	 22.689194917678833
2023-07-13 10:04:02.485299 - Epoc #	11930	 22.981247186660767
2023-07-13 10:04:25.593982 - Epoc #	11940	 23.108682870864868
2023-07-13 10:04:50.629411 - Epoc #	11950	 25.035429000854492
2023-07-13 10:05:13.783531 - Epoc #	11960	 23.154119968414307
2023-07-13 10:05:36.881992 - Epoc #	11970	 23.098461151123047
2023-07-13 10:05:59.460288 - Epoc #	11980	 22.578295946121216
2023-07-13 10:06:22.734708 - Epoc #	11990	 23.274420022964478
2023-07-13 10:06:44.828655 - Epoc #	12000	 22.093946933746338
2023-07-13 10:07:07.582542 - Epoc #	12010	 22.753886938095093
2023-07-13 10:07:30.613822 - Epoc #	12020	 23.031280040740967
2023-07-13 10:07:54.093413 - Epoc #	12030	 23.479591131210327
2023-07-13 10:08:17.244543 - Epoc #	12040	 23.151129961013794
2023-07-13 10:08:39.232629 - Epoc #	12050	 21.988085985183716
2023-07-13 10:09:03.063590 - Epoc #	12060	 23.830960988998413
2023-07-13 10:09:25.189047 - Epoc #	12070	 22.125457048416138
2023-07-13 10:09:48.210040 - Epoc #	12080	 23.02099299430847
2023-07-13 10:10:11.229307 - Epoc #	12090	 23.019266843795776
2023-07-13 10:10:33.980997 - Epoc #	12100	 22.75169014930725
2023-07-13 10:10:56.321572 - Epoc #	12110	 22.340574979782104
2023-07-13 10:11:21.005375 - Epoc #	12120	 24.683802843093872
2023-07-13 10:11:43.191671 - Epoc #	12130	 22.186295986175537
2023-07-13 10:12:04.678296 - Epoc #	12140	 21.48662519454956
2023-07-13 10:12:27.668081 - Epoc #	12150	 22.989784955978394
2023-07-13 10:12:50.416930 - Epoc #	12160	 22.748848915100098
2023-07-13 10:13:13.640317 - Epoc #	12170	 23.223387002944946
2023-07-13 10:13:35.611667 - Epoc #	12180	 21.971349954605103
2023-07-13 10:13:58.498053 - Epoc #	12190	 22.886386156082153
2023-07-13 10:14:22.127896 - Epoc #	12200	 23.62984299659729
2023-07-13 10:14:45.042965 - Epoc #	12210	 22.915068864822388
2023-07-13 10:15:09.162188 - Epoc #	12220	 24.11922311782837
2023-07-13 10:15:32.100134 - Epoc #	12230	 22.93794584274292
2023-07-13 10:15:55.084854 - Epoc #	12240	 22.98471999168396
2023-07-13 10:16:18.098481 - Epoc #	12250	 23.01362705230713
2023-07-13 10:16:42.080754 - Epoc #	12260	 23.98227310180664
2023-07-13 10:17:04.799045 - Epoc #	12270	 22.71829104423523
2023-07-13 10:17:28.041616 - Epoc #	12280	 23.242570877075195
2023-07-13 10:17:51.646976 - Epoc #	12290	 23.60536003112793
2023-07-13 10:18:15.147826 - Epoc #	12300	 23.500849962234497
2023-07-13 10:18:38.084329 - Epoc #	12310	 22.936502933502197
2023-07-13 10:19:00.825895 - Epoc #	12320	 22.74156618118286
2023-07-13 10:19:24.629492 - Epoc #	12330	 23.80359697341919
2023-07-13 10:19:47.304349 - Epoc #	12340	 22.674856901168823
2023-07-13 10:20:09.761065 - Epoc #	12350	 22.456716060638428
2023-07-13 10:20:33.277885 - Epoc #	12360	 23.516819953918457
2023-07-13 10:20:56.364297 - Epoc #	12370	 23.086411952972412
2023-07-13 10:21:19.386461 - Epoc #	12380	 23.02216410636902
2023-07-13 10:21:42.131205 - Epoc #	12390	 22.744744062423706
2023-07-13 10:22:05.440946 - Epoc #	12400	 23.309741020202637
2023-07-13 10:22:27.989202 - Epoc #	12410	 22.548255920410156
2023-07-13 10:22:51.697634 - Epoc #	12420	 23.70843195915222
2023-07-13 10:23:15.348075 - Epoc #	12430	 23.65044093132019
2023-07-13 10:23:38.547339 - Epoc #	12440	 23.19926404953003
2023-07-13 10:24:01.405086 - Epoc #	12450	 22.857747077941895
2023-07-13 10:24:24.238684 - Epoc #	12460	 22.833597898483276
2023-07-13 10:24:47.088863 - Epoc #	12470	 22.850178956985474
2023-07-13 10:25:09.782681 - Epoc #	12480	 22.69381809234619
2023-07-13 10:25:32.772246 - Epoc #	12490	 22.989564895629883
