2023-07-12 23:29:37.779152 - Starting learning loop ...
==================================================================
2023-07-12 23:29:37.779152 - Using Framebuffer of: 4 frames	 and 	ReplayBufferSize: 25000
2023-07-12 23:29:37.779152 - Loglevel is set to: a
2023-07-12 23:29:37.793197 - Epoc #	0	 
2023-07-12 23:30:00.122622 - Epoc #	10	 22.32942509651184
2023-07-12 23:30:19.691852 - Epoc #	20	 19.56923007965088
2023-07-12 23:30:38.884475 - Epoc #	30	 19.192622900009155
2023-07-12 23:30:58.108294 - Epoc #	40	 19.22381901741028
2023-07-12 23:31:16.689183 - Epoc #	50	 18.580888986587524
2023-07-12 23:31:35.316987 - Epoc #	60	 18.627804040908813
2023-07-12 23:31:54.494519 - Epoc #	70	 19.177531957626343
2023-07-12 23:32:14.362376 - Epoc #	80	 19.867856979370117
2023-07-12 23:32:33.006253 - Epoc #	90	 18.643877029418945
2023-07-12 23:32:51.758851 - Epoc #	100	 18.75259804725647
2023-07-12 23:33:10.151786 - Epoc #	110	 18.392935037612915
2023-07-12 23:33:29.783319 - Epoc #	120	 19.631532907485962
2023-07-12 23:33:48.767715 - Epoc #	130	 18.98439598083496
2023-07-12 23:34:08.977705 - Epoc #	140	 20.20999002456665
2023-07-12 23:34:16.861359 - Time between reward step: #	279.0822069644928
2023-07-12 23:34:16.861359 - Average Score: 7.00 Elapsed time: 0:04:41.296086
2023-07-12 23:34:24.508945 - Time between reward step: #	286.7297930717468
2023-07-12 23:34:24.508945 - Average Score: 8.00 Elapsed time: 0:04:48.947102
2023-07-12 23:34:28.395874 - Epoc #	150	 19.418169021606445
2023-07-12 23:34:40.295117 - Time between reward step: #	302.5159649848938
2023-07-12 23:34:40.295117 - Average Score: 9.00 Elapsed time: 0:05:04.735401
2023-07-12 23:34:48.584311 - Epoc #	160	 20.18843698501587
2023-07-12 23:35:07.367495 - Epoc #	170	 18.783184051513672
2023-07-12 23:35:25.525743 - Epoc #	180	 18.15824794769287
2023-07-12 23:35:45.174169 - Epoc #	190	 19.648426055908203
2023-07-12 23:35:47.011366 - Time between reward step: #	369.232213973999
2023-07-12 23:35:47.011366 - Average Score: 10.00 Elapsed time: 0:06:11.448053
2023-07-12 23:35:56.547733 - Time between reward step: #	378.7685811519623
2023-07-12 23:35:56.547733 - Average Score: 11.00 Elapsed time: 0:06:20.988629
2023-07-12 23:36:05.191226 - Epoc #	200	 20.017056941986084
2023-07-12 23:36:23.855756 - Epoc #	210	 18.664530038833618
2023-07-12 23:36:41.959400 - Epoc #	220	 18.103643894195557
2023-07-12 23:37:00.373899 - Epoc #	230	 18.414499044418335
2023-07-12 23:37:18.655784 - Epoc #	240	 18.281884908676147
2023-07-12 23:37:37.102244 - Epoc #	250	 18.446460008621216
2023-07-12 23:37:56.960521 - Epoc #	260	 19.858277082443237
2023-07-12 23:38:16.935033 - Epoc #	270	 19.974512100219727
2023-07-12 23:38:36.120544 - Epoc #	280	 19.185510873794556
2023-07-12 23:38:54.661611 - Epoc #	290	 18.541067123413086
2023-07-12 23:39:15.510941 - Epoc #	300	 20.849329948425293
2023-07-12 23:39:36.671814 - Epoc #	310	 21.16087293624878
2023-07-12 23:39:59.150558 - Epoc #	320	 22.47874402999878
2023-07-12 23:40:19.312199 - Epoc #	330	 20.161641120910645
2023-07-12 23:40:38.125314 - Epoc #	340	 18.813114881515503
2023-07-12 23:40:56.488522 - Epoc #	350	 18.363208055496216
2023-07-12 23:41:15.693933 - Epoc #	360	 19.205410957336426
2023-07-12 23:41:34.852405 - Epoc #	370	 19.158472061157227
2023-07-12 23:41:54.486844 - Epoc #	380	 19.63443899154663
2023-07-12 23:42:13.948190 - Epoc #	390	 19.461345911026
2023-07-12 23:42:33.381300 - Epoc #	400	 19.433109998703003
2023-07-12 23:42:52.752255 - Epoc #	410	 19.370954990386963
2023-07-12 23:43:12.681800 - Epoc #	420	 19.929544925689697
2023-07-12 23:43:31.128717 - Epoc #	430	 18.446917057037354
2023-07-12 23:43:50.142531 - Epoc #	440	 19.013813972473145
2023-07-12 23:44:09.704949 - Epoc #	450	 19.56241798400879
2023-07-12 23:44:28.490745 - Epoc #	460	 18.78579616546631
2023-07-12 23:44:47.850886 - Epoc #	470	 19.360141038894653
2023-07-12 23:45:07.852241 - Epoc #	480	 20.001354932785034
2023-07-12 23:45:27.919040 - Epoc #	490	 20.06679892539978
2023-07-12 23:45:47.766462 - Epoc #	500	 19.847422122955322
2023-07-12 23:46:07.509453 - Epoc #	510	 19.742990970611572
2023-07-12 23:46:26.383273 - Epoc #	520	 18.873819828033447
2023-07-12 23:46:30.359864 - Time between reward step: #	1012.5807120800018
2023-07-12 23:46:30.359864 - Average Score: 12.00 Elapsed time: 0:16:54.797213
2023-07-12 23:46:32.684845 - Time between reward step: #	1014.9056930541992
2023-07-12 23:46:32.684845 - Average Score: 13.00 Elapsed time: 0:16:57.113544
2023-07-12 23:46:34.798867 - Time between reward step: #	1017.0197150707245
2023-07-12 23:46:34.798867 - Average Score: 14.00 Elapsed time: 0:16:59.233166
2023-07-12 23:46:45.994923 - Epoc #	530	 19.611650228500366
2023-07-12 23:47:05.191491 - Epoc #	540	 19.19656777381897
2023-07-12 23:47:24.219464 - Epoc #	550	 19.027973175048828
2023-07-12 23:47:41.176301 - Time between reward step: #	1083.3971490859985
2023-07-12 23:47:41.176301 - Average Score: 15.00 Elapsed time: 0:18:05.605557
2023-07-12 23:47:43.061272 - Epoc #	560	 18.84180784225464
2023-07-12 23:48:03.554926 - Epoc #	570	 20.493654012680054
2023-07-12 23:48:24.881842 - Epoc #	580	 21.326915979385376
2023-07-12 23:48:45.793323 - Epoc #	590	 20.911481142044067
2023-07-12 23:49:05.881190 - Epoc #	600	 20.08786702156067
2023-07-12 23:49:26.652871 - Epoc #	610	 20.77168083190918
2023-07-12 23:49:47.526898 - Epoc #	620	 20.874027013778687
2023-07-12 23:50:08.018379 - Epoc #	630	 20.491481065750122
2023-07-12 23:50:28.848475 - Epoc #	640	 20.830096006393433
2023-07-12 23:50:49.117975 - Epoc #	650	 20.269500017166138
2023-07-12 23:51:09.697211 - Epoc #	660	 20.579236030578613
2023-07-12 23:51:29.497827 - Epoc #	670	 19.800616025924683
2023-07-12 23:51:49.485094 - Epoc #	680	 19.987267017364502
2023-07-12 23:52:10.577822 - Epoc #	690	 21.09272789955139
2023-07-12 23:52:30.646363 - Epoc #	700	 20.068541049957275
2023-07-12 23:52:50.244805 - Epoc #	710	 19.59844207763672
2023-07-12 23:53:10.348630 - Epoc #	720	 20.103824853897095
2023-07-12 23:53:31.336726 - Epoc #	730	 20.988095998764038
2023-07-12 23:53:50.686082 - Epoc #	740	 19.349355936050415
2023-07-12 23:54:11.054587 - Epoc #	750	 20.368505001068115
2023-07-12 23:54:30.302663 - Epoc #	760	 19.24807620048523
2023-07-12 23:54:51.034473 - Epoc #	770	 20.731809854507446
2023-07-12 23:55:10.945792 - Epoc #	780	 19.91131901741028
2023-07-12 23:55:32.338818 - Epoc #	790	 21.393026113510132
2023-07-12 23:55:52.721209 - Epoc #	800	 20.38239097595215
2023-07-12 23:56:14.615517 - Epoc #	810	 21.894307851791382
2023-07-12 23:56:35.725392 - Epoc #	820	 21.109875202178955
2023-07-12 23:56:56.775583 - Epoc #	830	 21.050190925598145
2023-07-12 23:57:16.949424 - Epoc #	840	 20.17384099960327
2023-07-12 23:57:38.114164 - Epoc #	850	 21.164740085601807
2023-07-12 23:57:58.940116 - Epoc #	860	 20.82595181465149
2023-07-12 23:58:20.036742 - Epoc #	870	 21.096626043319702
2023-07-12 23:58:40.621673 - Epoc #	880	 20.584931135177612
2023-07-12 23:59:00.455045 - Epoc #	890	 19.833371877670288
2023-07-12 23:59:20.349198 - Epoc #	900	 19.894153118133545
2023-07-12 23:59:40.749836 - Epoc #	910	 20.40063786506653
2023-07-13 00:00:01.798709 - Epoc #	920	 21.04887294769287
2023-07-13 00:00:22.418438 - Epoc #	930	 20.619729042053223
2023-07-13 00:00:42.854812 - Epoc #	940	 20.436373949050903
2023-07-13 00:01:03.297573 - Epoc #	950	 20.442761182785034
2023-07-13 00:01:25.023123 - Epoc #	960	 21.725549936294556
2023-07-13 00:01:45.543759 - Epoc #	970	 20.520636081695557
2023-07-13 00:02:06.782806 - Epoc #	980	 21.239046812057495
2023-07-13 00:02:27.279313 - Epoc #	990	 20.496507167816162
2023-07-13 00:02:47.575766 - Epoc #	1000	 20.29645299911499
2023-07-13 00:03:07.527072 - Epoc #	1010	 19.951305866241455
2023-07-13 00:03:28.031158 - Epoc #	1020	 20.504086017608643
2023-07-13 00:03:48.200413 - Epoc #	1030	 20.169255018234253
2023-07-13 00:04:08.706922 - Epoc #	1040	 20.50650906562805
2023-07-13 00:04:29.048480 - Epoc #	1050	 20.34155797958374
2023-07-13 00:04:48.903756 - Epoc #	1060	 19.855275869369507
2023-07-13 00:05:09.037829 - Epoc #	1070	 20.13407301902771
2023-07-13 00:05:28.812649 - Epoc #	1080	 19.77482008934021
2023-07-13 00:05:49.344284 - Epoc #	1090	 20.53163504600525
2023-07-13 00:06:09.581616 - Epoc #	1100	 20.237331867218018
2023-07-13 00:06:30.566096 - Epoc #	1110	 20.984480142593384
2023-07-13 00:06:52.395369 - Epoc #	1120	 21.829272985458374
2023-07-13 00:07:12.346955 - Epoc #	1130	 19.9515860080719
2023-07-13 00:07:33.598327 - Epoc #	1140	 21.25137186050415
2023-07-13 00:07:54.503773 - Epoc #	1150	 20.90544605255127
2023-07-13 00:08:15.825685 - Epoc #	1160	 21.321912050247192
2023-07-13 00:08:35.845620 - Epoc #	1170	 20.01993489265442
2023-07-13 00:08:57.406535 - Epoc #	1180	 21.560914993286133
2023-07-13 00:09:18.958608 - Epoc #	1190	 21.552073001861572
2023-07-13 00:09:39.801757 - Epoc #	1200	 20.843149185180664
2023-07-13 00:10:00.039256 - Epoc #	1210	 20.237498998641968
2023-07-13 00:10:20.685229 - Epoc #	1220	 20.645972967147827
2023-07-13 00:10:40.923908 - Epoc #	1230	 20.23867893218994
2023-07-13 00:11:02.961057 - Epoc #	1240	 22.03714895248413
2023-07-13 00:11:24.266887 - Epoc #	1250	 21.305830001831055
2023-07-13 00:11:44.131703 - Epoc #	1260	 19.864815950393677
2023-07-13 00:12:04.466568 - Epoc #	1270	 20.3348650932312
2023-07-13 00:12:24.610945 - Epoc #	1280	 20.14437699317932
2023-07-13 00:12:45.134552 - Epoc #	1290	 20.52360701560974
2023-07-13 00:13:06.009329 - Epoc #	1300	 20.87477707862854
2023-07-13 00:13:27.402837 - Epoc #	1310	 21.393507957458496
2023-07-13 00:13:47.899821 - Epoc #	1320	 20.496984004974365
2023-07-13 00:14:07.588618 - Epoc #	1330	 19.688796997070312
2023-07-13 00:14:28.413694 - Epoc #	1340	 20.82507586479187
2023-07-13 00:14:48.771929 - Epoc #	1350	 20.358235120773315
2023-07-13 00:15:07.921381 - Epoc #	1360	 19.149451971054077
2023-07-13 00:15:27.163320 - Epoc #	1370	 19.241939067840576
2023-07-13 00:15:46.536600 - Epoc #	1380	 19.37328004837036
2023-07-13 00:16:04.984575 - Epoc #	1390	 18.447974920272827
2023-07-13 00:16:25.432789 - Epoc #	1400	 20.448214054107666
2023-07-13 00:16:44.863292 - Epoc #	1410	 19.430502891540527
2023-07-13 00:17:06.080644 - Epoc #	1420	 21.21735191345215
2023-07-13 00:17:25.721972 - Epoc #	1430	 19.64132809638977
2023-07-13 00:17:45.727181 - Epoc #	1440	 20.00520896911621
2023-07-13 00:18:04.756497 - Epoc #	1450	 19.029315948486328
2023-07-13 00:18:24.135264 - Epoc #	1460	 19.378767013549805
2023-07-13 00:18:42.688661 - Epoc #	1470	 18.553397178649902
2023-07-13 00:19:01.501862 - Epoc #	1480	 18.81320095062256
2023-07-13 00:19:21.246759 - Epoc #	1490	 19.74489688873291
2023-07-13 00:19:41.079599 - Epoc #	1500	 19.832839965820312
2023-07-13 00:19:59.724347 - Epoc #	1510	 18.644748210906982
2023-07-13 00:20:19.421389 - Epoc #	1520	 19.697041988372803
2023-07-13 00:20:39.202601 - Epoc #	1530	 19.781211853027344
2023-07-13 00:20:58.605990 - Epoc #	1540	 19.40338897705078
2023-07-13 00:21:17.290879 - Epoc #	1550	 18.68488907814026
2023-07-13 00:21:37.711002 - Epoc #	1560	 20.42012310028076
2023-07-13 00:21:56.744153 - Epoc #	1570	 19.033150911331177
2023-07-13 00:22:16.198019 - Epoc #	1580	 19.453866004943848
2023-07-13 00:22:34.897844 - Epoc #	1590	 18.699825048446655
2023-07-13 00:22:55.392971 - Epoc #	1600	 20.495126962661743
2023-07-13 00:23:15.802684 - Epoc #	1610	 20.40971302986145
2023-07-13 00:23:35.141383 - Epoc #	1620	 19.338698863983154
2023-07-13 00:23:54.710183 - Epoc #	1630	 19.56879997253418
2023-07-13 00:24:14.220061 - Epoc #	1640	 19.509878158569336
2023-07-13 00:24:34.077191 - Epoc #	1650	 19.85713005065918
2023-07-13 00:24:54.233054 - Epoc #	1660	 20.15586280822754
2023-07-13 00:25:13.294317 - Epoc #	1670	 19.06126308441162
2023-07-13 00:25:32.570505 - Epoc #	1680	 19.276187896728516
2023-07-13 00:25:52.631112 - Epoc #	1690	 20.060607194900513
2023-07-13 00:26:11.283854 - Epoc #	1700	 18.6527419090271
2023-07-13 00:26:30.806522 - Epoc #	1710	 19.52266788482666
2023-07-13 00:26:51.012173 - Epoc #	1720	 20.20565104484558
2023-07-13 00:27:09.758600 - Epoc #	1730	 18.746427059173584
2023-07-13 00:27:29.663620 - Epoc #	1740	 19.905019998550415
2023-07-13 00:27:49.485113 - Epoc #	1750	 19.821492910385132
2023-07-13 00:28:09.601845 - Epoc #	1760	 20.116732120513916
2023-07-13 00:28:28.520706 - Epoc #	1770	 18.918860912322998
2023-07-13 00:28:48.251887 - Epoc #	1780	 19.731181144714355
2023-07-13 00:29:08.319257 - Epoc #	1790	 20.06736993789673
2023-07-13 00:29:28.652307 - Epoc #	1800	 20.3330500125885
2023-07-13 00:29:47.388605 - Epoc #	1810	 18.736298084259033
2023-07-13 00:30:07.293009 - Epoc #	1820	 19.904403924942017
2023-07-13 00:30:26.596827 - Epoc #	1830	 19.303817987442017
2023-07-13 00:30:45.644961 - Epoc #	1840	 19.048134088516235
2023-07-13 00:31:05.725950 - Epoc #	1850	 20.080988883972168
2023-07-13 00:31:25.613198 - Epoc #	1860	 19.887248039245605
2023-07-13 00:31:45.825542 - Epoc #	1870	 20.21234393119812
2023-07-13 00:32:05.617274 - Epoc #	1880	 19.7917320728302
2023-07-13 00:32:24.758752 - Epoc #	1890	 19.141478061676025
2023-07-13 00:32:44.580395 - Epoc #	1900	 19.821642875671387
2023-07-13 00:33:04.238567 - Epoc #	1910	 19.658172130584717
2023-07-13 00:33:23.370639 - Epoc #	1920	 19.13207197189331
2023-07-13 00:33:43.725831 - Epoc #	1930	 20.355191946029663
2023-07-13 00:34:02.918334 - Epoc #	1940	 19.192502975463867
2023-07-13 00:34:23.256531 - Epoc #	1950	 20.338196992874146
2023-07-13 00:34:42.516178 - Epoc #	1960	 19.259646892547607
2023-07-13 00:35:02.905667 - Epoc #	1970	 20.38948917388916
2023-07-13 00:35:22.355693 - Epoc #	1980	 19.450026035308838
2023-07-13 00:35:41.412137 - Epoc #	1990	 19.05644392967224
2023-07-13 00:36:03.141914 - Epoc #	2000	 21.729776859283447
2023-07-13 00:36:22.435849 - Epoc #	2010	 19.2939350605011
2023-07-13 00:36:43.033433 - Epoc #	2020	 20.597584009170532
2023-07-13 00:37:02.183207 - Epoc #	2030	 19.149774074554443
2023-07-13 00:37:21.493975 - Epoc #	2040	 19.310767889022827
2023-07-13 00:37:40.447145 - Epoc #	2050	 18.95317006111145
2023-07-13 00:38:00.063042 - Epoc #	2060	 19.615896940231323
2023-07-13 00:38:20.236472 - Epoc #	2070	 20.1734299659729
2023-07-13 00:38:40.813878 - Epoc #	2080	 20.57740616798401
2023-07-13 00:39:01.783565 - Epoc #	2090	 20.96968698501587
2023-07-13 00:39:21.106271 - Epoc #	2100	 19.3227059841156
2023-07-13 00:39:42.049684 - Epoc #	2110	 20.943413019180298
2023-07-13 00:40:01.418713 - Epoc #	2120	 19.36902904510498
2023-07-13 00:40:21.787309 - Epoc #	2130	 20.368595838546753
2023-07-13 00:40:42.185736 - Epoc #	2140	 20.39842700958252
2023-07-13 00:41:01.936654 - Epoc #	2150	 19.75091814994812
2023-07-13 00:41:21.210744 - Epoc #	2160	 19.274089813232422
2023-07-13 00:41:42.418677 - Epoc #	2170	 21.20793318748474
2023-07-13 00:42:02.337459 - Epoc #	2180	 19.918781995773315
2023-07-13 00:42:22.034906 - Epoc #	2190	 19.697446823120117
2023-07-13 00:42:41.424505 - Epoc #	2200	 19.389599084854126
2023-07-13 00:43:01.479105 - Epoc #	2210	 20.05460000038147
2023-07-13 00:43:21.385279 - Epoc #	2220	 19.906173944473267
2023-07-13 00:43:27.337489 - Time between reward step: #	4429.55833697319
2023-07-13 00:43:27.337489 - Average Score: 16.00 Elapsed time: 1:13:51.778699
2023-07-13 00:43:42.043921 - Epoc #	2230	 20.658642053604126
2023-07-13 00:44:00.973077 - Epoc #	2240	 18.929156064987183
2023-07-13 00:44:20.953955 - Epoc #	2250	 19.98087787628174
2023-07-13 00:44:40.700816 - Epoc #	2260	 19.74686098098755
2023-07-13 00:45:00.122303 - Epoc #	2270	 19.4214870929718
2023-07-13 00:45:20.144701 - Epoc #	2280	 20.022397994995117
2023-07-13 00:45:40.287143 - Epoc #	2290	 20.142441987991333
2023-07-13 00:45:59.576543 - Epoc #	2300	 19.289400100708008
2023-07-13 00:46:19.107034 - Epoc #	2310	 19.53049087524414
2023-07-13 00:46:39.842561 - Epoc #	2320	 20.73552703857422
2023-07-13 00:46:59.935976 - Epoc #	2330	 20.093415021896362
2023-07-13 00:47:19.193219 - Epoc #	2340	 19.257242918014526
2023-07-13 00:47:38.866974 - Epoc #	2350	 19.673755168914795
2023-07-13 00:47:58.656285 - Epoc #	2360	 19.789310932159424
2023-07-13 00:48:19.250232 - Epoc #	2370	 20.593946933746338
2023-07-13 00:48:38.894890 - Epoc #	2380	 19.644658088684082
2023-07-13 00:49:00.746882 - Epoc #	2390	 21.851991891860962
2023-07-13 00:49:20.771095 - Epoc #	2400	 20.024213075637817
2023-07-13 00:49:40.002603 - Epoc #	2410	 19.231508016586304
2023-07-13 00:49:59.887977 - Epoc #	2420	 19.885373830795288
2023-07-13 00:50:20.848801 - Epoc #	2430	 20.960824012756348
2023-07-13 00:50:40.093266 - Epoc #	2440	 19.244465112686157
2023-07-13 00:50:58.967190 - Epoc #	2450	 18.873924016952515
2023-07-13 00:51:18.976912 - Epoc #	2460	 20.009721994400024
2023-07-13 00:51:37.979312 - Epoc #	2470	 19.002399921417236
2023-07-13 00:51:58.163128 - Epoc #	2480	 20.183815956115723
2023-07-13 00:52:18.064109 - Epoc #	2490	 19.900981187820435
2023-07-13 00:52:37.650144 - Epoc #	2500	 19.586035013198853
2023-07-13 00:52:59.397005 - Epoc #	2510	 21.74686098098755
2023-07-13 00:53:18.781374 - Epoc #	2520	 19.384368896484375
2023-07-13 00:53:39.164747 - Epoc #	2530	 20.383373022079468
2023-07-13 00:53:58.777833 - Epoc #	2540	 19.613085985183716
2023-07-13 00:54:19.999882 - Epoc #	2550	 21.22204899787903
2023-07-13 00:54:41.620105 - Epoc #	2560	 21.62022304534912
2023-07-13 00:55:01.761283 - Epoc #	2570	 20.141177892684937
2023-07-13 00:55:22.154151 - Epoc #	2580	 20.392868041992188
2023-07-13 00:55:41.166886 - Epoc #	2590	 19.01273512840271
2023-07-13 00:56:00.244411 - Epoc #	2600	 19.0775249004364
2023-07-13 00:56:20.566624 - Epoc #	2610	 20.32221293449402
2023-07-13 00:56:40.107920 - Epoc #	2620	 19.541296005249023
2023-07-13 00:57:00.330453 - Epoc #	2630	 20.222532987594604
2023-07-13 00:57:20.624209 - Epoc #	2640	 20.293756008148193
2023-07-13 00:57:40.225651 - Epoc #	2650	 19.601442098617554
2023-07-13 00:57:59.342495 - Epoc #	2660	 19.116843938827515
2023-07-13 00:58:18.473037 - Epoc #	2670	 19.130542039871216
2023-07-13 00:58:37.743321 - Epoc #	2680	 19.270283937454224
2023-07-13 00:58:57.416205 - Epoc #	2690	 19.672883987426758
2023-07-13 00:59:17.273606 - Epoc #	2700	 19.857401132583618
2023-07-13 00:59:36.910514 - Epoc #	2710	 19.636908054351807
2023-07-13 00:59:55.902060 - Epoc #	2720	 18.991545915603638
2023-07-13 01:00:16.489177 - Epoc #	2730	 20.587116956710815
2023-07-13 01:00:35.904694 - Epoc #	2740	 19.4155170917511
2023-07-13 01:00:55.102901 - Epoc #	2750	 19.198206901550293
2023-07-13 01:01:14.733705 - Epoc #	2760	 19.63080406188965
2023-07-13 01:01:36.579072 - Epoc #	2770	 21.845366954803467
2023-07-13 01:01:55.786852 - Epoc #	2780	 19.20777988433838
2023-07-13 01:02:15.427318 - Epoc #	2790	 19.64046621322632
2023-07-13 01:02:37.025418 - Epoc #	2800	 21.598099946975708
2023-07-13 01:02:55.812406 - Epoc #	2810	 18.786988019943237
2023-07-13 01:03:15.205329 - Epoc #	2820	 19.39292287826538
2023-07-13 01:03:34.790376 - Epoc #	2830	 19.585047006607056
2023-07-13 01:03:54.843989 - Epoc #	2840	 20.05361294746399
2023-07-13 01:04:13.692912 - Epoc #	2850	 18.848923206329346
2023-07-13 01:04:33.180147 - Epoc #	2860	 19.487234830856323
2023-07-13 01:04:52.820246 - Epoc #	2870	 19.640099048614502
2023-07-13 01:05:13.204685 - Epoc #	2880	 20.38443899154663
2023-07-13 01:05:32.368375 - Epoc #	2890	 19.163690090179443
2023-07-13 01:05:52.046920 - Epoc #	2900	 19.678544998168945
2023-07-13 01:06:11.388339 - Epoc #	2910	 19.341418981552124
2023-07-13 01:06:30.129793 - Epoc #	2920	 18.741453886032104
2023-07-13 01:06:50.579674 - Epoc #	2930	 20.449881076812744
2023-07-13 01:07:11.973347 - Epoc #	2940	 21.393672943115234
2023-07-13 01:07:31.054206 - Epoc #	2950	 19.080858945846558
2023-07-13 01:07:50.481467 - Epoc #	2960	 19.427261114120483
2023-07-13 01:08:09.772038 - Epoc #	2970	 19.290570974349976
2023-07-13 01:08:29.118829 - Epoc #	2980	 19.34679102897644
2023-07-13 01:08:48.828050 - Epoc #	2990	 19.70922088623047
2023-07-13 01:09:08.970599 - Epoc #	3000	 20.14254903793335
2023-07-13 01:09:29.816300 - Epoc #	3010	 20.845700979232788
2023-07-13 01:09:49.979270 - Epoc #	3020	 20.162970066070557
2023-07-13 01:10:09.504064 - Epoc #	3030	 19.524794101715088
2023-07-13 01:10:28.615837 - Epoc #	3040	 19.111773014068604
2023-07-13 01:10:47.965718 - Epoc #	3050	 19.349880933761597
2023-07-13 01:11:08.187048 - Epoc #	3060	 20.221329927444458
2023-07-13 01:11:27.234762 - Epoc #	3070	 19.04771399497986
2023-07-13 01:11:46.648594 - Epoc #	3080	 19.41383194923401
2023-07-13 01:12:07.110033 - Epoc #	3090	 20.46143913269043
2023-07-13 01:12:26.856662 - Epoc #	3100	 19.746628999710083
2023-07-13 01:12:46.165909 - Epoc #	3110	 19.30924701690674
2023-07-13 01:13:05.481937 - Epoc #	3120	 19.316027879714966
2023-07-13 01:13:25.969693 - Epoc #	3130	 20.48775601387024
2023-07-13 01:13:45.174221 - Epoc #	3140	 19.204528093338013
2023-07-13 01:14:07.214726 - Epoc #	3150	 22.040504932403564
2023-07-13 01:14:27.648726 - Epoc #	3160	 20.43400001525879
2023-07-13 01:14:48.682872 - Epoc #	3170	 21.034146070480347
2023-07-13 01:15:08.403197 - Epoc #	3180	 19.720324993133545
2023-07-13 01:15:27.182329 - Epoc #	3190	 18.77913188934326
2023-07-13 01:15:46.731540 - Epoc #	3200	 19.549211025238037
2023-07-13 01:16:06.622437 - Epoc #	3210	 19.890897035598755
2023-07-13 01:16:26.087638 - Epoc #	3220	 19.465200901031494
2023-07-13 01:16:46.706361 - Epoc #	3230	 20.618723154067993
2023-07-13 01:17:05.215744 - Epoc #	3240	 18.509382963180542
2023-07-13 01:17:25.651348 - Epoc #	3250	 20.435604095458984
2023-07-13 01:17:46.384871 - Epoc #	3260	 20.73352289199829
2023-07-13 01:18:06.304010 - Epoc #	3270	 19.91913890838623
2023-07-13 01:18:25.861367 - Epoc #	3280	 19.5573570728302
2023-07-13 01:18:48.034877 - Epoc #	3290	 22.17351007461548
2023-07-13 01:19:07.591282 - Epoc #	3300	 19.55640482902527
2023-07-13 01:19:28.610030 - Epoc #	3310	 21.01874804496765
2023-07-13 01:19:49.128341 - Epoc #	3320	 20.502686977386475
2023-07-13 01:20:08.095949 - Epoc #	3330	 18.967607975006104
2023-07-13 01:20:28.018217 - Epoc #	3340	 19.92226815223694
2023-07-13 01:20:47.541783 - Epoc #	3350	 19.523566007614136
2023-07-13 01:21:07.064288 - Epoc #	3360	 19.522504806518555
2023-07-13 01:21:29.081822 - Epoc #	3370	 22.017534017562866
2023-07-13 01:21:49.453781 - Epoc #	3380	 20.37195897102356
2023-07-13 01:22:10.960249 - Epoc #	3390	 21.506468057632446
2023-07-13 01:22:31.387098 - Epoc #	3400	 20.426849126815796
2023-07-13 01:22:51.537408 - Epoc #	3410	 20.150310039520264
2023-07-13 01:23:11.206419 - Epoc #	3420	 19.669010877609253
2023-07-13 01:23:31.203957 - Epoc #	3430	 19.997538089752197
2023-07-13 01:23:51.694801 - Epoc #	3440	 20.490844011306763
2023-07-13 01:24:11.600629 - Epoc #	3450	 19.90582799911499
2023-07-13 01:24:31.415705 - Epoc #	3460	 19.815075874328613
2023-07-13 01:24:51.386920 - Epoc #	3470	 19.97121500968933
2023-07-13 01:25:11.411302 - Epoc #	3480	 20.0243821144104
2023-07-13 01:25:31.421166 - Epoc #	3490	 20.00986385345459
2023-07-13 01:25:51.563188 - Epoc #	3500	 20.142022132873535
2023-07-13 01:26:11.584185 - Epoc #	3510	 20.020996809005737
2023-07-13 01:26:32.358116 - Epoc #	3520	 20.77393102645874
2023-07-13 01:26:52.983079 - Epoc #	3530	 20.62496304512024
2023-07-13 01:27:14.790357 - Epoc #	3540	 21.791656017303467
2023-07-13 01:27:34.750661 - Epoc #	3550	 19.960303783416748
2023-07-13 01:27:54.716754 - Epoc #	3560	 19.966093063354492
2023-07-13 01:28:16.332123 - Epoc #	3570	 21.615369081497192
2023-07-13 01:28:18.561161 - Time between reward step: #	7120.782009124756
2023-07-13 01:28:18.561161 - Average Score: 17.00 Elapsed time: 1:58:43.002891
2023-07-13 01:28:36.454943 - Epoc #	3580	 20.122819900512695
2023-07-13 01:28:38.495355 - Time between reward step: #	7140.7162029743195
2023-07-13 01:28:38.495355 - Average Score: 18.00 Elapsed time: 1:59:02.924928
2023-07-13 01:28:55.811490 - Epoc #	3590	 19.356547117233276
2023-07-13 01:29:15.485083 - Epoc #	3600	 19.673593044281006
2023-07-13 01:29:35.184786 - Epoc #	3610	 19.699702978134155
2023-07-13 01:29:55.468211 - Epoc #	3620	 20.283424854278564
2023-07-13 01:30:16.035338 - Epoc #	3630	 20.567126989364624
2023-07-13 01:30:36.589936 - Epoc #	3640	 20.554598093032837
2023-07-13 01:30:40.721230 - Time between reward step: #	7262.942078113556
2023-07-13 01:30:40.721230 - Average Score: 19.00 Elapsed time: 2:01:05.161602
2023-07-13 01:30:56.214707 - Epoc #	3650	 19.624770879745483
2023-07-13 01:31:16.094064 - Epoc #	3660	 19.87935709953308
2023-07-13 01:31:35.430737 - Epoc #	3670	 19.33667302131653
2023-07-13 01:31:55.798494 - Epoc #	3680	 20.367757081985474
2023-07-13 01:32:16.964076 - Epoc #	3690	 21.165581941604614
2023-07-13 01:32:36.554753 - Epoc #	3700	 19.59067702293396
2023-07-13 01:32:56.175200 - Epoc #	3710	 19.620446920394897
2023-07-13 01:33:16.982934 - Epoc #	3720	 20.80773401260376
2023-07-13 01:33:36.612726 - Epoc #	3730	 19.629791975021362
2023-07-13 01:33:56.014434 - Epoc #	3740	 19.401708126068115
2023-07-13 01:34:15.534364 - Epoc #	3750	 19.519929885864258
2023-07-13 01:34:35.435372 - Epoc #	3760	 19.901008129119873
2023-07-13 01:34:54.904622 - Epoc #	3770	 19.469249963760376
2023-07-13 01:35:14.525429 - Epoc #	3780	 19.62080693244934
2023-07-13 01:35:34.411429 - Epoc #	3790	 19.88599991798401
2023-07-13 01:35:55.063040 - Epoc #	3800	 20.65161108970642
2023-07-13 01:36:14.139876 - Epoc #	3810	 19.076835870742798
2023-07-13 01:36:34.753626 - Epoc #	3820	 20.613750219345093
2023-07-13 01:36:55.600169 - Epoc #	3830	 20.846542835235596
2023-07-13 01:37:16.962772 - Epoc #	3840	 21.362602949142456
2023-07-13 01:37:38.062229 - Epoc #	3850	 21.099457025527954
2023-07-13 01:37:57.053504 - Epoc #	3860	 18.99127507209778
2023-07-13 01:38:17.012192 - Epoc #	3870	 19.958688020706177
2023-07-13 01:38:37.492456 - Epoc #	3880	 20.48026394844055
2023-07-13 01:38:57.716827 - Epoc #	3890	 20.2243709564209
2023-07-13 01:39:18.129466 - Epoc #	3900	 20.412639141082764
2023-07-13 01:39:38.557836 - Epoc #	3910	 20.428369998931885
2023-07-13 01:39:58.323520 - Epoc #	3920	 19.765683889389038
2023-07-13 01:40:19.933361 - Epoc #	3930	 21.609841108322144
2023-07-13 01:40:39.475622 - Epoc #	3940	 19.542260885238647
2023-07-13 01:41:01.139230 - Epoc #	3950	 21.663608074188232
2023-07-13 01:41:22.245547 - Epoc #	3960	 21.106317043304443
2023-07-13 01:41:41.644980 - Epoc #	3970	 19.39943289756775
2023-07-13 01:42:01.862746 - Epoc #	3980	 20.217766046524048
2023-07-13 01:42:23.476744 - Epoc #	3990	 21.61399793624878
2023-07-13 01:42:44.065974 - Epoc #	4000	 20.589230060577393
2023-07-13 01:43:04.481436 - Epoc #	4010	 20.415462017059326
2023-07-13 01:43:24.863186 - Epoc #	4020	 20.381749868392944
2023-07-13 01:43:45.127871 - Epoc #	4030	 20.26468515396118
2023-07-13 01:44:04.849616 - Epoc #	4040	 19.721745014190674
2023-07-13 01:44:24.880898 - Epoc #	4050	 20.0312819480896
2023-07-13 01:44:44.263773 - Epoc #	4060	 19.382874965667725
2023-07-13 01:45:03.506973 - Epoc #	4070	 19.243200063705444
2023-07-13 01:45:23.043450 - Epoc #	4080	 19.536477088928223
2023-07-13 01:45:41.954113 - Epoc #	4090	 18.91066288948059
2023-07-13 01:46:01.566688 - Epoc #	4100	 19.6125750541687
2023-07-13 01:46:22.258658 - Epoc #	4110	 20.691969871520996
2023-07-13 01:46:41.799892 - Epoc #	4120	 19.541234016418457
2023-07-13 01:47:02.334472 - Epoc #	4130	 20.53457999229431
2023-07-13 01:47:22.280463 - Epoc #	4140	 19.945991039276123
2023-07-13 01:47:41.592971 - Epoc #	4150	 19.31250810623169
2023-07-13 01:48:00.424358 - Epoc #	4160	 18.83138680458069
2023-07-13 01:48:20.509144 - Epoc #	4170	 20.08478617668152
2023-07-13 01:48:39.178543 - Epoc #	4180	 18.66939902305603
2023-07-13 01:48:59.045066 - Epoc #	4190	 19.866523027420044
2023-07-13 01:49:19.205424 - Epoc #	4200	 20.16035795211792
2023-07-13 01:49:39.944180 - Epoc #	4210	 20.73875594139099
2023-07-13 01:49:59.617564 - Epoc #	4220	 19.673383951187134
2023-07-13 01:50:19.365568 - Epoc #	4230	 19.74800395965576
2023-07-13 01:50:39.604827 - Epoc #	4240	 20.239259004592896
2023-07-13 01:51:01.136854 - Epoc #	4250	 21.532027006149292
2023-07-13 01:51:20.593678 - Epoc #	4260	 19.45682406425476
2023-07-13 01:51:39.830712 - Epoc #	4270	 19.23703408241272
2023-07-13 01:52:01.846924 - Epoc #	4280	 22.016211986541748
2023-07-13 01:52:21.950222 - Epoc #	4290	 20.10329794883728
2023-07-13 01:52:41.210331 - Epoc #	4300	 19.260108947753906
2023-07-13 01:53:02.230449 - Epoc #	4310	 21.02011799812317
2023-07-13 01:53:23.331913 - Epoc #	4320	 21.10146403312683
2023-07-13 01:53:42.857781 - Epoc #	4330	 19.52586793899536
2023-07-13 01:54:03.031914 - Epoc #	4340	 20.17413306236267
2023-07-13 01:54:24.674136 - Epoc #	4350	 21.642221927642822
2023-07-13 01:54:44.527408 - Epoc #	4360	 19.853271961212158
2023-07-13 01:55:04.503864 - Epoc #	4370	 19.97645616531372
2023-07-13 01:55:25.094110 - Epoc #	4380	 20.590245962142944
2023-07-13 01:55:46.434991 - Epoc #	4390	 21.340880870819092
2023-07-13 01:56:06.179518 - Epoc #	4400	 19.744527101516724
2023-07-13 01:56:25.305705 - Epoc #	4410	 19.126187086105347
2023-07-13 01:56:47.612457 - Epoc #	4420	 22.30675196647644
2023-07-13 01:57:07.434364 - Epoc #	4430	 19.82190704345703
2023-07-13 01:57:27.472665 - Epoc #	4440	 20.03830099105835
2023-07-13 01:57:46.404139 - Epoc #	4450	 18.931473970413208
2023-07-13 01:58:05.856357 - Epoc #	4460	 19.452218055725098
2023-07-13 01:58:24.949636 - Epoc #	4470	 19.093278884887695
2023-07-13 01:58:44.958564 - Epoc #	4480	 20.008928060531616
2023-07-13 01:59:05.320193 - Epoc #	4490	 20.361629009246826
2023-07-13 01:59:25.496101 - Epoc #	4500	 20.175907850265503
2023-07-13 01:59:44.655777 - Epoc #	4510	 19.15967607498169
2023-07-13 02:00:04.747305 - Epoc #	4520	 20.091527938842773
2023-07-13 02:00:24.709099 - Epoc #	4530	 19.961794137954712
2023-07-13 02:00:45.972778 - Epoc #	4540	 21.263679027557373
2023-07-13 02:01:05.411777 - Epoc #	4550	 19.43899893760681
2023-07-13 02:01:25.107751 - Epoc #	4560	 19.695973873138428
2023-07-13 02:01:44.867124 - Epoc #	4570	 19.7593731880188
2023-07-13 02:02:04.466000 - Epoc #	4580	 19.598875999450684
2023-07-13 02:02:23.631418 - Epoc #	4590	 19.165417909622192
2023-07-13 02:02:43.098207 - Epoc #	4600	 19.46678900718689
2023-07-13 02:03:02.417146 - Epoc #	4610	 19.318938970565796
2023-07-13 02:03:22.583207 - Epoc #	4620	 20.16606092453003
2023-07-13 02:03:43.005073 - Epoc #	4630	 20.421866178512573
2023-07-13 02:04:03.343468 - Epoc #	4640	 20.3383948802948
2023-07-13 02:04:23.888408 - Epoc #	4650	 20.54493999481201
2023-07-13 02:04:44.437046 - Epoc #	4660	 20.548638105392456
2023-07-13 02:05:04.315423 - Epoc #	4670	 19.878376960754395
2023-07-13 02:05:24.170074 - Epoc #	4680	 19.85465097427368
2023-07-13 02:05:44.602412 - Epoc #	4690	 20.432337999343872
2023-07-13 02:06:05.261787 - Epoc #	4700	 20.659374952316284
2023-07-13 02:06:25.445554 - Epoc #	4710	 20.183767080307007
2023-07-13 02:06:45.661616 - Epoc #	4720	 20.21606206893921
2023-07-13 02:07:06.337389 - Time between reward step: #	9448.558237075806
2023-07-13 02:07:06.353019 - Average Score: 20.00 Elapsed time: 2:37:30.779930
2023-07-13 02:07:06.353019 - Epoc #	4730	 20.691402912139893
2023-07-13 02:07:10.494618 - Time between reward step: #	9452.715466022491
2023-07-13 02:07:10.494618 - Average Score: 21.00 Elapsed time: 2:37:34.936828
2023-07-13 02:07:26.487976 - Epoc #	4740	 20.13495707511902
2023-07-13 02:07:46.550866 - Epoc #	4750	 20.06288981437683
2023-07-13 02:08:06.091304 - Epoc #	4760	 19.540438175201416
2023-07-13 02:08:27.312761 - Epoc #	4770	 21.22145700454712
2023-07-13 02:08:49.282304 - Epoc #	4780	 21.969542980194092
2023-07-13 02:09:09.843205 - Epoc #	4790	 20.560900926589966
2023-07-13 02:09:29.341183 - Epoc #	4800	 19.49797797203064
2023-07-13 02:09:49.001474 - Epoc #	4810	 19.660290956497192
2023-07-13 02:10:09.997271 - Epoc #	4820	 20.995797157287598
2023-07-13 02:10:28.910054 - Epoc #	4830	 18.912782907485962
2023-07-13 02:10:50.012211 - Epoc #	4840	 21.10215711593628
2023-07-13 02:11:10.219695 - Epoc #	4850	 20.207484006881714
2023-07-13 02:11:30.494811 - Epoc #	4860	 20.275115966796875
2023-07-13 02:11:49.407036 - Epoc #	4870	 18.912225008010864
2023-07-13 02:12:09.216840 - Epoc #	4880	 19.80980396270752
2023-07-13 02:12:29.601011 - Epoc #	4890	 20.38417100906372
2023-07-13 02:12:50.031447 - Epoc #	4900	 20.4304358959198
2023-07-13 02:13:10.371650 - Epoc #	4910	 20.340203046798706
2023-07-13 02:13:30.260027 - Epoc #	4920	 19.88837695121765
2023-07-13 02:13:49.913039 - Epoc #	4930	 19.65301203727722
2023-07-13 02:14:08.344405 - Epoc #	4940	 18.431365966796875
2023-07-13 02:14:27.762165 - Epoc #	4950	 19.417760133743286
2023-07-13 02:14:47.305723 - Epoc #	4960	 19.54355788230896
2023-07-13 02:15:06.776511 - Epoc #	4970	 19.47078800201416
2023-07-13 02:15:26.978334 - Epoc #	4980	 20.201822996139526
2023-07-13 02:15:46.274606 - Epoc #	4990	 19.296272039413452
2023-07-13 02:16:06.061043 - Epoc #	5000	 19.786437034606934
2023-07-13 02:16:25.444441 - Epoc #	5010	 19.383398056030273
2023-07-13 02:16:45.937407 - Epoc #	5020	 20.492965936660767
2023-07-13 02:17:05.254134 - Epoc #	5030	 19.31672692298889
2023-07-13 02:17:25.025036 - Epoc #	5040	 19.770902156829834
2023-07-13 02:17:44.263181 - Epoc #	5050	 19.238144874572754
2023-07-13 02:18:04.013113 - Epoc #	5060	 19.749932050704956
2023-07-13 02:18:23.500995 - Epoc #	5070	 19.487881898880005
2023-07-13 02:18:43.876128 - Epoc #	5080	 20.37513303756714
2023-07-13 02:19:03.621276 - Epoc #	5090	 19.745147943496704
2023-07-13 02:19:23.951754 - Epoc #	5100	 20.330478191375732
2023-07-13 02:19:43.381889 - Epoc #	5110	 19.430135011672974
2023-07-13 02:20:03.034240 - Epoc #	5120	 19.652350902557373
2023-07-13 02:20:22.907361 - Epoc #	5130	 19.8731210231781
2023-07-13 02:20:43.369651 - Epoc #	5140	 20.462290048599243
2023-07-13 02:21:02.606633 - Epoc #	5150	 19.236981868743896
2023-07-13 02:21:22.528719 - Epoc #	5160	 19.922086000442505
2023-07-13 02:21:43.137490 - Epoc #	5170	 20.608771085739136
2023-07-13 02:22:02.320312 - Epoc #	5180	 19.18282198905945
2023-07-13 02:22:21.365669 - Epoc #	5190	 19.04535698890686
2023-07-13 02:22:41.060995 - Epoc #	5200	 19.69532608985901
2023-07-13 02:23:00.405255 - Epoc #	5210	 19.3442599773407
2023-07-13 02:23:19.785652 - Epoc #	5220	 19.380396842956543
2023-07-13 02:23:39.701189 - Epoc #	5230	 19.915537118911743
2023-07-13 02:23:59.031133 - Epoc #	5240	 19.329943895339966
2023-07-13 02:24:20.660050 - Epoc #	5250	 21.62891697883606
2023-07-13 02:24:40.328775 - Epoc #	5260	 19.66872501373291
2023-07-13 02:25:01.011128 - Epoc #	5270	 20.682353019714355
2023-07-13 02:25:21.801796 - Epoc #	5280	 20.79066801071167
2023-07-13 02:25:41.280654 - Epoc #	5290	 19.47885799407959
2023-07-13 02:26:01.479914 - Epoc #	5300	 20.199259996414185
2023-07-13 02:26:21.520929 - Epoc #	5310	 20.041015148162842
2023-07-13 02:26:42.118076 - Epoc #	5320	 20.59714698791504
2023-07-13 02:27:02.221912 - Epoc #	5330	 20.103835821151733
2023-07-13 02:27:23.227819 - Epoc #	5340	 21.00590705871582
2023-07-13 02:27:42.187585 - Epoc #	5350	 18.959766149520874
2023-07-13 02:28:01.405902 - Epoc #	5360	 19.218316793441772
2023-07-13 02:28:21.278051 - Epoc #	5370	 19.872148990631104
2023-07-13 02:28:42.473077 - Epoc #	5380	 21.1950261592865
2023-07-13 02:29:03.689931 - Epoc #	5390	 21.216853857040405
2023-07-13 02:29:23.959611 - Epoc #	5400	 20.26968002319336
2023-07-13 02:29:43.097185 - Epoc #	5410	 19.137573957443237
2023-07-13 02:30:02.278647 - Epoc #	5420	 19.181462049484253
2023-07-13 02:30:21.402852 - Epoc #	5430	 19.124205112457275
2023-07-13 02:30:41.399706 - Epoc #	5440	 19.996853828430176
2023-07-13 02:31:00.140526 - Epoc #	5450	 18.740820169448853
2023-07-13 02:31:20.182783 - Epoc #	5460	 20.042256832122803
2023-07-13 02:31:39.271710 - Epoc #	5470	 19.088927030563354
2023-07-13 02:31:58.434209 - Epoc #	5480	 19.16249918937683
2023-07-13 02:32:17.802011 - Epoc #	5490	 19.367801904678345
2023-07-13 02:32:37.435550 - Epoc #	5500	 19.633538961410522
2023-07-13 02:32:58.491793 - Epoc #	5510	 21.05624294281006
2023-07-13 02:33:18.123542 - Epoc #	5520	 19.631749153137207
2023-07-13 02:33:38.695396 - Epoc #	5530	 20.57185387611389
2023-07-13 02:34:00.094110 - Epoc #	5540	 21.398714065551758
2023-07-13 02:34:20.289497 - Epoc #	5550	 20.19538688659668
2023-07-13 02:34:39.812362 - Epoc #	5560	 19.522865056991577
2023-07-13 02:34:59.023109 - Epoc #	5570	 19.210747003555298
2023-07-13 02:35:20.085390 - Epoc #	5580	 21.062281131744385
2023-07-13 02:35:41.232924 - Epoc #	5590	 21.147533893585205
2023-07-13 02:36:02.696751 - Epoc #	5600	 21.46382713317871
2023-07-13 02:36:22.572201 - Epoc #	5610	 19.875449895858765
2023-07-13 02:36:42.034727 - Epoc #	5620	 19.462526082992554
2023-07-13 02:37:00.539409 - Epoc #	5630	 18.504681825637817
2023-07-13 02:37:19.746619 - Epoc #	5640	 19.207210063934326
2023-07-13 02:37:40.724412 - Epoc #	5650	 20.977792978286743
2023-07-13 02:37:59.457537 - Epoc #	5660	 18.73312497138977
2023-07-13 02:38:20.318862 - Epoc #	5670	 20.86132502555847
2023-07-13 02:38:39.701986 - Epoc #	5680	 19.383124113082886
2023-07-13 02:38:59.602885 - Epoc #	5690	 19.900898933410645
2023-07-13 02:39:19.428389 - Epoc #	5700	 19.825504064559937
2023-07-13 02:39:42.025437 - Epoc #	5710	 22.597048044204712
2023-07-13 02:40:00.703168 - Epoc #	5720	 18.677730798721313
2023-07-13 02:40:19.873856 - Epoc #	5730	 19.170688152313232
2023-07-13 02:40:42.386397 - Epoc #	5740	 22.512540817260742
2023-07-13 02:41:03.146679 - Epoc #	5750	 20.760282039642334
2023-07-13 02:41:23.871691 - Epoc #	5760	 20.725012063980103
2023-07-13 02:41:44.249397 - Epoc #	5770	 20.377706050872803
2023-07-13 02:42:03.930332 - Epoc #	5780	 19.68093490600586
2023-07-13 02:42:25.084967 - Epoc #	5790	 21.154634952545166
2023-07-13 02:42:48.519883 - Epoc #	5800	 23.434916019439697
2023-07-13 02:43:08.304513 - Epoc #	5810	 19.784630060195923
2023-07-13 02:43:28.924853 - Epoc #	5820	 20.62034010887146
2023-07-13 02:43:48.337811 - Epoc #	5830	 19.412957906723022
2023-07-13 02:44:07.334205 - Epoc #	5840	 18.99639391899109
2023-07-13 02:44:27.491378 - Epoc #	5850	 20.15717315673828
2023-07-13 02:44:47.501219 - Epoc #	5860	 20.009840965270996
2023-07-13 02:45:06.832807 - Epoc #	5870	 19.33158802986145
2023-07-13 02:45:27.119610 - Epoc #	5880	 20.286803007125854
2023-07-13 02:45:48.810523 - Epoc #	5890	 21.69091296195984
2023-07-13 02:46:08.796752 - Epoc #	5900	 19.986228942871094
2023-07-13 02:46:27.956310 - Epoc #	5910	 19.159558057785034
2023-07-13 02:46:48.108078 - Epoc #	5920	 20.15176796913147
2023-07-13 02:47:07.633976 - Epoc #	5930	 19.525897979736328
2023-07-13 02:47:26.190143 - Time between reward step: #	11868.410991191864
2023-07-13 02:47:26.190143 - Average Score: 22.00 Elapsed time: 3:17:50.632369
2023-07-13 02:47:28.088498 - Epoc #	5940	 20.454522132873535
2023-07-13 02:47:47.410905 - Epoc #	5950	 19.322406768798828
2023-07-13 02:48:06.638308 - Epoc #	5960	 19.227403163909912
2023-07-13 02:48:25.825205 - Epoc #	5970	 19.186897039413452
2023-07-13 02:48:44.561051 - Epoc #	5980	 18.735845804214478
2023-07-13 02:49:04.577404 - Epoc #	5990	 20.016353130340576
2023-07-13 02:49:24.906498 - Epoc #	6000	 20.32909393310547
2023-07-13 02:49:43.854448 - Epoc #	6010	 18.9479501247406
2023-07-13 02:50:03.132858 - Epoc #	6020	 19.278409957885742
2023-07-13 02:50:22.733708 - Epoc #	6030	 19.600849866867065
2023-07-13 02:50:42.990829 - Epoc #	6040	 20.257121086120605
2023-07-13 02:51:02.460441 - Epoc #	6050	 19.46961212158203
2023-07-13 02:51:22.882202 - Epoc #	6060	 20.42176079750061
2023-07-13 02:51:45.337041 - Epoc #	6070	 22.45483899116516
2023-07-13 02:52:04.834265 - Epoc #	6080	 19.49722409248352
2023-07-13 02:52:23.883976 - Epoc #	6090	 19.049710988998413
2023-07-13 02:52:44.361233 - Epoc #	6100	 20.477257013320923
2023-07-13 02:53:04.380314 - Epoc #	6110	 20.019081115722656
2023-07-13 02:53:24.368262 - Epoc #	6120	 19.987947940826416
2023-07-13 02:53:46.445960 - Epoc #	6130	 22.07769799232483
2023-07-13 02:54:06.126408 - Epoc #	6140	 19.680448055267334
2023-07-13 02:54:25.735879 - Epoc #	6150	 19.6094708442688
2023-07-13 02:54:45.524949 - Epoc #	6160	 19.78907012939453
2023-07-13 02:55:05.717910 - Epoc #	6170	 20.19296097755432
2023-07-13 02:55:24.665959 - Epoc #	6180	 18.94804883003235
2023-07-13 02:55:44.420405 - Epoc #	6190	 19.754446029663086
2023-07-13 02:56:04.663326 - Epoc #	6200	 20.242921113967896
2023-07-13 02:56:25.407760 - Epoc #	6210	 20.744433879852295
2023-07-13 02:56:44.755360 - Epoc #	6220	 19.347599983215332
2023-07-13 02:57:04.577281 - Epoc #	6230	 19.8219211101532
2023-07-13 02:57:24.039895 - Epoc #	6240	 19.462614059448242
2023-07-13 02:57:43.396759 - Epoc #	6250	 19.356863975524902
2023-07-13 02:58:02.547759 - Epoc #	6260	 19.151000022888184
2023-07-13 02:58:22.749882 - Epoc #	6270	 20.202122926712036
2023-07-13 02:58:43.700491 - Epoc #	6280	 20.95060896873474
2023-07-13 02:59:04.108700 - Epoc #	6290	 20.408209085464478
2023-07-13 02:59:23.257685 - Epoc #	6300	 19.148984909057617
2023-07-13 02:59:46.367711 - Epoc #	6310	 23.110026121139526
2023-07-13 03:00:05.200291 - Epoc #	6320	 18.832579851150513
2023-07-13 03:00:25.240624 - Epoc #	6330	 20.040333032608032
2023-07-13 03:00:45.233828 - Epoc #	6340	 19.99320411682129
2023-07-13 03:01:04.040441 - Epoc #	6350	 18.806612968444824
2023-07-13 03:01:24.017218 - Epoc #	6360	 19.97677707672119
2023-07-13 03:01:47.098940 - Epoc #	6370	 23.081721782684326
2023-07-13 03:02:08.091361 - Epoc #	6380	 20.99242115020752
2023-07-13 03:02:29.181952 - Epoc #	6390	 21.090590953826904
2023-07-13 03:02:49.736876 - Epoc #	6400	 20.55492401123047
2023-07-13 03:03:12.697221 - Epoc #	6410	 22.960345029830933
2023-07-13 03:03:30.822321 - Time between reward step: #	12833.043169021606
2023-07-13 03:03:30.822321 - Average Score: 23.00 Elapsed time: 3:33:55.255790
2023-07-13 03:03:32.707995 - Epoc #	6420	 20.01077389717102
2023-07-13 03:03:52.202759 - Epoc #	6430	 19.49476408958435
2023-07-13 03:03:58.046587 - Time between reward step: #	12860.267435073853
2023-07-13 03:03:58.046587 - Average Score: 24.00 Elapsed time: 3:34:22.480498
2023-07-13 03:04:11.664274 - Epoc #	6440	 19.461514949798584
2023-07-13 03:04:18.030680 - Time between reward step: #	12880.251528024673
2023-07-13 03:04:18.030680 - Average Score: 25.00 Elapsed time: 3:34:42.465491
2023-07-13 03:04:24.212264 - Time between reward step: #	12886.43311214447
2023-07-13 03:04:24.212264 - Average Score: 26.00 Elapsed time: 3:34:48.640963
2023-07-13 03:04:26.474446 - Time between reward step: #	12888.69529414177
2023-07-13 03:04:26.474446 - Average Score: 27.00 Elapsed time: 3:34:50.903692
2023-07-13 03:04:32.226275 - Epoc #	6450	 20.56200098991394
2023-07-13 03:04:40.240927 - Time between reward step: #	12902.461775064468
2023-07-13 03:04:40.240927 - Average Score: 28.00 Elapsed time: 3:35:04.673928
2023-07-13 03:04:46.757410 - Time between reward step: #	12908.978258132935
2023-07-13 03:04:46.757410 - Average Score: 29.00 Elapsed time: 3:35:11.199627
2023-07-13 03:04:50.965695 - Time between reward step: #	12913.186542987823
2023-07-13 03:04:50.965695 - Average Score: 30.00 Elapsed time: 3:35:15.407138
2023-07-13 03:04:52.899098 - Epoc #	6460	 20.672822952270508
2023-07-13 03:05:05.611112 - Time between reward step: #	12927.831960201263
2023-07-13 03:05:05.611112 - Average Score: 31.00 Elapsed time: 3:35:30.044556
2023-07-13 03:05:07.786281 - Time between reward step: #	12930.007129192352
2023-07-13 03:05:07.801855 - Average Score: 32.00 Elapsed time: 3:35:32.228768
2023-07-13 03:05:13.253848 - Epoc #	6470	 20.354750156402588
2023-07-13 03:05:33.248929 - Epoc #	6480	 19.995080947875977
2023-07-13 03:05:52.756551 - Epoc #	6490	 19.507622003555298
2023-07-13 03:06:11.774377 - Epoc #	6500	 19.017826080322266
2023-07-13 03:06:31.574411 - Epoc #	6510	 19.800033807754517
2023-07-13 03:06:53.692527 - Epoc #	6520	 22.1181161403656
2023-07-13 03:07:15.469912 - Epoc #	6530	 21.777384996414185
2023-07-13 03:07:34.581090 - Epoc #	6540	 19.111177921295166
2023-07-13 03:07:55.570845 - Epoc #	6550	 20.989754915237427
2023-07-13 03:08:14.746271 - Epoc #	6560	 19.17542600631714
2023-07-13 03:08:34.147061 - Epoc #	6570	 19.400790214538574
2023-07-13 03:08:52.686972 - Epoc #	6580	 18.539910793304443
2023-07-13 03:09:12.894416 - Epoc #	6590	 20.207444190979004
2023-07-13 03:09:32.693005 - Epoc #	6600	 19.79858899116516
2023-07-13 03:09:52.421142 - Epoc #	6610	 19.728137016296387
2023-07-13 03:10:13.218896 - Epoc #	6620	 20.79775381088257
2023-07-13 03:10:32.787746 - Epoc #	6630	 19.56885004043579
2023-07-13 03:10:52.120131 - Epoc #	6640	 19.332385063171387
2023-07-13 03:11:12.976171 - Epoc #	6650	 20.856040000915527
2023-07-13 03:11:33.917818 - Epoc #	6660	 20.941647052764893
2023-07-13 03:11:53.508419 - Epoc #	6670	 19.590600967407227
2023-07-13 03:12:13.907263 - Epoc #	6680	 20.398844003677368
2023-07-13 03:12:33.839346 - Epoc #	6690	 19.932082891464233
2023-07-13 03:12:54.461253 - Epoc #	6700	 20.621906995773315
2023-07-13 03:13:14.293563 - Epoc #	6710	 19.83230996131897
2023-07-13 03:13:34.961205 - Epoc #	6720	 20.66764211654663
2023-07-13 03:13:54.378514 - Epoc #	6730	 19.417309045791626
2023-07-13 03:14:14.266654 - Epoc #	6740	 19.888139963150024
2023-07-13 03:14:33.152935 - Epoc #	6750	 18.88628101348877
2023-07-13 03:14:54.085924 - Epoc #	6760	 20.93298888206482
2023-07-13 03:15:13.321103 - Epoc #	6770	 19.23517918586731
2023-07-13 03:15:35.368551 - Epoc #	6780	 22.04744791984558
2023-07-13 03:15:54.784146 - Epoc #	6790	 19.415595054626465
2023-07-13 03:16:14.704546 - Epoc #	6800	 19.9203999042511
2023-07-13 03:16:35.844008 - Epoc #	6810	 21.139461994171143
2023-07-13 03:16:55.978309 - Epoc #	6820	 20.13430094718933
2023-07-13 03:17:15.989364 - Epoc #	6830	 20.01105499267578
2023-07-13 03:17:36.007513 - Epoc #	6840	 20.01814913749695
2023-07-13 03:17:57.265270 - Epoc #	6850	 21.25775694847107
2023-07-13 03:18:18.144110 - Epoc #	6860	 20.87883996963501
2023-07-13 03:18:37.763478 - Epoc #	6870	 19.619368076324463
2023-07-13 03:18:58.570551 - Epoc #	6880	 20.80707287788391
2023-07-13 03:19:19.730548 - Epoc #	6890	 21.15999698638916
2023-07-13 03:19:39.854883 - Epoc #	6900	 20.124335050582886
2023-07-13 03:19:59.803450 - Epoc #	6910	 19.948567152023315
2023-07-13 03:20:19.209255 - Epoc #	6920	 19.405804872512817
2023-07-13 03:20:38.894200 - Epoc #	6930	 19.684945106506348
2023-07-13 03:20:58.265808 - Epoc #	6940	 19.371608018875122
2023-07-13 03:21:17.900073 - Epoc #	6950	 19.634264945983887
2023-07-13 03:21:37.554537 - Epoc #	6960	 19.65446400642395
2023-07-13 03:21:58.019473 - Epoc #	6970	 20.464936017990112
2023-07-13 03:22:19.891165 - Epoc #	6980	 21.871691942214966
2023-07-13 03:22:39.761792 - Epoc #	6990	 19.87062692642212
2023-07-13 03:22:58.485454 - Epoc #	7000	 18.72366213798523
2023-07-13 03:23:17.920735 - Epoc #	7010	 19.435280799865723
2023-07-13 03:23:37.153745 - Epoc #	7020	 19.233010053634644
2023-07-13 03:23:57.096905 - Epoc #	7030	 19.94316005706787
2023-07-13 03:24:17.488924 - Epoc #	7040	 20.392019033432007
2023-07-13 03:24:36.988199 - Epoc #	7050	 19.499274969100952
2023-07-13 03:24:57.064011 - Epoc #	7060	 20.075812101364136
2023-07-13 03:25:17.738849 - Epoc #	7070	 20.674837827682495
2023-07-13 03:25:37.134023 - Epoc #	7080	 19.395174026489258
2023-07-13 03:25:57.220995 - Epoc #	7090	 20.08697199821472
2023-07-13 03:26:18.204419 - Epoc #	7100	 20.983423948287964
2023-07-13 03:26:37.965511 - Epoc #	7110	 19.76109218597412
2023-07-13 03:26:57.629850 - Epoc #	7120	 19.66433882713318
2023-07-13 03:27:17.327879 - Epoc #	7130	 19.698029041290283
2023-07-13 03:27:37.012954 - Epoc #	7140	 19.685075044631958
2023-07-13 03:27:57.261937 - Epoc #	7150	 20.248982906341553
2023-07-13 03:28:17.001577 - Epoc #	7160	 19.7396399974823
2023-07-13 03:28:36.862863 - Epoc #	7170	 19.861286163330078
2023-07-13 03:28:56.281849 - Epoc #	7180	 19.418985843658447
2023-07-13 03:29:15.090644 - Epoc #	7190	 18.80879497528076
2023-07-13 03:29:36.287349 - Epoc #	7200	 21.196705102920532
2023-07-13 03:29:57.659752 - Epoc #	7210	 21.372402906417847
2023-07-13 03:30:17.624059 - Epoc #	7220	 19.964307069778442
2023-07-13 03:30:37.591764 - Epoc #	7230	 19.967705011367798
2023-07-13 03:30:58.531410 - Epoc #	7240	 20.939646005630493
2023-07-13 03:31:18.406254 - Epoc #	7250	 19.874844074249268
2023-07-13 03:31:37.637263 - Epoc #	7260	 19.231009006500244
2023-07-13 03:32:00.206100 - Epoc #	7270	 22.56883692741394
2023-07-13 03:32:20.450141 - Epoc #	7280	 20.244040966033936
2023-07-13 03:32:39.718597 - Epoc #	7290	 19.268455982208252
2023-07-13 03:33:01.530860 - Epoc #	7300	 21.812263011932373
2023-07-13 03:33:21.631647 - Epoc #	7310	 20.10078716278076
2023-07-13 03:33:42.124855 - Epoc #	7320	 20.493207931518555
2023-07-13 03:34:02.144971 - Epoc #	7330	 20.020115852355957
2023-07-13 03:34:21.802970 - Epoc #	7340	 19.65799903869629
2023-07-13 03:34:42.096433 - Epoc #	7350	 20.293462991714478
2023-07-13 03:35:03.893502 - Epoc #	7360	 21.79706907272339
2023-07-13 03:35:25.679218 - Epoc #	7370	 21.78571605682373
2023-07-13 03:35:45.171519 - Epoc #	7380	 19.492300987243652
2023-07-13 03:36:06.124363 - Epoc #	7390	 20.95284390449524
2023-07-13 03:36:26.406065 - Epoc #	7400	 20.281702041625977
2023-07-13 03:36:46.724463 - Epoc #	7410	 20.318397998809814
2023-07-13 03:37:07.274940 - Epoc #	7420	 20.550477027893066
2023-07-13 03:37:27.457226 - Epoc #	7430	 20.182286024093628
2023-07-13 03:37:46.777067 - Epoc #	7440	 19.319840908050537
2023-07-13 03:38:07.020226 - Epoc #	7450	 20.24315905570984
2023-07-13 03:38:25.915253 - Epoc #	7460	 18.895026922225952
2023-07-13 03:38:46.983374 - Epoc #	7470	 21.068121194839478
2023-07-13 03:39:07.165898 - Epoc #	7480	 20.18252396583557
2023-07-13 03:39:27.399605 - Epoc #	7490	 20.233706951141357
2023-07-13 03:39:47.870155 - Epoc #	7500	 20.470550060272217
2023-07-13 03:40:07.484044 - Epoc #	7510	 19.61388897895813
2023-07-13 03:40:27.148631 - Epoc #	7520	 19.664587020874023
2023-07-13 03:40:48.725748 - Epoc #	7530	 21.57711696624756
2023-07-13 03:41:09.191139 - Epoc #	7540	 20.465390920639038
2023-07-13 03:41:31.963088 - Epoc #	7550	 22.77194905281067
2023-07-13 03:41:54.203573 - Epoc #	7560	 22.240484952926636
2023-07-13 03:42:13.549128 - Epoc #	7570	 19.345555067062378
2023-07-13 03:42:33.057751 - Epoc #	7580	 19.508622884750366
2023-07-13 03:42:56.043184 - Epoc #	7590	 22.985433101654053
2023-07-13 03:43:15.323575 - Epoc #	7600	 19.264760971069336
2023-07-13 03:43:34.863052 - Epoc #	7610	 19.53947687149048
2023-07-13 03:43:54.780604 - Epoc #	7620	 19.91755199432373
2023-07-13 03:44:14.917641 - Epoc #	7630	 20.1370370388031
2023-07-13 03:44:35.394287 - Epoc #	7640	 20.476646184921265
2023-07-13 03:44:56.085371 - Epoc #	7650	 20.691083908081055
2023-07-13 03:45:17.004771 - Epoc #	7660	 20.919399976730347
2023-07-13 03:45:36.598290 - Epoc #	7670	 19.59351897239685
2023-07-13 03:45:56.871267 - Epoc #	7680	 20.272977113723755
2023-07-13 03:46:16.518415 - Epoc #	7690	 19.64714789390564
2023-07-13 03:46:36.777124 - Epoc #	7700	 20.258708953857422
2023-07-13 03:46:57.230247 - Epoc #	7710	 20.453123092651367
2023-07-13 03:47:18.664097 - Epoc #	7720	 21.433850049972534
2023-07-13 03:47:39.207449 - Epoc #	7730	 20.543351888656616
2023-07-13 03:47:59.322164 - Epoc #	7740	 20.114715099334717
2023-07-13 03:48:19.346659 - Epoc #	7750	 20.024494886398315
2023-07-13 03:48:39.630441 - Epoc #	7760	 20.28378200531006
2023-07-13 03:49:01.914616 - Epoc #	7770	 22.284175157546997
2023-07-13 03:49:21.073639 - Epoc #	7780	 19.15902280807495
2023-07-13 03:49:42.235748 - Epoc #	7790	 21.16210913658142
2023-07-13 03:50:02.856390 - Epoc #	7800	 20.620641946792603
2023-07-13 03:50:22.570219 - Epoc #	7810	 19.713829040527344
2023-07-13 03:50:43.023961 - Epoc #	7820	 20.453742027282715
2023-07-13 03:51:03.620512 - Epoc #	7830	 20.596550941467285
2023-07-13 03:51:24.064430 - Epoc #	7840	 20.443917989730835
2023-07-13 03:51:44.112873 - Epoc #	7850	 20.04844307899475
2023-07-13 03:52:03.885834 - Epoc #	7860	 19.772960901260376
2023-07-13 03:52:25.375440 - Epoc #	7870	 21.48960590362549
2023-07-13 03:52:48.156520 - Epoc #	7880	 22.7810800075531
2023-07-13 03:53:08.332863 - Epoc #	7890	 20.176343202590942
2023-07-13 03:53:28.314223 - Epoc #	7900	 19.98135995864868
2023-07-13 03:53:51.301159 - Epoc #	7910	 22.98693585395813
2023-07-13 03:54:11.030136 - Epoc #	7920	 19.72897720336914
2023-07-13 03:54:31.977918 - Epoc #	7930	 20.947781801223755
2023-07-13 03:54:47.114051 - Time between reward step: #	15909.334899187088
2023-07-13 03:54:47.114051 - Average Score: 33.00 Elapsed time: 4:25:11.547081
2023-07-13 03:54:52.906630 - Epoc #	7940	 20.928712129592896
2023-07-13 03:55:10.027492 - Time between reward step: #	15932.248340129852
2023-07-13 03:55:10.027492 - Average Score: 34.00 Elapsed time: 4:25:34.468401
2023-07-13 03:55:13.972765 - Epoc #	7950	 21.066134929656982
2023-07-13 03:55:25.059006 - Time between reward step: #	15947.27985405922
2023-07-13 03:55:25.059006 - Average Score: 35.00 Elapsed time: 4:25:49.489884
2023-07-13 03:55:35.269800 - Time between reward step: #	15957.490648031235
2023-07-13 03:55:35.269800 - Average Score: 36.00 Elapsed time: 4:25:59.700600
2023-07-13 03:55:35.269800 - Epoc #	7960	 21.297034978866577
2023-07-13 03:55:55.769994 - Epoc #	7970	 20.50019407272339
2023-07-13 03:56:17.514530 - Epoc #	7980	 21.74453592300415
2023-07-13 03:56:37.731417 - Epoc #	7990	 20.2168869972229
2023-07-13 03:56:57.685746 - Epoc #	8000	 19.954329013824463
2023-07-13 03:57:19.092081 - Epoc #	8010	 21.40633511543274
2023-07-13 03:57:39.241749 - Epoc #	8020	 20.149667978286743
2023-07-13 03:57:59.144943 - Epoc #	8030	 19.903193950653076
2023-07-13 03:58:19.076837 - Epoc #	8040	 19.931894063949585
2023-07-13 03:58:40.011017 - Epoc #	8050	 20.93418002128601
2023-07-13 03:58:59.927830 - Epoc #	8060	 19.916812896728516
2023-07-13 03:59:19.930801 - Epoc #	8070	 20.002970933914185
2023-07-13 03:59:40.575256 - Epoc #	8080	 20.644455194473267
2023-07-13 04:00:01.164384 - Epoc #	8090	 20.589127779006958
2023-07-13 04:00:21.628285 - Epoc #	8100	 20.463901042938232
2023-07-13 04:00:41.758715 - Epoc #	8110	 20.130429983139038
2023-07-13 04:01:02.222945 - Epoc #	8120	 20.464230060577393
2023-07-13 04:01:22.551457 - Epoc #	8130	 20.328511953353882
2023-07-13 04:01:42.421843 - Epoc #	8140	 19.870386123657227
2023-07-13 04:02:03.762357 - Epoc #	8150	 21.340513944625854
2023-07-13 04:02:06.020758 - Time between reward step: #	16348.241605997086
2023-07-13 04:02:06.020758 - Average Score: 37.00 Elapsed time: 4:32:30.452577
2023-07-13 04:02:11.740667 - Time between reward step: #	16353.961515188217
2023-07-13 04:02:11.740667 - Average Score: 38.00 Elapsed time: 4:32:36.182113
2023-07-13 04:02:24.178714 - Epoc #	8160	 20.416357040405273
2023-07-13 04:02:36.611966 - Time between reward step: #	16378.832813978195
2023-07-13 04:02:36.611966 - Average Score: 39.00 Elapsed time: 4:33:01.049139
2023-07-13 04:02:44.578088 - Epoc #	8170	 20.39937400817871
2023-07-13 04:03:05.528222 - Epoc #	8180	 20.95013403892517
2023-07-13 04:03:26.262160 - Epoc #	8190	 20.733937978744507
2023-07-13 04:03:46.174565 - Epoc #	8200	 19.912405014038086
2023-07-13 04:04:05.715262 - Epoc #	8210	 19.54069685935974
2023-07-13 04:04:26.580278 - Epoc #	8220	 20.865015983581543
2023-07-13 04:04:47.498700 - Epoc #	8230	 20.918421983718872
2023-07-13 04:05:08.024470 - Epoc #	8240	 20.52577018737793
2023-07-13 04:05:29.872674 - Epoc #	8250	 21.848203897476196
2023-07-13 04:05:49.710782 - Epoc #	8260	 19.83810806274414
2023-07-13 04:06:10.960024 - Epoc #	8270	 21.249242067337036
2023-07-13 04:06:30.394314 - Epoc #	8280	 19.434289932250977
2023-07-13 04:06:51.064597 - Epoc #	8290	 20.67028284072876
2023-07-13 04:07:11.133544 - Epoc #	8300	 20.068947076797485
2023-07-13 04:07:31.823623 - Epoc #	8310	 20.69007897377014
2023-07-13 04:07:52.026261 - Epoc #	8320	 20.202638149261475
2023-07-13 04:08:11.805869 - Epoc #	8330	 19.779608011245728
2023-07-13 04:08:31.765690 - Epoc #	8340	 19.959820985794067
2023-07-13 04:08:52.060312 - Epoc #	8350	 20.29462194442749
2023-07-13 04:09:12.223903 - Epoc #	8360	 20.163590908050537
2023-07-13 04:09:32.500402 - Epoc #	8370	 20.276499032974243
2023-07-13 04:09:52.846386 - Epoc #	8380	 20.34598398208618
2023-07-13 04:10:14.120093 - Epoc #	8390	 21.273707151412964
2023-07-13 04:10:34.768542 - Epoc #	8400	 20.648448944091797
2023-07-13 04:10:55.107408 - Epoc #	8410	 20.338865995407104
2023-07-13 04:11:16.588777 - Epoc #	8420	 21.481369018554688
2023-07-13 04:11:37.175516 - Epoc #	8430	 20.58673882484436
2023-07-13 04:11:58.981995 - Epoc #	8440	 21.80647921562195
2023-07-13 04:12:19.097566 - Epoc #	8450	 20.115570783615112
2023-07-13 04:12:38.807119 - Epoc #	8460	 19.709553003311157
2023-07-13 04:12:59.476897 - Epoc #	8470	 20.6697781085968
2023-07-13 04:13:20.110705 - Epoc #	8480	 20.63380789756775
2023-07-13 04:13:39.801947 - Epoc #	8490	 19.691242218017578
2023-07-13 04:14:01.628015 - Epoc #	8500	 21.82606792449951
2023-07-13 04:14:22.977513 - Epoc #	8510	 21.34949803352356
2023-07-13 04:14:43.036209 - Epoc #	8520	 20.058696031570435
2023-07-13 04:15:04.666149 - Epoc #	8530	 21.629939794540405
2023-07-13 04:15:25.241859 - Epoc #	8540	 20.57571005821228
2023-07-13 04:15:47.169815 - Epoc #	8550	 21.927956104278564
2023-07-13 04:16:08.559566 - Epoc #	8560	 21.389750957489014
2023-07-13 04:16:30.490360 - Epoc #	8570	 21.93079400062561
2023-07-13 04:16:51.393770 - Epoc #	8580	 20.903409957885742
2023-07-13 04:17:12.140848 - Epoc #	8590	 20.74707794189453
2023-07-13 04:17:33.484285 - Epoc #	8600	 21.34343719482422
2023-07-13 04:17:53.746442 - Epoc #	8610	 20.26215696334839
2023-07-13 04:18:13.673355 - Epoc #	8620	 19.926913022994995
2023-07-13 04:18:33.952485 - Epoc #	8630	 20.27912998199463
2023-07-13 04:18:54.270323 - Epoc #	8640	 20.317837953567505
2023-07-13 04:19:15.458798 - Epoc #	8650	 21.188474893569946
2023-07-13 04:19:36.045215 - Epoc #	8660	 20.586416959762573
2023-07-13 04:19:56.584147 - Epoc #	8670	 20.53893208503723
2023-07-13 04:20:17.480802 - Epoc #	8680	 20.896655082702637
2023-07-13 04:20:37.490870 - Epoc #	8690	 20.0100679397583
2023-07-13 04:20:59.090353 - Epoc #	8700	 21.599483013153076
2023-07-13 04:21:19.738708 - Epoc #	8710	 20.64835500717163
2023-07-13 04:21:40.748344 - Epoc #	8720	 21.00963592529297
2023-07-13 04:22:01.313626 - Epoc #	8730	 20.565282106399536
2023-07-13 04:22:03.480559 - Time between reward step: #	17545.701407194138
2023-07-13 04:22:03.480559 - Average Score: 40.00 Elapsed time: 4:52:27.916991
2023-07-13 04:22:07.975771 - Time between reward step: #	17550.196619033813
2023-07-13 04:22:07.975771 - Average Score: 41.00 Elapsed time: 4:52:32.410001
2023-07-13 04:22:10.322713 - Time between reward step: #	17552.54356098175
2023-07-13 04:22:10.322713 - Average Score: 42.00 Elapsed time: 4:52:34.756888
2023-07-13 04:22:20.457938 - Time between reward step: #	17562.678786039352
2023-07-13 04:22:20.457938 - Average Score: 43.00 Elapsed time: 4:52:44.892287
2023-07-13 04:22:22.543162 - Epoc #	8740	 21.229536056518555
2023-07-13 04:22:24.860640 - Time between reward step: #	17567.081488132477
2023-07-13 04:22:24.860640 - Average Score: 44.00 Elapsed time: 4:52:49.290173
2023-07-13 04:22:44.100440 - Epoc #	8750	 21.55727791786194
2023-07-13 04:23:03.808024 - Epoc #	8760	 19.707583904266357
2023-07-13 04:23:25.726670 - Epoc #	8770	 21.918646097183228
2023-07-13 04:23:40.989918 - Time between reward step: #	17643.21076607704
2023-07-13 04:23:40.989918 - Average Score: 45.00 Elapsed time: 4:54:05.430033
2023-07-13 04:23:46.838480 - Epoc #	8780	 21.111809968948364
2023-07-13 04:23:49.031299 - Time between reward step: #	17651.252147197723
2023-07-13 04:23:49.031299 - Average Score: 46.00 Elapsed time: 4:54:13.470847
2023-07-13 04:24:08.293557 - Epoc #	8790	 21.455076932907104
2023-07-13 04:24:29.336721 - Epoc #	8800	 21.043164014816284
2023-07-13 04:24:50.082775 - Epoc #	8810	 20.74605417251587
2023-07-13 04:25:10.610903 - Epoc #	8820	 20.528127908706665
2023-07-13 04:25:31.000214 - Epoc #	8830	 20.38931107521057
2023-07-13 04:25:51.652161 - Epoc #	8840	 20.651946783065796
2023-07-13 04:26:13.241846 - Epoc #	8850	 21.589685201644897
2023-07-13 04:26:34.215681 - Epoc #	8860	 20.973834991455078
2023-07-13 04:26:55.278339 - Epoc #	8870	 21.062657833099365
2023-07-13 04:27:15.470552 - Epoc #	8880	 20.19221305847168
2023-07-13 04:27:35.626561 - Epoc #	8890	 20.15600895881653
2023-07-13 04:27:56.202205 - Epoc #	8900	 20.57564401626587
2023-07-13 04:28:17.230066 - Epoc #	8910	 21.02786111831665
2023-07-13 04:28:37.516498 - Epoc #	8920	 20.286432027816772
2023-07-13 04:28:58.790522 - Epoc #	8930	 21.27402400970459
2023-07-13 04:29:19.728022 - Epoc #	8940	 20.9375
2023-07-13 04:29:39.570870 - Epoc #	8950	 19.84284782409668
2023-07-13 04:30:01.361021 - Epoc #	8960	 21.790151119232178
2023-07-13 04:30:23.100062 - Epoc #	8970	 21.739040851593018
2023-07-13 04:30:43.927251 - Epoc #	8980	 20.827189207077026
2023-07-13 04:31:04.805267 - Epoc #	8990	 20.878015995025635
2023-07-13 04:31:25.650575 - Epoc #	9000	 20.84530782699585
2023-07-13 04:31:46.465702 - Epoc #	9010	 20.81512713432312
2023-07-13 04:32:06.954960 - Epoc #	9020	 20.48925805091858
2023-07-13 04:32:28.068883 - Epoc #	9030	 21.113922834396362
2023-07-13 04:32:48.375716 - Epoc #	9040	 20.306833028793335
2023-07-13 04:33:08.917414 - Epoc #	9050	 20.54169797897339
2023-07-13 04:33:30.877465 - Epoc #	9060	 21.9600510597229
2023-07-13 04:33:51.283817 - Epoc #	9070	 20.406352043151855
2023-07-13 04:34:13.095212 - Epoc #	9080	 21.811394929885864
2023-07-13 04:34:34.604035 - Epoc #	9090	 21.508822917938232
2023-07-13 04:34:55.655655 - Epoc #	9100	 21.05162000656128
2023-07-13 04:35:00.052225 - Time between reward step: #	18322.27307319641
2023-07-13 04:35:00.052225 - Average Score: 47.00 Elapsed time: 5:05:24.483625
2023-07-13 04:35:05.061550 - Time between reward step: #	18327.28239798546
2023-07-13 04:35:05.061550 - Average Score: 48.00 Elapsed time: 5:05:29.498001
2023-07-13 04:35:17.706359 - Epoc #	9110	 22.05070400238037
2023-07-13 04:35:38.720934 - Epoc #	9120	 21.014575004577637
2023-07-13 04:35:59.857947 - Epoc #	9130	 21.13701319694519
2023-07-13 04:36:20.805918 - Epoc #	9140	 20.947970867156982
2023-07-13 04:36:30.069375 - Time between reward step: #	18412.290223121643
2023-07-13 04:36:30.069375 - Average Score: 49.00 Elapsed time: 5:06:54.502160
2023-07-13 04:36:41.686742 - Epoc #	9150	 20.880824089050293
2023-07-13 04:37:03.492381 - Epoc #	9160	 21.805639028549194
2023-07-13 04:37:23.365949 - Epoc #	9170	 19.873567819595337
2023-07-13 04:37:46.552023 - Epoc #	9180	 23.186074018478394
2023-07-13 04:38:07.862165 - Epoc #	9190	 21.310142040252686
2023-07-13 04:38:28.742025 - Epoc #	9200	 20.879859924316406
2023-07-13 04:38:49.361816 - Epoc #	9210	 20.61979103088379
2023-07-13 04:39:09.592188 - Epoc #	9220	 20.230371952056885
2023-07-13 04:39:29.439666 - Epoc #	9230	 19.84747815132141
2023-07-13 04:39:49.666781 - Epoc #	9240	 20.22711491584778
2023-07-13 04:40:10.842830 - Epoc #	9250	 21.17604899406433
2023-07-13 04:40:32.387558 - Epoc #	9260	 21.54472804069519
2023-07-13 04:40:53.255995 - Epoc #	9270	 20.86843705177307
2023-07-13 04:41:14.156840 - Epoc #	9280	 20.900845050811768
2023-07-13 04:41:35.803752 - Epoc #	9290	 21.64691185951233
2023-07-13 04:41:56.692847 - Epoc #	9300	 20.889095067977905
2023-07-13 04:42:16.842780 - Epoc #	9310	 20.149933099746704
2023-07-13 04:42:36.806715 - Epoc #	9320	 19.963934898376465
2023-07-13 04:42:57.169205 - Epoc #	9330	 20.362489938735962
2023-07-13 04:43:17.047278 - Epoc #	9340	 19.87807297706604
2023-07-13 04:43:38.826899 - Epoc #	9350	 21.779621124267578
2023-07-13 04:44:00.899279 - Epoc #	9360	 22.07238006591797
2023-07-13 04:44:21.597341 - Epoc #	9370	 20.6980619430542
2023-07-13 04:44:41.811747 - Epoc #	9380	 20.21440601348877
2023-07-13 04:45:01.948898 - Epoc #	9390	 20.13715100288391
2023-07-13 04:45:22.681570 - Epoc #	9400	 20.732671976089478
2023-07-13 04:45:43.958067 - Epoc #	9410	 21.27649688720703
2023-07-13 04:46:05.854965 - Epoc #	9420	 21.89689803123474
2023-07-13 04:46:26.914700 - Epoc #	9430	 21.05973505973816
2023-07-13 04:46:48.201205 - Epoc #	9440	 21.286504983901978
2023-07-13 04:47:09.315706 - Epoc #	9450	 21.114500999450684
2023-07-13 04:47:28.417330 - Epoc #	9460	 19.101624011993408
2023-07-13 04:47:48.379187 - Epoc #	9470	 19.961857080459595
2023-07-13 04:48:09.109941 - Epoc #	9480	 20.730753898620605
2023-07-13 04:48:29.419365 - Epoc #	9490	 20.30942392349243
2023-07-13 04:48:49.821717 - Epoc #	9500	 20.40235209465027
2023-07-13 04:49:09.855931 - Epoc #	9510	 20.03421401977539
2023-07-13 04:49:30.577832 - Epoc #	9520	 20.721900939941406
2023-07-13 04:49:50.842234 - Epoc #	9530	 20.26440191268921
2023-07-13 04:50:10.515252 - Epoc #	9540	 19.673018217086792
2023-07-13 04:50:30.653079 - Epoc #	9550	 20.137826919555664
2023-07-13 04:50:50.590177 - Epoc #	9560	 19.937098026275635
2023-07-13 04:51:11.126653 - Epoc #	9570	 20.536475896835327
2023-07-13 04:51:31.606390 - Epoc #	9580	 20.479737043380737
2023-07-13 04:51:51.909190 - Epoc #	9590	 20.302799940109253
2023-07-13 04:52:12.339316 - Epoc #	9600	 20.430125951766968
2023-07-13 04:52:33.306469 - Epoc #	9610	 20.967153072357178
2023-07-13 04:52:55.015918 - Epoc #	9620	 21.70944905281067
2023-07-13 04:53:15.202964 - Epoc #	9630	 20.18704605102539
2023-07-13 04:53:37.109941 - Epoc #	9640	 21.90697693824768
2023-07-13 04:53:58.483147 - Epoc #	9650	 21.37320590019226
2023-07-13 04:54:19.837346 - Epoc #	9660	 21.354199171066284
2023-07-13 04:54:40.562656 - Epoc #	9670	 20.7253098487854
2023-07-13 04:55:01.423659 - Epoc #	9680	 20.861003160476685
2023-07-13 04:55:21.848989 - Epoc #	9690	 20.42532992362976
2023-07-13 04:55:43.041377 - Epoc #	9700	 21.19238805770874
2023-07-13 04:56:03.675154 - Epoc #	9710	 20.633776903152466
2023-07-13 04:56:24.554682 - Epoc #	9720	 20.879528045654297
2023-07-13 04:56:45.173648 - Epoc #	9730	 20.618966102600098
2023-07-13 04:57:05.139300 - Epoc #	9740	 19.965651988983154
2023-07-13 04:57:25.888992 - Epoc #	9750	 20.7496919631958
2023-07-13 04:57:46.536289 - Epoc #	9760	 20.647296905517578
2023-07-13 04:58:06.561430 - Epoc #	9770	 20.02514100074768
2023-07-13 04:58:27.108865 - Epoc #	9780	 20.54743504524231
2023-07-13 04:58:47.521389 - Epoc #	9790	 20.412523984909058
2023-07-13 04:59:07.564396 - Epoc #	9800	 20.043006896972656
2023-07-13 04:59:27.167985 - Epoc #	9810	 19.603589057922363
2023-07-13 04:59:47.457813 - Epoc #	9820	 20.289828062057495
2023-07-13 05:00:08.214804 - Epoc #	9830	 20.756990909576416
2023-07-13 05:00:28.544173 - Epoc #	9840	 20.329369068145752
2023-07-13 05:00:48.768870 - Epoc #	9850	 20.22469711303711
2023-07-13 05:01:10.252737 - Epoc #	9860	 21.483866930007935
2023-07-13 05:01:30.568228 - Epoc #	9870	 20.31549096107483
2023-07-13 05:01:50.859769 - Epoc #	9880	 20.29154109954834
2023-07-13 05:02:11.241593 - Epoc #	9890	 20.381823778152466
2023-07-13 05:02:31.580716 - Epoc #	9900	 20.339123010635376
2023-07-13 05:02:52.090601 - Epoc #	9910	 20.50988507270813
2023-07-13 05:03:12.169641 - Epoc #	9920	 20.079040050506592
2023-07-13 05:03:32.549450 - Epoc #	9930	 20.37980890274048
2023-07-13 05:03:52.449315 - Epoc #	9940	 19.89986515045166
2023-07-13 05:04:13.149268 - Epoc #	9950	 20.699952840805054
2023-07-13 05:04:34.212126 - Epoc #	9960	 21.06285810470581
2023-07-13 05:04:53.735514 - Epoc #	9970	 19.523387908935547
2023-07-13 05:05:14.270248 - Epoc #	9980	 20.53473401069641
2023-07-13 05:05:34.057963 - Epoc #	9990	 19.787714958190918
2023-07-13 05:05:54.126750 - Epoc #	10000	 20.068787097930908
2023-07-13 05:06:14.291163 - Epoc #	10010	 20.16441297531128
2023-07-13 05:06:34.425785 - Epoc #	10020	 20.13462209701538
2023-07-13 05:06:55.121885 - Epoc #	10030	 20.696099996566772
2023-07-13 05:07:15.296548 - Epoc #	10040	 20.159034967422485
2023-07-13 05:07:35.869340 - Epoc #	10050	 20.572792053222656
2023-07-13 05:07:55.542141 - Epoc #	10060	 19.67280101776123
2023-07-13 05:08:16.334588 - Epoc #	10070	 20.792447090148926
2023-07-13 05:08:36.998497 - Epoc #	10080	 20.66390895843506
2023-07-13 05:08:57.648804 - Epoc #	10090	 20.650306940078735
2023-07-13 05:09:18.822739 - Epoc #	10100	 21.173934936523438
2023-07-13 05:09:39.786475 - Epoc #	10110	 20.963736057281494
2023-07-13 05:09:59.462033 - Epoc #	10120	 19.67555809020996
2023-07-13 05:10:19.659494 - Epoc #	10130	 20.197460889816284
2023-07-13 05:10:40.927745 - Epoc #	10140	 21.268251180648804
2023-07-13 05:11:01.511864 - Epoc #	10150	 20.584118843078613
2023-07-13 05:11:22.192153 - Epoc #	10160	 20.680289030075073
2023-07-13 05:11:42.066616 - Epoc #	10170	 19.874463081359863
2023-07-13 05:12:02.546134 - Epoc #	10180	 20.479517936706543
2023-07-13 05:12:23.514157 - Epoc #	10190	 20.96802306175232
2023-07-13 05:12:45.034089 - Epoc #	10200	 21.51993203163147
2023-07-13 05:13:06.145684 - Epoc #	10210	 21.111594915390015
2023-07-13 05:13:26.947014 - Epoc #	10220	 20.801330089569092
2023-07-13 05:13:47.015919 - Epoc #	10230	 20.068904876708984
2023-07-13 05:14:07.365704 - Epoc #	10240	 20.349785089492798
2023-07-13 05:14:27.125855 - Epoc #	10250	 19.760150909423828
2023-07-13 05:14:46.801661 - Epoc #	10260	 19.675806045532227
2023-07-13 05:15:07.546217 - Epoc #	10270	 20.744555950164795
2023-07-13 05:15:27.923251 - Epoc #	10280	 20.377033948898315
2023-07-13 05:15:47.994415 - Epoc #	10290	 20.07116413116455
2023-07-13 05:16:07.815511 - Epoc #	10300	 19.821095943450928
2023-07-13 05:16:27.415368 - Epoc #	10310	 19.599857091903687
2023-07-13 05:16:47.799146 - Epoc #	10320	 20.383777856826782
2023-07-13 05:17:07.762356 - Epoc #	10330	 19.963210105895996
2023-07-13 05:17:27.438291 - Epoc #	10340	 19.67593502998352
2023-07-13 05:17:48.089401 - Epoc #	10350	 20.65110993385315
2023-07-13 05:18:08.788054 - Epoc #	10360	 20.698652982711792
2023-07-13 05:18:29.332237 - Epoc #	10370	 20.544183015823364
2023-07-13 05:18:49.371715 - Epoc #	10380	 20.039478063583374
2023-07-13 05:19:10.234730 - Epoc #	10390	 20.863014936447144
2023-07-13 05:19:30.245156 - Epoc #	10400	 20.01042604446411
2023-07-13 05:19:50.909548 - Epoc #	10410	 20.66439199447632
2023-07-13 05:20:13.201253 - Epoc #	10420	 22.291704893112183
2023-07-13 05:20:33.520421 - Epoc #	10430	 20.319168090820312
2023-07-13 05:20:54.652799 - Epoc #	10440	 21.132377862930298
2023-07-13 05:21:14.961164 - Epoc #	10450	 20.30836510658264
2023-07-13 05:21:36.016492 - Epoc #	10460	 21.055327892303467
2023-07-13 05:21:57.005559 - Epoc #	10470	 20.98906707763672
2023-07-13 05:22:17.900796 - Epoc #	10480	 20.89523696899414
2023-07-13 05:22:38.596542 - Epoc #	10490	 20.695745944976807
2023-07-13 05:22:58.458925 - Epoc #	10500	 19.862383127212524
2023-07-13 05:23:18.640716 - Epoc #	10510	 20.181791067123413
2023-07-13 05:23:38.480543 - Epoc #	10520	 19.839826822280884
2023-07-13 05:23:59.143868 - Epoc #	10530	 20.66332507133484
2023-07-13 05:24:19.870178 - Epoc #	10540	 20.72631001472473
2023-07-13 05:24:39.847831 - Epoc #	10550	 19.97765302658081
2023-07-13 05:25:00.124114 - Epoc #	10560	 20.276283025741577
2023-07-13 05:25:20.167231 - Epoc #	10570	 20.0431170463562
2023-07-13 05:25:41.115773 - Epoc #	10580	 20.94854187965393
2023-07-13 05:26:00.178732 - Epoc #	10590	 19.06295895576477
2023-07-13 05:26:21.068397 - Epoc #	10600	 20.889665126800537
2023-07-13 05:26:42.370714 - Epoc #	10610	 21.302316904067993
2023-07-13 05:27:03.233152 - Epoc #	10620	 20.862437963485718
2023-07-13 05:27:23.401571 - Epoc #	10630	 20.168419122695923
2023-07-13 05:27:43.884401 - Epoc #	10640	 20.482830047607422
2023-07-13 05:28:04.237564 - Epoc #	10650	 20.35316300392151
2023-07-13 05:28:24.373593 - Epoc #	10660	 20.13602900505066
2023-07-13 05:28:44.011522 - Epoc #	10670	 19.63792896270752
2023-07-13 05:29:05.849202 - Epoc #	10680	 21.837679862976074
2023-07-13 05:29:25.746743 - Epoc #	10690	 19.897541046142578
2023-07-13 05:29:47.554380 - Epoc #	10700	 21.807636976242065
2023-07-13 05:30:08.062189 - Epoc #	10710	 20.507809162139893
2023-07-13 05:30:28.706497 - Epoc #	10720	 20.644307851791382
2023-07-13 05:30:48.796879 - Epoc #	10730	 20.09038209915161
2023-07-13 05:31:09.110123 - Epoc #	10740	 20.313243865966797
2023-07-13 05:31:29.356196 - Epoc #	10750	 20.246073007583618
2023-07-13 05:31:50.500535 - Epoc #	10760	 21.144339084625244
2023-07-13 05:32:10.713556 - Epoc #	10770	 20.21302103996277
2023-07-13 05:32:30.617146 - Epoc #	10780	 19.903589963912964
2023-07-13 05:32:50.079583 - Epoc #	10790	 19.46243691444397
2023-07-13 05:33:11.064360 - Epoc #	10800	 20.984776973724365
2023-07-13 05:33:30.786366 - Epoc #	10810	 19.72200608253479
2023-07-13 05:33:50.788317 - Epoc #	10820	 20.001950979232788
2023-07-13 05:34:12.178753 - Epoc #	10830	 21.390435934066772
2023-07-13 05:34:32.002767 - Epoc #	10840	 19.82401418685913
2023-07-13 05:34:51.602032 - Epoc #	10850	 19.5992648601532
2023-07-13 05:35:12.078956 - Epoc #	10860	 20.476923942565918
2023-07-13 05:35:33.081038 - Epoc #	10870	 21.002082109451294
2023-07-13 05:35:52.957577 - Epoc #	10880	 19.86090898513794
2023-07-13 05:36:13.155317 - Epoc #	10890	 20.197740077972412
2023-07-13 05:36:33.968456 - Epoc #	10900	 20.813138961791992
2023-07-13 05:36:54.801516 - Epoc #	10910	 20.833060026168823
2023-07-13 05:37:14.094097 - Epoc #	10920	 19.2925808429718
2023-07-13 05:37:34.414905 - Epoc #	10930	 20.320808172225952
2023-07-13 05:37:54.846670 - Epoc #	10940	 20.431764841079712
2023-07-13 05:38:15.639942 - Epoc #	10950	 20.793272018432617
2023-07-13 05:38:36.425764 - Epoc #	10960	 20.78582215309143
2023-07-13 05:38:57.050654 - Epoc #	10970	 20.624889850616455
2023-07-13 05:39:17.732413 - Epoc #	10980	 20.681759119033813
2023-07-13 05:39:38.243886 - Epoc #	10990	 20.511472940444946
2023-07-13 05:39:58.621399 - Epoc #	11000	 20.37751293182373
2023-07-13 05:40:20.240118 - Epoc #	11010	 21.61871910095215
2023-07-13 05:40:41.374162 - Epoc #	11020	 21.13404393196106
2023-07-13 05:41:05.632402 - Epoc #	11030	 24.25823998451233
2023-07-13 05:41:27.716651 - Epoc #	11040	 22.084249019622803
2023-07-13 05:41:48.908849 - Epoc #	11050	 21.192198038101196
2023-07-13 05:42:09.656433 - Epoc #	11060	 20.747584104537964
2023-07-13 05:42:31.395174 - Time between reward step: #	22373.616022109985
2023-07-13 05:42:31.395174 - Average Score: 50.00 Elapsed time: 6:12:55.831068
2023-07-13 05:42:31.395174 - Epoc #	11070	 21.738740921020508
2023-07-13 05:42:33.584396 - Time between reward step: #	22375.805243968964
2023-07-13 05:42:33.584396 - Average Score: 51.00 Elapsed time: 6:12:58.023253
2023-07-13 05:42:42.474698 - Time between reward step: #	22384.695546150208
2023-07-13 05:42:42.474698 - Average Score: 52.00 Elapsed time: 6:13:06.906571
2023-07-13 05:42:53.091465 - Epoc #	11080	 21.696290969848633
2023-07-13 05:43:14.373562 - Epoc #	11090	 21.282097101211548
2023-07-13 05:43:24.602496 - Time between reward step: #	22426.823343992233
2023-07-13 05:43:24.602496 - Average Score: 53.00 Elapsed time: 6:13:49.036011
2023-07-13 05:43:34.101682 - Epoc #	11100	 19.72811985015869
2023-07-13 05:43:55.026338 - Epoc #	11110	 20.92465615272522
2023-07-13 05:44:15.568993 - Epoc #	11120	 20.542654991149902
2023-07-13 05:44:36.370185 - Epoc #	11130	 20.801191806793213
2023-07-13 05:44:57.518346 - Epoc #	11140	 21.14816117286682
2023-07-13 05:45:18.151566 - Epoc #	11150	 20.633219957351685
2023-07-13 05:45:39.210540 - Epoc #	11160	 21.058974027633667
2023-07-13 05:45:49.983882 - Time between reward step: #	22572.204730033875
2023-07-13 05:45:49.983882 - Average Score: 54.00 Elapsed time: 6:16:14.413954
2023-07-13 05:45:54.145325 - Time between reward step: #	22576.366173028946
2023-07-13 05:45:54.145325 - Average Score: 55.00 Elapsed time: 6:16:18.585212
2023-07-13 05:46:00.480360 - Epoc #	11170	 21.269819974899292
2023-07-13 05:46:13.417479 - Time between reward step: #	22595.638327121735
2023-07-13 05:46:13.417479 - Average Score: 56.00 Elapsed time: 6:16:37.849930
2023-07-13 05:46:21.888574 - Epoc #	11180	 21.40821385383606
2023-07-13 05:46:42.843904 - Epoc #	11190	 20.95533013343811
2023-07-13 05:47:06.888326 - Epoc #	11200	 24.044421911239624
2023-07-13 05:47:28.818085 - Epoc #	11210	 21.92975902557373
2023-07-13 05:47:49.331415 - Epoc #	11220	 20.51332998275757
2023-07-13 05:48:09.711140 - Epoc #	11230	 20.379724979400635
2023-07-13 05:48:30.206620 - Epoc #	11240	 20.495480060577393
2023-07-13 05:48:51.180875 - Epoc #	11250	 20.974255084991455
2023-07-13 05:49:12.128767 - Epoc #	11260	 20.9478919506073
2023-07-13 05:49:31.807373 - Epoc #	11270	 19.678606033325195
2023-07-13 05:49:52.726401 - Epoc #	11280	 20.91902804374695
2023-07-13 05:50:12.632257 - Epoc #	11290	 19.905855894088745
2023-07-13 05:50:33.629546 - Epoc #	11300	 20.997288942337036
2023-07-13 05:50:55.054944 - Epoc #	11310	 21.425398111343384
2023-07-13 05:51:15.961281 - Epoc #	11320	 20.906337022781372
2023-07-13 05:51:36.941150 - Epoc #	11330	 20.97986888885498
2023-07-13 05:51:58.304473 - Epoc #	11340	 21.363322973251343
2023-07-13 05:52:19.501966 - Epoc #	11350	 21.197493076324463
2023-07-13 05:52:40.220344 - Epoc #	11360	 20.7183780670166
2023-07-13 05:53:01.441908 - Epoc #	11370	 21.221563816070557
2023-07-13 05:53:24.601825 - Epoc #	11380	 23.15991711616516
2023-07-13 05:53:45.909676 - Epoc #	11390	 21.3078510761261
2023-07-13 05:54:07.073501 - Epoc #	11400	 21.163825035095215
2023-07-13 05:54:30.467761 - Epoc #	11410	 23.394259929656982
2023-07-13 05:54:51.553538 - Epoc #	11420	 21.085777044296265
2023-07-13 05:55:12.058807 - Epoc #	11430	 20.505268812179565
2023-07-13 05:55:33.536584 - Epoc #	11440	 21.477777004241943
2023-07-13 05:55:55.425544 - Epoc #	11450	 21.888960123062134
2023-07-13 05:56:19.134803 - Epoc #	11460	 23.709259033203125
2023-07-13 05:56:41.610585 - Epoc #	11470	 22.47578191757202
2023-07-13 05:57:03.615402 - Epoc #	11480	 22.004817008972168
2023-07-13 05:57:26.620689 - Epoc #	11490	 23.005286931991577
2023-07-13 05:57:47.780833 - Epoc #	11500	 21.160144090652466
2023-07-13 05:58:08.636624 - Epoc #	11510	 20.855791091918945
2023-07-13 05:58:29.645668 - Epoc #	11520	 21.00904393196106
2023-07-13 05:58:52.486423 - Epoc #	11530	 22.840754985809326
2023-07-13 05:59:13.021034 - Epoc #	11540	 20.534610986709595
2023-07-13 05:59:34.593390 - Epoc #	11550	 21.57235598564148
2023-07-13 05:59:55.581095 - Epoc #	11560	 20.98770499229431
2023-07-13 06:00:18.459099 - Epoc #	11570	 22.87800407409668
2023-07-13 06:00:39.687913 - Epoc #	11580	 21.228813886642456
2023-07-13 06:01:01.077492 - Epoc #	11590	 21.38957905769348
2023-07-13 06:01:21.836778 - Epoc #	11600	 20.759285926818848
2023-07-13 06:01:42.173451 - Epoc #	11610	 20.33667302131653
2023-07-13 06:02:03.258008 - Epoc #	11620	 21.084557056427002
2023-07-13 06:02:23.516219 - Epoc #	11630	 20.25821089744568
2023-07-13 06:02:43.349236 - Epoc #	11640	 19.833017110824585
2023-07-13 06:03:05.153617 - Epoc #	11650	 21.804380893707275
2023-07-13 06:03:26.772319 - Epoc #	11660	 21.618702173233032
2023-07-13 06:03:48.109546 - Epoc #	11670	 21.33722686767578
2023-07-13 06:04:09.663227 - Epoc #	11680	 21.553681135177612
2023-07-13 06:04:31.262052 - Epoc #	11690	 21.598824977874756
2023-07-13 06:04:52.409580 - Epoc #	11700	 21.147527933120728
2023-07-13 06:05:13.705325 - Epoc #	11710	 21.29574489593506
2023-07-13 06:05:34.131508 - Epoc #	11720	 20.426183223724365
2023-07-13 06:05:54.362141 - Epoc #	11730	 20.230632781982422
2023-07-13 06:06:15.147533 - Epoc #	11740	 20.78539204597473
2023-07-13 06:06:36.605574 - Epoc #	11750	 21.458040952682495
2023-07-13 06:06:57.917349 - Epoc #	11760	 21.31177520751953
2023-07-13 06:07:20.196763 - Epoc #	11770	 22.27941393852234
2023-07-13 06:07:41.694801 - Epoc #	11780	 21.498038053512573
2023-07-13 06:08:03.008381 - Epoc #	11790	 21.31357979774475
2023-07-13 06:08:24.892078 - Epoc #	11800	 21.883697032928467
2023-07-13 06:08:47.432367 - Epoc #	11810	 22.540289163589478
2023-07-13 06:09:08.559325 - Epoc #	11820	 21.126957893371582
2023-07-13 06:09:28.914368 - Time between reward step: #	23991.135215997696
2023-07-13 06:09:28.914368 - Average Score: 57.00 Elapsed time: 6:39:53.352792
2023-07-13 06:09:28.914368 - Epoc #	11830	 20.355042934417725
2023-07-13 06:09:31.471262 - Time between reward step: #	23993.692110061646
2023-07-13 06:09:31.471262 - Average Score: 58.00 Elapsed time: 6:39:55.906556
2023-07-13 06:09:33.710971 - Time between reward step: #	23995.931819200516
2023-07-13 06:09:33.710971 - Average Score: 59.00 Elapsed time: 6:39:58.150006
2023-07-13 06:09:50.364494 - Epoc #	11840	 21.45012617111206
2023-07-13 06:10:11.254481 - Epoc #	11850	 20.889986991882324
2023-07-13 06:10:32.296457 - Epoc #	11860	 21.04197597503662
2023-07-13 06:10:53.927509 - Epoc #	11870	 21.631052017211914
2023-07-13 06:11:16.458659 - Epoc #	11880	 22.531149864196777
2023-07-13 06:11:37.318319 - Epoc #	11890	 20.859660148620605
2023-07-13 06:11:59.297933 - Epoc #	11900	 21.97961401939392
2023-07-13 06:12:20.912771 - Epoc #	11910	 21.614837884902954
2023-07-13 06:12:41.844896 - Epoc #	11920	 20.932125091552734
2023-07-13 06:13:04.655920 - Epoc #	11930	 22.811023950576782
2023-07-13 06:13:26.047217 - Epoc #	11940	 21.391296863555908
2023-07-13 06:13:47.172111 - Epoc #	11950	 21.12489414215088
2023-07-13 06:14:08.805194 - Epoc #	11960	 21.6330828666687
2023-07-13 06:14:29.393863 - Epoc #	11970	 20.588669061660767
2023-07-13 06:14:50.716781 - Epoc #	11980	 21.322917938232422
2023-07-13 06:15:11.298944 - Epoc #	11990	 20.582163095474243
2023-07-13 06:15:32.509354 - Epoc #	12000	 21.210410118103027
2023-07-13 06:15:53.243074 - Epoc #	12010	 20.73371982574463
2023-07-13 06:16:15.185968 - Epoc #	12020	 21.942893981933594
2023-07-13 06:16:36.498222 - Epoc #	12030	 21.312254190444946
2023-07-13 06:16:58.018261 - Epoc #	12040	 21.520038843154907
2023-07-13 06:17:18.647875 - Epoc #	12050	 20.629614114761353
2023-07-13 06:17:40.453788 - Epoc #	12060	 21.805912971496582
2023-07-13 06:18:02.018795 - Epoc #	12070	 21.565006971359253
2023-07-13 06:18:22.918535 - Epoc #	12080	 20.899739980697632
2023-07-13 06:18:44.228804 - Epoc #	12090	 21.310269117355347
2023-07-13 06:19:05.393786 - Epoc #	12100	 21.164981842041016
2023-07-13 06:19:14.329280 - Time between reward step: #	24576.550127983093
2023-07-13 06:19:14.329280 - Average Score: 60.00 Elapsed time: 6:49:38.767050
2023-07-13 06:19:18.514433 - Time between reward step: #	24580.7352809906
2023-07-13 06:19:18.514433 - Average Score: 61.00 Elapsed time: 6:49:42.942852
2023-07-13 06:19:20.793678 - Time between reward step: #	24583.01452612877
2023-07-13 06:19:20.793678 - Average Score: 62.00 Elapsed time: 6:49:45.225146
2023-07-13 06:19:25.252022 - Time between reward step: #	24587.472870111465
2023-07-13 06:19:25.252022 - Average Score: 63.00 Elapsed time: 6:49:49.679404
2023-07-13 06:19:27.404959 - Epoc #	12110	 22.011173009872437
2023-07-13 06:19:29.747928 - Time between reward step: #	24591.968775987625
2023-07-13 06:19:29.747928 - Average Score: 64.00 Elapsed time: 6:49:54.181023
2023-07-13 06:19:32.005439 - Time between reward step: #	24594.22628712654
2023-07-13 06:19:32.005439 - Average Score: 65.00 Elapsed time: 6:49:56.445410
2023-07-13 06:19:49.572607 - Epoc #	12120	 22.16764807701111
2023-07-13 06:20:11.127715 - Epoc #	12130	 21.555108070373535
2023-07-13 06:20:35.133464 - Epoc #	12140	 24.005748987197876
2023-07-13 06:20:56.717003 - Epoc #	12150	 21.58353900909424
2023-07-13 06:21:18.114557 - Epoc #	12160	 21.39755392074585
2023-07-13 06:21:38.358151 - Epoc #	12170	 20.24359393119812
2023-07-13 06:22:00.145180 - Epoc #	12180	 21.787029027938843
2023-07-13 06:22:20.494560 - Epoc #	12190	 20.349380016326904
2023-07-13 06:22:41.938843 - Epoc #	12200	 21.44428300857544
2023-07-13 06:23:02.467905 - Epoc #	12210	 20.529062032699585
2023-07-13 06:23:23.439400 - Epoc #	12220	 20.971494913101196
2023-07-13 06:23:44.628795 - Epoc #	12230	 21.1893949508667
2023-07-13 06:24:06.329135 - Epoc #	12240	 21.700340032577515
2023-07-13 06:24:27.643567 - Epoc #	12250	 21.31443214416504
2023-07-13 06:24:49.274269 - Epoc #	12260	 21.630702018737793
2023-07-13 06:25:10.499702 - Epoc #	12270	 21.225432872772217
2023-07-13 06:25:31.509441 - Epoc #	12280	 21.00973892211914
2023-07-13 06:25:52.982011 - Epoc #	12290	 21.472570180892944
2023-07-13 06:26:14.787522 - Epoc #	12300	 21.805510997772217
2023-07-13 06:26:36.034946 - Epoc #	12310	 21.247423887252808
2023-07-13 06:26:56.727145 - Epoc #	12320	 20.692198991775513
2023-07-13 06:27:17.784196 - Epoc #	12330	 21.057050943374634
2023-07-13 06:27:39.820345 - Epoc #	12340	 22.03614902496338
2023-07-13 06:28:00.309146 - Epoc #	12350	 20.48880100250244
2023-07-13 06:28:21.766044 - Epoc #	12360	 21.456897974014282
2023-07-13 06:28:42.970808 - Epoc #	12370	 21.204764127731323
2023-07-13 06:29:05.626946 - Epoc #	12380	 22.656137943267822
2023-07-13 06:29:26.765977 - Epoc #	12390	 21.139030933380127
2023-07-13 06:29:47.497919 - Epoc #	12400	 20.731942176818848
2023-07-13 06:30:09.332746 - Epoc #	12410	 21.834826946258545
2023-07-13 06:30:29.730106 - Epoc #	12420	 20.39736008644104
2023-07-13 06:30:50.319850 - Epoc #	12430	 20.589743852615356
2023-07-13 06:31:10.948897 - Epoc #	12440	 20.62904691696167
2023-07-13 06:31:32.745086 - Epoc #	12450	 21.796189069747925
2023-07-13 06:31:54.423135 - Epoc #	12460	 21.678049087524414
2023-07-13 06:32:16.092123 - Epoc #	12470	 21.66898798942566
2023-07-13 06:32:38.042004 - Epoc #	12480	 21.949881076812744
2023-07-13 06:32:58.633719 - Epoc #	12490	 20.59171485900879
