2023-07-12 15:43:04.558133 - Starting learning loop ...
==================================================================
2023-07-12 15:43:04.558133 - Using Framebuffer of: 1 frames	 and 	ReplayBufferSize: 25000
2023-07-12 15:43:04.558133 - Loglevel is set to: a
2023-07-12 15:43:04.558133 - Epoc #	0	 
2023-07-12 15:43:29.299738 - Epoc #	10	 24.741605043411255
2023-07-12 15:43:50.646164 - Epoc #	20	 21.346426010131836
2023-07-12 15:44:11.229511 - Epoc #	30	 20.58334708213806
2023-07-12 15:44:31.502542 - Epoc #	40	 20.273030996322632
2023-07-12 15:44:52.441408 - Epoc #	50	 20.938865900039673
2023-07-12 15:45:13.187248 - Epoc #	60	 20.745840072631836
2023-07-12 15:45:35.653324 - Epoc #	70	 22.466075897216797
2023-07-12 15:45:56.262906 - Epoc #	80	 20.60958218574524
2023-07-12 15:46:16.325109 - Epoc #	90	 20.06220293045044
2023-07-12 15:46:37.332673 - Epoc #	100	 21.007564067840576
2023-07-12 15:46:46.329146 - Time between reward step: #	221.77101302146912
2023-07-12 15:46:46.329146 - Average Score: 7.00 Elapsed time: 0:03:44.256701
2023-07-12 15:46:48.575018 - Time between reward step: #	224.01688504219055
2023-07-12 15:46:48.575018 - Average Score: 8.00 Elapsed time: 0:03:46.501910
2023-07-12 15:46:56.027915 - Time between reward step: #	231.46978211402893
2023-07-12 15:46:56.027915 - Average Score: 9.00 Elapsed time: 0:03:53.951913
2023-07-12 15:47:00.179733 - Epoc #	110	 22.847059965133667
2023-07-12 15:47:14.974570 - Time between reward step: #	250.41643714904785
2023-07-12 15:47:14.974570 - Average Score: 10.00 Elapsed time: 0:04:12.901048
2023-07-12 15:47:20.832536 - Epoc #	120	 20.65280294418335
2023-07-12 15:47:41.577875 - Time between reward step: #	277.0197420120239
2023-07-12 15:47:41.577875 - Average Score: 11.00 Elapsed time: 0:04:39.506096
2023-07-12 15:47:41.577875 - Epoc #	130	 20.745338916778564
2023-07-12 15:48:02.222787 - Epoc #	140	 20.644912004470825
2023-07-12 15:48:06.393019 - Time between reward step: #	301.83488607406616
2023-07-12 15:48:06.393019 - Average Score: 12.00 Elapsed time: 0:05:04.325881
2023-07-12 15:48:21.127630 - Time between reward step: #	316.5694971084595
2023-07-12 15:48:21.127630 - Average Score: 13.00 Elapsed time: 0:05:19.048084
2023-07-12 15:48:23.264043 - Epoc #	150	 21.041256189346313
2023-07-12 15:48:43.793344 - Epoc #	160	 20.529300928115845
2023-07-12 15:49:04.062229 - Epoc #	170	 20.268884897232056
2023-07-12 15:49:24.475423 - Epoc #	180	 20.413194179534912
2023-07-12 15:49:44.838003 - Epoc #	190	 20.362579822540283
2023-07-12 15:50:05.170041 - Epoc #	200	 20.332038164138794
2023-07-12 15:50:25.911432 - Epoc #	210	 20.74139094352722
2023-07-12 15:50:46.315093 - Epoc #	220	 20.403661012649536
2023-07-12 15:51:06.543041 - Epoc #	230	 20.22794795036316
2023-07-12 15:51:26.712734 - Epoc #	240	 20.169692993164062
2023-07-12 15:51:47.820563 - Epoc #	250	 21.107829093933105
2023-07-12 15:52:08.194030 - Epoc #	260	 20.373466968536377
2023-07-12 15:52:28.849740 - Epoc #	270	 20.655709981918335
2023-07-12 15:52:50.314208 - Epoc #	280	 21.464468002319336
2023-07-12 15:53:11.369948 - Epoc #	290	 21.055739879608154
2023-07-12 15:53:31.469230 - Epoc #	300	 20.099282026290894
2023-07-12 15:53:52.428194 - Epoc #	310	 20.958964109420776
2023-07-12 15:54:13.875391 - Epoc #	320	 21.44719696044922
2023-07-12 15:54:34.797894 - Epoc #	330	 20.922502994537354
2023-07-12 15:54:41.103295 - Time between reward step: #	696.5451622009277
2023-07-12 15:54:41.103295 - Average Score: 14.00 Elapsed time: 0:11:39.028247
2023-07-12 15:54:55.589447 - Epoc #	340	 20.791553020477295
2023-07-12 15:55:16.116914 - Epoc #	350	 20.527467012405396
2023-07-12 15:55:37.311468 - Epoc #	360	 21.1945538520813
2023-07-12 15:55:59.229891 - Epoc #	370	 21.918423175811768
2023-07-12 15:56:20.276108 - Epoc #	380	 21.04621696472168
2023-07-12 15:56:41.078742 - Epoc #	390	 20.8026340007782
2023-07-12 15:57:02.049777 - Epoc #	400	 20.97103500366211
2023-07-12 15:57:23.388465 - Epoc #	410	 21.338687896728516
2023-07-12 15:57:44.195409 - Epoc #	420	 20.806944131851196
2023-07-12 15:58:04.463717 - Epoc #	430	 20.26830792427063
2023-07-12 15:58:26.261940 - Epoc #	440	 21.79822301864624
2023-07-12 15:58:47.103540 - Epoc #	450	 20.841599941253662
2023-07-12 15:59:08.963888 - Epoc #	460	 21.860347986221313
2023-07-12 15:59:29.357945 - Epoc #	470	 20.394057035446167
2023-07-12 15:59:51.427885 - Epoc #	480	 22.069940090179443
2023-07-12 16:00:12.896249 - Epoc #	490	 21.468364000320435
2023-07-12 16:00:33.387530 - Epoc #	500	 20.491281032562256
2023-07-12 16:00:53.600252 - Epoc #	510	 20.212721824645996
2023-07-12 16:01:14.577885 - Epoc #	520	 20.977632999420166
2023-07-12 16:01:35.752764 - Epoc #	530	 21.17487907409668
2023-07-12 16:01:56.204161 - Epoc #	540	 20.451396942138672
2023-07-12 16:02:16.242776 - Epoc #	550	 20.038614988327026
2023-07-12 16:02:36.623441 - Epoc #	560	 20.380665063858032
2023-07-12 16:02:57.141935 - Epoc #	570	 20.518494129180908
2023-07-12 16:03:19.345793 - Epoc #	580	 22.203857898712158
2023-07-12 16:03:40.311203 - Epoc #	590	 20.965409994125366
2023-07-12 16:04:01.943689 - Epoc #	600	 21.63248610496521
2023-07-12 16:04:22.933672 - Epoc #	610	 20.989982843399048
2023-07-12 16:04:43.426176 - Epoc #	620	 20.492504119873047
2023-07-12 16:05:04.924848 - Epoc #	630	 21.498672008514404
2023-07-12 16:05:26.153441 - Epoc #	640	 21.22859287261963
2023-07-12 16:05:46.615901 - Epoc #	650	 20.462460041046143
2023-07-12 16:06:06.924644 - Epoc #	660	 20.308743000030518
2023-07-12 16:06:27.131760 - Epoc #	670	 20.20711588859558
2023-07-12 16:06:48.887994 - Epoc #	680	 21.756234169006348
2023-07-12 16:07:10.136355 - Epoc #	690	 21.248360872268677
2023-07-12 16:07:31.932028 - Epoc #	700	 21.79567313194275
2023-07-12 16:07:53.839109 - Epoc #	710	 21.90708088874817
2023-07-12 16:08:15.190895 - Epoc #	720	 21.351786136627197
2023-07-12 16:08:36.298001 - Epoc #	730	 21.10710597038269
2023-07-12 16:08:57.599083 - Epoc #	740	 21.301081895828247
2023-07-12 16:09:19.053387 - Epoc #	750	 21.454303979873657
2023-07-12 16:09:31.890156 - Time between reward step: #	1587.3320231437683
2023-07-12 16:09:31.890156 - Average Score: 15.00 Elapsed time: 0:26:29.813342
2023-07-12 16:09:40.186394 - Epoc #	760	 21.133007049560547
2023-07-12 16:09:48.535581 - Time between reward step: #	1603.9774482250214
2023-07-12 16:09:48.535581 - Average Score: 16.00 Elapsed time: 0:26:46.462842
2023-07-12 16:10:00.727135 - Epoc #	770	 20.540740966796875
2023-07-12 16:10:22.256567 - Epoc #	780	 21.52943205833435
2023-07-12 16:10:43.321603 - Epoc #	790	 21.065036058425903
2023-07-12 16:10:51.784326 - Time between reward step: #	1667.226193189621
2023-07-12 16:10:51.784326 - Average Score: 17.00 Elapsed time: 0:27:49.714164
2023-07-12 16:11:05.028854 - Epoc #	800	 21.707250833511353
2023-07-12 16:11:07.495010 - Time between reward step: #	1682.9368770122528
2023-07-12 16:11:07.495010 - Average Score: 18.00 Elapsed time: 0:28:05.428259
2023-07-12 16:11:21.200802 - Time between reward step: #	1696.6426692008972
2023-07-12 16:11:21.200802 - Average Score: 19.00 Elapsed time: 0:28:19.132952
2023-07-12 16:11:25.596494 - Time between reward step: #	1701.0383610725403
2023-07-12 16:11:25.596494 - Average Score: 20.00 Elapsed time: 0:28:23.529278
2023-07-12 16:11:27.855456 - Epoc #	810	 22.82660222053528
2023-07-12 16:11:48.895761 - Epoc #	820	 21.0403048992157
2023-07-12 16:12:09.988555 - Epoc #	830	 21.092793941497803
2023-07-12 16:12:30.948836 - Epoc #	840	 20.960281133651733
2023-07-12 16:12:52.855203 - Epoc #	850	 21.90636682510376
2023-07-12 16:13:14.113120 - Epoc #	860	 21.257917165756226
2023-07-12 16:13:35.622564 - Epoc #	870	 21.509443998336792
2023-07-12 16:13:56.855828 - Epoc #	880	 21.233263969421387
2023-07-12 16:14:17.504530 - Epoc #	890	 20.648701906204224
2023-07-12 16:14:39.155064 - Epoc #	900	 21.65053415298462
2023-07-12 16:15:00.177934 - Epoc #	910	 21.02286982536316
2023-07-12 16:15:20.546612 - Epoc #	920	 20.368678092956543
2023-07-12 16:15:41.664719 - Epoc #	930	 21.118107080459595
2023-07-12 16:16:03.309527 - Epoc #	940	 21.644807815551758
2023-07-12 16:16:24.448490 - Epoc #	950	 21.138962984085083
2023-07-12 16:16:46.005956 - Epoc #	960	 21.55746603012085
2023-07-12 16:17:06.504939 - Epoc #	970	 20.498983144760132
2023-07-12 16:17:28.128029 - Epoc #	980	 21.623090028762817
2023-07-12 16:17:50.662795 - Epoc #	990	 22.53476595878601
2023-07-12 16:18:14.257984 - Epoc #	1000	 23.595188856124878
2023-07-12 16:18:35.928347 - Epoc #	1010	 21.670363187789917
2023-07-12 16:18:56.710051 - Epoc #	1020	 20.78170394897461
2023-07-12 16:19:17.420109 - Epoc #	1030	 20.710057973861694
2023-07-12 16:19:37.836121 - Epoc #	1040	 20.416012048721313
2023-07-12 16:19:58.782195 - Epoc #	1050	 20.94607400894165
2023-07-12 16:20:19.400556 - Epoc #	1060	 20.618360996246338
2023-07-12 16:20:40.917904 - Epoc #	1070	 21.517347812652588
2023-07-12 16:21:02.168090 - Epoc #	1080	 21.25018620491028
2023-07-12 16:21:23.820208 - Epoc #	1090	 21.65211796760559
2023-07-12 16:21:46.524270 - Epoc #	1100	 22.70406198501587
2023-07-12 16:22:07.101020 - Epoc #	1110	 20.57675004005432
2023-07-12 16:22:30.353115 - Epoc #	1120	 23.252094984054565
2023-07-12 16:22:51.428834 - Epoc #	1130	 21.075718879699707
2023-07-12 16:23:12.774451 - Epoc #	1140	 21.345617055892944
2023-07-12 16:23:34.262704 - Epoc #	1150	 21.488252878189087
2023-07-12 16:23:55.956965 - Epoc #	1160	 21.694261074066162
2023-07-12 16:24:16.242545 - Epoc #	1170	 20.285579919815063
2023-07-12 16:24:37.390456 - Epoc #	1180	 21.147911071777344
2023-07-12 16:24:59.143593 - Epoc #	1190	 21.75313711166382
2023-07-12 16:25:20.884829 - Epoc #	1200	 21.741235971450806
2023-07-12 16:25:42.476007 - Epoc #	1210	 21.591177940368652
2023-07-12 16:26:04.680396 - Epoc #	1220	 22.204389095306396
2023-07-12 16:26:26.489729 - Epoc #	1230	 21.809332847595215
2023-07-12 16:26:47.881292 - Epoc #	1240	 21.391563177108765
2023-07-12 16:27:09.467261 - Epoc #	1250	 21.58596897125244
2023-07-12 16:27:30.797077 - Epoc #	1260	 21.32981586456299
2023-07-12 16:27:51.375913 - Epoc #	1270	 20.57883596420288
2023-07-12 16:28:13.067698 - Epoc #	1280	 21.691785097122192
2023-07-12 16:28:35.251880 - Epoc #	1290	 22.184181928634644
2023-07-12 16:28:56.287219 - Epoc #	1300	 21.03533911705017
2023-07-12 16:29:16.945201 - Epoc #	1310	 20.657981872558594
2023-07-12 16:29:38.187921 - Epoc #	1320	 21.242720127105713
2023-07-12 16:30:00.714934 - Epoc #	1330	 22.527013063430786
2023-07-12 16:30:20.961904 - Epoc #	1340	 20.2469699382782
2023-07-12 16:30:43.585921 - Epoc #	1350	 22.624017000198364
2023-07-12 16:31:03.982839 - Epoc #	1360	 20.396918058395386
2023-07-12 16:31:25.916755 - Epoc #	1370	 21.933915853500366
2023-07-12 16:31:46.292203 - Epoc #	1380	 20.375447988510132
2023-07-12 16:32:07.511737 - Epoc #	1390	 21.219534158706665
2023-07-12 16:32:29.401221 - Epoc #	1400	 21.88948392868042
2023-07-12 16:32:50.232723 - Epoc #	1410	 20.831501960754395
2023-07-12 16:33:11.341451 - Epoc #	1420	 21.10872793197632
2023-07-12 16:33:33.360391 - Epoc #	1430	 22.018939971923828
2023-07-12 16:33:54.658868 - Epoc #	1440	 21.298477172851562
2023-07-12 16:34:14.771111 - Epoc #	1450	 20.112242937088013
2023-07-12 16:34:35.572047 - Epoc #	1460	 20.800935983657837
2023-07-12 16:34:56.903204 - Epoc #	1470	 21.331156969070435
2023-07-12 16:35:18.514118 - Epoc #	1480	 21.6109139919281
2023-07-12 16:35:40.891820 - Epoc #	1490	 22.377701997756958
2023-07-12 16:36:02.024250 - Epoc #	1500	 21.13243007659912
2023-07-12 16:36:23.373117 - Epoc #	1510	 21.348866939544678
2023-07-12 16:36:44.546480 - Epoc #	1520	 21.173362970352173
2023-07-12 16:37:05.633788 - Epoc #	1530	 21.087308168411255
2023-07-12 16:37:26.538075 - Epoc #	1540	 20.904286861419678
2023-07-12 16:37:47.624844 - Epoc #	1550	 21.086769104003906
2023-07-12 16:38:09.429100 - Epoc #	1560	 21.804255962371826
2023-07-12 16:38:29.675415 - Epoc #	1570	 20.246315002441406
2023-07-12 16:38:51.070280 - Epoc #	1580	 21.394865036010742
2023-07-12 16:39:13.202507 - Epoc #	1590	 22.132226943969727
2023-07-12 16:39:34.512128 - Epoc #	1600	 21.30962109565735
2023-07-12 16:39:55.876167 - Epoc #	1610	 21.364038944244385
2023-07-12 16:40:18.148114 - Epoc #	1620	 22.271946907043457
2023-07-12 16:40:39.861919 - Epoc #	1630	 21.713804960250854
2023-07-12 16:41:00.736865 - Epoc #	1640	 20.874946117401123
2023-07-12 16:41:24.638575 - Epoc #	1650	 23.901710033416748
2023-07-12 16:41:45.402142 - Epoc #	1660	 20.763566970825195
2023-07-12 16:42:06.026140 - Epoc #	1670	 20.623997926712036
2023-07-12 16:42:27.178333 - Epoc #	1680	 21.152193069458008
2023-07-12 16:42:48.728385 - Epoc #	1690	 21.55005192756653
2023-07-12 16:43:09.251610 - Epoc #	1700	 20.52322506904602
2023-07-12 16:43:30.086181 - Epoc #	1710	 20.83457088470459
2023-07-12 16:43:51.542341 - Epoc #	1720	 21.456160068511963
2023-07-12 16:44:12.005987 - Epoc #	1730	 20.463645935058594
2023-07-12 16:44:33.923633 - Epoc #	1740	 21.917646169662476
2023-07-12 16:44:54.759510 - Epoc #	1750	 20.835876941680908
2023-07-12 16:45:16.432153 - Epoc #	1760	 21.672642946243286
2023-07-12 16:45:38.679458 - Epoc #	1770	 22.247304916381836
2023-07-12 16:45:59.736544 - Epoc #	1780	 21.05708599090576
2023-07-12 16:46:20.221800 - Epoc #	1790	 20.48525619506836
2023-07-12 16:46:42.031357 - Epoc #	1800	 21.80955696105957
2023-07-12 16:47:04.978959 - Epoc #	1810	 22.947602033615112
2023-07-12 16:47:25.664046 - Epoc #	1820	 20.685086965560913
2023-07-12 16:47:47.756991 - Epoc #	1830	 22.092944860458374
2023-07-12 16:48:08.955876 - Epoc #	1840	 21.198885202407837
2023-07-12 16:48:30.062878 - Epoc #	1850	 21.107001781463623
2023-07-12 16:48:51.548143 - Epoc #	1860	 21.485265016555786
2023-07-12 16:49:12.145385 - Epoc #	1870	 20.5972421169281
2023-07-12 16:49:33.487860 - Epoc #	1880	 21.342474937438965
2023-07-12 16:49:55.506686 - Epoc #	1890	 22.018826007843018
2023-07-12 16:50:16.490259 - Epoc #	1900	 20.983572959899902
2023-07-12 16:50:38.021227 - Epoc #	1910	 21.530967950820923
2023-07-12 16:50:59.207663 - Epoc #	1920	 21.18643617630005
2023-07-12 16:51:19.140561 - Epoc #	1930	 19.93289804458618
2023-07-12 16:51:40.336911 - Epoc #	1940	 21.19634985923767
2023-07-12 16:52:01.644013 - Epoc #	1950	 21.30710196495056
2023-07-12 16:52:22.187973 - Epoc #	1960	 20.543960094451904
2023-07-12 16:52:43.394356 - Epoc #	1970	 21.206382989883423
2023-07-12 16:53:05.218823 - Epoc #	1980	 21.824466943740845
2023-07-12 16:53:26.904856 - Epoc #	1990	 21.686033010482788
2023-07-12 16:53:47.600392 - Epoc #	2000	 20.695536136627197
2023-07-12 16:54:09.764274 - Epoc #	2010	 22.16388177871704
2023-07-12 16:54:30.630328 - Epoc #	2020	 20.86605405807495
2023-07-12 16:54:51.689500 - Epoc #	2030	 21.0591721534729
2023-07-12 16:55:12.995671 - Epoc #	2040	 21.30617094039917
2023-07-12 16:55:34.766863 - Epoc #	2050	 21.77119207382202
2023-07-12 16:55:57.142461 - Epoc #	2060	 22.375597953796387
2023-07-12 16:56:19.056634 - Epoc #	2070	 21.914172887802124
2023-07-12 16:56:41.409811 - Epoc #	2080	 22.353177070617676
2023-07-12 16:57:04.067954 - Epoc #	2090	 22.658143043518066
2023-07-12 16:57:25.391246 - Epoc #	2100	 21.323292016983032
2023-07-12 16:57:47.657105 - Epoc #	2110	 22.2658588886261
2023-07-12 16:58:09.377660 - Epoc #	2120	 21.720555067062378
2023-07-12 16:58:31.675387 - Epoc #	2130	 22.29772686958313
2023-07-12 16:58:53.394054 - Epoc #	2140	 21.718667030334473
2023-07-12 16:59:14.751209 - Epoc #	2150	 21.357155084609985
2023-07-12 16:59:35.035453 - Epoc #	2160	 20.284244060516357
2023-07-12 16:59:56.945186 - Epoc #	2170	 21.909732818603516
2023-07-12 17:00:19.564157 - Epoc #	2180	 22.61897110939026
2023-07-12 17:00:40.436364 - Epoc #	2190	 20.872206926345825
2023-07-12 17:01:02.817823 - Epoc #	2200	 22.38145899772644
2023-07-12 17:01:23.804933 - Epoc #	2210	 20.987110137939453
2023-07-12 17:01:45.395603 - Epoc #	2220	 21.590669870376587
2023-07-12 17:02:06.384139 - Epoc #	2230	 20.98853611946106
2023-07-12 17:02:28.401424 - Epoc #	2240	 22.017284870147705
2023-07-12 17:02:49.953608 - Epoc #	2250	 21.552184104919434
2023-07-12 17:03:13.338054 - Epoc #	2260	 23.384445905685425
2023-07-12 17:03:35.819436 - Epoc #	2270	 22.481382131576538
2023-07-12 17:03:59.124815 - Epoc #	2280	 23.305378913879395
2023-07-12 17:04:21.952831 - Epoc #	2290	 22.82801604270935
2023-07-12 17:04:43.295396 - Epoc #	2300	 21.342565059661865
2023-07-12 17:05:03.973340 - Epoc #	2310	 20.67794394493103
2023-07-12 17:05:24.551363 - Epoc #	2320	 20.578022956848145
2023-07-12 17:05:46.118053 - Epoc #	2330	 21.56668996810913
2023-07-12 17:06:07.560067 - Epoc #	2340	 21.44201397895813
2023-07-12 17:06:28.725824 - Epoc #	2350	 21.165757179260254
2023-07-12 17:06:49.738018 - Epoc #	2360	 21.01219391822815
2023-07-12 17:07:10.097675 - Epoc #	2370	 20.359657049179077
2023-07-12 17:07:31.526717 - Epoc #	2380	 21.429041862487793
2023-07-12 17:07:53.398241 - Epoc #	2390	 21.87152409553528
2023-07-12 17:08:14.265253 - Epoc #	2400	 20.86701202392578
2023-07-12 17:08:35.869258 - Epoc #	2410	 21.604004859924316
2023-07-12 17:08:57.354834 - Epoc #	2420	 21.485576152801514
2023-07-12 17:09:18.103073 - Epoc #	2430	 20.748238801956177
2023-07-12 17:09:40.588032 - Epoc #	2440	 22.4849591255188
2023-07-12 17:10:01.053777 - Epoc #	2450	 20.465744972229004
2023-07-12 17:10:22.976448 - Epoc #	2460	 21.92267107963562
2023-07-12 17:10:44.215545 - Epoc #	2470	 21.239096879959106
2023-07-12 17:11:05.420118 - Epoc #	2480	 21.204573154449463
2023-07-12 17:11:26.419740 - Epoc #	2490	 20.999621868133545
2023-07-12 17:11:48.377399 - Epoc #	2500	 21.957659006118774
2023-07-12 17:12:09.322345 - Epoc #	2510	 20.94494605064392
2023-07-12 17:12:31.408954 - Epoc #	2520	 22.08660888671875
2023-07-12 17:12:53.153359 - Epoc #	2530	 21.744405031204224
2023-07-12 17:13:13.961332 - Epoc #	2540	 20.8079731464386
2023-07-12 17:13:35.849285 - Epoc #	2550	 21.88795280456543
2023-07-12 17:13:56.534587 - Epoc #	2560	 20.685302019119263
2023-07-12 17:14:16.712314 - Epoc #	2570	 20.177726984024048
2023-07-12 17:14:37.289782 - Epoc #	2580	 20.577468156814575
2023-07-12 17:14:58.820207 - Epoc #	2590	 21.53042507171631
2023-07-12 17:15:19.400180 - Epoc #	2600	 20.579972982406616
2023-07-12 17:15:41.029754 - Epoc #	2610	 21.629573822021484
2023-07-12 17:16:03.429267 - Epoc #	2620	 22.399513006210327
2023-07-12 17:16:26.183688 - Epoc #	2630	 22.75442099571228
2023-07-12 17:16:49.447564 - Epoc #	2640	 23.26387596130371
2023-07-12 17:17:10.127032 - Epoc #	2650	 20.679468154907227
2023-07-12 17:17:31.717472 - Epoc #	2660	 21.590440034866333
2023-07-12 17:17:51.992194 - Epoc #	2670	 20.27472186088562
2023-07-12 17:18:13.145919 - Epoc #	2680	 21.153725147247314
2023-07-12 17:18:35.211079 - Epoc #	2690	 22.065159797668457
2023-07-12 17:18:56.204932 - Epoc #	2700	 20.993853092193604
2023-07-12 17:19:17.629667 - Epoc #	2710	 21.424735069274902
2023-07-12 17:19:38.743065 - Epoc #	2720	 21.11339807510376
2023-07-12 17:20:01.161777 - Epoc #	2730	 22.41871190071106
2023-07-12 17:20:22.529454 - Epoc #	2740	 21.367676973342896
2023-07-12 17:20:43.566907 - Epoc #	2750	 21.037452936172485
2023-07-12 17:21:04.508991 - Epoc #	2760	 20.942084074020386
2023-07-12 17:21:26.285500 - Epoc #	2770	 21.776509046554565
2023-07-12 17:21:47.439186 - Epoc #	2780	 21.153686046600342
2023-07-12 17:22:08.529002 - Epoc #	2790	 21.089815855026245
2023-07-12 17:22:30.187281 - Epoc #	2800	 21.658278942108154
2023-07-12 17:22:51.594908 - Epoc #	2810	 21.40762710571289
2023-07-12 17:23:13.097735 - Epoc #	2820	 21.502826929092407
2023-07-12 17:23:34.375547 - Epoc #	2830	 21.277812004089355
2023-07-12 17:23:55.630675 - Epoc #	2840	 21.255128145217896
2023-07-12 17:24:17.866082 - Epoc #	2850	 22.23540687561035
2023-07-12 17:24:39.314147 - Epoc #	2860	 21.448065042495728
2023-07-12 17:25:00.816859 - Epoc #	2870	 21.50271201133728
2023-07-12 17:25:21.593946 - Epoc #	2880	 20.777086973190308
2023-07-12 17:25:43.121930 - Epoc #	2890	 21.527983903884888
2023-07-12 17:26:07.048280 - Epoc #	2900	 23.926350116729736
2023-07-12 17:26:29.014082 - Epoc #	2910	 21.96580195426941
2023-07-12 17:26:51.536713 - Epoc #	2920	 22.5226309299469
2023-07-12 17:27:13.146293 - Epoc #	2930	 21.609580039978027
2023-07-12 17:27:34.754916 - Epoc #	2940	 21.608623027801514
2023-07-12 17:27:55.218395 - Epoc #	2950	 20.463479042053223
2023-07-12 17:28:16.912701 - Epoc #	2960	 21.694305896759033
2023-07-12 17:28:38.934171 - Epoc #	2970	 22.021470069885254
2023-07-12 17:28:59.794413 - Epoc #	2980	 20.860242128372192
2023-07-12 17:29:23.586059 - Epoc #	2990	 23.791646003723145
2023-07-12 17:29:45.136213 - Epoc #	3000	 21.550153970718384
2023-07-12 17:30:05.965600 - Epoc #	3010	 20.829386949539185
2023-07-12 17:30:27.294185 - Epoc #	3020	 21.328584909439087
2023-07-12 17:30:48.421879 - Epoc #	3030	 21.127694129943848
2023-07-12 17:31:09.108680 - Epoc #	3040	 20.686800956726074
2023-07-12 17:31:32.025273 - Epoc #	3050	 22.916593074798584
2023-07-12 17:31:52.934250 - Epoc #	3060	 20.908977031707764
2023-07-12 17:32:14.884539 - Epoc #	3070	 21.950288772583008
2023-07-12 17:32:36.639689 - Epoc #	3080	 21.755150079727173
2023-07-12 17:32:59.337420 - Epoc #	3090	 22.697731018066406
2023-07-12 17:33:20.817861 - Epoc #	3100	 21.480441093444824
2023-07-12 17:33:42.315938 - Epoc #	3110	 21.498076915740967
2023-07-12 17:34:04.402538 - Epoc #	3120	 22.086600065231323
2023-07-12 17:34:25.769177 - Epoc #	3130	 21.366638898849487
2023-07-12 17:34:48.077922 - Epoc #	3140	 22.30874514579773
2023-07-12 17:35:10.320980 - Epoc #	3150	 22.2430579662323
2023-07-12 17:35:32.939660 - Epoc #	3160	 22.618680000305176
2023-07-12 17:35:53.819220 - Epoc #	3170	 20.879559993743896
2023-07-12 17:36:14.816231 - Epoc #	3180	 20.997010946273804
2023-07-12 17:36:36.469904 - Epoc #	3190	 21.65367293357849
2023-07-12 17:36:57.318901 - Epoc #	3200	 20.848997116088867
2023-07-12 17:37:19.131196 - Epoc #	3210	 21.812294960021973
2023-07-12 17:37:41.169450 - Epoc #	3220	 22.038254022598267
2023-07-12 17:38:02.748131 - Epoc #	3230	 21.578680992126465
2023-07-12 17:38:24.893188 - Epoc #	3240	 22.14505696296692
2023-07-12 17:38:46.114617 - Epoc #	3250	 21.221429109573364
2023-07-12 17:39:07.024238 - Epoc #	3260	 20.909621000289917
2023-07-12 17:39:28.682291 - Epoc #	3270	 21.658052921295166
2023-07-12 17:39:51.688620 - Epoc #	3280	 23.00632905960083
2023-07-12 17:40:13.418652 - Epoc #	3290	 21.730031967163086
2023-07-12 17:40:34.688414 - Epoc #	3300	 21.26976203918457
2023-07-12 17:40:55.938004 - Epoc #	3310	 21.249589920043945
2023-07-12 17:41:18.679817 - Epoc #	3320	 22.74181294441223
2023-07-12 17:41:41.875060 - Epoc #	3330	 23.19524312019348
2023-07-12 17:42:02.918049 - Epoc #	3340	 21.042989015579224
2023-07-12 17:42:27.156908 - Epoc #	3350	 24.238858938217163
2023-07-12 17:42:49.418819 - Epoc #	3360	 22.261910915374756
2023-07-12 17:43:10.991950 - Epoc #	3370	 21.57313108444214
2023-07-12 17:43:32.490978 - Epoc #	3380	 21.499027967453003
2023-07-12 17:43:54.675437 - Epoc #	3390	 22.18445897102356
2023-07-12 17:44:03.852867 - Time between reward step: #	7259.29473400116
2023-07-12 17:44:03.852867 - Average Score: 21.00 Elapsed time: 2:01:01.783432
2023-07-12 17:44:16.133221 - Epoc #	3400	 21.457783937454224
2023-07-12 17:44:27.180814 - Time between reward step: #	7282.6226811409
2023-07-12 17:44:27.180814 - Average Score: 22.00 Elapsed time: 2:01:25.115091
2023-07-12 17:44:38.325071 - Epoc #	3410	 22.191850185394287
2023-07-12 17:44:58.896573 - Epoc #	3420	 20.571501970291138
2023-07-12 17:45:20.997285 - Epoc #	3430	 22.100711822509766
2023-07-12 17:45:30.152784 - Time between reward step: #	7345.594651222229
2023-07-12 17:45:30.152784 - Average Score: 23.00 Elapsed time: 2:02:28.083300
2023-07-12 17:45:42.960534 - Epoc #	3440	 21.96324920654297
2023-07-12 17:46:04.466765 - Epoc #	3450	 21.50623083114624
2023-07-12 17:46:25.530121 - Epoc #	3460	 21.063356161117554
2023-07-12 17:46:47.019965 - Epoc #	3470	 21.48984384536743
2023-07-12 17:47:07.533568 - Epoc #	3480	 20.51360297203064
2023-07-12 17:47:29.063199 - Epoc #	3490	 21.5296311378479
2023-07-12 17:47:49.581757 - Epoc #	3500	 20.518558025360107
2023-07-12 17:48:10.461126 - Epoc #	3510	 20.879369020462036
2023-07-12 17:48:32.466089 - Epoc #	3520	 22.004962921142578
2023-07-12 17:48:52.758237 - Epoc #	3530	 20.292147874832153
2023-07-12 17:49:14.818661 - Epoc #	3540	 22.060424089431763
2023-07-12 17:49:35.830896 - Epoc #	3550	 21.012234926223755
2023-07-12 17:49:56.596271 - Epoc #	3560	 20.7653751373291
2023-07-12 17:50:18.410418 - Epoc #	3570	 21.814146995544434
2023-07-12 17:50:40.443327 - Epoc #	3580	 22.03290891647339
2023-07-12 17:51:01.384374 - Epoc #	3590	 20.941046953201294
2023-07-12 17:51:22.486981 - Epoc #	3600	 21.102607011795044
2023-07-12 17:51:45.603831 - Epoc #	3610	 23.11685013771057
2023-07-12 17:52:06.671544 - Epoc #	3620	 21.067713022232056
2023-07-12 17:52:29.253565 - Epoc #	3630	 22.5820209980011
2023-07-12 17:52:50.289081 - Epoc #	3640	 21.035516023635864
2023-07-12 17:53:11.243291 - Epoc #	3650	 20.954209804534912
2023-07-12 17:53:32.268933 - Epoc #	3660	 21.025642156600952
2023-07-12 17:53:54.604786 - Epoc #	3670	 22.33585286140442
2023-07-12 17:54:15.821423 - Epoc #	3680	 21.216637134552002
2023-07-12 17:54:38.386407 - Epoc #	3690	 22.56498384475708
2023-07-12 17:55:00.594616 - Epoc #	3700	 22.20820903778076
2023-07-12 17:55:21.801373 - Epoc #	3710	 21.206757068634033
2023-07-12 17:55:43.119029 - Epoc #	3720	 21.31765604019165
2023-07-12 17:56:04.852350 - Epoc #	3730	 21.733320951461792
2023-07-12 17:56:25.323965 - Epoc #	3740	 20.471615076065063
2023-07-12 17:56:47.899638 - Epoc #	3750	 22.57567286491394
2023-07-12 17:57:08.797789 - Epoc #	3760	 20.8981511592865
2023-07-12 17:57:30.102009 - Epoc #	3770	 21.304219961166382
2023-07-12 17:57:51.431707 - Epoc #	3780	 21.329697847366333
2023-07-12 17:58:13.188400 - Epoc #	3790	 21.756693124771118
2023-07-12 17:58:34.440892 - Epoc #	3800	 21.25249195098877
2023-07-12 17:58:55.264811 - Epoc #	3810	 20.82391905784607
2023-07-12 17:59:16.237592 - Epoc #	3820	 20.97278094291687
2023-07-12 17:59:37.092232 - Epoc #	3830	 20.854640007019043
2023-07-12 17:59:58.711828 - Epoc #	3840	 21.619596004486084
2023-07-12 18:00:21.017026 - Epoc #	3850	 22.305197954177856
2023-07-12 18:00:42.734370 - Epoc #	3860	 21.717344045639038
2023-07-12 18:01:03.801659 - Epoc #	3870	 21.067289113998413
2023-07-12 18:01:25.030438 - Epoc #	3880	 21.228778839111328
2023-07-12 18:01:46.606238 - Epoc #	3890	 21.5757999420166
2023-07-12 18:02:08.027624 - Epoc #	3900	 21.421386003494263
2023-07-12 18:02:31.264250 - Epoc #	3910	 23.236626148223877
2023-07-12 18:02:53.766961 - Epoc #	3920	 22.502711057662964
2023-07-12 18:03:15.588767 - Epoc #	3930	 21.821805953979492
2023-07-12 18:03:36.945054 - Epoc #	3940	 21.356287002563477
2023-07-12 18:03:58.033834 - Epoc #	3950	 21.08877992630005
2023-07-12 18:04:19.856328 - Epoc #	3960	 21.82249402999878
2023-07-12 18:04:41.728561 - Epoc #	3970	 21.872232913970947
2023-07-12 18:05:02.666404 - Epoc #	3980	 20.937843084335327
2023-07-12 18:05:25.185684 - Epoc #	3990	 22.519279956817627
2023-07-12 18:05:47.033906 - Epoc #	4000	 21.848222017288208
2023-07-12 18:06:08.052264 - Epoc #	4010	 21.01835799217224
2023-07-12 18:06:29.777037 - Epoc #	4020	 21.724772930145264
2023-07-12 18:06:50.972266 - Epoc #	4030	 21.195229053497314
2023-07-12 18:07:12.439664 - Epoc #	4040	 21.467397928237915
2023-07-12 18:07:33.725221 - Epoc #	4050	 21.28555703163147
2023-07-12 18:07:56.249276 - Epoc #	4060	 22.524055004119873
2023-07-12 18:08:18.527237 - Epoc #	4070	 22.277961015701294
2023-07-12 18:08:41.473399 - Epoc #	4080	 22.94616198539734
2023-07-12 18:09:08.198599 - Epoc #	4090	 26.725200176239014
2023-07-12 18:09:29.297288 - Epoc #	4100	 21.09868884086609
2023-07-12 18:09:50.775254 - Epoc #	4110	 21.47796607017517
2023-07-12 18:10:12.404522 - Epoc #	4120	 21.629267930984497
2023-07-12 18:10:33.983471 - Epoc #	4130	 21.578948974609375
2023-07-12 18:10:56.855454 - Epoc #	4140	 22.87198305130005
2023-07-12 18:11:19.470871 - Epoc #	4150	 22.615417003631592
2023-07-12 18:11:41.205517 - Epoc #	4160	 21.73464608192444
2023-07-12 18:12:02.739327 - Epoc #	4170	 21.533809900283813
2023-07-12 18:12:25.660031 - Epoc #	4180	 22.920704126358032
2023-07-12 18:12:49.017928 - Epoc #	4190	 23.35789680480957
2023-07-12 18:13:10.045720 - Epoc #	4200	 21.02779221534729
2023-07-12 18:13:31.820412 - Epoc #	4210	 21.774691820144653
2023-07-12 18:13:54.415748 - Epoc #	4220	 22.595335960388184
2023-07-12 18:14:15.760222 - Epoc #	4230	 21.34447407722473
2023-07-12 18:14:36.723241 - Epoc #	4240	 20.963019132614136
2023-07-12 18:14:57.455872 - Epoc #	4250	 20.732630968093872
2023-07-12 18:15:19.310918 - Epoc #	4260	 21.855046033859253
2023-07-12 18:15:41.488199 - Epoc #	4270	 22.17728090286255
2023-07-12 18:16:04.905460 - Epoc #	4280	 23.417260885238647
2023-07-12 18:16:25.949974 - Epoc #	4290	 21.044514179229736
2023-07-12 18:16:46.964585 - Epoc #	4300	 21.01461100578308
2023-07-12 18:17:09.294202 - Epoc #	4310	 22.329617023468018
2023-07-12 18:17:31.814815 - Epoc #	4320	 22.520612955093384
2023-07-12 18:17:55.269267 - Epoc #	4330	 23.45445203781128
2023-07-12 18:18:16.782589 - Epoc #	4340	 21.51332187652588
2023-07-12 18:18:38.044534 - Epoc #	4350	 21.261945009231567
2023-07-12 18:18:59.452124 - Epoc #	4360	 21.40759015083313
2023-07-12 18:19:22.273263 - Epoc #	4370	 22.821138858795166
2023-07-12 18:19:44.343361 - Epoc #	4380	 22.07009792327881
2023-07-12 18:20:06.801203 - Epoc #	4390	 22.457842111587524
2023-07-12 18:20:28.095993 - Epoc #	4400	 21.294790029525757
2023-07-12 18:20:50.410013 - Epoc #	4410	 22.314019918441772
2023-07-12 18:21:11.787482 - Epoc #	4420	 21.377469062805176
2023-07-12 18:21:32.244692 - Epoc #	4430	 20.457210063934326
2023-07-12 18:21:53.448509 - Epoc #	4440	 21.203816890716553
2023-07-12 18:22:16.037443 - Epoc #	4450	 22.58893394470215
2023-07-12 18:22:37.463975 - Epoc #	4460	 21.42653203010559
2023-07-12 18:22:59.555138 - Epoc #	4470	 22.091163158416748
2023-07-12 18:23:20.104734 - Epoc #	4480	 20.549595832824707
2023-07-12 18:23:41.562145 - Epoc #	4490	 21.45741105079651
2023-07-12 18:24:04.090164 - Epoc #	4500	 22.528018951416016
2023-07-12 18:24:25.031805 - Epoc #	4510	 20.941641092300415
2023-07-12 18:24:46.447167 - Epoc #	4520	 21.415361881256104
2023-07-12 18:25:09.685591 - Epoc #	4530	 23.238424062728882
2023-07-12 18:25:31.691685 - Epoc #	4540	 22.006093978881836
2023-07-12 18:25:53.393787 - Epoc #	4550	 21.702101945877075
2023-07-12 18:26:16.555528 - Epoc #	4560	 23.161741018295288
2023-07-12 18:26:39.539126 - Epoc #	4570	 22.983597993850708
2023-07-12 18:27:01.478050 - Time between reward step: #	9836.919917106628
2023-07-12 18:27:01.493673 - Average Score: 24.00 Elapsed time: 2:43:59.412985
2023-07-12 18:27:01.493673 - Epoc #	4580	 21.95454716682434
2023-07-12 18:27:22.764241 - Epoc #	4590	 21.270567893981934
2023-07-12 18:27:45.021608 - Time between reward step: #	9880.463475227356
2023-07-12 18:27:45.021608 - Average Score: 25.00 Elapsed time: 2:44:42.945497
2023-07-12 18:27:47.309759 - Epoc #	4600	 24.545517921447754
2023-07-12 18:28:08.883957 - Epoc #	4610	 21.574198007583618
2023-07-12 18:28:24.476016 - Time between reward step: #	9919.91788315773
2023-07-12 18:28:24.476016 - Average Score: 26.00 Elapsed time: 2:45:22.409824
2023-07-12 18:28:28.902833 - Time between reward step: #	9924.344700098038
2023-07-12 18:28:28.902833 - Average Score: 27.00 Elapsed time: 2:45:26.835906
2023-07-12 18:28:30.913409 - Epoc #	4620	 22.029452085494995
2023-07-12 18:28:51.934658 - Epoc #	4630	 21.021249055862427
2023-07-12 18:29:14.152224 - Epoc #	4640	 22.21756601333618
2023-07-12 18:29:37.876405 - Epoc #	4650	 23.724180936813354
2023-07-12 18:29:59.697239 - Epoc #	4660	 21.820833921432495
2023-07-12 18:30:20.219062 - Epoc #	4670	 20.521823167800903
2023-07-12 18:30:41.564324 - Epoc #	4680	 21.345261812210083
2023-07-12 18:31:03.771010 - Epoc #	4690	 22.20668601989746
2023-07-12 18:31:27.356243 - Epoc #	4700	 23.585232973098755
2023-07-12 18:31:48.180255 - Epoc #	4710	 20.82401204109192
2023-07-12 18:32:09.726361 - Epoc #	4720	 21.546106100082397
2023-07-12 18:32:33.063320 - Epoc #	4730	 23.33695888519287
2023-07-12 18:32:54.848551 - Epoc #	4740	 21.785231113433838
2023-07-12 18:33:16.862413 - Epoc #	4750	 22.013861894607544
2023-07-12 18:33:38.050035 - Epoc #	4760	 21.1876220703125
2023-07-12 18:33:59.485016 - Epoc #	4770	 21.434981107711792
2023-07-12 18:34:20.587763 - Epoc #	4780	 21.102746963500977
2023-07-12 18:34:43.164971 - Epoc #	4790	 22.577208042144775
2023-07-12 18:35:04.852520 - Epoc #	4800	 21.687548875808716
2023-07-12 18:35:25.600017 - Epoc #	4810	 20.747497081756592
2023-07-12 18:35:48.388212 - Epoc #	4820	 22.78819489479065
2023-07-12 18:36:12.972655 - Epoc #	4830	 24.58444309234619
2023-07-12 18:36:34.029188 - Epoc #	4840	 21.056532859802246
2023-07-12 18:36:55.434709 - Epoc #	4850	 21.405521154403687
2023-07-12 18:37:16.415860 - Epoc #	4860	 20.98115086555481
2023-07-12 18:37:37.847907 - Epoc #	4870	 21.432047128677368
2023-07-12 18:37:59.108385 - Epoc #	4880	 21.260478019714355
2023-07-12 18:38:20.436033 - Epoc #	4890	 21.327647924423218
2023-07-12 18:38:42.346455 - Epoc #	4900	 21.9104220867157
2023-07-12 18:39:03.776235 - Epoc #	4910	 21.42978000640869
2023-07-12 18:39:24.946154 - Epoc #	4920	 21.16991901397705
2023-07-12 18:39:51.093774 - Epoc #	4930	 26.14761996269226
2023-07-12 18:40:13.619356 - Epoc #	4940	 22.52558183670044
2023-07-12 18:40:35.328681 - Epoc #	4950	 21.709325075149536
2023-07-12 18:40:57.131560 - Epoc #	4960	 21.802879095077515
2023-07-12 18:41:20.164233 - Epoc #	4970	 23.032672882080078
2023-07-12 18:41:41.683599 - Epoc #	4980	 21.519366025924683
2023-07-12 18:42:03.009874 - Epoc #	4990	 21.32627511024475
2023-07-12 18:42:24.781172 - Epoc #	5000	 21.771297931671143
2023-07-12 18:42:45.847390 - Epoc #	5010	 21.06621789932251
2023-07-12 18:43:08.858435 - Epoc #	5020	 23.01104497909546
2023-07-12 18:43:30.971949 - Epoc #	5030	 22.113514184951782
2023-07-12 18:43:54.107388 - Epoc #	5040	 23.135438919067383
2023-07-12 18:44:15.441422 - Epoc #	5050	 21.334033966064453
2023-07-12 18:44:37.836146 - Epoc #	5060	 22.394724130630493
2023-07-12 18:45:00.576712 - Epoc #	5070	 22.74056577682495
2023-07-12 18:45:22.433630 - Epoc #	5080	 21.85691809654236
2023-07-12 18:45:44.108086 - Epoc #	5090	 21.674456119537354
2023-07-12 18:46:05.369020 - Epoc #	5100	 21.260933876037598
2023-07-12 18:46:26.680262 - Epoc #	5110	 21.31124210357666
2023-07-12 18:46:49.418036 - Epoc #	5120	 22.737773895263672
2023-07-12 18:47:10.745934 - Epoc #	5130	 21.327898025512695
2023-07-12 18:47:33.740059 - Epoc #	5140	 22.99412488937378
2023-07-12 18:47:54.286357 - Epoc #	5150	 20.546298027038574
2023-07-12 18:48:16.721340 - Epoc #	5160	 22.434983015060425
2023-07-12 18:48:37.610265 - Epoc #	5170	 20.888925075531006
2023-07-12 18:48:59.785316 - Epoc #	5180	 22.175050973892212
2023-07-12 18:49:23.881769 - Epoc #	5190	 24.096452951431274
2023-07-12 18:49:45.474224 - Epoc #	5200	 21.5924551486969
2023-07-12 18:50:07.239082 - Epoc #	5210	 21.76485800743103
2023-07-12 18:50:29.282537 - Epoc #	5220	 22.043454885482788
2023-07-12 18:50:50.190932 - Epoc #	5230	 20.908395051956177
2023-07-12 18:51:11.763443 - Epoc #	5240	 21.572510957717896
2023-07-12 18:51:34.455104 - Epoc #	5250	 22.69166111946106
2023-07-12 18:51:56.086513 - Epoc #	5260	 21.63140892982483
2023-07-12 18:52:16.312178 - Epoc #	5270	 20.225664854049683
2023-07-12 18:52:37.843078 - Epoc #	5280	 21.53090000152588
2023-07-12 18:52:58.859272 - Epoc #	5290	 21.016194105148315
2023-07-12 18:53:19.651488 - Epoc #	5300	 20.792216062545776
2023-07-12 18:53:43.264609 - Epoc #	5310	 23.613121032714844
2023-07-12 18:54:05.346273 - Epoc #	5320	 22.081663846969604
2023-07-12 18:54:29.007981 - Epoc #	5330	 23.661708116531372
2023-07-12 18:54:52.422482 - Epoc #	5340	 23.414500951766968
2023-07-12 18:55:13.600488 - Epoc #	5350	 21.178005933761597
2023-07-12 18:55:35.025537 - Epoc #	5360	 21.42504906654358
2023-07-12 18:55:56.658737 - Epoc #	5370	 21.63319993019104
2023-07-12 18:56:21.251423 - Epoc #	5380	 24.59268593788147
2023-07-12 18:56:27.895576 - Time between reward step: #	11603.337443113327
2023-07-12 18:56:27.895576 - Average Score: 28.00 Elapsed time: 3:13:25.821797
2023-07-12 18:56:30.193839 - Time between reward step: #	11605.635706186295
2023-07-12 18:56:30.193839 - Average Score: 29.00 Elapsed time: 3:13:28.118846
2023-07-12 18:56:43.814944 - Epoc #	5390	 22.563521146774292
2023-07-12 18:57:04.562977 - Epoc #	5400	 20.748033046722412
2023-07-12 18:57:26.265103 - Epoc #	5410	 21.702126026153564
2023-07-12 18:57:48.038468 - Epoc #	5420	 21.773364782333374
2023-07-12 18:58:11.511879 - Epoc #	5430	 23.473411083221436
2023-07-12 18:58:32.851302 - Epoc #	5440	 21.339422941207886
2023-07-12 18:58:54.305970 - Epoc #	5450	 21.454668045043945
2023-07-12 18:59:16.108445 - Epoc #	5460	 21.802474975585938
2023-07-12 18:59:38.762624 - Epoc #	5470	 22.654179096221924
2023-07-12 19:00:00.214655 - Epoc #	5480	 21.452030897140503
2023-07-12 19:00:21.950126 - Epoc #	5490	 21.73547101020813
2023-07-12 19:00:43.482705 - Epoc #	5500	 21.53257918357849
2023-07-12 19:01:05.535990 - Epoc #	5510	 22.053284883499146
2023-07-12 19:01:27.830622 - Epoc #	5520	 22.294631958007812
2023-07-12 19:01:49.135951 - Epoc #	5530	 21.305329084396362
2023-07-12 19:02:10.823814 - Epoc #	5540	 21.687862873077393
2023-07-12 19:02:32.964099 - Epoc #	5550	 22.1402850151062
2023-07-12 19:02:54.187478 - Epoc #	5560	 21.223379135131836
2023-07-12 19:03:17.056695 - Epoc #	5570	 22.869216918945312
2023-07-12 19:03:37.339418 - Epoc #	5580	 20.28272294998169
2023-07-12 19:04:00.204712 - Epoc #	5590	 22.865293979644775
2023-07-12 19:04:22.122700 - Epoc #	5600	 21.917988061904907
2023-07-12 19:04:44.270289 - Epoc #	5610	 22.147588968276978
2023-07-12 19:05:06.511786 - Epoc #	5620	 22.241497039794922
2023-07-12 19:05:30.157784 - Epoc #	5630	 23.645998001098633
2023-07-12 19:05:53.020942 - Epoc #	5640	 22.863157987594604
2023-07-12 19:06:14.693206 - Epoc #	5650	 21.672264099121094
2023-07-12 19:06:38.362102 - Epoc #	5660	 23.668895959854126
2023-07-12 19:07:01.032520 - Epoc #	5670	 22.67041802406311
2023-07-12 19:07:23.987292 - Epoc #	5680	 22.954771995544434
2023-07-12 19:07:48.871026 - Epoc #	5690	 24.883733987808228
2023-07-12 19:08:10.256803 - Epoc #	5700	 21.38577699661255
2023-07-12 19:08:33.081061 - Epoc #	5710	 22.824257850646973
2023-07-12 19:08:55.099548 - Epoc #	5720	 22.018487215042114
2023-07-12 19:09:08.209803 - Time between reward step: #	12363.651670217514
2023-07-12 19:09:08.209803 - Average Score: 30.00 Elapsed time: 3:26:06.129308
2023-07-12 19:09:10.505249 - Time between reward step: #	12365.94711613655
2023-07-12 19:09:10.505249 - Average Score: 31.00 Elapsed time: 3:26:08.429940
2023-07-12 19:09:16.889709 - Epoc #	5730	 21.79016089439392
2023-07-12 19:09:38.455805 - Epoc #	5740	 21.56609606742859
2023-07-12 19:09:58.726719 - Epoc #	5750	 20.27091383934021
2023-07-12 19:10:20.417003 - Epoc #	5760	 21.69028401374817
2023-07-12 19:10:41.558965 - Epoc #	5770	 21.1419620513916
2023-07-12 19:11:02.748025 - Epoc #	5780	 21.18905997276306
2023-07-12 19:11:24.467040 - Epoc #	5790	 21.71901512145996
2023-07-12 19:11:46.294830 - Epoc #	5800	 21.827790021896362
2023-07-12 19:12:08.076270 - Epoc #	5810	 21.781440019607544
2023-07-12 19:12:32.356414 - Epoc #	5820	 24.280143976211548
2023-07-12 19:12:53.936705 - Epoc #	5830	 21.580291032791138
2023-07-12 19:13:17.525778 - Epoc #	5840	 23.589072942733765
2023-07-12 19:13:39.417345 - Epoc #	5850	 21.89156699180603
2023-07-12 19:14:01.882711 - Epoc #	5860	 22.465365886688232
2023-07-12 19:14:23.069871 - Epoc #	5870	 21.1871600151062
2023-07-12 19:14:45.592996 - Epoc #	5880	 22.523124933242798
2023-07-12 19:15:09.293921 - Epoc #	5890	 23.70092511177063
2023-07-12 19:15:13.788905 - Time between reward step: #	12729.230772018433
2023-07-12 19:15:13.788905 - Average Score: 32.00 Elapsed time: 3:32:11.723012
2023-07-12 19:15:31.035579 - Epoc #	5900	 21.741657972335815
2023-07-12 19:15:52.749357 - Epoc #	5910	 21.713778018951416
2023-07-12 19:16:13.997691 - Epoc #	5920	 21.24833393096924
2023-07-12 19:16:35.988505 - Epoc #	5930	 21.990813970565796
2023-07-12 19:16:57.960170 - Epoc #	5940	 21.971665143966675
2023-07-12 19:17:19.312899 - Epoc #	5950	 21.352729082107544
2023-07-12 19:17:41.833087 - Epoc #	5960	 22.520187854766846
2023-07-12 19:17:58.002723 - Time between reward step: #	12893.444590091705
2023-07-12 19:17:58.002723 - Average Score: 33.00 Elapsed time: 3:34:55.927718
2023-07-12 19:18:04.904736 - Epoc #	5970	 23.071649074554443
2023-07-12 19:18:27.511078 - Epoc #	5980	 22.60634183883667
2023-07-12 19:18:50.876759 - Epoc #	5990	 23.365681171417236
2023-07-12 19:19:12.579997 - Epoc #	6000	 21.703238010406494
2023-07-12 19:19:34.085132 - Epoc #	6010	 21.50513482093811
2023-07-12 19:19:56.123278 - Epoc #	6020	 22.038146018981934
2023-07-12 19:20:18.062759 - Epoc #	6030	 21.939481019973755
2023-07-12 19:20:41.670877 - Epoc #	6040	 23.608118057250977
2023-07-12 19:21:03.319153 - Epoc #	6050	 21.64827609062195
2023-07-12 19:21:25.625566 - Epoc #	6060	 22.306412935256958
2023-07-12 19:21:47.581075 - Epoc #	6070	 21.955508947372437
2023-07-12 19:22:09.237373 - Epoc #	6080	 21.65629816055298
2023-07-12 19:22:30.968336 - Epoc #	6090	 21.730962991714478
2023-07-12 19:22:51.887890 - Epoc #	6100	 20.919553995132446
2023-07-12 19:23:13.067272 - Epoc #	6110	 21.179381847381592
2023-07-12 19:23:34.746650 - Epoc #	6120	 21.679378032684326
2023-07-12 19:23:57.056532 - Epoc #	6130	 22.309881925582886
2023-07-12 19:24:18.342016 - Epoc #	6140	 21.285484075546265
2023-07-12 19:24:39.976218 - Epoc #	6150	 21.634202003479004
2023-07-12 19:25:01.699641 - Epoc #	6160	 21.72342300415039
2023-07-12 19:25:24.315956 - Epoc #	6170	 22.616315126419067
2023-07-12 19:25:45.862829 - Epoc #	6180	 21.546872854232788
2023-07-12 19:26:08.163443 - Epoc #	6190	 22.30061411857605
2023-07-12 19:26:31.325777 - Epoc #	6200	 23.162333965301514
2023-07-12 19:26:53.128605 - Epoc #	6210	 21.802827835083008
2023-07-12 19:27:15.415799 - Epoc #	6220	 22.28719401359558
2023-07-12 19:27:37.747697 - Epoc #	6230	 22.33189821243286
2023-07-12 19:28:00.241345 - Epoc #	6240	 22.493647813796997
2023-07-12 19:28:22.714749 - Epoc #	6250	 22.47340416908264
2023-07-12 19:28:43.827078 - Epoc #	6260	 21.11232900619507
2023-07-12 19:29:05.910822 - Epoc #	6270	 22.083743810653687
2023-07-12 19:29:27.501828 - Epoc #	6280	 21.59100604057312
2023-07-12 19:29:49.540383 - Epoc #	6290	 22.038555145263672
2023-07-12 19:30:11.435300 - Epoc #	6300	 21.894917011260986
2023-07-12 19:30:33.257148 - Epoc #	6310	 21.821847915649414
2023-07-12 19:30:56.708169 - Epoc #	6320	 23.45102095603943
2023-07-12 19:31:18.989193 - Epoc #	6330	 22.28102397918701
2023-07-12 19:31:40.175733 - Epoc #	6340	 21.186540126800537
2023-07-12 19:32:01.954312 - Epoc #	6350	 21.778578996658325
2023-07-12 19:32:24.484956 - Epoc #	6360	 22.530643939971924
2023-07-12 19:32:46.954094 - Epoc #	6370	 22.4691379070282
2023-07-12 19:33:05.029080 - Time between reward step: #	13800.470947027206
2023-07-12 19:33:05.029080 - Average Score: 34.00 Elapsed time: 3:50:02.954778
2023-07-12 19:33:09.884030 - Time between reward step: #	13805.325897216797
2023-07-12 19:33:09.884030 - Average Score: 35.00 Elapsed time: 3:50:07.810878
2023-07-12 19:33:09.884030 - Epoc #	6380	 22.929936170578003
2023-07-12 19:33:31.260271 - Epoc #	6390	 21.376240968704224
2023-07-12 19:33:52.501212 - Epoc #	6400	 21.240940809249878
2023-07-12 19:34:14.106700 - Epoc #	6410	 21.605488061904907
2023-07-12 19:34:36.705242 - Epoc #	6420	 22.598541975021362
2023-07-12 19:34:59.325797 - Epoc #	6430	 22.62055516242981
2023-07-12 19:35:20.316299 - Epoc #	6440	 20.990501880645752
2023-07-12 19:35:41.936785 - Epoc #	6450	 21.62048602104187
2023-07-12 19:35:51.564585 - Time between reward step: #	13967.006452083588
2023-07-12 19:35:51.564585 - Average Score: 36.00 Elapsed time: 3:52:49.496172
2023-07-12 19:36:04.356682 - Epoc #	6460	 22.419897079467773
2023-07-12 19:36:28.470784 - Epoc #	6470	 24.114101886749268
2023-07-12 19:36:51.416914 - Epoc #	6480	 22.94613003730774
2023-07-12 19:37:13.559858 - Epoc #	6490	 22.14294409751892
2023-07-12 19:37:35.459934 - Epoc #	6500	 21.900075912475586
2023-07-12 19:37:57.169163 - Epoc #	6510	 21.709228992462158
2023-07-12 19:38:18.762482 - Epoc #	6520	 21.593318939208984
2023-07-12 19:38:41.156197 - Epoc #	6530	 22.393715143203735
2023-07-12 19:39:03.686175 - Epoc #	6540	 22.529978036880493
2023-07-12 19:39:26.703637 - Epoc #	6550	 23.0174617767334
2023-07-12 19:39:48.735666 - Epoc #	6560	 22.032029151916504
2023-07-12 19:40:10.766111 - Epoc #	6570	 22.030444860458374
2023-07-12 19:40:32.735522 - Epoc #	6580	 21.96941113471985
2023-07-12 19:40:55.252072 - Epoc #	6590	 22.516550064086914
2023-07-12 19:41:18.383101 - Epoc #	6600	 23.13102889060974
2023-07-12 19:41:41.759474 - Epoc #	6610	 23.376373052597046
2023-07-12 19:42:03.242780 - Epoc #	6620	 21.48330593109131
2023-07-12 19:42:25.478823 - Epoc #	6630	 22.236042976379395
2023-07-12 19:42:47.248623 - Epoc #	6640	 21.769799947738647
2023-07-12 19:43:08.816650 - Epoc #	6650	 21.568027019500732
2023-07-12 19:43:30.800763 - Epoc #	6660	 21.984112977981567
2023-07-12 19:43:52.267827 - Epoc #	6670	 21.467064142227173
2023-07-12 19:44:13.748545 - Epoc #	6680	 21.48071789741516
2023-07-12 19:44:35.508550 - Epoc #	6690	 21.760004997253418
2023-07-12 19:44:57.845630 - Epoc #	6700	 22.337080001831055
2023-07-12 19:45:19.650036 - Epoc #	6710	 21.80440616607666
2023-07-12 19:45:42.055788 - Epoc #	6720	 22.405751943588257
2023-07-12 19:46:04.360316 - Epoc #	6730	 22.30452799797058
2023-07-12 19:46:25.454410 - Epoc #	6740	 21.094094038009644
2023-07-12 19:46:47.508409 - Epoc #	6750	 22.053998947143555
2023-07-12 19:47:10.507847 - Epoc #	6760	 22.999438047409058
2023-07-12 19:47:32.389100 - Epoc #	6770	 21.881253004074097
2023-07-12 19:47:54.588749 - Epoc #	6780	 22.1996488571167
2023-07-12 19:48:17.146866 - Epoc #	6790	 22.558117151260376
2023-07-12 19:48:41.241982 - Epoc #	6800	 24.095115900039673
2023-07-12 19:49:02.954276 - Epoc #	6810	 21.712294101715088
2023-07-12 19:49:25.099422 - Epoc #	6820	 22.145145893096924
2023-07-12 19:49:46.409893 - Epoc #	6830	 21.310471057891846
2023-07-12 19:50:08.439323 - Epoc #	6840	 22.02942991256714
2023-07-12 19:50:30.972740 - Epoc #	6850	 22.533416986465454
2023-07-12 19:50:52.438594 - Epoc #	6860	 21.465854167938232
2023-07-12 19:51:15.513331 - Epoc #	6870	 23.074736833572388
2023-07-12 19:51:37.336165 - Epoc #	6880	 21.822834014892578
2023-07-12 19:51:59.428539 - Epoc #	6890	 22.092374086380005
2023-07-12 19:52:21.840444 - Epoc #	6900	 22.41190505027771
2023-07-12 19:52:43.842291 - Epoc #	6910	 22.0018470287323
2023-07-12 19:53:06.136880 - Epoc #	6920	 22.294588804244995
2023-07-12 19:53:27.956183 - Epoc #	6930	 21.819303035736084
2023-07-12 19:53:51.145347 - Epoc #	6940	 23.18916416168213
2023-07-12 19:54:13.272530 - Epoc #	6950	 22.127182960510254
2023-07-12 19:54:35.602963 - Epoc #	6960	 22.330432891845703
2023-07-12 19:55:00.529671 - Epoc #	6970	 24.926707983016968
2023-07-12 19:55:23.862689 - Epoc #	6980	 23.3330180644989
2023-07-12 19:55:47.087253 - Epoc #	6990	 23.22456407546997
2023-07-12 19:56:10.728420 - Epoc #	7000	 23.641166925430298
2023-07-12 19:56:17.463501 - Time between reward step: #	15192.905368089676
2023-07-12 19:56:17.463501 - Average Score: 37.00 Elapsed time: 4:13:15.384590
2023-07-12 19:56:19.842625 - Time between reward step: #	15195.284492015839
2023-07-12 19:56:19.842625 - Average Score: 38.00 Elapsed time: 4:13:17.762446
2023-07-12 19:56:22.227181 - Time between reward step: #	15197.669048070908
2023-07-12 19:56:22.227181 - Average Score: 39.00 Elapsed time: 4:13:20.149166
2023-07-12 19:56:33.397550 - Epoc #	7010	 22.669130086898804
2023-07-12 19:56:55.882447 - Epoc #	7020	 22.484896898269653
2023-07-12 19:57:04.470341 - Time between reward step: #	15239.912208080292
2023-07-12 19:57:04.470341 - Average Score: 40.00 Elapsed time: 4:14:02.404466
2023-07-12 19:57:17.038143 - Epoc #	7030	 21.155695915222168
2023-07-12 19:57:39.354802 - Epoc #	7040	 22.316658973693848
2023-07-12 19:58:02.580051 - Time between reward step: #	15298.021918058395
2023-07-12 19:58:02.580051 - Average Score: 41.00 Elapsed time: 4:15:00.503884
2023-07-12 19:58:02.580051 - Epoc #	7050	 23.22524905204773
2023-07-12 19:58:22.607850 - Time between reward step: #	15318.049717187881
2023-07-12 19:58:22.607850 - Average Score: 42.00 Elapsed time: 4:15:20.541272
2023-07-12 19:58:24.569378 - Epoc #	7060	 21.98932695388794
2023-07-12 19:58:26.901708 - Time between reward step: #	15322.343575000763
2023-07-12 19:58:26.901708 - Average Score: 43.00 Elapsed time: 4:15:24.821511
2023-07-12 19:58:29.425969 - Time between reward step: #	15324.867835998535
2023-07-12 19:58:29.425969 - Average Score: 44.00 Elapsed time: 4:15:27.346098
2023-07-12 19:58:47.126213 - Epoc #	7070	 22.556835174560547
2023-07-12 19:59:09.541254 - Epoc #	7080	 22.415040969848633
2023-07-12 19:59:11.859919 - Time between reward step: #	15367.301786184311
2023-07-12 19:59:11.859919 - Average Score: 45.00 Elapsed time: 4:16:09.789237
2023-07-12 19:59:14.352761 - Time between reward step: #	15369.79462814331
2023-07-12 19:59:14.352761 - Average Score: 46.00 Elapsed time: 4:16:12.277534
2023-07-12 19:59:16.962412 - Time between reward step: #	15372.404279232025
2023-07-12 19:59:16.962412 - Average Score: 47.00 Elapsed time: 4:16:14.886849
2023-07-12 19:59:21.470331 - Time between reward step: #	15376.912198066711
2023-07-12 19:59:21.470331 - Average Score: 48.00 Elapsed time: 4:16:19.398708
2023-07-12 19:59:32.122999 - Epoc #	7090	 22.5817449092865
2023-07-12 19:59:53.775456 - Epoc #	7100	 21.652456998825073
2023-07-12 20:00:16.562957 - Epoc #	7110	 22.787501096725464
2023-07-12 20:00:38.769664 - Epoc #	7120	 22.206707000732422
2023-07-12 20:01:01.141261 - Epoc #	7130	 22.371597051620483
2023-07-12 20:01:20.006724 - Time between reward step: #	15495.4485912323
2023-07-12 20:01:20.006724 - Average Score: 49.00 Elapsed time: 4:18:17.930583
2023-07-12 20:01:24.736726 - Epoc #	7140	 23.595464944839478
2023-07-12 20:01:47.109541 - Epoc #	7150	 22.372814893722534
2023-07-12 20:02:08.986326 - Epoc #	7160	 21.876785039901733
2023-07-12 20:02:20.396719 - Time between reward step: #	15555.838586091995
2023-07-12 20:02:20.396719 - Average Score: 50.00 Elapsed time: 4:19:18.318977
2023-07-12 20:02:32.313215 - Epoc #	7170	 23.326889038085938
2023-07-12 20:02:54.278228 - Epoc #	7180	 21.965013027191162
2023-07-12 20:03:16.699879 - Epoc #	7190	 22.421650886535645
2023-07-12 20:03:29.655577 - Time between reward step: #	15625.097444057465
2023-07-12 20:03:29.655577 - Average Score: 51.00 Elapsed time: 4:20:27.575151
2023-07-12 20:03:39.137035 - Epoc #	7200	 22.437155961990356
2023-07-12 20:03:48.291180 - Time between reward step: #	15643.733047008514
2023-07-12 20:03:48.291180 - Average Score: 52.00 Elapsed time: 4:20:46.223559
2023-07-12 20:04:02.005899 - Epoc #	7210	 22.868864059448242
2023-07-12 20:04:13.339529 - Time between reward step: #	15668.781396150589
2023-07-12 20:04:13.339529 - Average Score: 53.00 Elapsed time: 4:21:11.271034
2023-07-12 20:04:17.832937 - Time between reward step: #	15673.274804115295
2023-07-12 20:04:17.832937 - Average Score: 54.00 Elapsed time: 4:21:15.752689
2023-07-12 20:04:25.053485 - Time between reward step: #	15680.4953520298
2023-07-12 20:04:25.053485 - Average Score: 55.00 Elapsed time: 4:21:22.974168
2023-07-12 20:04:25.053485 - Epoc #	7220	 23.04758596420288
2023-07-12 20:04:48.237701 - Epoc #	7230	 23.184216022491455
2023-07-12 20:05:10.855797 - Epoc #	7240	 22.618096113204956
2023-07-12 20:05:34.116360 - Epoc #	7250	 23.260562896728516
2023-07-12 20:05:56.944070 - Epoc #	7260	 22.827710151672363
2023-07-12 20:06:19.636420 - Epoc #	7270	 22.692349910736084
2023-07-12 20:06:42.109208 - Epoc #	7280	 22.472788095474243
2023-07-12 20:07:05.237558 - Epoc #	7290	 23.128349781036377
2023-07-12 20:07:27.653825 - Epoc #	7300	 22.416267156600952
2023-07-12 20:07:50.448378 - Epoc #	7310	 22.79455304145813
2023-07-12 20:08:12.715714 - Epoc #	7320	 22.267335891723633
2023-07-12 20:08:35.038974 - Epoc #	7330	 22.323260068893433
2023-07-12 20:08:56.905806 - Epoc #	7340	 21.86683201789856
2023-07-12 20:09:08.778969 - Time between reward step: #	15964.220836162567
2023-07-12 20:09:08.778969 - Average Score: 56.00 Elapsed time: 4:26:06.711141
2023-07-12 20:09:11.272891 - Time between reward step: #	15966.71475815773
2023-07-12 20:09:11.272891 - Average Score: 57.00 Elapsed time: 4:26:09.193077
2023-07-12 20:09:20.427696 - Epoc #	7350	 23.52188992500305
2023-07-12 20:09:44.096971 - Epoc #	7360	 23.669275045394897
2023-07-12 20:10:05.435994 - Epoc #	7370	 21.339022874832153
2023-07-12 20:10:28.457872 - Epoc #	7380	 23.021878004074097
2023-07-12 20:10:50.474014 - Epoc #	7390	 22.01614212989807
2023-07-12 20:11:13.490649 - Epoc #	7400	 23.016634941101074
2023-07-12 20:11:35.817344 - Epoc #	7410	 22.32669496536255
2023-07-12 20:11:58.850980 - Epoc #	7420	 23.03363609313965
2023-07-12 20:12:22.324980 - Epoc #	7430	 23.473999977111816
2023-07-12 20:12:45.288515 - Epoc #	7440	 22.96353507041931
2023-07-12 20:13:07.412020 - Epoc #	7450	 22.123504877090454
2023-07-12 20:13:29.506280 - Epoc #	7460	 22.0942599773407
2023-07-12 20:13:51.298077 - Epoc #	7470	 21.791797161102295
2023-07-12 20:14:13.877004 - Epoc #	7480	 22.57892680168152
2023-07-12 20:14:37.399047 - Epoc #	7490	 23.522042989730835
2023-07-12 20:15:00.102209 - Epoc #	7500	 22.70316219329834
2023-07-12 20:15:23.210571 - Epoc #	7510	 23.108361959457397
2023-07-12 20:15:46.133046 - Epoc #	7520	 22.92247486114502
2023-07-12 20:16:08.819545 - Epoc #	7530	 22.68649911880493
2023-07-12 20:16:31.774345 - Epoc #	7540	 22.95479989051819
2023-07-12 20:16:54.741826 - Epoc #	7550	 22.96748113632202
2023-07-12 20:17:16.813931 - Epoc #	7560	 22.072104930877686
2023-07-12 20:17:38.849756 - Epoc #	7570	 22.03582501411438
2023-07-12 20:18:00.608656 - Epoc #	7580	 21.758899927139282
2023-07-12 20:18:23.524466 - Epoc #	7590	 22.915810108184814
2023-07-12 20:18:46.555907 - Epoc #	7600	 23.03144097328186
2023-07-12 20:19:09.168145 - Epoc #	7610	 22.61223793029785
2023-07-12 20:19:30.405321 - Epoc #	7620	 21.237175941467285
2023-07-12 20:19:53.012032 - Epoc #	7630	 22.6067111492157
2023-07-12 20:20:15.879008 - Epoc #	7640	 22.866976022720337
2023-07-12 20:20:38.311507 - Epoc #	7650	 22.432498931884766
2023-07-12 20:21:00.730239 - Epoc #	7660	 22.418731927871704
2023-07-12 20:21:22.814485 - Epoc #	7670	 22.084246158599854
2023-07-12 20:21:45.917027 - Epoc #	7680	 23.10254192352295
2023-07-12 20:22:07.654703 - Epoc #	7690	 21.73767590522766
2023-07-12 20:22:29.750430 - Epoc #	7700	 22.09572720527649
2023-07-12 20:22:52.318141 - Epoc #	7710	 22.567710876464844
2023-07-12 20:23:13.696916 - Epoc #	7720	 21.378775119781494
2023-07-12 20:23:37.336182 - Epoc #	7730	 23.63926601409912
2023-07-12 20:23:59.854218 - Epoc #	7740	 22.518035888671875
2023-07-12 20:24:21.363604 - Epoc #	7750	 21.50938606262207
2023-07-12 20:24:44.529098 - Epoc #	7760	 23.165493965148926
2023-07-12 20:25:07.526924 - Epoc #	7770	 22.997825860977173
2023-07-12 20:25:29.453278 - Epoc #	7780	 21.92635416984558
2023-07-12 20:25:52.252082 - Epoc #	7790	 22.79880404472351
2023-07-12 20:26:15.412506 - Epoc #	7800	 23.16042399406433
2023-07-12 20:26:37.949124 - Epoc #	7810	 22.53661799430847
2023-07-12 20:27:00.202534 - Epoc #	7820	 22.25340986251831
2023-07-12 20:27:24.185408 - Epoc #	7830	 23.982874155044556
2023-07-12 20:27:49.677601 - Epoc #	7840	 25.49219298362732
2023-07-12 20:28:12.120055 - Epoc #	7850	 22.442453861236572
2023-07-12 20:28:34.743157 - Epoc #	7860	 22.623101949691772
2023-07-12 20:28:57.344058 - Epoc #	7870	 22.600901126861572
2023-07-12 20:29:20.270297 - Epoc #	7880	 22.926239013671875
2023-07-12 20:29:43.391650 - Epoc #	7890	 23.121352910995483
2023-07-12 20:29:45.680205 - Time between reward step: #	17201.12207221985
2023-07-12 20:29:45.680205 - Average Score: 58.00 Elapsed time: 4:46:43.605852
2023-07-12 20:29:50.494992 - Time between reward step: #	17205.93685913086
2023-07-12 20:29:50.494992 - Average Score: 59.00 Elapsed time: 4:46:48.421752
2023-07-12 20:30:02.231636 - Time between reward step: #	17217.673503160477
2023-07-12 20:30:02.231636 - Average Score: 60.00 Elapsed time: 4:47:00.164799
2023-07-12 20:30:04.575118 - Time between reward step: #	17220.016985177994
2023-07-12 20:30:04.575118 - Average Score: 61.00 Elapsed time: 4:47:02.501781
2023-07-12 20:30:06.707493 - Epoc #	7900	 23.315843105316162
2023-07-12 20:30:29.091135 - Epoc #	7910	 22.383641958236694
2023-07-12 20:30:38.676412 - Time between reward step: #	17254.118279218674
2023-07-12 20:30:38.676412 - Average Score: 62.00 Elapsed time: 4:47:36.605749
2023-07-12 20:30:48.119437 - Time between reward step: #	17263.561304092407
2023-07-12 20:30:48.119437 - Average Score: 63.00 Elapsed time: 4:47:46.042390
2023-07-12 20:30:52.442319 - Epoc #	7920	 23.351183891296387
2023-07-12 20:31:16.303949 - Epoc #	7930	 23.86163020133972
2023-07-12 20:31:39.063469 - Epoc #	7940	 22.759519815444946
2023-07-12 20:32:01.064653 - Epoc #	7950	 22.00118398666382
2023-07-12 20:32:23.876831 - Epoc #	7960	 22.812178134918213
2023-07-12 20:32:45.958635 - Epoc #	7970	 22.081804037094116
2023-07-12 20:33:08.587007 - Epoc #	7980	 22.628371953964233
2023-07-12 20:33:30.267044 - Epoc #	7990	 21.680037021636963
2023-07-12 20:33:52.903691 - Epoc #	8000	 22.63664698600769
2023-07-12 20:34:15.771821 - Epoc #	8010	 22.86812996864319
2023-07-12 20:34:40.057725 - Epoc #	8020	 24.285903930664062
2023-07-12 20:35:03.593383 - Epoc #	8030	 23.53565812110901
2023-07-12 20:35:24.343471 - Epoc #	8040	 20.75008797645569
2023-07-12 20:35:46.593401 - Epoc #	8050	 22.249929904937744
2023-07-12 20:36:09.654577 - Epoc #	8060	 23.06117606163025
2023-07-12 20:36:33.315309 - Epoc #	8070	 23.66073203086853
2023-07-12 20:36:56.403073 - Epoc #	8080	 23.087764024734497
2023-07-12 20:37:18.101603 - Epoc #	8090	 21.698529958724976
2023-07-12 20:37:40.310473 - Epoc #	8100	 22.20886993408203
2023-07-12 20:38:02.369569 - Epoc #	8110	 22.059096097946167
2023-07-12 20:38:26.013901 - Epoc #	8120	 23.64433193206787
2023-07-12 20:38:48.835479 - Epoc #	8130	 22.82157802581787
2023-07-12 20:39:10.851675 - Epoc #	8140	 22.01619601249695
2023-07-12 20:39:34.745979 - Epoc #	8150	 23.894304037094116
2023-07-12 20:39:57.943389 - Epoc #	8160	 23.197409868240356
2023-07-12 20:40:21.047680 - Epoc #	8170	 23.10429096221924
2023-07-12 20:40:42.539177 - Epoc #	8180	 21.491497039794922
2023-07-12 20:41:06.279708 - Epoc #	8190	 23.740530967712402
2023-07-12 20:41:28.800798 - Epoc #	8200	 22.521090030670166
2023-07-12 20:41:51.083802 - Epoc #	8210	 22.28300404548645
2023-07-12 20:42:13.507040 - Epoc #	8220	 22.423238039016724
2023-07-12 20:42:35.642306 - Epoc #	8230	 22.135266065597534
2023-07-12 20:42:58.353330 - Epoc #	8240	 22.711023807525635
2023-07-12 20:43:20.439951 - Epoc #	8250	 22.086621046066284
2023-07-12 20:43:42.575028 - Epoc #	8260	 22.135076999664307
2023-07-12 20:44:05.239394 - Epoc #	8270	 22.664366006851196
2023-07-12 20:44:27.962787 - Epoc #	8280	 22.723392963409424
2023-07-12 20:44:50.436575 - Epoc #	8290	 22.473788022994995
2023-07-12 20:45:12.853396 - Epoc #	8300	 22.416821002960205
2023-07-12 20:45:35.895590 - Epoc #	8310	 23.0421941280365
2023-07-12 20:45:58.242834 - Epoc #	8320	 22.347244024276733
2023-07-12 20:46:20.591692 - Epoc #	8330	 22.348857879638672
2023-07-12 20:46:42.815647 - Epoc #	8340	 22.223954916000366
2023-07-12 20:47:05.126038 - Epoc #	8350	 22.310391187667847
2023-07-12 20:47:27.068691 - Epoc #	8360	 21.942652940750122
2023-07-12 20:47:51.409070 - Epoc #	8370	 24.340378999710083
2023-07-12 20:48:14.039855 - Epoc #	8380	 22.63078498840332
2023-07-12 20:48:36.925588 - Epoc #	8390	 22.885732889175415
2023-07-12 20:49:00.198528 - Epoc #	8400	 23.272940158843994
2023-07-12 20:49:22.786659 - Epoc #	8410	 22.588130950927734
2023-07-12 20:49:45.754360 - Epoc #	8420	 22.967700958251953
2023-07-12 20:50:07.469534 - Epoc #	8430	 21.715173959732056
2023-07-12 20:50:29.981404 - Epoc #	8440	 22.51187014579773
2023-07-12 20:50:52.136120 - Epoc #	8450	 22.15471601486206
2023-07-12 20:51:16.067351 - Epoc #	8460	 23.931231021881104
2023-07-12 20:51:38.000604 - Epoc #	8470	 21.933252811431885
2023-07-12 20:52:00.292627 - Epoc #	8480	 22.292023181915283
2023-07-12 20:52:24.561494 - Epoc #	8490	 24.268867015838623
2023-07-12 20:52:47.001229 - Epoc #	8500	 22.439734935760498
2023-07-12 20:53:09.216791 - Epoc #	8510	 22.215561866760254
2023-07-12 20:53:31.807031 - Epoc #	8520	 22.590240001678467
2023-07-12 20:53:54.396352 - Epoc #	8530	 22.58932113647461
2023-07-12 20:54:16.308265 - Epoc #	8540	 21.91191291809082
2023-07-12 20:54:39.588976 - Epoc #	8550	 23.28071093559265
2023-07-12 20:55:01.432251 - Epoc #	8560	 21.84327507019043
2023-07-12 20:55:23.389567 - Epoc #	8570	 21.957315921783447
2023-07-12 20:55:45.320850 - Epoc #	8580	 21.931282997131348
2023-07-12 20:56:07.580659 - Epoc #	8590	 22.259809017181396
2023-07-12 20:56:29.457777 - Epoc #	8600	 21.87711811065674
2023-07-12 20:56:53.368075 - Epoc #	8610	 23.910297870635986
2023-07-12 20:57:17.080139 - Epoc #	8620	 23.712064027786255
2023-07-12 20:57:40.078790 - Epoc #	8630	 22.998651027679443
2023-07-12 20:58:02.985752 - Epoc #	8640	 22.906962156295776
2023-07-12 20:58:25.638034 - Epoc #	8650	 22.652281999588013
2023-07-12 20:58:48.770961 - Epoc #	8660	 23.13292694091797
2023-07-12 20:59:10.401481 - Epoc #	8670	 21.63051986694336
2023-07-12 20:59:33.275175 - Epoc #	8680	 22.87369418144226
2023-07-12 20:59:55.476214 - Epoc #	8690	 22.20103883743286
2023-07-12 21:00:17.081371 - Epoc #	8700	 21.605157136917114
2023-07-12 21:00:39.664204 - Epoc #	8710	 22.58283281326294
2023-07-12 21:01:02.340850 - Epoc #	8720	 22.67664623260498
2023-07-12 21:01:27.968587 - Epoc #	8730	 25.627736806869507
2023-07-12 21:01:50.983943 - Epoc #	8740	 23.015356063842773
2023-07-12 21:02:14.357797 - Epoc #	8750	 23.37385392189026
2023-07-12 21:02:36.940462 - Epoc #	8760	 22.58266520500183
2023-07-12 21:02:59.475908 - Epoc #	8770	 22.53544592857361
2023-07-12 21:03:21.767201 - Epoc #	8780	 22.291292905807495
2023-07-12 21:03:42.730038 - Epoc #	8790	 20.962836980819702
2023-07-12 21:04:04.354044 - Epoc #	8800	 21.624006032943726
2023-07-12 21:04:26.464085 - Epoc #	8810	 22.11004114151001
2023-07-12 21:04:48.431521 - Epoc #	8820	 21.967435836791992
2023-07-12 21:05:10.632979 - Epoc #	8830	 22.201457977294922
2023-07-12 21:05:33.024786 - Epoc #	8840	 22.391807079315186
2023-07-12 21:05:55.713804 - Epoc #	8850	 22.68901801109314
2023-07-12 21:06:18.702002 - Epoc #	8860	 22.988198041915894
2023-07-12 21:06:41.202590 - Epoc #	8870	 22.500587940216064
2023-07-12 21:07:04.456751 - Epoc #	8880	 23.25416111946106
2023-07-12 21:07:26.126213 - Epoc #	8890	 21.669461965560913
2023-07-12 21:07:47.593180 - Epoc #	8900	 21.4669668674469
2023-07-12 21:08:09.875050 - Epoc #	8910	 22.281870126724243
2023-07-12 21:08:31.982990 - Epoc #	8920	 22.107939958572388
2023-07-12 21:08:54.704874 - Epoc #	8930	 22.72188401222229
2023-07-12 21:09:16.531990 - Epoc #	8940	 21.827116012573242
2023-07-12 21:09:38.905182 - Epoc #	8950	 22.373191833496094
2023-07-12 21:10:01.218847 - Epoc #	8960	 22.31366515159607
2023-07-12 21:10:24.316118 - Epoc #	8970	 23.097270965576172
2023-07-12 21:10:46.613800 - Epoc #	8980	 22.29768204689026
2023-07-12 21:11:09.882907 - Epoc #	8990	 23.2691068649292
2023-07-12 21:11:32.728527 - Epoc #	9000	 22.845620155334473
2023-07-12 21:11:54.979046 - Epoc #	9010	 22.250519037246704
2023-07-12 21:12:17.043078 - Epoc #	9020	 22.064031839370728
2023-07-12 21:12:40.029722 - Epoc #	9030	 22.98664402961731
2023-07-12 21:13:02.279394 - Epoc #	9040	 22.249671936035156
2023-07-12 21:13:25.826717 - Epoc #	9050	 23.547322988510132
2023-07-12 21:13:48.097339 - Epoc #	9060	 22.27062201499939
2023-07-12 21:14:11.099503 - Epoc #	9070	 23.002164125442505
2023-07-12 21:14:37.458423 - Epoc #	9080	 26.358919858932495
2023-07-12 21:15:03.643254 - Epoc #	9090	 26.184831142425537
2023-07-12 21:15:27.210918 - Epoc #	9100	 23.56766390800476
2023-07-12 21:15:51.986552 - Epoc #	9110	 24.775634050369263
2023-07-12 21:16:16.791625 - Epoc #	9120	 24.805073022842407
2023-07-12 21:16:39.340682 - Epoc #	9130	 22.549057006835938
2023-07-12 21:17:01.260342 - Epoc #	9140	 21.919659852981567
2023-07-12 21:17:23.842176 - Epoc #	9150	 22.581834077835083
2023-07-12 21:17:47.391403 - Epoc #	9160	 23.549226999282837
2023-07-12 21:18:13.767244 - Epoc #	9170	 26.37584114074707
2023-07-12 21:18:37.145970 - Epoc #	9180	 23.3787260055542
2023-07-12 21:19:01.434661 - Epoc #	9190	 24.28869080543518
2023-07-12 21:19:23.887963 - Epoc #	9200	 22.453302145004272
2023-07-12 21:19:45.371431 - Epoc #	9210	 21.483468055725098
2023-07-12 21:20:08.465810 - Epoc #	9220	 23.09437894821167
2023-07-12 21:20:30.716847 - Epoc #	9230	 22.251036882400513
2023-07-12 21:20:54.628357 - Epoc #	9240	 23.91150999069214
2023-07-12 21:21:19.466558 - Epoc #	9250	 24.83820104598999
2023-07-12 21:21:44.209682 - Epoc #	9260	 24.74312400817871
2023-07-12 21:22:06.570509 - Epoc #	9270	 22.36082696914673
2023-07-12 21:22:31.753140 - Epoc #	9280	 25.182631015777588
2023-07-12 21:22:54.222033 - Epoc #	9290	 22.46889305114746
2023-07-12 21:23:18.325216 - Epoc #	9300	 24.103183031082153
2023-07-12 21:23:41.260540 - Epoc #	9310	 22.93532395362854
2023-07-12 21:24:03.177391 - Epoc #	9320	 21.916851043701172
2023-07-12 21:24:25.744747 - Epoc #	9330	 22.56735587120056
2023-07-12 21:24:49.420114 - Epoc #	9340	 23.6753671169281
2023-07-12 21:25:13.142034 - Epoc #	9350	 23.721920013427734
2023-07-12 21:25:35.216337 - Epoc #	9360	 22.074302911758423
2023-07-12 21:25:58.119437 - Epoc #	9370	 22.90310001373291
2023-07-12 21:26:21.425099 - Epoc #	9380	 23.305661916732788
2023-07-12 21:26:44.437999 - Epoc #	9390	 23.01290011405945
2023-07-12 21:27:07.452769 - Epoc #	9400	 23.014770030975342
2023-07-12 21:27:29.322801 - Epoc #	9410	 21.87003207206726
2023-07-12 21:27:53.249748 - Epoc #	9420	 23.926946878433228
2023-07-12 21:28:16.034137 - Epoc #	9430	 22.78438901901245
2023-07-12 21:28:37.445492 - Epoc #	9440	 21.411355018615723
2023-07-12 21:28:58.798424 - Epoc #	9450	 21.35293197631836
2023-07-12 21:29:21.228361 - Epoc #	9460	 22.42993688583374
2023-07-12 21:29:42.735808 - Epoc #	9470	 21.507447004318237
2023-07-12 21:30:05.917389 - Epoc #	9480	 23.181581020355225
2023-07-12 21:30:28.584879 - Epoc #	9490	 22.667490005493164
2023-07-12 21:30:52.181861 - Epoc #	9500	 23.5969820022583
2023-07-12 21:31:16.903697 - Epoc #	9510	 24.72183609008789
2023-07-12 21:31:39.528215 - Epoc #	9520	 22.624517917633057
2023-07-12 21:32:02.258211 - Epoc #	9530	 22.72999596595764
2023-07-12 21:32:25.492031 - Epoc #	9540	 23.23382019996643
2023-07-12 21:32:48.394278 - Epoc #	9550	 22.902246952056885
2023-07-12 21:33:11.995468 - Epoc #	9560	 23.601189851760864
2023-07-12 21:33:34.043223 - Epoc #	9570	 22.047755002975464
2023-07-12 21:33:56.214995 - Epoc #	9580	 22.171772003173828
2023-07-12 21:34:19.998680 - Epoc #	9590	 23.783685207366943
2023-07-12 21:34:41.565078 - Epoc #	9600	 21.56639790534973
2023-07-12 21:35:04.118912 - Epoc #	9610	 22.553833961486816
2023-07-12 21:35:28.417268 - Epoc #	9620	 24.29835605621338
2023-07-12 21:35:50.539214 - Epoc #	9630	 22.12194585800171
2023-07-12 21:36:13.645526 - Epoc #	9640	 23.106312036514282
2023-07-12 21:36:37.334068 - Epoc #	9650	 23.688542127609253
2023-07-12 21:37:00.711869 - Epoc #	9660	 23.377800941467285
2023-07-12 21:37:23.995177 - Epoc #	9670	 23.283308029174805
2023-07-12 21:37:48.556724 - Epoc #	9680	 24.56154704093933
2023-07-12 21:38:11.938077 - Epoc #	9690	 23.38135290145874
2023-07-12 21:38:33.988886 - Epoc #	9700	 22.050809144973755
2023-07-12 21:38:57.415063 - Epoc #	9710	 23.42617678642273
2023-07-12 21:39:19.532740 - Epoc #	9720	 22.117677211761475
2023-07-12 21:39:41.244948 - Epoc #	9730	 21.712207794189453
2023-07-12 21:40:03.223016 - Epoc #	9740	 21.978068113327026
2023-07-12 21:40:25.914426 - Epoc #	9750	 22.691410064697266
2023-07-12 21:40:49.996375 - Epoc #	9760	 24.08194899559021
2023-07-12 21:41:12.986671 - Epoc #	9770	 22.990295886993408
2023-07-12 21:41:35.229247 - Epoc #	9780	 22.242576122283936
2023-07-12 21:41:57.912592 - Epoc #	9790	 22.683344841003418
2023-07-12 21:42:20.598210 - Epoc #	9800	 22.68561816215515
2023-07-12 21:42:42.422911 - Epoc #	9810	 21.824700832366943
2023-07-12 21:43:05.108153 - Epoc #	9820	 22.685242176055908
2023-07-12 21:43:27.058281 - Epoc #	9830	 21.950127840042114
2023-07-12 21:43:49.445762 - Epoc #	9840	 22.387480974197388
2023-07-12 21:44:11.565000 - Epoc #	9850	 22.119238138198853
2023-07-12 21:44:34.974100 - Epoc #	9860	 23.40910005569458
2023-07-12 21:44:57.428529 - Epoc #	9870	 22.454428911209106
2023-07-12 21:45:20.093696 - Epoc #	9880	 22.665167093276978
2023-07-12 21:45:43.545488 - Epoc #	9890	 23.451792001724243
2023-07-12 21:46:07.305654 - Epoc #	9900	 23.76016592979431
2023-07-12 21:46:30.927357 - Epoc #	9910	 23.621702909469604
2023-07-12 21:46:55.646499 - Epoc #	9920	 24.719141960144043
2023-07-12 21:47:18.742847 - Epoc #	9930	 23.09634804725647
2023-07-12 21:47:41.039075 - Epoc #	9940	 22.29622793197632
2023-07-12 21:48:03.653893 - Epoc #	9950	 22.61481809616089
2023-07-12 21:48:27.627916 - Epoc #	9960	 23.97402310371399
2023-07-12 21:48:49.835059 - Epoc #	9970	 22.20714282989502
2023-07-12 21:49:12.413221 - Epoc #	9980	 22.57816195487976
2023-07-12 21:49:35.419023 - Epoc #	9990	 23.005802154541016
2023-07-12 21:49:58.010250 - Epoc #	10000	 22.591227054595947
2023-07-12 21:50:21.186591 - Epoc #	10010	 23.17634081840515
2023-07-12 21:50:44.261359 - Epoc #	10020	 23.07476806640625
2023-07-12 21:51:06.873350 - Epoc #	10030	 22.611990928649902
2023-07-12 21:51:29.888100 - Epoc #	10040	 23.014750003814697
2023-07-12 21:51:53.887763 - Epoc #	10050	 23.99966311454773
2023-07-12 21:52:17.102230 - Epoc #	10060	 23.21446704864502
2023-07-12 21:52:40.025324 - Epoc #	10070	 22.923094034194946
2023-07-12 21:53:02.805979 - Epoc #	10080	 22.780654907226562
2023-07-12 21:53:24.863026 - Epoc #	10090	 22.05704689025879
2023-07-12 21:53:48.054221 - Epoc #	10100	 23.191195011138916
2023-07-12 21:54:11.021815 - Epoc #	10110	 22.967594146728516
2023-07-12 21:54:35.351436 - Epoc #	10120	 24.329620838165283
2023-07-12 21:54:59.649664 - Epoc #	10130	 24.2982280254364
2023-07-12 21:55:23.944590 - Epoc #	10140	 24.294926166534424
2023-07-12 21:55:46.964492 - Epoc #	10150	 23.019901990890503
2023-07-12 21:56:09.690793 - Epoc #	10160	 22.726300954818726
2023-07-12 21:56:34.350626 - Epoc #	10170	 24.65983295440674
2023-07-12 21:57:00.062152 - Epoc #	10180	 25.711525917053223
2023-07-12 21:57:23.985081 - Epoc #	10190	 23.922929048538208
2023-07-12 21:57:46.379182 - Epoc #	10200	 22.3941011428833
2023-07-12 21:58:11.183136 - Epoc #	10210	 24.803953886032104
2023-07-12 21:58:33.853126 - Epoc #	10220	 22.669990062713623
2023-07-12 21:58:55.709902 - Epoc #	10230	 21.856775999069214
2023-07-12 21:59:20.511509 - Epoc #	10240	 24.80160689353943
2023-07-12 21:59:42.688488 - Epoc #	10250	 22.176979064941406
2023-07-12 22:00:06.675134 - Epoc #	10260	 23.986645936965942
2023-07-12 22:00:29.482016 - Epoc #	10270	 22.80688214302063
2023-07-12 22:00:52.711377 - Epoc #	10280	 23.229360818862915
2023-07-12 22:01:16.419172 - Epoc #	10290	 23.70779514312744
2023-07-12 22:01:38.746573 - Epoc #	10300	 22.32740092277527
2023-07-12 22:02:03.174830 - Epoc #	10310	 24.42825698852539
2023-07-12 22:02:26.674521 - Epoc #	10320	 23.499691009521484
2023-07-12 22:02:50.113663 - Epoc #	10330	 23.439141988754272
2023-07-12 22:03:11.923178 - Epoc #	10340	 21.80951499938965
2023-07-12 22:03:35.907590 - Epoc #	10350	 23.98441195487976
2023-07-12 22:03:59.276877 - Epoc #	10360	 23.36928701400757
2023-07-12 22:04:21.901829 - Epoc #	10370	 22.6249520778656
2023-07-12 22:04:45.756405 - Epoc #	10380	 23.854576110839844
2023-07-12 22:05:08.703808 - Epoc #	10390	 22.947402954101562
2023-07-12 22:05:30.916820 - Epoc #	10400	 22.213011980056763
2023-07-12 22:05:54.367492 - Epoc #	10410	 23.450671911239624
2023-07-12 22:06:17.697026 - Epoc #	10420	 23.32953405380249
2023-07-12 22:06:40.276935 - Epoc #	10430	 22.579909086227417
2023-07-12 22:07:02.697388 - Epoc #	10440	 22.42045283317566
2023-07-12 22:07:25.075562 - Epoc #	10450	 22.37817406654358
2023-07-12 22:07:47.703759 - Epoc #	10460	 22.628196954727173
2023-07-12 22:08:11.692282 - Epoc #	10470	 23.98852300643921
2023-07-12 22:08:35.464064 - Epoc #	10480	 23.77178192138672
2023-07-12 22:08:59.127236 - Epoc #	10490	 23.663172006607056
2023-07-12 22:09:20.874279 - Epoc #	10500	 21.747043132781982
2023-07-12 22:09:43.308795 - Epoc #	10510	 22.434515953063965
2023-07-12 22:10:07.264117 - Epoc #	10520	 23.95532202720642
2023-07-12 22:10:33.039053 - Epoc #	10530	 25.774935960769653
2023-07-12 22:10:55.777601 - Epoc #	10540	 22.738548040390015
2023-07-12 22:11:19.596313 - Epoc #	10550	 23.81871199607849
2023-07-12 22:11:45.528504 - Epoc #	10560	 25.932190895080566
2023-07-12 22:12:08.765210 - Epoc #	10570	 23.236706018447876
2023-07-12 22:12:31.229109 - Epoc #	10580	 22.4638991355896
2023-07-12 22:12:54.665416 - Epoc #	10590	 23.436306953430176
2023-07-12 22:13:17.212738 - Epoc #	10600	 22.547322034835815
2023-07-12 22:13:19.531070 - Time between reward step: #	23414.972937107086
2023-07-12 22:13:19.531070 - Average Score: 64.00 Elapsed time: 6:30:17.458164
2023-07-12 22:13:26.675890 - Time between reward step: #	23422.117757081985
2023-07-12 22:13:26.675890 - Average Score: 65.00 Elapsed time: 6:30:24.609882
2023-07-12 22:13:40.535139 - Epoc #	10610	 23.32240104675293
2023-07-12 22:13:45.534565 - Time between reward step: #	23440.976432085037
2023-07-12 22:13:45.550187 - Average Score: 66.00 Elapsed time: 6:30:43.469591
2023-07-12 22:14:02.197758 - Epoc #	10620	 21.66261887550354
2023-07-12 22:14:25.542222 - Epoc #	10630	 23.34446406364441
2023-07-12 22:14:48.869057 - Epoc #	10640	 23.32683491706848
2023-07-12 22:15:11.546266 - Epoc #	10650	 22.67720913887024
2023-07-12 22:15:35.025925 - Epoc #	10660	 23.479658842086792
2023-07-12 22:15:58.664237 - Epoc #	10670	 23.638312101364136
2023-07-12 22:16:23.131301 - Epoc #	10680	 24.467063903808594
2023-07-12 22:16:46.682912 - Epoc #	10690	 23.551611185073853
2023-07-12 22:17:09.771156 - Epoc #	10700	 23.08824396133423
2023-07-12 22:17:33.477194 - Epoc #	10710	 23.706037998199463
2023-07-12 22:17:56.852192 - Epoc #	10720	 23.374997854232788
2023-07-12 22:18:20.288360 - Epoc #	10730	 23.43616819381714
2023-07-12 22:18:43.621985 - Epoc #	10740	 23.333624839782715
2023-07-12 22:19:07.395670 - Epoc #	10750	 23.773684978485107
2023-07-12 22:19:31.678013 - Epoc #	10760	 24.28234314918518
2023-07-12 22:19:54.751066 - Epoc #	10770	 23.073052883148193
2023-07-12 22:20:18.209395 - Epoc #	10780	 23.45832896232605
2023-07-12 22:20:41.084399 - Epoc #	10790	 22.875004053115845
2023-07-12 22:21:03.813978 - Epoc #	10800	 22.729578971862793
2023-07-12 22:21:26.957710 - Epoc #	10810	 23.14373207092285
2023-07-12 22:21:49.651430 - Epoc #	10820	 22.6937198638916
2023-07-12 22:22:12.992011 - Epoc #	10830	 23.34058117866516
2023-07-12 22:22:35.643387 - Epoc #	10840	 22.651376008987427
2023-07-12 22:22:57.684266 - Epoc #	10850	 22.040879011154175
2023-07-12 22:23:20.994793 - Epoc #	10860	 23.310526847839355
2023-07-12 22:23:43.947335 - Epoc #	10870	 22.952542066574097
2023-07-12 22:24:07.858722 - Epoc #	10880	 23.911386966705322
2023-07-12 22:24:31.490551 - Epoc #	10890	 23.631829023361206
2023-07-12 22:24:57.510522 - Epoc #	10900	 26.019970893859863
2023-07-12 22:25:22.345731 - Epoc #	10910	 24.835209131240845
2023-07-12 22:25:45.660486 - Epoc #	10920	 23.314754962921143
2023-07-12 22:26:09.984687 - Epoc #	10930	 24.324201107025146
2023-07-12 22:26:32.632628 - Epoc #	10940	 22.64794087409973
2023-07-12 22:26:55.667698 - Epoc #	10950	 23.035069942474365
2023-07-12 22:27:19.576650 - Epoc #	10960	 23.908951997756958
2023-07-12 22:27:41.989611 - Epoc #	10970	 22.41296100616455
2023-07-12 22:28:05.171640 - Epoc #	10980	 23.182029008865356
2023-07-12 22:28:29.118711 - Epoc #	10990	 23.947071075439453
2023-07-12 22:28:53.247558 - Epoc #	11000	 24.128847122192383
2023-07-12 22:29:17.328119 - Epoc #	11010	 24.08056092262268
2023-07-12 22:29:41.174791 - Epoc #	11020	 23.84667205810547
2023-07-12 22:30:05.098128 - Epoc #	11030	 23.92333698272705
2023-07-12 22:30:28.618471 - Epoc #	11040	 23.52034282684326
2023-07-12 22:30:51.049194 - Epoc #	11050	 22.430723190307617
2023-07-12 22:31:13.465103 - Epoc #	11060	 22.415908813476562
2023-07-12 22:31:36.513694 - Epoc #	11070	 23.048591136932373
2023-07-12 22:31:59.747602 - Epoc #	11080	 23.23390793800354
2023-07-12 22:32:21.851870 - Epoc #	11090	 22.104268074035645
2023-07-12 22:32:45.019253 - Epoc #	11100	 23.167382955551147
2023-07-12 22:33:08.617683 - Epoc #	11110	 23.598429918289185
2023-07-12 22:33:31.595511 - Epoc #	11120	 22.97782802581787
2023-07-12 22:33:53.983504 - Epoc #	11130	 22.387993097305298
2023-07-12 22:34:17.168509 - Epoc #	11140	 23.185004949569702
2023-07-12 22:34:39.457322 - Epoc #	11150	 22.28881287574768
2023-07-12 22:35:01.917942 - Epoc #	11160	 22.460620164871216
2023-07-12 22:35:24.902870 - Epoc #	11170	 22.984927892684937
2023-07-12 22:35:47.880576 - Epoc #	11180	 22.97770595550537
2023-07-12 22:36:10.893206 - Epoc #	11190	 23.012629985809326
2023-07-12 22:36:33.245822 - Epoc #	11200	 22.35261607170105
2023-07-12 22:36:55.583852 - Epoc #	11210	 22.338030099868774
2023-07-12 22:37:18.721434 - Epoc #	11220	 23.137582063674927
2023-07-12 22:37:41.300194 - Epoc #	11230	 22.578759908676147
2023-07-12 22:38:04.318263 - Epoc #	11240	 23.01806902885437
2023-07-12 22:38:27.497387 - Epoc #	11250	 23.179123878479004
2023-07-12 22:38:49.409324 - Epoc #	11260	 21.91193699836731
2023-07-12 22:39:11.373299 - Epoc #	11270	 21.963974952697754
2023-07-12 22:39:32.926504 - Epoc #	11280	 21.553205013275146
2023-07-12 22:39:56.047873 - Epoc #	11290	 23.121369123458862
2023-07-12 22:40:19.346880 - Epoc #	11300	 23.299006938934326
2023-07-12 22:40:42.623878 - Epoc #	11310	 23.276998043060303
2023-07-12 22:41:05.469496 - Epoc #	11320	 22.84561800956726
2023-07-12 22:41:28.490388 - Epoc #	11330	 23.020891904830933
2023-07-12 22:41:52.290695 - Epoc #	11340	 23.800307035446167
2023-07-12 22:42:15.773497 - Epoc #	11350	 23.482802152633667
2023-07-12 22:42:39.997301 - Epoc #	11360	 24.223803997039795
2023-07-12 22:43:02.667829 - Epoc #	11370	 22.670527935028076
2023-07-12 22:43:24.344518 - Epoc #	11380	 21.67668890953064
2023-07-12 22:43:48.064227 - Epoc #	11390	 23.719709157943726
2023-07-12 22:44:12.491828 - Epoc #	11400	 24.427600860595703
2023-07-12 22:44:35.759413 - Epoc #	11410	 23.267585039138794
2023-07-12 22:45:00.327767 - Epoc #	11420	 24.56835389137268
2023-07-12 22:45:23.559001 - Epoc #	11430	 23.231234073638916
2023-07-12 22:45:47.212059 - Epoc #	11440	 23.65305805206299
2023-07-12 22:46:11.281073 - Epoc #	11450	 24.069014072418213
2023-07-12 22:46:33.400792 - Epoc #	11460	 22.11971879005432
2023-07-12 22:46:55.641135 - Epoc #	11470	 22.24034309387207
2023-07-12 22:47:18.777908 - Epoc #	11480	 23.136773109436035
2023-07-12 22:47:41.458666 - Epoc #	11490	 22.680757999420166
2023-07-12 22:48:04.583440 - Epoc #	11500	 23.12477397918701
2023-07-12 22:48:28.460594 - Epoc #	11510	 23.877153873443604
2023-07-12 22:48:51.324686 - Epoc #	11520	 22.864092111587524
2023-07-12 22:49:15.310410 - Epoc #	11530	 23.985723972320557
2023-07-12 22:49:37.787497 - Epoc #	11540	 22.477087020874023
2023-07-12 22:50:02.794912 - Epoc #	11550	 25.007415056228638
2023-07-12 22:50:25.968061 - Epoc #	11560	 23.17314887046814
2023-07-12 22:50:49.207055 - Epoc #	11570	 23.238994121551514
2023-07-12 22:51:11.924172 - Epoc #	11580	 22.717116832733154
2023-07-12 22:51:36.006450 - Epoc #	11590	 24.08227801322937
2023-07-12 22:51:59.007772 - Epoc #	11600	 23.001322031021118
2023-07-12 22:52:09.201617 - Time between reward step: #	25744.6434841156
2023-07-12 22:52:09.201617 - Average Score: 67.00 Elapsed time: 7:09:07.121367
2023-07-12 22:52:13.802209 - Time between reward step: #	25749.244076013565
2023-07-12 22:52:13.802209 - Average Score: 68.00 Elapsed time: 7:09:11.725268
2023-07-12 22:52:16.138701 - Time between reward step: #	25751.58056807518
2023-07-12 22:52:16.138701 - Average Score: 69.00 Elapsed time: 7:09:14.072704
2023-07-12 22:52:22.750198 - Epoc #	11610	 23.7424259185791
2023-07-12 22:52:46.090330 - Epoc #	11620	 23.340131998062134
2023-07-12 22:53:08.663029 - Epoc #	11630	 22.572699069976807
2023-07-12 22:53:31.307438 - Epoc #	11640	 22.64440894126892
2023-07-12 22:53:54.683822 - Epoc #	11650	 23.376384019851685
2023-07-12 22:54:17.369469 - Epoc #	11660	 22.685647010803223
2023-07-12 22:54:40.914367 - Epoc #	11670	 23.54489803314209
2023-07-12 22:55:03.895561 - Epoc #	11680	 22.981194019317627
2023-07-12 22:55:26.743402 - Epoc #	11690	 22.847841024398804
2023-07-12 22:55:49.977922 - Epoc #	11700	 23.234519958496094
2023-07-12 22:56:13.809908 - Epoc #	11710	 23.83198595046997
2023-07-12 22:56:36.619761 - Epoc #	11720	 22.809853076934814
2023-07-12 22:56:59.635826 - Epoc #	11730	 23.01606512069702
2023-07-12 22:57:23.505074 - Epoc #	11740	 23.869247913360596
2023-07-12 22:57:47.233829 - Epoc #	11750	 23.728754997253418
2023-07-12 22:58:09.714098 - Epoc #	11760	 22.480268955230713
2023-07-12 22:58:33.351609 - Epoc #	11770	 23.637511014938354
2023-07-12 22:58:56.496495 - Epoc #	11780	 23.144886016845703
2023-07-12 22:59:19.627409 - Epoc #	11790	 23.130913972854614
2023-07-12 22:59:42.912697 - Epoc #	11800	 23.285288095474243
2023-07-12 23:00:05.756758 - Epoc #	11810	 22.84406089782715
2023-07-12 23:00:29.166248 - Epoc #	11820	 23.40949010848999
2023-07-12 23:00:51.430474 - Epoc #	11830	 22.264225959777832
2023-07-12 23:01:15.275815 - Epoc #	11840	 23.845340967178345
2023-07-12 23:01:37.555018 - Epoc #	11850	 22.279202938079834
2023-07-12 23:02:01.699256 - Epoc #	11860	 24.144237995147705
2023-07-12 23:02:24.188731 - Epoc #	11870	 22.48947501182556
2023-07-12 23:02:47.517484 - Epoc #	11880	 23.328752994537354
2023-07-12 23:03:10.219739 - Epoc #	11890	 22.70225501060486
2023-07-12 23:03:32.630188 - Epoc #	11900	 22.410449028015137
2023-07-12 23:03:57.010217 - Epoc #	11910	 24.38002896308899
2023-07-12 23:04:19.927039 - Epoc #	11920	 22.91682195663452
2023-07-12 23:04:42.678307 - Epoc #	11930	 22.75126814842224
2023-07-12 23:05:05.188201 - Epoc #	11940	 22.509893894195557
2023-07-12 23:05:29.476492 - Epoc #	11950	 24.288290977478027
2023-07-12 23:05:51.849693 - Epoc #	11960	 22.37320113182068
2023-07-12 23:06:14.445086 - Epoc #	11970	 22.59539294242859
2023-07-12 23:06:37.363087 - Epoc #	11980	 22.91800093650818
2023-07-12 23:07:00.001534 - Epoc #	11990	 22.638447046279907
2023-07-12 23:07:22.654705 - Epoc #	12000	 22.653171062469482
2023-07-12 23:07:45.924587 - Epoc #	12010	 23.26988196372986
2023-07-12 23:08:07.982673 - Epoc #	12020	 22.058085918426514
2023-07-12 23:08:31.040362 - Epoc #	12030	 23.05768895149231
2023-07-12 23:08:53.664872 - Epoc #	12040	 22.624510049819946
2023-07-12 23:09:16.695073 - Epoc #	12050	 23.030200958251953
2023-07-12 23:09:38.812178 - Epoc #	12060	 22.11710500717163
2023-07-12 23:10:00.706822 - Epoc #	12070	 21.894644021987915
2023-07-12 23:10:23.965792 - Epoc #	12080	 23.258970022201538
2023-07-12 23:10:47.457048 - Epoc #	12090	 23.49125599861145
2023-07-12 23:11:10.544645 - Epoc #	12100	 23.087597131729126
2023-07-12 23:11:33.604879 - Epoc #	12110	 23.06023383140564
2023-07-12 23:11:56.059370 - Epoc #	12120	 22.454491138458252
2023-07-12 23:12:18.566315 - Epoc #	12130	 22.50694489479065
2023-07-12 23:12:41.361690 - Epoc #	12140	 22.795375108718872
2023-07-12 23:13:04.016324 - Epoc #	12150	 22.65463399887085
2023-07-12 23:13:26.651421 - Epoc #	12160	 22.63509702682495
2023-07-12 23:13:49.267785 - Epoc #	12170	 22.616364002227783
2023-07-12 23:14:12.312761 - Epoc #	12180	 23.044975996017456
2023-07-12 23:14:35.607157 - Epoc #	12190	 23.294395923614502
2023-07-12 23:14:58.981003 - Epoc #	12200	 23.37384605407715
2023-07-12 23:15:22.155978 - Epoc #	12210	 23.17497491836548
2023-07-12 23:15:45.265230 - Epoc #	12220	 23.109251976013184
2023-07-12 23:16:07.528958 - Epoc #	12230	 22.263728141784668
2023-07-12 23:16:29.588402 - Epoc #	12240	 22.059443950653076
2023-07-12 23:16:53.152393 - Epoc #	12250	 23.5639910697937
2023-07-12 23:17:16.746591 - Epoc #	12260	 23.594197988510132
2023-07-12 23:17:38.463863 - Epoc #	12270	 21.71727180480957
2023-07-12 23:18:00.976497 - Epoc #	12280	 22.51263403892517
2023-07-12 23:18:23.325583 - Epoc #	12290	 22.349086046218872
2023-07-12 23:18:46.644266 - Epoc #	12300	 23.31868290901184
2023-07-12 23:19:09.661549 - Epoc #	12310	 23.01728320121765
2023-07-12 23:19:32.399599 - Epoc #	12320	 22.73804998397827
2023-07-12 23:19:54.601601 - Epoc #	12330	 22.202001810073853
2023-07-12 23:20:16.688555 - Epoc #	12340	 22.08695411682129
2023-07-12 23:20:40.718415 - Epoc #	12350	 24.029860019683838
2023-07-12 23:21:03.759856 - Epoc #	12360	 23.041440963745117
2023-07-12 23:21:26.654634 - Epoc #	12370	 22.89477801322937
2023-07-12 23:21:49.405828 - Epoc #	12380	 22.75119400024414
2023-07-12 23:22:13.221985 - Epoc #	12390	 23.81615710258484
2023-07-12 23:22:36.777716 - Epoc #	12400	 23.55573081970215
2023-07-12 23:23:00.524083 - Epoc #	12410	 23.74636697769165
2023-07-12 23:23:05.565120 - Time between reward step: #	27601.00698709488
2023-07-12 23:23:05.565120 - Average Score: 70.00 Elapsed time: 7:40:03.487044
2023-07-12 23:23:10.427506 - Time between reward step: #	27605.869373083115
2023-07-12 23:23:10.427506 - Average Score: 71.00 Elapsed time: 7:40:08.352332
2023-07-12 23:23:12.855580 - Time between reward step: #	27608.29744720459
2023-07-12 23:23:12.855580 - Average Score: 72.00 Elapsed time: 7:40:10.780910
2023-07-12 23:23:15.393544 - Time between reward step: #	27610.835411071777
2023-07-12 23:23:15.393544 - Average Score: 73.00 Elapsed time: 7:40:13.313416
2023-07-12 23:23:24.708155 - Epoc #	12420	 24.184072017669678
2023-07-12 23:23:42.004031 - Time between reward step: #	27637.44589805603
2023-07-12 23:23:42.005029 - Average Score: 74.00 Elapsed time: 7:40:39.924183
2023-07-12 23:23:47.019088 - Time between reward step: #	27642.460955142975
2023-07-12 23:23:47.019088 - Average Score: 75.00 Elapsed time: 7:40:44.938714
2023-07-12 23:23:49.860178 - Epoc #	12430	 25.15202307701111
2023-07-12 23:23:52.762018 - Time between reward step: #	27648.20388507843
2023-07-12 23:23:52.762018 - Average Score: 76.00 Elapsed time: 7:40:50.695457
2023-07-12 23:23:55.462855 - Time between reward step: #	27650.904722213745
2023-07-12 23:23:55.462855 - Average Score: 77.00 Elapsed time: 7:40:53.393076
2023-07-12 23:23:57.869109 - Time between reward step: #	27653.310976028442
2023-07-12 23:23:57.869109 - Average Score: 78.00 Elapsed time: 7:40:55.801150
2023-07-12 23:24:02.568156 - Time between reward step: #	27658.010023117065
2023-07-12 23:24:02.568156 - Average Score: 79.00 Elapsed time: 7:41:00.487848
2023-07-12 23:24:14.779474 - Epoc #	12440	 24.91929602622986
2023-07-12 23:24:27.043638 - Time between reward step: #	27682.485505104065
2023-07-12 23:24:27.043638 - Average Score: 80.00 Elapsed time: 7:41:24.973530
2023-07-12 23:24:38.614281 - Epoc #	12450	 23.8348069190979
2023-07-12 23:24:45.854920 - Time between reward step: #	27701.296787023544
2023-07-12 23:24:45.854920 - Average Score: 81.00 Elapsed time: 7:41:43.788227
2023-07-12 23:25:02.141849 - Epoc #	12460	 23.527568101882935
2023-07-12 23:25:25.419662 - Epoc #	12470	 23.277812957763672
2023-07-12 23:25:48.765122 - Epoc #	12480	 23.345459938049316
2023-07-12 23:26:13.033000 - Epoc #	12490	 24.26787805557251
