2023-08-14 15:18:07.579355 - Starting learning loop ...
==================================================================
2023-08-14 15:18:07.595005 - Using Framebuffer of: 1 frames	 and 	ReplayBufferSize: 100000
2023-08-14 15:18:07.595005 - Loglevel is set to: a
2023-08-14 15:18:07.596181 - Epoc #	0	 
2023-08-14 15:18:31.504313 - Epoc #	10	 23.908132076263428
2023-08-14 15:18:53.121704 - Epoc #	20	 21.617391109466553
2023-08-14 15:19:14.157535 - Epoc #	30	 21.035830974578857
2023-08-14 15:19:36.638107 - Epoc #	40	 22.48057198524475
2023-08-14 15:20:00.223196 - Epoc #	50	 23.585088968276978
2023-08-14 15:20:23.243386 - Epoc #	60	 23.020190000534058
2023-08-14 15:20:46.394493 - Epoc #	70	 23.1511070728302
2023-08-14 15:21:08.859393 - Epoc #	80	 22.46489977836609
2023-08-14 15:21:32.556102 - Epoc #	90	 23.696709156036377
2023-08-14 15:21:54.922399 - Epoc #	100	 22.366297006607056
2023-08-14 15:22:04.711223 - Time between reward step: #	237.1318678855896
2023-08-14 15:22:04.711223 - Average Score: 17.00 Elapsed time: 0:03:59.348350
2023-08-14 15:22:17.209345 - Epoc #	110	 22.286946058273315
2023-08-14 15:22:19.735112 - Time between reward step: #	252.15575695037842
2023-08-14 15:22:19.735112 - Average Score: 18.00 Elapsed time: 0:04:14.370541
2023-08-14 15:22:39.810414 - Epoc #	120	 22.60106897354126
2023-08-14 15:22:46.538254 - Time between reward step: #	278.9588990211487
2023-08-14 15:22:46.538254 - Average Score: 19.00 Elapsed time: 0:04:41.162042
2023-08-14 15:23:02.408994 - Epoc #	130	 22.59857988357544
2023-08-14 15:23:24.723221 - Epoc #	140	 22.31422710418701
2023-08-14 15:23:46.396522 - Epoc #	150	 21.673300981521606
2023-08-14 15:24:08.098448 - Epoc #	160	 21.7019259929657
2023-08-14 15:24:29.772422 - Epoc #	170	 21.67397403717041
2023-08-14 15:24:50.037825 - Epoc #	180	 20.265403032302856
2023-08-14 15:25:10.904565 - Epoc #	190	 20.866739988327026
2023-08-14 15:25:31.728494 - Epoc #	200	 20.823928833007812
2023-08-14 15:25:52.755046 - Epoc #	210	 21.026551961898804
2023-08-14 15:26:13.381426 - Epoc #	220	 20.62638020515442
2023-08-14 15:26:34.118161 - Epoc #	230	 20.736734867095947
2023-08-14 15:26:54.834545 - Epoc #	240	 20.716383934020996
2023-08-14 15:27:15.198441 - Epoc #	250	 20.363896131515503
2023-08-14 15:27:37.625610 - Epoc #	260	 22.42716908454895
2023-08-14 15:27:58.984450 - Epoc #	270	 21.358839988708496
2023-08-14 15:28:20.844263 - Epoc #	280	 21.85981297492981
2023-08-14 15:28:42.013985 - Epoc #	290	 21.169721841812134
2023-08-14 15:29:03.135157 - Epoc #	300	 21.121172189712524
2023-08-14 15:29:23.492732 - Epoc #	310	 20.357574939727783
2023-08-14 15:29:44.243873 - Epoc #	320	 20.751140832901
2023-08-14 15:30:05.577474 - Epoc #	330	 21.333601236343384
2023-08-14 15:30:26.188653 - Epoc #	340	 20.611178874969482
2023-08-14 15:30:47.176621 - Epoc #	350	 20.98796796798706
2023-08-14 15:31:09.418111 - Epoc #	360	 22.241490125656128
2023-08-14 15:31:29.819208 - Epoc #	370	 20.4010968208313
2023-08-14 15:31:50.531889 - Epoc #	380	 20.71268105506897
2023-08-14 15:32:11.689682 - Epoc #	390	 21.157793045043945
2023-08-14 15:32:32.788693 - Epoc #	400	 21.099010944366455
2023-08-14 15:32:53.868699 - Epoc #	410	 21.08000612258911
2023-08-14 15:33:14.781152 - Epoc #	420	 20.912452936172485
2023-08-14 15:33:35.611457 - Epoc #	430	 20.830305099487305
2023-08-14 15:33:57.007740 - Epoc #	440	 21.39628291130066
2023-08-14 15:34:19.094261 - Epoc #	450	 22.08652091026306
2023-08-14 15:34:40.824435 - Epoc #	460	 21.73017406463623
2023-08-14 15:35:01.203634 - Epoc #	470	 20.379199028015137
2023-08-14 15:35:21.903960 - Epoc #	480	 20.700325965881348
2023-08-14 15:35:42.464760 - Epoc #	490	 20.560800075531006
2023-08-14 15:36:04.303668 - Epoc #	500	 21.838907957077026
2023-08-14 15:36:26.595484 - Epoc #	510	 22.291815996170044
2023-08-14 15:36:48.794824 - Epoc #	520	 22.199339866638184
2023-08-14 15:37:10.217146 - Epoc #	530	 21.422322034835815
2023-08-14 15:37:30.341347 - Epoc #	540	 20.12420105934143
2023-08-14 15:37:50.577795 - Epoc #	550	 20.236448049545288
2023-08-14 15:38:10.876723 - Epoc #	560	 20.298928022384644
2023-08-14 15:38:31.859734 - Epoc #	570	 20.98301100730896
2023-08-14 15:38:52.630600 - Epoc #	580	 20.77086591720581
2023-08-14 15:39:13.593998 - Epoc #	590	 20.963397979736328
2023-08-14 15:39:34.127703 - Epoc #	600	 20.53370499610901
2023-08-14 15:39:56.178714 - Epoc #	610	 22.051011085510254
2023-08-14 15:40:16.545448 - Epoc #	620	 20.36673402786255
2023-08-14 15:40:37.357777 - Epoc #	630	 20.812329053878784
2023-08-14 15:40:59.022048 - Epoc #	640	 21.664270877838135
2023-08-14 15:41:20.841745 - Epoc #	650	 21.81969690322876
2023-08-14 15:41:42.005897 - Epoc #	660	 21.164152145385742
2023-08-14 15:42:03.396311 - Epoc #	670	 21.390413999557495
2023-08-14 15:42:24.657336 - Epoc #	680	 21.261024951934814
2023-08-14 15:42:45.826217 - Epoc #	690	 21.168880939483643
2023-08-14 15:43:06.894908 - Epoc #	700	 21.06869101524353
2023-08-14 15:43:28.636208 - Epoc #	710	 21.741300106048584
2023-08-14 15:43:49.914131 - Epoc #	720	 21.277922868728638
2023-08-14 15:44:11.470791 - Epoc #	730	 21.556660175323486
2023-08-14 15:44:32.704521 - Epoc #	740	 21.23372983932495
2023-08-14 15:44:54.957501 - Epoc #	750	 22.25297999382019
2023-08-14 15:45:16.269809 - Epoc #	760	 21.312308073043823
2023-08-14 15:45:37.696445 - Epoc #	770	 21.42663598060608
2023-08-14 15:45:58.150643 - Epoc #	780	 20.454198122024536
2023-08-14 15:46:20.084249 - Epoc #	790	 21.933605909347534
2023-08-14 15:46:40.515664 - Epoc #	800	 20.43141508102417
2023-08-14 15:47:01.259183 - Epoc #	810	 20.743518829345703
2023-08-14 15:47:21.978006 - Epoc #	820	 20.718822956085205
2023-08-14 15:47:43.113676 - Epoc #	830	 21.13567018508911
2023-08-14 15:48:06.171348 - Epoc #	840	 23.057672023773193
2023-08-14 15:48:27.292608 - Epoc #	850	 21.121259927749634
2023-08-14 15:48:49.031379 - Epoc #	860	 21.738770961761475
2023-08-14 15:49:09.663856 - Epoc #	870	 20.632477045059204
2023-08-14 15:49:31.555854 - Epoc #	880	 21.891998052597046
2023-08-14 15:49:52.867239 - Epoc #	890	 21.311384916305542
2023-08-14 15:50:14.454958 - Epoc #	900	 21.587718963623047
2023-08-14 15:50:21.262789 - Time between reward step: #	1933.683434009552
2023-08-14 15:50:21.262789 - Average Score: 20.00 Elapsed time: 0:32:15.824810
2023-08-14 15:50:25.891963 - Time between reward step: #	1938.3126080036163
2023-08-14 15:50:25.891963 - Average Score: 21.00 Elapsed time: 0:32:20.446885
2023-08-14 15:50:36.395721 - Epoc #	910	 21.940762996673584
2023-08-14 15:50:38.846844 - Time between reward step: #	1951.2674889564514
2023-08-14 15:50:38.846844 - Average Score: 22.00 Elapsed time: 0:32:33.399122
2023-08-14 15:50:53.983571 - Time between reward step: #	1966.4042160511017
2023-08-14 15:50:53.983571 - Average Score: 23.00 Elapsed time: 0:32:48.545825
2023-08-14 15:50:58.018608 - Epoc #	920	 21.622887134552002
2023-08-14 15:51:00.464361 - Time between reward step: #	1972.8850059509277
2023-08-14 15:51:00.464361 - Average Score: 24.00 Elapsed time: 0:32:55.029100
2023-08-14 15:51:19.080722 - Epoc #	930	 21.062114000320435
2023-08-14 15:51:40.001850 - Epoc #	940	 20.921127796173096
2023-08-14 15:52:00.761601 - Epoc #	950	 20.759751081466675
2023-08-14 15:52:21.778256 - Epoc #	960	 21.01665496826172
2023-08-14 15:52:44.218859 - Epoc #	970	 22.440603017807007
2023-08-14 15:53:05.809853 - Epoc #	980	 21.590994119644165
2023-08-14 15:53:26.791726 - Epoc #	990	 20.981873035430908
2023-08-14 15:53:47.668611 - Epoc #	1000	 20.876884937286377
2023-08-14 15:54:09.199979 - Epoc #	1010	 21.531368017196655
2023-08-14 15:54:30.410496 - Epoc #	1020	 21.210516929626465
2023-08-14 15:54:52.107840 - Epoc #	1030	 21.697344064712524
2023-08-14 15:55:13.544235 - Epoc #	1040	 21.436394929885864
2023-08-14 15:55:35.217558 - Epoc #	1050	 21.673322916030884
2023-08-14 15:55:57.460364 - Epoc #	1060	 22.24280619621277
2023-08-14 15:56:19.154234 - Epoc #	1070	 21.693869829177856
2023-08-14 15:56:40.540352 - Epoc #	1080	 21.386118173599243
2023-08-14 15:57:02.092249 - Epoc #	1090	 21.551896810531616
2023-08-14 15:57:23.535498 - Epoc #	1100	 21.443248987197876
2023-08-14 15:57:44.153686 - Epoc #	1110	 20.61818814277649
2023-08-14 15:58:05.672410 - Epoc #	1120	 21.518723964691162
2023-08-14 15:58:27.986815 - Epoc #	1130	 22.31440496444702
2023-08-14 15:58:49.962476 - Epoc #	1140	 21.975661039352417
2023-08-14 15:59:10.747337 - Epoc #	1150	 20.784861087799072
2023-08-14 15:59:32.279203 - Epoc #	1160	 21.53186583518982
2023-08-14 15:59:53.512081 - Epoc #	1170	 21.23287796974182
2023-08-14 16:00:14.501124 - Epoc #	1180	 20.98904299736023
2023-08-14 16:00:35.924166 - Epoc #	1190	 21.423042058944702
2023-08-14 16:00:57.253162 - Epoc #	1200	 21.328995943069458
2023-08-14 16:01:18.262112 - Epoc #	1210	 21.008949995040894
2023-08-14 16:01:39.497970 - Epoc #	1220	 21.23585820198059
2023-08-14 16:02:00.242192 - Epoc #	1230	 20.744221925735474
2023-08-14 16:02:20.849828 - Epoc #	1240	 20.607635974884033
2023-08-14 16:02:42.940055 - Epoc #	1250	 22.090226888656616
2023-08-14 16:03:04.629188 - Epoc #	1260	 21.689133167266846
2023-08-14 16:03:26.887428 - Epoc #	1270	 22.25823998451233
2023-08-14 16:03:48.647761 - Epoc #	1280	 21.76033306121826
2023-08-14 16:04:09.315020 - Epoc #	1290	 20.667258977890015
2023-08-14 16:04:30.561876 - Epoc #	1300	 21.246855974197388
2023-08-14 16:04:51.823466 - Epoc #	1310	 21.261590003967285
2023-08-14 16:05:13.276896 - Epoc #	1320	 21.45342993736267
2023-08-14 16:05:35.088053 - Epoc #	1330	 21.81115698814392
2023-08-14 16:05:56.050432 - Epoc #	1340	 20.962378978729248
2023-08-14 16:06:16.254595 - Epoc #	1350	 20.204163074493408
2023-08-14 16:06:38.623301 - Epoc #	1360	 22.368705987930298
2023-08-14 16:07:01.070992 - Epoc #	1370	 22.447690963745117
2023-08-14 16:07:23.335823 - Epoc #	1380	 22.264831066131592
2023-08-14 16:07:44.573402 - Epoc #	1390	 21.237578868865967
2023-08-14 16:08:06.022548 - Epoc #	1400	 21.449146032333374
2023-08-14 16:08:27.543371 - Epoc #	1410	 21.520823001861572
2023-08-14 16:08:48.501295 - Epoc #	1420	 20.957924127578735
2023-08-14 16:09:11.610148 - Epoc #	1430	 23.108852863311768
2023-08-14 16:09:33.122496 - Epoc #	1440	 21.51234793663025
2023-08-14 16:09:54.736729 - Epoc #	1450	 21.614233016967773
2023-08-14 16:10:15.379837 - Epoc #	1460	 20.643108129501343
2023-08-14 16:10:36.641504 - Epoc #	1470	 21.261667013168335
2023-08-14 16:10:56.985944 - Epoc #	1480	 20.34443998336792
2023-08-14 16:11:21.598450 - Epoc #	1490	 24.61250591278076
2023-08-14 16:11:42.689063 - Epoc #	1500	 21.09061312675476
2023-08-14 16:12:04.456337 - Epoc #	1510	 21.767273902893066
2023-08-14 16:12:25.700366 - Epoc #	1520	 21.24402904510498
2023-08-14 16:12:48.212493 - Epoc #	1530	 22.512126922607422
2023-08-14 16:13:10.306553 - Epoc #	1540	 22.094059944152832
2023-08-14 16:13:33.782268 - Epoc #	1550	 23.475715160369873
2023-08-14 16:13:55.608621 - Epoc #	1560	 21.826352834701538
2023-08-14 16:14:17.681836 - Epoc #	1570	 22.073215007781982
2023-08-14 16:14:38.887114 - Epoc #	1580	 21.205278158187866
2023-08-14 16:15:00.235887 - Epoc #	1590	 21.34877300262451
2023-08-14 16:15:22.438523 - Epoc #	1600	 22.202636003494263
2023-08-14 16:15:44.589147 - Epoc #	1610	 22.15062403678894
2023-08-14 16:16:05.617272 - Epoc #	1620	 21.028124809265137
2023-08-14 16:16:27.436170 - Epoc #	1630	 21.81889820098877
2023-08-14 16:16:48.908072 - Epoc #	1640	 21.471901893615723
2023-08-14 16:17:10.962901 - Epoc #	1650	 22.054829120635986
2023-08-14 16:17:31.978826 - Epoc #	1660	 21.01592493057251
2023-08-14 16:17:53.939770 - Epoc #	1670	 21.960943937301636
2023-08-14 16:18:16.308501 - Epoc #	1680	 22.368731021881104
2023-08-14 16:18:39.299212 - Epoc #	1690	 22.990710973739624
2023-08-14 16:19:01.101552 - Epoc #	1700	 21.802340030670166
2023-08-14 16:19:22.600771 - Epoc #	1710	 21.499218940734863
2023-08-14 16:19:42.927984 - Epoc #	1720	 20.327213048934937
2023-08-14 16:20:03.967032 - Epoc #	1730	 21.039047956466675
2023-08-14 16:20:26.160168 - Epoc #	1740	 22.193135976791382
2023-08-14 16:20:47.823979 - Epoc #	1750	 21.663810968399048
2023-08-14 16:21:10.719735 - Epoc #	1760	 22.895756006240845
2023-08-14 16:21:32.682135 - Epoc #	1770	 21.962400197982788
2023-08-14 16:21:55.650721 - Epoc #	1780	 22.968585968017578
2023-08-14 16:22:18.084886 - Epoc #	1790	 22.434165000915527
2023-08-14 16:22:38.729279 - Epoc #	1800	 20.64439296722412
2023-08-14 16:23:01.196793 - Epoc #	1810	 22.467514038085938
2023-08-14 16:23:21.673531 - Epoc #	1820	 20.47673797607422
2023-08-14 16:23:42.166151 - Epoc #	1830	 20.49261999130249
2023-08-14 16:24:05.200961 - Epoc #	1840	 23.034810066223145
2023-08-14 16:24:27.226611 - Epoc #	1850	 22.025649785995483
2023-08-14 16:24:48.513315 - Epoc #	1860	 21.286704063415527
2023-08-14 16:25:10.239346 - Epoc #	1870	 21.726031064987183
2023-08-14 16:25:32.068800 - Epoc #	1880	 21.829453945159912
2023-08-14 16:25:52.973179 - Epoc #	1890	 20.90437912940979
2023-08-14 16:26:14.403882 - Epoc #	1900	 21.430702924728394
2023-08-14 16:26:35.613235 - Epoc #	1910	 21.20935297012329
2023-08-14 16:26:57.532899 - Epoc #	1920	 21.919663906097412
2023-08-14 16:27:20.443362 - Epoc #	1930	 22.910463094711304
2023-08-14 16:27:41.893925 - Epoc #	1940	 21.450562953948975
2023-08-14 16:28:03.719882 - Epoc #	1950	 21.82595705986023
2023-08-14 16:28:25.395323 - Epoc #	1960	 21.675441026687622
2023-08-14 16:28:47.299991 - Epoc #	1970	 21.904667854309082
2023-08-14 16:29:08.453081 - Epoc #	1980	 21.153090000152588
2023-08-14 16:29:29.269767 - Epoc #	1990	 20.816686153411865
2023-08-14 16:29:50.384947 - Epoc #	2000	 21.115180015563965
2023-08-14 16:30:12.978744 - Epoc #	2010	 22.593796968460083
2023-08-14 16:30:34.007180 - Epoc #	2020	 21.028435945510864
2023-08-14 16:30:55.544812 - Epoc #	2030	 21.53763198852539
2023-08-14 16:31:16.574435 - Epoc #	2040	 21.02962303161621
2023-08-14 16:31:38.900777 - Epoc #	2050	 22.32634210586548
2023-08-14 16:31:59.169829 - Epoc #	2060	 20.269051790237427
2023-08-14 16:32:19.857258 - Epoc #	2070	 20.687429189682007
2023-08-14 16:32:42.572038 - Epoc #	2080	 22.7147798538208
2023-08-14 16:33:04.184379 - Epoc #	2090	 21.612341165542603
2023-08-14 16:33:26.349663 - Epoc #	2100	 22.165283918380737
2023-08-14 16:33:49.267135 - Epoc #	2110	 22.917471885681152
2023-08-14 16:34:10.690586 - Epoc #	2120	 21.42345118522644
2023-08-14 16:34:32.464565 - Epoc #	2130	 21.77397894859314
2023-08-14 16:34:53.196032 - Epoc #	2140	 20.7314670085907
2023-08-14 16:35:14.804406 - Epoc #	2150	 21.608373880386353
2023-08-14 16:35:37.061787 - Epoc #	2160	 22.257380962371826
2023-08-14 16:36:00.641401 - Epoc #	2170	 23.57961416244507
2023-08-14 16:36:22.048003 - Epoc #	2180	 21.406601905822754
2023-08-14 16:36:42.544671 - Epoc #	2190	 20.496668100357056
2023-08-14 16:37:03.441724 - Epoc #	2200	 20.897053003311157
2023-08-14 16:37:24.446404 - Epoc #	2210	 21.004679918289185
2023-08-14 16:37:44.192690 - Epoc #	2220	 19.746285915374756
2023-08-14 16:38:05.395393 - Epoc #	2230	 21.20270299911499
2023-08-14 16:38:27.535025 - Epoc #	2240	 22.139631986618042
2023-08-14 16:38:49.420342 - Epoc #	2250	 21.885317087173462
2023-08-14 16:39:10.731472 - Epoc #	2260	 21.311130046844482
2023-08-14 16:39:33.148376 - Epoc #	2270	 22.416903972625732
2023-08-14 16:39:55.046664 - Epoc #	2280	 21.898288011550903
2023-08-14 16:40:16.015582 - Epoc #	2290	 20.968918085098267
2023-08-14 16:40:36.521444 - Epoc #	2300	 20.50586199760437
2023-08-14 16:40:58.682181 - Epoc #	2310	 22.160736799240112
2023-08-14 16:41:20.640655 - Epoc #	2320	 21.958474159240723
2023-08-14 16:41:42.042290 - Epoc #	2330	 21.40163493156433
2023-08-14 16:42:03.601935 - Epoc #	2340	 21.55964493751526
2023-08-14 16:42:25.424576 - Epoc #	2350	 21.822641134262085
2023-08-14 16:42:46.612371 - Epoc #	2360	 21.18779492378235
2023-08-14 16:43:08.422444 - Epoc #	2370	 21.810073137283325
2023-08-14 16:43:30.687276 - Epoc #	2380	 22.26483178138733
2023-08-14 16:43:50.262618 - Time between reward step: #	5142.683263063431
2023-08-14 16:43:50.262618 - Average Score: 25.00 Elapsed time: 1:25:44.712610
2023-08-14 16:43:52.302557 - Epoc #	2390	 21.615281105041504
2023-08-14 16:44:14.478299 - Epoc #	2400	 22.17574191093445
2023-08-14 16:44:36.615750 - Epoc #	2410	 22.137451171875
2023-08-14 16:44:59.273161 - Epoc #	2420	 22.657410860061646
2023-08-14 16:45:08.866784 - Time between reward step: #	5221.287429094315
2023-08-14 16:45:08.866784 - Average Score: 26.00 Elapsed time: 1:27:03.320578
2023-08-14 16:45:21.952338 - Epoc #	2430	 22.679177045822144
2023-08-14 16:45:43.002716 - Epoc #	2440	 21.05037808418274
2023-08-14 16:46:04.624486 - Epoc #	2450	 21.621769905090332
2023-08-14 16:46:26.488706 - Epoc #	2460	 21.864220142364502
2023-08-14 16:46:48.833006 - Epoc #	2470	 22.344299793243408
2023-08-14 16:47:10.413650 - Epoc #	2480	 21.580644130706787
2023-08-14 16:47:31.450132 - Epoc #	2490	 21.036481857299805
2023-08-14 16:47:51.526750 - Epoc #	2500	 20.076618194580078
2023-08-14 16:48:13.585591 - Epoc #	2510	 22.05884099006653
2023-08-14 16:48:34.738883 - Epoc #	2520	 21.153291940689087
2023-08-14 16:48:53.338946 - Time between reward step: #	5445.7595911026
2023-08-14 16:48:53.338946 - Average Score: 27.00 Elapsed time: 1:30:47.784128
2023-08-14 16:48:57.335313 - Epoc #	2530	 22.59643006324768
2023-08-14 16:49:18.642446 - Epoc #	2540	 21.307132959365845
2023-08-14 16:49:39.951039 - Epoc #	2550	 21.308593034744263
2023-08-14 16:50:01.466188 - Epoc #	2560	 21.515148878097534
2023-08-14 16:50:23.044598 - Epoc #	2570	 21.578410148620605
2023-08-14 16:50:44.425981 - Epoc #	2580	 21.381382942199707
2023-08-14 16:51:07.505265 - Epoc #	2590	 23.079283952713013
2023-08-14 16:51:29.076785 - Epoc #	2600	 21.57152009010315
2023-08-14 16:51:50.855323 - Epoc #	2610	 21.77853798866272
2023-08-14 16:52:13.015210 - Epoc #	2620	 22.159886837005615
2023-08-14 16:52:35.270134 - Epoc #	2630	 22.254924058914185
2023-08-14 16:52:56.538494 - Epoc #	2640	 21.268360137939453
2023-08-14 16:53:18.111565 - Epoc #	2650	 21.573071002960205
2023-08-14 16:53:39.494735 - Epoc #	2660	 21.383169889450073
2023-08-14 16:54:00.672890 - Epoc #	2670	 21.178154945373535
2023-08-14 16:54:07.636700 - Time between reward step: #	5760.057344913483
2023-08-14 16:54:07.636700 - Average Score: 28.00 Elapsed time: 1:36:02.079043
2023-08-14 16:54:09.928601 - Time between reward step: #	5762.349246025085
2023-08-14 16:54:09.928601 - Average Score: 29.00 Elapsed time: 1:36:04.377569
2023-08-14 16:54:16.803768 - Time between reward step: #	5769.224412918091
2023-08-14 16:54:16.803768 - Average Score: 30.00 Elapsed time: 1:36:11.249103
2023-08-14 16:54:23.270583 - Epoc #	2680	 22.59769296646118
2023-08-14 16:54:25.656768 - Time between reward step: #	5778.077413082123
2023-08-14 16:54:25.656768 - Average Score: 31.00 Elapsed time: 1:36:20.096797
2023-08-14 16:54:45.504628 - Epoc #	2690	 22.234045028686523
2023-08-14 16:54:52.416283 - Time between reward step: #	5804.836927890778
2023-08-14 16:54:52.416283 - Average Score: 32.00 Elapsed time: 1:36:46.861828
2023-08-14 16:55:06.711955 - Epoc #	2700	 21.207327127456665
2023-08-14 16:55:28.698675 - Epoc #	2710	 21.986719846725464
2023-08-14 16:55:49.712232 - Epoc #	2720	 21.013557195663452
2023-08-14 16:56:10.977271 - Epoc #	2730	 21.26503896713257
2023-08-14 16:56:32.579845 - Epoc #	2740	 21.60257387161255
2023-08-14 16:56:56.320406 - Epoc #	2750	 23.74056100845337
2023-08-14 16:57:18.077192 - Epoc #	2760	 21.756786108016968
2023-08-14 16:57:41.105409 - Epoc #	2770	 23.02821683883667
2023-08-14 16:58:02.253046 - Epoc #	2780	 21.147637128829956
2023-08-14 16:58:23.924922 - Epoc #	2790	 21.671875953674316
2023-08-14 16:58:46.635542 - Epoc #	2800	 22.710619926452637
2023-08-14 16:59:08.199352 - Epoc #	2810	 21.563810110092163
2023-08-14 16:59:29.842402 - Epoc #	2820	 21.643049955368042
2023-08-14 16:59:50.884929 - Epoc #	2830	 21.042526960372925
2023-08-14 17:00:12.451709 - Epoc #	2840	 21.56678009033203
2023-08-14 17:00:34.088990 - Epoc #	2850	 21.63728094100952
2023-08-14 17:00:55.971853 - Epoc #	2860	 21.88286304473877
2023-08-14 17:01:17.884144 - Epoc #	2870	 21.912291049957275
2023-08-14 17:01:40.247531 - Epoc #	2880	 22.363386869430542
2023-08-14 17:01:49.229598 - Time between reward step: #	6221.6502430438995
2023-08-14 17:01:49.229598 - Average Score: 33.00 Elapsed time: 1:43:43.657358
2023-08-14 17:02:02.019951 - Epoc #	2890	 21.772420167922974
2023-08-14 17:02:23.832132 - Epoc #	2900	 21.812180995941162
2023-08-14 17:02:45.371553 - Epoc #	2910	 21.53942084312439
2023-08-14 17:03:06.544083 - Epoc #	2920	 21.17253017425537
2023-08-14 17:03:29.092343 - Epoc #	2930	 22.548259973526
2023-08-14 17:03:50.022186 - Epoc #	2940	 20.929842948913574
2023-08-14 17:04:11.499720 - Epoc #	2950	 21.47753405570984
2023-08-14 17:04:32.452467 - Epoc #	2960	 20.952746868133545
2023-08-14 17:04:53.665598 - Epoc #	2970	 21.213130950927734
2023-08-14 17:05:14.929300 - Epoc #	2980	 21.263702154159546
2023-08-14 17:05:36.115000 - Epoc #	2990	 21.185699939727783
2023-08-14 17:05:56.733624 - Epoc #	3000	 20.618623971939087
2023-08-14 17:06:20.805603 - Epoc #	3010	 24.07197904586792
2023-08-14 17:06:42.512788 - Epoc #	3020	 21.70718502998352
2023-08-14 17:07:04.347017 - Epoc #	3030	 21.834228992462158
2023-08-14 17:07:25.567514 - Epoc #	3040	 21.220496892929077
2023-08-14 17:07:47.211131 - Epoc #	3050	 21.643617153167725
2023-08-14 17:08:09.419367 - Epoc #	3060	 22.2082359790802
2023-08-14 17:08:31.066833 - Epoc #	3070	 21.64746594429016
2023-08-14 17:08:52.262444 - Epoc #	3080	 21.195611000061035
2023-08-14 17:09:13.227492 - Epoc #	3090	 20.96504807472229
2023-08-14 17:09:36.252403 - Epoc #	3100	 23.024910926818848
2023-08-14 17:09:57.761237 - Epoc #	3110	 21.50883388519287
2023-08-14 17:10:20.220004 - Epoc #	3120	 22.45876717567444
2023-08-14 17:10:41.583654 - Epoc #	3130	 21.36364984512329
2023-08-14 17:11:03.611105 - Epoc #	3140	 22.027451038360596
2023-08-14 17:11:27.546329 - Epoc #	3150	 23.935224056243896
2023-08-14 17:11:48.625378 - Epoc #	3160	 21.07904887199402
2023-08-14 17:12:09.700336 - Epoc #	3170	 21.074958086013794
2023-08-14 17:12:32.292057 - Epoc #	3180	 22.591721057891846
2023-08-14 17:12:54.734570 - Epoc #	3190	 22.44251298904419
2023-08-14 17:13:16.876991 - Epoc #	3200	 22.142421007156372
2023-08-14 17:13:39.587953 - Epoc #	3210	 22.710962057113647
2023-08-14 17:14:00.994496 - Epoc #	3220	 21.406543016433716
2023-08-14 17:14:22.751597 - Epoc #	3230	 21.757100820541382
2023-08-14 17:14:44.478256 - Epoc #	3240	 21.726659059524536
2023-08-14 17:15:08.038269 - Epoc #	3250	 23.56001305580139
2023-08-14 17:15:29.730448 - Epoc #	3260	 21.692178964614868
2023-08-14 17:15:51.891205 - Epoc #	3270	 22.160757064819336
2023-08-14 17:16:14.574752 - Epoc #	3280	 22.683547019958496
2023-08-14 17:16:36.584254 - Epoc #	3290	 22.009501934051514
2023-08-14 17:16:59.955681 - Epoc #	3300	 23.371427059173584
2023-08-14 17:17:21.840251 - Epoc #	3310	 21.884569883346558
2023-08-14 17:17:44.168065 - Epoc #	3320	 22.32781410217285
2023-08-14 17:18:06.737811 - Epoc #	3330	 22.569746017456055
2023-08-14 17:18:28.661362 - Epoc #	3340	 21.923550844192505
2023-08-14 17:18:49.756767 - Epoc #	3350	 21.095405101776123
2023-08-14 17:19:11.577101 - Epoc #	3360	 21.82033395767212
2023-08-14 17:19:34.419435 - Epoc #	3370	 22.842334032058716
2023-08-14 17:19:58.998170 - Epoc #	3380	 24.578734874725342
2023-08-14 17:20:18.303198 - Time between reward step: #	7330.723843097687
2023-08-14 17:20:18.303198 - Average Score: 34.00 Elapsed time: 2:02:12.709915
2023-08-14 17:20:22.752884 - Epoc #	3390	 23.754714012145996
2023-08-14 17:20:45.218588 - Epoc #	3400	 22.465704202651978
2023-08-14 17:21:07.189404 - Epoc #	3410	 21.970815896987915
2023-08-14 17:21:29.319930 - Epoc #	3420	 22.130526065826416
2023-08-14 17:21:51.693742 - Epoc #	3430	 22.373811960220337
2023-08-14 17:22:14.116029 - Epoc #	3440	 22.422286987304688
2023-08-14 17:22:37.893006 - Epoc #	3450	 23.776977062225342
2023-08-14 17:22:58.861800 - Epoc #	3460	 20.968793869018555
2023-08-14 17:23:19.920411 - Epoc #	3470	 21.058611154556274
2023-08-14 17:23:41.829442 - Epoc #	3480	 21.90903091430664
2023-08-14 17:24:03.121445 - Epoc #	3490	 21.29200291633606
2023-08-14 17:24:24.248485 - Epoc #	3500	 21.127040147781372
2023-08-14 17:24:45.797278 - Epoc #	3510	 21.548792839050293
2023-08-14 17:25:10.234125 - Epoc #	3520	 24.43684697151184
2023-08-14 17:25:32.646963 - Epoc #	3530	 22.412837982177734
2023-08-14 17:25:55.615663 - Epoc #	3540	 22.968700170516968
2023-08-14 17:26:19.775473 - Epoc #	3550	 24.159810066223145
2023-08-14 17:26:41.467725 - Epoc #	3560	 21.692251920700073
2023-08-14 17:27:08.782053 - Epoc #	3570	 27.31432795524597
2023-08-14 17:27:30.220063 - Epoc #	3580	 21.4380099773407
2023-08-14 17:27:51.257132 - Epoc #	3590	 21.037069082260132
2023-08-14 17:28:13.384816 - Epoc #	3600	 22.127683877944946
2023-08-14 17:28:34.446766 - Epoc #	3610	 21.061949968338013
2023-08-14 17:28:56.520444 - Epoc #	3620	 22.073678016662598
2023-08-14 17:29:18.320444 - Epoc #	3630	 21.800000190734863
2023-08-14 17:29:41.056295 - Epoc #	3640	 22.73585081100464
2023-08-14 17:30:03.266014 - Epoc #	3650	 22.20971918106079
2023-08-14 17:30:26.533402 - Epoc #	3660	 23.267387866973877
2023-08-14 17:30:48.772562 - Epoc #	3670	 22.23916006088257
2023-08-14 17:31:10.989239 - Epoc #	3680	 22.216676950454712
2023-08-14 17:31:32.087249 - Epoc #	3690	 21.098010063171387
2023-08-14 17:31:55.181568 - Epoc #	3700	 23.094318866729736
2023-08-14 17:32:17.718899 - Epoc #	3710	 22.537331104278564
2023-08-14 17:32:40.483161 - Epoc #	3720	 22.764261960983276
2023-08-14 17:33:02.328868 - Epoc #	3730	 21.845706939697266
2023-08-14 17:33:25.629782 - Epoc #	3740	 23.30091404914856
2023-08-14 17:33:48.383413 - Epoc #	3750	 22.753631114959717
2023-08-14 17:34:11.699492 - Epoc #	3760	 23.316078901290894
2023-08-14 17:34:32.934861 - Epoc #	3770	 21.235368967056274
2023-08-14 17:34:55.002321 - Epoc #	3780	 22.06746006011963
2023-08-14 17:35:16.744035 - Epoc #	3790	 21.741714000701904
2023-08-14 17:35:38.141394 - Epoc #	3800	 21.397358894348145
2023-08-14 17:36:01.986954 - Epoc #	3810	 23.84556007385254
2023-08-14 17:36:24.591818 - Epoc #	3820	 22.6048641204834
2023-08-14 17:36:47.631611 - Epoc #	3830	 23.039793014526367
2023-08-14 17:37:09.037570 - Epoc #	3840	 21.405958890914917
2023-08-14 17:37:31.219102 - Epoc #	3850	 22.18153190612793
2023-08-14 17:37:54.393453 - Epoc #	3860	 23.17435097694397
2023-08-14 17:38:15.740953 - Epoc #	3870	 21.34750008583069
2023-08-14 17:38:38.013529 - Epoc #	3880	 22.272576093673706
2023-08-14 17:39:00.756226 - Epoc #	3890	 22.74269700050354
2023-08-14 17:39:22.525301 - Epoc #	3900	 21.7690749168396
2023-08-14 17:39:44.714417 - Epoc #	3910	 22.18911600112915
2023-08-14 17:40:07.928138 - Epoc #	3920	 23.21372103691101
2023-08-14 17:40:31.181187 - Epoc #	3930	 23.25304889678955
2023-08-14 17:40:55.588155 - Epoc #	3940	 24.406968116760254
2023-08-14 17:41:17.507838 - Epoc #	3950	 21.91968297958374
2023-08-14 17:41:40.648899 - Epoc #	3960	 23.141061067581177
2023-08-14 17:42:04.426274 - Epoc #	3970	 23.777374982833862
2023-08-14 17:42:28.884197 - Epoc #	3980	 24.45792293548584
2023-08-14 17:42:53.577632 - Epoc #	3990	 24.693434953689575
2023-08-14 17:43:16.432250 - Epoc #	4000	 22.854618072509766
2023-08-14 17:43:39.988786 - Epoc #	4010	 23.556535959243774
2023-08-14 17:44:03.124365 - Epoc #	4020	 23.135579109191895
2023-08-14 17:44:27.044984 - Epoc #	4030	 23.920619010925293
2023-08-14 17:44:49.045627 - Epoc #	4040	 22.000643014907837
2023-08-14 17:45:14.466650 - Epoc #	4050	 25.42102289199829
2023-08-14 17:45:37.220132 - Epoc #	4060	 22.75348210334778
2023-08-14 17:46:00.685734 - Epoc #	4070	 23.465601921081543
2023-08-14 17:46:25.258514 - Epoc #	4080	 24.572779893875122
2023-08-14 17:46:49.348917 - Epoc #	4090	 24.090403079986572
2023-08-14 17:47:12.402298 - Epoc #	4100	 23.053380966186523
2023-08-14 17:47:36.914194 - Epoc #	4110	 24.51189613342285
2023-08-14 17:48:01.290410 - Epoc #	4120	 24.376215934753418
2023-08-14 17:48:25.916619 - Epoc #	4130	 24.626209020614624
2023-08-14 17:48:49.299127 - Epoc #	4140	 23.382508039474487
2023-08-14 17:49:11.809913 - Epoc #	4150	 22.510785818099976
2023-08-14 17:49:34.315552 - Epoc #	4160	 22.50563907623291
2023-08-14 17:49:58.632535 - Epoc #	4170	 24.316982984542847
2023-08-14 17:50:23.416863 - Epoc #	4180	 24.7843279838562
2023-08-14 17:50:49.748830 - Epoc #	4190	 26.33196711540222
2023-08-14 17:51:13.737086 - Epoc #	4200	 23.988255977630615
2023-08-14 17:51:39.451574 - Epoc #	4210	 25.71448802947998
2023-08-14 17:52:02.412467 - Epoc #	4220	 22.960892915725708
2023-08-14 17:52:28.726857 - Epoc #	4230	 26.314389944076538
2023-08-14 17:52:53.473117 - Epoc #	4240	 24.746260166168213
2023-08-14 17:53:16.611453 - Epoc #	4250	 23.138335943222046
2023-08-14 17:53:40.834845 - Epoc #	4260	 24.223392009735107
2023-08-14 17:54:02.544037 - Epoc #	4270	 21.709192037582397
2023-08-14 17:54:28.671735 - Epoc #	4280	 26.127697944641113
2023-08-14 17:54:49.928960 - Epoc #	4290	 21.257225036621094
2023-08-14 17:55:14.321711 - Epoc #	4300	 24.39275097846985
2023-08-14 17:55:37.173950 - Epoc #	4310	 22.85223889350891
2023-08-14 17:56:02.401889 - Epoc #	4320	 25.227939128875732
2023-08-14 17:56:27.308704 - Epoc #	4330	 24.90681481361389
2023-08-14 17:56:52.056832 - Epoc #	4340	 24.748128175735474
2023-08-14 17:57:17.165973 - Epoc #	4350	 25.109140872955322
2023-08-14 17:57:39.459641 - Epoc #	4360	 22.293668031692505
2023-08-14 17:58:04.683725 - Epoc #	4370	 25.22408413887024
2023-08-14 17:58:28.554890 - Epoc #	4380	 23.871164798736572
2023-08-14 17:58:53.016598 - Epoc #	4390	 24.461708068847656
2023-08-14 17:59:17.699983 - Epoc #	4400	 24.683384895324707
2023-08-14 17:59:42.575881 - Epoc #	4410	 24.875898122787476
2023-08-14 18:00:10.150850 - Epoc #	4420	 27.574969053268433
2023-08-14 18:00:38.219816 - Epoc #	4430	 28.068965911865234
2023-08-14 18:01:05.010017 - Epoc #	4440	 26.79020094871521
2023-08-14 18:01:33.023233 - Epoc #	4450	 28.013216018676758
2023-08-14 18:01:56.711784 - Epoc #	4460	 23.68855094909668
2023-08-14 18:02:20.543760 - Epoc #	4470	 23.831976175308228
2023-08-14 18:02:45.939875 - Epoc #	4480	 25.396114826202393
2023-08-14 18:03:11.800811 - Epoc #	4490	 25.845316171646118
2023-08-14 18:03:36.032409 - Epoc #	4500	 24.231597900390625
2023-08-14 18:04:00.260275 - Epoc #	4510	 24.22786593437195
2023-08-14 18:04:25.006696 - Epoc #	4520	 24.746421098709106
2023-08-14 18:04:51.707802 - Epoc #	4530	 26.701106071472168
2023-08-14 18:05:16.274169 - Epoc #	4540	 24.56636691093445
2023-08-14 18:05:45.794538 - Epoc #	4550	 29.520369052886963
2023-08-14 18:06:11.354192 - Epoc #	4560	 25.559653997421265
2023-08-14 18:06:34.873629 - Epoc #	4570	 23.519437074661255
2023-08-14 18:07:02.169740 - Epoc #	4580	 27.29611086845398
2023-08-14 18:07:25.322822 - Epoc #	4590	 23.153082132339478
2023-08-14 18:07:47.069700 - Epoc #	4600	 21.746877908706665
2023-08-14 18:08:14.105706 - Epoc #	4610	 27.036005973815918
2023-08-14 18:08:40.776565 - Epoc #	4620	 26.67085909843445
2023-08-14 18:09:08.208513 - Epoc #	4630	 27.431947946548462
2023-08-14 18:09:31.257161 - Epoc #	4640	 23.0486478805542
2023-08-14 18:09:56.152092 - Epoc #	4650	 24.894931077957153
2023-08-14 18:10:21.752171 - Epoc #	4660	 25.60007905960083
2023-08-14 18:10:46.839944 - Epoc #	4670	 25.087772846221924
2023-08-14 18:11:11.592198 - Epoc #	4680	 24.752254009246826
2023-08-14 18:11:34.225551 - Epoc #	4690	 22.633352994918823
2023-08-14 18:11:59.665090 - Epoc #	4700	 25.439539194107056
2023-08-14 18:12:25.929977 - Epoc #	4710	 26.2648868560791
2023-08-14 18:12:51.379284 - Epoc #	4720	 25.449306964874268
2023-08-14 18:13:17.804010 - Epoc #	4730	 26.424726009368896
2023-08-14 18:13:45.836322 - Epoc #	4740	 28.032312154769897
2023-08-14 18:14:10.497093 - Epoc #	4750	 24.660770893096924
2023-08-14 18:14:38.302406 - Epoc #	4760	 27.805313110351562
2023-08-14 18:15:02.979106 - Epoc #	4770	 24.67669987678528
2023-08-14 18:15:24.357254 - Epoc #	4780	 21.378148078918457
2023-08-14 18:15:49.001992 - Epoc #	4790	 24.64473795890808
2023-08-14 18:16:17.329130 - Epoc #	4800	 28.32713794708252
2023-08-14 18:16:43.838137 - Epoc #	4810	 26.5090069770813
2023-08-14 18:17:11.959249 - Epoc #	4820	 28.12111210823059
2023-08-14 18:17:37.667806 - Epoc #	4830	 25.70855689048767
2023-08-14 18:18:04.613213 - Epoc #	4840	 26.945407152175903
2023-08-14 18:18:30.562584 - Epoc #	4850	 25.949370861053467
2023-08-14 18:18:56.286441 - Epoc #	4860	 25.723857164382935
2023-08-14 18:19:27.514511 - Epoc #	4870	 31.22807002067566
2023-08-14 18:19:57.664346 - Epoc #	4880	 30.149834871292114
2023-08-14 18:20:24.422148 - Epoc #	4890	 26.75780200958252
2023-08-14 18:20:50.692911 - Epoc #	4900	 26.27076292037964
2023-08-14 18:21:19.843284 - Epoc #	4910	 29.150372982025146
2023-08-14 18:21:42.773843 - Epoc #	4920	 22.930559158325195
2023-08-14 18:22:10.240177 - Epoc #	4930	 27.466333866119385
2023-08-14 18:22:36.010522 - Epoc #	4940	 25.770344972610474
2023-08-14 18:23:06.485674 - Epoc #	4950	 30.475152015686035
2023-08-14 18:23:32.417181 - Epoc #	4960	 25.931507110595703
2023-08-14 18:23:56.140785 - Epoc #	4970	 23.72360396385193
2023-08-14 18:24:23.521294 - Epoc #	4980	 27.3805091381073
2023-08-14 18:24:52.382223 - Epoc #	4990	 28.860928773880005
2023-08-14 18:25:14.524227 - Epoc #	5000	 22.142004013061523
2023-08-14 18:25:38.878507 - Epoc #	5010	 24.3542799949646
2023-08-14 18:26:01.554713 - Epoc #	5020	 22.67620611190796
2023-08-14 18:26:24.029716 - Epoc #	5030	 22.475003004074097
2023-08-14 18:26:48.443374 - Epoc #	5040	 24.413657903671265
2023-08-14 18:27:09.822372 - Epoc #	5050	 21.378998041152954
2023-08-14 18:27:32.709200 - Epoc #	5060	 22.88682794570923
2023-08-14 18:27:45.346031 - Time between reward step: #	11377.766675949097
2023-08-14 18:27:45.346031 - Average Score: 35.00 Elapsed time: 3:09:39.695348
2023-08-14 18:27:47.623722 - Time between reward step: #	11380.044367074966
2023-08-14 18:27:47.623722 - Average Score: 36.00 Elapsed time: 3:09:41.980927
2023-08-14 18:27:57.259632 - Epoc #	5070	 24.550432205200195
2023-08-14 18:28:04.850187 - Time between reward step: #	11397.270832061768
2023-08-14 18:28:04.850187 - Average Score: 37.00 Elapsed time: 3:09:59.201224
2023-08-14 18:28:07.326522 - Time between reward step: #	11399.747167110443
2023-08-14 18:28:07.326522 - Average Score: 38.00 Elapsed time: 3:10:01.672324
2023-08-14 18:28:09.653979 - Time between reward step: #	11402.074624061584
2023-08-14 18:28:09.653979 - Average Score: 39.00 Elapsed time: 3:10:04.008304
2023-08-14 18:28:20.994568 - Time between reward step: #	11413.415213108063
2023-08-14 18:28:20.994568 - Average Score: 40.00 Elapsed time: 3:10:15.339464
2023-08-14 18:28:20.994568 - Epoc #	5080	 23.734935998916626
2023-08-14 18:28:29.715305 - Time between reward step: #	11422.135950088501
2023-08-14 18:28:29.715305 - Average Score: 41.00 Elapsed time: 3:10:24.069572
2023-08-14 18:28:32.168395 - Time between reward step: #	11424.58904004097
2023-08-14 18:28:32.168395 - Average Score: 42.00 Elapsed time: 3:10:26.514155
2023-08-14 18:28:34.583856 - Time between reward step: #	11427.004501104355
2023-08-14 18:28:34.583856 - Average Score: 43.00 Elapsed time: 3:10:28.931772
2023-08-14 18:28:44.171668 - Epoc #	5090	 23.17709994316101
2023-08-14 18:28:55.589954 - Time between reward step: #	11448.010598897934
2023-08-14 18:28:55.589954 - Average Score: 44.00 Elapsed time: 3:10:49.935274
2023-08-14 18:28:57.974615 - Time between reward step: #	11450.395260095596
2023-08-14 18:28:57.974615 - Average Score: 45.00 Elapsed time: 3:10:52.330468
2023-08-14 18:29:02.870672 - Time between reward step: #	11455.291316986084
2023-08-14 18:29:02.870672 - Average Score: 46.00 Elapsed time: 3:10:57.224248
2023-08-14 18:29:07.194021 - Epoc #	5100	 23.022352933883667
2023-08-14 18:29:11.965892 - Time between reward step: #	11464.386537075043
2023-08-14 18:29:11.965892 - Average Score: 47.00 Elapsed time: 3:11:06.311182
2023-08-14 18:29:14.223155 - Time between reward step: #	11466.643800020218
2023-08-14 18:29:14.223155 - Average Score: 48.00 Elapsed time: 3:11:08.580674
2023-08-14 18:29:19.938160 - Time between reward step: #	11472.358804941177
2023-08-14 18:29:19.938160 - Average Score: 49.00 Elapsed time: 3:11:14.293320
2023-08-14 18:29:31.940375 - Epoc #	5110	 24.74635410308838
2023-08-14 18:29:57.179951 - Epoc #	5120	 25.23957586288452
2023-08-14 18:30:11.214947 - Time between reward step: #	11523.635591983795
2023-08-14 18:30:11.214947 - Average Score: 50.00 Elapsed time: 3:12:05.557860
2023-08-14 18:30:13.601752 - Time between reward step: #	11526.02239704132
2023-08-14 18:30:13.601752 - Average Score: 51.00 Elapsed time: 3:12:07.948926
2023-08-14 18:30:18.314505 - Time between reward step: #	11530.7351500988
2023-08-14 18:30:18.314505 - Average Score: 52.00 Elapsed time: 3:12:12.662508
2023-08-14 18:30:20.386645 - Epoc #	5130	 23.20669412612915
2023-08-14 18:30:25.242383 - Time between reward step: #	11537.663028001785
2023-08-14 18:30:25.242383 - Average Score: 53.00 Elapsed time: 3:12:19.598109
2023-08-14 18:30:29.981828 - Time between reward step: #	11542.40247297287
2023-08-14 18:30:29.981828 - Average Score: 54.00 Elapsed time: 3:12:24.331987
2023-08-14 18:30:32.224398 - Time between reward step: #	11544.64504289627
2023-08-14 18:30:32.224398 - Average Score: 55.00 Elapsed time: 3:12:26.581172
2023-08-14 18:30:43.340190 - Epoc #	5140	 22.953544855117798
2023-08-14 18:31:05.052930 - Epoc #	5150	 21.712740182876587
2023-08-14 18:31:27.524289 - Epoc #	5160	 22.47135877609253
2023-08-14 18:31:48.014018 - Epoc #	5170	 20.489729166030884
2023-08-14 18:32:10.143770 - Epoc #	5180	 22.129751920700073
2023-08-14 18:32:33.388684 - Epoc #	5190	 23.244914054870605
2023-08-14 18:32:56.227635 - Epoc #	5200	 22.838950872421265
2023-08-14 18:33:19.526960 - Epoc #	5210	 23.299324989318848
2023-08-14 18:33:44.547493 - Epoc #	5220	 25.020533084869385
2023-08-14 18:34:06.555592 - Epoc #	5230	 22.00809907913208
2023-08-14 18:34:31.593039 - Epoc #	5240	 25.037446975708008
2023-08-14 18:34:55.146707 - Epoc #	5250	 23.55366802215576
2023-08-14 18:35:19.150603 - Epoc #	5260	 24.0038959980011
2023-08-14 18:35:43.627221 - Epoc #	5270	 24.47661805152893
2023-08-14 18:36:07.489908 - Epoc #	5280	 23.8626868724823
2023-08-14 18:36:29.883681 - Epoc #	5290	 22.393773078918457
2023-08-14 18:36:53.124380 - Epoc #	5300	 23.24069905281067
2023-08-14 18:37:16.437711 - Epoc #	5310	 23.31333088874817
2023-08-14 18:37:40.504436 - Epoc #	5320	 24.06672501564026
2023-08-14 18:38:04.123169 - Epoc #	5330	 23.618732929229736
2023-08-14 18:38:26.496095 - Epoc #	5340	 22.372925996780396
2023-08-14 18:38:49.406103 - Epoc #	5350	 22.9100079536438
2023-08-14 18:39:12.072179 - Epoc #	5360	 22.666076183319092
2023-08-14 18:39:35.259641 - Epoc #	5370	 23.187461853027344
2023-08-14 18:39:57.388640 - Epoc #	5380	 22.12899899482727
2023-08-14 18:40:19.027565 - Epoc #	5390	 21.638925075531006
2023-08-14 18:40:41.865207 - Epoc #	5400	 22.837641954421997
2023-08-14 18:41:05.292032 - Epoc #	5410	 23.426825046539307
2023-08-14 18:41:29.711419 - Epoc #	5420	 24.419387102127075
2023-08-14 18:41:52.437444 - Epoc #	5430	 22.726024866104126
2023-08-14 18:42:17.052701 - Epoc #	5440	 24.615257024765015
2023-08-14 18:42:40.140619 - Epoc #	5450	 23.087918043136597
2023-08-14 18:43:05.098591 - Epoc #	5460	 24.957972049713135
2023-08-14 18:43:28.210043 - Epoc #	5470	 23.111451864242554
2023-08-14 18:43:51.956046 - Epoc #	5480	 23.74600315093994
2023-08-14 18:44:14.096320 - Epoc #	5490	 22.140273809432983
2023-08-14 18:44:36.466544 - Epoc #	5500	 22.370223999023438
2023-08-14 18:44:59.606756 - Epoc #	5510	 23.140212059020996
2023-08-14 18:45:21.983822 - Epoc #	5520	 22.377066135406494
2023-08-14 18:45:45.579701 - Epoc #	5530	 23.595878839492798
2023-08-14 18:46:08.165807 - Epoc #	5540	 22.586106061935425
2023-08-14 18:46:31.096521 - Epoc #	5550	 22.930713891983032
2023-08-14 18:46:55.494965 - Epoc #	5560	 24.398444175720215
2023-08-14 18:47:18.080471 - Epoc #	5570	 22.585505962371826
2023-08-14 18:47:40.334009 - Epoc #	5580	 22.253537893295288
2023-08-14 18:48:04.898113 - Epoc #	5590	 24.564104080200195
2023-08-14 18:48:30.514650 - Epoc #	5600	 25.61653709411621
2023-08-14 18:48:53.996434 - Epoc #	5610	 23.481783866882324
2023-08-14 18:49:16.679146 - Epoc #	5620	 22.682712078094482
2023-08-14 18:49:40.126998 - Epoc #	5630	 23.44785189628601
2023-08-14 18:50:01.927138 - Epoc #	5640	 21.800140142440796
2023-08-14 18:50:25.879452 - Epoc #	5650	 23.952313899993896
2023-08-14 18:50:48.596525 - Epoc #	5660	 22.7170729637146
2023-08-14 18:51:11.937214 - Epoc #	5670	 23.340688943862915
2023-08-14 18:51:35.059638 - Epoc #	5680	 23.122424125671387
2023-08-14 18:51:59.447969 - Epoc #	5690	 24.388330936431885
2023-08-14 18:52:22.038083 - Epoc #	5700	 22.5901141166687
2023-08-14 18:52:44.598333 - Epoc #	5710	 22.56024980545044
2023-08-14 18:53:06.482424 - Epoc #	5720	 21.88409113883972
2023-08-14 18:53:29.936711 - Epoc #	5730	 23.45428705215454
2023-08-14 18:53:52.550956 - Epoc #	5740	 22.61424493789673
2023-08-14 18:54:14.829443 - Epoc #	5750	 22.278486967086792
2023-08-14 18:54:39.654661 - Epoc #	5760	 24.825217962265015
2023-08-14 18:55:02.346904 - Epoc #	5770	 22.692243099212646
2023-08-14 18:55:26.212691 - Epoc #	5780	 23.865787029266357
2023-08-14 18:55:48.794583 - Epoc #	5790	 22.581892013549805
2023-08-14 18:56:10.931395 - Epoc #	5800	 22.13681197166443
2023-08-14 18:56:33.355932 - Epoc #	5810	 22.42453694343567
2023-08-14 18:56:55.564849 - Epoc #	5820	 22.208916902542114
2023-08-14 18:57:18.391144 - Epoc #	5830	 22.826295137405396
2023-08-14 18:57:42.265392 - Epoc #	5840	 23.874248027801514
2023-08-14 18:58:06.303528 - Epoc #	5850	 24.03813600540161
2023-08-14 18:58:28.776527 - Epoc #	5860	 22.47299885749817
2023-08-14 18:58:52.097540 - Epoc #	5870	 23.3210129737854
2023-08-14 18:59:15.231260 - Epoc #	5880	 23.13372015953064
2023-08-14 18:59:37.795018 - Epoc #	5890	 22.56375789642334
2023-08-14 19:00:01.757091 - Epoc #	5900	 23.96207308769226
2023-08-14 19:00:23.535989 - Epoc #	5910	 21.778898000717163
2023-08-14 19:00:47.345116 - Epoc #	5920	 23.80912685394287
2023-08-14 19:01:10.075831 - Epoc #	5930	 22.730715036392212
2023-08-14 19:01:33.031804 - Epoc #	5940	 22.955973148345947
2023-08-14 19:01:56.039073 - Epoc #	5950	 23.00726890563965
2023-08-14 19:02:19.256734 - Epoc #	5960	 23.217660903930664
2023-08-14 19:02:45.822529 - Epoc #	5970	 26.565795183181763
2023-08-14 19:03:09.552018 - Epoc #	5980	 23.729488849639893
2023-08-14 19:03:31.824297 - Epoc #	5990	 22.272279024124146
2023-08-14 19:03:55.228720 - Epoc #	6000	 23.404422998428345
2023-08-14 19:04:18.379732 - Epoc #	6010	 23.15101194381714
2023-08-14 19:04:41.308496 - Epoc #	6020	 22.92876410484314
2023-08-14 19:05:04.304501 - Epoc #	6030	 22.996005058288574
2023-08-14 19:05:23.497361 - Time between reward step: #	13635.918005943298
2023-08-14 19:05:23.497361 - Average Score: 56.00 Elapsed time: 3:47:17.820845
2023-08-14 19:05:27.854023 - Epoc #	6040	 23.549521923065186
2023-08-14 19:05:50.687228 - Epoc #	6050	 22.833204984664917
2023-08-14 19:06:11.612113 - Time between reward step: #	13684.032757997513
2023-08-14 19:06:11.612113 - Average Score: 57.00 Elapsed time: 3:48:05.937083
2023-08-14 19:06:13.815260 - Epoc #	6060	 23.128031969070435
2023-08-14 19:06:36.839760 - Epoc #	6070	 23.024500131607056
2023-08-14 19:06:48.185561 - Time between reward step: #	13720.606205940247
2023-08-14 19:06:48.185561 - Average Score: 58.00 Elapsed time: 3:48:42.507176
2023-08-14 19:06:50.667646 - Time between reward step: #	13723.088290929794
2023-08-14 19:06:50.667646 - Average Score: 59.00 Elapsed time: 3:48:44.992180
2023-08-14 19:06:53.006489 - Time between reward step: #	13725.427134037018
2023-08-14 19:06:53.006489 - Average Score: 60.00 Elapsed time: 3:48:47.331296
2023-08-14 19:06:59.101366 - Epoc #	6080	 22.261605978012085
2023-08-14 19:07:22.215402 - Time between reward step: #	13754.636046886444
2023-08-14 19:07:22.215402 - Average Score: 61.00 Elapsed time: 3:49:16.538692
2023-08-14 19:07:22.215402 - Epoc #	6090	 23.114035844802856
2023-08-14 19:07:44.517428 - Epoc #	6100	 22.30202603340149
2023-08-14 19:08:08.202052 - Epoc #	6110	 23.684624195098877
2023-08-14 19:08:31.467235 - Epoc #	6120	 23.265182971954346
2023-08-14 19:08:54.542606 - Epoc #	6130	 23.075371026992798
2023-08-14 19:09:16.499655 - Epoc #	6140	 21.957048892974854
2023-08-14 19:09:39.836004 - Epoc #	6150	 23.33634901046753
2023-08-14 19:10:02.020068 - Epoc #	6160	 22.18406391143799
2023-08-14 19:10:25.455945 - Epoc #	6170	 23.435877084732056
2023-08-14 19:10:47.955619 - Epoc #	6180	 22.499674081802368
2023-08-14 19:11:11.189005 - Epoc #	6190	 23.233385801315308
2023-08-14 19:11:34.374544 - Epoc #	6200	 23.18553900718689
2023-08-14 19:11:58.382926 - Epoc #	6210	 24.008382081985474
2023-08-14 19:12:21.728535 - Epoc #	6220	 23.345608949661255
2023-08-14 19:12:44.005493 - Epoc #	6230	 22.276957988739014
2023-08-14 19:13:07.570330 - Epoc #	6240	 23.564836978912354
2023-08-14 19:13:30.803936 - Epoc #	6250	 23.233606100082397
2023-08-14 19:13:54.154075 - Epoc #	6260	 23.350138902664185
2023-08-14 19:14:16.490667 - Epoc #	6270	 22.336592197418213
2023-08-14 19:14:39.632760 - Epoc #	6280	 23.14209294319153
2023-08-14 19:15:02.438782 - Epoc #	6290	 22.80602192878723
2023-08-14 19:15:25.130764 - Epoc #	6300	 22.69198203086853
2023-08-14 19:15:48.455021 - Epoc #	6310	 23.324256896972656
2023-08-14 19:16:11.384246 - Epoc #	6320	 22.929225206375122
2023-08-14 19:16:34.421229 - Epoc #	6330	 23.036982774734497
2023-08-14 19:16:57.245730 - Epoc #	6340	 22.824501037597656
2023-08-14 19:17:19.721574 - Epoc #	6350	 22.475844144821167
2023-08-14 19:17:42.211240 - Epoc #	6360	 22.489665985107422
2023-08-14 19:18:05.348095 - Epoc #	6370	 23.136854887008667
2023-08-14 19:18:27.879058 - Epoc #	6380	 22.53096294403076
2023-08-14 19:18:50.585159 - Epoc #	6390	 22.706101179122925
2023-08-14 19:19:14.007976 - Epoc #	6400	 23.42281699180603
2023-08-14 19:19:37.707351 - Epoc #	6410	 23.69937491416931
2023-08-14 19:20:01.157190 - Epoc #	6420	 23.449839115142822
2023-08-14 19:20:23.907258 - Epoc #	6430	 22.750067949295044
2023-08-14 19:20:47.087641 - Epoc #	6440	 23.18038296699524
2023-08-14 19:21:11.301212 - Epoc #	6450	 24.213571071624756
2023-08-14 19:21:34.625478 - Epoc #	6460	 23.324265956878662
2023-08-14 19:21:58.048295 - Epoc #	6470	 23.42281699180603
2023-08-14 19:22:20.008104 - Epoc #	6480	 21.959809064865112
2023-08-14 19:22:42.623029 - Epoc #	6490	 22.614924907684326
2023-08-14 19:23:04.519526 - Epoc #	6500	 21.896497011184692
2023-08-14 19:23:26.455898 - Epoc #	6510	 21.93637204170227
2023-08-14 19:23:49.250540 - Epoc #	6520	 22.794641971588135
2023-08-14 19:24:11.744877 - Epoc #	6530	 22.49433708190918
2023-08-14 19:24:35.074341 - Epoc #	6540	 23.329463958740234
2023-08-14 19:24:57.598166 - Epoc #	6550	 22.52382493019104
2023-08-14 19:25:21.545344 - Epoc #	6560	 23.94717812538147
2023-08-14 19:25:44.305193 - Epoc #	6570	 22.759848833084106
2023-08-14 19:26:06.939311 - Epoc #	6580	 22.63411808013916
2023-08-14 19:26:31.093497 - Epoc #	6590	 24.154186010360718
2023-08-14 19:26:53.544785 - Epoc #	6600	 22.451287984848022
2023-08-14 19:27:16.322860 - Epoc #	6610	 22.778074979782104
2023-08-14 19:27:39.092173 - Epoc #	6620	 22.769313097000122
2023-08-14 19:28:02.401677 - Epoc #	6630	 23.30950379371643
2023-08-14 19:28:25.811745 - Epoc #	6640	 23.410068035125732
2023-08-14 19:28:50.124197 - Epoc #	6650	 24.3124520778656
2023-08-14 19:29:12.790759 - Epoc #	6660	 22.6665620803833
2023-08-14 19:29:36.105591 - Epoc #	6670	 23.314831972122192
2023-08-14 19:29:59.067188 - Epoc #	6680	 22.961596965789795
2023-08-14 19:30:22.504898 - Epoc #	6690	 23.43771004676819
2023-08-14 19:30:45.684712 - Epoc #	6700	 23.179813861846924
2023-08-14 19:31:08.312309 - Epoc #	6710	 22.627597093582153
2023-08-14 19:31:30.636954 - Epoc #	6720	 22.324645042419434
2023-08-14 19:31:53.593944 - Epoc #	6730	 22.956990003585815
2023-08-14 19:32:15.949327 - Epoc #	6740	 22.355382919311523
2023-08-14 19:32:38.890911 - Epoc #	6750	 22.94158411026001
2023-08-14 19:33:01.432572 - Epoc #	6760	 22.54166078567505
2023-08-14 19:33:25.482292 - Epoc #	6770	 24.04972004890442
2023-08-14 19:33:48.026848 - Epoc #	6780	 22.544556140899658
2023-08-14 19:34:11.537515 - Epoc #	6790	 23.510666847229004
2023-08-14 19:34:34.391111 - Epoc #	6800	 22.853595972061157
2023-08-14 19:34:57.926014 - Epoc #	6810	 23.534903049468994
2023-08-14 19:35:22.728038 - Epoc #	6820	 24.802024126052856
2023-08-14 19:35:45.256848 - Epoc #	6830	 22.528810024261475
2023-08-14 19:36:09.537443 - Epoc #	6840	 24.28059482574463
2023-08-14 19:36:33.244171 - Epoc #	6850	 23.706727981567383
2023-08-14 19:36:56.201432 - Epoc #	6860	 22.957261085510254
2023-08-14 19:37:20.467535 - Epoc #	6870	 24.2661030292511
2023-08-14 19:37:43.287347 - Epoc #	6880	 22.819812059402466
2023-08-14 19:38:06.385166 - Epoc #	6890	 23.097818851470947
2023-08-14 19:38:30.179840 - Epoc #	6900	 23.794674158096313
2023-08-14 19:38:53.672666 - Epoc #	6910	 23.492825984954834
2023-08-14 19:39:15.998820 - Epoc #	6920	 22.326153993606567
2023-08-14 19:39:39.188970 - Epoc #	6930	 23.190150022506714
2023-08-14 19:40:03.549323 - Epoc #	6940	 24.360352993011475
2023-08-14 19:40:26.532340 - Epoc #	6950	 22.983016967773438
2023-08-14 19:40:49.290347 - Epoc #	6960	 22.758007049560547
2023-08-14 19:41:12.223878 - Epoc #	6970	 22.933530807495117
2023-08-14 19:41:35.860562 - Epoc #	6980	 23.63668417930603
2023-08-14 19:42:00.161641 - Epoc #	6990	 24.30107879638672
2023-08-14 19:42:22.556943 - Epoc #	7000	 22.395302057266235
2023-08-14 19:42:45.335402 - Epoc #	7010	 22.778459072113037
2023-08-14 19:43:08.425529 - Epoc #	7020	 23.090126991271973
2023-08-14 19:43:31.671459 - Epoc #	7030	 23.245929956436157
2023-08-14 19:43:56.286642 - Epoc #	7040	 24.615183115005493
2023-08-14 19:44:19.505044 - Epoc #	7050	 23.21840190887451
2023-08-14 19:44:42.655210 - Epoc #	7060	 23.150166034698486
2023-08-14 19:45:05.376839 - Epoc #	7070	 22.72162890434265
2023-08-14 19:45:27.706120 - Epoc #	7080	 22.329281091690063
2023-08-14 19:45:50.835636 - Epoc #	7090	 23.129515886306763
2023-08-14 19:46:14.098901 - Epoc #	7100	 23.263265132904053
2023-08-14 19:46:16.468047 - Time between reward step: #	16088.88869190216
2023-08-14 19:46:16.468047 - Average Score: 62.00 Elapsed time: 4:28:10.757467
2023-08-14 19:46:18.853917 - Time between reward step: #	16091.274561882019
2023-08-14 19:46:18.853917 - Average Score: 63.00 Elapsed time: 4:28:13.137112
2023-08-14 19:46:21.173286 - Time between reward step: #	16093.593930959702
2023-08-14 19:46:21.173286 - Average Score: 64.00 Elapsed time: 4:28:15.459801
2023-08-14 19:46:23.586763 - Time between reward step: #	16096.007407903671
2023-08-14 19:46:23.586763 - Average Score: 65.00 Elapsed time: 4:28:17.868565
2023-08-14 19:46:36.854877 - Epoc #	7110	 22.75597596168518
2023-08-14 19:46:59.572822 - Epoc #	7120	 22.717945098876953
2023-08-14 19:47:22.755880 - Epoc #	7130	 23.18305802345276
2023-08-14 19:47:45.696650 - Epoc #	7140	 22.940769910812378
2023-08-14 19:48:09.010564 - Epoc #	7150	 23.31391406059265
2023-08-14 19:48:31.230438 - Epoc #	7160	 22.219873905181885
2023-08-14 19:48:54.639487 - Epoc #	7170	 23.409049034118652
2023-08-14 19:49:16.508962 - Epoc #	7180	 21.8694748878479
2023-08-14 19:49:39.260598 - Epoc #	7190	 22.751636028289795
2023-08-14 19:50:02.875319 - Epoc #	7200	 23.614721059799194
2023-08-14 19:50:25.730646 - Epoc #	7210	 22.855326890945435
2023-08-14 19:50:48.385875 - Epoc #	7220	 22.655229091644287
2023-08-14 19:51:11.193148 - Epoc #	7230	 22.807272911071777
2023-08-14 19:51:33.746115 - Epoc #	7240	 22.552967071533203
2023-08-14 19:51:56.146687 - Epoc #	7250	 22.400572061538696
2023-08-14 19:52:19.578384 - Epoc #	7260	 23.431696891784668
2023-08-14 19:52:42.863973 - Epoc #	7270	 23.28558897972107
2023-08-14 19:53:06.430783 - Epoc #	7280	 23.566810131072998
2023-08-14 19:53:29.531482 - Epoc #	7290	 23.100698947906494
2023-08-14 19:53:53.850210 - Time between reward step: #	16546.27085494995
2023-08-14 19:53:53.850210 - Average Score: 66.00 Elapsed time: 4:35:48.127722
2023-08-14 19:53:53.850210 - Epoc #	7300	 24.31872797012329
2023-08-14 19:53:58.661830 - Time between reward step: #	16551.082474946976
2023-08-14 19:53:58.661830 - Average Score: 67.00 Elapsed time: 4:35:52.940626
2023-08-14 19:54:17.534123 - Epoc #	7310	 23.683912992477417
2023-08-14 19:54:37.415278 - Time between reward step: #	16589.835922956467
2023-08-14 19:54:37.415278 - Average Score: 68.00 Elapsed time: 4:36:31.689410
2023-08-14 19:54:42.441240 - Epoc #	7320	 24.907117128372192
2023-08-14 19:55:05.561338 - Epoc #	7330	 23.120097875595093
2023-08-14 19:55:28.599117 - Epoc #	7340	 23.037779092788696
2023-08-14 19:55:35.411570 - Time between reward step: #	16647.832215070724
2023-08-14 19:55:35.411570 - Average Score: 69.00 Elapsed time: 4:37:29.691481
2023-08-14 19:55:47.469746 - Time between reward step: #	16659.890391111374
2023-08-14 19:55:47.469746 - Average Score: 70.00 Elapsed time: 4:37:41.747461
2023-08-14 19:55:52.290970 - Time between reward step: #	16664.7116150856
2023-08-14 19:55:52.290970 - Average Score: 71.00 Elapsed time: 4:37:46.564387
2023-08-14 19:55:52.290970 - Epoc #	7350	 23.691853046417236
2023-08-14 19:56:04.488290 - Time between reward step: #	16676.908935070038
2023-08-14 19:56:04.488290 - Average Score: 72.00 Elapsed time: 4:37:58.761212
2023-08-14 19:56:09.342696 - Time between reward step: #	16681.763340950012
2023-08-14 19:56:09.342696 - Average Score: 73.00 Elapsed time: 4:38:03.625509
2023-08-14 19:56:16.788062 - Epoc #	7360	 24.4970920085907
2023-08-14 19:56:26.269347 - Time between reward step: #	16698.68999195099
2023-08-14 19:56:26.269347 - Average Score: 74.00 Elapsed time: 4:38:20.541298
2023-08-14 19:56:35.499855 - Time between reward step: #	16707.920500040054
2023-08-14 19:56:35.499855 - Average Score: 75.00 Elapsed time: 4:38:29.782702
2023-08-14 19:56:40.305648 - Epoc #	7370	 23.51758599281311
2023-08-14 19:57:03.932365 - Epoc #	7380	 23.62671685218811
2023-08-14 19:57:26.204247 - Epoc #	7390	 22.27188205718994
2023-08-14 19:57:49.102411 - Epoc #	7400	 22.89816403388977
2023-08-14 19:58:14.345112 - Epoc #	7410	 25.242701053619385
2023-08-14 19:58:37.706635 - Epoc #	7420	 23.361522912979126
2023-08-14 19:59:02.082060 - Epoc #	7430	 24.375425100326538
2023-08-14 19:59:24.891005 - Epoc #	7440	 22.808944940567017
2023-08-14 19:59:48.198892 - Epoc #	7450	 23.307887077331543
2023-08-14 20:00:11.221641 - Epoc #	7460	 23.022748947143555
2023-08-14 20:00:34.642084 - Epoc #	7470	 23.420442819595337
2023-08-14 20:00:57.903079 - Epoc #	7480	 23.260995149612427
2023-08-14 20:01:21.698075 - Epoc #	7490	 23.7949960231781
2023-08-14 20:01:44.416407 - Epoc #	7500	 22.718332052230835
2023-08-14 20:02:08.132522 - Epoc #	7510	 23.71611499786377
2023-08-14 20:02:31.905662 - Epoc #	7520	 23.77313995361328
2023-08-14 20:02:54.066809 - Epoc #	7530	 22.161146879196167
2023-08-14 20:03:17.951897 - Epoc #	7540	 23.885087966918945
2023-08-14 20:03:41.725075 - Epoc #	7550	 23.773178100585938
2023-08-14 20:04:05.582305 - Epoc #	7560	 23.857229948043823
2023-08-14 20:04:29.307180 - Epoc #	7570	 23.72487497329712
2023-08-14 20:04:53.449053 - Epoc #	7580	 24.141873121261597
2023-08-14 20:05:16.221266 - Epoc #	7590	 22.772212982177734
2023-08-14 20:05:39.689152 - Epoc #	7600	 23.467885971069336
2023-08-14 20:06:03.392875 - Epoc #	7610	 23.703722953796387
2023-08-14 20:06:27.389837 - Epoc #	7620	 23.996962070465088
2023-08-14 20:06:50.774572 - Epoc #	7630	 23.384734869003296
2023-08-14 20:07:14.505373 - Epoc #	7640	 23.730801105499268
2023-08-14 20:07:37.866822 - Epoc #	7650	 23.361449003219604
2023-08-14 20:08:01.493975 - Epoc #	7660	 23.627152919769287
2023-08-14 20:08:25.173865 - Epoc #	7670	 23.679890155792236
2023-08-14 20:08:48.559119 - Epoc #	7680	 23.38525390625
2023-08-14 20:09:12.530692 - Epoc #	7690	 23.97157311439514
2023-08-14 20:09:35.683350 - Epoc #	7700	 23.152657985687256
2023-08-14 20:09:59.193601 - Epoc #	7710	 23.51025080680847
2023-08-14 20:10:22.860514 - Epoc #	7720	 23.66691303253174
2023-08-14 20:10:47.042775 - Epoc #	7730	 24.182260990142822
2023-08-14 20:11:10.454317 - Epoc #	7740	 23.411542177200317
2023-08-14 20:11:34.524034 - Epoc #	7750	 24.069716930389404
2023-08-14 20:11:57.523596 - Epoc #	7760	 22.99956202507019
2023-08-14 20:12:21.176517 - Epoc #	7770	 23.652920961380005
2023-08-14 20:12:43.701240 - Epoc #	7780	 22.524723052978516
2023-08-14 20:13:07.505324 - Epoc #	7790	 23.804083824157715
2023-08-14 20:13:30.569501 - Epoc #	7800	 23.0641770362854
2023-08-14 20:13:53.725350 - Epoc #	7810	 23.15584897994995
2023-08-14 20:14:17.692602 - Epoc #	7820	 23.967252016067505
2023-08-14 20:14:40.557530 - Epoc #	7830	 22.864928007125854
2023-08-14 20:15:03.848293 - Epoc #	7840	 23.29076313972473
2023-08-14 20:15:26.992750 - Epoc #	7850	 23.14445686340332
2023-08-14 20:15:50.620013 - Epoc #	7860	 23.627263069152832
2023-08-14 20:16:13.987405 - Epoc #	7870	 23.36739206314087
2023-08-14 20:16:36.987913 - Epoc #	7880	 23.000507831573486
2023-08-14 20:17:00.258597 - Epoc #	7890	 23.270684003829956
2023-08-14 20:17:24.333826 - Epoc #	7900	 24.075229167938232
2023-08-14 20:17:47.744170 - Epoc #	7910	 23.410343885421753
2023-08-14 20:18:11.699605 - Epoc #	7920	 23.955435037612915
2023-08-14 20:18:34.903016 - Epoc #	7930	 23.203411102294922
2023-08-14 20:18:58.957188 - Epoc #	7940	 24.054171800613403
2023-08-14 20:19:22.270166 - Epoc #	7950	 23.3129780292511
2023-08-14 20:19:45.306161 - Epoc #	7960	 23.03599500656128
2023-08-14 20:20:09.314520 - Epoc #	7970	 24.0083589553833
2023-08-14 20:20:33.058517 - Epoc #	7980	 23.74399709701538
2023-08-14 20:20:56.360648 - Epoc #	7990	 23.302130937576294
2023-08-14 20:21:18.800459 - Epoc #	8000	 22.43981099128723
2023-08-14 20:21:42.196478 - Epoc #	8010	 23.396018981933594
2023-08-14 20:22:06.683529 - Epoc #	8020	 24.487051010131836
2023-08-14 20:22:30.939848 - Epoc #	8030	 24.256319046020508
2023-08-14 20:22:54.183237 - Epoc #	8040	 23.243389129638672
2023-08-14 20:23:17.993653 - Epoc #	8050	 23.810415983200073
2023-08-14 20:23:41.758625 - Epoc #	8060	 23.76497197151184
2023-08-14 20:24:05.216812 - Epoc #	8070	 23.458186864852905
2023-08-14 20:24:28.377694 - Epoc #	8080	 23.160881996154785
2023-08-14 20:24:52.700431 - Epoc #	8090	 24.322737216949463
2023-08-14 20:25:15.963983 - Epoc #	8100	 23.263551950454712
2023-08-14 20:25:39.496974 - Epoc #	8110	 23.5329909324646
2023-08-14 20:26:03.338435 - Epoc #	8120	 23.841460943222046
2023-08-14 20:26:27.307012 - Epoc #	8130	 23.96857714653015
2023-08-14 20:26:50.881345 - Epoc #	8140	 23.57433295249939
2023-08-14 20:27:14.915284 - Epoc #	8150	 24.033938884735107
2023-08-14 20:27:38.440372 - Epoc #	8160	 23.52508807182312
2023-08-14 20:28:02.808113 - Epoc #	8170	 24.367741107940674
2023-08-14 20:28:27.089111 - Epoc #	8180	 24.28099799156189
2023-08-14 20:28:51.066540 - Epoc #	8190	 23.977428913116455
2023-08-14 20:29:15.685648 - Epoc #	8200	 24.619107961654663
2023-08-14 20:29:39.585026 - Epoc #	8210	 23.899378061294556
2023-08-14 20:30:03.333962 - Epoc #	8220	 23.74893593788147
2023-08-14 20:30:27.590329 - Epoc #	8230	 24.256366968154907
2023-08-14 20:30:51.497045 - Epoc #	8240	 23.906716108322144
2023-08-14 20:31:15.773516 - Epoc #	8250	 24.27647089958191
2023-08-14 20:31:39.895497 - Epoc #	8260	 24.121981143951416
2023-08-14 20:32:03.483185 - Epoc #	8270	 23.587687969207764
2023-08-14 20:32:26.979791 - Epoc #	8280	 23.49660587310791
2023-08-14 20:32:50.802950 - Epoc #	8290	 23.823158979415894
2023-08-14 20:33:14.452142 - Epoc #	8300	 23.649192094802856
2023-08-14 20:33:38.260481 - Epoc #	8310	 23.80833911895752
2023-08-14 20:34:02.279549 - Epoc #	8320	 24.019067764282227
2023-08-14 20:34:26.174493 - Epoc #	8330	 23.894944190979004
2023-08-14 20:34:49.270093 - Epoc #	8340	 23.09559988975525
2023-08-14 20:35:13.134336 - Epoc #	8350	 23.864243030548096
2023-08-14 20:35:36.945846 - Epoc #	8360	 23.81151008605957
2023-08-14 20:36:00.307953 - Epoc #	8370	 23.362106800079346
2023-08-14 20:36:23.681130 - Epoc #	8380	 23.37317705154419
2023-08-14 20:36:47.001899 - Epoc #	8390	 23.32076907157898
2023-08-14 20:37:11.395055 - Epoc #	8400	 24.393156051635742
2023-08-14 20:37:35.033974 - Epoc #	8410	 23.63891887664795
2023-08-14 20:37:59.172710 - Epoc #	8420	 24.13873600959778
2023-08-14 20:38:22.766080 - Epoc #	8430	 23.593369960784912
2023-08-14 20:38:46.772225 - Time between reward step: #	19239.192869901657
2023-08-14 20:38:46.772225 - Average Score: 76.00 Elapsed time: 5:20:41.011109
2023-08-14 20:38:46.772225 - Epoc #	8440	 24.006145000457764
2023-08-14 20:39:09.901055 - Epoc #	8450	 23.128830194473267
2023-08-14 20:39:27.318155 - Time between reward step: #	19279.738800048828
2023-08-14 20:39:27.318155 - Average Score: 77.00 Elapsed time: 5:21:21.556691
2023-08-14 20:39:29.858233 - Time between reward step: #	19282.278877973557
2023-08-14 20:39:29.858233 - Average Score: 78.00 Elapsed time: 5:21:24.099711
2023-08-14 20:39:34.764866 - Epoc #	8460	 24.863811016082764
2023-08-14 20:39:58.597863 - Epoc #	8470	 23.83299684524536
2023-08-14 20:40:22.612460 - Epoc #	8480	 24.014596939086914
2023-08-14 20:40:34.692460 - Time between reward step: #	19347.11310505867
2023-08-14 20:40:34.692460 - Average Score: 79.00 Elapsed time: 5:22:28.938909
2023-08-14 20:40:46.313513 - Epoc #	8490	 23.701053142547607
2023-08-14 20:41:10.898213 - Epoc #	8500	 24.584699869155884
2023-08-14 20:41:33.959008 - Epoc #	8510	 23.060795068740845
2023-08-14 20:41:57.780644 - Epoc #	8520	 23.821635961532593
2023-08-14 20:42:21.533040 - Epoc #	8530	 23.75239610671997
2023-08-14 20:42:45.193106 - Epoc #	8540	 23.66006588935852
2023-08-14 20:43:08.677429 - Epoc #	8550	 23.484323024749756
2023-08-14 20:43:32.768515 - Epoc #	8560	 24.0910861492157
2023-08-14 20:43:56.667350 - Epoc #	8570	 23.898834943771362
2023-08-14 20:44:20.670639 - Epoc #	8580	 24.003288984298706
2023-08-14 20:44:43.804796 - Epoc #	8590	 23.134156942367554
2023-08-14 20:45:07.636798 - Epoc #	8600	 23.83200192451477
2023-08-14 20:45:32.905656 - Epoc #	8610	 25.268858194351196
2023-08-14 20:45:56.859277 - Epoc #	8620	 23.95362091064453
2023-08-14 20:46:20.396547 - Epoc #	8630	 23.537270069122314
2023-08-14 20:46:44.059907 - Epoc #	8640	 23.663359880447388
2023-08-14 20:47:08.146386 - Epoc #	8650	 24.08647894859314
2023-08-14 20:47:31.523945 - Epoc #	8660	 23.377559185028076
2023-08-14 20:47:54.967233 - Epoc #	8670	 23.44328784942627
2023-08-14 20:48:18.741520 - Epoc #	8680	 23.77428698539734
2023-08-14 20:48:42.759195 - Epoc #	8690	 24.017675161361694
2023-08-14 20:49:07.365293 - Epoc #	8700	 24.60609793663025
2023-08-14 20:49:30.650245 - Epoc #	8710	 23.28495192527771
2023-08-14 20:49:54.163506 - Epoc #	8720	 23.513261079788208
2023-08-14 20:50:18.167706 - Epoc #	8730	 24.004199981689453
2023-08-14 20:50:42.268052 - Epoc #	8740	 24.100346088409424
2023-08-14 20:51:06.299914 - Epoc #	8750	 24.031861782073975
2023-08-14 20:51:30.502269 - Epoc #	8760	 24.20235514640808
2023-08-14 20:51:55.036707 - Epoc #	8770	 24.534437894821167
2023-08-14 20:52:19.108585 - Epoc #	8780	 24.07187795639038
2023-08-14 20:52:44.258529 - Epoc #	8790	 25.149944067001343
2023-08-14 20:53:08.636411 - Epoc #	8800	 24.37788200378418
2023-08-14 20:53:16.344510 - Time between reward step: #	20108.76515507698
2023-08-14 20:53:16.344510 - Average Score: 80.00 Elapsed time: 5:35:10.572728
2023-08-14 20:53:33.291220 - Epoc #	8810	 24.65480899810791
2023-08-14 20:53:42.963941 - Time between reward step: #	20135.38458609581
2023-08-14 20:53:42.963941 - Average Score: 81.00 Elapsed time: 5:35:37.194909
2023-08-14 20:53:57.148637 - Epoc #	8820	 23.857417106628418
2023-08-14 20:54:21.110817 - Epoc #	8830	 23.9621798992157
2023-08-14 20:54:45.107558 - Epoc #	8840	 23.99674105644226
2023-08-14 20:55:09.110829 - Epoc #	8850	 24.003271102905273
2023-08-14 20:55:33.230844 - Epoc #	8860	 24.120014905929565
2023-08-14 20:55:57.195223 - Epoc #	8870	 23.96437907218933
2023-08-14 20:56:21.507787 - Epoc #	8880	 24.3125638961792
2023-08-14 20:56:45.372325 - Epoc #	8890	 23.864537954330444
2023-08-14 20:57:10.221317 - Epoc #	8900	 24.848992109298706
2023-08-14 20:57:34.653734 - Epoc #	8910	 24.432416915893555
2023-08-14 20:57:58.611527 - Epoc #	8920	 23.95779299736023
2023-08-14 20:58:22.083063 - Epoc #	8930	 23.4715359210968
2023-08-14 20:58:46.652769 - Epoc #	8940	 24.569706201553345
2023-08-14 20:59:10.238712 - Epoc #	8950	 23.58594298362732
2023-08-14 20:59:34.453987 - Epoc #	8960	 24.215274810791016
2023-08-14 20:59:58.125863 - Epoc #	8970	 23.671876192092896
2023-08-14 21:00:22.034104 - Epoc #	8980	 23.908241033554077
2023-08-14 21:00:46.662199 - Epoc #	8990	 24.628094911575317
2023-08-14 21:01:11.090255 - Epoc #	9000	 24.428056001663208
2023-08-14 21:01:35.308085 - Epoc #	9010	 24.217829942703247
2023-08-14 21:01:58.778695 - Epoc #	9020	 23.47061014175415
2023-08-14 21:02:22.698879 - Epoc #	9030	 23.920183897018433
2023-08-14 21:02:46.305989 - Epoc #	9040	 23.607110023498535
2023-08-14 21:03:09.722520 - Epoc #	9050	 23.416531085968018
2023-08-14 21:03:33.844468 - Epoc #	9060	 24.12194800376892
2023-08-14 21:03:58.110694 - Epoc #	9070	 24.266225814819336
2023-08-14 21:04:22.100557 - Epoc #	9080	 23.98986315727234
2023-08-14 21:04:45.713834 - Epoc #	9090	 23.613276958465576
2023-08-14 21:05:09.999282 - Epoc #	9100	 24.28544783592224
2023-08-14 21:05:33.187246 - Epoc #	9110	 23.18796420097351
2023-08-14 21:05:57.190302 - Epoc #	9120	 24.003055810928345
2023-08-14 21:06:21.331744 - Epoc #	9130	 24.14144206047058
2023-08-14 21:06:44.901599 - Epoc #	9140	 23.569854974746704
2023-08-14 21:07:09.095848 - Epoc #	9150	 24.194249153137207
2023-08-14 21:07:33.386198 - Epoc #	9160	 24.29034996032715
2023-08-14 21:07:56.997966 - Epoc #	9170	 23.611768007278442
2023-08-14 21:08:21.280487 - Epoc #	9180	 24.28252100944519
2023-08-14 21:08:44.955250 - Epoc #	9190	 23.674762964248657
2023-08-14 21:09:10.194720 - Epoc #	9200	 25.2394700050354
2023-08-14 21:09:33.945796 - Epoc #	9210	 23.751075983047485
2023-08-14 21:09:57.969591 - Epoc #	9220	 24.023794889450073
2023-08-14 21:10:21.840027 - Epoc #	9230	 23.870436191558838
2023-08-14 21:10:46.385546 - Epoc #	9240	 24.54551887512207
2023-08-14 21:11:10.721889 - Epoc #	9250	 24.33634305000305
2023-08-14 21:11:34.108968 - Epoc #	9260	 23.387079000473022
2023-08-14 21:11:58.624148 - Epoc #	9270	 24.515179872512817
2023-08-14 21:12:22.380533 - Epoc #	9280	 23.75638508796692
2023-08-14 21:12:46.871156 - Epoc #	9290	 24.490622997283936
2023-08-14 21:13:11.664932 - Epoc #	9300	 24.793776035308838
2023-08-14 21:13:36.011256 - Epoc #	9310	 24.34632396697998
2023-08-14 21:13:51.467717 - Time between reward step: #	21343.888361930847
2023-08-14 21:13:51.467717 - Average Score: 82.00 Elapsed time: 5:55:45.684469
2023-08-14 21:13:54.135977 - Time between reward step: #	21346.55662202835
2023-08-14 21:13:54.135977 - Average Score: 83.00 Elapsed time: 5:55:48.354122
2023-08-14 21:13:56.609542 - Time between reward step: #	21349.030186891556
2023-08-14 21:13:56.609542 - Average Score: 84.00 Elapsed time: 5:55:50.829221
2023-08-14 21:14:01.092222 - Epoc #	9320	 25.080965995788574
2023-08-14 21:14:24.525626 - Epoc #	9330	 23.433403968811035
2023-08-14 21:14:47.856291 - Epoc #	9340	 23.330665111541748
2023-08-14 21:15:11.470490 - Epoc #	9350	 23.614198923110962
2023-08-14 21:15:35.962225 - Epoc #	9360	 24.491734981536865
2023-08-14 21:15:59.881709 - Epoc #	9370	 23.91948413848877
2023-08-14 21:16:23.359561 - Epoc #	9380	 23.47785186767578
2023-08-14 21:16:46.055520 - Epoc #	9390	 22.695959091186523
2023-08-14 21:17:10.471864 - Epoc #	9400	 24.416343927383423
2023-08-14 21:17:34.658262 - Epoc #	9410	 24.186398029327393
2023-08-14 21:17:58.489798 - Epoc #	9420	 23.831536054611206
2023-08-14 21:18:22.516048 - Epoc #	9430	 24.026249885559082
2023-08-14 21:18:46.541220 - Epoc #	9440	 24.025171995162964
2023-08-14 21:19:09.850835 - Epoc #	9450	 23.30961513519287
2023-08-14 21:19:33.906439 - Epoc #	9460	 24.055603981018066
2023-08-14 21:19:56.799141 - Epoc #	9470	 22.892701864242554
2023-08-14 21:20:20.381474 - Epoc #	9480	 23.582333087921143
2023-08-14 21:20:44.676995 - Epoc #	9490	 24.295521020889282
2023-08-14 21:21:08.694145 - Epoc #	9500	 24.017149925231934
2023-08-14 21:21:33.240264 - Epoc #	9510	 24.54611897468567
2023-08-14 21:21:57.016135 - Epoc #	9520	 23.77587103843689
2023-08-14 21:22:21.735852 - Epoc #	9530	 24.719717025756836
2023-08-14 21:22:45.974590 - Epoc #	9540	 24.23873805999756
2023-08-14 21:23:09.767052 - Epoc #	9550	 23.79246187210083
2023-08-14 21:23:34.149573 - Epoc #	9560	 24.382521152496338
2023-08-14 21:23:57.933310 - Epoc #	9570	 23.78373694419861
2023-08-14 21:24:21.684827 - Epoc #	9580	 23.751517057418823
2023-08-14 21:24:45.498544 - Epoc #	9590	 23.813716888427734
2023-08-14 21:25:10.043462 - Epoc #	9600	 24.544918060302734
2023-08-14 21:25:33.344159 - Epoc #	9610	 23.300696849822998
2023-08-14 21:25:57.467955 - Epoc #	9620	 24.123796224594116
2023-08-14 21:26:20.945980 - Epoc #	9630	 23.47802495956421
2023-08-14 21:26:44.878259 - Epoc #	9640	 23.932278871536255
2023-08-14 21:27:08.533851 - Epoc #	9650	 23.65559196472168
2023-08-14 21:27:32.203871 - Epoc #	9660	 23.67002010345459
2023-08-14 21:27:56.020538 - Epoc #	9670	 23.816667079925537
2023-08-14 21:28:20.518766 - Epoc #	9680	 24.498227834701538
2023-08-14 21:28:45.035973 - Epoc #	9690	 24.517207145690918
2023-08-14 21:29:08.380594 - Epoc #	9700	 23.344620943069458
2023-08-14 21:29:32.609695 - Epoc #	9710	 24.229100942611694
2023-08-14 21:29:56.185343 - Epoc #	9720	 23.575648069381714
2023-08-14 21:30:20.156977 - Epoc #	9730	 23.971633911132812
2023-08-14 21:30:43.876812 - Epoc #	9740	 23.71983504295349
2023-08-14 21:31:08.397174 - Epoc #	9750	 24.52036190032959
2023-08-14 21:31:32.258567 - Epoc #	9760	 23.861393213272095
2023-08-14 21:31:56.175843 - Epoc #	9770	 23.91727590560913
2023-08-14 21:32:20.382527 - Epoc #	9780	 24.206684112548828
2023-08-14 21:32:44.155301 - Epoc #	9790	 23.77277398109436
2023-08-14 21:33:08.647000 - Epoc #	9800	 24.49169898033142
2023-08-14 21:33:33.101853 - Epoc #	9810	 24.45485281944275
2023-08-14 21:33:57.160274 - Epoc #	9820	 24.05842113494873
2023-08-14 21:34:21.220807 - Epoc #	9830	 24.060533046722412
2023-08-14 21:34:44.298550 - Epoc #	9840	 23.0777428150177
2023-08-14 21:35:07.757998 - Epoc #	9850	 23.459448099136353
2023-08-14 21:35:32.342976 - Epoc #	9860	 24.584978103637695
2023-08-14 21:35:56.372118 - Epoc #	9870	 24.029141902923584
2023-08-14 21:36:21.410499 - Epoc #	9880	 25.038381099700928
2023-08-14 21:36:45.215468 - Epoc #	9890	 23.80496883392334
2023-08-14 21:37:09.000096 - Epoc #	9900	 23.78462815284729
2023-08-14 21:37:32.755803 - Epoc #	9910	 23.755707025527954
2023-08-14 21:37:56.833025 - Epoc #	9920	 24.077221870422363
2023-08-14 21:38:19.748794 - Epoc #	9930	 22.91576910018921
2023-08-14 21:38:43.214785 - Epoc #	9940	 23.465991020202637
2023-08-14 21:39:06.660619 - Epoc #	9950	 23.445833921432495
2023-08-14 21:39:30.204303 - Epoc #	9960	 23.543684005737305
2023-08-14 21:39:54.131470 - Epoc #	9970	 23.92716693878174
2023-08-14 21:40:17.888652 - Epoc #	9980	 23.757182121276855
2023-08-14 21:40:42.064044 - Epoc #	9990	 24.175391912460327
2023-08-14 21:41:06.805882 - Epoc #	10000	 24.741837978363037
2023-08-14 21:41:31.161531 - Epoc #	10010	 24.3556489944458
2023-08-14 21:41:54.549045 - Epoc #	10020	 23.387514114379883
2023-08-14 21:42:18.990968 - Epoc #	10030	 24.441922903060913
2023-08-14 21:42:42.982922 - Epoc #	10040	 23.99195408821106
2023-08-14 21:43:05.692717 - Epoc #	10050	 22.709794998168945
2023-08-14 21:43:30.272362 - Epoc #	10060	 24.579644918441772
2023-08-14 21:43:54.870064 - Epoc #	10070	 24.597702026367188
2023-08-14 21:44:19.705855 - Epoc #	10080	 24.835790872573853
2023-08-14 21:44:43.212121 - Epoc #	10090	 23.506266117095947
2023-08-14 21:45:07.442603 - Epoc #	10100	 24.23048210144043
2023-08-14 21:45:30.982764 - Epoc #	10110	 23.54016089439392
2023-08-14 21:45:54.861751 - Epoc #	10120	 23.878987073898315
2023-08-14 21:46:18.341376 - Epoc #	10130	 23.47962498664856
2023-08-14 21:46:42.567256 - Epoc #	10140	 24.225879907608032
2023-08-14 21:47:06.322916 - Epoc #	10150	 23.75566005706787
2023-08-14 21:47:30.175849 - Epoc #	10160	 23.852932929992676
2023-08-14 21:47:53.765060 - Epoc #	10170	 23.589210987091064
2023-08-14 21:48:17.681716 - Epoc #	10180	 23.916656017303467
2023-08-14 21:48:41.876689 - Epoc #	10190	 24.19497299194336
2023-08-14 21:49:06.025898 - Epoc #	10200	 24.149209022521973
2023-08-14 21:49:30.021548 - Epoc #	10210	 23.995650053024292
2023-08-14 21:49:53.727923 - Epoc #	10220	 23.706374883651733
2023-08-14 21:50:17.490624 - Epoc #	10230	 23.7627010345459
2023-08-14 21:50:41.159855 - Epoc #	10240	 23.669230937957764
2023-08-14 21:51:05.680363 - Epoc #	10250	 24.52050805091858
2023-08-14 21:51:29.154595 - Epoc #	10260	 23.474231958389282
2023-08-14 21:51:53.898166 - Epoc #	10270	 24.743571043014526
2023-08-14 21:52:18.704897 - Epoc #	10280	 24.80673098564148
2023-08-14 21:52:42.910649 - Epoc #	10290	 24.20575213432312
2023-08-14 21:53:06.554753 - Epoc #	10300	 23.64410400390625
2023-08-14 21:53:31.047944 - Epoc #	10310	 24.49319100379944
2023-08-14 21:53:54.899654 - Epoc #	10320	 23.851709842681885
2023-08-14 21:54:18.923183 - Epoc #	10330	 24.023529052734375
2023-08-14 21:54:42.903003 - Epoc #	10340	 23.979820013046265
2023-08-14 21:55:07.864961 - Epoc #	10350	 24.961957931518555
2023-08-14 21:55:32.204512 - Epoc #	10360	 24.339550971984863
2023-08-14 21:55:55.854449 - Epoc #	10370	 23.64993715286255
2023-08-14 21:56:20.169830 - Epoc #	10380	 24.315381050109863
2023-08-14 21:56:43.822313 - Epoc #	10390	 23.652482986450195
2023-08-14 21:57:08.002148 - Epoc #	10400	 24.179834842681885
2023-08-14 21:57:32.102042 - Epoc #	10410	 24.099894046783447
2023-08-14 21:57:56.462126 - Epoc #	10420	 24.360084056854248
2023-08-14 21:58:19.961835 - Epoc #	10430	 23.499708890914917
2023-08-14 21:58:44.500411 - Epoc #	10440	 24.538576126098633
2023-08-14 21:59:08.082410 - Epoc #	10450	 23.58199906349182
2023-08-14 21:59:31.884291 - Epoc #	10460	 23.801880836486816
2023-08-14 21:59:55.580040 - Epoc #	10470	 23.695749044418335
2023-08-14 22:00:19.676237 - Epoc #	10480	 24.0961971282959
2023-08-14 22:00:43.949767 - Epoc #	10490	 24.27353000640869
2023-08-14 22:01:08.013071 - Epoc #	10500	 24.06330394744873
2023-08-14 22:01:32.326027 - Epoc #	10510	 24.312955856323242
2023-08-14 22:01:56.038553 - Epoc #	10520	 23.712526082992554
2023-08-14 22:02:20.076920 - Epoc #	10530	 24.03836703300476
2023-08-14 22:02:43.986778 - Epoc #	10540	 23.909857988357544
2023-08-14 22:03:08.252607 - Epoc #	10550	 24.26582908630371
2023-08-14 22:03:31.889206 - Epoc #	10560	 23.636598825454712
2023-08-14 22:03:55.827215 - Epoc #	10570	 23.938009023666382
2023-08-14 22:04:20.394602 - Epoc #	10580	 24.567387104034424
2023-08-14 22:04:44.580176 - Epoc #	10590	 24.185574054718018
2023-08-14 22:05:09.524240 - Epoc #	10600	 24.944063901901245
2023-08-14 22:05:33.896896 - Epoc #	10610	 24.372655868530273
2023-08-14 22:05:57.864638 - Epoc #	10620	 23.967742204666138
2023-08-14 22:06:21.969201 - Epoc #	10630	 24.104562997817993
2023-08-14 22:06:45.956386 - Epoc #	10640	 23.98718500137329
2023-08-14 22:07:10.794235 - Epoc #	10650	 24.837848901748657
2023-08-14 22:07:34.690683 - Epoc #	10660	 23.896447896957397
2023-08-14 22:07:58.810860 - Epoc #	10670	 24.120177030563354
2023-08-14 22:08:23.659672 - Epoc #	10680	 24.848812103271484
2023-08-14 22:08:47.931462 - Epoc #	10690	 24.271790027618408
2023-08-14 22:09:12.738974 - Epoc #	10700	 24.807512044906616
2023-08-14 22:09:36.031484 - Epoc #	10710	 23.29250979423523
2023-08-14 22:10:00.441301 - Epoc #	10720	 24.409817218780518
2023-08-14 22:10:24.727351 - Epoc #	10730	 24.286049842834473
2023-08-14 22:10:48.353252 - Epoc #	10740	 23.625900983810425
2023-08-14 22:11:12.751019 - Epoc #	10750	 24.397767066955566
2023-08-14 22:11:36.689043 - Epoc #	10760	 23.938024044036865
2023-08-14 22:12:01.101388 - Epoc #	10770	 24.412344932556152
2023-08-14 22:12:25.435048 - Epoc #	10780	 24.333660125732422
2023-08-14 22:12:49.219220 - Epoc #	10790	 23.78417181968689
2023-08-14 22:13:13.419162 - Epoc #	10800	 24.199942111968994
2023-08-14 22:13:37.923616 - Epoc #	10810	 24.504453897476196
2023-08-14 22:14:02.013058 - Epoc #	10820	 24.089442014694214
2023-08-14 22:14:26.125428 - Epoc #	10830	 24.112370014190674
2023-08-14 22:14:51.243704 - Epoc #	10840	 25.118276119232178
2023-08-14 22:15:15.951167 - Epoc #	10850	 24.707463026046753
2023-08-14 22:15:40.464802 - Epoc #	10860	 24.51363492012024
2023-08-14 22:16:05.323741 - Epoc #	10870	 24.858938932418823
2023-08-14 22:16:28.980038 - Epoc #	10880	 23.656296968460083
2023-08-14 22:16:52.709473 - Epoc #	10890	 23.729434967041016
2023-08-14 22:17:16.432552 - Epoc #	10900	 23.723079204559326
2023-08-14 22:17:40.538741 - Epoc #	10910	 24.106189012527466
2023-08-14 22:18:03.883742 - Epoc #	10920	 23.345000982284546
2023-08-14 22:18:28.239493 - Epoc #	10930	 24.355750799179077
2023-08-14 22:18:52.389657 - Epoc #	10940	 24.150164127349854
2023-08-14 22:19:16.945233 - Epoc #	10950	 24.55557608604431
2023-08-14 22:19:41.376459 - Epoc #	10960	 24.431225776672363
2023-08-14 22:20:05.611702 - Epoc #	10970	 24.23524308204651
2023-08-14 22:20:30.423312 - Epoc #	10980	 24.811609983444214
2023-08-14 22:20:54.641260 - Epoc #	10990	 24.217947959899902
2023-08-14 22:21:18.321045 - Epoc #	11000	 23.679785013198853
2023-08-14 22:21:43.016090 - Epoc #	11010	 24.695044994354248
2023-08-14 22:22:06.633147 - Epoc #	11020	 23.61705708503723
2023-08-14 22:22:30.270853 - Epoc #	11030	 23.63770604133606
2023-08-14 22:22:54.668071 - Epoc #	11040	 24.397217988967896
2023-08-14 22:23:19.418052 - Epoc #	11050	 24.749980926513672
2023-08-14 22:23:43.019307 - Epoc #	11060	 23.60125494003296
2023-08-14 22:24:07.431449 - Epoc #	11070	 24.412142038345337
2023-08-14 22:24:31.159963 - Epoc #	11080	 23.728513956069946
2023-08-14 22:24:55.565059 - Epoc #	11090	 24.40509605407715
2023-08-14 22:25:20.396192 - Epoc #	11100	 24.831133127212524
2023-08-14 22:25:44.098773 - Epoc #	11110	 23.70258092880249
2023-08-14 22:26:08.330253 - Epoc #	11120	 24.23147988319397
2023-08-14 22:26:33.146682 - Epoc #	11130	 24.816429138183594
2023-08-14 22:26:56.857029 - Epoc #	11140	 23.710346937179565
2023-08-14 22:27:20.561479 - Epoc #	11150	 23.704450130462646
2023-08-14 22:27:45.537019 - Epoc #	11160	 24.975539922714233
2023-08-14 22:28:09.585979 - Epoc #	11170	 24.048959970474243
2023-08-14 22:28:33.382991 - Epoc #	11180	 23.797012090682983
2023-08-14 22:28:57.612183 - Epoc #	11190	 24.22919201850891
2023-08-14 22:29:22.538192 - Epoc #	11200	 24.926008939743042
2023-08-14 22:29:46.787525 - Epoc #	11210	 24.249332904815674
2023-08-14 22:30:10.615748 - Epoc #	11220	 23.82822299003601
2023-08-14 22:30:34.829974 - Epoc #	11230	 24.214226007461548
2023-08-14 22:30:58.916229 - Epoc #	11240	 24.086255073547363
2023-08-14 22:31:22.961569 - Epoc #	11250	 24.045340061187744
2023-08-14 22:31:47.196965 - Epoc #	11260	 24.235395908355713
2023-08-14 22:32:11.689012 - Epoc #	11270	 24.49204707145691
2023-08-14 22:32:35.746782 - Epoc #	11280	 24.057770013809204
2023-08-14 22:32:59.879189 - Epoc #	11290	 24.13240694999695
2023-08-14 22:33:23.771086 - Epoc #	11300	 23.891896963119507
2023-08-14 22:33:48.318062 - Epoc #	11310	 24.54697608947754
2023-08-14 22:34:11.664745 - Epoc #	11320	 23.346683025360107
2023-08-14 22:34:35.680941 - Epoc #	11330	 24.01619601249695
2023-08-14 22:35:00.168181 - Epoc #	11340	 24.487239837646484
2023-08-14 22:35:24.501470 - Epoc #	11350	 24.33328914642334
2023-08-14 22:35:48.521559 - Epoc #	11360	 24.02008891105652
2023-08-14 22:36:12.278484 - Epoc #	11370	 23.756925106048584
2023-08-14 22:36:37.151141 - Epoc #	11380	 24.87265682220459
2023-08-14 22:37:01.287148 - Epoc #	11390	 24.136007070541382
2023-08-14 22:37:25.862368 - Epoc #	11400	 24.575220108032227
2023-08-14 22:37:49.903068 - Epoc #	11410	 24.04069995880127
2023-08-14 22:38:14.673560 - Epoc #	11420	 24.7704918384552
2023-08-14 22:38:38.578976 - Epoc #	11430	 23.905416011810303
2023-08-14 22:39:02.073152 - Epoc #	11440	 23.494176149368286
2023-08-14 22:39:26.245289 - Epoc #	11450	 24.172137022018433
2023-08-14 22:39:50.784920 - Epoc #	11460	 24.539630889892578
2023-08-14 22:40:14.509483 - Epoc #	11470	 23.724563121795654
2023-08-14 22:40:38.625033 - Epoc #	11480	 24.11554980278015
2023-08-14 22:41:02.940895 - Epoc #	11490	 24.31586217880249
2023-08-14 22:41:26.722998 - Epoc #	11500	 23.782102823257446
2023-08-14 22:41:50.845224 - Epoc #	11510	 24.122225999832153
2023-08-14 22:42:14.649336 - Epoc #	11520	 23.804112195968628
2023-08-14 22:42:38.009170 - Epoc #	11530	 23.35983395576477
2023-08-14 22:43:01.602378 - Epoc #	11540	 23.593207836151123
2023-08-14 22:43:25.923901 - Epoc #	11550	 24.321523189544678
2023-08-14 22:43:51.610629 - Epoc #	11560	 25.68672800064087
2023-08-14 22:44:15.751733 - Epoc #	11570	 24.141103982925415
2023-08-14 22:44:39.786902 - Epoc #	11580	 24.035168886184692
2023-08-14 22:45:04.585373 - Epoc #	11590	 24.798470973968506
2023-08-14 22:45:28.864040 - Epoc #	11600	 24.278666973114014
2023-08-14 22:45:52.946416 - Epoc #	11610	 24.08237600326538
2023-08-14 22:46:17.293801 - Epoc #	11620	 24.34738516807556
2023-08-14 22:46:42.084488 - Epoc #	11630	 24.79068684577942
2023-08-14 22:47:06.512860 - Epoc #	11640	 24.428372144699097
2023-08-14 22:47:30.798142 - Epoc #	11650	 24.285281896591187
2023-08-14 22:47:54.542021 - Epoc #	11660	 23.743879079818726
2023-08-14 22:48:18.914825 - Epoc #	11670	 24.372803926467896
2023-08-14 22:48:43.041034 - Epoc #	11680	 24.126209020614624
2023-08-14 22:49:06.676532 - Epoc #	11690	 23.635498046875
2023-08-14 22:49:31.245604 - Epoc #	11700	 24.569072008132935
2023-08-14 22:49:54.934684 - Epoc #	11710	 23.689079999923706
2023-08-14 22:50:19.801178 - Epoc #	11720	 24.850884914398193
2023-08-14 22:50:44.084419 - Epoc #	11730	 24.283241033554077
2023-08-14 22:51:08.300047 - Epoc #	11740	 24.215627908706665
2023-08-14 22:51:32.668779 - Epoc #	11750	 24.36873197555542
2023-08-14 22:51:57.123553 - Epoc #	11760	 24.454774141311646
2023-08-14 22:52:20.735154 - Epoc #	11770	 23.611600875854492
2023-08-14 22:52:44.492792 - Epoc #	11780	 23.757637977600098
2023-08-14 22:53:08.045407 - Epoc #	11790	 23.55261516571045
2023-08-14 22:53:31.832948 - Epoc #	11800	 23.787540912628174
2023-08-14 22:53:56.157959 - Epoc #	11810	 24.325011014938354
2023-08-14 22:54:20.449562 - Epoc #	11820	 24.291603088378906
2023-08-14 22:54:44.782044 - Epoc #	11830	 24.332481861114502
2023-08-14 22:55:10.026465 - Epoc #	11840	 25.244421005249023
2023-08-14 22:55:34.623267 - Epoc #	11850	 24.59680199623108
2023-08-14 22:55:57.779279 - Epoc #	11860	 23.156012058258057
2023-08-14 22:56:22.303515 - Epoc #	11870	 24.52423596382141
2023-08-14 22:56:46.587568 - Epoc #	11880	 24.284053087234497
2023-08-14 22:57:10.898060 - Epoc #	11890	 24.310492038726807
2023-08-14 22:57:35.018597 - Epoc #	11900	 24.12053680419922
2023-08-14 22:57:59.123039 - Epoc #	11910	 24.10444211959839
2023-08-14 22:58:23.049902 - Epoc #	11920	 23.926862955093384
2023-08-14 22:58:48.269296 - Epoc #	11930	 25.219393968582153
2023-08-14 22:59:12.623127 - Epoc #	11940	 24.35383105278015
2023-08-14 22:59:37.233697 - Epoc #	11950	 24.610569953918457
2023-08-14 22:59:58.579272 - Time between reward step: #	27710.999917030334
2023-08-14 22:59:58.579272 - Average Score: 85.00 Elapsed time: 7:41:52.714460
2023-08-14 23:00:01.040244 - Epoc #	11960	 23.806547164916992
2023-08-14 23:00:18.313137 - Time between reward step: #	27730.733782052994
2023-08-14 23:00:18.313137 - Average Score: 86.00 Elapsed time: 7:42:12.442837
2023-08-14 23:00:25.854403 - Time between reward step: #	27738.275048017502
2023-08-14 23:00:25.854403 - Average Score: 87.00 Elapsed time: 7:42:19.987280
2023-08-14 23:00:25.854403 - Epoc #	11970	 24.81415891647339
2023-08-14 23:00:50.567493 - Epoc #	11980	 24.71308994293213
2023-08-14 23:01:15.835007 - Epoc #	11990	 25.26751399040222
2023-08-14 23:01:40.375964 - Epoc #	12000	 24.54095697402954
2023-08-14 23:01:55.191167 - Time between reward step: #	27827.611812114716
2023-08-14 23:01:55.191167 - Average Score: 88.00 Elapsed time: 7:43:49.325103
2023-08-14 23:02:04.902194 - Epoc #	12010	 24.526230096817017
2023-08-14 23:02:29.074735 - Epoc #	12020	 24.17254090309143
2023-08-14 23:02:53.553149 - Epoc #	12030	 24.478414058685303
2023-08-14 23:03:17.572470 - Epoc #	12040	 24.019320964813232
2023-08-14 23:03:41.358994 - Epoc #	12050	 23.786524057388306
2023-08-14 23:04:05.852218 - Epoc #	12060	 24.493223905563354
2023-08-14 23:04:30.846403 - Epoc #	12070	 24.994184970855713
2023-08-14 23:04:55.148927 - Epoc #	12080	 24.302524089813232
2023-08-14 23:05:19.602298 - Epoc #	12090	 24.453371047973633
2023-08-14 23:05:43.834231 - Epoc #	12100	 24.231932878494263
2023-08-14 23:06:07.328475 - Epoc #	12110	 23.49424409866333
2023-08-14 23:06:32.052094 - Epoc #	12120	 24.723618984222412
2023-08-14 23:06:56.344879 - Epoc #	12130	 24.292784929275513
2023-08-14 23:07:21.359545 - Epoc #	12140	 25.014666080474854
2023-08-14 23:07:45.782529 - Epoc #	12150	 24.42298412322998
2023-08-14 23:08:09.785158 - Epoc #	12160	 24.002628803253174
2023-08-14 23:08:34.386196 - Epoc #	12170	 24.601037979125977
2023-08-14 23:08:58.778802 - Epoc #	12180	 24.392606019973755
2023-08-14 23:09:24.657588 - Epoc #	12190	 25.878786087036133
2023-08-14 23:09:49.357324 - Epoc #	12200	 24.69973587989807
2023-08-14 23:10:13.189088 - Epoc #	12210	 23.831764221191406
2023-08-14 23:10:37.223435 - Epoc #	12220	 24.03434681892395
2023-08-14 23:11:01.686796 - Epoc #	12230	 24.463361024856567
2023-08-14 23:11:25.604434 - Epoc #	12240	 23.917638063430786
2023-08-14 23:11:49.525433 - Epoc #	12250	 23.92099905014038
2023-08-14 23:12:13.464218 - Epoc #	12260	 23.93878483772278
2023-08-14 23:12:37.614566 - Epoc #	12270	 24.15034818649292
2023-08-14 23:13:02.543703 - Epoc #	12280	 24.929136991500854
2023-08-14 23:13:26.875905 - Epoc #	12290	 24.332201957702637
2023-08-14 23:13:52.032134 - Epoc #	12300	 25.15622901916504
2023-08-14 23:14:16.785217 - Epoc #	12310	 24.753082990646362
2023-08-14 23:14:41.658180 - Epoc #	12320	 24.872962951660156
2023-08-14 23:15:05.944060 - Epoc #	12330	 24.285880088806152
2023-08-14 23:15:30.083121 - Epoc #	12340	 24.139060974121094
2023-08-14 23:15:55.156698 - Epoc #	12350	 25.07357692718506
2023-08-14 23:16:19.251018 - Epoc #	12360	 24.094320058822632
2023-08-14 23:16:43.798592 - Epoc #	12370	 24.547574043273926
2023-08-14 23:17:08.846726 - Epoc #	12380	 25.048133850097656
2023-08-14 23:17:33.165659 - Epoc #	12390	 24.31893301010132
2023-08-14 23:17:56.768707 - Epoc #	12400	 23.603048086166382
2023-08-14 23:18:21.688500 - Epoc #	12410	 24.919792890548706
2023-08-14 23:18:46.404412 - Epoc #	12420	 24.715912103652954
2023-08-14 23:19:11.023363 - Epoc #	12430	 24.618951082229614
2023-08-14 23:19:36.033347 - Epoc #	12440	 25.009983777999878
2023-08-14 23:20:00.849122 - Epoc #	12450	 24.815775156021118
2023-08-14 23:20:25.386405 - Epoc #	12460	 24.537282943725586
2023-08-14 23:20:49.350272 - Epoc #	12470	 23.96386694908142
2023-08-14 23:21:13.104671 - Epoc #	12480	 23.754399061203003
2023-08-14 23:21:37.959144 - Epoc #	12490	 24.854473114013672
2023-08-14 23:22:02.153707 - Epoc #	12500	 24.194562911987305
2023-08-14 23:22:26.196577 - Epoc #	12510	 24.042870044708252
2023-08-14 23:22:50.798253 - Epoc #	12520	 24.601675987243652
2023-08-14 23:23:15.245991 - Epoc #	12530	 24.4477379322052
2023-08-14 23:23:39.073033 - Epoc #	12540	 23.82704210281372
2023-08-14 23:24:02.966396 - Epoc #	12550	 23.893362998962402
2023-08-14 23:24:27.507885 - Epoc #	12560	 24.541488885879517
2023-08-14 23:24:52.015322 - Epoc #	12570	 24.507436990737915
2023-08-14 23:25:16.082971 - Epoc #	12580	 24.067649126052856
2023-08-14 23:25:40.553417 - Epoc #	12590	 24.47044587135315
2023-08-14 23:26:04.796729 - Epoc #	12600	 24.243312120437622
2023-08-14 23:26:28.345689 - Epoc #	12610	 23.548959970474243
2023-08-14 23:26:52.704015 - Epoc #	12620	 24.358325958251953
2023-08-14 23:27:16.942696 - Epoc #	12630	 24.238681077957153
2023-08-14 23:27:40.854447 - Epoc #	12640	 23.91175079345703
2023-08-14 23:28:05.310529 - Epoc #	12650	 24.456082105636597
2023-08-14 23:28:28.928124 - Epoc #	12660	 23.617594957351685
2023-08-14 23:28:53.082960 - Epoc #	12670	 24.15483593940735
2023-08-14 23:29:17.193674 - Epoc #	12680	 24.110714197158813
2023-08-14 23:29:40.615088 - Epoc #	12690	 23.421413898468018
2023-08-14 23:30:04.006585 - Epoc #	12700	 23.391496896743774
2023-08-14 23:30:27.961663 - Epoc #	12710	 23.955078125
2023-08-14 23:30:50.796711 - Epoc #	12720	 22.835047960281372
2023-08-14 23:31:14.446679 - Epoc #	12730	 23.649968147277832
2023-08-14 23:31:38.586411 - Epoc #	12740	 24.139731884002686
2023-08-14 23:32:02.218987 - Epoc #	12750	 23.63257598876953
2023-08-14 23:32:26.292395 - Epoc #	12760	 24.073408126831055
2023-08-14 23:32:49.709108 - Epoc #	12770	 23.416712999343872
2023-08-14 23:33:13.610494 - Epoc #	12780	 23.90138578414917
2023-08-14 23:33:36.993947 - Epoc #	12790	 23.383453130722046
2023-08-14 23:34:00.532742 - Epoc #	12800	 23.538794994354248
2023-08-14 23:34:24.278906 - Epoc #	12810	 23.746164083480835
2023-08-14 23:34:47.762979 - Epoc #	12820	 23.48407292366028
2023-08-14 23:35:11.262209 - Epoc #	12830	 23.499229907989502
2023-08-14 23:35:35.541074 - Epoc #	12840	 24.278865098953247
2023-08-14 23:35:59.537650 - Epoc #	12850	 23.996576070785522
2023-08-14 23:36:23.439699 - Epoc #	12860	 23.90204882621765
2023-08-14 23:36:46.701330 - Epoc #	12870	 23.26163101196289
2023-08-14 23:37:11.139281 - Epoc #	12880	 24.43795108795166
2023-08-14 23:37:34.826583 - Epoc #	12890	 23.687301874160767
2023-08-14 23:37:57.485793 - Epoc #	12900	 22.659210205078125
2023-08-14 23:38:21.114767 - Epoc #	12910	 23.628973960876465
2023-08-14 23:38:44.738767 - Epoc #	12920	 23.62399983406067
2023-08-14 23:39:08.049149 - Epoc #	12930	 23.31038212776184
2023-08-14 23:39:30.930099 - Epoc #	12940	 22.88094997406006
2023-08-14 23:39:54.738702 - Epoc #	12950	 23.808603048324585
2023-08-14 23:40:18.422038 - Epoc #	12960	 23.68333601951599
2023-08-14 23:40:41.926530 - Epoc #	12970	 23.504491806030273
2023-08-14 23:41:05.542955 - Epoc #	12980	 23.616425037384033
2023-08-14 23:41:29.649253 - Epoc #	12990	 24.106297969818115
2023-08-14 23:41:52.850965 - Epoc #	13000	 23.201712131500244
2023-08-14 23:42:16.780353 - Epoc #	13010	 23.92938804626465
2023-08-14 23:42:40.433104 - Epoc #	13020	 23.652750968933105
2023-08-14 23:43:03.914715 - Epoc #	13030	 23.481611013412476
2023-08-14 23:43:27.666037 - Epoc #	13040	 23.751322031021118
2023-08-14 23:43:52.221935 - Epoc #	13050	 24.5558979511261
2023-08-14 23:44:15.905265 - Epoc #	13060	 23.683330059051514
2023-08-14 23:44:39.583441 - Epoc #	13070	 23.678175926208496
2023-08-14 23:44:44.330623 - Time between reward step: #	30396.751267910004
2023-08-14 23:44:44.330623 - Average Score: 89.00 Elapsed time: 8:26:38.427035
2023-08-14 23:45:02.976581 - Epoc #	13080	 23.393140077590942
2023-08-14 23:45:26.487649 - Epoc #	13090	 23.511067867279053
2023-08-14 23:45:50.091367 - Epoc #	13100	 23.603718042373657
2023-08-14 23:46:13.845258 - Epoc #	13110	 23.753890991210938
2023-08-14 23:46:37.457237 - Epoc #	13120	 23.611979007720947
2023-08-14 23:47:01.589154 - Epoc #	13130	 24.131916999816895
2023-08-14 23:47:25.633768 - Epoc #	13140	 24.04461407661438
2023-08-14 23:47:49.002814 - Epoc #	13150	 23.369045972824097
2023-08-14 23:48:12.736641 - Epoc #	13160	 23.733826875686646
2023-08-14 23:48:36.490961 - Epoc #	13170	 23.75432014465332
2023-08-14 23:49:00.739113 - Epoc #	13180	 24.248152017593384
2023-08-14 23:49:24.829897 - Epoc #	13190	 24.090783834457397
2023-08-14 23:49:48.016239 - Epoc #	13200	 23.186342000961304
2023-08-14 23:50:11.831812 - Epoc #	13210	 23.81557297706604
2023-08-14 23:50:36.094264 - Epoc #	13220	 24.262452125549316
2023-08-14 23:50:59.517170 - Epoc #	13230	 23.422905921936035
2023-08-14 23:51:22.892432 - Epoc #	13240	 23.375262022018433
2023-08-14 23:51:46.301656 - Epoc #	13250	 23.409224033355713
2023-08-14 23:52:10.459077 - Epoc #	13260	 24.157420873641968
2023-08-14 23:52:34.742844 - Epoc #	13270	 24.283767223358154
2023-08-14 23:52:59.237630 - Epoc #	13280	 24.49478578567505
2023-08-14 23:53:22.357623 - Epoc #	13290	 23.119993209838867
2023-08-14 23:53:46.090799 - Epoc #	13300	 23.7331759929657
2023-08-14 23:54:02.867301 - Time between reward step: #	30955.287945985794
2023-08-14 23:54:02.867301 - Average Score: 90.00 Elapsed time: 8:35:56.947966
2023-08-14 23:54:09.846920 - Epoc #	13310	 23.756120920181274
2023-08-14 23:54:34.276133 - Epoc #	13320	 24.429213047027588
2023-08-14 23:54:38.941282 - Time between reward step: #	30991.36192703247
2023-08-14 23:54:38.941282 - Average Score: 91.00 Elapsed time: 8:36:33.033416
2023-08-14 23:54:57.993201 - Time between reward step: #	31010.41384601593
2023-08-14 23:54:57.993201 - Average Score: 92.00 Elapsed time: 8:36:52.074832
