2023-07-19 18:01:19.614448 - Starting learning loop ...
==================================================================
2023-07-19 18:01:19.614448 - Using Framebuffer of: 4 frames	 and 	ReplayBufferSize: 25000
2023-07-19 18:01:19.614448 - Loglevel is set to: a
2023-07-19 18:01:19.614448 - Epoc #	0	 
2023-07-19 18:01:29.982534 - Epoc #	10	 10.368085861206055
2023-07-19 18:01:39.239396 - Epoc #	20	 9.256862163543701
2023-07-19 18:01:54.474991 - Epoc #	30	 15.235594987869263
2023-07-19 18:02:07.398071 - Epoc #	40	 12.92307996749878
2023-07-19 18:02:22.289369 - Epoc #	50	 14.891298055648804
2023-07-19 18:02:34.128038 - Epoc #	60	 11.838668823242188
2023-07-19 18:02:44.282824 - Epoc #	70	 10.154786109924316
2023-07-19 18:02:51.896034 - Epoc #	80	 7.613209962844849
2023-07-19 18:02:59.995103 - Epoc #	90	 8.099068880081177
2023-07-19 18:03:07.926920 - Epoc #	100	 7.931817054748535
2023-07-19 18:03:14.554429 - Epoc #	110	 6.627509117126465
2023-07-19 18:03:21.637611 - Epoc #	120	 7.083181858062744
2023-07-19 18:03:28.573185 - Epoc #	130	 6.935574054718018
2023-07-19 18:03:35.524353 - Epoc #	140	 6.951168060302734
2023-07-19 18:03:48.785698 - Epoc #	150	 13.261344909667969
2023-07-19 18:04:00.818391 - Epoc #	160	 12.032693147659302
2023-07-19 18:04:16.819673 - Epoc #	170	 16.00128197669983
2023-07-19 18:04:25.759350 - Epoc #	180	 8.939677000045776
2023-07-19 18:04:38.652163 - Epoc #	190	 12.892812967300415
2023-07-19 18:04:50.683907 - Epoc #	200	 12.031744003295898
2023-07-19 18:05:07.174153 - Epoc #	210	 16.490246057510376
2023-07-19 18:05:22.751144 - Epoc #	220	 15.576990842819214
2023-07-19 18:05:35.989472 - Epoc #	230	 13.238327980041504
2023-07-19 18:05:48.822706 - Epoc #	240	 12.833234071731567
2023-07-19 18:05:59.048937 - Epoc #	250	 10.226231098175049
2023-07-19 18:06:14.432522 - Epoc #	260	 15.383584976196289
2023-07-19 18:06:28.214357 - Epoc #	270	 13.781834840774536
2023-07-19 18:06:43.519735 - Epoc #	280	 15.305378198623657
2023-07-19 18:06:57.264169 - Epoc #	290	 13.744433879852295
2023-07-19 18:07:12.756969 - Epoc #	300	 15.492799997329712
2023-07-19 18:07:28.391663 - Epoc #	310	 15.63469409942627
2023-07-19 18:07:39.253268 - Epoc #	320	 10.861604928970337
2023-07-19 18:07:49.515221 - Epoc #	330	 10.261953115463257
2023-07-19 18:08:00.655935 - Epoc #	340	 11.140713930130005
2023-07-19 18:08:12.939961 - Epoc #	350	 12.28402590751648
2023-07-19 18:08:29.402457 - Epoc #	360	 16.462496042251587
2023-07-19 18:08:45.663133 - Epoc #	370	 16.26067590713501
2023-07-19 18:08:57.796640 - Epoc #	380	 12.133507013320923
2023-07-19 18:09:12.473579 - Epoc #	390	 14.676939010620117
2023-07-19 18:09:25.910293 - Epoc #	400	 13.436714172363281
2023-07-19 18:09:44.691172 - Epoc #	410	 18.78087878227234
2023-07-19 18:09:57.672413 - Epoc #	420	 12.981241226196289
2023-07-19 18:10:10.400539 - Epoc #	430	 12.728125810623169
2023-07-19 18:10:23.681907 - Epoc #	440	 13.281368017196655
2023-07-19 18:10:28.772915 - Time between reward step: #	549.1584668159485
2023-07-19 18:10:28.772915 - Average Score: 7.000 Elapsed time: 0:09:10.264107
2023-07-19 18:10:35.529881 - Epoc #	450	 11.847974061965942
2023-07-19 18:10:50.688464 - Epoc #	460	 15.158582925796509
2023-07-19 18:11:02.775903 - Epoc #	470	 12.087439060211182
2023-07-19 18:11:15.010955 - Epoc #	480	 12.235052108764648
2023-07-19 18:11:30.127695 - Epoc #	490	 15.116739988327026
2023-07-19 18:11:48.718509 - Epoc #	500	 18.590813875198364
2023-07-19 18:12:03.582467 - Epoc #	510	 14.86395812034607
2023-07-19 18:12:15.650743 - Time between reward step: #	656.0362949371338
2023-07-19 18:12:15.650743 - Average Score: 8.000 Elapsed time: 0:10:57.148388
2023-07-19 18:12:27.420456 - Epoc #	520	 23.83798885345459
2023-07-19 18:12:32.023754 - Time between reward step: #	672.4093058109283
2023-07-19 18:12:32.023754 - Average Score: 9.000 Elapsed time: 0:11:13.516776
2023-07-19 18:12:38.214978 - Time between reward step: #	678.6005299091339
2023-07-19 18:12:38.214978 - Average Score: 10.000 Elapsed time: 0:11:19.707804
2023-07-19 18:12:40.934057 - Epoc #	530	 13.513601064682007
2023-07-19 18:12:55.027381 - Epoc #	540	 14.093323945999146
2023-07-19 18:13:10.264251 - Epoc #	550	 15.236870050430298
2023-07-19 18:13:25.498356 - Epoc #	560	 15.234105110168457
2023-07-19 18:13:39.100987 - Epoc #	570	 13.602630853652954
2023-07-19 18:13:53.096223 - Epoc #	580	 13.995236158370972
2023-07-19 18:14:09.792572 - Epoc #	590	 16.696348905563354
2023-07-19 18:14:27.600986 - Epoc #	600	 17.808413982391357
2023-07-19 18:14:42.537023 - Epoc #	610	 14.936037063598633
2023-07-19 18:14:56.730215 - Epoc #	620	 14.19319200515747
2023-07-19 18:15:12.211161 - Epoc #	630	 15.480945825576782
2023-07-19 18:15:26.750383 - Epoc #	640	 14.539222002029419
2023-07-19 18:15:40.505328 - Epoc #	650	 13.754945039749146
2023-07-19 18:15:54.017093 - Epoc #	660	 13.511765003204346
2023-07-19 18:16:06.090110 - Epoc #	670	 12.073017120361328
2023-07-19 18:16:19.213647 - Epoc #	680	 13.123536825180054
2023-07-19 18:16:33.669634 - Epoc #	690	 14.455987215042114
2023-07-19 18:16:48.388703 - Epoc #	700	 14.719069004058838
2023-07-19 18:17:01.131911 - Epoc #	710	 12.743207931518555
2023-07-19 18:17:18.227987 - Epoc #	720	 17.096076011657715
2023-07-19 18:17:36.404744 - Epoc #	730	 18.176756858825684
2023-07-19 18:17:49.759093 - Epoc #	740	 13.354349136352539
2023-07-19 18:18:06.665993 - Epoc #	750	 16.90689992904663
2023-07-19 18:18:22.221564 - Epoc #	760	 15.55557107925415
2023-07-19 18:18:38.533115 - Epoc #	770	 16.311550855636597
2023-07-19 18:18:51.276964 - Epoc #	780	 12.743849039077759
2023-07-19 18:19:07.259841 - Epoc #	790	 15.982877016067505
2023-07-19 18:19:22.707794 - Epoc #	800	 15.44795298576355
2023-07-19 18:19:34.461038 - Epoc #	810	 11.753244161605835
2023-07-19 18:19:50.095966 - Epoc #	820	 15.634927988052368
2023-07-19 18:20:07.994493 - Epoc #	830	 17.898526906967163
2023-07-19 18:20:23.458983 - Epoc #	840	 15.464489936828613
2023-07-19 18:20:33.405009 - Epoc #	850	 9.946026086807251
2023-07-19 18:20:47.648110 - Epoc #	860	 14.243100881576538
2023-07-19 18:21:04.521327 - Epoc #	870	 16.87321710586548
2023-07-19 18:21:19.881468 - Epoc #	880	 15.360141038894653
2023-07-19 18:21:34.082226 - Epoc #	890	 14.20075798034668
2023-07-19 18:21:43.490280 - Epoc #	900	 9.408053874969482
2023-07-19 18:22:01.032757 - Epoc #	910	 17.542477130889893
2023-07-19 18:22:13.504579 - Epoc #	920	 12.471822023391724
2023-07-19 18:22:27.764203 - Epoc #	930	 14.259624004364014
2023-07-19 18:22:41.677156 - Epoc #	940	 13.912952899932861
2023-07-19 18:22:51.825519 - Epoc #	950	 10.14836311340332
2023-07-19 18:23:07.943803 - Epoc #	960	 16.118283987045288
2023-07-19 18:23:22.148391 - Epoc #	970	 14.204587936401367
2023-07-19 18:23:38.062164 - Epoc #	980	 15.91377305984497
2023-07-19 18:23:50.830833 - Epoc #	990	 12.76866888999939
2023-07-19 18:24:03.045591 - Epoc #	1000	 12.214758157730103
2023-07-19 18:24:14.719952 - Epoc #	1010	 11.674360990524292
2023-07-19 18:24:31.679758 - Epoc #	1020	 16.959805965423584
2023-07-19 18:24:46.303035 - Epoc #	1030	 14.623276948928833
2023-07-19 18:25:05.458442 - Epoc #	1040	 19.155406951904297
2023-07-19 18:25:21.958107 - Epoc #	1050	 16.499665021896362
2023-07-19 18:25:35.030393 - Epoc #	1060	 13.072285890579224
2023-07-19 18:25:50.567921 - Epoc #	1070	 15.537528038024902
2023-07-19 18:26:10.789978 - Epoc #	1080	 20.222057104110718
2023-07-19 18:26:25.673005 - Epoc #	1090	 14.883027076721191
2023-07-19 18:26:40.166235 - Epoc #	1100	 14.493229866027832
2023-07-19 18:26:57.444807 - Epoc #	1110	 17.27857208251953
2023-07-19 18:27:10.010818 - Epoc #	1120	 12.56601095199585
2023-07-19 18:27:22.332318 - Epoc #	1130	 12.321500062942505
2023-07-19 18:27:36.700179 - Epoc #	1140	 14.367861032485962
2023-07-19 18:27:49.266526 - Epoc #	1150	 12.566346883773804
2023-07-19 18:28:00.079673 - Epoc #	1160	 10.813147068023682
2023-07-19 18:28:15.825470 - Epoc #	1170	 15.745796918869019
2023-07-19 18:28:33.140932 - Epoc #	1180	 17.315462112426758
2023-07-19 18:28:46.462113 - Epoc #	1190	 13.321180820465088
2023-07-19 18:29:00.172629 - Epoc #	1200	 13.710516214370728
2023-07-19 18:29:15.148366 - Epoc #	1210	 14.975736856460571
2023-07-19 18:29:27.883480 - Epoc #	1220	 12.735114097595215
2023-07-19 18:29:44.813896 - Epoc #	1230	 16.930415868759155
2023-07-19 18:29:56.943187 - Epoc #	1240	 12.12929105758667
2023-07-19 18:30:18.588278 - Epoc #	1250	 21.64509105682373
2023-07-19 18:30:38.824478 - Epoc #	1260	 20.236199855804443
2023-07-19 18:30:54.689380 - Epoc #	1270	 15.864902019500732
2023-07-19 18:31:08.886720 - Epoc #	1280	 14.19734001159668
2023-07-19 18:31:22.826430 - Epoc #	1290	 13.939710140228271
2023-07-19 18:31:40.700219 - Epoc #	1300	 17.873788833618164
2023-07-19 18:31:54.658436 - Epoc #	1310	 13.958217144012451
2023-07-19 18:32:15.288006 - Epoc #	1320	 20.62957000732422
2023-07-19 18:32:29.168629 - Epoc #	1330	 13.880622863769531
2023-07-19 18:32:43.129955 - Epoc #	1340	 13.961326122283936
2023-07-19 18:33:01.035239 - Epoc #	1350	 17.90528392791748
2023-07-19 18:33:17.187280 - Epoc #	1360	 16.15204095840454
2023-07-19 18:33:34.872523 - Epoc #	1370	 17.685243129730225
2023-07-19 18:33:47.492361 - Epoc #	1380	 12.619837999343872
2023-07-19 18:33:57.674907 - Epoc #	1390	 10.182545900344849
2023-07-19 18:34:11.367038 - Epoc #	1400	 13.692131042480469
2023-07-19 18:34:30.280435 - Epoc #	1410	 18.913397073745728
2023-07-19 18:34:48.845770 - Epoc #	1420	 18.565334796905518
2023-07-19 18:35:07.693667 - Epoc #	1430	 18.847897052764893
2023-07-19 18:35:26.421549 - Epoc #	1440	 18.727882146835327
2023-07-19 18:35:40.526999 - Epoc #	1450	 14.105449914932251
2023-07-19 18:36:00.481865 - Epoc #	1460	 19.9548659324646
2023-07-19 18:36:10.029782 - Epoc #	1470	 9.547917127609253
2023-07-19 18:36:26.726434 - Epoc #	1480	 16.696651935577393
2023-07-19 18:36:41.155840 - Epoc #	1490	 14.429405927658081
2023-07-19 18:36:56.959086 - Epoc #	1500	 15.803246021270752
2023-07-19 18:37:10.773495 - Epoc #	1510	 13.81334400177002
2023-07-19 18:37:31.836050 - Epoc #	1520	 21.062555074691772
2023-07-19 18:37:46.114084 - Epoc #	1530	 14.278033971786499
2023-07-19 18:37:58.743050 - Epoc #	1540	 12.628966093063354
2023-07-19 18:38:11.624016 - Epoc #	1550	 12.880965948104858
2023-07-19 18:38:27.432977 - Epoc #	1560	 15.808960914611816
2023-07-19 18:38:38.919052 - Epoc #	1570	 11.486074924468994
2023-07-19 18:38:54.051352 - Epoc #	1580	 15.13230013847351
2023-07-19 18:39:13.542441 - Epoc #	1590	 19.4910888671875
2023-07-19 18:39:27.544880 - Epoc #	1600	 14.002439022064209
2023-07-19 18:39:41.275557 - Epoc #	1610	 13.730677127838135
2023-07-19 18:39:55.438227 - Epoc #	1620	 14.162669897079468
2023-07-19 18:40:12.998275 - Epoc #	1630	 17.56004810333252
2023-07-19 18:40:28.036892 - Epoc #	1640	 15.03861689567566
2023-07-19 18:40:40.687851 - Epoc #	1650	 12.650959014892578
2023-07-19 18:40:55.681343 - Epoc #	1660	 14.993492126464844
2023-07-19 18:41:09.518736 - Epoc #	1670	 13.837392807006836
2023-07-19 18:41:29.064598 - Epoc #	1680	 19.545862197875977
2023-07-19 18:41:41.462244 - Epoc #	1690	 12.397645950317383
2023-07-19 18:41:55.973215 - Epoc #	1700	 14.510971069335938
2023-07-19 18:42:11.433815 - Epoc #	1710	 15.460599899291992
2023-07-19 18:42:27.452078 - Epoc #	1720	 16.01826310157776
2023-07-19 18:42:37.469303 - Epoc #	1730	 10.017224788665771
2023-07-19 18:42:52.399342 - Epoc #	1740	 14.930039167404175
2023-07-19 18:43:03.680877 - Epoc #	1750	 11.281534910202026
2023-07-19 18:43:19.962424 - Epoc #	1760	 16.28154706954956
2023-07-19 18:43:32.605331 - Epoc #	1770	 12.642906904220581
2023-07-19 18:43:46.549081 - Epoc #	1780	 13.943750143051147
2023-07-19 18:44:00.290531 - Epoc #	1790	 13.74144983291626
2023-07-19 18:44:14.843417 - Epoc #	1800	 14.552886009216309
2023-07-19 18:44:27.208164 - Epoc #	1810	 12.364747047424316
2023-07-19 18:44:43.626301 - Epoc #	1820	 16.418137073516846
2023-07-19 18:44:57.804130 - Epoc #	1830	 14.177829027175903
2023-07-19 18:45:18.059488 - Epoc #	1840	 20.25535798072815
2023-07-19 18:45:29.858856 - Epoc #	1850	 11.799367904663086
2023-07-19 18:45:43.490745 - Epoc #	1860	 13.63188910484314
2023-07-19 18:45:54.448506 - Epoc #	1870	 10.95776104927063
2023-07-19 18:46:16.624007 - Epoc #	1880	 22.175500869750977
2023-07-19 18:46:32.551819 - Epoc #	1890	 15.927812099456787
2023-07-19 18:46:48.544502 - Epoc #	1900	 15.992682933807373
2023-07-19 18:47:04.427066 - Epoc #	1910	 15.882564067840576
2023-07-19 18:47:24.096783 - Epoc #	1920	 19.669716835021973
2023-07-19 18:47:42.327502 - Epoc #	1930	 18.230719089508057
2023-07-19 18:47:54.114749 - Epoc #	1940	 11.787246942520142
2023-07-19 18:48:12.019156 - Epoc #	1950	 17.904407024383545
2023-07-19 18:48:25.370724 - Epoc #	1960	 13.35156798362732
2023-07-19 18:48:38.961986 - Epoc #	1970	 13.591262102127075
2023-07-19 18:48:49.022943 - Epoc #	1980	 10.060956954956055
2023-07-19 18:49:03.470411 - Epoc #	1990	 14.447468042373657
2023-07-19 18:49:20.139205 - Epoc #	2000	 16.66879391670227
2023-07-19 18:49:35.029287 - Epoc #	2010	 14.890082120895386
2023-07-19 18:49:55.683297 - Epoc #	2020	 20.65400981903076
2023-07-19 18:50:05.826795 - Epoc #	2030	 10.143498182296753
2023-07-19 18:50:16.987090 - Epoc #	2040	 11.160295009613037
2023-07-19 18:50:33.167659 - Epoc #	2050	 16.18056893348694
2023-07-19 18:50:42.983358 - Epoc #	2060	 9.815698862075806
2023-07-19 18:50:59.465037 - Epoc #	2070	 16.4816792011261
2023-07-19 18:51:12.726522 - Epoc #	2080	 13.261484861373901
2023-07-19 18:51:28.611191 - Epoc #	2090	 15.884669065475464
2023-07-19 18:51:43.486149 - Epoc #	2100	 14.874958038330078
2023-07-19 18:51:55.628629 - Epoc #	2110	 12.14247989654541
2023-07-19 18:52:08.395187 - Epoc #	2120	 12.766557931900024
2023-07-19 18:52:22.998131 - Epoc #	2130	 14.602944135665894
2023-07-19 18:52:45.157121 - Epoc #	2140	 22.158989906311035
2023-07-19 18:53:04.440248 - Epoc #	2150	 19.283127069473267
2023-07-19 18:53:15.955005 - Epoc #	2160	 11.514756917953491
2023-07-19 18:53:33.612380 - Epoc #	2170	 17.65737509727478
2023-07-19 18:53:49.605686 - Epoc #	2180	 15.993305921554565
2023-07-19 18:54:09.076399 - Epoc #	2190	 19.470713138580322
2023-07-19 18:54:25.715214 - Epoc #	2200	 16.63881492614746
2023-07-19 18:54:38.796742 - Epoc #	2210	 13.081527948379517
2023-07-19 18:54:54.119623 - Epoc #	2220	 15.322880983352661
2023-07-19 18:55:10.061931 - Epoc #	2230	 15.942307949066162
2023-07-19 18:55:22.787917 - Epoc #	2240	 12.725986003875732
2023-07-19 18:55:33.597326 - Epoc #	2250	 10.809409141540527
2023-07-19 18:55:48.401698 - Epoc #	2260	 14.804372072219849
2023-07-19 18:55:58.483897 - Epoc #	2270	 10.082198858261108
2023-07-19 18:56:06.546951 - Epoc #	2280	 8.063054084777832
2023-07-19 18:56:13.583098 - Epoc #	2290	 7.036146879196167
2023-07-19 18:56:27.178284 - Epoc #	2300	 13.595185995101929
2023-07-19 18:56:41.976227 - Epoc #	2310	 14.797943115234375
2023-07-19 18:57:00.733558 - Epoc #	2320	 18.757330894470215
2023-07-19 18:57:12.615067 - Epoc #	2330	 11.881509065628052
2023-07-19 18:57:33.629901 - Epoc #	2340	 21.01483392715454
2023-07-19 18:57:48.196447 - Epoc #	2350	 14.566545963287354
2023-07-19 18:58:04.908743 - Epoc #	2360	 16.71229600906372
2023-07-19 18:58:18.068557 - Epoc #	2370	 13.15981411933899
2023-07-19 18:58:34.337964 - Epoc #	2380	 16.269407033920288
2023-07-19 18:58:48.485928 - Epoc #	2390	 14.147964000701904
2023-07-19 18:59:06.290556 - Epoc #	2400	 17.804627895355225
2023-07-19 18:59:17.736235 - Epoc #	2410	 11.445678949356079
2023-07-19 18:59:32.563431 - Epoc #	2420	 14.82719612121582
2023-07-19 18:59:45.817376 - Epoc #	2430	 13.253944873809814
2023-07-19 18:59:57.941143 - Epoc #	2440	 12.123767137527466
2023-07-19 19:00:09.369808 - Epoc #	2450	 11.428664922714233
2023-07-19 19:00:24.761355 - Epoc #	2460	 15.391546964645386
2023-07-19 19:00:38.921266 - Epoc #	2470	 14.159911155700684
2023-07-19 19:00:58.023334 - Epoc #	2480	 19.102067947387695
2023-07-19 19:01:11.354317 - Epoc #	2490	 13.33098292350769
2023-07-19 19:01:21.494704 - Epoc #	2500	 10.140387058258057
2023-07-19 19:01:39.997654 - Epoc #	2510	 18.502949953079224
2023-07-19 19:01:54.210802 - Epoc #	2520	 14.21314811706543
2023-07-19 19:02:08.659295 - Epoc #	2530	 14.448493003845215
2023-07-19 19:02:25.224951 - Epoc #	2540	 16.565655946731567
2023-07-19 19:02:41.556689 - Epoc #	2550	 16.331737995147705
2023-07-19 19:02:55.012270 - Epoc #	2560	 13.455580949783325
2023-07-19 19:03:14.343766 - Epoc #	2570	 19.331496000289917
2023-07-19 19:03:28.816569 - Epoc #	2580	 14.472803115844727
2023-07-19 19:03:43.084557 - Epoc #	2590	 14.267987966537476
2023-07-19 19:03:55.815488 - Epoc #	2600	 12.730931043624878
2023-07-19 19:04:10.841434 - Epoc #	2610	 15.025945901870728
2023-07-19 19:04:26.812609 - Epoc #	2620	 15.971174955368042
2023-07-19 19:04:39.339651 - Epoc #	2630	 12.527042150497437
2023-07-19 19:04:55.968269 - Epoc #	2640	 16.628618001937866
2023-07-19 19:05:12.671311 - Epoc #	2650	 16.703041791915894
2023-07-19 19:05:31.811400 - Epoc #	2660	 19.14008903503418
2023-07-19 19:05:50.823852 - Epoc #	2670	 19.012452125549316
2023-07-19 19:06:08.294560 - Epoc #	2680	 17.470707893371582
2023-07-19 19:06:27.410749 - Epoc #	2690	 19.116189002990723
2023-07-19 19:06:39.302323 - Epoc #	2700	 11.891574144363403
2023-07-19 19:06:52.250516 - Epoc #	2710	 12.948192834854126
2023-07-19 19:07:05.931565 - Epoc #	2720	 13.681049108505249
2023-07-19 19:07:20.994419 - Epoc #	2730	 15.062854051589966
2023-07-19 19:07:40.034819 - Epoc #	2740	 19.04039978981018
2023-07-19 19:07:53.054498 - Epoc #	2750	 13.019679069519043
2023-07-19 19:08:08.070196 - Epoc #	2760	 15.015697956085205
2023-07-19 19:08:21.106585 - Epoc #	2770	 13.036389112472534
2023-07-19 19:08:34.185790 - Epoc #	2780	 13.07920503616333
2023-07-19 19:08:39.202169 - Time between reward step: #	4039.5877208709717
2023-07-19 19:08:39.202169 - Average Score: 11.000 Elapsed time: 1:07:20.706441
2023-07-19 19:08:48.413837 - Epoc #	2790	 14.228046894073486
2023-07-19 19:09:03.161014 - Epoc #	2800	 14.747177124023438
2023-07-19 19:09:18.489275 - Epoc #	2810	 15.328260898590088
2023-07-19 19:09:32.196834 - Epoc #	2820	 13.70755910873413
2023-07-19 19:09:46.785455 - Epoc #	2830	 14.588620901107788
2023-07-19 19:10:01.609051 - Epoc #	2840	 14.823596000671387
2023-07-19 19:10:15.902189 - Epoc #	2850	 14.293138027191162
2023-07-19 19:10:28.427968 - Epoc #	2860	 12.525779008865356
2023-07-19 19:10:47.613438 - Epoc #	2870	 19.18546986579895
2023-07-19 19:10:58.133002 - Epoc #	2880	 10.519564151763916
2023-07-19 19:11:16.819823 - Epoc #	2890	 18.68682098388672
2023-07-19 19:11:30.996289 - Epoc #	2900	 14.17646598815918
2023-07-19 19:11:46.979566 - Epoc #	2910	 15.983277082443237
2023-07-19 19:12:01.818718 - Epoc #	2920	 14.839151859283447
2023-07-19 19:12:24.778570 - Epoc #	2930	 22.95985198020935
2023-07-19 19:12:43.294193 - Epoc #	2940	 18.515623092651367
2023-07-19 19:13:01.478959 - Epoc #	2950	 18.184766054153442
2023-07-19 19:13:19.286602 - Epoc #	2960	 17.807642936706543
2023-07-19 19:13:39.118187 - Epoc #	2970	 19.831584930419922
2023-07-19 19:13:56.057435 - Epoc #	2980	 16.939248085021973
2023-07-19 19:14:10.230713 - Epoc #	2990	 14.173277854919434
2023-07-19 19:14:29.793911 - Epoc #	3000	 19.56319808959961
2023-07-19 19:14:39.682657 - Time between reward step: #	4400.068208932877
2023-07-19 19:14:39.682657 - Average Score: 12.000 Elapsed time: 1:13:21.184312
2023-07-19 19:14:46.351071 - Epoc #	3010	 16.557159900665283
2023-07-19 19:15:00.958362 - Epoc #	3020	 14.607291221618652
2023-07-19 19:15:18.694075 - Epoc #	3030	 17.735713005065918
2023-07-19 19:15:28.724985 - Epoc #	3040	 10.030909776687622
2023-07-19 19:15:44.325423 - Epoc #	3050	 15.600438117980957
2023-07-19 19:15:57.991326 - Epoc #	3060	 13.665903091430664
2023-07-19 19:16:19.404501 - Epoc #	3070	 21.413174867630005
2023-07-19 19:16:37.625407 - Epoc #	3080	 18.220906019210815
2023-07-19 19:16:52.044813 - Epoc #	3090	 14.419405937194824
2023-07-19 19:17:05.757735 - Epoc #	3100	 13.712922096252441
2023-07-19 19:17:20.864553 - Epoc #	3110	 15.106817960739136
2023-07-19 19:17:33.441508 - Epoc #	3120	 12.576955080032349
2023-07-19 19:17:48.908431 - Epoc #	3130	 15.466922998428345
2023-07-19 19:18:00.573340 - Epoc #	3140	 11.66490888595581
2023-07-19 19:18:14.503915 - Epoc #	3150	 13.930575132369995
2023-07-19 19:18:32.281282 - Epoc #	3160	 17.777366876602173
2023-07-19 19:18:51.944039 - Epoc #	3170	 19.66275715827942
2023-07-19 19:19:06.404086 - Epoc #	3180	 14.460047006607056
2023-07-19 19:19:20.704566 - Epoc #	3190	 14.300479888916016
2023-07-19 19:19:43.094507 - Epoc #	3200	 22.389940977096558
2023-07-19 19:20:01.701157 - Epoc #	3210	 18.60665011405945
2023-07-19 19:20:18.502839 - Epoc #	3220	 16.801681995391846
2023-07-19 19:20:31.311341 - Epoc #	3230	 12.808501958847046
2023-07-19 19:20:49.028206 - Epoc #	3240	 17.716865062713623
2023-07-19 19:21:01.654506 - Epoc #	3250	 12.626299858093262
2023-07-19 19:21:18.209002 - Epoc #	3260	 16.55449604988098
2023-07-19 19:21:32.369771 - Epoc #	3270	 14.160768985748291
2023-07-19 19:21:49.576464 - Epoc #	3280	 17.206692934036255
2023-07-19 19:22:08.024531 - Epoc #	3290	 18.44806694984436
2023-07-19 19:22:29.252842 - Epoc #	3300	 21.22831106185913
2023-07-19 19:22:46.952057 - Epoc #	3310	 17.699214935302734
2023-07-19 19:23:04.872139 - Epoc #	3320	 17.920082092285156
2023-07-19 19:23:16.012592 - Epoc #	3330	 11.140453100204468
2023-07-19 19:23:30.725755 - Epoc #	3340	 14.713162899017334
2023-07-19 19:23:50.742750 - Epoc #	3350	 20.016994953155518
2023-07-19 19:24:07.314930 - Epoc #	3360	 16.572180032730103
2023-07-19 19:24:28.351629 - Epoc #	3370	 21.036699056625366
2023-07-19 19:24:44.405552 - Epoc #	3380	 16.05392289161682
2023-07-19 19:24:59.294098 - Epoc #	3390	 14.888545989990234
2023-07-19 19:25:16.304591 - Epoc #	3400	 17.01049304008484
2023-07-19 19:25:28.299117 - Epoc #	3410	 11.994526147842407
2023-07-19 19:25:42.990538 - Epoc #	3420	 14.691420793533325
2023-07-19 19:25:53.084395 - Epoc #	3430	 10.093857049942017
2023-07-19 19:26:10.361279 - Epoc #	3440	 17.276884078979492
2023-07-19 19:26:31.017259 - Epoc #	3450	 20.655979871749878
2023-07-19 19:26:50.784548 - Epoc #	3460	 19.76728916168213
2023-07-19 19:27:15.742860 - Epoc #	3470	 24.958312034606934
2023-07-19 19:27:30.753865 - Epoc #	3480	 15.01100492477417
2023-07-19 19:27:45.706213 - Epoc #	3490	 14.952347993850708
2023-07-19 19:28:05.345276 - Epoc #	3500	 19.639063119888306
2023-07-19 19:28:22.303460 - Epoc #	3510	 16.958183765411377
2023-07-19 19:28:36.274652 - Epoc #	3520	 13.971192121505737
2023-07-19 19:28:50.981369 - Epoc #	3530	 14.706717014312744
2023-07-19 19:29:04.917878 - Epoc #	3540	 13.936508893966675
2023-07-19 19:29:22.089555 - Epoc #	3550	 17.171677112579346
2023-07-19 19:29:41.931025 - Epoc #	3560	 19.84147000312805
2023-07-19 19:29:57.723870 - Epoc #	3570	 15.792845010757446
2023-07-19 19:30:16.102716 - Epoc #	3580	 18.378845930099487
2023-07-19 19:30:32.994101 - Epoc #	3590	 16.891385078430176
2023-07-19 19:30:52.345249 - Epoc #	3600	 19.351147890090942
2023-07-19 19:31:09.055362 - Epoc #	3610	 16.710113048553467
2023-07-19 19:31:21.272231 - Epoc #	3620	 12.216869115829468
2023-07-19 19:31:34.951221 - Epoc #	3630	 13.678989887237549
2023-07-19 19:31:53.565713 - Epoc #	3640	 18.614491939544678
2023-07-19 19:32:10.781208 - Epoc #	3650	 17.215495109558105
2023-07-19 19:32:27.242708 - Epoc #	3660	 16.4614999294281
2023-07-19 19:32:41.219009 - Epoc #	3670	 13.976300954818726
2023-07-19 19:32:55.119471 - Epoc #	3680	 13.90046215057373
2023-07-19 19:33:12.114932 - Epoc #	3690	 16.995460987091064
2023-07-19 19:33:30.728999 - Epoc #	3700	 18.61406683921814
2023-07-19 19:33:46.434213 - Epoc #	3710	 15.705214023590088
2023-07-19 19:34:06.479804 - Epoc #	3720	 20.045591115951538
2023-07-19 19:34:29.290555 - Epoc #	3730	 22.81075096130371
2023-07-19 19:34:45.309969 - Epoc #	3740	 16.019413948059082
2023-07-19 19:35:05.018596 - Epoc #	3750	 19.708626985549927
2023-07-19 19:35:20.953850 - Epoc #	3760	 15.935254096984863
2023-07-19 19:35:45.672727 - Epoc #	3770	 24.71887707710266
2023-07-19 19:36:02.879441 - Epoc #	3780	 17.206713914871216
2023-07-19 19:36:23.869680 - Epoc #	3790	 20.990238904953003
2023-07-19 19:36:41.938845 - Epoc #	3800	 18.069164991378784
2023-07-19 19:36:58.312769 - Epoc #	3810	 16.373924016952515
2023-07-19 19:37:21.898460 - Epoc #	3820	 23.58569097518921
2023-07-19 19:37:42.874866 - Epoc #	3830	 20.97640609741211
2023-07-19 19:38:02.604776 - Epoc #	3840	 19.729909896850586
2023-07-19 19:38:15.503904 - Epoc #	3850	 12.899128198623657
2023-07-19 19:38:32.142836 - Epoc #	3860	 16.6389319896698
2023-07-19 19:38:46.581487 - Epoc #	3870	 14.438650846481323
2023-07-19 19:39:00.282512 - Epoc #	3880	 13.701025009155273
2023-07-19 19:39:15.770108 - Epoc #	3890	 15.487596035003662
2023-07-19 19:39:36.303578 - Epoc #	3900	 20.533469915390015
2023-07-19 19:39:57.102039 - Epoc #	3910	 20.798461198806763
2023-07-19 19:40:18.390689 - Epoc #	3920	 21.288649797439575
2023-07-19 19:40:38.987277 - Epoc #	3930	 20.596588134765625
2023-07-19 19:40:56.681482 - Epoc #	3940	 17.694205045700073
2023-07-19 19:41:11.897838 - Epoc #	3950	 15.216356039047241
2023-07-19 19:41:30.307430 - Epoc #	3960	 18.409591913223267
2023-07-19 19:41:46.642421 - Epoc #	3970	 16.334990978240967
2023-07-19 19:42:02.771425 - Epoc #	3980	 16.12900400161743
2023-07-19 19:42:18.207758 - Epoc #	3990	 15.436332941055298
2023-07-19 19:42:28.914688 - Epoc #	4000	 10.706930160522461
2023-07-19 19:42:47.067386 - Epoc #	4010	 18.152697801589966
2023-07-19 19:43:05.672434 - Epoc #	4020	 18.605048179626465
2023-07-19 19:43:17.822345 - Epoc #	4030	 12.149910926818848
2023-07-19 19:43:39.004468 - Epoc #	4040	 21.182122945785522
2023-07-19 19:43:52.144742 - Epoc #	4050	 13.140274047851562
2023-07-19 19:44:15.721393 - Epoc #	4060	 23.576651096343994
2023-07-19 19:44:28.327696 - Epoc #	4070	 12.606302976608276
2023-07-19 19:44:40.524515 - Epoc #	4080	 12.196818828582764
2023-07-19 19:44:54.718653 - Epoc #	4090	 14.194138050079346
2023-07-19 19:45:15.852858 - Epoc #	4100	 21.134205102920532
2023-07-19 19:45:33.453178 - Epoc #	4110	 17.600319862365723
2023-07-19 19:45:53.636358 - Epoc #	4120	 20.18318009376526
2023-07-19 19:46:08.235201 - Epoc #	4130	 14.598842859268188
2023-07-19 19:46:23.128960 - Epoc #	4140	 14.89375901222229
2023-07-19 19:46:47.289469 - Epoc #	4150	 24.16050910949707
2023-07-19 19:47:03.080904 - Epoc #	4160	 15.79143500328064
2023-07-19 19:47:24.118673 - Epoc #	4170	 21.037769079208374
2023-07-19 19:47:43.513050 - Epoc #	4180	 19.39437699317932
2023-07-19 19:48:06.039441 - Epoc #	4190	 22.52639102935791
2023-07-19 19:48:26.824288 - Epoc #	4200	 20.784846782684326
2023-07-19 19:48:42.246702 - Epoc #	4210	 15.422414064407349
2023-07-19 19:48:58.740714 - Epoc #	4220	 16.494012117385864
2023-07-19 19:49:16.114237 - Epoc #	4230	 17.373522996902466
2023-07-19 19:49:31.960827 - Epoc #	4240	 15.846590042114258
2023-07-19 19:49:44.348671 - Epoc #	4250	 12.38784384727478
2023-07-19 19:49:57.949762 - Epoc #	4260	 13.601091146469116
2023-07-19 19:50:16.886894 - Epoc #	4270	 18.937131881713867
2023-07-19 19:50:38.166762 - Epoc #	4280	 21.279868125915527
2023-07-19 19:50:52.083285 - Epoc #	4290	 13.916522979736328
2023-07-19 19:51:08.130511 - Epoc #	4300	 16.047225952148438
2023-07-19 19:51:25.228389 - Epoc #	4310	 17.097877979278564
2023-07-19 19:51:40.095357 - Epoc #	4320	 14.866967916488647
2023-07-19 19:51:57.146938 - Epoc #	4330	 17.051581144332886
2023-07-19 19:52:15.962404 - Epoc #	4340	 18.815465927124023
2023-07-19 19:52:36.868340 - Epoc #	4350	 20.905936002731323
2023-07-19 19:52:54.549635 - Epoc #	4360	 17.681294918060303
2023-07-19 19:53:09.195637 - Epoc #	4370	 14.646002054214478
2023-07-19 19:53:25.801358 - Epoc #	4380	 16.60572099685669
2023-07-19 19:53:46.092282 - Epoc #	4390	 20.290924072265625
2023-07-19 19:54:03.578387 - Epoc #	4400	 17.48610496520996
2023-07-19 19:54:17.816464 - Epoc #	4410	 14.23807692527771
2023-07-19 19:54:37.566613 - Epoc #	4420	 19.75014901161194
2023-07-19 19:54:52.664386 - Epoc #	4430	 15.09777307510376
2023-07-19 19:55:11.212311 - Epoc #	4440	 18.547924995422363
2023-07-19 19:55:33.743334 - Epoc #	4450	 22.531023025512695
2023-07-19 19:55:48.649385 - Epoc #	4460	 14.90605092048645
2023-07-19 19:56:11.957229 - Epoc #	4470	 23.307843923568726
2023-07-19 19:56:30.890255 - Epoc #	4480	 18.93302607536316
2023-07-19 19:56:52.988235 - Epoc #	4490	 22.09798002243042
2023-07-19 19:57:07.398239 - Epoc #	4500	 14.410003900527954
2023-07-19 19:57:24.244390 - Epoc #	4510	 16.846151113510132
2023-07-19 19:57:39.084979 - Epoc #	4520	 14.840589046478271
2023-07-19 19:57:58.580537 - Epoc #	4530	 19.49555802345276
2023-07-19 19:58:13.447764 - Epoc #	4540	 14.867226839065552
2023-07-19 19:58:24.262808 - Epoc #	4550	 10.815044164657593
2023-07-19 19:58:37.672244 - Epoc #	4560	 13.409435987472534
2023-07-19 19:58:54.727047 - Epoc #	4570	 17.054802894592285
2023-07-19 19:59:15.907008 - Epoc #	4580	 21.17996096611023
2023-07-19 19:59:34.454126 - Epoc #	4590	 18.547117948532104
2023-07-19 19:59:45.568990 - Epoc #	4600	 11.114864110946655
2023-07-19 20:00:07.015931 - Epoc #	4610	 21.446940898895264
2023-07-19 20:00:25.034004 - Epoc #	4620	 18.018073081970215
2023-07-19 20:00:41.573287 - Epoc #	4630	 16.53928303718567
2023-07-19 20:00:58.964413 - Epoc #	4640	 17.391125917434692
2023-07-19 20:01:21.301938 - Epoc #	4650	 22.337525129318237
2023-07-19 20:01:33.537451 - Epoc #	4660	 12.235512971878052
2023-07-19 20:01:49.788150 - Epoc #	4670	 16.250699043273926
2023-07-19 20:02:00.107468 - Epoc #	4680	 10.319317817687988
2023-07-19 20:02:10.474956 - Epoc #	4690	 10.367488145828247
2023-07-19 20:02:30.827842 - Epoc #	4700	 20.352885961532593
2023-07-19 20:02:48.637508 - Epoc #	4710	 17.80966591835022
2023-07-19 20:03:05.198659 - Epoc #	4720	 16.561151027679443
2023-07-19 20:03:21.455558 - Epoc #	4730	 16.256899118423462
2023-07-19 20:03:42.224157 - Epoc #	4740	 20.768599033355713
2023-07-19 20:03:59.915374 - Epoc #	4750	 17.691216945648193
2023-07-19 20:04:17.152225 - Epoc #	4760	 17.23685097694397
2023-07-19 20:04:32.674520 - Epoc #	4770	 15.522294998168945
2023-07-19 20:04:46.862949 - Epoc #	4780	 14.18842887878418
2023-07-19 20:05:04.502191 - Epoc #	4790	 17.63924217224121
2023-07-19 20:05:19.799209 - Epoc #	4800	 15.297018051147461
2023-07-19 20:05:37.058704 - Epoc #	4810	 17.25949478149414
2023-07-19 20:05:51.060943 - Epoc #	4820	 14.002238988876343
2023-07-19 20:06:07.555961 - Epoc #	4830	 16.495018005371094
2023-07-19 20:06:25.077687 - Epoc #	4840	 17.52172613143921
2023-07-19 20:06:44.423403 - Epoc #	4850	 19.34571599960327
2023-07-19 20:07:03.256020 - Epoc #	4860	 18.832617044448853
2023-07-19 20:07:14.954802 - Epoc #	4870	 11.698781967163086
2023-07-19 20:07:36.748986 - Epoc #	4880	 21.79418396949768
2023-07-19 20:08:01.772962 - Epoc #	4890	 25.02397608757019
2023-07-19 20:08:16.015954 - Epoc #	4900	 14.242991924285889
2023-07-19 20:08:28.089232 - Epoc #	4910	 12.073277950286865
2023-07-19 20:08:39.221750 - Epoc #	4920	 11.13251805305481
2023-07-19 20:08:53.814498 - Epoc #	4930	 14.592747926712036
2023-07-19 20:09:06.700109 - Epoc #	4940	 12.885611057281494
2023-07-19 20:09:23.625814 - Epoc #	4950	 16.925704956054688
2023-07-19 20:09:39.121463 - Epoc #	4960	 15.495649099349976
2023-07-19 20:09:52.896153 - Epoc #	4970	 13.77468991279602
2023-07-19 20:10:08.924706 - Epoc #	4980	 16.028553009033203
2023-07-19 20:10:27.451480 - Epoc #	4990	 18.526773929595947
2023-07-19 20:10:43.444546 - Epoc #	5000	 15.99306607246399
2023-07-19 20:11:06.384811 - Epoc #	5010	 22.94026494026184
2023-07-19 20:11:21.482984 - Epoc #	5020	 15.098173141479492
2023-07-19 20:11:45.706936 - Epoc #	5030	 24.223951816558838
2023-07-19 20:12:08.705131 - Epoc #	5040	 22.9981951713562
2023-07-19 20:12:34.575804 - Epoc #	5050	 25.870672941207886
2023-07-19 20:12:48.024216 - Epoc #	5060	 13.44841194152832
2023-07-19 20:13:02.274940 - Epoc #	5070	 14.250724077224731
2023-07-19 20:13:21.231608 - Epoc #	5080	 18.95666790008545
2023-07-19 20:13:34.685599 - Epoc #	5090	 13.453991174697876
2023-07-19 20:13:53.824735 - Epoc #	5100	 19.13913583755493
2023-07-19 20:14:11.882349 - Epoc #	5110	 18.05761408805847
2023-07-19 20:14:27.996585 - Epoc #	5120	 16.114235877990723
2023-07-19 20:14:45.447881 - Epoc #	5130	 17.451296091079712
2023-07-19 20:15:04.407119 - Epoc #	5140	 18.959238052368164
2023-07-19 20:15:21.761083 - Epoc #	5150	 17.35396385192871
2023-07-19 20:15:38.827474 - Epoc #	5160	 17.066391229629517
2023-07-19 20:15:52.221829 - Epoc #	5170	 13.394354820251465
2023-07-19 20:16:11.777566 - Epoc #	5180	 19.555737018585205
2023-07-19 20:16:26.458084 - Epoc #	5190	 14.68051815032959
2023-07-19 20:16:44.805054 - Epoc #	5200	 18.346969842910767
2023-07-19 20:17:02.652347 - Epoc #	5210	 17.84729313850403
2023-07-19 20:17:24.659454 - Epoc #	5220	 22.00710701942444
2023-07-19 20:17:42.731878 - Epoc #	5230	 18.072423934936523
2023-07-19 20:18:01.649881 - Epoc #	5240	 18.91800284385681
2023-07-19 20:18:26.126203 - Epoc #	5250	 24.476322174072266
2023-07-19 20:18:48.834622 - Epoc #	5260	 22.70841884613037
2023-07-19 20:19:05.865771 - Epoc #	5270	 17.03114914894104
2023-07-19 20:19:24.101558 - Epoc #	5280	 18.23578691482544
2023-07-19 20:19:38.605609 - Epoc #	5290	 14.504050970077515
2023-07-19 20:19:58.290551 - Epoc #	5300	 19.68494200706482
2023-07-19 20:20:18.078504 - Epoc #	5310	 19.78795313835144
2023-07-19 20:20:29.625164 - Epoc #	5320	 11.54665994644165
2023-07-19 20:20:43.767318 - Epoc #	5330	 14.142153978347778
2023-07-19 20:20:59.718985 - Epoc #	5340	 15.951667070388794
2023-07-19 20:21:17.997451 - Epoc #	5350	 18.27846598625183
2023-07-19 20:21:28.756585 - Time between reward step: #	8409.14213681221
2023-07-19 20:21:28.756585 - Average Score: 13.000 Elapsed time: 2:20:10.254361
2023-07-19 20:21:35.361730 - Epoc #	5360	 17.36427903175354
2023-07-19 20:21:53.632579 - Epoc #	5370	 18.270848989486694
2023-07-19 20:22:14.358432 - Epoc #	5380	 20.725852966308594
2023-07-19 20:22:33.106108 - Epoc #	5390	 18.747675895690918
2023-07-19 20:22:50.173804 - Epoc #	5400	 17.06769609451294
2023-07-19 20:23:03.265380 - Time between reward step: #	8503.650931835175
2023-07-19 20:23:03.265380 - Average Score: 14.000 Elapsed time: 2:21:44.764406
2023-07-19 20:23:06.761371 - Epoc #	5410	 16.58756685256958
2023-07-19 20:23:24.423048 - Epoc #	5420	 17.66167712211609
2023-07-19 20:23:39.683678 - Epoc #	5430	 15.260629892349243
2023-07-19 20:23:51.412827 - Epoc #	5440	 11.729149103164673
2023-07-19 20:24:11.128432 - Epoc #	5450	 19.71560502052307
2023-07-19 20:24:25.564757 - Epoc #	5460	 14.436325073242188
2023-07-19 20:24:40.979194 - Epoc #	5470	 15.41443681716919
2023-07-19 20:24:59.361150 - Epoc #	5480	 18.381956100463867
2023-07-19 20:25:17.988460 - Epoc #	5490	 18.627310037612915
2023-07-19 20:25:30.761318 - Epoc #	5500	 12.772857904434204
2023-07-19 20:25:45.637527 - Epoc #	5510	 14.876209020614624
2023-07-19 20:26:00.658009 - Epoc #	5520	 15.020482063293457
2023-07-19 20:26:16.338695 - Epoc #	5530	 15.680685997009277
2023-07-19 20:26:36.474802 - Epoc #	5540	 20.136106967926025
2023-07-19 20:26:52.673934 - Epoc #	5550	 16.199131965637207
2023-07-19 20:27:14.335498 - Epoc #	5560	 21.661564111709595
2023-07-19 20:27:39.334009 - Epoc #	5570	 24.99851083755493
2023-07-19 20:28:00.410738 - Epoc #	5580	 21.07672905921936
2023-07-19 20:28:08.938668 - Epoc #	5590	 8.52793002128601
2023-07-19 20:28:25.077489 - Epoc #	5600	 16.13882088661194
2023-07-19 20:28:38.948056 - Epoc #	5610	 13.870567083358765
2023-07-19 20:28:57.021858 - Epoc #	5620	 18.07380199432373
2023-07-19 20:29:14.091360 - Epoc #	5630	 17.069502115249634
2023-07-19 20:29:34.034903 - Epoc #	5640	 19.943542957305908
2023-07-19 20:29:52.350146 - Epoc #	5650	 18.315243005752563
2023-07-19 20:30:09.516606 - Epoc #	5660	 17.166460037231445
2023-07-19 20:30:27.566576 - Epoc #	5670	 18.049969911575317
2023-07-19 20:30:40.998970 - Epoc #	5680	 13.432394027709961
2023-07-19 20:31:00.118657 - Epoc #	5690	 19.1196870803833
2023-07-19 20:31:17.361092 - Epoc #	5700	 17.242434978485107
2023-07-19 20:31:32.687488 - Epoc #	5710	 15.326395988464355
2023-07-19 20:31:50.013086 - Epoc #	5720	 17.325598001480103
2023-07-19 20:32:05.434692 - Epoc #	5730	 15.421605825424194
2023-07-19 20:32:18.941047 - Epoc #	5740	 13.506355047225952
2023-07-19 20:32:33.183833 - Epoc #	5750	 14.242785930633545
2023-07-19 20:32:48.689838 - Epoc #	5760	 15.506005048751831
2023-07-19 20:33:04.004682 - Epoc #	5770	 15.314844131469727
2023-07-19 20:33:19.736177 - Epoc #	5780	 15.731494903564453
2023-07-19 20:33:41.961377 - Epoc #	5790	 22.225199937820435
2023-07-19 20:34:04.830253 - Epoc #	5800	 22.868875980377197
2023-07-19 20:34:20.296260 - Epoc #	5810	 15.466007232666016
2023-07-19 20:34:35.943570 - Epoc #	5820	 15.64730978012085
2023-07-19 20:34:56.092664 - Epoc #	5830	 20.149094104766846
2023-07-19 20:35:16.433114 - Epoc #	5840	 20.340450048446655
2023-07-19 20:35:29.794007 - Epoc #	5850	 13.36089301109314
2023-07-19 20:35:46.976029 - Epoc #	5860	 17.182021856307983
2023-07-19 20:36:05.305225 - Epoc #	5870	 18.329195976257324
2023-07-19 20:36:26.639676 - Epoc #	5880	 21.33445119857788
2023-07-19 20:36:49.310758 - Epoc #	5890	 22.671082019805908
2023-07-19 20:37:09.439755 - Epoc #	5900	 20.12899684906006
2023-07-19 20:37:25.926367 - Epoc #	5910	 16.48661208152771
2023-07-19 20:37:44.313039 - Epoc #	5920	 18.386672019958496
2023-07-19 20:38:04.929638 - Epoc #	5930	 20.6165988445282
2023-07-19 20:38:19.945453 - Epoc #	5940	 15.015815019607544
2023-07-19 20:38:37.888045 - Epoc #	5950	 17.94259214401245
2023-07-19 20:38:57.238879 - Epoc #	5960	 19.350833892822266
2023-07-19 20:39:11.568881 - Epoc #	5970	 14.330002069473267
2023-07-19 20:39:26.091908 - Epoc #	5980	 14.523026943206787
2023-07-19 20:39:46.900523 - Epoc #	5990	 20.80861496925354
2023-07-19 20:40:04.983282 - Epoc #	6000	 18.082759141921997
2023-07-19 20:40:22.982461 - Epoc #	6010	 17.999178886413574
2023-07-19 20:40:39.630501 - Epoc #	6020	 16.648040056228638
2023-07-19 20:40:52.163451 - Epoc #	6030	 12.532949924468994
2023-07-19 20:41:08.297498 - Epoc #	6040	 16.134047031402588
2023-07-19 20:41:27.318845 - Epoc #	6050	 19.021347045898438
2023-07-19 20:41:54.748855 - Epoc #	6060	 27.430010080337524
2023-07-19 20:42:10.627562 - Epoc #	6070	 15.878706932067871
2023-07-19 20:42:37.550781 - Epoc #	6080	 26.923218965530396
2023-07-19 20:42:56.475010 - Epoc #	6090	 18.92422890663147
2023-07-19 20:43:16.139436 - Epoc #	6100	 19.66442608833313
2023-07-19 20:43:31.336415 - Epoc #	6110	 15.19697904586792
2023-07-19 20:43:39.400273 - Time between reward step: #	9739.785825014114
2023-07-19 20:43:39.400273 - Average Score: 15.000 Elapsed time: 2:42:20.903262
2023-07-19 20:43:49.861773 - Epoc #	6120	 18.525357961654663
2023-07-19 20:43:52.707981 - Time between reward step: #	9753.093533039093
2023-07-19 20:43:52.707981 - Average Score: 16.000 Elapsed time: 2:42:34.205099
2023-07-19 20:44:11.961754 - Epoc #	6130	 22.09998106956482
2023-07-19 20:44:30.014340 - Epoc #	6140	 18.05258584022522
2023-07-19 20:44:50.113843 - Epoc #	6150	 20.09950304031372
2023-07-19 20:45:06.828748 - Epoc #	6160	 16.71490502357483
2023-07-19 20:45:24.819734 - Epoc #	6170	 17.990986108779907
2023-07-19 20:45:39.246440 - Epoc #	6180	 14.426705837249756
2023-07-19 20:46:01.056129 - Epoc #	6190	 21.809689044952393
2023-07-19 20:46:18.957527 - Epoc #	6200	 17.901397943496704
2023-07-19 20:46:36.232626 - Epoc #	6210	 17.27509903907776
2023-07-19 20:46:52.368611 - Epoc #	6220	 16.135985136032104
2023-07-19 20:47:10.297414 - Epoc #	6230	 17.928802967071533
2023-07-19 20:47:29.120659 - Epoc #	6240	 18.82324504852295
2023-07-19 20:47:46.982456 - Epoc #	6250	 17.861796855926514
2023-07-19 20:48:07.637603 - Epoc #	6260	 20.655147075653076
2023-07-19 20:48:31.746202 - Epoc #	6270	 24.108598947525024
2023-07-19 20:48:55.268893 - Epoc #	6280	 23.522691011428833
2023-07-19 20:49:11.881809 - Epoc #	6290	 16.612915992736816
2023-07-19 20:49:30.835421 - Epoc #	6300	 18.953612089157104
2023-07-19 20:49:42.413664 - Epoc #	6310	 11.578243017196655
2023-07-19 20:50:04.924231 - Epoc #	6320	 22.51056694984436
2023-07-19 20:50:27.342228 - Epoc #	6330	 22.417996883392334
2023-07-19 20:50:48.525403 - Epoc #	6340	 21.183175086975098
2023-07-19 20:51:05.820956 - Epoc #	6350	 17.295552968978882
2023-07-19 20:51:19.625610 - Epoc #	6360	 13.804654121398926
2023-07-19 20:51:35.567775 - Epoc #	6370	 15.942164897918701
2023-07-19 20:51:50.127126 - Epoc #	6380	 14.559350967407227
2023-07-19 20:52:05.600622 - Epoc #	6390	 15.473495960235596
2023-07-19 20:52:29.794792 - Epoc #	6400	 24.194169998168945
2023-07-19 20:52:45.467566 - Epoc #	6410	 15.672774076461792
2023-07-19 20:53:07.597058 - Epoc #	6420	 22.129492044448853
2023-07-19 20:53:24.133852 - Epoc #	6430	 16.53679394721985
2023-07-19 20:53:42.452440 - Epoc #	6440	 18.31858801841736
2023-07-19 20:53:56.186322 - Epoc #	6450	 13.733881950378418
2023-07-19 20:54:13.738395 - Epoc #	6460	 17.552073001861572
2023-07-19 20:54:29.990178 - Epoc #	6470	 16.2517831325531
2023-07-19 20:54:51.941616 - Epoc #	6480	 21.951437950134277
2023-07-19 20:55:08.788836 - Epoc #	6490	 16.847219944000244
2023-07-19 20:55:24.371122 - Epoc #	6500	 15.58228588104248
2023-07-19 20:55:42.180822 - Epoc #	6510	 17.80970001220703
2023-07-19 20:56:00.262331 - Epoc #	6520	 18.081509113311768
2023-07-19 20:56:16.593785 - Epoc #	6530	 16.331454038619995
2023-07-19 20:56:37.536793 - Epoc #	6540	 20.943007946014404
2023-07-19 20:56:54.869221 - Epoc #	6550	 17.332427978515625
2023-07-19 20:57:09.510280 - Epoc #	6560	 14.641058921813965
2023-07-19 20:57:28.593019 - Epoc #	6570	 19.082739114761353
2023-07-19 20:57:47.560172 - Epoc #	6580	 18.967153072357178
2023-07-19 20:58:09.140007 - Epoc #	6590	 21.579834938049316
2023-07-19 20:58:29.818023 - Epoc #	6600	 20.67801594734192
2023-07-19 20:58:51.706806 - Epoc #	6610	 21.88878297805786
2023-07-19 20:59:09.254126 - Epoc #	6620	 17.547320127487183
2023-07-19 20:59:24.851517 - Epoc #	6630	 15.59739089012146
2023-07-19 20:59:46.125439 - Epoc #	6640	 21.273921966552734
2023-07-19 21:00:05.543228 - Epoc #	6650	 19.417788982391357
2023-07-19 21:00:20.573010 - Epoc #	6660	 15.029782056808472
2023-07-19 21:00:35.934285 - Epoc #	6670	 15.36127495765686
2023-07-19 21:00:49.695658 - Epoc #	6680	 13.761373043060303
2023-07-19 21:01:11.314728 - Epoc #	6690	 21.619070053100586
2023-07-19 21:01:30.056571 - Epoc #	6700	 18.7418429851532
2023-07-19 21:01:55.701610 - Epoc #	6710	 25.645039081573486
2023-07-19 21:02:12.271977 - Epoc #	6720	 16.570366859436035
2023-07-19 21:02:29.612100 - Epoc #	6730	 17.340122938156128
2023-07-19 21:02:46.528453 - Epoc #	6740	 16.916353225708008
2023-07-19 21:03:03.413354 - Epoc #	6750	 16.88490080833435
2023-07-19 21:03:17.384529 - Epoc #	6760	 13.971175193786621
2023-07-19 21:03:40.709754 - Epoc #	6770	 23.32522487640381
2023-07-19 21:03:56.613006 - Epoc #	6780	 15.903252124786377
2023-07-19 21:04:05.740706 - Time between reward step: #	10966.126257896423
2023-07-19 21:04:05.740706 - Average Score: 17.000 Elapsed time: 3:02:47.245699
2023-07-19 21:04:16.202048 - Epoc #	6790	 19.58904194831848
2023-07-19 21:04:30.266433 - Epoc #	6800	 14.064384937286377
2023-07-19 21:04:46.720582 - Epoc #	6810	 16.45414900779724
2023-07-19 21:04:48.842899 - Time between reward step: #	11009.228451013565
2023-07-19 21:04:48.842899 - Average Score: 18.000 Elapsed time: 3:03:30.348169
2023-07-19 21:05:03.187153 - Epoc #	6820	 16.46657109260559
2023-07-19 21:05:22.961198 - Epoc #	6830	 19.77404499053955
2023-07-19 21:05:38.593420 - Epoc #	6840	 15.632221937179565
2023-07-19 21:05:52.972223 - Epoc #	6850	 14.378803014755249
2023-07-19 21:06:13.048605 - Epoc #	6860	 20.07638192176819
2023-07-19 21:06:34.493463 - Epoc #	6870	 21.444858074188232
2023-07-19 21:06:59.797086 - Epoc #	6880	 25.30362296104431
2023-07-19 21:07:16.541574 - Epoc #	6890	 16.74448800086975
2023-07-19 21:07:41.508826 - Epoc #	6900	 24.967252016067505
2023-07-19 21:07:59.403943 - Epoc #	6910	 17.895117044448853
2023-07-19 21:08:15.251479 - Epoc #	6920	 15.847535848617554
2023-07-19 21:08:30.439849 - Epoc #	6930	 15.188369989395142
2023-07-19 21:08:53.617205 - Epoc #	6940	 23.177356004714966
2023-07-19 21:09:13.710575 - Epoc #	6950	 20.09337019920349
2023-07-19 21:09:31.793086 - Epoc #	6960	 18.082510948181152
2023-07-19 21:09:52.673131 - Epoc #	6970	 20.88004493713379
2023-07-19 21:10:10.013775 - Epoc #	6980	 17.340644121170044
2023-07-19 21:10:28.406509 - Epoc #	6990	 18.392733812332153
2023-07-19 21:10:45.467117 - Epoc #	7000	 17.06060814857483
2023-07-19 21:11:10.208053 - Epoc #	7010	 24.740936040878296
2023-07-19 21:11:33.705145 - Epoc #	7020	 23.49709177017212
2023-07-19 21:11:50.078550 - Epoc #	7030	 16.37340521812439
2023-07-19 21:12:06.953478 - Epoc #	7040	 16.87492799758911
2023-07-19 21:12:26.498550 - Epoc #	7050	 19.545071840286255
2023-07-19 21:12:41.990119 - Epoc #	7060	 15.49156904220581
2023-07-19 21:12:58.516970 - Epoc #	7070	 16.526850938796997
2023-07-19 21:13:17.732078 - Epoc #	7080	 19.215108156204224
2023-07-19 21:13:34.588515 - Epoc #	7090	 16.85643696784973
2023-07-19 21:13:55.701459 - Epoc #	7100	 21.11294388771057
2023-07-19 21:14:16.330476 - Epoc #	7110	 20.629017114639282
2023-07-19 21:14:41.015845 - Epoc #	7120	 24.68536901473999
2023-07-19 21:14:58.469863 - Epoc #	7130	 17.454017877578735
2023-07-19 21:15:20.523589 - Epoc #	7140	 22.053725957870483
2023-07-19 21:15:42.904961 - Epoc #	7150	 22.381372213363647
2023-07-19 21:16:05.764487 - Epoc #	7160	 22.85952591896057
2023-07-19 21:16:22.537544 - Epoc #	7170	 16.773056983947754
2023-07-19 21:16:44.669134 - Epoc #	7180	 22.131589889526367
2023-07-19 21:17:08.581858 - Epoc #	7190	 23.912724018096924
2023-07-19 21:17:29.544909 - Epoc #	7200	 20.963051080703735
2023-07-19 21:17:45.153177 - Epoc #	7210	 15.608268022537231
2023-07-19 21:17:59.014852 - Epoc #	7220	 13.861675024032593
2023-07-19 21:18:24.446276 - Epoc #	7230	 25.431423902511597
2023-07-19 21:18:47.048805 - Epoc #	7240	 22.602529048919678
2023-07-19 21:19:10.055488 - Epoc #	7250	 23.006683111190796
2023-07-19 21:19:31.776417 - Epoc #	7260	 21.72092890739441
2023-07-19 21:19:50.052536 - Epoc #	7270	 18.276118993759155
2023-07-19 21:20:11.891407 - Epoc #	7280	 21.838871002197266
2023-07-19 21:20:28.208091 - Epoc #	7290	 16.316684007644653
2023-07-19 21:20:49.348800 - Epoc #	7300	 21.140708923339844
2023-07-19 21:21:12.169694 - Epoc #	7310	 22.82089400291443
2023-07-19 21:21:32.202611 - Epoc #	7320	 20.032917022705078
2023-07-19 21:21:49.341084 - Epoc #	7330	 17.13847303390503
2023-07-19 21:22:12.904436 - Epoc #	7340	 23.56335210800171
2023-07-19 21:22:32.671599 - Epoc #	7350	 19.767162799835205
2023-07-19 21:22:52.859559 - Epoc #	7360	 20.187960147857666
2023-07-19 21:23:08.313527 - Epoc #	7370	 15.453968048095703
2023-07-19 21:23:25.683768 - Epoc #	7380	 17.370240926742554
2023-07-19 21:23:42.226555 - Epoc #	7390	 16.542787075042725
2023-07-19 21:24:00.936121 - Epoc #	7400	 18.70956587791443
2023-07-19 21:24:21.592848 - Epoc #	7410	 20.656727075576782
2023-07-19 21:24:40.410255 - Epoc #	7420	 18.81740689277649
2023-07-19 21:25:00.139285 - Epoc #	7430	 19.7290301322937
2023-07-19 21:25:15.542884 - Time between reward step: #	12235.928436040878
2023-07-19 21:25:15.542884 - Average Score: 19.000 Elapsed time: 3:23:57.039383
2023-07-19 21:25:17.886210 - Time between reward step: #	12238.271761894226
2023-07-19 21:25:17.886210 - Average Score: 20.000 Elapsed time: 3:23:59.389226
2023-07-19 21:25:21.015168 - Time between reward step: #	12241.400719881058
2023-07-19 21:25:21.015168 - Average Score: 21.000 Elapsed time: 3:24:02.510935
2023-07-19 21:25:23.545952 - Epoc #	7440	 23.40666699409485
2023-07-19 21:25:28.433155 - Time between reward step: #	12248.818706989288
2023-07-19 21:25:28.433155 - Average Score: 22.000 Elapsed time: 3:24:09.926456
2023-07-19 21:25:47.093515 - Epoc #	7450	 23.547562837600708
2023-07-19 21:26:08.483744 - Time between reward step: #	12288.869295835495
2023-07-19 21:26:08.483744 - Average Score: 23.000 Elapsed time: 3:24:49.979905
2023-07-19 21:26:08.483744 - Epoc #	7460	 21.390228986740112
2023-07-19 21:26:16.512171 - Time between reward step: #	12296.897722959518
2023-07-19 21:26:16.512171 - Average Score: 24.000 Elapsed time: 3:24:58.010573
2023-07-19 21:26:27.372212 - Epoc #	7470	 18.888468027114868
2023-07-19 21:26:50.901152 - Epoc #	7480	 23.528939962387085
2023-07-19 21:27:13.922541 - Epoc #	7490	 23.02138900756836
2023-07-19 21:27:28.389770 - Epoc #	7500	 14.467229127883911
2023-07-19 21:27:44.072251 - Epoc #	7510	 15.682481050491333
2023-07-19 21:27:59.188242 - Epoc #	7520	 15.11599087715149
2023-07-19 21:28:16.504743 - Epoc #	7530	 17.316501140594482
2023-07-19 21:28:37.770350 - Epoc #	7540	 21.26560688018799
2023-07-19 21:28:54.109026 - Epoc #	7550	 16.33867597579956
2023-07-19 21:29:08.585292 - Epoc #	7560	 14.476266145706177
2023-07-19 21:29:25.221260 - Epoc #	7570	 16.63596796989441
2023-07-19 21:29:47.706797 - Epoc #	7580	 22.485536813735962
2023-07-19 21:30:04.718910 - Epoc #	7590	 17.012113094329834
2023-07-19 21:30:23.822148 - Epoc #	7600	 19.103238105773926
2023-07-19 21:30:51.841015 - Epoc #	7610	 28.018867015838623
2023-07-19 21:31:17.438210 - Epoc #	7620	 25.59719491004944
2023-07-19 21:31:37.434377 - Epoc #	7630	 19.996166944503784
2023-07-19 21:32:02.352856 - Epoc #	7640	 24.918478965759277
2023-07-19 21:32:19.631706 - Epoc #	7650	 17.278850078582764
2023-07-19 21:32:41.261534 - Epoc #	7660	 21.629827976226807
2023-07-19 21:32:57.550257 - Epoc #	7670	 16.28872299194336
2023-07-19 21:33:24.133573 - Epoc #	7680	 26.58331608772278
2023-07-19 21:33:40.863057 - Epoc #	7690	 16.72948384284973
2023-07-19 21:34:04.816388 - Epoc #	7700	 23.953330993652344
2023-07-19 21:34:26.063538 - Epoc #	7710	 21.247150182724
2023-07-19 21:34:47.651547 - Epoc #	7720	 21.588008880615234
2023-07-19 21:35:01.845097 - Epoc #	7730	 14.193550109863281
2023-07-19 21:35:13.800911 - Epoc #	7740	 11.955813884735107
2023-07-19 21:35:26.763139 - Epoc #	7750	 12.962228059768677
2023-07-19 21:35:43.072359 - Epoc #	7760	 16.3092200756073
2023-07-19 21:36:04.360749 - Epoc #	7770	 21.288389921188354
2023-07-19 21:36:20.446629 - Epoc #	7780	 16.085880041122437
2023-07-19 21:36:41.917737 - Epoc #	7790	 21.471107959747314
2023-07-19 21:37:01.046600 - Epoc #	7800	 19.128863096237183
2023-07-19 21:37:21.909946 - Epoc #	7810	 20.863345861434937
2023-07-19 21:37:38.322958 - Epoc #	7820	 16.41301202774048
2023-07-19 21:37:57.740037 - Epoc #	7830	 19.417078971862793
2023-07-19 21:38:25.505661 - Epoc #	7840	 27.765624046325684
2023-07-19 21:38:47.015759 - Epoc #	7850	 21.510097980499268
2023-07-19 21:39:16.785934 - Epoc #	7860	 29.770174980163574
2023-07-19 21:39:36.009787 - Epoc #	7870	 19.22385311126709
2023-07-19 21:39:57.058744 - Epoc #	7880	 21.048956871032715
2023-07-19 21:40:17.056090 - Epoc #	7890	 19.99734616279602
2023-07-19 21:40:36.045624 - Epoc #	7900	 18.9895339012146
2023-07-19 21:40:51.436588 - Epoc #	7910	 15.390964031219482
2023-07-19 21:41:16.021032 - Epoc #	7920	 24.584444046020508
2023-07-19 21:41:33.986760 - Epoc #	7930	 17.96572780609131
2023-07-19 21:41:45.651002 - Epoc #	7940	 11.664242029190063
2023-07-19 21:41:57.883169 - Epoc #	7950	 12.23216700553894
2023-07-19 21:42:13.157934 - Epoc #	7960	 15.274765014648438
2023-07-19 21:42:32.671150 - Epoc #	7970	 19.513216018676758
2023-07-19 21:42:56.477394 - Epoc #	7980	 23.806244134902954
2023-07-19 21:43:11.043624 - Epoc #	7990	 14.566229820251465
2023-07-19 21:43:27.648502 - Epoc #	8000	 16.604878187179565
2023-07-19 21:43:47.234532 - Epoc #	8010	 19.58603000640869
2023-07-19 21:44:05.730490 - Epoc #	8020	 18.495957851409912
2023-07-19 21:44:25.647574 - Epoc #	8030	 19.917083978652954
2023-07-19 21:44:50.844435 - Epoc #	8040	 25.196861028671265
2023-07-19 21:45:13.887192 - Epoc #	8050	 23.042757034301758
2023-07-19 21:45:28.322625 - Epoc #	8060	 14.43543291091919
2023-07-19 21:45:47.698613 - Epoc #	8070	 19.375988006591797
2023-07-19 21:46:09.080980 - Epoc #	8080	 21.38236713409424
2023-07-19 21:46:27.206890 - Epoc #	8090	 18.12591004371643
2023-07-19 21:46:49.438756 - Epoc #	8100	 22.231865882873535
2023-07-19 21:47:08.838075 - Epoc #	8110	 19.39931893348694
2023-07-19 21:47:30.520852 - Epoc #	8120	 21.682777166366577
2023-07-19 21:47:49.039115 - Epoc #	8130	 18.51826286315918
2023-07-19 21:48:11.154584 - Epoc #	8140	 22.115468978881836
2023-07-19 21:48:30.553787 - Epoc #	8150	 19.399203062057495
2023-07-19 21:48:53.382302 - Epoc #	8160	 22.82851505279541
2023-07-19 21:49:12.118518 - Epoc #	8170	 18.736216068267822
2023-07-19 21:49:27.085321 - Epoc #	8180	 14.966802835464478
2023-07-19 21:49:47.849514 - Epoc #	8190	 20.764193058013916
2023-07-19 21:50:07.921105 - Epoc #	8200	 20.071590900421143
2023-07-19 21:50:25.268898 - Epoc #	8210	 17.347793102264404
2023-07-19 21:50:47.281672 - Epoc #	8220	 22.012773990631104
2023-07-19 21:51:02.223426 - Epoc #	8230	 14.94175410270691
2023-07-19 21:51:23.590459 - Epoc #	8240	 21.367033004760742
2023-07-19 21:51:41.390553 - Epoc #	8250	 17.80009388923645
2023-07-19 21:52:02.726598 - Epoc #	8260	 21.336045026779175
2023-07-19 21:52:26.598456 - Epoc #	8270	 23.87185788154602
2023-07-19 21:52:43.454244 - Epoc #	8280	 16.855787992477417
2023-07-19 21:53:00.266094 - Epoc #	8290	 16.81185007095337
2023-07-19 21:53:21.224602 - Epoc #	8300	 20.958508014678955
2023-07-19 21:53:45.827028 - Epoc #	8310	 24.602426052093506
2023-07-19 21:53:59.240112 - Epoc #	8320	 13.413084030151367
2023-07-19 21:54:19.882323 - Epoc #	8330	 20.642210960388184
2023-07-19 21:54:39.079617 - Epoc #	8340	 19.197293996810913
2023-07-19 21:55:05.176734 - Epoc #	8350	 26.097116947174072
2023-07-19 21:55:20.206923 - Epoc #	8360	 15.030189037322998
2023-07-19 21:55:38.995763 - Epoc #	8370	 18.7888400554657
2023-07-19 21:55:59.899155 - Epoc #	8380	 20.90339183807373
2023-07-19 21:56:19.798848 - Epoc #	8390	 19.89969301223755
2023-07-19 21:56:43.801703 - Epoc #	8400	 24.00285506248474
2023-07-19 21:57:00.005451 - Epoc #	8410	 16.203747987747192
2023-07-19 21:57:17.870601 - Epoc #	8420	 17.865149974822998
2023-07-19 21:57:21.803886 - Time between reward step: #	14162.189437866211
2023-07-19 21:57:21.803886 - Average Score: 25.000 Elapsed time: 3:56:03.304873
2023-07-19 21:57:42.321408 - Epoc #	8430	 24.450807094573975
2023-07-19 21:58:06.503629 - Time between reward step: #	14206.889180898666
2023-07-19 21:58:06.503629 - Average Score: 26.000 Elapsed time: 3:56:48.007081
2023-07-19 21:58:06.503629 - Epoc #	8440	 24.182220935821533
2023-07-19 21:58:23.852772 - Time between reward step: #	14224.238323926926
2023-07-19 21:58:23.852772 - Average Score: 27.000 Elapsed time: 3:57:05.356942
2023-07-19 21:58:32.790682 - Epoc #	8450	 26.287053108215332
2023-07-19 21:58:51.540055 - Epoc #	8460	 18.749372959136963
2023-07-19 21:59:12.042372 - Epoc #	8470	 20.50231695175171
2023-07-19 21:59:43.948436 - Epoc #	8480	 31.9060640335083
2023-07-19 21:59:58.380923 - Epoc #	8490	 14.43248701095581
2023-07-19 22:00:18.822724 - Epoc #	8500	 20.441801071166992
2023-07-19 22:00:37.831880 - Epoc #	8510	 19.009155988693237
2023-07-19 22:00:59.732967 - Epoc #	8520	 21.901086807250977
2023-07-19 22:01:18.424043 - Epoc #	8530	 18.691076040267944
2023-07-19 22:01:41.911208 - Epoc #	8540	 23.487164974212646
2023-07-19 22:01:55.945186 - Epoc #	8550	 14.03397798538208
2023-07-19 22:02:19.368705 - Epoc #	8560	 23.423519134521484
2023-07-19 22:02:45.858812 - Epoc #	8570	 26.49010705947876
2023-07-19 22:03:04.279322 - Epoc #	8580	 18.420509815216064
2023-07-19 22:03:23.029188 - Epoc #	8590	 18.749866008758545
2023-07-19 22:03:46.785327 - Epoc #	8600	 23.756139039993286
2023-07-19 22:04:08.515878 - Epoc #	8610	 21.73055100440979
2023-07-19 22:04:29.032177 - Epoc #	8620	 20.51629900932312
2023-07-19 22:04:47.720952 - Epoc #	8630	 18.688775062561035
2023-07-19 22:05:05.103144 - Epoc #	8640	 17.3821918964386
2023-07-19 22:05:27.279320 - Epoc #	8650	 22.176176071166992
2023-07-19 22:05:49.685470 - Epoc #	8660	 22.406150102615356
2023-07-19 22:06:08.471506 - Epoc #	8670	 18.786036014556885
2023-07-19 22:06:22.956125 - Epoc #	8680	 14.484618902206421
2023-07-19 22:06:40.730463 - Epoc #	8690	 17.774338006973267
2023-07-19 22:07:01.250736 - Epoc #	8700	 20.520272970199585
2023-07-19 22:07:20.364416 - Epoc #	8710	 19.113679885864258
2023-07-19 22:07:44.978028 - Epoc #	8720	 24.613612174987793
2023-07-19 22:08:00.259422 - Epoc #	8730	 15.281394004821777
2023-07-19 22:08:17.804852 - Epoc #	8740	 17.545429944992065
2023-07-19 22:08:35.729935 - Epoc #	8750	 17.92508292198181
2023-07-19 22:09:02.460384 - Epoc #	8760	 26.730448961257935
2023-07-19 22:09:18.587879 - Epoc #	8770	 16.127495050430298
2023-07-19 22:09:39.009142 - Epoc #	8780	 20.421262979507446
2023-07-19 22:10:01.777739 - Epoc #	8790	 22.76859712600708
2023-07-19 22:10:22.244995 - Epoc #	8800	 20.46725606918335
2023-07-19 22:10:47.314529 - Epoc #	8810	 25.069533824920654
2023-07-19 22:11:11.050190 - Epoc #	8820	 23.735661029815674
2023-07-19 22:11:29.123198 - Epoc #	8830	 18.073008060455322
2023-07-19 22:11:46.988702 - Epoc #	8840	 17.865504026412964
2023-07-19 22:12:06.312116 - Epoc #	8850	 19.323413848876953
2023-07-19 22:12:27.135539 - Epoc #	8860	 20.823423147201538
2023-07-19 22:12:49.407709 - Epoc #	8870	 22.272169828414917
2023-07-19 22:13:05.106399 - Epoc #	8880	 15.698690176010132
2023-07-19 22:13:23.128442 - Epoc #	8890	 18.022042989730835
2023-07-19 22:13:48.816646 - Epoc #	8900	 25.688204050064087
2023-07-19 22:14:09.989377 - Epoc #	8910	 21.172730922698975
2023-07-19 22:14:29.736237 - Epoc #	8920	 19.746860027313232
2023-07-19 22:14:53.253493 - Epoc #	8930	 23.517256021499634
2023-07-19 22:15:14.045981 - Epoc #	8940	 20.792487859725952
2023-07-19 22:15:31.928339 - Epoc #	8950	 17.882358074188232
2023-07-19 22:15:52.384692 - Epoc #	8960	 20.456352949142456
2023-07-19 22:16:17.048106 - Epoc #	8970	 24.663414001464844
2023-07-19 22:16:32.284250 - Epoc #	8980	 15.236144065856934
2023-07-19 22:16:48.436156 - Epoc #	8990	 16.15190601348877
2023-07-19 22:17:14.049313 - Epoc #	9000	 25.613157033920288
2023-07-19 22:17:36.423801 - Epoc #	9010	 22.37448787689209
2023-07-19 22:17:53.604920 - Epoc #	9020	 17.181118965148926
2023-07-19 22:18:13.504414 - Epoc #	9030	 19.899494171142578
2023-07-19 22:18:39.815882 - Epoc #	9040	 26.31146788597107
2023-07-19 22:19:04.769587 - Epoc #	9050	 24.953705072402954
2023-07-19 22:19:21.829915 - Epoc #	9060	 17.060328006744385
2023-07-19 22:19:42.749218 - Epoc #	9070	 20.919302940368652
2023-07-19 22:20:00.255178 - Epoc #	9080	 17.50595998764038
2023-07-19 22:20:18.104469 - Epoc #	9090	 17.8492910861969
2023-07-19 22:20:43.881565 - Epoc #	9100	 25.777096033096313
2023-07-19 22:21:02.079659 - Epoc #	9110	 18.1980938911438
2023-07-19 22:21:25.703239 - Epoc #	9120	 23.62357997894287
2023-07-19 22:21:40.405255 - Epoc #	9130	 14.702016115188599
2023-07-19 22:21:54.272562 - Epoc #	9140	 13.86730694770813
2023-07-19 22:22:17.798099 - Epoc #	9150	 23.52553701400757
2023-07-19 22:22:33.871960 - Epoc #	9160	 16.07386088371277
2023-07-19 22:22:56.297541 - Epoc #	9170	 22.425580978393555
2023-07-19 22:23:10.010890 - Epoc #	9180	 13.713349103927612
2023-07-19 22:23:27.514029 - Epoc #	9190	 17.50313901901245
2023-07-19 22:23:49.103272 - Epoc #	9200	 21.589242935180664
2023-07-19 22:24:11.826970 - Epoc #	9210	 22.723698139190674
2023-07-19 22:24:30.530620 - Epoc #	9220	 18.70364999771118
2023-07-19 22:24:56.791505 - Epoc #	9230	 26.260885000228882
2023-07-19 22:25:17.196786 - Epoc #	9240	 20.405280828475952
2023-07-19 22:25:38.626558 - Epoc #	9250	 21.42977213859558
2023-07-19 22:26:01.399081 - Epoc #	9260	 22.772522926330566
2023-07-19 22:26:24.726313 - Epoc #	9270	 23.327232122421265
2023-07-19 22:26:47.536753 - Epoc #	9280	 22.810439825057983
2023-07-19 22:27:11.090363 - Epoc #	9290	 23.55361008644104
2023-07-19 22:27:31.163252 - Epoc #	9300	 20.07288908958435
2023-07-19 22:27:54.309636 - Epoc #	9310	 23.1463840007782
2023-07-19 22:28:17.775537 - Epoc #	9320	 23.465900897979736
2023-07-19 22:28:40.274796 - Epoc #	9330	 22.499258995056152
2023-07-19 22:29:02.663706 - Epoc #	9340	 22.388910055160522
2023-07-19 22:29:22.114407 - Epoc #	9350	 19.450700998306274
2023-07-19 22:29:46.782457 - Epoc #	9360	 24.668050050735474
2023-07-19 22:30:09.045665 - Epoc #	9370	 22.26320791244507
2023-07-19 22:30:28.498450 - Epoc #	9380	 19.4527850151062
2023-07-19 22:30:52.644570 - Epoc #	9390	 24.146120071411133
2023-07-19 22:31:14.783574 - Epoc #	9400	 22.13900399208069
2023-07-19 22:31:34.293388 - Epoc #	9410	 19.50981378555298
2023-07-19 22:31:50.185411 - Epoc #	9420	 15.892023086547852
2023-07-19 22:32:15.351656 - Epoc #	9430	 25.166244983673096
2023-07-19 22:32:37.186670 - Epoc #	9440	 21.83501410484314
2023-07-19 22:33:00.195449 - Epoc #	9450	 23.008779048919678
2023-07-19 22:33:20.182128 - Epoc #	9460	 19.98667883872986
2023-07-19 22:33:42.336763 - Epoc #	9470	 22.154634952545166
2023-07-19 22:34:01.538155 - Epoc #	9480	 19.20139217376709
2023-07-19 22:34:23.153909 - Epoc #	9490	 21.615753889083862
2023-07-19 22:34:42.744128 - Epoc #	9500	 19.590219020843506
2023-07-19 22:35:03.110146 - Epoc #	9510	 20.366018056869507
2023-07-19 22:35:21.128604 - Epoc #	9520	 18.018457889556885
2023-07-19 22:35:42.278465 - Epoc #	9530	 21.149861097335815
2023-07-19 22:36:08.824992 - Epoc #	9540	 26.54652690887451
2023-07-19 22:36:29.117732 - Epoc #	9550	 20.29274010658264
2023-07-19 22:36:47.993558 - Epoc #	9560	 18.875825881958008
2023-07-19 22:37:05.887558 - Epoc #	9570	 17.89400005340576
2023-07-19 22:37:22.616193 - Epoc #	9580	 16.72863507270813
2023-07-19 22:37:45.934136 - Epoc #	9590	 23.31794285774231
2023-07-19 22:38:02.977386 - Epoc #	9600	 17.04325008392334
2023-07-19 22:38:25.209578 - Epoc #	9610	 22.232192039489746
2023-07-19 22:38:43.462879 - Epoc #	9620	 18.25330090522766
2023-07-19 22:39:05.157938 - Epoc #	9630	 21.695059061050415
2023-07-19 22:39:24.547097 - Epoc #	9640	 19.389158964157104
2023-07-19 22:39:46.138594 - Epoc #	9650	 21.59149694442749
2023-07-19 22:40:10.896234 - Epoc #	9660	 24.75764012336731
2023-07-19 22:40:25.780839 - Epoc #	9670	 14.884604930877686
2023-07-19 22:40:43.399390 - Epoc #	9680	 17.618551015853882
2023-07-19 22:41:08.489761 - Epoc #	9690	 25.090371131896973
2023-07-19 22:41:33.984984 - Epoc #	9700	 25.495222806930542
2023-07-19 22:42:00.311597 - Epoc #	9710	 26.326613187789917
2023-07-19 22:42:21.610495 - Epoc #	9720	 21.298897981643677
2023-07-19 22:42:40.633930 - Epoc #	9730	 19.02343487739563
2023-07-19 22:43:06.616805 - Epoc #	9740	 25.982875108718872
2023-07-19 22:43:23.391962 - Epoc #	9750	 16.77515697479248
2023-07-19 22:43:46.865500 - Epoc #	9760	 23.473537921905518
2023-07-19 22:44:06.999443 - Epoc #	9770	 20.1339430809021
2023-07-19 22:44:20.582574 - Time between reward step: #	16980.96812582016
2023-07-19 22:44:20.582574 - Average Score: 28.000 Elapsed time: 4:43:02.079306
2023-07-19 22:44:29.278047 - Epoc #	9780	 22.27860403060913
2023-07-19 22:44:49.862097 - Epoc #	9790	 20.584049940109253
2023-07-19 22:45:06.686824 - Epoc #	9800	 16.824727058410645
2023-07-19 22:45:22.549626 - Epoc #	9810	 15.862802028656006
2023-07-19 22:45:43.079408 - Epoc #	9820	 20.529781818389893
2023-07-19 22:46:10.488806 - Epoc #	9830	 27.409398078918457
2023-07-19 22:46:30.057635 - Epoc #	9840	 19.56882905960083
2023-07-19 22:46:53.719703 - Epoc #	9850	 23.662067890167236
2023-07-19 22:47:19.014751 - Epoc #	9860	 25.295047998428345
2023-07-19 22:47:41.583981 - Epoc #	9870	 22.56923007965088
2023-07-19 22:48:05.934969 - Epoc #	9880	 24.350987911224365
2023-07-19 22:48:26.746667 - Epoc #	9890	 20.811697959899902
2023-07-19 22:48:47.952024 - Epoc #	9900	 21.20535707473755
2023-07-19 22:49:11.965054 - Epoc #	9910	 24.01303005218506
2023-07-19 22:49:32.890192 - Epoc #	9920	 20.925137996673584
2023-07-19 22:49:50.848439 - Epoc #	9930	 17.95824694633484
2023-07-19 22:50:10.091086 - Epoc #	9940	 19.24264693260193
2023-07-19 22:50:34.596142 - Epoc #	9950	 24.505056142807007
2023-07-19 22:50:55.400656 - Epoc #	9960	 20.804513931274414
2023-07-19 22:51:14.157090 - Epoc #	9970	 18.756433963775635
2023-07-19 22:51:29.017369 - Epoc #	9980	 14.860279083251953
2023-07-19 22:51:48.785317 - Epoc #	9990	 19.767947912216187
2023-07-19 22:52:10.458710 - Epoc #	10000	 21.67339301109314
2023-07-19 22:52:26.699870 - Epoc #	10010	 16.24116015434265
2023-07-19 22:52:40.930734 - Epoc #	10020	 14.230863809585571
2023-07-19 22:53:08.904072 - Epoc #	10030	 27.97333812713623
2023-07-19 22:53:34.124614 - Epoc #	10040	 25.220541954040527
2023-07-19 22:53:53.051260 - Epoc #	10050	 18.9266459941864
2023-07-19 22:54:12.488254 - Epoc #	10060	 19.436994075775146
2023-07-19 22:54:38.084325 - Epoc #	10070	 25.596071004867554
2023-07-19 22:54:58.635265 - Epoc #	10080	 20.55094003677368
2023-07-19 22:55:22.922587 - Epoc #	10090	 24.28732180595398
2023-07-19 22:55:47.527117 - Epoc #	10100	 24.604530096054077
2023-07-19 22:56:07.033838 - Epoc #	10110	 19.506721019744873
2023-07-19 22:56:26.181588 - Epoc #	10120	 19.14774990081787
2023-07-19 22:56:50.766823 - Epoc #	10130	 24.585235118865967
2023-07-19 22:57:12.529721 - Epoc #	10140	 21.762897968292236
2023-07-19 22:57:33.908029 - Epoc #	10150	 21.378308057785034
2023-07-19 22:57:55.374495 - Epoc #	10160	 21.466465950012207
2023-07-19 22:58:02.523223 - Time between reward step: #	17802.908774852753
2023-07-19 22:58:02.523223 - Average Score: 29.000 Elapsed time: 4:56:44.024213
2023-07-19 22:58:16.341416 - Epoc #	10170	 20.966920852661133
2023-07-19 22:58:40.455751 - Time between reward step: #	17840.841302871704
2023-07-19 22:58:40.455751 - Average Score: 30.000 Elapsed time: 4:57:21.950176
2023-07-19 22:58:40.455751 - Epoc #	10180	 24.11433506011963
2023-07-19 22:59:02.272578 - Epoc #	10190	 21.816827058792114
2023-07-19 22:59:26.807811 - Epoc #	10200	 24.53523302078247
2023-07-19 22:59:39.071855 - Time between reward step: #	17899.45740699768
2023-07-19 22:59:39.071855 - Average Score: 31.000 Elapsed time: 4:58:20.569474
2023-07-19 22:59:46.083482 - Epoc #	10210	 19.275671005249023
2023-07-19 23:00:06.919707 - Epoc #	10220	 20.836225032806396
2023-07-19 23:00:27.932034 - Time between reward step: #	17948.31758594513
2023-07-19 23:00:27.932034 - Average Score: 32.000 Elapsed time: 4:59:09.435273
2023-07-19 23:00:31.045936 - Epoc #	10230	 24.12622904777527
2023-07-19 23:00:33.200169 - Time between reward step: #	17953.58572101593
2023-07-19 23:00:33.200169 - Average Score: 33.000 Elapsed time: 4:59:14.695126
2023-07-19 23:00:46.951510 - Time between reward step: #	17967.33706188202
2023-07-19 23:00:46.951510 - Average Score: 34.000 Elapsed time: 4:59:28.444536
2023-07-19 23:00:48.853594 - Epoc #	10240	 17.807657957077026
2023-07-19 23:01:07.189077 - Epoc #	10250	 18.335482835769653
2023-07-19 23:01:30.383496 - Time between reward step: #	18010.76904797554
2023-07-19 23:01:30.383496 - Average Score: 35.000 Elapsed time: 5:00:11.884881
2023-07-19 23:01:30.383496 - Epoc #	10260	 23.194419145584106
2023-07-19 23:01:48.787633 - Epoc #	10270	 18.404136896133423
2023-07-19 23:02:19.414377 - Epoc #	10280	 30.626744031906128
2023-07-19 23:02:43.870806 - Epoc #	10290	 24.45642900466919
2023-07-19 23:03:08.027915 - Epoc #	10300	 24.157109022140503
2023-07-19 23:03:28.757986 - Epoc #	10310	 20.73007106781006
2023-07-19 23:03:50.477557 - Epoc #	10320	 21.719570875167847
2023-07-19 23:04:16.317692 - Epoc #	10330	 25.840135097503662
2023-07-19 23:04:34.935511 - Epoc #	10340	 18.61781907081604
2023-07-19 23:04:53.159686 - Epoc #	10350	 18.224174976348877
2023-07-19 23:05:13.420258 - Epoc #	10360	 20.26057195663452
2023-07-19 23:05:38.122648 - Epoc #	10370	 24.70238995552063
2023-07-19 23:06:00.587106 - Epoc #	10380	 22.464457988739014
2023-07-19 23:06:23.266010 - Epoc #	10390	 22.678904056549072
2023-07-19 23:06:44.635932 - Epoc #	10400	 21.369921922683716
2023-07-19 23:07:05.345366 - Epoc #	10410	 20.709434032440186
2023-07-19 23:07:23.160436 - Epoc #	10420	 17.815069913864136
2023-07-19 23:07:45.472927 - Epoc #	10430	 22.312491178512573
2023-07-19 23:08:09.087123 - Epoc #	10440	 23.614195823669434
2023-07-19 23:08:28.114625 - Epoc #	10450	 19.027502059936523
2023-07-19 23:08:48.837433 - Epoc #	10460	 20.722808122634888
2023-07-19 23:09:02.640724 - Epoc #	10470	 13.803290843963623
2023-07-19 23:09:27.103317 - Epoc #	10480	 24.46259307861328
2023-07-19 23:09:52.474687 - Epoc #	10490	 25.37137007713318
2023-07-19 23:10:13.348633 - Epoc #	10500	 20.873945951461792
2023-07-19 23:10:38.144481 - Epoc #	10510	 24.79584789276123
2023-07-19 23:10:55.560509 - Epoc #	10520	 17.416028022766113
2023-07-19 23:11:17.868597 - Epoc #	10530	 22.308088064193726
2023-07-19 23:11:32.723291 - Epoc #	10540	 14.85469388961792
2023-07-19 23:11:51.474119 - Epoc #	10550	 18.75082802772522
2023-07-19 23:12:14.164217 - Epoc #	10560	 22.69009804725647
2023-07-19 23:12:39.962666 - Epoc #	10570	 25.79844903945923
2023-07-19 23:12:58.532810 - Epoc #	10580	 18.570143938064575
2023-07-19 23:13:16.445989 - Epoc #	10590	 17.91317892074585
2023-07-19 23:13:44.148719 - Epoc #	10600	 27.702730178833008
2023-07-19 23:14:05.230070 - Epoc #	10610	 21.081351041793823
2023-07-19 23:14:28.304362 - Epoc #	10620	 23.074291944503784
2023-07-19 23:14:52.368671 - Epoc #	10630	 24.064308881759644
2023-07-19 23:15:19.156838 - Epoc #	10640	 26.788166999816895
2023-07-19 23:15:37.099468 - Epoc #	10650	 17.94263005256653
2023-07-19 23:15:56.691813 - Epoc #	10660	 19.592344999313354
2023-07-19 23:16:16.108548 - Epoc #	10670	 19.41673493385315
2023-07-19 23:16:38.372915 - Epoc #	10680	 22.26436710357666
2023-07-19 23:16:59.048679 - Epoc #	10690	 20.675764083862305
2023-07-19 23:17:27.392893 - Epoc #	10700	 28.34421396255493
2023-07-19 23:17:44.902725 - Epoc #	10710	 17.50983190536499
2023-07-19 23:18:02.668607 - Epoc #	10720	 17.76588201522827
2023-07-19 23:18:30.135190 - Epoc #	10730	 27.466583013534546
2023-07-19 23:18:45.257617 - Epoc #	10740	 15.122426986694336
2023-07-19 23:19:07.277395 - Epoc #	10750	 22.01977801322937
2023-07-19 23:19:30.963094 - Epoc #	10760	 23.685698986053467
2023-07-19 23:19:49.491666 - Epoc #	10770	 18.52857208251953
2023-07-19 23:20:10.189793 - Epoc #	10780	 20.698127031326294
2023-07-19 23:20:29.558071 - Epoc #	10790	 19.36827778816223
2023-07-19 23:20:57.899656 - Epoc #	10800	 28.341585159301758
2023-07-19 23:21:27.921063 - Epoc #	10810	 30.021406888961792
2023-07-19 23:21:47.930544 - Epoc #	10820	 20.009480953216553
2023-07-19 23:22:11.593606 - Epoc #	10830	 23.66306209564209
2023-07-19 23:22:32.680013 - Epoc #	10840	 21.08640694618225
2023-07-19 23:22:58.753650 - Epoc #	10850	 26.073637008666992
2023-07-19 23:23:17.480433 - Epoc #	10860	 18.72678303718567
2023-07-19 23:23:41.818053 - Epoc #	10870	 24.33762001991272
2023-07-19 23:24:09.094157 - Epoc #	10880	 27.276103973388672
2023-07-19 23:24:31.567432 - Epoc #	10890	 22.47327494621277
2023-07-19 23:25:02.521123 - Epoc #	10900	 30.953691005706787
2023-07-19 23:25:30.280959 - Epoc #	10910	 27.759835958480835
2023-07-19 23:25:56.438104 - Epoc #	10920	 26.157145023345947
2023-07-19 23:26:22.267429 - Epoc #	10930	 25.829325199127197
2023-07-19 23:26:42.627282 - Epoc #	10940	 20.35985279083252
2023-07-19 23:27:01.255486 - Epoc #	10950	 18.628204107284546
2023-07-19 23:27:23.417191 - Epoc #	10960	 22.161705017089844
2023-07-19 23:27:45.475642 - Epoc #	10970	 22.058450937271118
2023-07-19 23:28:03.518782 - Epoc #	10980	 18.043139934539795
2023-07-19 23:28:26.207910 - Epoc #	10990	 22.689128160476685
2023-07-19 23:28:49.446883 - Epoc #	11000	 23.238972902297974
2023-07-19 23:29:12.477581 - Epoc #	11010	 23.03069806098938
2023-07-19 23:29:29.165107 - Epoc #	11020	 16.687525987625122
2023-07-19 23:29:56.360651 - Epoc #	11030	 27.195544004440308
2023-07-19 23:30:20.351942 - Epoc #	11040	 23.991291046142578
2023-07-19 23:30:36.738676 - Epoc #	11050	 16.386734008789062
2023-07-19 23:30:59.185522 - Epoc #	11060	 22.44684600830078
2023-07-19 23:31:24.673497 - Epoc #	11070	 25.487974882125854
2023-07-19 23:31:46.543925 - Epoc #	11080	 21.87042808532715
2023-07-19 23:32:15.135310 - Epoc #	11090	 28.591384887695312
2023-07-19 23:32:41.701451 - Epoc #	11100	 26.56614112854004
2023-07-19 23:33:01.007881 - Epoc #	11110	 19.306429862976074
2023-07-19 23:33:23.552117 - Epoc #	11120	 22.544236183166504
2023-07-19 23:33:46.266450 - Epoc #	11130	 22.714332818984985
2023-07-19 23:34:05.478572 - Epoc #	11140	 19.212121963500977
2023-07-19 23:34:30.020173 - Epoc #	11150	 24.541601181030273
2023-07-19 23:34:50.280355 - Epoc #	11160	 20.26018190383911
2023-07-19 23:35:08.109583 - Epoc #	11170	 17.829227924346924
2023-07-19 23:35:29.693291 - Epoc #	11180	 21.58370804786682
2023-07-19 23:35:56.067029 - Epoc #	11190	 26.373738050460815
2023-07-19 23:36:19.782041 - Epoc #	11200	 23.715012073516846
2023-07-19 23:36:32.681505 - Epoc #	11210	 12.899463891983032
2023-07-19 23:36:56.768935 - Epoc #	11220	 24.087430000305176
2023-07-19 23:37:20.773657 - Epoc #	11230	 24.004722118377686
2023-07-19 23:37:42.548777 - Epoc #	11240	 21.77512001991272
2023-07-19 23:38:00.647986 - Epoc #	11250	 18.09920883178711
2023-07-19 23:38:28.656037 - Epoc #	11260	 28.00805115699768
2023-07-19 23:38:52.585636 - Epoc #	11270	 23.929598808288574
2023-07-19 23:39:18.133105 - Epoc #	11280	 25.54746913909912
2023-07-19 23:39:38.415333 - Epoc #	11290	 20.282227993011475
2023-07-19 23:39:59.266077 - Epoc #	11300	 20.850744009017944
2023-07-19 23:40:27.266653 - Epoc #	11310	 28.00057601928711
2023-07-19 23:40:50.156455 - Epoc #	11320	 22.88980197906494
2023-07-19 23:41:16.047174 - Epoc #	11330	 25.890718936920166
2023-07-19 23:41:33.385755 - Epoc #	11340	 17.338581085205078
2023-07-19 23:41:57.693033 - Epoc #	11350	 24.30727791786194
2023-07-19 23:42:20.376166 - Epoc #	11360	 22.683133125305176
2023-07-19 23:42:44.320434 - Epoc #	11370	 23.944267988204956
2023-07-19 23:43:04.989414 - Epoc #	11380	 20.66897988319397
2023-07-19 23:43:31.084895 - Epoc #	11390	 26.095480918884277
2023-07-19 23:43:54.708358 - Epoc #	11400	 23.62346315383911
2023-07-19 23:44:19.839849 - Epoc #	11410	 25.13149094581604
2023-07-19 23:44:40.804448 - Epoc #	11420	 20.964598894119263
2023-07-19 23:45:01.782428 - Epoc #	11430	 20.977980136871338
2023-07-19 23:45:28.036501 - Epoc #	11440	 26.254072904586792
2023-07-19 23:45:48.552720 - Epoc #	11450	 20.51621913909912
2023-07-19 23:46:15.967188 - Epoc #	11460	 27.414467811584473
2023-07-19 23:46:43.287157 - Epoc #	11470	 27.319969177246094
2023-07-19 23:47:04.858835 - Epoc #	11480	 21.571677923202515
2023-07-19 23:47:24.261043 - Epoc #	11490	 19.40220808982849
2023-07-19 23:47:49.044539 - Epoc #	11500	 24.783495903015137
2023-07-19 23:48:09.987551 - Epoc #	11510	 20.94301199913025
2023-07-19 23:48:29.877114 - Epoc #	11520	 19.88956308364868
2023-07-19 23:48:57.736836 - Epoc #	11530	 27.859721899032593
2023-07-19 23:49:23.192266 - Epoc #	11540	 25.455430030822754
2023-07-19 23:49:46.270819 - Epoc #	11550	 23.078552961349487
2023-07-19 23:50:01.818299 - Epoc #	11560	 15.54748010635376
2023-07-19 23:50:21.485076 - Epoc #	11570	 19.66677689552307
2023-07-19 23:50:43.855720 - Epoc #	11580	 22.370644092559814
2023-07-19 23:51:09.272284 - Epoc #	11590	 25.416563987731934
2023-07-19 23:51:31.374353 - Epoc #	11600	 22.10206890106201
2023-07-19 23:51:52.186853 - Epoc #	11610	 20.8125
2023-07-19 23:52:16.340151 - Epoc #	11620	 24.153298139572144
2023-07-19 23:52:39.062056 - Epoc #	11630	 22.72190499305725
2023-07-19 23:53:01.761784 - Epoc #	11640	 22.69972801208496
2023-07-19 23:53:19.520594 - Epoc #	11650	 17.758809804916382
2023-07-19 23:53:45.138844 - Epoc #	11660	 25.618250131607056
2023-07-19 23:54:11.489284 - Epoc #	11670	 26.35044002532959
2023-07-19 23:54:35.222997 - Epoc #	11680	 23.733712911605835
2023-07-19 23:55:04.697989 - Epoc #	11690	 29.474992036819458
2023-07-19 23:55:26.978834 - Epoc #	11700	 22.280844926834106
2023-07-19 23:55:49.212704 - Epoc #	11710	 22.233870029449463
2023-07-19 23:56:13.085007 - Epoc #	11720	 23.872303009033203
2023-07-19 23:56:37.240901 - Epoc #	11730	 24.1558940410614
2023-07-19 23:57:05.103244 - Epoc #	11740	 27.862343072891235
2023-07-19 23:57:26.942760 - Epoc #	11750	 21.839515924453735
2023-07-19 23:57:46.677199 - Epoc #	11760	 19.7344388961792
2023-07-19 23:58:11.470318 - Epoc #	11770	 24.793119192123413
2023-07-19 23:58:38.919628 - Epoc #	11780	 27.449309825897217
2023-07-19 23:58:56.908006 - Epoc #	11790	 17.988378047943115
2023-07-19 23:59:16.370663 - Epoc #	11800	 19.46265697479248
2023-07-19 23:59:34.816170 - Epoc #	11810	 18.445507049560547
2023-07-19 23:59:44.194004 - Time between reward step: #	21504.57955598831
2023-07-19 23:59:44.194004 - Average Score: 36.000 Elapsed time: 5:58:25.690537
2023-07-19 23:59:46.851552 - Time between reward step: #	21507.237103939056
2023-07-19 23:59:46.851552 - Average Score: 37.000 Elapsed time: 5:58:28.355442
2023-07-19 23:59:49.162396 - Time between reward step: #	21509.547947883606
2023-07-19 23:59:49.162396 - Average Score: 38.000 Elapsed time: 5:58:30.668255
2023-07-19 23:59:51.489368 - Time between reward step: #	21511.874919891357
2023-07-19 23:59:51.489368 - Average Score: 39.000 Elapsed time: 5:58:32.989166
2023-07-19 23:59:54.460345 - Time between reward step: #	21514.845896959305
2023-07-19 23:59:54.460345 - Average Score: 40.000 Elapsed time: 5:58:35.959637
2023-07-19 23:59:56.816769 - Time between reward step: #	21517.202320814133
2023-07-19 23:59:56.816769 - Average Score: 41.000 Elapsed time: 5:58:38.312434
2023-07-19 23:59:58.923495 - Epoc #	11820	 24.107325077056885
2023-07-20 00:00:13.163114 - Time between reward step: #	21533.548666000366
2023-07-20 00:00:13.163114 - Average Score: 42.000 Elapsed time: 5:58:54.662628
2023-07-20 00:00:15.567947 - Time between reward step: #	21535.953498840332
2023-07-20 00:00:15.567947 - Average Score: 43.000 Elapsed time: 5:58:57.066169
2023-07-20 00:00:24.542024 - Epoc #	11830	 25.618528842926025
2023-07-20 00:00:31.959588 - Time between reward step: #	21552.345139980316
2023-07-20 00:00:31.959588 - Average Score: 44.000 Elapsed time: 5:59:13.450753
2023-07-20 00:00:43.696816 - Epoc #	11840	 19.154792070388794
2023-07-20 00:01:08.528590 - Epoc #	11850	 24.83177399635315
2023-07-20 00:01:30.783638 - Epoc #	11860	 22.255048036575317
2023-07-20 00:01:52.859594 - Epoc #	11870	 22.075956106185913
2023-07-20 00:02:09.241890 - Epoc #	11880	 16.382295846939087
2023-07-20 00:02:32.410730 - Epoc #	11890	 23.168839931488037
2023-07-20 00:02:59.210126 - Epoc #	11900	 26.79939603805542
2023-07-20 00:03:20.755985 - Epoc #	11910	 21.54585909843445
2023-07-20 00:03:42.224651 - Epoc #	11920	 21.468666076660156
2023-07-20 00:04:03.044718 - Epoc #	11930	 20.820066928863525
2023-07-20 00:04:25.688660 - Epoc #	11940	 22.64394187927246
2023-07-20 00:04:51.302541 - Epoc #	11950	 25.61388111114502
2023-07-20 00:05:17.245778 - Epoc #	11960	 25.94323706626892
2023-07-20 00:05:44.321905 - Epoc #	11970	 27.07612681388855
2023-07-20 00:05:59.713960 - Epoc #	11980	 15.392055034637451
2023-07-20 00:06:23.609054 - Epoc #	11990	 23.89509415626526
2023-07-20 00:06:41.059795 - Epoc #	12000	 17.450740814208984
2023-07-20 00:07:02.815890 - Epoc #	12010	 21.75609517097473
2023-07-20 00:07:26.991143 - Epoc #	12020	 24.17525291442871
2023-07-20 00:07:45.336753 - Epoc #	12030	 18.34560990333557
2023-07-20 00:08:09.873912 - Epoc #	12040	 24.537159204483032
2023-07-20 00:08:28.970158 - Epoc #	12050	 19.096246004104614
2023-07-20 00:08:54.528439 - Epoc #	12060	 25.55828094482422
2023-07-20 00:09:17.778972 - Epoc #	12070	 23.250532865524292
2023-07-20 00:09:41.207235 - Epoc #	12080	 23.428263187408447
2023-07-20 00:10:06.135770 - Epoc #	12090	 24.928534984588623
2023-07-20 00:10:25.118577 - Epoc #	12100	 18.98280692100525
2023-07-20 00:10:54.242633 - Epoc #	12110	 29.124056100845337
2023-07-20 00:11:19.859640 - Epoc #	12120	 25.61700677871704
2023-07-20 00:11:44.997295 - Epoc #	12130	 25.137655019760132
2023-07-20 00:12:07.202787 - Epoc #	12140	 22.20549201965332
2023-07-20 00:12:27.909980 - Epoc #	12150	 20.70719313621521
2023-07-20 00:12:51.843246 - Epoc #	12160	 23.933265924453735
2023-07-20 00:13:14.766520 - Epoc #	12170	 22.923274040222168
2023-07-20 00:13:37.393050 - Epoc #	12180	 22.626529932022095
2023-07-20 00:14:04.089054 - Epoc #	12190	 26.696004152297974
2023-07-20 00:14:28.208058 - Epoc #	12200	 24.119004011154175
2023-07-20 00:14:45.707042 - Epoc #	12210	 17.49898386001587
2023-07-20 00:15:09.335578 - Epoc #	12220	 23.628535985946655
2023-07-20 00:15:36.634502 - Epoc #	12230	 27.2989239692688
2023-07-20 00:15:58.954841 - Epoc #	12240	 22.32033896446228
2023-07-20 00:16:21.145880 - Epoc #	12250	 22.191039085388184
2023-07-20 00:16:45.913983 - Epoc #	12260	 24.76810312271118
2023-07-20 00:17:13.002248 - Epoc #	12270	 27.08826494216919
2023-07-20 00:17:37.242705 - Epoc #	12280	 24.24045705795288
2023-07-20 00:18:02.387294 - Epoc #	12290	 25.144588947296143
2023-07-20 00:18:28.647457 - Epoc #	12300	 26.260162830352783
2023-07-20 00:18:49.147615 - Epoc #	12310	 20.500158071517944
2023-07-20 00:19:12.298573 - Epoc #	12320	 23.15095806121826
2023-07-20 00:19:38.241752 - Epoc #	12330	 25.94317889213562
2023-07-20 00:20:00.679858 - Epoc #	12340	 22.438106060028076
2023-07-20 00:20:24.658450 - Epoc #	12350	 23.978591918945312
2023-07-20 00:20:49.721870 - Epoc #	12360	 25.063420057296753
2023-07-20 00:21:08.289762 - Epoc #	12370	 18.56789207458496
2023-07-20 00:21:37.330364 - Epoc #	12380	 29.04060196876526
2023-07-20 00:22:05.993615 - Epoc #	12390	 28.66325092315674
2023-07-20 00:22:30.598572 - Epoc #	12400	 24.604957103729248
2023-07-20 00:22:53.548663 - Epoc #	12410	 22.950090885162354
2023-07-20 00:23:23.466322 - Epoc #	12420	 29.917659044265747
2023-07-20 00:23:46.433212 - Epoc #	12430	 22.96689009666443
2023-07-20 00:24:10.463209 - Epoc #	12440	 24.029996871948242
2023-07-20 00:24:37.385914 - Epoc #	12450	 26.92270517349243
2023-07-20 00:25:04.633119 - Epoc #	12460	 27.247205018997192
2023-07-20 00:25:26.377944 - Epoc #	12470	 21.74482488632202
2023-07-20 00:25:49.391256 - Epoc #	12480	 23.013312101364136
2023-07-20 00:26:12.021162 - Epoc #	12490	 22.629905939102173
2023-07-20 00:26:35.895383 - Epoc #	12500	 23.874220848083496
2023-07-20 00:26:57.290960 - Epoc #	12510	 21.39557719230652
2023-07-20 00:27:20.780926 - Epoc #	12520	 23.48996591567993
2023-07-20 00:27:48.550521 - Epoc #	12530	 27.76959490776062
2023-07-20 00:28:12.489543 - Epoc #	12540	 23.939022064208984
2023-07-20 00:28:32.600570 - Epoc #	12550	 20.111027002334595
2023-07-20 00:28:57.522408 - Epoc #	12560	 24.92183804512024
2023-07-20 00:29:24.805252 - Epoc #	12570	 27.282844066619873
2023-07-20 00:29:41.610685 - Epoc #	12580	 16.80543303489685
2023-07-20 00:30:02.699491 - Epoc #	12590	 21.08880591392517
2023-07-20 00:30:22.030075 - Epoc #	12600	 19.330584049224854
2023-07-20 00:30:39.161573 - Epoc #	12610	 17.131497859954834
2023-07-20 00:31:06.248881 - Epoc #	12620	 27.087308168411255
2023-07-20 00:31:29.876598 - Epoc #	12630	 23.627716779708862
2023-07-20 00:31:54.890106 - Epoc #	12640	 25.013508081436157
2023-07-20 00:32:13.060601 - Epoc #	12650	 18.17049503326416
2023-07-20 00:32:36.211761 - Epoc #	12660	 23.15116000175476
2023-07-20 00:33:01.046588 - Epoc #	12670	 24.834826946258545
2023-07-20 00:33:23.072393 - Epoc #	12680	 22.02580499649048
2023-07-20 00:33:48.224676 - Epoc #	12690	 25.15228295326233
2023-07-20 00:34:15.668566 - Epoc #	12700	 27.44389009475708
2023-07-20 00:34:41.441876 - Epoc #	12710	 25.77330994606018
2023-07-20 00:35:04.344736 - Epoc #	12720	 22.902860164642334
2023-07-20 00:35:27.759814 - Epoc #	12730	 23.415077924728394
2023-07-20 00:35:52.411344 - Epoc #	12740	 24.651530027389526
2023-07-20 00:36:19.780185 - Epoc #	12750	 27.36884093284607
2023-07-20 00:36:44.245726 - Epoc #	12760	 24.465541124343872
2023-07-20 00:37:02.358806 - Epoc #	12770	 18.11307978630066
2023-07-20 00:37:19.228524 - Epoc #	12780	 16.869718074798584
2023-07-20 00:37:37.151077 - Epoc #	12790	 17.922553062438965
2023-07-20 00:38:00.249210 - Epoc #	12800	 23.098132848739624
2023-07-20 00:38:25.010424 - Epoc #	12810	 24.761214017868042
2023-07-20 00:38:45.783808 - Epoc #	12820	 20.77338409423828
2023-07-20 00:39:04.221123 - Epoc #	12830	 18.437314987182617
2023-07-20 00:39:24.042841 - Epoc #	12840	 19.821717977523804
2023-07-20 00:39:46.917614 - Epoc #	12850	 22.874773025512695
2023-07-20 00:40:03.233905 - Epoc #	12860	 16.316291093826294
2023-07-20 00:40:28.114487 - Epoc #	12870	 24.880581855773926
2023-07-20 00:40:49.267408 - Epoc #	12880	 21.152920961380005
2023-07-20 00:41:15.867330 - Epoc #	12890	 26.59992218017578
2023-07-20 00:41:34.312153 - Epoc #	12900	 18.444823026657104
2023-07-20 00:41:54.137853 - Epoc #	12910	 19.82569980621338
2023-07-20 00:42:20.304316 - Epoc #	12920	 26.166463136672974
2023-07-20 00:42:40.549468 - Epoc #	12930	 20.24515199661255
2023-07-20 00:43:06.647021 - Epoc #	12940	 26.09755301475525
2023-07-20 00:43:29.388586 - Epoc #	12950	 22.741564989089966
2023-07-20 00:43:48.492434 - Epoc #	12960	 19.103847980499268
2023-07-20 00:44:12.572058 - Epoc #	12970	 24.07962393760681
2023-07-20 00:44:37.777315 - Epoc #	12980	 25.205256938934326
2023-07-20 00:45:04.963978 - Epoc #	12990	 27.186663150787354
2023-07-20 00:45:30.293827 - Epoc #	13000	 25.329849004745483
2023-07-20 00:45:57.782168 - Epoc #	13010	 27.488340854644775
2023-07-20 00:46:16.082341 - Epoc #	13020	 18.300173044204712
2023-07-20 00:46:36.033113 - Epoc #	13030	 19.950772047042847
2023-07-20 00:46:54.003008 - Epoc #	13040	 17.969894886016846
2023-07-20 00:47:19.236966 - Epoc #	13050	 25.23395800590515
2023-07-20 00:47:45.085864 - Epoc #	13060	 25.84889817237854
2023-07-20 00:48:10.454314 - Epoc #	13070	 25.368449926376343
2023-07-20 00:48:38.307643 - Epoc #	13080	 27.853328943252563
2023-07-20 00:48:59.583448 - Epoc #	13090	 21.27580499649048
2023-07-20 00:49:17.872929 - Epoc #	13100	 18.289481163024902
2023-07-20 00:49:42.807870 - Epoc #	13110	 24.934940814971924
2023-07-20 00:50:05.771885 - Epoc #	13120	 22.964015007019043
2023-07-20 00:50:31.513827 - Epoc #	13130	 25.741942167282104
2023-07-20 00:50:55.311685 - Epoc #	13140	 23.797857999801636
2023-07-20 00:51:16.369721 - Epoc #	13150	 21.058035850524902
2023-07-20 00:51:43.008030 - Epoc #	13160	 26.638309001922607
2023-07-20 00:52:05.905715 - Epoc #	13170	 22.897685050964355
2023-07-20 00:52:28.924841 - Epoc #	13180	 23.019125938415527
2023-07-20 00:52:51.783343 - Epoc #	13190	 22.85850214958191
2023-07-20 00:53:22.869184 - Epoc #	13200	 31.085840940475464
2023-07-20 00:53:43.141763 - Epoc #	13210	 20.272578954696655
2023-07-20 00:54:04.143113 - Epoc #	13220	 21.001349925994873
2023-07-20 00:54:30.133124 - Epoc #	13230	 25.99001121520996
2023-07-20 00:54:57.362218 - Epoc #	13240	 27.22909379005432
2023-07-20 00:55:17.088356 - Epoc #	13250	 19.7261381149292
2023-07-20 00:55:36.406925 - Epoc #	13260	 19.31856894493103
2023-07-20 00:55:55.521379 - Epoc #	13270	 19.1144540309906
2023-07-20 00:56:20.587217 - Epoc #	13280	 25.065838098526
2023-07-20 00:56:45.726797 - Epoc #	13290	 25.139580011367798
2023-07-20 00:57:07.002779 - Epoc #	13300	 21.275981903076172
2023-07-20 00:57:34.410490 - Epoc #	13310	 27.407711029052734
2023-07-20 00:57:55.627946 - Epoc #	13320	 21.217455863952637
2023-07-20 00:58:17.395308 - Epoc #	13330	 21.767362117767334
2023-07-20 00:58:37.651787 - Epoc #	13340	 20.256479024887085
2023-07-20 00:58:58.434074 - Epoc #	13350	 20.782286882400513
2023-07-20 00:59:19.578259 - Epoc #	13360	 21.144185066223145
2023-07-20 00:59:44.626900 - Epoc #	13370	 25.048640966415405
2023-07-20 01:00:07.962619 - Epoc #	13380	 23.335719108581543
2023-07-20 01:00:32.762014 - Epoc #	13390	 24.799394845962524
2023-07-20 01:01:02.653500 - Epoc #	13400	 29.891486167907715
2023-07-20 01:01:27.318077 - Epoc #	13410	 24.6645770072937
2023-07-20 01:01:46.969202 - Epoc #	13420	 19.651124954223633
2023-07-20 01:02:12.783575 - Epoc #	13430	 25.814373016357422
2023-07-20 01:02:39.014321 - Epoc #	13440	 26.230746030807495
2023-07-20 01:03:03.493536 - Epoc #	13450	 24.479214906692505
2023-07-20 01:03:29.838812 - Epoc #	13460	 26.34527611732483
2023-07-20 01:03:51.058245 - Epoc #	13470	 21.219432830810547
2023-07-20 01:04:12.918230 - Epoc #	13480	 21.85998511314392
2023-07-20 01:04:35.557364 - Epoc #	13490	 22.6391339302063
2023-07-20 01:04:54.389700 - Epoc #	13500	 18.832335948944092
2023-07-20 01:05:16.773461 - Epoc #	13510	 22.383761167526245
2023-07-20 01:05:39.527049 - Epoc #	13520	 22.7535879611969
2023-07-20 01:06:01.528235 - Epoc #	13530	 22.00118589401245
2023-07-20 01:06:26.142775 - Epoc #	13540	 24.614540100097656
2023-07-20 01:06:46.218094 - Epoc #	13550	 20.075319051742554
2023-07-20 01:07:05.686014 - Epoc #	13560	 19.46791982650757
2023-07-20 01:07:32.182674 - Epoc #	13570	 26.496659994125366
2023-07-20 01:07:56.430729 - Epoc #	13580	 24.24805498123169
2023-07-20 01:08:14.230341 - Epoc #	13590	 17.799612045288086
2023-07-20 01:08:37.850240 - Epoc #	13600	 23.619899034500122
2023-07-20 01:09:02.974363 - Epoc #	13610	 25.124123096466064
2023-07-20 01:09:27.061272 - Epoc #	13620	 24.08690881729126
2023-07-20 01:09:48.722933 - Epoc #	13630	 21.66166114807129
2023-07-20 01:10:11.394229 - Epoc #	13640	 22.671295881271362
2023-07-20 01:10:31.873180 - Epoc #	13650	 20.47895097732544
2023-07-20 01:10:55.336112 - Epoc #	13660	 23.462932109832764
2023-07-20 01:11:20.709755 - Epoc #	13670	 25.373642921447754
2023-07-20 01:11:42.535216 - Epoc #	13680	 21.8254611492157
2023-07-20 01:12:14.775834 - Epoc #	13690	 32.240617990493774
2023-07-20 01:12:38.752474 - Epoc #	13700	 23.976639986038208
2023-07-20 01:13:01.317999 - Epoc #	13710	 22.56552481651306
2023-07-20 01:13:27.731840 - Epoc #	13720	 26.413841009140015
2023-07-20 01:13:49.588202 - Epoc #	13730	 21.856362104415894
2023-07-20 01:14:15.174185 - Epoc #	13740	 25.58598303794861
2023-07-20 01:14:32.276720 - Epoc #	13750	 17.102535009384155
2023-07-20 01:14:57.287743 - Epoc #	13760	 25.01102304458618
2023-07-20 01:15:22.007778 - Epoc #	13770	 24.72003483772278
2023-07-20 01:15:44.760448 - Epoc #	13780	 22.75267004966736
2023-07-20 01:16:08.597022 - Epoc #	13790	 23.8365740776062
2023-07-20 01:16:32.115048 - Epoc #	13800	 23.518025875091553
2023-07-20 01:16:55.582835 - Epoc #	13810	 23.46778702735901
2023-07-20 01:17:24.468169 - Epoc #	13820	 28.885334014892578
2023-07-20 01:17:44.525370 - Epoc #	13830	 20.05720090866089
2023-07-20 01:18:08.482808 - Epoc #	13840	 23.957438230514526
2023-07-20 01:18:29.873858 - Epoc #	13850	 21.39104986190796
2023-07-20 01:18:56.840287 - Epoc #	13860	 26.966428995132446
2023-07-20 01:19:21.628772 - Epoc #	13870	 24.788485050201416
2023-07-20 01:19:47.422197 - Epoc #	13880	 25.7934250831604
2023-07-20 01:20:19.177514 - Epoc #	13890	 31.755316972732544
2023-07-20 01:20:50.383620 - Epoc #	13900	 31.206105947494507
2023-07-20 01:21:09.031252 - Epoc #	13910	 18.647631883621216
2023-07-20 01:21:31.720609 - Epoc #	13920	 22.689357042312622
2023-07-20 01:21:56.251304 - Epoc #	13930	 24.53069496154785
2023-07-20 01:22:24.697944 - Epoc #	13940	 28.446640014648438
2023-07-20 01:22:48.656716 - Epoc #	13950	 23.9587721824646
2023-07-20 01:23:11.675151 - Epoc #	13960	 23.01843500137329
2023-07-20 01:23:33.988919 - Epoc #	13970	 22.313767910003662
2023-07-20 01:23:54.856798 - Epoc #	13980	 20.867878913879395
2023-07-20 01:24:18.624675 - Epoc #	13990	 23.767877101898193
2023-07-20 01:24:34.780127 - Epoc #	14000	 16.155452013015747
2023-07-20 01:25:02.015456 - Epoc #	14010	 27.235328912734985
2023-07-20 01:25:25.558185 - Epoc #	14020	 23.542729139328003
2023-07-20 01:25:47.425012 - Epoc #	14030	 21.8668270111084
2023-07-20 01:26:10.349704 - Epoc #	14040	 22.924691915512085
2023-07-20 01:26:35.266793 - Epoc #	14050	 24.917088985443115
2023-07-20 01:27:01.194456 - Epoc #	14060	 25.92766308784485
2023-07-20 01:27:29.079876 - Epoc #	14070	 27.885419845581055
2023-07-20 01:27:53.368816 - Epoc #	14080	 24.288939952850342
2023-07-20 01:28:16.087202 - Epoc #	14090	 22.71838617324829
2023-07-20 01:28:44.780562 - Epoc #	14100	 28.693359851837158
2023-07-20 01:29:09.901207 - Epoc #	14110	 25.12064504623413
2023-07-20 01:29:34.691689 - Epoc #	14120	 24.79048204421997
2023-07-20 01:30:01.605539 - Epoc #	14130	 26.91385006904602
2023-07-20 01:30:03.996362 - Time between reward step: #	26924.381913900375
2023-07-20 01:30:03.996362 - Average Score: 45.000 Elapsed time: 7:28:45.495109
2023-07-20 01:30:06.419550 - Time between reward step: #	26926.80510187149
2023-07-20 01:30:06.419550 - Average Score: 46.000 Elapsed time: 7:28:47.916827
2023-07-20 01:30:15.182928 - Time between reward step: #	26935.5684800148
2023-07-20 01:30:15.182928 - Average Score: 47.000 Elapsed time: 7:28:56.682857
2023-07-20 01:30:23.944815 - Epoc #	14140	 22.33927583694458
2023-07-20 01:30:37.524361 - Time between reward step: #	26957.90991282463
2023-07-20 01:30:37.524361 - Average Score: 48.000 Elapsed time: 7:29:19.029213
2023-07-20 01:30:48.168930 - Time between reward step: #	26968.554481983185
2023-07-20 01:30:48.168930 - Average Score: 49.000 Elapsed time: 7:29:29.663678
2023-07-20 01:30:48.168930 - Epoc #	14150	 24.224115133285522
2023-07-20 01:31:13.507784 - Epoc #	14160	 25.33885383605957
2023-07-20 01:31:36.294468 - Epoc #	14170	 22.786684036254883
2023-07-20 01:31:56.899875 - Epoc #	14180	 20.605406999588013
2023-07-20 01:32:16.082561 - Epoc #	14190	 19.18268609046936
2023-07-20 01:32:35.929530 - Epoc #	14200	 19.84696888923645
2023-07-20 01:32:58.248417 - Epoc #	14210	 22.31888699531555
2023-07-20 01:33:13.160307 - Epoc #	14220	 14.911890029907227
2023-07-20 01:33:42.635409 - Epoc #	14230	 29.475102186203003
2023-07-20 01:34:08.731330 - Epoc #	14240	 26.09592080116272
2023-07-20 01:34:31.223501 - Epoc #	14250	 22.492171049118042
2023-07-20 01:34:56.756958 - Epoc #	14260	 25.533457040786743
2023-07-20 01:35:16.317207 - Epoc #	14270	 19.560249090194702
2023-07-20 01:35:44.948044 - Epoc #	14280	 28.630836963653564
2023-07-20 01:36:07.266350 - Epoc #	14290	 22.31830596923828
2023-07-20 01:36:30.019296 - Epoc #	14300	 22.75294589996338
2023-07-20 01:36:55.269152 - Epoc #	14310	 25.249855995178223
2023-07-20 01:37:13.959287 - Epoc #	14320	 18.69013500213623
2023-07-20 01:37:39.142062 - Epoc #	14330	 25.182775020599365
2023-07-20 01:38:03.603439 - Epoc #	14340	 24.461377143859863
2023-07-20 01:38:29.294684 - Epoc #	14350	 25.69124484062195
2023-07-20 01:38:57.859816 - Epoc #	14360	 28.56513214111328
2023-07-20 01:39:23.491759 - Epoc #	14370	 25.631942987442017
2023-07-20 01:39:50.413587 - Epoc #	14380	 26.921828031539917
2023-07-20 01:40:13.874607 - Epoc #	14390	 23.46101999282837
2023-07-20 01:40:43.229466 - Epoc #	14400	 29.354858875274658
2023-07-20 01:41:12.032543 - Epoc #	14410	 28.80307698249817
2023-07-20 01:41:35.038876 - Epoc #	14420	 23.006333112716675
2023-07-20 01:41:56.094688 - Epoc #	14430	 21.055811882019043
2023-07-20 01:42:23.940370 - Epoc #	14440	 27.84568214416504
2023-07-20 01:42:47.645995 - Epoc #	14450	 23.70562481880188
2023-07-20 01:43:15.219665 - Epoc #	14460	 27.573670148849487
2023-07-20 01:43:40.941051 - Epoc #	14470	 25.721385955810547
2023-07-20 01:44:08.220012 - Epoc #	14480	 27.278960943222046
2023-07-20 01:44:29.462466 - Epoc #	14490	 21.242454051971436
2023-07-20 01:44:51.125612 - Epoc #	14500	 21.663146018981934
2023-07-20 01:45:14.970152 - Epoc #	14510	 23.844539880752563
2023-07-20 01:45:42.775044 - Epoc #	14520	 27.80489206314087
2023-07-20 01:46:07.204103 - Epoc #	14530	 24.42905902862549
2023-07-20 01:46:29.688667 - Epoc #	14540	 22.484564065933228
2023-07-20 01:46:45.530656 - Epoc #	14550	 15.841989040374756
2023-07-20 01:47:11.775262 - Epoc #	14560	 26.244606018066406
2023-07-20 01:47:36.475152 - Epoc #	14570	 24.69988989830017
2023-07-20 01:47:56.702824 - Epoc #	14580	 20.22767210006714
2023-07-20 01:48:21.063052 - Epoc #	14590	 24.360227823257446
2023-07-20 01:48:48.783590 - Epoc #	14600	 27.72053813934326
2023-07-20 01:49:09.575538 - Epoc #	14610	 20.791947841644287
2023-07-20 01:49:38.934412 - Epoc #	14620	 29.358874082565308
2023-07-20 01:50:06.857443 - Epoc #	14630	 27.923031091690063
2023-07-20 01:50:34.336013 - Epoc #	14640	 27.478569984436035
2023-07-20 01:50:56.054405 - Epoc #	14650	 21.71839189529419
2023-07-20 01:51:19.964191 - Epoc #	14660	 23.909785985946655
2023-07-20 01:51:48.008552 - Epoc #	14670	 28.044361114501953
2023-07-20 01:52:05.319895 - Epoc #	14680	 17.31134295463562
2023-07-20 01:52:32.406787 - Epoc #	14690	 27.086891889572144
2023-07-20 01:52:58.469477 - Epoc #	14700	 26.062690019607544
2023-07-20 01:53:18.732185 - Epoc #	14710	 20.262707948684692
2023-07-20 01:53:44.214476 - Epoc #	14720	 25.482291221618652
2023-07-20 01:54:05.642188 - Epoc #	14730	 21.427711963653564
2023-07-20 01:54:26.238287 - Epoc #	14740	 20.59609889984131
2023-07-20 01:54:47.126999 - Epoc #	14750	 20.88871192932129
2023-07-20 01:55:12.668938 - Epoc #	14760	 25.54193902015686
2023-07-20 01:55:42.542466 - Epoc #	14770	 29.873528003692627
2023-07-20 01:56:06.306234 - Epoc #	14780	 23.763767957687378
2023-07-20 01:56:30.356210 - Epoc #	14790	 24.049976110458374
2023-07-20 01:56:56.329032 - Epoc #	14800	 25.972821950912476
2023-07-20 01:57:19.388423 - Epoc #	14810	 23.059391021728516
2023-07-20 01:57:43.943652 - Epoc #	14820	 24.55522894859314
2023-07-20 01:58:09.448916 - Epoc #	14830	 25.505264043807983
2023-07-20 01:58:36.821093 - Epoc #	14840	 27.372177124023438
2023-07-20 01:58:54.564990 - Epoc #	14850	 17.743896961212158
2023-07-20 01:59:17.677519 - Epoc #	14860	 23.112529039382935
2023-07-20 01:59:40.331947 - Time between reward step: #	28700.717499017715
2023-07-20 01:59:40.331947 - Average Score: 50.000 Elapsed time: 7:58:21.835383
2023-07-20 01:59:42.829854 - Epoc #	14870	 25.152334928512573
2023-07-20 01:59:51.361977 - Time between reward step: #	28711.747529029846
2023-07-20 01:59:51.361977 - Average Score: 51.000 Elapsed time: 7:58:32.860913
2023-07-20 01:59:57.708135 - Time between reward step: #	28718.093686819077
2023-07-20 01:59:57.708135 - Average Score: 52.000 Elapsed time: 7:58:39.201705
2023-07-20 02:00:04.903998 - Time between reward step: #	28725.289549827576
2023-07-20 02:00:04.903998 - Average Score: 53.000 Elapsed time: 7:58:46.399469
2023-07-20 02:00:08.816701 - Epoc #	14880	 25.986846923828125
2023-07-20 02:00:11.345139 - Time between reward step: #	28731.730690956116
2023-07-20 02:00:11.345139 - Average Score: 54.000 Elapsed time: 7:58:52.850831
2023-07-20 02:00:15.886982 - Time between reward step: #	28736.272533893585
2023-07-20 02:00:15.886982 - Average Score: 55.000 Elapsed time: 7:58:57.391504
2023-07-20 02:00:29.949442 - Time between reward step: #	28750.334993839264
2023-07-20 02:00:29.949442 - Average Score: 56.000 Elapsed time: 7:59:11.447922
2023-07-20 02:00:33.672936 - Epoc #	14890	 24.856235027313232
2023-07-20 02:00:58.483904 - Epoc #	14900	 24.810967922210693
2023-07-20 02:01:17.809018 - Epoc #	14910	 19.325114011764526
2023-07-20 02:01:45.735936 - Epoc #	14920	 27.926918029785156
2023-07-20 02:02:12.086502 - Epoc #	14930	 26.350566148757935
2023-07-20 02:02:39.727432 - Epoc #	14940	 27.64092993736267
2023-07-20 02:03:05.794854 - Epoc #	14950	 26.067421913146973
2023-07-20 02:03:33.560986 - Epoc #	14960	 27.76613211631775
2023-07-20 02:03:57.962589 - Epoc #	14970	 24.40160298347473
2023-07-20 02:04:19.186272 - Epoc #	14980	 21.22368288040161
2023-07-20 02:04:37.549547 - Epoc #	14990	 18.363275051116943
