2023-07-18 19:45:40.972667 - Starting learning loop ...
==================================================================
2023-07-18 19:45:40.973667 - Using Framebuffer of: 4 frames	 and 	ReplayBufferSize: 25000
2023-07-18 19:45:40.973667 - Loglevel is set to: a
2023-07-18 19:45:40.973667 - Epoc #	0	 
2023-07-18 19:45:51.823727 - Epoc #	10	 10.850059986114502
2023-07-18 19:45:59.810342 - Epoc #	20	 7.986615180969238
2023-07-18 19:46:10.187414 - Epoc #	30	 10.377071857452393
2023-07-18 19:46:22.609958 - Epoc #	40	 12.422544002532959
2023-07-18 19:46:40.425120 - Epoc #	50	 17.815162181854248
2023-07-18 19:46:58.809089 - Epoc #	60	 18.383968830108643
2023-07-18 19:47:14.613274 - Epoc #	70	 15.804185152053833
2023-07-18 19:47:28.106599 - Epoc #	80	 13.493324995040894
2023-07-18 19:47:40.170680 - Epoc #	90	 12.064080953598022
2023-07-18 19:47:54.544470 - Epoc #	100	 14.37379002571106
2023-07-18 19:48:04.670869 - Epoc #	110	 10.126399040222168
2023-07-18 19:48:20.089781 - Epoc #	120	 15.418911933898926
2023-07-18 19:48:32.885744 - Epoc #	130	 12.795963048934937
2023-07-18 19:48:50.069874 - Epoc #	140	 17.1841299533844
2023-07-18 19:49:03.338337 - Epoc #	150	 13.268462896347046
2023-07-18 19:49:16.108748 - Epoc #	160	 12.770411014556885
2023-07-18 19:49:28.383578 - Epoc #	170	 12.274830102920532
2023-07-18 19:49:41.689092 - Epoc #	180	 13.305513858795166
2023-07-18 19:49:58.059834 - Epoc #	190	 16.370742082595825
2023-07-18 19:50:10.090610 - Epoc #	200	 12.030776023864746
2023-07-18 19:50:18.881827 - Epoc #	210	 8.79121708869934
2023-07-18 19:50:33.522376 - Epoc #	220	 14.640548944473267
2023-07-18 19:50:47.152691 - Epoc #	230	 13.630314826965332
2023-07-18 19:50:54.888288 - Epoc #	240	 7.735597133636475
2023-07-18 19:51:08.069308 - Epoc #	250	 13.181020021438599
2023-07-18 19:51:22.276492 - Epoc #	260	 14.207184076309204
2023-07-18 19:51:38.120066 - Epoc #	270	 15.843573808670044
2023-07-18 19:51:49.656391 - Epoc #	280	 11.536324977874756
2023-07-18 19:52:05.047217 - Epoc #	290	 15.390825986862183
2023-07-18 19:52:18.078471 - Epoc #	300	 13.031254053115845
2023-07-18 19:52:30.717792 - Epoc #	310	 12.639321088790894
2023-07-18 19:52:47.631614 - Epoc #	320	 16.913821935653687
2023-07-18 19:53:05.277811 - Epoc #	330	 17.646197080612183
2023-07-18 19:53:20.123390 - Epoc #	340	 14.845578908920288
2023-07-18 19:53:35.627327 - Epoc #	350	 15.503937005996704
2023-07-18 19:53:54.125870 - Epoc #	360	 18.49854302406311
2023-07-18 19:54:08.302062 - Epoc #	370	 14.176192045211792
2023-07-18 19:54:18.802065 - Epoc #	380	 10.50000286102295
2023-07-18 19:54:37.797915 - Epoc #	390	 18.995850086212158
2023-07-18 19:54:50.054750 - Epoc #	400	 12.256834983825684
2023-07-18 19:55:03.933114 - Epoc #	410	 13.878364086151123
2023-07-18 19:55:14.792668 - Epoc #	420	 10.859554052352905
2023-07-18 19:55:16.977078 - Time between reward step: #	576.004410982132
2023-07-18 19:55:16.977078 - Average Score: 7.000 Elapsed time: 0:09:37.139457
2023-07-18 19:55:25.494814 - Epoc #	430	 10.70214581489563
2023-07-18 19:55:36.652782 - Epoc #	440	 11.157968044281006
2023-07-18 19:55:45.658250 - Epoc #	450	 9.005468130111694
2023-07-18 19:55:59.352940 - Epoc #	460	 13.694689989089966
2023-07-18 19:56:12.079477 - Epoc #	470	 12.726536989212036
2023-07-18 19:56:29.732134 - Epoc #	480	 17.65265703201294
2023-07-18 19:56:43.746470 - Epoc #	490	 14.014335870742798
2023-07-18 19:56:59.165556 - Epoc #	500	 15.41908597946167
2023-07-18 19:57:07.090809 - Epoc #	510	 7.92525315284729
2023-07-18 19:57:24.496989 - Epoc #	520	 17.406179904937744
2023-07-18 19:57:37.122907 - Epoc #	530	 12.625917911529541
2023-07-18 19:57:53.898865 - Epoc #	540	 16.77595806121826
2023-07-18 19:58:09.476370 - Epoc #	550	 15.577505111694336
2023-07-18 19:58:22.808217 - Epoc #	560	 13.331846952438354
2023-07-18 19:58:44.152916 - Epoc #	570	 21.344698905944824
2023-07-18 19:58:56.252357 - Epoc #	580	 12.099441051483154
2023-07-18 19:59:07.801299 - Time between reward step: #	806.8286321163177
2023-07-18 19:59:07.801299 - Average Score: 8.000 Elapsed time: 0:13:27.973109
2023-07-18 19:59:08.508688 - Epoc #	590	 12.256330966949463
2023-07-18 19:59:22.875297 - Epoc #	600	 14.3666090965271
2023-07-18 19:59:36.441295 - Epoc #	610	 13.565997838973999
2023-07-18 19:59:51.557845 - Epoc #	620	 15.116550207138062
2023-07-18 20:00:06.632795 - Epoc #	630	 15.074949979782104
2023-07-18 20:00:23.028567 - Epoc #	640	 16.395771980285645
2023-07-18 20:00:41.644202 - Epoc #	650	 18.61563491821289
2023-07-18 20:00:55.254843 - Epoc #	660	 13.61064100265503
2023-07-18 20:01:06.728925 - Epoc #	670	 11.474081993103027
2023-07-18 20:01:21.075808 - Epoc #	680	 14.346883058547974
2023-07-18 20:01:34.310025 - Epoc #	690	 13.234216928482056
2023-07-18 20:01:50.809715 - Epoc #	700	 16.499690055847168
2023-07-18 20:02:03.256126 - Epoc #	710	 12.446410894393921
2023-07-18 20:02:16.296315 - Epoc #	720	 13.040189027786255
2023-07-18 20:02:30.643600 - Epoc #	730	 14.347285032272339
2023-07-18 20:02:44.130158 - Epoc #	740	 13.486557960510254
2023-07-18 20:02:58.551960 - Epoc #	750	 14.421802043914795
2023-07-18 20:03:14.145653 - Epoc #	760	 15.593693017959595
2023-07-18 20:03:26.279870 - Epoc #	770	 12.134217023849487
2023-07-18 20:03:40.345742 - Epoc #	780	 14.065871953964233
2023-07-18 20:03:57.839571 - Epoc #	790	 17.493829011917114
2023-07-18 20:04:07.737098 - Epoc #	800	 9.897526979446411
2023-07-18 20:04:20.576656 - Epoc #	810	 12.839558124542236
2023-07-18 20:04:28.134775 - Epoc #	820	 7.55811882019043
2023-07-18 20:04:35.951014 - Epoc #	830	 7.81623911857605
2023-07-18 20:04:42.789345 - Epoc #	840	 6.838330984115601
2023-07-18 20:05:00.491597 - Epoc #	850	 17.70225191116333
2023-07-18 20:05:15.159991 - Epoc #	860	 14.668394088745117
2023-07-18 20:05:33.132259 - Epoc #	870	 17.972267866134644
2023-07-18 20:05:53.562414 - Epoc #	880	 20.430155038833618
2023-07-18 20:06:10.211427 - Epoc #	890	 16.64901304244995
2023-07-18 20:06:29.973400 - Epoc #	900	 19.7619731426239
2023-07-18 20:06:42.614495 - Epoc #	910	 12.64109492301941
2023-07-18 20:06:58.366173 - Epoc #	920	 15.751677989959717
2023-07-18 20:07:10.836450 - Epoc #	930	 12.470277070999146
2023-07-18 20:07:23.918610 - Epoc #	940	 13.082159996032715
2023-07-18 20:07:41.286579 - Epoc #	950	 17.367968797683716
2023-07-18 20:07:55.342585 - Epoc #	960	 14.05600619316101
2023-07-18 20:08:09.745149 - Epoc #	970	 14.40256381034851
2023-07-18 20:08:24.647762 - Epoc #	980	 14.902613162994385
2023-07-18 20:08:35.810155 - Epoc #	990	 11.162392854690552
2023-07-18 20:08:48.311317 - Epoc #	1000	 12.501162052154541
2023-07-18 20:09:01.613714 - Epoc #	1010	 13.302397012710571
2023-07-18 20:09:13.431400 - Epoc #	1020	 11.817686080932617
2023-07-18 20:09:28.580039 - Epoc #	1030	 15.14863896369934
2023-07-18 20:09:46.399907 - Epoc #	1040	 17.819868087768555
2023-07-18 20:09:58.497358 - Epoc #	1050	 12.097450971603394
2023-07-18 20:10:09.466581 - Epoc #	1060	 10.969223022460938
2023-07-18 20:10:25.290009 - Epoc #	1070	 15.82342791557312
2023-07-18 20:10:41.280225 - Epoc #	1080	 15.99021601676941
2023-07-18 20:10:57.056031 - Epoc #	1090	 15.775805950164795
2023-07-18 20:11:13.063599 - Epoc #	1100	 16.00756812095642
2023-07-18 20:11:29.783518 - Epoc #	1110	 16.719918966293335
2023-07-18 20:11:40.627884 - Epoc #	1120	 10.84436583518982
2023-07-18 20:11:58.108100 - Epoc #	1130	 17.480216026306152
2023-07-18 20:12:15.826147 - Epoc #	1140	 17.71804714202881
2023-07-18 20:12:30.718245 - Epoc #	1150	 14.89209794998169
2023-07-18 20:12:43.078759 - Epoc #	1160	 12.360513925552368
2023-07-18 20:12:59.035619 - Epoc #	1170	 15.956860065460205
2023-07-18 20:13:12.496843 - Epoc #	1180	 13.46122407913208
2023-07-18 20:13:32.542266 - Epoc #	1190	 20.045422792434692
2023-07-18 20:13:47.166399 - Epoc #	1200	 14.624133110046387
2023-07-18 20:14:00.390760 - Epoc #	1210	 13.224360942840576
2023-07-18 20:14:14.339414 - Epoc #	1220	 13.948653936386108
2023-07-18 20:14:32.697010 - Epoc #	1230	 18.357596158981323
2023-07-18 20:14:46.926517 - Epoc #	1240	 14.229506969451904
2023-07-18 20:15:05.514611 - Epoc #	1250	 18.588093996047974
2023-07-18 20:15:21.380309 - Epoc #	1260	 15.865698099136353
2023-07-18 20:15:34.352131 - Epoc #	1270	 12.971821784973145
2023-07-18 20:15:49.519623 - Epoc #	1280	 15.167492151260376
2023-07-18 20:16:08.108012 - Epoc #	1290	 18.588388919830322
2023-07-18 20:16:19.508735 - Epoc #	1300	 11.400722980499268
2023-07-18 20:16:38.771668 - Epoc #	1310	 19.262933015823364
2023-07-18 20:16:54.443704 - Epoc #	1320	 15.672035932540894
2023-07-18 20:17:05.856473 - Epoc #	1330	 11.412769079208374
2023-07-18 20:17:23.227758 - Epoc #	1340	 17.37128496170044
2023-07-18 20:17:39.061038 - Epoc #	1350	 15.833280086517334
2023-07-18 20:17:41.070836 - Time between reward step: #	1920.0981690883636
2023-07-18 20:17:41.070836 - Average Score: 9.000 Elapsed time: 0:32:01.232087
2023-07-18 20:17:56.732030 - Epoc #	1360	 17.670991897583008
2023-07-18 20:18:10.654341 - Epoc #	1370	 13.922311067581177
2023-07-18 20:18:22.808140 - Epoc #	1380	 12.153799057006836
2023-07-18 20:18:33.686681 - Epoc #	1390	 10.878540992736816
2023-07-18 20:18:54.783001 - Epoc #	1400	 21.096319913864136
2023-07-18 20:19:12.905377 - Epoc #	1410	 18.122375965118408
2023-07-18 20:19:29.993929 - Epoc #	1420	 17.088551998138428
2023-07-18 20:19:47.659578 - Epoc #	1430	 17.66564917564392
2023-07-18 20:20:01.992264 - Epoc #	1440	 14.332685947418213
2023-07-18 20:20:20.868205 - Epoc #	1450	 18.875941038131714
2023-07-18 20:20:30.203854 - Epoc #	1460	 9.335649013519287
2023-07-18 20:20:47.624383 - Epoc #	1470	 17.420528888702393
2023-07-18 20:21:00.734565 - Epoc #	1480	 13.110182046890259
2023-07-18 20:21:18.146534 - Epoc #	1490	 17.41196894645691
2023-07-18 20:21:31.086955 - Epoc #	1500	 12.940421104431152
2023-07-18 20:21:51.786599 - Epoc #	1510	 20.699643850326538
2023-07-18 20:22:05.954726 - Epoc #	1520	 14.168127059936523
2023-07-18 20:22:20.260534 - Epoc #	1530	 14.305808067321777
2023-07-18 20:22:32.590319 - Epoc #	1540	 12.329784870147705
2023-07-18 20:22:47.180848 - Epoc #	1550	 14.590528964996338
2023-07-18 20:22:58.830249 - Epoc #	1560	 11.649401187896729
2023-07-18 20:23:14.051802 - Epoc #	1570	 15.221552848815918
2023-07-18 20:23:33.627263 - Epoc #	1580	 19.5754611492157
2023-07-18 20:23:48.091742 - Epoc #	1590	 14.464478969573975
2023-07-18 20:23:59.140558 - Epoc #	1600	 11.048815965652466
2023-07-18 20:24:12.362997 - Epoc #	1610	 13.222439050674438
2023-07-18 20:24:27.441068 - Epoc #	1620	 15.078070878982544
2023-07-18 20:24:39.358726 - Epoc #	1630	 11.91765809059143
2023-07-18 20:24:56.367622 - Epoc #	1640	 17.008895874023438
2023-07-18 20:25:09.142942 - Epoc #	1650	 12.775320053100586
2023-07-18 20:25:25.072730 - Epoc #	1660	 15.92978811264038
2023-07-18 20:25:41.515056 - Epoc #	1670	 16.442325830459595
2023-07-18 20:25:54.083230 - Epoc #	1680	 12.568174123764038
2023-07-18 20:26:10.047239 - Epoc #	1690	 15.964009046554565
2023-07-18 20:26:21.690887 - Epoc #	1700	 11.643647909164429
2023-07-18 20:26:39.753549 - Epoc #	1710	 18.06266212463379
2023-07-18 20:26:50.716389 - Epoc #	1720	 10.962839841842651
2023-07-18 20:27:05.048804 - Epoc #	1730	 14.332415103912354
2023-07-18 20:27:17.444681 - Epoc #	1740	 12.39587688446045
2023-07-18 20:27:30.314231 - Epoc #	1750	 12.869549989700317
2023-07-18 20:27:45.512818 - Epoc #	1760	 15.19858717918396
2023-07-18 20:27:59.188167 - Epoc #	1770	 13.675348997116089
2023-07-18 20:28:13.882105 - Epoc #	1780	 14.69393801689148
2023-07-18 20:28:27.994234 - Epoc #	1790	 14.112128973007202
2023-07-18 20:28:37.924715 - Epoc #	1800	 9.93048095703125
2023-07-18 20:28:54.607737 - Epoc #	1810	 16.683022022247314
2023-07-18 20:29:10.541604 - Epoc #	1820	 15.93386697769165
2023-07-18 20:29:28.923097 - Epoc #	1830	 18.381492853164673
2023-07-18 20:29:43.954615 - Epoc #	1840	 15.03151822090149
2023-07-18 20:29:55.751076 - Epoc #	1850	 11.7964608669281
2023-07-18 20:30:06.478960 - Epoc #	1860	 10.72788405418396
2023-07-18 20:30:27.532439 - Epoc #	1870	 21.053478956222534
2023-07-18 20:30:42.342229 - Epoc #	1880	 14.809789896011353
2023-07-18 20:31:00.970476 - Epoc #	1890	 18.628247022628784
2023-07-18 20:31:13.704432 - Epoc #	1900	 12.733956098556519
2023-07-18 20:31:29.408983 - Epoc #	1910	 15.704550981521606
2023-07-18 20:31:46.906451 - Epoc #	1920	 17.49746799468994
2023-07-18 20:31:59.848640 - Epoc #	1930	 12.94218897819519
2023-07-18 20:32:17.364852 - Epoc #	1940	 17.516211986541748
2023-07-18 20:32:33.523936 - Epoc #	1950	 16.15908408164978
2023-07-18 20:32:51.953729 - Epoc #	1960	 18.429792881011963
2023-07-18 20:33:09.216232 - Epoc #	1970	 17.262503147125244
2023-07-18 20:33:23.122523 - Epoc #	1980	 13.906291007995605
2023-07-18 20:33:34.893216 - Epoc #	1990	 11.770692825317383
2023-07-18 20:33:49.897863 - Epoc #	2000	 15.004647016525269
2023-07-18 20:34:10.537178 - Epoc #	2010	 20.639315128326416
2023-07-18 20:34:20.323877 - Epoc #	2020	 9.786699056625366
2023-07-18 20:34:34.498673 - Epoc #	2030	 14.174795866012573
2023-07-18 20:34:48.599589 - Epoc #	2040	 14.100916147232056
2023-07-18 20:35:00.769931 - Epoc #	2050	 12.170341968536377
2023-07-18 20:35:17.008748 - Epoc #	2060	 16.23881697654724
2023-07-18 20:35:28.874686 - Epoc #	2070	 11.865937948226929
2023-07-18 20:35:43.914821 - Epoc #	2080	 15.040134906768799
2023-07-18 20:36:00.352558 - Epoc #	2090	 16.437736988067627
2023-07-18 20:36:13.040293 - Epoc #	2100	 12.687735080718994
2023-07-18 20:36:26.981908 - Epoc #	2110	 13.941615104675293
2023-07-18 20:36:40.815517 - Epoc #	2120	 13.833608865737915
2023-07-18 20:36:57.779193 - Epoc #	2130	 16.96367597579956
2023-07-18 20:37:17.924158 - Epoc #	2140	 20.144965171813965
2023-07-18 20:37:29.324258 - Epoc #	2150	 11.400099992752075
2023-07-18 20:37:46.794578 - Epoc #	2160	 17.470319986343384
2023-07-18 20:38:02.786789 - Epoc #	2170	 15.992210865020752
2023-07-18 20:38:21.899669 - Epoc #	2180	 19.112879991531372
2023-07-18 20:38:38.597066 - Epoc #	2190	 16.697396993637085
2023-07-18 20:38:51.535864 - Epoc #	2200	 12.938798189163208
2023-07-18 20:39:07.035283 - Epoc #	2210	 15.49941897392273
2023-07-18 20:39:23.024749 - Epoc #	2220	 15.989465951919556
2023-07-18 20:39:37.164852 - Epoc #	2230	 14.140102863311768
2023-07-18 20:39:48.264782 - Epoc #	2240	 11.099930047988892
2023-07-18 20:40:04.994699 - Epoc #	2250	 16.72991704940796
2023-07-18 20:40:21.036311 - Epoc #	2260	 16.041611909866333
2023-07-18 20:40:38.021633 - Epoc #	2270	 16.98532199859619
2023-07-18 20:40:52.550843 - Epoc #	2280	 14.529210090637207
2023-07-18 20:41:03.634385 - Epoc #	2290	 11.083542108535767
2023-07-18 20:41:20.382764 - Epoc #	2300	 16.74837899208069
2023-07-18 20:41:36.751334 - Epoc #	2310	 16.36856985092163
2023-07-18 20:41:48.955861 - Epoc #	2320	 12.204527139663696
2023-07-18 20:41:59.347022 - Epoc #	2330	 10.39116096496582
2023-07-18 20:42:13.764733 - Epoc #	2340	 14.417711019515991
2023-07-18 20:42:29.390607 - Epoc #	2350	 15.625874042510986
2023-07-18 20:42:45.709242 - Epoc #	2360	 16.31863498687744
2023-07-18 20:42:56.387073 - Epoc #	2370	 10.677830934524536
2023-07-18 20:43:10.941330 - Epoc #	2380	 14.554256916046143
2023-07-18 20:43:25.970303 - Epoc #	2390	 15.02897310256958
2023-07-18 20:43:40.334614 - Epoc #	2400	 14.36431097984314
2023-07-18 20:43:54.741447 - Epoc #	2410	 14.406832933425903
2023-07-18 20:44:09.948614 - Epoc #	2420	 15.207166910171509
2023-07-18 20:44:23.396537 - Epoc #	2430	 13.447923183441162
2023-07-18 20:44:34.610565 - Epoc #	2440	 11.214027881622314
2023-07-18 20:44:45.834163 - Epoc #	2450	 11.223598003387451
2023-07-18 20:45:01.723092 - Epoc #	2460	 15.88892912864685
2023-07-18 20:45:15.519525 - Epoc #	2470	 13.796432971954346
2023-07-18 20:45:33.976889 - Epoc #	2480	 18.457363843917847
2023-07-18 20:45:47.862068 - Epoc #	2490	 13.885179042816162
2023-07-18 20:45:56.410152 - Epoc #	2500	 8.548084020614624
2023-07-18 20:46:14.226464 - Epoc #	2510	 17.816312074661255
2023-07-18 20:46:33.175812 - Epoc #	2520	 18.949347972869873
2023-07-18 20:46:53.615145 - Epoc #	2530	 20.439332962036133
2023-07-18 20:47:10.765895 - Epoc #	2540	 17.150749921798706
2023-07-18 20:47:25.749976 - Epoc #	2550	 14.984081029891968
2023-07-18 20:47:43.882092 - Epoc #	2560	 18.132116079330444
2023-07-18 20:48:04.211831 - Epoc #	2570	 20.329739093780518
2023-07-18 20:48:22.394739 - Epoc #	2580	 18.182907819747925
2023-07-18 20:48:34.840037 - Epoc #	2590	 12.445298194885254
2023-07-18 20:48:51.399174 - Epoc #	2600	 16.559136867523193
2023-07-18 20:49:04.766746 - Epoc #	2610	 13.36757206916809
2023-07-18 20:49:20.811495 - Epoc #	2620	 16.04474902153015
2023-07-18 20:49:41.971510 - Epoc #	2630	 21.160014867782593
2023-07-18 20:50:00.513922 - Epoc #	2640	 18.542412042617798
2023-07-18 20:50:17.955462 - Epoc #	2650	 17.441540002822876
2023-07-18 20:50:38.064066 - Epoc #	2660	 20.108603954315186
2023-07-18 20:50:52.910020 - Epoc #	2670	 14.845954179763794
2023-07-18 20:51:02.345870 - Epoc #	2680	 9.435849905014038
2023-07-18 20:51:18.347551 - Epoc #	2690	 16.001681089401245
2023-07-18 20:51:31.361504 - Epoc #	2700	 13.01395297050476
2023-07-18 20:51:45.545083 - Epoc #	2710	 14.183578968048096
2023-07-18 20:52:05.927462 - Epoc #	2720	 20.382379055023193
2023-07-18 20:52:17.354639 - Epoc #	2730	 11.42717695236206
2023-07-18 20:52:31.652033 - Epoc #	2740	 14.297394037246704
2023-07-18 20:52:43.682561 - Epoc #	2750	 12.030527830123901
2023-07-18 20:52:54.296805 - Time between reward step: #	4033.3241379261017
2023-07-18 20:52:54.296805 - Average Score: 10.000 Elapsed time: 1:07:14.458892
2023-07-18 20:52:59.845835 - Epoc #	2760	 16.16327404975891
2023-07-18 20:53:11.341544 - Epoc #	2770	 11.49570894241333
2023-07-18 20:53:23.747458 - Epoc #	2780	 12.405914068222046
2023-07-18 20:53:37.771796 - Time between reward step: #	4076.799129009247
2023-07-18 20:53:37.771796 - Average Score: 11.000 Elapsed time: 1:07:57.939020
2023-07-18 20:53:37.771796 - Epoc #	2790	 14.024338006973267
2023-07-18 20:53:48.164864 - Epoc #	2800	 10.393068075180054
2023-07-18 20:54:01.954596 - Epoc #	2810	 13.789731979370117
2023-07-18 20:54:17.585459 - Epoc #	2820	 15.630862951278687
2023-07-18 20:54:33.577275 - Epoc #	2830	 15.99181604385376
2023-07-18 20:54:47.072142 - Epoc #	2840	 13.494866847991943
2023-07-18 20:55:04.476742 - Epoc #	2850	 17.404600143432617
2023-07-18 20:55:15.433034 - Epoc #	2860	 10.956291913986206
2023-07-18 20:55:31.418482 - Epoc #	2870	 15.985448122024536
2023-07-18 20:55:48.347130 - Epoc #	2880	 16.928647994995117
2023-07-18 20:56:01.788924 - Epoc #	2890	 13.44179391860962
2023-07-18 20:56:17.530902 - Epoc #	2900	 15.74197793006897
2023-07-18 20:56:32.663298 - Epoc #	2910	 15.13239598274231
2023-07-18 20:56:45.417753 - Epoc #	2920	 12.754455089569092
2023-07-18 20:57:02.936268 - Epoc #	2930	 17.51851511001587
2023-07-18 20:57:19.873129 - Epoc #	2940	 16.93686079978943
2023-07-18 20:57:37.705347 - Epoc #	2950	 17.832218170166016
2023-07-18 20:57:52.268779 - Epoc #	2960	 14.563431978225708
2023-07-18 20:58:08.544492 - Epoc #	2970	 16.275712966918945
2023-07-18 20:58:25.672262 - Epoc #	2980	 17.127769947052002
2023-07-18 20:58:46.479398 - Epoc #	2990	 20.807136058807373
2023-07-18 20:59:02.705376 - Epoc #	3000	 16.225977897644043
2023-07-18 20:59:15.959847 - Epoc #	3010	 13.254471063613892
2023-07-18 20:59:34.658095 - Epoc #	3020	 18.6982479095459
2023-07-18 20:59:45.036387 - Epoc #	3030	 10.378292083740234
2023-07-18 20:59:59.912435 - Epoc #	3040	 14.87604808807373
2023-07-18 21:00:12.774895 - Epoc #	3050	 12.862459897994995
2023-07-18 21:00:27.054401 - Epoc #	3060	 14.279505968093872
2023-07-18 21:00:46.322226 - Epoc #	3070	 19.26782512664795
2023-07-18 21:00:59.674355 - Epoc #	3080	 13.352128982543945
2023-07-18 21:01:16.215690 - Epoc #	3090	 16.541334867477417
2023-07-18 21:01:33.868227 - Epoc #	3100	 17.65253710746765
2023-07-18 21:01:47.109073 - Epoc #	3110	 13.240845918655396
2023-07-18 21:01:59.893494 - Epoc #	3120	 12.78442096710205
2023-07-18 21:02:17.739450 - Epoc #	3130	 17.845956087112427
2023-07-18 21:02:32.014463 - Epoc #	3140	 14.275012969970703
2023-07-18 21:02:48.243157 - Epoc #	3150	 16.228693962097168
2023-07-18 21:03:03.508149 - Epoc #	3160	 15.264991998672485
2023-07-18 21:03:18.815807 - Epoc #	3170	 15.307658195495605
2023-07-18 21:03:37.215337 - Epoc #	3180	 18.399529933929443
2023-07-18 21:03:50.933210 - Epoc #	3190	 13.717872858047485
2023-07-18 21:04:06.013925 - Epoc #	3200	 15.08071517944336
2023-07-18 21:04:22.758872 - Epoc #	3210	 16.74494695663452
2023-07-18 21:04:39.140339 - Epoc #	3220	 16.38146686553955
2023-07-18 21:04:51.284346 - Epoc #	3230	 12.144007205963135
2023-07-18 21:05:08.720344 - Epoc #	3240	 17.43599796295166
2023-07-18 21:05:21.079276 - Epoc #	3250	 12.35893201828003
2023-07-18 21:05:37.746022 - Epoc #	3260	 16.666745901107788
2023-07-18 21:05:51.255930 - Epoc #	3270	 13.509907960891724
2023-07-18 21:06:07.925783 - Epoc #	3280	 16.66985297203064
2023-07-18 21:06:23.353618 - Epoc #	3290	 15.42783498764038
2023-07-18 21:06:46.238301 - Epoc #	3300	 22.88468313217163
2023-07-18 21:07:02.578415 - Epoc #	3310	 16.340113878250122
2023-07-18 21:07:17.912838 - Epoc #	3320	 15.334423065185547
2023-07-18 21:07:31.489385 - Epoc #	3330	 13.576546907424927
2023-07-18 21:07:47.403235 - Epoc #	3340	 15.91385006904602
2023-07-18 21:08:06.056502 - Epoc #	3350	 18.65326714515686
2023-07-18 21:08:21.025964 - Epoc #	3360	 14.969461917877197
2023-07-18 21:08:38.997512 - Epoc #	3370	 17.971548080444336
2023-07-18 21:08:54.941391 - Epoc #	3380	 15.943878889083862
2023-07-18 21:09:15.018562 - Epoc #	3390	 20.077171087265015
2023-07-18 21:09:28.508199 - Epoc #	3400	 13.489636898040771
2023-07-18 21:09:43.834521 - Epoc #	3410	 15.326322078704834
2023-07-18 21:09:55.881495 - Epoc #	3420	 12.046973943710327
2023-07-18 21:10:08.868281 - Epoc #	3430	 12.986785888671875
2023-07-18 21:10:24.368717 - Epoc #	3440	 15.500436067581177
2023-07-18 21:10:44.065387 - Epoc #	3450	 19.696670055389404
2023-07-18 21:11:04.096938 - Epoc #	3460	 20.031550884246826
2023-07-18 21:11:27.863252 - Epoc #	3470	 23.766314029693604
2023-07-18 21:11:46.220751 - Epoc #	3480	 18.35749912261963
2023-07-18 21:12:00.698926 - Epoc #	3490	 14.478174924850464
2023-07-18 21:12:15.844434 - Epoc #	3500	 15.145508050918579
2023-07-18 21:12:27.704934 - Epoc #	3510	 11.860499858856201
2023-07-18 21:12:39.207645 - Epoc #	3520	 11.502711057662964
2023-07-18 21:12:52.525386 - Epoc #	3530	 13.31774115562439
2023-07-18 21:13:08.569555 - Epoc #	3540	 16.044168949127197
2023-07-18 21:13:22.848492 - Epoc #	3550	 14.278936862945557
2023-07-18 21:13:36.288853 - Epoc #	3560	 13.440361022949219
2023-07-18 21:13:57.753192 - Epoc #	3570	 21.464339017868042
2023-07-18 21:14:14.549628 - Epoc #	3580	 16.796436071395874
2023-07-18 21:14:29.345541 - Epoc #	3590	 14.795912981033325
2023-07-18 21:14:45.606676 - Epoc #	3600	 16.26113510131836
2023-07-18 21:15:02.294115 - Epoc #	3610	 16.68743896484375
2023-07-18 21:15:19.291706 - Epoc #	3620	 16.997591018676758
2023-07-18 21:15:38.338275 - Epoc #	3630	 19.046568870544434
2023-07-18 21:15:51.404528 - Epoc #	3640	 13.066252946853638
2023-07-18 21:16:11.032048 - Epoc #	3650	 19.627520084381104
2023-07-18 21:16:27.274813 - Epoc #	3660	 16.242764949798584
2023-07-18 21:16:42.498651 - Epoc #	3670	 15.223838090896606
2023-07-18 21:16:58.109731 - Epoc #	3680	 15.611079931259155
2023-07-18 21:17:14.112393 - Epoc #	3690	 16.00266194343567
2023-07-18 21:17:35.084823 - Epoc #	3700	 20.972429990768433
2023-07-18 21:17:50.792804 - Epoc #	3710	 15.70798110961914
2023-07-18 21:18:05.413347 - Epoc #	3720	 14.620543003082275
2023-07-18 21:18:24.845863 - Epoc #	3730	 19.43251609802246
2023-07-18 21:18:44.158441 - Epoc #	3740	 19.312577962875366
2023-07-18 21:19:01.942897 - Epoc #	3750	 17.78445601463318
2023-07-18 21:19:23.623109 - Epoc #	3760	 21.680212020874023
2023-07-18 21:19:33.999157 - Epoc #	3770	 10.376047849655151
2023-07-18 21:19:48.303991 - Epoc #	3780	 14.304834127426147
2023-07-18 21:20:09.672306 - Epoc #	3790	 21.36831498146057
2023-07-18 21:20:23.700376 - Time between reward step: #	5682.727709054947
2023-07-18 21:20:23.700376 - Average Score: 12.000 Elapsed time: 1:34:43.866021
2023-07-18 21:20:23.700376 - Epoc #	3800	 14.028069972991943
2023-07-18 21:20:29.995275 - Time between reward step: #	5689.022608041763
2023-07-18 21:20:29.995275 - Average Score: 13.000 Elapsed time: 1:34:50.162552
2023-07-18 21:20:46.234325 - Time between reward step: #	5705.261657953262
2023-07-18 21:20:46.234325 - Average Score: 14.000 Elapsed time: 1:35:06.393569
2023-07-18 21:20:47.095238 - Epoc #	3810	 23.394861936569214
2023-07-18 21:20:59.062560 - Epoc #	3820	 11.96732211112976
2023-07-18 21:21:17.231765 - Epoc #	3830	 18.16920495033264
2023-07-18 21:21:34.825021 - Epoc #	3840	 17.5932559967041
2023-07-18 21:21:53.973204 - Epoc #	3850	 19.14818286895752
2023-07-18 21:22:17.396495 - Epoc #	3860	 23.423291206359863
2023-07-18 21:22:32.273626 - Epoc #	3870	 14.87713098526001
2023-07-18 21:22:52.484135 - Epoc #	3880	 20.210508823394775
2023-07-18 21:23:08.100793 - Epoc #	3890	 15.616657972335815
2023-07-18 21:23:19.846146 - Epoc #	3900	 11.74535322189331
2023-07-18 21:23:40.382111 - Epoc #	3910	 20.535964965820312
2023-07-18 21:23:58.387546 - Epoc #	3920	 18.0054349899292
2023-07-18 21:24:15.022637 - Epoc #	3930	 16.635090827941895
2023-07-18 21:24:37.901962 - Epoc #	3940	 22.87932515144348
2023-07-18 21:25:00.577176 - Epoc #	3950	 22.675214052200317
2023-07-18 21:25:18.078524 - Epoc #	3960	 17.50134801864624
2023-07-18 21:25:33.968157 - Epoc #	3970	 15.889632940292358
2023-07-18 21:25:52.237305 - Epoc #	3980	 18.269147872924805
2023-07-18 21:26:08.745803 - Epoc #	3990	 16.508498191833496
2023-07-18 21:26:28.181125 - Epoc #	4000	 19.435321807861328
2023-07-18 21:26:40.209704 - Epoc #	4010	 12.028578996658325
2023-07-18 21:26:49.929920 - Epoc #	4020	 9.720216035842896
2023-07-18 21:27:09.203752 - Epoc #	4030	 19.273832082748413
2023-07-18 21:27:25.496883 - Epoc #	4040	 16.29313087463379
2023-07-18 21:27:40.399477 - Epoc #	4050	 14.902594089508057
2023-07-18 21:27:59.056381 - Epoc #	4060	 18.656903982162476
2023-07-18 21:28:13.501989 - Epoc #	4070	 14.445607900619507
2023-07-18 21:28:34.798803 - Epoc #	4080	 21.29681420326233
2023-07-18 21:28:55.350614 - Epoc #	4090	 20.55181097984314
2023-07-18 21:29:07.560693 - Epoc #	4100	 12.210078954696655
2023-07-18 21:29:24.654440 - Epoc #	4110	 17.09374690055847
2023-07-18 21:29:46.810682 - Epoc #	4120	 22.15624213218689
2023-07-18 21:30:04.904369 - Epoc #	4130	 18.093687057495117
2023-07-18 21:30:22.420059 - Epoc #	4140	 17.515689849853516
2023-07-18 21:30:36.013806 - Epoc #	4150	 13.59374713897705
2023-07-18 21:30:51.310718 - Epoc #	4160	 15.29691195487976
2023-07-18 21:31:14.139054 - Epoc #	4170	 22.828336000442505
2023-07-18 21:31:31.293769 - Epoc #	4180	 17.154714822769165
2023-07-18 21:31:49.324952 - Epoc #	4190	 18.031183004379272
2023-07-18 21:32:09.356274 - Epoc #	4200	 20.03132200241089
2023-07-18 21:32:28.684390 - Epoc #	4210	 19.328116178512573
2023-07-18 21:32:48.434350 - Epoc #	4220	 19.74995994567871
2023-07-18 21:33:02.825196 - Epoc #	4230	 14.390846014022827
2023-07-18 21:33:21.022487 - Epoc #	4240	 18.197290897369385
2023-07-18 21:33:33.428758 - Epoc #	4250	 12.406270980834961
2023-07-18 21:33:55.632256 - Epoc #	4260	 22.203498125076294
2023-07-18 21:34:10.116635 - Epoc #	4270	 14.484379053115845
2023-07-18 21:34:20.991736 - Epoc #	4280	 10.87510085105896
2023-07-18 21:34:39.788561 - Epoc #	4290	 18.796825170516968
2023-07-18 21:34:58.307699 - Epoc #	4300	 18.519137859344482
2023-07-18 21:35:15.749595 - Epoc #	4310	 17.441895961761475
2023-07-18 21:35:30.421716 - Epoc #	4320	 14.672121047973633
2023-07-18 21:35:50.429157 - Epoc #	4330	 20.00744104385376
2023-07-18 21:36:10.991730 - Epoc #	4340	 20.562572956085205
2023-07-18 21:36:25.757355 - Epoc #	4350	 14.765625
2023-07-18 21:36:38.538604 - Epoc #	4360	 12.781249046325684
2023-07-18 21:37:01.288532 - Epoc #	4370	 22.74992799758911
2023-07-18 21:37:21.749264 - Epoc #	4380	 20.460731983184814
2023-07-18 21:37:39.342875 - Epoc #	4390	 17.593611001968384
2023-07-18 21:37:54.186936 - Epoc #	4400	 14.844060897827148
2023-07-18 21:38:09.406063 - Epoc #	4410	 15.219127178192139
2023-07-18 21:38:23.985113 - Epoc #	4420	 14.579049825668335
2023-07-18 21:38:43.206362 - Epoc #	4430	 19.221249103546143
2023-07-18 21:39:02.180162 - Epoc #	4440	 18.97379994392395
2023-07-18 21:39:16.031382 - Epoc #	4450	 13.85122013092041
2023-07-18 21:39:34.509632 - Epoc #	4460	 18.47825002670288
2023-07-18 21:39:48.452175 - Epoc #	4470	 13.942542791366577
2023-07-18 21:40:11.784104 - Epoc #	4480	 23.331929206848145
2023-07-18 21:40:27.024471 - Epoc #	4490	 15.24036693572998
2023-07-18 21:40:46.162261 - Epoc #	4500	 19.137789964675903
2023-07-18 21:41:08.060421 - Epoc #	4510	 21.898159980773926
2023-07-18 21:41:20.612438 - Epoc #	4520	 12.552016973495483
2023-07-18 21:41:36.848753 - Epoc #	4530	 16.23631501197815
2023-07-18 21:41:56.846068 - Epoc #	4540	 19.997314929962158
2023-07-18 21:42:16.400695 - Epoc #	4550	 19.554627180099487
2023-07-18 21:42:31.020538 - Epoc #	4560	 14.619843006134033
2023-07-18 21:42:46.727968 - Epoc #	4570	 15.707429885864258
2023-07-18 21:43:01.230590 - Epoc #	4580	 14.502622127532959
2023-07-18 21:43:15.886765 - Epoc #	4590	 14.656174898147583
2023-07-18 21:43:34.599241 - Epoc #	4600	 18.712476015090942
2023-07-18 21:43:49.380501 - Epoc #	4610	 14.781260013580322
2023-07-18 21:44:14.646194 - Epoc #	4620	 25.265692949295044
2023-07-18 21:44:34.349315 - Epoc #	4630	 19.703120946884155
2023-07-18 21:44:52.271189 - Epoc #	4640	 17.921874046325684
2023-07-18 21:45:11.864871 - Epoc #	4650	 19.593682050704956
2023-07-18 21:45:33.271188 - Epoc #	4660	 21.406316995620728
2023-07-18 21:45:49.239931 - Epoc #	4670	 15.968743085861206
2023-07-18 21:46:06.381043 - Epoc #	4680	 17.141111850738525
2023-07-18 21:46:18.709173 - Epoc #	4690	 12.328130006790161
2023-07-18 21:46:35.662300 - Epoc #	4700	 16.953127145767212
2023-07-18 21:46:45.631044 - Epoc #	4710	 9.968743801116943
2023-07-18 21:46:56.631045 - Epoc #	4720	 11.000001192092896
2023-07-18 21:47:15.302853 - Epoc #	4730	 18.671808004379272
2023-07-18 21:47:33.709415 - Epoc #	4740	 18.406561851501465
2023-07-18 21:47:50.334556 - Epoc #	4750	 16.625141143798828
2023-07-18 21:48:08.381362 - Epoc #	4760	 18.04680585861206
2023-07-18 21:48:25.531009 - Epoc #	4770	 17.149646997451782
2023-07-18 21:48:47.762733 - Epoc #	4780	 22.23172402381897
2023-07-18 21:49:04.393716 - Epoc #	4790	 16.630983114242554
2023-07-18 21:49:21.364457 - Epoc #	4800	 16.970740795135498
2023-07-18 21:49:37.985386 - Epoc #	4810	 16.62092900276184
2023-07-18 21:49:49.266632 - Epoc #	4820	 11.281246185302734
2023-07-18 21:50:04.844674 - Epoc #	4830	 15.578042030334473
2023-07-18 21:50:20.047877 - Epoc #	4840	 15.203202962875366
2023-07-18 21:50:33.126005 - Epoc #	4850	 13.07812786102295
2023-07-18 21:50:50.622301 - Epoc #	4860	 17.496296167373657
2023-07-18 21:51:07.122250 - Epoc #	4870	 16.499948978424072
2023-07-18 21:51:26.920357 - Epoc #	4880	 19.798106908798218
2023-07-18 21:51:44.373406 - Epoc #	4890	 17.453048944473267
2023-07-18 21:52:03.204022 - Epoc #	4900	 18.830615997314453
2023-07-18 21:52:20.829069 - Epoc #	4910	 17.625046968460083
2023-07-18 21:52:42.626972 - Epoc #	4920	 21.797903060913086
2023-07-18 21:53:03.345778 - Epoc #	4930	 20.71880602836609
2023-07-18 21:53:19.612602 - Epoc #	4940	 16.2668240070343
2023-07-18 21:53:33.584716 - Epoc #	4950	 13.972114086151123
2023-07-18 21:53:47.527409 - Epoc #	4960	 13.942692995071411
2023-07-18 21:54:02.626133 - Epoc #	4970	 15.098723888397217
2023-07-18 21:54:26.751140 - Epoc #	4980	 24.125007152557373
2023-07-18 21:54:41.001146 - Epoc #	4990	 14.250005960464478
2023-07-18 21:54:57.751142 - Epoc #	5000	 16.749995946884155
2023-07-18 21:55:15.766761 - Epoc #	5010	 18.015619039535522
2023-07-18 21:55:33.275794 - Epoc #	5020	 17.50903296470642
2023-07-18 21:55:53.619535 - Epoc #	5030	 20.343740940093994
2023-07-18 21:56:12.291425 - Epoc #	5040	 18.671890020370483
2023-07-18 21:56:30.400784 - Epoc #	5050	 18.1093590259552
2023-07-18 21:56:53.182034 - Epoc #	5060	 22.78125
2023-07-18 21:57:14.119536 - Epoc #	5070	 20.937501907348633
2023-07-18 21:57:35.275792 - Epoc #	5080	 21.156255960464478
2023-07-18 21:57:48.603913 - Epoc #	5090	 13.328121185302734
2023-07-18 21:58:04.228913 - Epoc #	5100	 15.625
2023-07-18 21:58:25.588304 - Epoc #	5110	 21.3593909740448
2023-07-18 21:58:46.775792 - Epoc #	5120	 21.187487840652466
2023-07-18 21:59:01.947585 - Epoc #	5130	 15.171793222427368
2023-07-18 21:59:20.916335 - Epoc #	5140	 18.96875
2023-07-18 21:59:32.479939 - Epoc #	5150	 11.56360387802124
2023-07-18 21:59:55.000123 - Epoc #	5160	 22.52018404006958
2023-07-18 22:00:18.799191 - Epoc #	5170	 23.799067974090576
2023-07-18 22:00:30.784656 - Epoc #	5180	 11.985465049743652
2023-07-18 22:00:52.253399 - Epoc #	5190	 21.468742847442627
2023-07-18 22:01:08.784572 - Epoc #	5200	 16.53117299079895
2023-07-18 22:01:33.206034 - Epoc #	5210	 24.421462059020996
2023-07-18 22:01:53.349941 - Epoc #	5220	 20.143907070159912
2023-07-18 22:02:12.616784 - Epoc #	5230	 19.26684308052063
2023-07-18 22:02:27.148022 - Epoc #	5240	 14.531237840652466
2023-07-18 22:02:42.616774 - Epoc #	5250	 15.468752145767212
2023-07-18 22:03:05.101165 - Epoc #	5260	 22.4843909740448
2023-07-18 22:03:22.101144 - Epoc #	5270	 16.99997901916504
2023-07-18 22:03:45.163653 - Epoc #	5280	 23.062508821487427
2023-07-18 22:04:04.491768 - Epoc #	5290	 19.328114986419678
2023-07-18 22:04:21.632398 - Epoc #	5300	 17.14063000679016
2023-07-18 22:04:38.648023 - Epoc #	5310	 17.015625
2023-07-18 22:04:53.038655 - Epoc #	5320	 14.390632152557373
2023-07-18 22:05:12.976156 - Epoc #	5330	 19.937500953674316
2023-07-18 22:05:33.085528 - Epoc #	5340	 20.10937190055847
2023-07-18 22:05:49.205888 - Epoc #	5350	 16.120360136032104
2023-07-18 22:06:12.002683 - Epoc #	5360	 22.796794891357422
2023-07-18 22:06:34.377757 - Epoc #	5370	 22.3750741481781
2023-07-18 22:06:53.535185 - Epoc #	5380	 19.15742802619934
2023-07-18 22:07:08.988314 - Epoc #	5390	 15.453128814697266
2023-07-18 22:07:23.972610 - Epoc #	5400	 14.984296083450317
2023-07-18 22:07:40.013914 - Epoc #	5410	 16.041304111480713
2023-07-18 22:08:00.928484 - Epoc #	5420	 20.914569854736328
2023-07-18 22:08:21.321540 - Epoc #	5430	 20.3930561542511
2023-07-18 22:08:40.738946 - Epoc #	5440	 19.41740584373474
2023-07-18 22:09:00.293206 - Epoc #	5450	 19.55426001548767
2023-07-18 22:09:14.606946 - Epoc #	5460	 14.313740015029907
2023-07-18 22:09:34.142956 - Epoc #	5470	 19.536010026931763
2023-07-18 22:09:51.003168 - Epoc #	5480	 16.860212087631226
2023-07-18 22:10:02.490192 - Epoc #	5490	 11.487023830413818
2023-07-18 22:10:24.630807 - Epoc #	5500	 22.140614986419678
2023-07-18 22:10:46.318309 - Epoc #	5510	 21.687502145767212
2023-07-18 22:10:59.474567 - Epoc #	5520	 13.15625786781311
2023-07-18 22:11:15.787068 - Epoc #	5530	 16.312500953674316
2023-07-18 22:11:32.787056 - Epoc #	5540	 16.999988079071045
2023-07-18 22:11:54.865186 - Epoc #	5550	 22.07813000679016
2023-07-18 22:12:20.365190 - Epoc #	5560	 25.500004053115845
2023-07-18 22:12:37.990186 - Epoc #	5570	 17.624995946884155
2023-07-18 22:12:58.708936 - Epoc #	5580	 20.71875
2023-07-18 22:13:13.427695 - Epoc #	5590	 14.718759059906006
2023-07-18 22:13:29.583545 - Epoc #	5600	 16.155849933624268
2023-07-18 22:13:46.239796 - Epoc #	5610	 16.656250953674316
2023-07-18 22:14:01.896050 - Epoc #	5620	 15.656254053115845
2023-07-18 22:14:21.802299 - Epoc #	5630	 19.906249046325684
2023-07-18 22:14:41.599174 - Epoc #	5640	 19.796875
2023-07-18 22:14:58.489792 - Epoc #	5650	 16.890618085861206
2023-07-18 22:15:11.959660 - Epoc #	5660	 13.469867944717407
2023-07-18 22:15:27.131523 - Epoc #	5670	 15.171862840652466
2023-07-18 22:15:47.445304 - Epoc #	5680	 20.313781023025513
2023-07-18 22:16:02.869546 - Epoc #	5690	 15.42424201965332
2023-07-18 22:16:20.057051 - Epoc #	5700	 17.18750500679016
2023-07-18 22:16:37.510183 - Epoc #	5710	 17.453132152557373
2023-07-18 22:16:49.839560 - Epoc #	5720	 12.329376935958862
2023-07-18 22:17:08.823920 - Epoc #	5730	 18.984359979629517
2023-07-18 22:17:29.721757 - Epoc #	5740	 20.897836923599243
2023-07-18 22:17:45.898844 - Epoc #	5750	 16.17708706855774
2023-07-18 22:18:01.795057 - Epoc #	5760	 15.896213054656982
2023-07-18 22:18:20.221373 - Epoc #	5770	 18.426316022872925
2023-07-18 22:18:38.237000 - Epoc #	5780	 18.015626907348633
2023-07-18 22:19:02.627629 - Epoc #	5790	 24.390629053115845
2023-07-18 22:19:22.580759 - Epoc #	5800	 19.95313000679016
2023-07-18 22:19:43.949664 - Epoc #	5810	 21.368905067443848
2023-07-18 22:20:00.652795 - Epoc #	5820	 16.703130960464478
2023-07-18 22:20:20.871540 - Epoc #	5830	 20.21874499320984
2023-07-18 22:20:37.105908 - Epoc #	5840	 16.234367847442627
2023-07-18 22:20:54.340292 - Epoc #	5850	 17.234384059906006
2023-07-18 22:21:14.810227 - Epoc #	5860	 20.469934940338135
2023-07-18 22:21:31.200859 - Epoc #	5870	 16.390632152557373
2023-07-18 22:21:51.763288 - Epoc #	5880	 20.562428951263428
2023-07-18 22:22:13.153905 - Epoc #	5890	 21.39061689376831
2023-07-18 22:22:31.310161 - Epoc #	5900	 18.156256198883057
2023-07-18 22:22:49.654082 - Epoc #	5910	 18.343920946121216
2023-07-18 22:23:04.654082 - Epoc #	5920	 15.0
2023-07-18 22:23:23.983372 - Epoc #	5930	 19.32928991317749
2023-07-18 22:23:51.890714 - Epoc #	5940	 27.907341957092285
2023-07-18 22:24:08.781281 - Epoc #	5950	 16.89056706428528
2023-07-18 22:24:23.970078 - Epoc #	5960	 15.188796997070312
2023-07-18 22:24:40.376395 - Epoc #	5970	 16.406316995620728
2023-07-18 22:24:52.970092 - Epoc #	5980	 12.59369707107544
2023-07-18 22:25:10.157595 - Epoc #	5990	 17.18750286102295
2023-07-18 22:25:30.561752 - Epoc #	6000	 20.404157161712646
2023-07-18 22:25:51.241548 - Epoc #	6010	 20.67979598045349
2023-07-18 22:26:14.261453 - Epoc #	6020	 23.019904851913452
2023-07-18 22:26:37.120835 - Epoc #	6030	 22.859382152557373
2023-07-18 22:26:49.377830 - Epoc #	6040	 12.25699496269226
2023-07-18 22:27:12.737196 - Epoc #	6050	 23.359365940093994
2023-07-18 22:27:31.205949 - Epoc #	6060	 18.46875309944153
2023-07-18 22:27:47.034081 - Time between reward step: #	9726.061414003372
2023-07-18 22:27:47.034081 - Average Score: 15.000 Elapsed time: 2:42:07.195756
2023-07-18 22:27:50.393446 - Epoc #	6070	 19.18749690055847
2023-07-18 22:28:12.190284 - Epoc #	6080	 21.79683804512024
2023-07-18 22:28:27.957226 - Epoc #	6090	 15.766942024230957
2023-07-18 22:28:43.519718 - Epoc #	6100	 15.56249189376831
2023-07-18 22:29:02.394718 - Epoc #	6110	 18.875
2023-07-18 22:29:23.722848 - Epoc #	6120	 21.32813000679016
2023-07-18 22:29:25.629093 - Time between reward step: #	9824.656425952911
2023-07-18 22:29:25.629093 - Average Score: 16.000 Elapsed time: 2:43:45.801085
2023-07-18 22:29:42.129092 - Epoc #	6130	 18.406244039535522
2023-07-18 22:30:02.472850 - Epoc #	6140	 20.34375810623169
2023-07-18 22:30:25.504093 - Epoc #	6150	 23.031242847442627
2023-07-18 22:30:42.785344 - Epoc #	6160	 17.281250953674316
2023-07-18 22:30:56.583388 - Epoc #	6170	 13.798044204711914
2023-07-18 22:31:22.553243 - Epoc #	6180	 25.969854831695557
2023-07-18 22:31:38.458389 - Epoc #	6190	 15.90514612197876
2023-07-18 22:31:54.615772 - Epoc #	6200	 16.15738296508789
2023-07-18 22:32:10.976318 - Epoc #	6210	 16.360545873641968
2023-07-18 22:32:32.696387 - Epoc #	6220	 21.72006916999817
2023-07-18 22:32:49.977701 - Epoc #	6230	 17.2813138961792
2023-07-18 22:33:08.339280 - Epoc #	6240	 18.361578941345215
2023-07-18 22:33:30.391879 - Epoc #	6250	 22.05259919166565
2023-07-18 22:33:51.396705 - Epoc #	6260	 21.004825830459595
2023-07-18 22:34:15.243615 - Epoc #	6270	 23.846909999847412
2023-07-18 22:34:32.728000 - Epoc #	6280	 17.484385013580322
2023-07-18 22:34:51.915491 - Epoc #	6290	 19.187491178512573
2023-07-18 22:35:06.821748 - Epoc #	6300	 14.906256914138794
2023-07-18 22:35:29.696666 - Epoc #	6310	 22.87491798400879
2023-07-18 22:35:47.437974 - Epoc #	6320	 17.741307973861694
2023-07-18 22:36:08.875484 - Epoc #	6330	 21.437510013580322
2023-07-18 22:36:26.359844 - Epoc #	6340	 17.484359979629517
2023-07-18 22:36:40.359839 - Epoc #	6350	 13.999994993209839
2023-07-18 22:36:58.062978 - Epoc #	6360	 17.703139066696167
2023-07-18 22:37:20.047267 - Epoc #	6370	 21.984288930892944
2023-07-18 22:37:46.824560 - Epoc #	6380	 26.77729296684265
2023-07-18 22:38:01.637006 - Epoc #	6390	 14.812446117401123
2023-07-18 22:38:24.418309 - Epoc #	6400	 22.78130292892456
2023-07-18 22:38:39.871438 - Epoc #	6410	 15.453129053115845
2023-07-18 22:38:54.761980 - Epoc #	6420	 14.890542030334473
2023-07-18 22:39:09.433854 - Epoc #	6430	 14.671874046325684
2023-07-18 22:39:21.355811 - Epoc #	6440	 11.921957015991211
2023-07-18 22:39:42.590105 - Epoc #	6450	 21.234293937683105
2023-07-18 22:40:01.528868 - Epoc #	6460	 18.9387629032135
2023-07-18 22:40:20.638223 - Epoc #	6470	 19.109354972839355
2023-07-18 22:40:38.544489 - Epoc #	6480	 17.9062659740448
2023-07-18 22:40:54.403854 - Epoc #	6490	 15.859364986419678
2023-07-18 22:41:11.873886 - Epoc #	6500	 17.470032215118408
2023-07-18 22:41:28.453153 - Epoc #	6510	 16.579266786575317
2023-07-18 22:41:45.032983 - Epoc #	6520	 16.579830169677734
2023-07-18 22:42:05.304497 - Epoc #	6530	 20.27151393890381
2023-07-18 22:42:23.913797 - Epoc #	6540	 18.609299898147583
2023-07-18 22:42:41.570128 - Epoc #	6550	 17.656331062316895
2023-07-18 22:42:58.382621 - Epoc #	6560	 16.812493085861206
2023-07-18 22:43:18.710749 - Epoc #	6570	 20.32812786102295
2023-07-18 22:43:43.219750 - Epoc #	6580	 24.50900101661682
2023-07-18 22:43:50.938581 - Time between reward step: #	10689.965914011002
2023-07-18 22:43:50.938581 - Average Score: 17.000 Elapsed time: 2:58:11.108397
2023-07-18 22:43:55.438581 - Time between reward step: #	10694.465914011002
2023-07-18 22:43:55.438581 - Average Score: 18.000 Elapsed time: 2:58:15.602470
2023-07-18 22:44:00.876086 - Epoc #	6590	 17.656336069107056
2023-07-18 22:44:15.032331 - Epoc #	6600	 14.156244993209839
2023-07-18 22:44:39.641710 - Epoc #	6610	 24.609379053115845
2023-07-18 22:44:54.001085 - Epoc #	6620	 14.359375
2023-07-18 22:45:15.266705 - Epoc #	6630	 21.26561999320984
2023-07-18 22:45:37.376091 - Epoc #	6640	 22.10938596725464
2023-07-18 22:45:58.407337 - Epoc #	6650	 21.031245946884155
2023-07-18 22:46:19.766703 - Epoc #	6660	 21.359365940093994
2023-07-18 22:46:38.689774 - Epoc #	6670	 18.923071146011353
2023-07-18 22:46:55.080320 - Epoc #	6680	 16.39054584503174
2023-07-18 22:47:18.705399 - Epoc #	6690	 23.62507915496826
2023-07-18 22:47:37.830405 - Epoc #	6700	 19.125005960464478
2023-07-18 22:47:53.800319 - Epoc #	6710	 15.969913959503174
2023-07-18 22:48:15.222115 - Epoc #	6720	 21.421796083450317
2023-07-18 22:48:33.730692 - Epoc #	6730	 18.5085768699646
2023-07-18 22:48:51.663636 - Epoc #	6740	 17.93294405937195
2023-07-18 22:49:10.447772 - Epoc #	6750	 18.784136056900024
2023-07-18 22:49:27.250454 - Epoc #	6760	 16.802681922912598
2023-07-18 22:49:50.478795 - Epoc #	6770	 23.228341102600098
2023-07-18 22:50:15.699554 - Epoc #	6780	 25.22075891494751
2023-07-18 22:50:38.050567 - Epoc #	6790	 22.35101294517517
2023-07-18 22:50:51.764718 - Epoc #	6800	 13.71415114402771
2023-07-18 22:51:15.826850 - Epoc #	6810	 24.062131881713867
2023-07-18 22:51:39.927908 - Epoc #	6820	 24.10105800628662
2023-07-18 22:51:59.198653 - Epoc #	6830	 19.270745038986206
2023-07-18 22:52:23.160245 - Epoc #	6840	 23.961591958999634
2023-07-18 22:52:26.963518 - Time between reward step: #	11205.990850925446
2023-07-18 22:52:26.963518 - Average Score: 19.000 Elapsed time: 3:06:47.131422
2023-07-18 22:52:38.526553 - Epoc #	6850	 15.366307973861694
2023-07-18 22:53:06.115049 - Epoc #	6860	 27.58849596977234
2023-07-18 22:53:27.333314 - Epoc #	6870	 21.218265056610107
2023-07-18 22:53:48.022122 - Epoc #	6880	 20.68880796432495
2023-07-18 22:54:07.088035 - Epoc #	6890	 19.065913200378418
2023-07-18 22:54:27.099098 - Epoc #	6900	 20.01106286048889
2023-07-18 22:54:45.825789 - Epoc #	6910	 18.726691007614136
2023-07-18 22:55:09.434120 - Epoc #	6920	 23.608330965042114
2023-07-18 22:55:32.076972 - Epoc #	6930	 22.642852067947388
2023-07-18 22:55:44.662760 - Epoc #	6940	 12.585788011550903
2023-07-18 22:56:04.750151 - Epoc #	6950	 20.087390899658203
2023-07-18 22:56:31.896987 - Epoc #	6960	 27.146836042404175
2023-07-18 22:56:57.433245 - Epoc #	6970	 25.53625798225403
2023-07-18 22:57:18.781451 - Epoc #	6980	 21.348206043243408
2023-07-18 22:57:40.120096 - Epoc #	6990	 21.338644981384277
2023-07-18 22:57:59.574712 - Epoc #	7000	 19.4546160697937
2023-07-18 22:58:18.043526 - Epoc #	7010	 18.4688138961792
2023-07-18 22:58:36.262273 - Epoc #	7020	 18.21874713897705
2023-07-18 22:59:02.188072 - Epoc #	7030	 25.925798892974854
2023-07-18 22:59:25.549023 - Epoc #	7040	 23.36095094680786
2023-07-18 22:59:41.929783 - Epoc #	7050	 16.380760192871094
2023-07-18 23:00:02.374930 - Epoc #	7060	 20.445146799087524
2023-07-18 23:00:24.508743 - Epoc #	7070	 22.13381314277649
2023-07-18 23:00:42.811044 - Epoc #	7080	 18.302300930023193
2023-07-18 23:01:02.368658 - Epoc #	7090	 19.55761408805847
2023-07-18 23:01:21.127151 - Epoc #	7100	 18.758492946624756
2023-07-18 23:01:34.221714 - Epoc #	7110	 13.094563007354736
2023-07-18 23:01:53.411134 - Epoc #	7120	 19.189419984817505
2023-07-18 23:02:07.887807 - Epoc #	7130	 14.476672887802124
2023-07-18 23:02:23.778999 - Epoc #	7140	 15.875568151473999
2023-07-18 23:02:44.966651 - Epoc #	7150	 21.187651872634888
2023-07-18 23:03:03.701102 - Epoc #	7160	 18.734451055526733
2023-07-18 23:03:19.357830 - Epoc #	7170	 15.656728029251099
2023-07-18 23:03:43.765389 - Epoc #	7180	 24.407558917999268
2023-07-18 23:04:05.016334 - Epoc #	7190	 21.25094509124756
2023-07-18 23:04:25.375849 - Epoc #	7200	 20.359514951705933
2023-07-18 23:04:49.537669 - Time between reward step: #	11948.56500196457
2023-07-18 23:04:49.537669 - Average Score: 20.000 Elapsed time: 3:19:09.706647
2023-07-18 23:04:51.741983 - Time between reward step: #	11950.769315958023
2023-07-18 23:04:51.741983 - Average Score: 21.000 Elapsed time: 3:19:11.904087
2023-07-18 23:04:51.741983 - Epoc #	7210	 26.36613392829895
2023-07-18 23:05:02.586712 - Epoc #	7220	 10.844728946685791
2023-07-18 23:05:23.481273 - Epoc #	7230	 20.894561052322388
2023-07-18 23:05:40.343285 - Time between reward step: #	11999.370618104935
2023-07-18 23:05:40.343285 - Average Score: 22.000 Elapsed time: 3:20:00.503755
2023-07-18 23:05:42.953367 - Epoc #	7240	 19.47209405899048
2023-07-18 23:06:07.487039 - Epoc #	7250	 24.533672094345093
2023-07-18 23:06:28.222416 - Epoc #	7260	 20.735376834869385
2023-07-18 23:06:43.993440 - Epoc #	7270	 15.771023988723755
2023-07-18 23:07:08.686834 - Epoc #	7280	 24.69339418411255
2023-07-18 23:07:29.476033 - Epoc #	7290	 20.789198875427246
2023-07-18 23:07:49.923250 - Epoc #	7300	 20.447216987609863
2023-07-18 23:08:12.949244 - Epoc #	7310	 23.025994062423706
2023-07-18 23:08:27.202771 - Epoc #	7320	 14.25352692604065
2023-07-18 23:08:45.930698 - Epoc #	7330	 18.7279269695282
2023-07-18 23:09:05.391617 - Epoc #	7340	 19.46091914176941
2023-07-18 23:09:27.765481 - Epoc #	7350	 22.37386393547058
2023-07-18 23:09:41.270221 - Epoc #	7360	 13.504739999771118
2023-07-18 23:10:02.408897 - Epoc #	7370	 21.138675928115845
2023-07-18 23:10:19.455725 - Epoc #	7380	 17.046828031539917
2023-07-18 23:10:42.440282 - Epoc #	7390	 22.984557151794434
2023-07-18 23:10:53.002785 - Time between reward step: #	12312.030117988586
2023-07-18 23:10:53.002785 - Average Score: 23.000 Elapsed time: 3:25:13.169012
2023-07-18 23:11:01.299659 - Epoc #	7400	 18.859376907348633
2023-07-18 23:11:14.831493 - Time between reward step: #	12333.858825922012
2023-07-18 23:11:14.831493 - Average Score: 24.000 Elapsed time: 3:25:34.993691
2023-07-18 23:11:25.895154 - Epoc #	7410	 24.595494985580444
2023-07-18 23:11:29.442183 - Time between reward step: #	12348.469516038895
2023-07-18 23:11:29.442183 - Average Score: 25.000 Elapsed time: 3:25:49.607702
2023-07-18 23:11:45.209460 - Epoc #	7420	 19.314306020736694
2023-07-18 23:12:02.258402 - Epoc #	7430	 17.04894208908081
2023-07-18 23:12:25.821787 - Epoc #	7440	 23.563385009765625
2023-07-18 23:12:46.621438 - Epoc #	7450	 20.79965090751648
2023-07-18 23:13:05.887920 - Epoc #	7460	 19.26648187637329
2023-07-18 23:13:23.045119 - Epoc #	7470	 17.157199144363403
2023-07-18 23:13:43.030468 - Epoc #	7480	 19.98534893989563
2023-07-18 23:14:04.376849 - Epoc #	7490	 21.346380949020386
2023-07-18 23:14:21.736225 - Epoc #	7500	 17.359375953674316
2023-07-18 23:14:34.097510 - Epoc #	7510	 12.361285209655762
2023-07-18 23:14:49.648121 - Epoc #	7520	 15.550611019134521
2023-07-18 23:15:04.731661 - Epoc #	7530	 15.083539962768555
2023-07-18 23:15:23.564932 - Epoc #	7540	 18.833271026611328
2023-07-18 23:15:41.133533 - Epoc #	7550	 17.56860089302063
2023-07-18 23:16:01.090964 - Epoc #	7560	 19.957431077957153
2023-07-18 23:16:23.867734 - Epoc #	7570	 22.776769876480103
2023-07-18 23:16:38.373577 - Epoc #	7580	 14.505843162536621
2023-07-18 23:16:58.136945 - Epoc #	7590	 19.763367891311646
2023-07-18 23:17:14.114954 - Epoc #	7600	 15.97800898551941
2023-07-18 23:17:31.793399 - Epoc #	7610	 17.6784451007843
2023-07-18 23:17:53.814023 - Epoc #	7620	 22.020623922348022
2023-07-18 23:18:07.557309 - Epoc #	7630	 13.743285894393921
2023-07-18 23:18:28.417164 - Epoc #	7640	 20.85985517501831
2023-07-18 23:18:47.260978 - Epoc #	7650	 18.8438138961792
2023-07-18 23:19:10.636624 - Epoc #	7660	 23.375646114349365
2023-07-18 23:19:32.194602 - Epoc #	7670	 21.55797791481018
2023-07-18 23:19:51.383364 - Epoc #	7680	 19.188761949539185
2023-07-18 23:20:11.087187 - Epoc #	7690	 19.70382308959961
2023-07-18 23:20:32.291614 - Epoc #	7700	 21.204427003860474
2023-07-18 23:20:50.567555 - Epoc #	7710	 18.275940895080566
2023-07-18 23:21:02.209200 - Epoc #	7720	 11.641644954681396
2023-07-18 23:21:17.772884 - Epoc #	7730	 15.563683986663818
2023-07-18 23:21:35.399120 - Epoc #	7740	 17.62623620033264
2023-07-18 23:21:57.200065 - Epoc #	7750	 21.800944805145264
2023-07-18 23:22:13.968093 - Epoc #	7760	 16.768028020858765
2023-07-18 23:22:40.317394 - Epoc #	7770	 26.34930109977722
2023-07-18 23:23:01.804906 - Epoc #	7780	 21.48751187324524
2023-07-18 23:23:17.419340 - Epoc #	7790	 15.614434003829956
2023-07-18 23:23:35.675766 - Epoc #	7800	 18.256426095962524
2023-07-18 23:23:53.619251 - Epoc #	7810	 17.943485021591187
2023-07-18 23:24:16.186438 - Epoc #	7820	 22.567187070846558
2023-07-18 23:24:35.185432 - Epoc #	7830	 18.99899387359619
2023-07-18 23:24:59.104032 - Epoc #	7840	 23.91860008239746
2023-07-18 23:25:18.548630 - Epoc #	7850	 19.444597959518433
2023-07-18 23:25:21.204878 - Time between reward step: #	13180.232211112976
2023-07-18 23:25:21.204878 - Average Score: 26.000 Elapsed time: 3:39:41.366367
2023-07-18 23:25:25.425086 - Time between reward step: #	13184.452419042587
2023-07-18 23:25:25.425086 - Average Score: 27.000 Elapsed time: 3:39:45.587326
2023-07-18 23:25:33.702757 - Time between reward step: #	13192.730089902878
2023-07-18 23:25:33.702757 - Average Score: 28.000 Elapsed time: 3:39:53.866908
2023-07-18 23:25:38.520926 - Time between reward step: #	13197.548259019852
2023-07-18 23:25:38.520926 - Average Score: 29.000 Elapsed time: 3:39:58.682841
2023-07-18 23:25:38.520926 - Epoc #	7860	 19.972295999526978
2023-07-18 23:25:59.446427 - Epoc #	7870	 20.925501108169556
2023-07-18 23:26:14.899561 - Epoc #	7880	 15.453133821487427
2023-07-18 23:26:32.352683 - Epoc #	7890	 17.45312213897705
2023-07-18 23:26:52.071497 - Epoc #	7900	 19.7188138961792
2023-07-18 23:27:12.696964 - Epoc #	7910	 20.62546706199646
2023-07-18 23:27:40.605222 - Epoc #	7920	 27.908257961273193
2023-07-18 23:27:57.652981 - Epoc #	7930	 17.04775905609131
2023-07-18 23:28:16.466149 - Epoc #	7940	 18.813168048858643
2023-07-18 23:28:32.139029 - Epoc #	7950	 15.672879934310913
2023-07-18 23:28:47.640494 - Epoc #	7960	 15.501465082168579
2023-07-18 23:29:02.393213 - Epoc #	7970	 14.752718925476074
2023-07-18 23:29:22.645498 - Epoc #	7980	 20.25228500366211
2023-07-18 23:29:40.787922 - Epoc #	7990	 18.14242386817932
2023-07-18 23:30:00.761422 - Epoc #	8000	 19.97350001335144
2023-07-18 23:30:23.342354 - Epoc #	8010	 22.580932140350342
2023-07-18 23:30:40.627048 - Epoc #	8020	 17.284693956375122
2023-07-18 23:31:00.775099 - Epoc #	8030	 20.148051023483276
2023-07-18 23:31:22.640258 - Epoc #	8040	 21.865159034729004
2023-07-18 23:31:43.429211 - Epoc #	8050	 20.788952827453613
2023-07-18 23:32:02.856698 - Epoc #	8060	 19.42748713493347
2023-07-18 23:32:23.378534 - Epoc #	8070	 20.521836042404175
2023-07-18 23:32:43.479503 - Epoc #	8080	 20.100968837738037
2023-07-18 23:33:04.316897 - Epoc #	8090	 20.83739399909973
2023-07-18 23:33:19.311059 - Epoc #	8100	 14.99416208267212
2023-07-18 23:33:43.901134 - Epoc #	8110	 24.59007501602173
2023-07-18 23:34:04.224517 - Epoc #	8120	 20.32338309288025
2023-07-18 23:34:22.927638 - Epoc #	8130	 18.703120946884155
2023-07-18 23:34:43.959117 - Epoc #	8140	 21.031478881835938
2023-07-18 23:35:03.990578 - Epoc #	8150	 20.031461000442505
2023-07-18 23:35:21.865644 - Epoc #	8160	 17.87506604194641
2023-07-18 23:35:39.668812 - Epoc #	8170	 17.803168058395386
2023-07-18 23:35:59.467003 - Epoc #	8180	 19.79819107055664
2023-07-18 23:36:21.092724 - Epoc #	8190	 21.625720977783203
2023-07-18 23:36:45.690161 - Epoc #	8200	 24.597436904907227
2023-07-18 23:37:02.692238 - Epoc #	8210	 17.002077102661133
2023-07-18 23:37:22.021504 - Epoc #	8220	 19.329265832901
2023-07-18 23:37:39.471682 - Epoc #	8230	 17.450178146362305
2023-07-18 23:37:55.630465 - Epoc #	8240	 16.158782958984375
2023-07-18 23:38:11.492176 - Epoc #	8250	 15.861711025238037
2023-07-18 23:38:29.745222 - Epoc #	8260	 18.2530460357666
2023-07-18 23:38:47.452054 - Epoc #	8270	 17.70683193206787
2023-07-18 23:39:05.721511 - Epoc #	8280	 18.26945686340332
2023-07-18 23:39:28.980017 - Epoc #	8290	 23.258506059646606
2023-07-18 23:39:49.064709 - Epoc #	8300	 20.084692001342773
2023-07-18 23:40:06.728384 - Epoc #	8310	 17.66367506980896
2023-07-18 23:40:18.966630 - Epoc #	8320	 12.238245964050293
2023-07-18 23:40:36.458713 - Epoc #	8330	 17.492083072662354
2023-07-18 23:40:53.998311 - Epoc #	8340	 17.539597988128662
2023-07-18 23:41:07.832674 - Epoc #	8350	 13.834362983703613
2023-07-18 23:41:24.470241 - Epoc #	8360	 16.637567043304443
2023-07-18 23:41:46.818072 - Epoc #	8370	 22.34783101081848
2023-07-18 23:42:01.198282 - Epoc #	8380	 14.380209922790527
2023-07-18 23:42:15.870084 - Epoc #	8390	 14.671802043914795
2023-07-18 23:42:34.526400 - Epoc #	8400	 18.65631604194641
2023-07-18 23:42:55.872341 - Epoc #	8410	 21.345940828323364
2023-07-18 23:43:09.393835 - Epoc #	8420	 13.521494150161743
2023-07-18 23:43:36.471435 - Epoc #	8430	 27.07760000228882
2023-07-18 23:43:59.492340 - Epoc #	8440	 23.020905017852783
2023-07-18 23:44:16.605910 - Epoc #	8450	 17.113569974899292
2023-07-18 23:44:39.046579 - Epoc #	8460	 22.44066882133484
2023-07-18 23:44:55.781022 - Epoc #	8470	 16.734443187713623
2023-07-18 23:45:12.578209 - Epoc #	8480	 16.797186851501465
2023-07-18 23:45:31.031331 - Epoc #	8490	 18.45312213897705
2023-07-18 23:45:48.734460 - Epoc #	8500	 17.703129053115845
2023-07-18 23:46:07.453651 - Epoc #	8510	 18.71919083595276
2023-07-18 23:46:27.720298 - Epoc #	8520	 20.26664710044861
2023-07-18 23:46:46.080088 - Epoc #	8530	 18.359789848327637
2023-07-18 23:47:02.548871 - Epoc #	8540	 16.468783140182495
2023-07-18 23:47:20.627275 - Epoc #	8550	 18.07840394973755
2023-07-18 23:47:46.566090 - Epoc #	8560	 25.938815116882324
2023-07-18 23:48:07.082737 - Epoc #	8570	 20.51664686203003
2023-07-18 23:48:20.489939 - Epoc #	8580	 13.407202005386353
2023-07-18 23:48:40.944446 - Epoc #	8590	 20.45450711250305
2023-07-18 23:48:53.942723 - Epoc #	8600	 12.998276948928833
2023-07-18 23:49:10.817725 - Epoc #	8610	 16.875001907348633
2023-07-18 23:49:29.471494 - Epoc #	8620	 18.65376901626587
2023-07-18 23:49:52.003228 - Epoc #	8630	 22.531733989715576
2023-07-18 23:50:15.237533 - Epoc #	8640	 23.234305143356323
2023-07-18 23:50:41.915520 - Epoc #	8650	 26.67798686027527
2023-07-18 23:50:59.884919 - Epoc #	8660	 17.969398975372314
2023-07-18 23:51:21.979026 - Epoc #	8670	 22.094107151031494
2023-07-18 23:51:39.322837 - Epoc #	8680	 17.34381103515625
2023-07-18 23:52:03.135306 - Epoc #	8690	 23.812468767166138
2023-07-18 23:52:23.932254 - Epoc #	8700	 20.796948194503784
2023-07-18 23:52:42.464302 - Epoc #	8710	 18.532047986984253
2023-07-18 23:52:55.950347 - Epoc #	8720	 13.486044883728027
2023-07-18 23:53:16.404754 - Epoc #	8730	 20.45440697669983
2023-07-18 23:53:38.421293 - Epoc #	8740	 22.016539096832275
2023-07-18 23:53:57.218829 - Epoc #	8750	 18.79753589630127
2023-07-18 23:54:14.797771 - Epoc #	8760	 17.57894206047058
2023-07-18 23:54:35.548350 - Epoc #	8770	 20.750579118728638
2023-07-18 23:54:53.298389 - Epoc #	8780	 17.750038862228394
2023-07-18 23:55:14.095269 - Epoc #	8790	 20.79688000679016
2023-07-18 23:55:35.986749 - Epoc #	8800	 21.891479969024658
2023-07-18 23:55:55.034482 - Epoc #	8810	 19.047733068466187
2023-07-18 23:56:12.956768 - Epoc #	8820	 17.92228603363037
2023-07-18 23:56:33.332030 - Epoc #	8830	 20.375262022018433
2023-07-18 23:56:47.116515 - Epoc #	8840	 13.78448486328125
2023-07-18 23:57:06.156663 - Epoc #	8850	 19.04014801979065
2023-07-18 23:57:24.777456 - Epoc #	8860	 18.620793104171753
2023-07-18 23:57:39.983862 - Epoc #	8870	 15.206405878067017
2023-07-18 23:57:59.371059 - Epoc #	8880	 19.387197017669678
2023-07-18 23:58:06.142269 - Time between reward step: #	15145.169601917267
2023-07-18 23:58:06.142269 - Average Score: 30.000 Elapsed time: 4:12:26.303366
2023-07-18 23:58:15.050031 - Epoc #	8890	 15.678972005844116
2023-07-18 23:58:17.535777 - Time between reward step: #	15156.563110113144
2023-07-18 23:58:17.535777 - Average Score: 31.000 Elapsed time: 4:12:37.708394
2023-07-18 23:58:23.798136 - Time between reward step: #	15162.825469017029
2023-07-18 23:58:23.798136 - Average Score: 32.000 Elapsed time: 4:12:43.970830
2023-07-18 23:58:33.481065 - Epoc #	8900	 18.431034088134766
2023-07-18 23:58:36.130415 - Time between reward step: #	15175.157747983932
2023-07-18 23:58:36.130415 - Average Score: 33.000 Elapsed time: 4:12:56.291148
2023-07-18 23:58:55.139999 - Time between reward step: #	15194.167331933975
2023-07-18 23:58:55.139999 - Average Score: 34.000 Elapsed time: 4:13:15.305100
2023-07-18 23:58:55.139999 - Epoc #	8910	 21.658933877944946
2023-07-18 23:59:13.714276 - Epoc #	8920	 18.57427716255188
2023-07-18 23:59:32.329421 - Epoc #	8930	 18.615144968032837
2023-07-18 23:59:52.115425 - Epoc #	8940	 19.786004066467285
2023-07-19 00:00:09.189992 - Epoc #	8950	 17.07456684112549
2023-07-19 00:00:24.742866 - Epoc #	8960	 15.552874088287354
2023-07-19 00:00:48.648161 - Epoc #	8970	 23.90529489517212
2023-07-19 00:01:11.173187 - Epoc #	8980	 22.525026082992554
2023-07-19 00:01:33.794352 - Epoc #	8990	 22.62116503715515
2023-07-19 00:01:55.587729 - Epoc #	9000	 21.793376922607422
2023-07-19 00:02:14.952294 - Epoc #	9010	 19.364565134048462
2023-07-19 00:02:33.056046 - Epoc #	9020	 18.10375189781189
2023-07-19 00:02:48.826442 - Epoc #	9030	 15.770395994186401
2023-07-19 00:03:08.382007 - Epoc #	9040	 19.555564880371094
2023-07-19 00:03:30.102915 - Epoc #	9050	 21.720908164978027
2023-07-19 00:03:50.852916 - Epoc #	9060	 20.750000953674316
2023-07-19 00:04:05.213297 - Epoc #	9070	 14.36038088798523
2023-07-19 00:04:22.088544 - Epoc #	9080	 16.87524700164795
2023-07-19 00:04:42.185066 - Epoc #	9090	 20.096522092819214
2023-07-19 00:05:07.804685 - Epoc #	9100	 25.619619131088257
2023-07-19 00:05:27.225462 - Epoc #	9110	 19.420776844024658
2023-07-19 00:05:44.445804 - Epoc #	9120	 17.22034215927124
2023-07-19 00:06:05.840515 - Epoc #	9130	 21.394710779190063
2023-07-19 00:06:25.030715 - Epoc #	9140	 19.190200090408325
2023-07-19 00:06:48.544048 - Epoc #	9150	 23.513333082199097
2023-07-19 00:07:06.249580 - Epoc #	9160	 17.70553183555603
2023-07-19 00:07:24.660300 - Epoc #	9170	 18.410720109939575
2023-07-19 00:07:45.049700 - Epoc #	9180	 20.389400005340576
2023-07-19 00:07:59.774366 - Epoc #	9190	 14.724665880203247
2023-07-19 00:08:18.044441 - Epoc #	9200	 18.27007508277893
2023-07-19 00:08:41.031812 - Epoc #	9210	 22.98737096786499
2023-07-19 00:08:58.892330 - Epoc #	9220	 17.860517978668213
2023-07-19 00:09:26.127364 - Epoc #	9230	 27.235033988952637
2023-07-19 00:09:44.955495 - Epoc #	9240	 18.828131198883057
2023-07-19 00:10:01.955993 - Epoc #	9250	 17.000497817993164
2023-07-19 00:10:25.034382 - Epoc #	9260	 23.078389167785645
2023-07-19 00:10:46.175664 - Epoc #	9270	 21.141281843185425
2023-07-19 00:11:07.207577 - Epoc #	9280	 21.03191304206848
2023-07-19 00:11:27.692884 - Epoc #	9290	 20.485306978225708
2023-07-19 00:11:49.162117 - Epoc #	9300	 21.46923303604126
2023-07-19 00:12:13.288670 - Epoc #	9310	 24.126553058624268
2023-07-19 00:12:33.071535 - Epoc #	9320	 19.782865047454834
2023-07-19 00:12:50.417007 - Epoc #	9330	 17.34547185897827
2023-07-19 00:13:14.683496 - Epoc #	9340	 24.266489028930664
2023-07-19 00:13:37.180844 - Epoc #	9350	 22.497348070144653
2023-07-19 00:13:59.650425 - Epoc #	9360	 22.46958088874817
2023-07-19 00:14:18.029258 - Epoc #	9370	 18.378833055496216
2023-07-19 00:14:35.874574 - Epoc #	9380	 17.84531593322754
2023-07-19 00:14:54.500470 - Epoc #	9390	 18.625895977020264
2023-07-19 00:15:19.457478 - Epoc #	9400	 24.957008123397827
2023-07-19 00:15:43.333049 - Epoc #	9410	 23.87557101249695
2023-07-19 00:16:04.150724 - Epoc #	9420	 20.8176748752594
2023-07-19 00:16:21.811086 - Epoc #	9430	 17.660362005233765
2023-07-19 00:16:46.420579 - Epoc #	9440	 24.609493017196655
2023-07-19 00:17:06.264409 - Epoc #	9450	 19.843830108642578
2023-07-19 00:17:26.515127 - Epoc #	9460	 20.250717878341675
2023-07-19 00:17:44.640131 - Epoc #	9470	 18.125004053115845
2023-07-19 00:18:04.765804 - Epoc #	9480	 20.125673055648804
2023-07-19 00:18:25.120667 - Epoc #	9490	 20.354862928390503
2023-07-19 00:18:48.808151 - Epoc #	9500	 23.6874840259552
2023-07-19 00:19:08.730026 - Epoc #	9510	 19.921875
2023-07-19 00:19:31.145362 - Epoc #	9520	 22.41533589363098
2023-07-19 00:19:50.240330 - Epoc #	9530	 19.09496808052063
2023-07-19 00:20:11.334747 - Epoc #	9540	 21.094417095184326
2023-07-19 00:20:27.148043 - Epoc #	9550	 15.813295841217041
2023-07-19 00:20:49.100574 - Epoc #	9560	 21.952531099319458
2023-07-19 00:21:06.773253 - Epoc #	9570	 17.67267894744873
2023-07-19 00:21:20.493155 - Epoc #	9580	 13.719902038574219
2023-07-19 00:21:38.885814 - Epoc #	9590	 18.392658948898315
2023-07-19 00:22:02.121322 - Epoc #	9600	 23.23550796508789
2023-07-19 00:22:25.454417 - Epoc #	9610	 23.33309507369995
2023-07-19 00:22:47.520876 - Epoc #	9620	 22.06645894050598
2023-07-19 00:23:07.961210 - Epoc #	9630	 20.44033408164978
2023-07-19 00:23:27.044366 - Epoc #	9640	 19.083155870437622
2023-07-19 00:23:50.890755 - Epoc #	9650	 23.846389055252075
2023-07-19 00:24:03.471797 - Epoc #	9660	 12.581042051315308
2023-07-19 00:24:22.958094 - Epoc #	9670	 19.486296892166138
2023-07-19 00:24:42.288552 - Epoc #	9680	 19.330458164215088
2023-07-19 00:25:03.118118 - Epoc #	9690	 20.82956600189209
2023-07-19 00:25:27.367722 - Epoc #	9700	 24.249603986740112
2023-07-19 00:25:39.492720 - Epoc #	9710	 12.124997854232788
2023-07-19 00:25:58.838153 - Epoc #	9720	 19.345432996749878
2023-07-19 00:26:18.525648 - Epoc #	9730	 19.687495231628418
2023-07-19 00:26:41.088815 - Epoc #	9740	 22.563166856765747
2023-07-19 00:26:58.527551 - Epoc #	9750	 17.438735961914062
2023-07-19 00:27:22.264182 - Epoc #	9760	 23.736631155014038
2023-07-19 00:27:41.905505 - Epoc #	9770	 19.64132285118103
2023-07-19 00:27:58.781412 - Epoc #	9780	 16.875906944274902
2023-07-19 00:28:15.484887 - Epoc #	9790	 16.70347499847412
2023-07-19 00:28:34.110906 - Epoc #	9800	 18.62601900100708
2023-07-19 00:28:52.222205 - Epoc #	9810	 18.11129903793335
2023-07-19 00:29:17.598726 - Epoc #	9820	 25.376521110534668
2023-07-19 00:29:44.210112 - Epoc #	9830	 26.61138606071472
2023-07-19 00:30:06.806317 - Epoc #	9840	 22.59620499610901
2023-07-19 00:30:27.166985 - Epoc #	9850	 20.360667943954468
2023-07-19 00:30:46.620868 - Epoc #	9860	 19.453882932662964
2023-07-19 00:31:06.247068 - Epoc #	9870	 19.626199960708618
2023-07-19 00:31:26.733046 - Epoc #	9880	 20.48597812652588
2023-07-19 00:31:49.612644 - Epoc #	9890	 22.879597902297974
2023-07-19 00:32:08.615539 - Epoc #	9900	 19.00289511680603
2023-07-19 00:32:33.820931 - Epoc #	9910	 25.205391883850098
2023-07-19 00:32:50.024055 - Epoc #	9920	 16.203124046325684
2023-07-19 00:33:04.039767 - Epoc #	9930	 14.015712022781372
2023-07-19 00:33:24.743334 - Epoc #	9940	 20.703567028045654
2023-07-19 00:33:43.822605 - Epoc #	9950	 19.079270839691162
2023-07-19 00:33:49.353866 - Time between reward step: #	17288.381199121475
2023-07-19 00:33:49.353866 - Average Score: 35.000 Elapsed time: 4:48:09.514349
2023-07-19 00:33:51.775651 - Time between reward step: #	17290.802983999252
2023-07-19 00:33:51.775651 - Average Score: 36.000 Elapsed time: 4:48:11.944666
2023-07-19 00:33:56.666355 - Time between reward step: #	17295.693687915802
2023-07-19 00:33:56.681983 - Average Score: 37.000 Elapsed time: 4:48:16.839761
2023-07-19 00:34:02.197835 - Epoc #	9960	 18.375230073928833
2023-07-19 00:34:22.698786 - Epoc #	9970	 20.500951051712036
2023-07-19 00:34:44.402014 - Epoc #	9980	 21.703227996826172
2023-07-19 00:35:05.168601 - Epoc #	9990	 20.766587018966675
2023-07-19 00:35:26.699898 - Epoc #	10000	 21.531296968460083
2023-07-19 00:35:44.253953 - Epoc #	10010	 17.554054975509644
2023-07-19 00:36:10.535398 - Epoc #	10020	 26.281445026397705
2023-07-19 00:36:15.519701 - Time between reward step: #	17434.547034025192
2023-07-19 00:36:15.519701 - Average Score: 38.000 Elapsed time: 4:50:35.680706
2023-07-19 00:36:33.083694 - Epoc #	10030	 22.548295974731445
2023-07-19 00:36:53.787967 - Epoc #	10040	 20.704272985458374
2023-07-19 00:37:18.195130 - Epoc #	10050	 24.40716314315796
2023-07-19 00:37:40.291235 - Epoc #	10060	 22.096104860305786
2023-07-19 00:37:56.778226 - Epoc #	10070	 16.486990928649902
2023-07-19 00:38:18.451578 - Epoc #	10080	 21.673352003097534
2023-07-19 00:38:37.890664 - Epoc #	10090	 19.439086198806763
2023-07-19 00:38:54.753824 - Epoc #	10100	 16.863159894943237
2023-07-19 00:39:11.474246 - Epoc #	10110	 16.72042202949524
2023-07-19 00:39:27.132800 - Epoc #	10120	 15.658554077148438
2023-07-19 00:39:46.417099 - Epoc #	10130	 19.28429889678955
2023-07-19 00:40:02.624228 - Epoc #	10140	 16.20712900161743
2023-07-19 00:40:25.989187 - Epoc #	10150	 23.364959001541138
2023-07-19 00:40:42.662958 - Epoc #	10160	 16.673770904541016
2023-07-19 00:41:07.663312 - Epoc #	10170	 25.000354051589966
2023-07-19 00:41:29.180122 - Epoc #	10180	 21.516809940338135
2023-07-19 00:41:53.540200 - Epoc #	10190	 24.36007809638977
2023-07-19 00:42:14.619826 - Epoc #	10200	 21.079626083374023
2023-07-19 00:42:34.340399 - Epoc #	10210	 19.72057294845581
2023-07-19 00:42:53.216338 - Epoc #	10220	 18.875938892364502
2023-07-19 00:43:14.640005 - Epoc #	10230	 21.423667192459106
2023-07-19 00:43:37.292923 - Epoc #	10240	 22.652917861938477
2023-07-19 00:43:55.058988 - Epoc #	10250	 17.76606512069702
2023-07-19 00:44:14.184466 - Epoc #	10260	 19.12547779083252
2023-07-19 00:44:29.482452 - Epoc #	10270	 15.297986030578613
2023-07-19 00:44:46.609301 - Epoc #	10280	 17.12684917449951
2023-07-19 00:45:08.422683 - Epoc #	10290	 21.813381910324097
2023-07-19 00:45:32.033580 - Epoc #	10300	 23.610897064208984
2023-07-19 00:45:51.707128 - Epoc #	10310	 19.673547983169556
2023-07-19 00:46:10.068369 - Epoc #	10320	 18.36124086380005
2023-07-19 00:46:30.929387 - Epoc #	10330	 20.861018180847168
2023-07-19 00:46:53.792766 - Epoc #	10340	 22.86337900161743
2023-07-19 00:47:20.828571 - Epoc #	10350	 27.035804986953735
2023-07-19 00:47:40.753135 - Epoc #	10360	 19.924563884735107
2023-07-19 00:47:59.414260 - Epoc #	10370	 18.66112494468689
2023-07-19 00:48:23.723403 - Epoc #	10380	 24.30914306640625
2023-07-19 00:48:40.808266 - Epoc #	10390	 17.08486294746399
2023-07-19 00:49:04.918230 - Epoc #	10400	 24.10996413230896
2023-07-19 00:49:21.717232 - Epoc #	10410	 16.799001932144165
2023-07-19 00:49:40.040494 - Epoc #	10420	 18.323261976242065
2023-07-19 00:49:59.087277 - Epoc #	10430	 19.046782970428467
2023-07-19 00:50:25.385480 - Epoc #	10440	 26.298202991485596
2023-07-19 00:50:46.859193 - Epoc #	10450	 21.473713159561157
2023-07-19 00:51:05.765909 - Epoc #	10460	 18.906715869903564
2023-07-19 00:51:24.407245 - Epoc #	10470	 18.64133596420288
2023-07-19 00:51:43.096524 - Epoc #	10480	 18.689279079437256
2023-07-19 00:52:00.269188 - Epoc #	10490	 17.172663927078247
2023-07-19 00:52:19.739076 - Epoc #	10500	 19.46988797187805
2023-07-19 00:52:43.199428 - Epoc #	10510	 23.460352182388306
2023-07-19 00:53:02.045922 - Epoc #	10520	 18.84649395942688
2023-07-19 00:53:26.349065 - Epoc #	10530	 24.30314302444458
2023-07-19 00:53:46.805947 - Epoc #	10540	 20.456881999969482
2023-07-19 00:54:15.030330 - Epoc #	10550	 28.224382877349854
2023-07-19 00:54:36.470511 - Epoc #	10560	 21.440181016921997
2023-07-19 00:55:03.448607 - Epoc #	10570	 26.97809600830078
2023-07-19 00:55:26.506156 - Epoc #	10580	 23.057548999786377
2023-07-19 00:55:46.092325 - Epoc #	10590	 19.586169004440308
2023-07-19 00:56:07.226019 - Epoc #	10600	 21.13369393348694
2023-07-19 00:56:26.954796 - Epoc #	10610	 19.728777170181274
2023-07-19 00:56:48.426539 - Epoc #	10620	 21.471742868423462
2023-07-19 00:57:11.715073 - Epoc #	10630	 23.28853416442871
2023-07-19 00:57:25.337858 - Epoc #	10640	 13.622784852981567
2023-07-19 00:57:45.178032 - Epoc #	10650	 19.840173959732056
2023-07-19 00:58:08.500134 - Epoc #	10660	 23.322102069854736
2023-07-19 00:58:27.000624 - Epoc #	10670	 18.500489950180054
2023-07-19 00:58:51.235468 - Epoc #	10680	 24.234843969345093
2023-07-19 00:59:14.517301 - Epoc #	10690	 23.281833171844482
2023-07-19 00:59:39.722375 - Epoc #	10700	 25.205073833465576
2023-07-19 00:59:57.035986 - Epoc #	10710	 17.313611030578613
2023-07-19 01:00:21.224439 - Epoc #	10720	 24.18845295906067
2023-07-19 01:00:37.397848 - Epoc #	10730	 16.17340898513794
2023-07-19 01:00:52.540100 - Epoc #	10740	 15.142252206802368
2023-07-19 01:01:13.950441 - Epoc #	10750	 21.410340785980225
2023-07-19 01:01:33.875019 - Epoc #	10760	 19.924578189849854
2023-07-19 01:01:55.254720 - Epoc #	10770	 21.379700899124146
2023-07-19 01:02:17.006470 - Epoc #	10780	 21.751749992370605
2023-07-19 01:02:38.230843 - Epoc #	10790	 21.22437310218811
2023-07-19 01:03:01.456719 - Epoc #	10800	 23.225875854492188
2023-07-19 01:03:21.947799 - Epoc #	10810	 20.491080045700073
2023-07-19 01:03:42.390201 - Epoc #	10820	 20.442402124404907
2023-07-19 01:04:04.022053 - Epoc #	10830	 21.6318519115448
2023-07-19 01:04:25.436559 - Epoc #	10840	 21.41450595855713
2023-07-19 01:04:45.546279 - Epoc #	10850	 20.10971999168396
2023-07-19 01:05:05.136090 - Epoc #	10860	 19.589811086654663
2023-07-19 01:05:34.134779 - Epoc #	10870	 28.99868893623352
2023-07-19 01:06:00.417646 - Epoc #	10880	 26.282866954803467
2023-07-19 01:06:24.151042 - Epoc #	10890	 23.73339605331421
2023-07-19 01:06:41.339140 - Epoc #	10900	 17.188097953796387
2023-07-19 01:06:58.517670 - Epoc #	10910	 17.178529977798462
2023-07-19 01:07:20.530194 - Epoc #	10920	 22.012524127960205
2023-07-19 01:07:41.405325 - Epoc #	10930	 20.875130891799927
2023-07-19 01:08:07.655247 - Epoc #	10940	 26.249922037124634
2023-07-19 01:08:29.343162 - Epoc #	10950	 21.687915086746216
2023-07-19 01:08:52.797573 - Epoc #	10960	 23.454411029815674
2023-07-19 01:09:17.608519 - Epoc #	10970	 24.810945987701416
2023-07-19 01:09:34.743896 - Epoc #	10980	 17.135376930236816
2023-07-19 01:09:54.160553 - Epoc #	10990	 19.416656970977783
2023-07-19 01:10:20.707220 - Epoc #	11000	 26.546667098999023
2023-07-19 01:10:49.593022 - Epoc #	11010	 28.885802030563354
2023-07-19 01:11:17.055270 - Epoc #	11020	 27.462247848510742
2023-07-19 01:11:38.017377 - Epoc #	11030	 20.962106943130493
2023-07-19 01:12:02.980767 - Epoc #	11040	 24.963390111923218
2023-07-19 01:12:30.616897 - Epoc #	11050	 27.6361300945282
2023-07-19 01:12:48.368312 - Epoc #	11060	 17.75141477584839
2023-07-19 01:13:12.194325 - Epoc #	11070	 23.82601308822632
2023-07-19 01:13:33.378572 - Epoc #	11080	 21.18424701690674
2023-07-19 01:13:58.753515 - Epoc #	11090	 25.374943017959595
2023-07-19 01:14:22.487948 - Epoc #	11100	 23.73443293571472
2023-07-19 01:14:51.738986 - Epoc #	11110	 29.251038074493408
2023-07-19 01:15:15.110100 - Epoc #	11120	 23.371114015579224
2023-07-19 01:15:34.404032 - Epoc #	11130	 19.29393196105957
2023-07-19 01:15:50.082956 - Epoc #	11140	 15.678924083709717
2023-07-19 01:16:14.428780 - Epoc #	11150	 24.345824003219604
2023-07-19 01:16:29.492280 - Epoc #	11160	 15.063499927520752
2023-07-19 01:16:48.783003 - Epoc #	11170	 19.290723085403442
2023-07-19 01:17:11.390328 - Epoc #	11180	 22.607324838638306
2023-07-19 01:17:37.246210 - Epoc #	11190	 25.855882167816162
2023-07-19 01:17:53.829930 - Epoc #	11200	 16.583719968795776
2023-07-19 01:18:15.779111 - Epoc #	11210	 21.949180841445923
2023-07-19 01:18:32.878412 - Epoc #	11220	 17.09930109977722
2023-07-19 01:18:56.588717 - Epoc #	11230	 23.710304975509644
2023-07-19 01:19:21.117204 - Epoc #	11240	 24.528486967086792
2023-07-19 01:19:47.734903 - Epoc #	11250	 26.617699146270752
2023-07-19 01:20:07.058353 - Epoc #	11260	 19.323449850082397
2023-07-19 01:20:31.512268 - Epoc #	11270	 24.453915119171143
2023-07-19 01:20:51.287728 - Epoc #	11280	 19.77546000480652
2023-07-19 01:21:14.925569 - Epoc #	11290	 23.63784098625183
2023-07-19 01:21:28.638412 - Epoc #	11300	 13.71284294128418
2023-07-19 01:21:47.031390 - Epoc #	11310	 18.392977952957153
2023-07-19 01:22:11.484458 - Epoc #	11320	 24.453068017959595
2023-07-19 01:22:36.425110 - Epoc #	11330	 24.9406521320343
2023-07-19 01:22:59.224442 - Epoc #	11340	 22.79933190345764
2023-07-19 01:23:27.904549 - Epoc #	11350	 28.68010687828064
2023-07-19 01:23:49.523613 - Epoc #	11360	 21.61906409263611
2023-07-19 01:24:06.592970 - Epoc #	11370	 17.06935691833496
2023-07-19 01:24:25.968266 - Epoc #	11380	 19.375296115875244
2023-07-19 01:24:51.136693 - Epoc #	11390	 25.168426990509033
2023-07-19 01:25:09.929645 - Epoc #	11400	 18.792952060699463
2023-07-19 01:25:30.923658 - Epoc #	11410	 20.9940128326416
2023-07-19 01:25:51.750315 - Epoc #	11420	 20.82665705680847
2023-07-19 01:26:08.379152 - Epoc #	11430	 16.62883710861206
2023-07-19 01:26:27.813233 - Epoc #	11440	 19.434080839157104
2023-07-19 01:26:49.088472 - Epoc #	11450	 21.27523899078369
2023-07-19 01:27:11.293004 - Epoc #	11460	 22.204532146453857
2023-07-19 01:27:34.408854 - Epoc #	11470	 23.11584997177124
2023-07-19 01:27:53.014921 - Epoc #	11480	 18.606066942214966
2023-07-19 01:28:18.039310 - Epoc #	11490	 25.024389028549194
2023-07-19 01:28:41.277371 - Epoc #	11500	 23.23806095123291
2023-07-19 01:29:06.253914 - Epoc #	11510	 24.976543188095093
2023-07-19 01:29:30.070165 - Epoc #	11520	 23.816250801086426
2023-07-19 01:29:53.946291 - Epoc #	11530	 23.876126050949097
2023-07-19 01:30:13.712510 - Epoc #	11540	 19.76621913909912
2023-07-19 01:30:33.900602 - Epoc #	11550	 20.18809199333191
2023-07-19 01:30:47.980512 - Time between reward step: #	20707.007844924927
2023-07-19 01:30:47.980512 - Average Score: 39.000 Elapsed time: 5:45:08.144663
2023-07-19 01:30:55.839891 - Time between reward step: #	20714.867223978043
2023-07-19 01:30:55.839891 - Average Score: 40.000 Elapsed time: 5:45:16.010991
2023-07-19 01:30:55.839891 - Epoc #	11560	 21.939288854599
2023-07-19 01:30:59.246218 - Time between reward step: #	20718.273550987244
2023-07-19 01:30:59.246218 - Average Score: 41.000 Elapsed time: 5:45:19.418700
2023-07-19 01:31:10.116557 - Time between reward step: #	20729.143889904022
2023-07-19 01:31:10.116557 - Average Score: 42.000 Elapsed time: 5:45:30.288000
2023-07-19 01:31:15.558463 - Epoc #	11570	 19.71857213973999
2023-07-19 01:31:33.169872 - Epoc #	11580	 17.611408948898315
2023-07-19 01:32:00.494776 - Epoc #	11590	 27.324903964996338
2023-07-19 01:32:18.472284 - Epoc #	11600	 17.977508068084717
2023-07-19 01:32:40.029159 - Epoc #	11610	 21.556874990463257
2023-07-19 01:33:01.916091 - Epoc #	11620	 21.886931896209717
2023-07-19 01:33:20.454618 - Epoc #	11630	 18.538527011871338
2023-07-19 01:33:38.441901 - Epoc #	11640	 17.9872829914093
2023-07-19 01:34:01.586810 - Epoc #	11650	 23.144909143447876
2023-07-19 01:34:19.761342 - Epoc #	11660	 18.174531936645508
2023-07-19 01:34:43.042511 - Epoc #	11670	 23.281168937683105
2023-07-19 01:35:00.692115 - Epoc #	11680	 17.649604082107544
2023-07-19 01:35:24.199245 - Epoc #	11690	 23.507129907608032
2023-07-19 01:35:41.863402 - Epoc #	11700	 17.664156913757324
2023-07-19 01:36:02.405708 - Epoc #	11710	 20.542306184768677
2023-07-19 01:36:20.220587 - Epoc #	11720	 17.814878940582275
2023-07-19 01:36:40.725969 - Epoc #	11730	 20.50538206100464
2023-07-19 01:37:01.287651 - Epoc #	11740	 20.561681985855103
2023-07-19 01:37:17.495950 - Epoc #	11750	 16.208298921585083
2023-07-19 01:37:36.882795 - Epoc #	11760	 19.386845111846924
2023-07-19 01:38:00.989728 - Epoc #	11770	 24.106932878494263
2023-07-19 01:38:25.605083 - Epoc #	11780	 24.615355014801025
2023-07-19 01:38:51.068077 - Epoc #	11790	 25.46299409866333
2023-07-19 01:39:07.600730 - Epoc #	11800	 16.532652854919434
2023-07-19 01:39:33.605601 - Epoc #	11810	 26.004871129989624
2023-07-19 01:39:57.872382 - Epoc #	11820	 24.266780853271484
2023-07-19 01:40:19.862267 - Epoc #	11830	 21.989885091781616
2023-07-19 01:40:38.902560 - Epoc #	11840	 19.040292978286743
2023-07-19 01:40:58.000512 - Epoc #	11850	 19.097951889038086
2023-07-19 01:41:27.271250 - Epoc #	11860	 29.270738124847412
2023-07-19 01:41:47.143966 - Epoc #	11870	 19.872715950012207
2023-07-19 01:42:10.819522 - Epoc #	11880	 23.67555594444275
2023-07-19 01:42:31.746986 - Epoc #	11890	 20.9274640083313
2023-07-19 01:42:55.527730 - Epoc #	11900	 23.780744075775146
2023-07-19 01:43:06.861906 - Time between reward step: #	21445.8892390728
2023-07-19 01:43:06.861906 - Average Score: 43.000 Elapsed time: 5:57:27.029718
2023-07-19 01:43:09.499815 - Time between reward step: #	21448.527148008347
2023-07-19 01:43:09.499815 - Average Score: 44.000 Elapsed time: 5:57:29.658118
2023-07-19 01:43:14.317577 - Time between reward step: #	21453.344909906387
2023-07-19 01:43:14.317577 - Average Score: 45.000 Elapsed time: 5:57:34.485609
2023-07-19 01:43:16.796121 - Time between reward step: #	21455.8234539032
2023-07-19 01:43:16.796121 - Average Score: 46.000 Elapsed time: 5:57:36.959443
2023-07-19 01:43:19.924716 - Epoc #	11910	 24.39698600769043
2023-07-19 01:43:27.682586 - Time between reward step: #	21466.70991897583
2023-07-19 01:43:27.682586 - Average Score: 47.000 Elapsed time: 5:57:47.850430
2023-07-19 01:43:37.731748 - Epoc #	11920	 17.807032108306885
2023-07-19 01:43:59.982189 - Epoc #	11930	 22.25044083595276
2023-07-19 01:44:14.622822 - Epoc #	11940	 14.64063310623169
2023-07-19 01:44:42.109615 - Epoc #	11950	 27.486793041229248
2023-07-19 01:45:07.203231 - Epoc #	11960	 25.093616008758545
2023-07-19 01:45:30.908208 - Epoc #	11970	 23.704976797103882
2023-07-19 01:45:53.834076 - Epoc #	11980	 22.925868034362793
2023-07-19 01:46:11.972755 - Epoc #	11990	 18.138679027557373
2023-07-19 01:46:29.336677 - Epoc #	12000	 17.363922119140625
2023-07-19 01:46:47.462599 - Epoc #	12010	 18.125921964645386
2023-07-19 01:47:09.521613 - Epoc #	12020	 22.059013843536377
2023-07-19 01:47:29.250926 - Epoc #	12030	 19.729313135147095
2023-07-19 01:47:50.518083 - Epoc #	12040	 21.267157077789307
2023-07-19 01:48:13.894625 - Epoc #	12050	 23.37654185295105
2023-07-19 01:48:33.472241 - Epoc #	12060	 19.577615976333618
2023-07-19 01:48:55.034516 - Epoc #	12070	 21.562275171279907
2023-07-19 01:49:20.863399 - Epoc #	12080	 25.828882932662964
2023-07-19 01:49:46.559341 - Epoc #	12090	 25.695941925048828
2023-07-19 01:50:09.056927 - Epoc #	12100	 22.497586011886597
2023-07-19 01:50:38.907079 - Epoc #	12110	 29.850152015686035
2023-07-19 01:50:59.922725 - Epoc #	12120	 21.01564598083496
2023-07-19 01:51:22.985450 - Epoc #	12130	 23.062725067138672
2023-07-19 01:51:47.641932 - Epoc #	12140	 24.656481981277466
2023-07-19 01:52:08.049048 - Epoc #	12150	 20.407115936279297
2023-07-19 01:52:26.127866 - Epoc #	12160	 18.07881808280945
2023-07-19 01:52:45.035704 - Epoc #	12170	 18.907837867736816
2023-07-19 01:53:11.529674 - Epoc #	12180	 26.493970155715942
2023-07-19 01:53:34.983836 - Epoc #	12190	 23.454161882400513
2023-07-19 01:53:56.425796 - Epoc #	12200	 21.441960096359253
2023-07-19 01:54:17.648617 - Epoc #	12210	 21.22282099723816
2023-07-19 01:54:38.903466 - Epoc #	12220	 21.254848957061768
2023-07-19 01:54:55.688929 - Epoc #	12230	 16.785463094711304
2023-07-19 01:55:18.024376 - Epoc #	12240	 22.33544683456421
2023-07-19 01:55:40.007578 - Epoc #	12250	 21.98320198059082
2023-07-19 01:55:58.076518 - Epoc #	12260	 18.06894016265869
2023-07-19 01:56:15.909888 - Epoc #	12270	 17.833369970321655
2023-07-19 01:56:39.043482 - Epoc #	12280	 23.133594036102295
2023-07-19 01:57:05.739070 - Epoc #	12290	 26.695587873458862
2023-07-19 01:57:24.815665 - Epoc #	12300	 19.076595067977905
2023-07-19 01:57:48.750827 - Epoc #	12310	 23.93516206741333
2023-07-19 01:58:13.250216 - Epoc #	12320	 24.499388933181763
2023-07-19 01:58:31.015905 - Epoc #	12330	 17.7656888961792
2023-07-19 01:58:47.844547 - Epoc #	12340	 16.82864212989807
2023-07-19 01:59:06.469785 - Epoc #	12350	 18.625237941741943
2023-07-19 01:59:25.485505 - Epoc #	12360	 19.01572012901306
2023-07-19 01:59:54.300063 - Epoc #	12370	 28.814557790756226
2023-07-19 02:00:15.378745 - Epoc #	12380	 21.07868218421936
2023-07-19 02:00:43.739287 - Epoc #	12390	 28.360541820526123
2023-07-19 02:01:01.616288 - Epoc #	12400	 17.8770010471344
2023-07-19 02:01:23.213791 - Epoc #	12410	 21.597502946853638
2023-07-19 02:01:46.482741 - Epoc #	12420	 23.26895022392273
2023-07-19 02:02:08.034710 - Epoc #	12430	 21.551968812942505
2023-07-19 02:02:32.056714 - Epoc #	12440	 24.02200412750244
2023-07-19 02:02:52.030432 - Epoc #	12450	 19.97371792793274
2023-07-19 02:03:08.987990 - Epoc #	12460	 16.957557916641235
2023-07-19 02:03:32.697740 - Epoc #	12470	 23.709750175476074
2023-07-19 02:03:49.407112 - Epoc #	12480	 16.70937180519104
2023-07-19 02:04:10.776305 - Epoc #	12490	 21.369193077087402
2023-07-19 02:04:34.441269 - Epoc #	12500	 23.664963960647583
2023-07-19 02:04:57.472724 - Epoc #	12510	 23.031455039978027
2023-07-19 02:05:14.545274 - Epoc #	12520	 17.072550058364868
2023-07-19 02:05:34.389524 - Epoc #	12530	 19.844249963760376
2023-07-19 02:05:59.035870 - Epoc #	12540	 24.64634609222412
2023-07-19 02:06:17.317151 - Epoc #	12550	 18.281280994415283
2023-07-19 02:06:37.723405 - Epoc #	12560	 20.406253814697266
2023-07-19 02:07:11.008334 - Epoc #	12570	 33.284929037094116
2023-07-19 02:07:29.845848 - Epoc #	12580	 18.8375141620636
2023-07-19 02:07:49.612093 - Epoc #	12590	 19.766244888305664
2023-07-19 02:08:15.128797 - Epoc #	12600	 25.516704082489014
2023-07-19 02:08:38.568668 - Epoc #	12610	 23.439870834350586
2023-07-19 02:09:02.648337 - Epoc #	12620	 24.07966899871826
2023-07-19 02:09:28.685028 - Epoc #	12630	 26.036691188812256
2023-07-19 02:09:45.998130 - Epoc #	12640	 17.31310200691223
2023-07-19 02:10:08.501928 - Epoc #	12650	 22.503798007965088
2023-07-19 02:10:36.476819 - Epoc #	12660	 27.97489094734192
2023-07-19 02:11:02.970836 - Epoc #	12670	 26.494016885757446
2023-07-19 02:11:24.511996 - Epoc #	12680	 21.541160106658936
2023-07-19 02:11:47.940903 - Epoc #	12690	 23.42890691757202
2023-07-19 02:12:10.871293 - Epoc #	12700	 22.930390119552612
2023-07-19 02:12:26.927265 - Epoc #	12710	 16.05597186088562
2023-07-19 02:12:45.972958 - Epoc #	12720	 19.045693159103394
2023-07-19 02:13:10.284107 - Epoc #	12730	 24.31114888191223
2023-07-19 02:13:34.161510 - Epoc #	12740	 23.877403020858765
2023-07-19 02:14:00.357004 - Epoc #	12750	 26.195493936538696
2023-07-19 02:14:27.653942 - Epoc #	12760	 27.296938180923462
2023-07-19 02:14:51.216629 - Epoc #	12770	 23.562686920166016
2023-07-19 02:15:12.122954 - Epoc #	12780	 20.906324863433838
2023-07-19 02:15:33.702446 - Epoc #	12790	 21.57949209213257
2023-07-19 02:15:56.203554 - Epoc #	12800	 22.501107931137085
2023-07-19 02:16:13.376736 - Epoc #	12810	 17.173182010650635
2023-07-19 02:16:42.598237 - Epoc #	12820	 29.221501111984253
2023-07-19 02:17:03.071388 - Epoc #	12830	 20.473150968551636
2023-07-19 02:17:22.181342 - Epoc #	12840	 19.10995388031006
2023-07-19 02:17:46.932885 - Epoc #	12850	 24.751543045043945
2023-07-19 02:18:09.780802 - Epoc #	12860	 22.847917079925537
2023-07-19 02:18:33.987505 - Epoc #	12870	 24.191596031188965
2023-07-19 02:18:54.174164 - Epoc #	12880	 20.18665909767151
2023-07-19 02:19:18.858364 - Epoc #	12890	 24.684200048446655
2023-07-19 02:19:21.601919 - Time between reward step: #	23620.62925195694
2023-07-19 02:19:21.601919 - Average Score: 48.000 Elapsed time: 6:33:41.761195
2023-07-19 02:19:23.784494 - Time between reward step: #	23622.81182694435
2023-07-19 02:19:23.784494 - Average Score: 49.000 Elapsed time: 6:33:43.955749
2023-07-19 02:19:43.224528 - Epoc #	12900	 24.366163969039917
2023-07-19 02:20:09.037210 - Epoc #	12910	 25.812681913375854
2023-07-19 02:20:26.096650 - Epoc #	12920	 17.05943989753723
2023-07-19 02:20:47.390109 - Epoc #	12930	 21.293459177017212
2023-07-19 02:21:10.929151 - Epoc #	12940	 23.539041996002197
2023-07-19 02:21:31.177616 - Epoc #	12950	 20.248464822769165
2023-07-19 02:21:53.686518 - Epoc #	12960	 22.508902072906494
2023-07-19 02:22:21.158868 - Epoc #	12970	 27.472350120544434
2023-07-19 02:22:40.232633 - Epoc #	12980	 19.07376503944397
2023-07-19 02:23:02.274593 - Epoc #	12990	 22.04196000099182
2023-07-19 02:23:22.438906 - Epoc #	13000	 20.164312839508057
2023-07-19 02:23:53.753440 - Epoc #	13010	 31.314533948898315
2023-07-19 02:24:18.691775 - Epoc #	13020	 24.938335180282593
2023-07-19 02:24:38.912820 - Epoc #	13030	 20.22104501724243
2023-07-19 02:25:06.989583 - Epoc #	13040	 28.076762914657593
2023-07-19 02:25:31.827011 - Epoc #	13050	 24.837428092956543
2023-07-19 02:25:54.118279 - Epoc #	13060	 22.29126787185669
2023-07-19 02:26:20.447378 - Epoc #	13070	 26.32909893989563
2023-07-19 02:26:41.270189 - Epoc #	13080	 20.822811126708984
2023-07-19 02:27:08.493842 - Epoc #	13090	 27.223652839660645
2023-07-19 02:27:32.944046 - Epoc #	13100	 24.450204133987427
2023-07-19 02:27:54.203619 - Epoc #	13110	 21.259572982788086
2023-07-19 02:28:16.586486 - Epoc #	13120	 22.382867097854614
2023-07-19 02:28:37.781014 - Epoc #	13130	 21.194527864456177
2023-07-19 02:29:09.870682 - Epoc #	13140	 32.0896680355072
2023-07-19 02:29:37.925223 - Epoc #	13150	 28.05454111099243
2023-07-19 02:30:07.009558 - Epoc #	13160	 29.08433485031128
2023-07-19 02:30:35.555825 - Epoc #	13170	 28.54626703262329
2023-07-19 02:31:02.372872 - Epoc #	13180	 26.817047119140625
2023-07-19 02:31:17.057901 - Epoc #	13190	 14.685028791427612
2023-07-19 02:31:38.901185 - Epoc #	13200	 21.843284130096436
2023-07-19 02:31:59.999131 - Epoc #	13210	 21.09794592857361
2023-07-19 02:32:18.983515 - Epoc #	13220	 18.984384059906006
2023-07-19 02:32:42.749193 - Epoc #	13230	 23.76567792892456
2023-07-19 02:33:03.298201 - Epoc #	13240	 20.54900813102722
2023-07-19 02:33:27.753252 - Epoc #	13250	 24.455050945281982
2023-07-19 02:33:49.899005 - Epoc #	13260	 22.145752906799316
2023-07-19 02:34:09.681288 - Epoc #	13270	 19.782283067703247
2023-07-19 02:34:36.060558 - Epoc #	13280	 26.37927007675171
2023-07-19 02:34:57.642977 - Epoc #	13290	 21.58241891860962
2023-07-19 02:35:22.976256 - Epoc #	13300	 25.33327889442444
2023-07-19 02:35:45.653951 - Epoc #	13310	 22.67769503593445
2023-07-19 02:36:09.750294 - Epoc #	13320	 24.09634304046631
2023-07-19 02:36:31.006379 - Epoc #	13330	 21.25608491897583
2023-07-19 02:36:54.660394 - Epoc #	13340	 23.654015064239502
2023-07-19 02:37:19.090586 - Epoc #	13350	 24.43019199371338
2023-07-19 02:37:38.873226 - Epoc #	13360	 19.782639980316162
2023-07-19 02:38:03.021190 - Epoc #	13370	 24.147964000701904
2023-07-19 02:38:28.981084 - Epoc #	13380	 25.95989418029785
2023-07-19 02:38:52.431956 - Epoc #	13390	 23.45087194442749
2023-07-19 02:39:19.455776 - Epoc #	13400	 27.02381992340088
2023-07-19 02:39:40.596862 - Epoc #	13410	 21.141086101531982
2023-07-19 02:40:02.658560 - Epoc #	13420	 22.061697959899902
2023-07-19 02:40:32.490832 - Epoc #	13430	 29.832272052764893
2023-07-19 02:40:53.868305 - Epoc #	13440	 21.37747287750244
2023-07-19 02:41:17.530699 - Epoc #	13450	 23.662394046783447
2023-07-19 02:41:41.798999 - Epoc #	13460	 24.26830005645752
2023-07-19 02:42:02.940830 - Epoc #	13470	 21.141830921173096
2023-07-19 02:42:24.394311 - Epoc #	13480	 21.4534809589386
2023-07-19 02:42:50.176608 - Epoc #	13490	 25.782297134399414
2023-07-19 02:43:11.739120 - Epoc #	13500	 21.562511920928955
2023-07-19 02:43:31.358847 - Epoc #	13510	 19.61972689628601
2023-07-19 02:44:00.234904 - Epoc #	13520	 28.876057147979736
2023-07-19 02:44:26.563482 - Epoc #	13530	 26.328577995300293
2023-07-19 02:44:48.393540 - Epoc #	13540	 21.830057859420776
2023-07-19 02:45:10.270066 - Epoc #	13550	 21.87652611732483
2023-07-19 02:45:30.818829 - Epoc #	13560	 20.548763036727905
2023-07-19 02:45:55.164426 - Epoc #	13570	 24.3455970287323
2023-07-19 02:46:17.448288 - Epoc #	13580	 22.283861875534058
2023-07-19 02:46:35.526406 - Epoc #	13590	 18.078118085861206
2023-07-19 02:47:01.167511 - Epoc #	13600	 25.64110493659973
2023-07-19 02:47:23.527828 - Epoc #	13610	 22.36031699180603
2023-07-19 02:47:48.655406 - Epoc #	13620	 25.127578020095825
2023-07-19 02:48:10.845567 - Epoc #	13630	 22.190160989761353
2023-07-19 02:48:29.599567 - Epoc #	13640	 18.753999948501587
2023-07-19 02:48:54.608809 - Epoc #	13650	 25.009242057800293
2023-07-19 02:49:22.657565 - Epoc #	13660	 28.04875612258911
2023-07-19 02:49:47.999970 - Epoc #	13670	 25.34240484237671
2023-07-19 02:50:10.624975 - Epoc #	13680	 22.62500500679016
2023-07-19 02:50:32.124990 - Epoc #	13690	 21.500015020370483
2023-07-19 02:50:57.675267 - Epoc #	13700	 25.5502769947052
2023-07-19 02:51:22.472145 - Epoc #	13710	 24.79687809944153
2023-07-19 02:51:45.815891 - Epoc #	13720	 23.343745946884155
2023-07-19 02:52:08.956528 - Epoc #	13730	 23.140636920928955
2023-07-19 02:52:32.737694 - Epoc #	13740	 23.781166076660156
2023-07-19 02:52:57.753393 - Epoc #	13750	 25.01569890975952
2023-07-19 02:53:21.060526 - Epoc #	13760	 23.307132959365845
2023-07-19 02:53:48.263733 - Epoc #	13770	 27.20320701599121
2023-07-19 02:54:09.623026 - Epoc #	13780	 21.35929298400879
2023-07-19 02:54:32.263733 - Epoc #	13790	 22.64070701599121
2023-07-19 02:54:57.638725 - Epoc #	13800	 25.37499213218689
2023-07-19 02:55:27.819841 - Epoc #	13810	 30.181115865707397
2023-07-19 02:55:53.476099 - Epoc #	13820	 25.65625810623169
2023-07-19 02:56:13.274209 - Epoc #	13830	 19.798110008239746
2023-07-19 02:56:35.009357 - Epoc #	13840	 21.735147953033447
2023-07-19 02:56:54.649675 - Epoc #	13850	 19.640317916870117
2023-07-19 02:57:17.730167 - Epoc #	13860	 23.08049201965332
2023-07-19 02:57:44.656385 - Epoc #	13870	 26.926218032836914
2023-07-19 02:58:05.219487 - Epoc #	13880	 20.56310200691223
2023-07-19 02:58:23.071858 - Epoc #	13890	 17.852370977401733
2023-07-19 02:58:45.588748 - Epoc #	13900	 22.516890048980713
2023-07-19 02:59:12.775099 - Epoc #	13910	 27.18635106086731
2023-07-19 02:59:33.934005 - Epoc #	13920	 21.15890598297119
2023-07-19 02:59:55.777759 - Epoc #	13930	 21.843754053115845
2023-07-19 03:00:22.872957 - Epoc #	13940	 27.095197916030884
2023-07-19 03:00:49.984978 - Epoc #	13950	 27.11202096939087
2023-07-19 03:01:19.442172 - Epoc #	13960	 29.457194089889526
2023-07-19 03:01:44.627638 - Epoc #	13970	 25.185466051101685
2023-07-19 03:02:03.461161 - Epoc #	13980	 18.83352279663086
2023-07-19 03:02:28.521784 - Epoc #	13990	 25.060623168945312
2023-07-19 03:02:50.425833 - Epoc #	14000	 21.904048919677734
2023-07-19 03:03:11.076830 - Epoc #	14010	 20.650996923446655
2023-07-19 03:03:34.712368 - Epoc #	14020	 23.63553810119629
2023-07-19 03:03:56.386400 - Epoc #	14030	 21.674031972885132
2023-07-19 03:04:17.767861 - Epoc #	14040	 21.381460905075073
2023-07-19 03:04:39.845709 - Epoc #	14050	 22.077848196029663
2023-07-19 03:05:06.942020 - Epoc #	14060	 27.09631085395813
2023-07-19 03:05:33.974422 - Epoc #	14070	 27.03240203857422
2023-07-19 03:05:58.595298 - Epoc #	14080	 24.62087607383728
2023-07-19 03:06:27.123605 - Epoc #	14090	 28.52830696105957
2023-07-19 03:06:48.174009 - Epoc #	14100	 21.05040407180786
2023-07-19 03:07:10.726266 - Epoc #	14110	 22.55225682258606
2023-07-19 03:07:39.668319 - Epoc #	14120	 28.942053079605103
2023-07-19 03:08:05.481256 - Epoc #	14130	 25.812937021255493
2023-07-19 03:08:29.809665 - Epoc #	14140	 24.32840895652771
2023-07-19 03:08:54.717424 - Epoc #	14150	 24.907758951187134
2023-07-19 03:09:18.705820 - Epoc #	14160	 23.988396167755127
2023-07-19 03:09:43.811979 - Epoc #	14170	 25.1061589717865
2023-07-19 03:10:05.791885 - Epoc #	14180	 21.97990584373474
2023-07-19 03:10:35.136012 - Epoc #	14190	 29.34412717819214
2023-07-19 03:10:55.689148 - Epoc #	14200	 20.553135871887207
2023-07-19 03:11:20.509769 - Epoc #	14210	 24.820621013641357
2023-07-19 03:11:43.465394 - Epoc #	14220	 22.95562505722046
2023-07-19 03:11:48.469569 - Time between reward step: #	26767.496901988983
2023-07-19 03:11:48.469569 - Average Score: 50.000 Elapsed time: 7:26:08.629430
2023-07-19 03:11:52.872384 - Time between reward step: #	26771.899717092514
2023-07-19 03:11:52.872384 - Average Score: 51.000 Elapsed time: 7:26:13.031694
2023-07-19 03:11:55.741450 - Time between reward step: #	26774.7687830925
2023-07-19 03:11:55.741450 - Average Score: 52.000 Elapsed time: 7:26:15.911846
2023-07-19 03:12:10.236813 - Epoc #	14230	 26.771419048309326
2023-07-19 03:12:36.896389 - Epoc #	14240	 26.659575939178467
2023-07-19 03:13:01.741414 - Epoc #	14250	 24.845025062561035
2023-07-19 03:13:06.397649 - Time between reward step: #	26845.424982070923
2023-07-19 03:13:06.397649 - Average Score: 53.000 Elapsed time: 7:27:26.565645
2023-07-19 03:13:25.460556 - Epoc #	14260	 23.719141960144043
2023-07-19 03:13:48.753077 - Epoc #	14270	 23.292520999908447
2023-07-19 03:14:10.909324 - Epoc #	14280	 22.15624690055847
2023-07-19 03:14:35.082401 - Epoc #	14290	 24.17307710647583
2023-07-19 03:14:54.223637 - Epoc #	14300	 19.141236066818237
2023-07-19 03:15:21.598874 - Epoc #	14310	 27.375236988067627
2023-07-19 03:15:39.083971 - Epoc #	14320	 17.48509693145752
2023-07-19 03:16:00.396713 - Epoc #	14330	 21.312741994857788
2023-07-19 03:16:25.101806 - Epoc #	14340	 24.705092906951904
2023-07-19 03:16:49.008975 - Epoc #	14350	 23.907169103622437
2023-07-19 03:17:14.477599 - Epoc #	14360	 25.468623876571655
2023-07-19 03:17:44.728208 - Epoc #	14370	 30.250609159469604
2023-07-19 03:18:15.387215 - Epoc #	14380	 30.65900683403015
2023-07-19 03:18:34.392950 - Epoc #	14390	 19.005735158920288
2023-07-19 03:18:57.863892 - Epoc #	14400	 23.47094202041626
2023-07-19 03:19:19.742843 - Epoc #	14410	 21.878950834274292
2023-07-19 03:19:44.351448 - Epoc #	14420	 24.60860514640808
2023-07-19 03:20:02.870068 - Epoc #	14430	 18.518620014190674
2023-07-19 03:20:25.996431 - Epoc #	14440	 23.126363039016724
2023-07-19 03:20:49.755237 - Epoc #	14450	 23.758805990219116
2023-07-19 03:21:12.037257 - Epoc #	14460	 22.28201985359192
2023-07-19 03:21:14.396861 - Time between reward step: #	27333.42419409752
2023-07-19 03:21:14.396861 - Average Score: 54.000 Elapsed time: 7:35:34.558125
2023-07-19 03:21:23.678134 - Time between reward step: #	27342.705466985703
2023-07-19 03:21:23.678134 - Average Score: 55.000 Elapsed time: 7:35:43.837689
2023-07-19 03:21:39.896855 - Epoc #	14470	 27.85959815979004
2023-07-19 03:21:48.084370 - Time between reward step: #	27367.111702919006
2023-07-19 03:21:48.084370 - Average Score: 56.000 Elapsed time: 7:36:08.256441
2023-07-19 03:21:50.131246 - Time between reward step: #	27369.1585791111
2023-07-19 03:21:50.131246 - Average Score: 57.000 Elapsed time: 7:36:10.301024
2023-07-19 03:21:56.068734 - Time between reward step: #	27375.09606695175
2023-07-19 03:21:56.068734 - Average Score: 58.000 Elapsed time: 7:36:16.228619
2023-07-19 03:22:02.428116 - Epoc #	14480	 22.53126096725464
2023-07-19 03:22:35.336409 - Epoc #	14490	 32.90829300880432
2023-07-19 03:22:59.586792 - Epoc #	14500	 24.250382900238037
2023-07-19 03:23:25.649925 - Epoc #	14510	 26.063133001327515
2023-07-19 03:23:47.650981 - Epoc #	14520	 22.00105595588684
2023-07-19 03:24:12.512299 - Epoc #	14530	 24.861318111419678
2023-07-19 03:24:34.168746 - Epoc #	14540	 21.656446933746338
2023-07-19 03:24:57.935400 - Epoc #	14550	 23.766654014587402
2023-07-19 03:25:20.672170 - Epoc #	14560	 22.736769914627075
2023-07-19 03:25:43.994677 - Epoc #	14570	 23.32250714302063
2023-07-19 03:26:08.464135 - Epoc #	14580	 24.469457864761353
2023-07-19 03:26:27.763030 - Epoc #	14590	 19.298895120620728
2023-07-19 03:26:51.969377 - Epoc #	14600	 24.20634698867798
2023-07-19 03:27:18.363616 - Epoc #	14610	 26.39423894882202
2023-07-19 03:27:36.945972 - Epoc #	14620	 18.582355976104736
2023-07-19 03:27:56.919012 - Epoc #	14630	 19.973040103912354
2023-07-19 03:28:24.589883 - Epoc #	14640	 27.670871019363403
2023-07-19 03:28:48.139546 - Epoc #	14650	 23.549662828445435
2023-07-19 03:29:10.563256 - Epoc #	14660	 22.423710107803345
2023-07-19 03:29:29.625741 - Epoc #	14670	 19.062484979629517
2023-07-19 03:29:56.798096 - Epoc #	14680	 27.17235493659973
2023-07-19 03:30:21.596497 - Epoc #	14690	 24.79840111732483
2023-07-19 03:30:44.972094 - Epoc #	14700	 23.37559700012207
2023-07-19 03:31:08.347511 - Epoc #	14710	 23.37541699409485
2023-07-19 03:31:32.691694 - Epoc #	14720	 24.34418296813965
2023-07-19 03:31:56.161166 - Epoc #	14730	 23.46947193145752
2023-07-19 03:32:23.615440 - Epoc #	14740	 27.45427393913269
2023-07-19 03:32:48.617294 - Epoc #	14750	 25.001854181289673
2023-07-19 03:33:11.478881 - Epoc #	14760	 22.861586809158325
2023-07-19 03:33:36.625592 - Epoc #	14770	 25.146711111068726
2023-07-19 03:33:57.955925 - Epoc #	14780	 21.33033299446106
2023-07-19 03:34:26.849464 - Epoc #	14790	 28.89353895187378
2023-07-19 03:34:51.803428 - Epoc #	14800	 24.95396399497986
2023-07-19 03:35:16.775668 - Epoc #	14810	 24.97223997116089
2023-07-19 03:35:41.624926 - Epoc #	14820	 24.849258184432983
2023-07-19 03:36:00.659458 - Epoc #	14830	 19.034531831741333
2023-07-19 03:36:27.289521 - Epoc #	14840	 26.6300630569458
2023-07-19 03:36:55.806807 - Epoc #	14850	 28.5172860622406
2023-07-19 03:37:15.338392 - Epoc #	14860	 19.531584978103638
2023-07-19 03:37:41.483052 - Epoc #	14870	 26.144659996032715
2023-07-19 03:38:06.343956 - Epoc #	14880	 24.86090397834778
2023-07-19 03:38:32.547177 - Epoc #	14890	 26.203221082687378
2023-07-19 03:38:55.157046 - Epoc #	14900	 22.6098690032959
2023-07-19 03:39:21.626701 - Epoc #	14910	 26.46965503692627
2023-07-19 03:39:45.675095 - Epoc #	14920	 24.048393964767456
2023-07-19 03:40:11.473405 - Epoc #	14930	 25.798309803009033
2023-07-19 03:40:35.787152 - Epoc #	14940	 24.31374716758728
2023-07-19 03:40:58.366673 - Epoc #	14950	 22.57952094078064
2023-07-19 03:41:17.883556 - Epoc #	14960	 19.51688289642334
2023-07-19 03:41:43.196781 - Epoc #	14970	 25.313225030899048
2023-07-19 03:42:05.651099 - Epoc #	14980	 22.454318046569824
2023-07-19 03:42:29.201953 - Epoc #	14990	 23.550853967666626
