2023-07-12 20:02:11.662419 - Starting learning loop ...
==================================================================
2023-07-12 20:02:11.677679 - Using Framebuffer of: 4 frames	 and 	ReplayBufferSize: 25000
2023-07-12 20:02:11.677679 - Loglevel is set to: a
2023-07-12 20:02:11.677679 - Epoc #	0	 
2023-07-12 20:02:21.697883 - Epoc #	10	 10.020203828811646
2023-07-12 20:02:30.642182 - Epoc #	20	 8.944299221038818
2023-07-12 20:02:39.447619 - Epoc #	30	 8.805436849594116
2023-07-12 20:02:48.585519 - Epoc #	40	 9.137900114059448
2023-07-12 20:02:58.051997 - Epoc #	50	 9.466477870941162
2023-07-12 20:03:06.984262 - Epoc #	60	 8.932265043258667
2023-07-12 20:03:16.039360 - Epoc #	70	 9.055098056793213
2023-07-12 20:03:25.365748 - Epoc #	80	 9.326387882232666
2023-07-12 20:03:33.797319 - Epoc #	90	 8.431571006774902
2023-07-12 20:03:42.584640 - Epoc #	100	 8.787321090698242
2023-07-12 20:03:51.285839 - Epoc #	110	 8.701199054718018
2023-07-12 20:03:59.917072 - Epoc #	120	 8.631232976913452
2023-07-12 20:04:08.871832 - Epoc #	130	 8.9547598361969
2023-07-12 20:04:17.653384 - Epoc #	140	 8.781552076339722
2023-07-12 20:04:26.419309 - Epoc #	150	 8.76592493057251
2023-07-12 20:04:35.259242 - Epoc #	160	 8.839933156967163
2023-07-12 20:04:44.228949 - Epoc #	170	 8.969707012176514
2023-07-12 20:04:53.066611 - Epoc #	180	 8.837661981582642
2023-07-12 20:05:02.017806 - Epoc #	190	 8.951195001602173
2023-07-12 20:05:11.273582 - Epoc #	200	 9.255775928497314
2023-07-12 20:05:20.137674 - Epoc #	210	 8.864092111587524
2023-07-12 20:05:28.969455 - Epoc #	220	 8.831780910491943
2023-07-12 20:05:38.419732 - Time between reward step: #	206.75731301307678
2023-07-12 20:05:38.419732 - Average Score: 7.00 Elapsed time: 0:03:28.108887
2023-07-12 20:05:38.419732 - Epoc #	230	 9.450277090072632
2023-07-12 20:05:47.314148 - Epoc #	240	 8.894415855407715
2023-07-12 20:05:48.292817 - Time between reward step: #	216.63039803504944
2023-07-12 20:05:48.292817 - Average Score: 8.00 Elapsed time: 0:03:37.980228
2023-07-12 20:05:56.406144 - Epoc #	250	 9.09199595451355
2023-07-12 20:06:05.353480 - Epoc #	260	 8.947336196899414
2023-07-12 20:06:12.703282 - Time between reward step: #	241.04086303710938
2023-07-12 20:06:12.703282 - Average Score: 9.00 Elapsed time: 0:04:02.389827
2023-07-12 20:06:14.459850 - Epoc #	270	 9.106369972229004
2023-07-12 20:06:23.389912 - Epoc #	280	 8.93006181716919
2023-07-12 20:06:32.774793 - Epoc #	290	 9.384881019592285
2023-07-12 20:06:42.197912 - Epoc #	300	 9.423119068145752
2023-07-12 20:06:51.123212 - Epoc #	310	 8.925300121307373
2023-07-12 20:07:00.220507 - Epoc #	320	 9.097294807434082
2023-07-12 20:07:09.510914 - Epoc #	330	 9.290407180786133
2023-07-12 20:07:16.986467 - Time between reward step: #	305.3240478038788
2023-07-12 20:07:16.986467 - Average Score: 10.00 Elapsed time: 0:05:06.670809
2023-07-12 20:07:18.819266 - Epoc #	340	 9.308351993560791
2023-07-12 20:07:28.650121 - Epoc #	350	 9.830854892730713
2023-07-12 20:07:37.486021 - Epoc #	360	 8.835900068283081
2023-07-12 20:07:38.469589 - Time between reward step: #	326.8071699142456
2023-07-12 20:07:38.469589 - Average Score: 11.00 Elapsed time: 0:05:28.155686
2023-07-12 20:07:46.468579 - Epoc #	370	 8.982558012008667
2023-07-12 20:07:55.306924 - Epoc #	380	 8.838345050811768
2023-07-12 20:08:04.342973 - Epoc #	390	 9.036048889160156
2023-07-12 20:08:13.399982 - Epoc #	400	 9.057008981704712
2023-07-12 20:08:22.522455 - Epoc #	410	 9.122473001480103
2023-07-12 20:08:31.609808 - Epoc #	420	 9.087352991104126
2023-07-12 20:08:40.558769 - Epoc #	430	 8.948961019515991
2023-07-12 20:08:49.718334 - Epoc #	440	 9.159564971923828
2023-07-12 20:08:58.458884 - Epoc #	450	 8.74055004119873
2023-07-12 20:09:07.494135 - Epoc #	460	 9.035250902175903
2023-07-12 20:09:16.535813 - Epoc #	470	 9.041678190231323
2023-07-12 20:09:25.484176 - Epoc #	480	 8.948362827301025
2023-07-12 20:09:34.284008 - Epoc #	490	 8.799832105636597
2023-07-12 20:09:43.270379 - Epoc #	500	 8.986371040344238
2023-07-12 20:09:52.470106 - Epoc #	510	 9.199726819992065
2023-07-12 20:10:01.244725 - Epoc #	520	 8.774619102478027
2023-07-12 20:10:10.111635 - Epoc #	530	 8.866909980773926
2023-07-12 20:10:19.094462 - Epoc #	540	 8.982826948165894
2023-07-12 20:10:27.826911 - Epoc #	550	 8.732449054718018
2023-07-12 20:10:37.063179 - Epoc #	560	 9.236268043518066
2023-07-12 20:10:46.025736 - Epoc #	570	 8.962557077407837
2023-07-12 20:10:55.342968 - Epoc #	580	 9.317231893539429
2023-07-12 20:11:04.451025 - Epoc #	590	 9.108057022094727
2023-07-12 20:11:13.438377 - Epoc #	600	 8.987351894378662
2023-07-12 20:11:22.758483 - Epoc #	610	 9.320106029510498
2023-07-12 20:11:31.651358 - Epoc #	620	 8.892874956130981
2023-07-12 20:11:38.764044 - Time between reward step: #	567.1016249656677
2023-07-12 20:11:38.764044 - Average Score: 12.00 Elapsed time: 0:09:28.451563
2023-07-12 20:11:40.514642 - Epoc #	630	 8.86328411102295
2023-07-12 20:11:49.718193 - Epoc #	640	 9.203551054000854
2023-07-12 20:11:51.562949 - Time between reward step: #	579.9005298614502
2023-07-12 20:11:51.562949 - Average Score: 13.00 Elapsed time: 0:09:41.256510
2023-07-12 20:11:58.565784 - Epoc #	650	 8.847590923309326
2023-07-12 20:12:07.698893 - Epoc #	660	 9.133109092712402
2023-07-12 20:12:16.662008 - Epoc #	670	 8.963114976882935
2023-07-12 20:12:25.423081 - Epoc #	680	 8.761072874069214
2023-07-12 20:12:34.383562 - Epoc #	690	 8.9604811668396
2023-07-12 20:12:43.246685 - Epoc #	700	 8.863122940063477
2023-07-12 20:12:53.215196 - Epoc #	710	 9.968510866165161
2023-07-12 20:13:03.022903 - Epoc #	720	 9.807707071304321
2023-07-12 20:13:12.207556 - Epoc #	730	 9.184653043746948
2023-07-12 20:13:21.369308 - Epoc #	740	 9.161751985549927
2023-07-12 20:13:30.631676 - Epoc #	750	 9.262367963790894
2023-07-12 20:13:39.415629 - Epoc #	760	 8.783952951431274
2023-07-12 20:13:48.787406 - Epoc #	770	 9.371777057647705
2023-07-12 20:13:57.986859 - Epoc #	780	 9.199453115463257
2023-07-12 20:14:07.117214 - Epoc #	790	 9.130354881286621
2023-07-12 20:14:16.232118 - Epoc #	800	 9.114903926849365
2023-07-12 20:14:25.611057 - Epoc #	810	 9.378939151763916
2023-07-12 20:14:34.564567 - Epoc #	820	 8.953510046005249
2023-07-12 20:14:43.676892 - Epoc #	830	 9.112324953079224
2023-07-12 20:14:52.765102 - Epoc #	840	 9.088209867477417
2023-07-12 20:15:02.095086 - Epoc #	850	 9.329984188079834
2023-07-12 20:15:10.964839 - Epoc #	860	 8.869752883911133
2023-07-12 20:15:18.474024 - Time between reward step: #	786.811604976654
2023-07-12 20:15:18.474024 - Average Score: 14.00 Elapsed time: 0:13:08.165033
2023-07-12 20:15:20.337909 - Epoc #	870	 9.373070001602173
2023-07-12 20:15:29.493730 - Epoc #	880	 9.155821084976196
2023-07-12 20:15:38.746847 - Epoc #	890	 9.253116846084595
2023-07-12 20:15:47.626105 - Epoc #	900	 8.879258155822754
2023-07-12 20:15:56.765141 - Epoc #	910	 9.139035940170288
2023-07-12 20:16:05.816048 - Epoc #	920	 9.050906896591187
2023-07-12 20:16:14.916528 - Epoc #	930	 9.100480079650879
2023-07-12 20:16:24.017908 - Epoc #	940	 9.101380109786987
2023-07-12 20:16:32.978189 - Epoc #	950	 8.960280895233154
2023-07-12 20:16:42.196716 - Epoc #	960	 9.21852707862854
2023-07-12 20:16:51.147660 - Epoc #	970	 8.950943946838379
2023-07-12 20:17:00.112538 - Epoc #	980	 8.96487808227539
2023-07-12 20:17:09.501631 - Epoc #	990	 9.389092922210693
2023-07-12 20:17:19.095096 - Epoc #	1000	 9.593465089797974
2023-07-12 20:17:28.095414 - Epoc #	1010	 9.000317811965942
2023-07-12 20:17:37.069504 - Epoc #	1020	 8.974090099334717
2023-07-12 20:17:45.675582 - Epoc #	1030	 8.606077909469604
2023-07-12 20:17:54.654047 - Epoc #	1040	 8.97846508026123
2023-07-12 20:18:03.774212 - Epoc #	1050	 9.12016487121582
2023-07-12 20:18:12.915931 - Epoc #	1060	 9.141719102859497
2023-07-12 20:18:22.156589 - Epoc #	1070	 9.240658044815063
2023-07-12 20:18:31.169454 - Epoc #	1080	 9.01286506652832
2023-07-12 20:18:39.861985 - Epoc #	1090	 8.692530870437622
2023-07-12 20:18:49.005116 - Epoc #	1100	 9.143131017684937
2023-07-12 20:18:58.116427 - Epoc #	1110	 9.111310958862305
2023-07-12 20:19:07.345076 - Epoc #	1120	 9.228649139404297
2023-07-12 20:19:16.274262 - Epoc #	1130	 8.92918586730957
2023-07-12 20:19:25.163060 - Epoc #	1140	 8.888797998428345
2023-07-12 20:19:34.705872 - Epoc #	1150	 9.54281210899353
2023-07-12 20:19:43.599075 - Epoc #	1160	 8.893203020095825
2023-07-12 20:19:52.713240 - Epoc #	1170	 9.11416482925415
2023-07-12 20:20:01.788671 - Epoc #	1180	 9.075431108474731
2023-07-12 20:20:11.202336 - Epoc #	1190	 9.413665056228638
2023-07-12 20:20:20.270621 - Epoc #	1200	 9.06828498840332
2023-07-12 20:20:29.596071 - Epoc #	1210	 9.32544994354248
2023-07-12 20:20:39.071451 - Epoc #	1220	 9.475379943847656
2023-07-12 20:20:48.509352 - Epoc #	1230	 9.437901020050049
2023-07-12 20:20:57.659617 - Epoc #	1240	 9.150264978408813
2023-07-12 20:21:06.599227 - Epoc #	1250	 8.939610004425049
2023-07-12 20:21:07.607636 - Time between reward step: #	1135.9452168941498
2023-07-12 20:21:07.607636 - Average Score: 15.00 Elapsed time: 0:18:57.295911
2023-07-12 20:21:16.221928 - Epoc #	1260	 9.622700929641724
2023-07-12 20:21:25.546512 - Epoc #	1270	 9.324584007263184
2023-07-12 20:21:34.606959 - Epoc #	1280	 9.060447216033936
2023-07-12 20:21:44.086600 - Epoc #	1290	 9.47964096069336
2023-07-12 20:21:53.047742 - Epoc #	1300	 8.96114182472229
2023-07-12 20:22:01.941905 - Epoc #	1310	 8.894163131713867
2023-07-12 20:22:11.099051 - Epoc #	1320	 9.157145977020264
2023-07-12 20:22:20.496436 - Epoc #	1330	 9.397385120391846
2023-07-12 20:22:29.622157 - Epoc #	1340	 9.125720977783203
2023-07-12 20:22:39.013325 - Epoc #	1350	 9.391167879104614
2023-07-12 20:22:48.551309 - Epoc #	1360	 9.537984132766724
2023-07-12 20:22:57.919133 - Epoc #	1370	 9.367823839187622
2023-07-12 20:23:07.162722 - Epoc #	1380	 9.243589162826538
2023-07-12 20:23:16.172643 - Epoc #	1390	 9.009920835494995
2023-07-12 20:23:25.297906 - Epoc #	1400	 9.125262975692749
2023-07-12 20:23:35.030285 - Epoc #	1410	 9.732378959655762
2023-07-12 20:23:44.007755 - Epoc #	1420	 8.97747015953064
2023-07-12 20:23:53.297035 - Epoc #	1430	 9.28927993774414
2023-07-12 20:24:02.449848 - Epoc #	1440	 9.152812957763672
2023-07-12 20:24:11.869191 - Epoc #	1450	 9.419342994689941
2023-07-12 20:24:21.128102 - Epoc #	1460	 9.2589111328125
2023-07-12 20:24:30.447157 - Epoc #	1470	 9.31905484199524
2023-07-12 20:24:39.539103 - Epoc #	1480	 9.091946125030518
2023-07-12 20:24:48.768760 - Epoc #	1490	 9.22965693473816
2023-07-12 20:24:50.702693 - Time between reward step: #	1359.0402739048004
2023-07-12 20:24:50.702693 - Average Score: 16.00 Elapsed time: 0:22:40.385389
2023-07-12 20:24:57.899859 - Epoc #	1500	 9.131098985671997
2023-07-12 20:25:07.237155 - Epoc #	1510	 9.33729600906372
2023-07-12 20:25:16.292213 - Epoc #	1520	 9.055058002471924
2023-07-12 20:25:25.414302 - Epoc #	1530	 9.122089147567749
2023-07-12 20:25:34.457346 - Epoc #	1540	 9.043043851852417
2023-07-12 20:25:43.544174 - Epoc #	1550	 9.086827993392944
2023-07-12 20:25:52.917477 - Epoc #	1560	 9.373302936553955
2023-07-12 20:26:02.111258 - Epoc #	1570	 9.19378113746643
2023-07-12 20:26:11.364484 - Epoc #	1580	 9.253226041793823
2023-07-12 20:26:20.580688 - Epoc #	1590	 9.216203927993774
2023-07-12 20:26:29.801232 - Epoc #	1600	 9.22054409980774
2023-07-12 20:26:38.797069 - Epoc #	1610	 8.995836973190308
2023-07-12 20:26:47.970609 - Epoc #	1620	 9.173539876937866
2023-07-12 20:26:57.484224 - Epoc #	1630	 9.513615131378174
2023-07-12 20:27:07.259954 - Epoc #	1640	 9.775729894638062
2023-07-12 20:27:16.352663 - Epoc #	1650	 9.092709064483643
2023-07-12 20:27:25.598456 - Epoc #	1660	 9.245792865753174
2023-07-12 20:27:34.579301 - Epoc #	1670	 8.980845212936401
2023-07-12 20:27:43.631766 - Epoc #	1680	 9.052464962005615
2023-07-12 20:27:52.710093 - Epoc #	1690	 9.078326940536499
2023-07-12 20:28:01.857324 - Epoc #	1700	 9.147230863571167
2023-07-12 20:28:10.996078 - Epoc #	1710	 9.13875412940979
2023-07-12 20:28:20.238939 - Epoc #	1720	 9.242861032485962
2023-07-12 20:28:29.452885 - Epoc #	1730	 9.213945865631104
2023-07-12 20:28:38.442152 - Epoc #	1740	 8.989267110824585
2023-07-12 20:28:47.434364 - Epoc #	1750	 8.992212057113647
2023-07-12 20:28:56.498635 - Epoc #	1760	 9.064270973205566
2023-07-12 20:29:05.955345 - Epoc #	1770	 9.456709861755371
2023-07-12 20:29:15.481484 - Epoc #	1780	 9.5261390209198
2023-07-12 20:29:24.582545 - Epoc #	1790	 9.10106110572815
2023-07-12 20:29:33.779136 - Epoc #	1800	 9.196590900421143
2023-07-12 20:29:42.779540 - Epoc #	1810	 9.000404119491577
2023-07-12 20:29:51.807386 - Epoc #	1820	 9.027845859527588
2023-07-12 20:30:00.940658 - Epoc #	1830	 9.133272171020508
2023-07-12 20:30:10.822347 - Epoc #	1840	 9.881688833236694
2023-07-12 20:30:20.046541 - Epoc #	1850	 9.224194049835205
2023-07-12 20:30:29.365220 - Epoc #	1860	 9.318679094314575
2023-07-12 20:30:38.734315 - Epoc #	1870	 9.369094848632812
2023-07-12 20:30:48.098000 - Epoc #	1880	 9.363685131072998
2023-07-12 20:30:57.962191 - Epoc #	1890	 9.864191055297852
2023-07-12 20:31:07.567416 - Epoc #	1900	 9.605224847793579
2023-07-12 20:31:16.951851 - Epoc #	1910	 9.384434938430786
2023-07-12 20:31:26.335786 - Epoc #	1920	 9.38393521308899
2023-07-12 20:31:35.458212 - Epoc #	1930	 9.12242579460144
2023-07-12 20:31:44.523087 - Epoc #	1940	 9.06487512588501
2023-07-12 20:31:54.485227 - Epoc #	1950	 9.962140083312988
2023-07-12 20:32:04.025979 - Epoc #	1960	 9.540751934051514
2023-07-12 20:32:11.792922 - Time between reward step: #	1800.1305029392242
2023-07-12 20:32:11.792922 - Average Score: 17.00 Elapsed time: 0:30:01.481959
2023-07-12 20:32:13.633605 - Epoc #	1970	 9.607625961303711
2023-07-12 20:32:23.105393 - Epoc #	1980	 9.471787929534912
2023-07-12 20:32:32.207969 - Epoc #	1990	 9.10257601737976
2023-07-12 20:32:41.173984 - Epoc #	2000	 8.966015100479126
2023-07-12 20:32:50.432211 - Epoc #	2010	 9.258226871490479
2023-07-12 20:33:00.191647 - Epoc #	2020	 9.759436130523682
2023-07-12 20:33:09.378861 - Epoc #	2030	 9.187213897705078
2023-07-12 20:33:19.042943 - Epoc #	2040	 9.664082050323486
2023-07-12 20:33:28.004318 - Epoc #	2050	 8.961374998092651
2023-07-12 20:33:37.206637 - Epoc #	2060	 9.202318906784058
2023-07-12 20:33:46.690359 - Epoc #	2070	 9.48372220993042
2023-07-12 20:33:55.913083 - Epoc #	2080	 9.222723960876465
2023-07-12 20:34:05.053104 - Epoc #	2090	 9.140020847320557
2023-07-12 20:34:14.869452 - Epoc #	2100	 9.8163480758667
2023-07-12 20:34:24.095888 - Epoc #	2110	 9.226435899734497
2023-07-12 20:34:33.183982 - Epoc #	2120	 9.088093996047974
2023-07-12 20:34:42.162442 - Epoc #	2130	 8.97846007347107
2023-07-12 20:34:51.620339 - Epoc #	2140	 9.457896947860718
2023-07-12 20:35:00.814693 - Epoc #	2150	 9.194354057312012
2023-07-12 20:35:09.925058 - Epoc #	2160	 9.11036491394043
2023-07-12 20:35:19.096593 - Epoc #	2170	 9.171535015106201
2023-07-12 20:35:28.158868 - Epoc #	2180	 9.062275171279907
2023-07-12 20:35:37.813612 - Epoc #	2190	 9.654743909835815
2023-07-12 20:35:46.926747 - Epoc #	2200	 9.11313509941101
2023-07-12 20:35:55.963051 - Epoc #	2210	 9.036303997039795
2023-07-12 20:36:05.213567 - Epoc #	2220	 9.250515937805176
2023-07-12 20:36:14.551786 - Epoc #	2230	 9.338218927383423
2023-07-12 20:36:23.670973 - Epoc #	2240	 9.119187116622925
2023-07-12 20:36:33.435266 - Epoc #	2250	 9.76429295539856
2023-07-12 20:36:42.477921 - Epoc #	2260	 9.042654991149902
2023-07-12 20:36:51.780838 - Epoc #	2270	 9.302917003631592
2023-07-12 20:37:01.106443 - Epoc #	2280	 9.325604915618896
2023-07-12 20:37:10.153266 - Epoc #	2290	 9.046823024749756
2023-07-12 20:37:19.907398 - Epoc #	2300	 9.75413203239441
2023-07-12 20:37:29.233268 - Epoc #	2310	 9.325870037078857
2023-07-12 20:37:38.431026 - Epoc #	2320	 9.197757959365845
2023-07-12 20:37:47.886311 - Epoc #	2330	 9.45528507232666
2023-07-12 20:37:57.452293 - Epoc #	2340	 9.5659818649292
2023-07-12 20:38:06.726007 - Epoc #	2350	 9.273714065551758
2023-07-12 20:38:16.012359 - Epoc #	2360	 9.286351919174194
2023-07-12 20:38:25.239964 - Epoc #	2370	 9.227605104446411
2023-07-12 20:38:34.611524 - Epoc #	2380	 9.371560096740723
2023-07-12 20:38:43.707311 - Epoc #	2390	 9.095786809921265
2023-07-12 20:38:52.813502 - Epoc #	2400	 9.106191158294678
2023-07-12 20:39:02.080917 - Epoc #	2410	 9.267414808273315
2023-07-12 20:39:11.004466 - Epoc #	2420	 8.923549175262451
2023-07-12 20:39:20.264508 - Epoc #	2430	 9.260041952133179
2023-07-12 20:39:29.568778 - Epoc #	2440	 9.304270029067993
2023-07-12 20:39:38.757740 - Epoc #	2450	 9.18896198272705
2023-07-12 20:39:48.312044 - Epoc #	2460	 9.554303884506226
2023-07-12 20:39:57.685025 - Epoc #	2470	 9.372981071472168
2023-07-12 20:40:07.032815 - Epoc #	2480	 9.347790002822876
2023-07-12 20:40:16.656533 - Epoc #	2490	 9.623718023300171
2023-07-12 20:40:26.111404 - Epoc #	2500	 9.45487093925476
2023-07-12 20:40:35.778144 - Epoc #	2510	 9.66673994064331
2023-07-12 20:40:45.054689 - Epoc #	2520	 9.27654504776001
2023-07-12 20:40:54.126519 - Epoc #	2530	 9.071830034255981
2023-07-12 20:41:03.382948 - Epoc #	2540	 9.256428956985474
2023-07-12 20:41:12.678298 - Epoc #	2550	 9.295350074768066
2023-07-12 20:41:21.827781 - Epoc #	2560	 9.14948296546936
2023-07-12 20:41:30.689274 - Epoc #	2570	 8.861493110656738
2023-07-12 20:41:40.078725 - Epoc #	2580	 9.389451026916504
2023-07-12 20:41:49.177891 - Epoc #	2590	 9.099165916442871
2023-07-12 20:41:58.589577 - Epoc #	2600	 9.411685943603516
2023-07-12 20:42:07.879144 - Epoc #	2610	 9.289566993713379
2023-07-12 20:42:17.040602 - Epoc #	2620	 9.161458015441895
2023-07-12 20:42:26.316566 - Epoc #	2630	 9.27596402168274
2023-07-12 20:42:35.377449 - Epoc #	2640	 9.060883045196533
2023-07-12 20:42:44.436044 - Epoc #	2650	 9.058594942092896
2023-07-12 20:42:54.026613 - Epoc #	2660	 9.590569019317627
2023-07-12 20:43:03.238597 - Epoc #	2670	 9.211983919143677
2023-07-12 20:43:12.379929 - Epoc #	2680	 9.141332149505615
2023-07-12 20:43:22.005700 - Epoc #	2690	 9.625771045684814
2023-07-12 20:43:31.663378 - Epoc #	2700	 9.65767788887024
2023-07-12 20:43:40.904916 - Epoc #	2710	 9.241538047790527
2023-07-12 20:43:50.191411 - Epoc #	2720	 9.286494970321655
2023-07-12 20:43:59.301185 - Epoc #	2730	 9.109773874282837
2023-07-12 20:44:08.816088 - Epoc #	2740	 9.51490306854248
2023-07-12 20:44:18.391277 - Epoc #	2750	 9.575189113616943
2023-07-12 20:44:28.445470 - Epoc #	2760	 10.054193019866943
2023-07-12 20:44:37.831193 - Epoc #	2770	 9.385722875595093
2023-07-12 20:44:46.925742 - Epoc #	2780	 9.09454894065857
2023-07-12 20:44:56.433955 - Epoc #	2790	 9.50821304321289
2023-07-12 20:45:05.581632 - Epoc #	2800	 9.147676944732666
2023-07-12 20:45:15.009133 - Epoc #	2810	 9.427501201629639
2023-07-12 20:45:24.321008 - Epoc #	2820	 9.311874866485596
2023-07-12 20:45:33.528607 - Epoc #	2830	 9.20759892463684
2023-07-12 20:45:43.203357 - Epoc #	2840	 9.674750089645386
2023-07-12 20:45:52.151554 - Epoc #	2850	 8.94819712638855
2023-07-12 20:46:01.288800 - Epoc #	2860	 9.137245893478394
2023-07-12 20:46:10.535014 - Epoc #	2870	 9.246213912963867
2023-07-12 20:46:20.054380 - Epoc #	2880	 9.519366025924683
2023-07-12 20:46:29.207398 - Epoc #	2890	 9.1530179977417
2023-07-12 20:46:37.992335 - Epoc #	2900	 8.784937143325806
2023-07-12 20:46:47.046802 - Epoc #	2910	 9.054466962814331
2023-07-12 20:46:56.449006 - Epoc #	2920	 9.402204036712646
2023-07-12 20:47:05.674718 - Epoc #	2930	 9.225711822509766
2023-07-12 20:47:15.398730 - Epoc #	2940	 9.72401213645935
2023-07-12 20:47:25.017140 - Epoc #	2950	 9.618409872055054
2023-07-12 20:47:34.024013 - Epoc #	2960	 9.00687313079834
2023-07-12 20:47:43.468111 - Epoc #	2970	 9.444097995758057
2023-07-12 20:47:52.801789 - Epoc #	2980	 9.333678007125854
2023-07-12 20:48:01.976132 - Epoc #	2990	 9.17434287071228
2023-07-12 20:48:11.549233 - Epoc #	3000	 9.573101043701172
2023-07-12 20:48:20.994974 - Epoc #	3010	 9.445740938186646
2023-07-12 20:48:30.359895 - Epoc #	3020	 9.36492109298706
2023-07-12 20:48:39.625752 - Epoc #	3030	 9.265856981277466
2023-07-12 20:48:49.069200 - Epoc #	3040	 9.443448066711426
2023-07-12 20:48:58.503726 - Epoc #	3050	 9.434525966644287
2023-07-12 20:49:08.035336 - Epoc #	3060	 9.531610012054443
2023-07-12 20:49:17.427918 - Epoc #	3070	 9.392581939697266
2023-07-12 20:49:27.011411 - Epoc #	3080	 9.583492994308472
2023-07-12 20:49:36.181880 - Epoc #	3090	 9.170469045639038
2023-07-12 20:49:45.315919 - Epoc #	3100	 9.134038925170898
2023-07-12 20:49:54.380903 - Epoc #	3110	 9.06498408317566
2023-07-12 20:50:03.630262 - Epoc #	3120	 9.249358892440796
2023-07-12 20:50:12.874412 - Epoc #	3130	 9.244150161743164
2023-07-12 20:50:22.628939 - Epoc #	3140	 9.754526853561401
2023-07-12 20:50:32.209766 - Epoc #	3150	 9.580826997756958
2023-07-12 20:50:41.643203 - Epoc #	3160	 9.43343710899353
2023-07-12 20:50:50.921773 - Epoc #	3170	 9.27856993675232
2023-07-12 20:51:00.085577 - Epoc #	3180	 9.163804054260254
2023-07-12 20:51:09.667774 - Epoc #	3190	 9.582196950912476
2023-07-12 20:51:19.038855 - Epoc #	3200	 9.371081113815308
2023-07-12 20:51:28.498239 - Epoc #	3210	 9.459383964538574
2023-07-12 20:51:37.846258 - Epoc #	3220	 9.348018884658813
2023-07-12 20:51:47.548323 - Epoc #	3230	 9.702064990997314
2023-07-12 20:51:56.791688 - Epoc #	3240	 9.243365049362183
2023-07-12 20:52:06.062666 - Epoc #	3250	 9.270977973937988
2023-07-12 20:52:15.540593 - Epoc #	3260	 9.477926969528198
2023-07-12 20:52:24.779681 - Epoc #	3270	 9.23908805847168
2023-07-12 20:52:34.445525 - Epoc #	3280	 9.665843963623047
2023-07-12 20:52:43.613530 - Epoc #	3290	 9.168004989624023
2023-07-12 20:52:52.866506 - Epoc #	3300	 9.252976179122925
2023-07-12 20:53:02.182133 - Epoc #	3310	 9.315626859664917
2023-07-12 20:53:11.645087 - Epoc #	3320	 9.462954044342041
2023-07-12 20:53:21.299639 - Epoc #	3330	 9.654551982879639
2023-07-12 20:53:30.933010 - Epoc #	3340	 9.633371114730835
2023-07-12 20:53:40.275043 - Epoc #	3350	 9.34203290939331
2023-07-12 20:53:49.913175 - Epoc #	3360	 9.638132095336914
2023-07-12 20:53:59.180143 - Epoc #	3370	 9.266968011856079
2023-07-12 20:54:08.750659 - Epoc #	3380	 9.570515871047974
2023-07-12 20:54:18.109306 - Epoc #	3390	 9.358647108078003
2023-07-12 20:54:27.772369 - Epoc #	3400	 9.663062810897827
2023-07-12 20:54:36.975945 - Epoc #	3410	 9.20357608795166
2023-07-12 20:54:46.153729 - Epoc #	3420	 9.177783966064453
2023-07-12 20:54:55.243662 - Epoc #	3430	 9.089933156967163
2023-07-12 20:55:05.250152 - Epoc #	3440	 10.006489992141724
2023-07-12 20:55:15.411549 - Epoc #	3450	 10.161396980285645
2023-07-12 20:55:24.941367 - Epoc #	3460	 9.529817819595337
2023-07-12 20:55:34.482808 - Epoc #	3470	 9.541441202163696
2023-07-12 20:55:43.771960 - Epoc #	3480	 9.289151906967163
2023-07-12 20:55:53.802864 - Epoc #	3490	 10.030904054641724
2023-07-12 20:56:03.021895 - Epoc #	3500	 9.219030857086182
2023-07-12 20:56:12.365698 - Epoc #	3510	 9.34380316734314
2023-07-12 20:56:21.844537 - Epoc #	3520	 9.478838920593262
2023-07-12 20:56:31.628321 - Epoc #	3530	 9.783783912658691
2023-07-12 20:56:42.325748 - Epoc #	3540	 10.697427034378052
2023-07-12 20:56:51.736309 - Epoc #	3550	 9.410561084747314
2023-07-12 20:57:00.922363 - Epoc #	3560	 9.186053991317749
2023-07-12 20:57:10.359205 - Epoc #	3570	 9.43684196472168
2023-07-12 20:57:19.778885 - Epoc #	3580	 9.419679880142212
2023-07-12 20:57:29.057587 - Epoc #	3590	 9.278702020645142
2023-07-12 20:57:38.248714 - Epoc #	3600	 9.191127061843872
2023-07-12 20:57:47.715839 - Epoc #	3610	 9.467124938964844
2023-07-12 20:57:57.600910 - Epoc #	3620	 9.885071039199829
2023-07-12 20:58:06.968847 - Epoc #	3630	 9.367937088012695
2023-07-12 20:58:16.877499 - Epoc #	3640	 9.908652067184448
2023-07-12 20:58:26.144611 - Epoc #	3650	 9.267111778259277
2023-07-12 20:58:35.440821 - Epoc #	3660	 9.296210050582886
2023-07-12 20:58:44.826102 - Epoc #	3670	 9.385281085968018
2023-07-12 20:58:54.184362 - Epoc #	3680	 9.358259916305542
2023-07-12 20:59:03.524417 - Epoc #	3690	 9.340054988861084
2023-07-12 20:59:12.954983 - Epoc #	3700	 9.43056607246399
2023-07-12 20:59:22.788936 - Epoc #	3710	 9.833952903747559
2023-07-12 20:59:32.231641 - Epoc #	3720	 9.442705154418945
2023-07-12 20:59:41.825907 - Epoc #	3730	 9.594265937805176
2023-07-12 20:59:51.317708 - Epoc #	3740	 9.491801023483276
2023-07-12 21:00:00.368541 - Epoc #	3750	 9.050832986831665
2023-07-12 21:00:09.757667 - Epoc #	3760	 9.389126062393188
2023-07-12 21:00:18.874916 - Epoc #	3770	 9.117249011993408
2023-07-12 21:00:28.748258 - Epoc #	3780	 9.873342037200928
2023-07-12 21:00:38.524890 - Epoc #	3790	 9.776631832122803
2023-07-12 21:00:48.081673 - Epoc #	3800	 9.556782960891724
2023-07-12 21:00:57.472045 - Epoc #	3810	 9.390372037887573
2023-07-12 21:01:07.038857 - Epoc #	3820	 9.56681203842163
2023-07-12 21:01:16.275772 - Epoc #	3830	 9.236915111541748
2023-07-12 21:01:25.986822 - Epoc #	3840	 9.711049795150757
2023-07-12 21:01:35.338454 - Epoc #	3850	 9.351632118225098
2023-07-12 21:01:45.670244 - Epoc #	3860	 10.33178997039795
2023-07-12 21:01:55.574149 - Epoc #	3870	 9.903904914855957
2023-07-12 21:02:05.346424 - Epoc #	3880	 9.77227520942688
2023-07-12 21:02:14.825007 - Epoc #	3890	 9.478582859039307
2023-07-12 21:02:24.389272 - Epoc #	3900	 9.564265012741089
2023-07-12 21:02:33.994271 - Epoc #	3910	 9.60499906539917
2023-07-12 21:02:43.407616 - Epoc #	3920	 9.413344860076904
2023-07-12 21:02:52.924872 - Epoc #	3930	 9.517256021499634
2023-07-12 21:03:02.880300 - Epoc #	3940	 9.955428123474121
2023-07-12 21:03:12.298563 - Epoc #	3950	 9.418262958526611
2023-07-12 21:03:21.692221 - Epoc #	3960	 9.393657922744751
2023-07-12 21:03:36.568279 - Epoc #	3970	 14.876058101654053
2023-07-12 21:03:53.365157 - Epoc #	3980	 16.79687786102295
2023-07-12 21:04:09.724534 - Epoc #	3990	 16.359377145767212
2023-07-12 21:04:26.162036 - Epoc #	4000	 16.437501907348633
2023-07-12 21:04:42.396400 - Epoc #	4010	 16.23436403274536
2023-07-12 21:04:58.851336 - Epoc #	4020	 16.454936027526855
2023-07-12 21:05:15.149738 - Epoc #	4030	 16.298402070999146
2023-07-12 21:05:31.780753 - Epoc #	4040	 16.631014823913574
2023-07-12 21:05:48.857889 - Epoc #	4050	 17.077136039733887
2023-07-12 21:06:05.754014 - Epoc #	4060	 16.896125078201294
2023-07-12 21:06:22.473891 - Epoc #	4070	 16.719877004623413
2023-07-12 21:06:40.446132 - Epoc #	4080	 17.972240924835205
2023-07-12 21:06:57.042465 - Epoc #	4090	 16.596333026885986
2023-07-12 21:07:13.875384 - Epoc #	4100	 16.832919120788574
2023-07-12 21:07:30.567118 - Epoc #	4110	 16.691733837127686
2023-07-12 21:07:47.584741 - Epoc #	4120	 17.01762318611145
2023-07-12 21:08:04.274613 - Epoc #	4130	 16.689871788024902
2023-07-12 21:08:21.355630 - Epoc #	4140	 17.081017017364502
2023-07-12 21:08:38.185349 - Epoc #	4150	 16.829719066619873
2023-07-12 21:08:55.141257 - Epoc #	4160	 16.955908060073853
2023-07-12 21:09:11.096561 - Epoc #	4170	 15.95530390739441
2023-07-12 21:09:28.364645 - Epoc #	4180	 17.268084049224854
2023-07-12 21:09:45.430650 - Epoc #	4190	 17.066004991531372
2023-07-12 21:10:02.203154 - Epoc #	4200	 16.772504091262817
2023-07-12 21:10:19.002880 - Epoc #	4210	 16.799726009368896
2023-07-12 21:10:35.598487 - Epoc #	4220	 16.595606803894043
2023-07-12 21:10:51.819847 - Epoc #	4230	 16.221360206604004
2023-07-12 21:11:08.205918 - Epoc #	4240	 16.38607096672058
2023-07-12 21:11:24.974886 - Epoc #	4250	 16.768967866897583
2023-07-12 21:11:41.578764 - Epoc #	4260	 16.603878021240234
2023-07-12 21:11:57.860073 - Epoc #	4270	 16.281309127807617
2023-07-12 21:12:15.312705 - Epoc #	4280	 17.452631950378418
2023-07-12 21:12:31.547017 - Epoc #	4290	 16.234312057495117
2023-07-12 21:12:47.828726 - Epoc #	4300	 16.28170895576477
2023-07-12 21:13:04.657362 - Epoc #	4310	 16.828635931015015
2023-07-12 21:13:20.991367 - Epoc #	4320	 16.334005117416382
2023-07-12 21:13:37.402118 - Epoc #	4330	 16.41075086593628
2023-07-12 21:13:53.624524 - Epoc #	4340	 16.222406148910522
2023-07-12 21:14:10.211571 - Epoc #	4350	 16.58704686164856
2023-07-12 21:14:26.903042 - Epoc #	4360	 16.691471099853516
2023-07-12 21:14:43.253258 - Epoc #	4370	 16.350215911865234
2023-07-12 21:15:00.492218 - Epoc #	4380	 17.238960027694702
2023-07-12 21:15:17.104831 - Epoc #	4390	 16.61261296272278
2023-07-12 21:15:33.718273 - Epoc #	4400	 16.613441944122314
2023-07-12 21:15:50.612715 - Epoc #	4410	 16.894442081451416
2023-07-12 21:16:07.145700 - Epoc #	4420	 16.532984972000122
2023-07-12 21:16:24.131236 - Epoc #	4430	 16.985536098480225
2023-07-12 21:16:40.491484 - Epoc #	4440	 16.36024785041809
2023-07-12 21:16:56.602127 - Epoc #	4450	 16.11064314842224
2023-07-12 21:17:13.541453 - Epoc #	4460	 16.93932580947876
2023-07-12 21:17:30.296000 - Epoc #	4470	 16.754547119140625
2023-07-12 21:17:46.813958 - Epoc #	4480	 16.51795792579651
2023-07-12 21:17:52.221018 - Time between reward step: #	4540.558598995209
2023-07-12 21:17:52.221018 - Average Score: 18.00 Elapsed time: 1:15:41.914586
2023-07-12 21:18:04.318125 - Epoc #	4490	 17.504167079925537
2023-07-12 21:18:20.756607 - Epoc #	4500	 16.43848204612732
2023-07-12 21:18:37.730304 - Epoc #	4510	 16.97369694709778
2023-07-12 21:18:41.386840 - Time between reward step: #	4589.7244210243225
2023-07-12 21:18:41.386840 - Average Score: 19.00 Elapsed time: 1:16:31.080121
2023-07-12 21:18:54.438594 - Time between reward step: #	4602.776175022125
2023-07-12 21:18:54.438594 - Average Score: 20.00 Elapsed time: 1:16:44.134022
2023-07-12 21:18:54.438594 - Epoc #	4520	 16.708290100097656
2023-07-12 21:19:10.618608 - Epoc #	4530	 16.18001389503479
2023-07-12 21:19:26.444564 - Epoc #	4540	 15.825956106185913
2023-07-12 21:19:42.532280 - Epoc #	4550	 16.08771586418152
2023-07-12 21:19:58.532214 - Epoc #	4560	 15.999933958053589
2023-07-12 21:20:16.298766 - Epoc #	4570	 17.766551971435547
2023-07-12 21:20:32.455448 - Epoc #	4580	 16.156682014465332
2023-07-12 21:20:49.521150 - Epoc #	4590	 17.065702199935913
2023-07-12 21:21:05.493256 - Epoc #	4600	 15.972105979919434
2023-07-12 21:21:21.980324 - Epoc #	4610	 16.487067937850952
2023-07-12 21:21:38.408271 - Epoc #	4620	 16.42794704437256
2023-07-12 21:21:54.600336 - Epoc #	4630	 16.192065000534058
2023-07-12 21:22:11.325555 - Epoc #	4640	 16.725219011306763
2023-07-12 21:22:27.578859 - Epoc #	4650	 16.25330400466919
2023-07-12 21:22:43.644063 - Epoc #	4660	 16.06520390510559
2023-07-12 21:23:00.116606 - Epoc #	4670	 16.472543001174927
2023-07-12 21:23:16.059575 - Epoc #	4680	 15.94296908378601
2023-07-12 21:23:33.030370 - Epoc #	4690	 16.970794916152954
2023-07-12 21:23:49.707636 - Epoc #	4700	 16.677266120910645
2023-07-12 21:24:06.742832 - Epoc #	4710	 17.03519582748413
2023-07-12 21:24:24.334393 - Epoc #	4720	 17.59156107902527
2023-07-12 21:24:40.118492 - Epoc #	4730	 15.784098863601685
2023-07-12 21:24:57.324053 - Epoc #	4740	 17.20556116104126
2023-07-12 21:25:13.421098 - Epoc #	4750	 16.097044944763184
2023-07-12 21:25:29.393114 - Epoc #	4760	 15.972016096115112
2023-07-12 21:25:46.007455 - Epoc #	4770	 16.614341020584106
2023-07-12 21:26:02.651605 - Epoc #	4780	 16.644149780273438
2023-07-12 21:26:19.374212 - Epoc #	4790	 16.722607135772705
2023-07-12 21:26:36.271440 - Epoc #	4800	 16.897228002548218
2023-07-12 21:26:52.545263 - Epoc #	4810	 16.273823022842407
2023-07-12 21:27:09.008243 - Epoc #	4820	 16.462980031967163
2023-07-12 21:27:26.200207 - Epoc #	4830	 17.19196391105652
2023-07-12 21:27:42.520077 - Epoc #	4840	 16.319869995117188
2023-07-12 21:27:58.207587 - Epoc #	4850	 15.687510013580322
2023-07-12 21:28:13.911205 - Epoc #	4860	 15.703618049621582
2023-07-12 21:28:30.114325 - Epoc #	4870	 16.20311999320984
2023-07-12 21:28:46.224082 - Epoc #	4880	 16.10975694656372
2023-07-12 21:29:02.350941 - Epoc #	4890	 16.126858949661255
2023-07-12 21:29:18.965347 - Epoc #	4900	 16.6144061088562
2023-07-12 21:29:36.077910 - Epoc #	4910	 17.112562894821167
2023-07-12 21:29:52.444121 - Epoc #	4920	 16.3662109375
2023-07-12 21:30:08.887942 - Epoc #	4930	 16.44382119178772
2023-07-12 21:30:26.014113 - Epoc #	4940	 17.126170873641968
2023-07-12 21:30:42.032460 - Epoc #	4950	 16.018347024917603
2023-07-12 21:30:58.522005 - Epoc #	4960	 16.489545106887817
2023-07-12 21:31:14.903529 - Epoc #	4970	 16.381523847579956
2023-07-12 21:31:31.313238 - Epoc #	4980	 16.409708976745605
2023-07-12 21:31:47.472656 - Epoc #	4990	 16.1594181060791
2023-07-12 21:32:04.382331 - Epoc #	5000	 16.909674882888794
2023-07-12 21:32:20.494824 - Epoc #	5010	 16.11249303817749
2023-07-12 21:32:36.513656 - Epoc #	5020	 16.018831968307495
2023-07-12 21:32:53.439155 - Epoc #	5030	 16.925499200820923
2023-07-12 21:33:10.414978 - Epoc #	5040	 16.975822925567627
2023-07-12 21:33:26.925829 - Epoc #	5050	 16.51085090637207
2023-07-12 21:33:43.510741 - Epoc #	5060	 16.584912061691284
2023-07-12 21:34:00.120730 - Epoc #	5070	 16.609988927841187
2023-07-12 21:34:16.671230 - Epoc #	5080	 16.55050015449524
2023-07-12 21:34:32.675145 - Epoc #	5090	 16.003914833068848
2023-07-12 21:34:48.635084 - Epoc #	5100	 15.959939002990723
2023-07-12 21:35:05.501616 - Epoc #	5110	 16.86653208732605
2023-07-12 21:35:22.266809 - Epoc #	5120	 16.765192985534668
2023-07-12 21:35:39.112327 - Epoc #	5130	 16.845518112182617
2023-07-12 21:35:55.096712 - Epoc #	5140	 15.984385013580322
2023-07-12 21:36:11.768150 - Epoc #	5150	 16.671437978744507
2023-07-12 21:36:29.283781 - Epoc #	5160	 17.515630960464478
2023-07-12 21:36:45.737588 - Epoc #	5170	 16.45380687713623
2023-07-12 21:37:02.097818 - Epoc #	5180	 16.360229969024658
2023-07-12 21:37:18.381466 - Epoc #	5190	 16.283648014068604
2023-07-12 21:37:34.762638 - Epoc #	5200	 16.38117218017578
2023-07-12 21:37:51.155655 - Epoc #	5210	 16.393016815185547
2023-07-12 21:38:07.833034 - Epoc #	5220	 16.67737913131714
2023-07-12 21:38:24.465474 - Epoc #	5230	 16.632439851760864
2023-07-12 21:38:40.800302 - Epoc #	5240	 16.33482813835144
2023-07-12 21:38:57.726502 - Epoc #	5250	 16.926199913024902
2023-07-12 21:39:14.290987 - Epoc #	5260	 16.5644850730896
2023-07-12 21:39:30.624416 - Epoc #	5270	 16.333429098129272
2023-07-12 21:39:47.504873 - Epoc #	5280	 16.880456924438477
2023-07-12 21:40:04.083442 - Epoc #	5290	 16.578568935394287
2023-07-12 21:40:20.351624 - Epoc #	5300	 16.268182039260864
2023-07-12 21:40:36.055389 - Epoc #	5310	 15.703764915466309
2023-07-12 21:40:52.901806 - Epoc #	5320	 16.84641718864441
2023-07-12 21:41:09.751700 - Epoc #	5330	 16.849893808364868
2023-07-12 21:41:26.864875 - Epoc #	5340	 17.1131751537323
2023-07-12 21:41:43.210374 - Epoc #	5350	 16.34549903869629
2023-07-12 21:41:59.509664 - Epoc #	5360	 16.29928994178772
2023-07-12 21:42:15.819767 - Epoc #	5370	 16.310102939605713
2023-07-12 21:42:33.027110 - Epoc #	5380	 17.207343101501465
2023-07-12 21:42:49.623372 - Epoc #	5390	 16.596261978149414
2023-07-12 21:43:06.170579 - Epoc #	5400	 16.54720687866211
2023-07-12 21:43:22.739065 - Epoc #	5410	 16.568485975265503
2023-07-12 21:43:39.511406 - Epoc #	5420	 16.772341012954712
2023-07-12 21:43:49.781091 - Time between reward step: #	6098.1186718940735
2023-07-12 21:43:49.781091 - Average Score: 21.00 Elapsed time: 1:41:39.468364
2023-07-12 21:43:56.455438 - Time between reward step: #	6104.793018817902
2023-07-12 21:43:56.455438 - Average Score: 22.00 Elapsed time: 1:41:46.148211
2023-07-12 21:43:56.455438 - Epoc #	5430	 16.944031953811646
2023-07-12 21:44:01.441411 - Time between reward step: #	6109.778991937637
2023-07-12 21:44:01.441411 - Average Score: 23.00 Elapsed time: 1:41:51.137774
2023-07-12 21:44:12.601292 - Epoc #	5440	 16.145853996276855
2023-07-12 21:44:28.701624 - Epoc #	5450	 16.100332021713257
2023-07-12 21:44:44.894962 - Epoc #	5460	 16.19333815574646
2023-07-12 21:45:01.683617 - Epoc #	5470	 16.788655042648315
2023-07-12 21:45:18.153509 - Epoc #	5480	 16.469891786575317
2023-07-12 21:45:34.904104 - Epoc #	5490	 16.750595092773438
2023-07-12 21:45:51.404160 - Epoc #	5500	 16.50005602836609
2023-07-12 21:46:08.107290 - Epoc #	5510	 16.70313000679016
2023-07-12 21:46:25.232281 - Epoc #	5520	 17.124990940093994
2023-07-12 21:46:41.966650 - Epoc #	5530	 16.734369039535522
2023-07-12 21:46:58.045418 - Epoc #	5540	 16.078768014907837
2023-07-12 21:47:14.389191 - Epoc #	5550	 16.343772888183594
2023-07-12 21:47:31.061066 - Epoc #	5560	 16.671875
2023-07-12 21:47:47.654826 - Epoc #	5570	 16.593760013580322
2023-07-12 21:48:04.703221 - Epoc #	5580	 17.04839515686035
2023-07-12 21:48:23.335110 - Epoc #	5590	 18.63188886642456
2023-07-12 21:48:40.015449 - Epoc #	5600	 16.680339097976685
2023-07-12 21:48:56.578564 - Epoc #	5610	 16.563114881515503
2023-07-12 21:49:12.891059 - Epoc #	5620	 16.31249499320984
2023-07-12 21:49:29.625395 - Epoc #	5630	 16.734336137771606
2023-07-12 21:49:46.172298 - Epoc #	5640	 16.546902894973755
2023-07-12 21:50:02.531689 - Epoc #	5650	 16.3593909740448
2023-07-12 21:50:18.953921 - Epoc #	5660	 16.422232151031494
2023-07-12 21:50:36.087078 - Epoc #	5670	 17.1331570148468
2023-07-12 21:50:51.743348 - Epoc #	5680	 15.656269788742065
2023-07-12 21:51:08.430855 - Epoc #	5690	 16.687507152557373
2023-07-12 21:51:25.119344 - Epoc #	5700	 16.688488960266113
2023-07-12 21:51:42.463011 - Epoc #	5710	 17.343667030334473
2023-07-12 21:51:58.995881 - Epoc #	5720	 16.532870054244995
2023-07-12 21:52:15.184187 - Epoc #	5730	 16.188305854797363
2023-07-12 21:52:31.467436 - Epoc #	5740	 16.283249139785767
2023-07-12 21:52:48.110608 - Epoc #	5750	 16.643172025680542
2023-07-12 21:53:05.032935 - Epoc #	5760	 16.922326803207397
2023-07-12 21:53:22.081963 - Epoc #	5770	 17.049028158187866
2023-07-12 21:53:38.786987 - Epoc #	5780	 16.705024003982544
2023-07-12 21:53:55.349554 - Epoc #	5790	 16.562566995620728
2023-07-12 21:54:11.719977 - Epoc #	5800	 16.370422840118408
2023-07-12 21:54:28.673097 - Epoc #	5810	 16.95311999320984
2023-07-12 21:54:44.891872 - Epoc #	5820	 16.218775033950806
2023-07-12 21:55:01.766846 - Epoc #	5830	 16.874974012374878
2023-07-12 21:55:17.907496 - Epoc #	5840	 16.140650033950806
2023-07-12 21:55:34.938730 - Epoc #	5850	 17.0312340259552
2023-07-12 21:55:51.532478 - Epoc #	5860	 16.593748092651367
2023-07-12 21:56:08.204353 - Epoc #	5870	 16.671875
2023-07-12 21:56:24.907962 - Epoc #	5880	 16.703608989715576
2023-07-12 21:56:41.454833 - Epoc #	5890	 16.546870946884155
2023-07-12 21:56:57.876713 - Epoc #	5900	 16.42188000679016
2023-07-12 21:57:14.549039 - Epoc #	5910	 16.67232584953308
2023-07-12 21:57:30.892895 - Epoc #	5920	 16.3438560962677
2023-07-12 21:57:47.767921 - Epoc #	5930	 16.875025987625122
2023-07-12 21:58:04.502303 - Epoc #	5940	 16.734381914138794
2023-07-12 21:58:21.252296 - Epoc #	5950	 16.749993085861206
2023-07-12 21:58:37.908543 - Epoc #	5960	 16.65624713897705
2023-07-12 21:58:54.143743 - Epoc #	5970	 16.23519992828369
2023-07-12 21:59:10.581268 - Epoc #	5980	 16.437525033950806
2023-07-12 21:59:27.350091 - Epoc #	5990	 16.76882290840149
2023-07-12 21:59:44.341804 - Epoc #	6000	 16.991713047027588
2023-07-12 22:00:00.827013 - Epoc #	6010	 16.485208988189697
2023-07-12 22:00:17.997057 - Epoc #	6020	 17.1700439453125
2023-07-12 22:00:35.015324 - Epoc #	6030	 17.018267154693604
2023-07-12 22:00:51.752476 - Epoc #	6040	 16.737151861190796
2023-07-12 22:01:08.768563 - Epoc #	6050	 17.0160870552063
2023-07-12 22:01:25.770349 - Epoc #	6060	 17.00178599357605
2023-07-12 22:01:42.629725 - Epoc #	6070	 16.859375953674316
2023-07-12 22:01:58.954493 - Epoc #	6080	 16.32476806640625
2023-07-12 22:02:16.019725 - Epoc #	6090	 17.065232038497925
2023-07-12 22:02:32.816621 - Epoc #	6100	 16.79689598083496
2023-07-12 22:02:50.080459 - Epoc #	6110	 17.263838052749634
2023-07-12 22:03:06.416383 - Epoc #	6120	 16.33592391014099
2023-07-12 22:03:23.338165 - Epoc #	6130	 16.92178201675415
2023-07-12 22:03:40.018005 - Epoc #	6140	 16.679839849472046
2023-07-12 22:03:56.440321 - Epoc #	6150	 16.422316074371338
2023-07-12 22:04:13.080874 - Epoc #	6160	 16.64055299758911
2023-07-12 22:04:29.846572 - Epoc #	6170	 16.765697956085205
2023-07-12 22:04:46.253844 - Epoc #	6180	 16.40727210044861
2023-07-12 22:05:02.925724 - Epoc #	6190	 16.67188000679016
2023-07-12 22:05:20.053698 - Epoc #	6200	 17.127974033355713
2023-07-12 22:05:37.440795 - Epoc #	6210	 17.387096881866455
2023-07-12 22:05:54.273014 - Epoc #	6220	 16.832219123840332
2023-07-12 22:06:10.810046 - Epoc #	6230	 16.537031888961792
2023-07-12 22:06:27.203362 - Epoc #	6240	 16.39331603050232
2023-07-12 22:06:43.704542 - Epoc #	6250	 16.501179933547974
2023-07-12 22:07:00.084581 - Epoc #	6260	 16.38003897666931
2023-07-12 22:07:16.135056 - Epoc #	6270	 16.050475120544434
2023-07-12 22:07:32.994478 - Epoc #	6280	 16.859421968460083
2023-07-12 22:07:49.603853 - Epoc #	6290	 16.609375
2023-07-12 22:08:06.588219 - Epoc #	6300	 16.984365940093994
2023-07-12 22:08:23.463207 - Epoc #	6310	 16.874988079071045
2023-07-12 22:08:39.478840 - Epoc #	6320	 16.01563310623169
2023-07-12 22:08:56.494452 - Epoc #	6330	 17.01561188697815
2023-07-12 22:09:12.510088 - Epoc #	6340	 16.01563596725464
2023-07-12 22:09:29.619900 - Epoc #	6350	 17.109812021255493
2023-07-12 22:09:46.619899 - Epoc #	6360	 16.999999046325684
2023-07-12 22:10:03.479268 - Epoc #	6370	 16.859369039535522
2023-07-12 22:10:20.416777 - Epoc #	6380	 16.937508821487427
2023-07-12 22:10:37.385523 - Epoc #	6390	 16.968746185302734
2023-07-12 22:10:39.229201 - Time between reward step: #	7707.566781997681
2023-07-12 22:10:39.229201 - Average Score: 24.00 Elapsed time: 2:08:28.925843
2023-07-12 22:10:42.791772 - Time between reward step: #	7711.129352807999
2023-07-12 22:10:42.807400 - Average Score: 25.00 Elapsed time: 2:08:32.488820
2023-07-12 22:10:49.541772 - Time between reward step: #	7717.879352807999
2023-07-12 22:10:49.541772 - Average Score: 26.00 Elapsed time: 2:08:39.233363
2023-07-12 22:10:54.354276 - Epoc #	6400	 16.96875286102295
2023-07-12 22:10:57.994899 - Time between reward step: #	7726.332479953766
2023-07-12 22:10:57.994899 - Average Score: 27.00 Elapsed time: 2:08:47.677656
2023-07-12 22:10:59.807318 - Time between reward step: #	7728.144898891449
2023-07-12 22:10:59.807318 - Average Score: 28.00 Elapsed time: 2:08:49.501227
2023-07-12 22:11:11.917486 - Epoc #	6410	 17.563210010528564
2023-07-12 22:11:16.933035 - Time between reward step: #	7745.270615816116
2023-07-12 22:11:16.933035 - Average Score: 29.00 Elapsed time: 2:09:06.626811
2023-07-12 22:11:28.558076 - Epoc #	6420	 16.640589952468872
2023-07-12 22:11:30.308035 - Time between reward step: #	7758.645615816116
2023-07-12 22:11:30.308035 - Average Score: 30.00 Elapsed time: 2:09:19.992952
2023-07-12 22:11:46.511652 - Epoc #	6430	 17.95357608795166
2023-07-12 22:11:53.356008 - Time between reward step: #	7781.693588972092
2023-07-12 22:11:53.356008 - Average Score: 31.00 Elapsed time: 2:09:43.051525
2023-07-12 22:11:55.168497 - Time between reward step: #	7783.506078004837
2023-07-12 22:11:55.168497 - Average Score: 32.00 Elapsed time: 2:09:44.854584
2023-07-12 22:11:56.871551 - Time between reward step: #	7785.2091319561005
2023-07-12 22:11:56.871551 - Average Score: 33.00 Elapsed time: 2:09:46.565114
2023-07-12 22:12:03.605929 - Epoc #	6440	 17.094276905059814
2023-07-12 22:12:19.851444 - Epoc #	6450	 16.24551510810852
2023-07-12 22:12:28.588106 - Time between reward step: #	7816.925686836243
2023-07-12 22:12:28.588106 - Average Score: 34.00 Elapsed time: 2:10:18.284323
2023-07-12 22:12:37.166857 - Epoc #	6460	 17.315412998199463
2023-07-12 22:12:44.012311 - Time between reward step: #	7832.349891901016
2023-07-12 22:12:44.012311 - Average Score: 35.00 Elapsed time: 2:10:33.707417
2023-07-12 22:12:54.216249 - Epoc #	6470	 17.049391984939575
2023-07-12 22:13:10.560661 - Epoc #	6480	 16.344412088394165
2023-07-12 22:13:26.953995 - Epoc #	6490	 16.393333911895752
2023-07-12 22:13:43.235308 - Epoc #	6500	 16.281312942504883
2023-07-12 22:14:00.266528 - Epoc #	6510	 17.031219959259033
2023-07-12 22:14:17.032591 - Epoc #	6520	 16.76606321334839
2023-07-12 22:14:33.860706 - Epoc #	6530	 16.828114986419678
2023-07-12 22:14:50.235710 - Epoc #	6540	 16.375003814697266
2023-07-12 22:15:06.954464 - Epoc #	6550	 16.718754053115845
2023-07-12 22:15:24.001252 - Epoc #	6560	 17.046787977218628
2023-07-12 22:15:41.141881 - Epoc #	6570	 17.140629053115845
2023-07-12 22:15:58.282565 - Epoc #	6580	 17.140684127807617
2023-07-12 22:16:14.626852 - Epoc #	6590	 16.344286918640137
2023-07-12 22:16:31.361266 - Epoc #	6600	 16.734413862228394
2023-07-12 22:16:48.455228 - Epoc #	6610	 17.0939621925354
2023-07-12 22:17:05.033347 - Epoc #	6620	 16.578118801116943
2023-07-12 22:17:22.142683 - Epoc #	6630	 17.109336137771606
2023-07-12 22:17:39.833034 - Epoc #	6640	 17.690351009368896
2023-07-12 22:17:56.754908 - Epoc #	6650	 16.921874046325684
2023-07-12 22:18:13.847886 - Epoc #	6660	 17.09297800064087
2023-07-12 22:18:32.606380 - Epoc #	6670	 18.758493900299072
2023-07-12 22:18:51.029094 - Epoc #	6680	 18.42271399497986
2023-07-12 22:19:07.591666 - Epoc #	6690	 16.56257200241089
2023-07-12 22:19:23.967168 - Epoc #	6700	 16.375502109527588
2023-07-12 22:19:40.998519 - Epoc #	6710	 17.03135085105896
2023-07-12 22:19:57.843068 - Epoc #	6720	 16.84454894065857
2023-07-12 22:20:14.375104 - Epoc #	6730	 16.532036066055298
2023-07-12 22:20:30.877321 - Epoc #	6740	 16.502217054367065
2023-07-12 22:20:48.162630 - Epoc #	6750	 17.285309076309204
2023-07-12 22:21:05.180745 - Epoc #	6760	 17.018114805221558
2023-07-12 22:21:22.493517 - Epoc #	6770	 17.312772035598755
2023-07-12 22:21:39.322835 - Epoc #	6780	 16.829318046569824
2023-07-12 22:21:56.338453 - Epoc #	6790	 17.015618085861206
2023-07-12 22:22:13.744784 - Epoc #	6800	 17.406331062316895
2023-07-12 22:22:30.229128 - Epoc #	6810	 16.484343767166138
2023-07-12 22:22:47.260402 - Epoc #	6820	 17.03127408027649
2023-07-12 22:23:04.124153 - Epoc #	6830	 16.86375093460083
2023-07-12 22:23:20.988727 - Epoc #	6840	 16.864574193954468
2023-07-12 22:23:37.951459 - Epoc #	6850	 16.96273183822632
2023-07-12 22:23:55.076722 - Epoc #	6860	 17.12526297569275
2023-07-12 22:24:11.839516 - Epoc #	6870	 16.762794017791748
2023-07-12 22:24:29.011396 - Epoc #	6880	 17.17188000679016
2023-07-12 22:24:44.839599 - Epoc #	6890	 15.828202962875366
2023-07-12 22:25:01.918364 - Epoc #	6900	 17.078765153884888
2023-07-12 22:25:18.753404 - Epoc #	6910	 16.835039854049683
2023-07-12 22:25:35.788950 - Epoc #	6920	 17.03554606437683
2023-07-12 22:25:51.919369 - Epoc #	6930	 16.1304190158844
2023-07-12 22:26:09.473414 - Epoc #	6940	 17.55404496192932
2023-07-12 22:26:26.241717 - Epoc #	6950	 16.768303155899048
2023-07-12 22:26:42.633302 - Epoc #	6960	 16.391584873199463
2023-07-12 22:26:59.604964 - Epoc #	6970	 16.971662044525146
2023-07-12 22:27:16.608528 - Epoc #	6980	 17.00356388092041
2023-07-12 22:27:33.721503 - Epoc #	6990	 17.112975120544434
2023-07-12 22:27:51.034318 - Epoc #	7000	 17.312814950942993
2023-07-12 22:28:08.504324 - Epoc #	7010	 17.470005989074707
2023-07-12 22:28:24.505465 - Epoc #	7020	 16.00114107131958
2023-07-12 22:28:41.523860 - Epoc #	7030	 17.018394947052002
2023-07-12 22:28:58.306807 - Epoc #	7040	 16.782947063446045
2023-07-12 22:29:14.918948 - Epoc #	7050	 16.612140893936157
2023-07-12 22:29:31.812348 - Epoc #	7060	 16.893399953842163
2023-07-12 22:29:48.517777 - Epoc #	7070	 16.705429077148438
2023-07-12 22:30:05.363483 - Epoc #	7080	 16.84570598602295
2023-07-12 22:30:21.741765 - Epoc #	7090	 16.378282070159912
2023-07-12 22:30:38.747831 - Epoc #	7100	 17.00606608390808
2023-07-12 22:30:55.454409 - Epoc #	7110	 16.70657777786255
2023-07-12 22:31:12.196969 - Epoc #	7120	 16.742560148239136
2023-07-12 22:31:28.748132 - Epoc #	7130	 16.55116295814514
2023-07-12 22:31:45.142721 - Epoc #	7140	 16.394588947296143
2023-07-12 22:32:01.814523 - Epoc #	7150	 16.671802043914795
2023-07-12 22:32:18.470783 - Epoc #	7160	 16.656260013580322
2023-07-12 22:32:35.549364 - Epoc #	7170	 17.07858109474182
2023-07-12 22:32:53.862712 - Epoc #	7180	 18.313347816467285
2023-07-12 22:33:10.600984 - Epoc #	7190	 16.738272190093994
2023-07-12 22:33:27.246539 - Epoc #	7200	 16.645555019378662
2023-07-12 22:33:44.545814 - Epoc #	7210	 17.299274921417236
2023-07-12 22:34:00.893545 - Epoc #	7220	 16.34773087501526
2023-07-12 22:34:18.478271 - Epoc #	7230	 17.584726095199585
2023-07-12 22:34:35.388257 - Epoc #	7240	 16.90998601913452
2023-07-12 22:34:52.656466 - Epoc #	7250	 17.268208980560303
2023-07-12 22:34:54.516303 - Time between reward step: #	9162.853883981705
2023-07-12 22:34:54.516303 - Average Score: 36.00 Elapsed time: 2:32:44.200062
2023-07-12 22:34:56.407844 - Time between reward step: #	9164.745424985886
2023-07-12 22:34:56.407844 - Average Score: 37.00 Elapsed time: 2:32:46.096565
2023-07-12 22:34:58.205302 - Time between reward step: #	9166.542882919312
2023-07-12 22:34:58.205302 - Average Score: 38.00 Elapsed time: 2:32:47.892989
2023-07-12 22:34:59.971101 - Time between reward step: #	9168.293056964874
2023-07-12 22:34:59.971101 - Average Score: 39.00 Elapsed time: 2:32:49.652508
2023-07-12 22:35:08.505309 - Time between reward step: #	9176.842890024185
2023-07-12 22:35:08.505309 - Average Score: 40.00 Elapsed time: 2:32:58.201717
2023-07-12 22:35:10.318829 - Epoc #	7260	 17.662363052368164
2023-07-12 22:35:17.256589 - Time between reward step: #	9185.594169855118
2023-07-12 22:35:17.256589 - Average Score: 41.00 Elapsed time: 2:33:06.944076
2023-07-12 22:35:26.931592 - Epoc #	7270	 16.612762928009033
2023-07-12 22:35:44.395843 - Epoc #	7280	 17.464251041412354
2023-07-12 22:36:01.209896 - Epoc #	7290	 16.814053058624268
2023-07-12 22:36:16.679307 - Time between reward step: #	9245.016887903214
2023-07-12 22:36:16.679307 - Average Score: 42.00 Elapsed time: 2:34:06.362365
2023-07-12 22:36:18.226117 - Epoc #	7300	 17.016220808029175
2023-07-12 22:36:20.085572 - Time between reward step: #	9248.423152923584
2023-07-12 22:36:20.085572 - Average Score: 43.00 Elapsed time: 2:34:09.779700
2023-07-12 22:36:35.306058 - Epoc #	7310	 17.079941034317017
2023-07-12 22:36:44.150358 - Time between reward step: #	9272.48793888092
2023-07-12 22:36:44.150358 - Average Score: 44.00 Elapsed time: 2:34:33.838074
2023-07-12 22:36:45.947937 - Time between reward step: #	9274.285517930984
2023-07-12 22:36:45.947937 - Average Score: 45.00 Elapsed time: 2:34:35.630258
2023-07-12 22:36:52.761303 - Epoc #	7320	 17.45524501800537
2023-07-12 22:36:56.480303 - Time between reward step: #	9284.817883968353
2023-07-12 22:36:56.480303 - Average Score: 46.00 Elapsed time: 2:34:46.167062
2023-07-12 22:37:10.389173 - Epoc #	7330	 17.627870082855225
2023-07-12 22:37:27.454648 - Epoc #	7340	 17.06547498703003
2023-07-12 22:37:44.039367 - Epoc #	7350	 16.584718942642212
2023-07-12 22:38:01.588488 - Epoc #	7360	 17.549121141433716
2023-07-12 22:38:18.346432 - Epoc #	7370	 16.757943868637085
2023-07-12 22:38:35.133745 - Epoc #	7380	 16.787312984466553
2023-07-12 22:38:51.639348 - Epoc #	7390	 16.505603075027466
2023-07-12 22:39:08.475577 - Epoc #	7400	 16.83622908592224
2023-07-12 22:39:25.637298 - Epoc #	7410	 17.161720991134644
2023-07-12 22:39:42.681781 - Epoc #	7420	 17.044482946395874
2023-07-12 22:39:59.307140 - Epoc #	7430	 16.625359058380127
2023-07-12 22:40:16.573075 - Epoc #	7440	 17.265934944152832
2023-07-12 22:40:33.120514 - Epoc #	7450	 16.547438859939575
2023-07-12 22:40:49.480297 - Epoc #	7460	 16.359783172607422
2023-07-12 22:41:06.153889 - Epoc #	7470	 16.67359185218811
2023-07-12 22:41:22.766716 - Epoc #	7480	 16.61282706260681
2023-07-12 22:41:39.800765 - Epoc #	7490	 17.034049034118652
2023-07-12 22:41:56.818288 - Epoc #	7500	 17.017523050308228
2023-07-12 22:42:13.924482 - Epoc #	7510	 17.106194019317627
2023-07-12 22:42:31.523826 - Epoc #	7520	 17.59934377670288
2023-07-12 22:42:48.075329 - Epoc #	7530	 16.55150318145752
2023-07-12 22:43:04.970418 - Epoc #	7540	 16.89508891105652
2023-07-12 22:43:21.802443 - Epoc #	7550	 16.832025051116943
2023-07-12 22:43:38.870152 - Epoc #	7560	 17.06770896911621
2023-07-12 22:43:56.079368 - Epoc #	7570	 17.209216117858887
2023-07-12 22:44:13.113134 - Epoc #	7580	 17.03376579284668
2023-07-12 22:44:30.022120 - Epoc #	7590	 16.90898609161377
2023-07-12 22:44:47.166929 - Epoc #	7600	 17.144809007644653
2023-07-12 22:45:04.326759 - Epoc #	7610	 17.15983009338379
2023-07-12 22:45:21.344403 - Epoc #	7620	 17.017643928527832
2023-07-12 22:45:37.817430 - Epoc #	7630	 16.473026990890503
2023-07-12 22:45:55.117000 - Epoc #	7640	 17.299570083618164
2023-07-12 22:46:12.338450 - Epoc #	7650	 17.221449851989746
2023-07-12 22:46:28.561653 - Epoc #	7660	 16.22320294380188
2023-07-12 22:46:45.563452 - Epoc #	7670	 17.0017991065979
2023-07-12 22:47:02.615943 - Epoc #	7680	 17.052490949630737
2023-07-12 22:47:19.269056 - Epoc #	7690	 16.65311312675476
2023-07-12 22:47:35.407916 - Epoc #	7700	 16.13885998725891
2023-07-12 22:47:52.611039 - Epoc #	7710	 17.203122854232788
2023-07-12 22:48:09.611560 - Epoc #	7720	 17.000521183013916
2023-07-12 22:48:26.574538 - Epoc #	7730	 16.96297788619995
2023-07-12 22:48:43.871690 - Epoc #	7740	 17.297152042388916
2023-07-12 22:49:01.152937 - Epoc #	7750	 17.28124690055847
2023-07-12 22:49:18.422520 - Epoc #	7760	 17.269582986831665
2023-07-12 22:49:35.756389 - Epoc #	7770	 17.333868980407715
2023-07-12 22:49:52.666307 - Epoc #	7780	 16.909918069839478
2023-07-12 22:50:09.873894 - Epoc #	7790	 17.207587003707886
2023-07-12 22:50:27.518226 - Epoc #	7800	 17.64433193206787
2023-07-12 22:50:44.407131 - Epoc #	7810	 16.88890504837036
2023-07-12 22:51:01.769452 - Epoc #	7820	 17.362321138381958
2023-07-12 22:51:18.599644 - Epoc #	7830	 16.83019185066223
2023-07-12 22:51:35.838243 - Epoc #	7840	 17.238599061965942
2023-07-12 22:51:52.778289 - Epoc #	7850	 16.940046072006226
2023-07-12 22:52:10.327133 - Epoc #	7860	 17.54884386062622
2023-07-12 22:52:27.657977 - Epoc #	7870	 17.330844163894653
2023-07-12 22:52:44.707359 - Epoc #	7880	 17.049381971359253
2023-07-12 22:53:02.427620 - Epoc #	7890	 17.720260858535767
2023-07-12 22:53:20.549036 - Epoc #	7900	 18.121416091918945
2023-07-12 22:53:37.380685 - Epoc #	7910	 16.8316490650177
2023-07-12 22:53:53.852980 - Epoc #	7920	 16.472294807434082
2023-07-12 22:54:11.289847 - Epoc #	7930	 17.436866998672485
2023-07-12 22:54:28.716046 - Epoc #	7940	 17.426199197769165
2023-07-12 22:54:45.457107 - Epoc #	7950	 16.741060972213745
2023-07-12 22:55:02.320843 - Epoc #	7960	 16.863735914230347
2023-07-12 22:55:19.083359 - Epoc #	7970	 16.762516021728516
2023-07-12 22:55:36.313205 - Epoc #	7980	 17.229846000671387
2023-07-12 22:55:53.172680 - Epoc #	7990	 16.859474897384644
2023-07-12 22:56:11.313718 - Epoc #	8000	 18.141038179397583
2023-07-12 22:56:28.173083 - Epoc #	8010	 16.859364986419678
2023-07-12 22:56:45.189173 - Epoc #	8020	 17.016089916229248
2023-07-12 22:57:02.064161 - Epoc #	8030	 16.874988079071045
2023-07-12 22:57:19.649273 - Epoc #	8040	 17.58511185646057
2023-07-12 22:57:36.997909 - Epoc #	8050	 17.348636150360107
2023-07-12 22:57:54.173564 - Epoc #	8060	 17.175654888153076
2023-07-12 22:58:11.319047 - Epoc #	8070	 17.145483016967773
2023-07-12 22:58:28.961925 - Epoc #	8080	 17.64287805557251
2023-07-12 22:58:45.996274 - Epoc #	8090	 17.034348964691162
2023-07-12 22:59:01.455816 - Time between reward step: #	10609.793396949768
2023-07-12 22:59:01.455816 - Average Score: 47.00 Elapsed time: 2:56:51.151957
2023-07-12 22:59:03.221444 - Epoc #	8100	 17.225169897079468
2023-07-12 22:59:04.941197 - Time between reward step: #	10613.278777837753
2023-07-12 22:59:04.956745 - Average Score: 48.00 Elapsed time: 2:56:54.638170
2023-07-12 22:59:13.786475 - Time between reward step: #	10622.124055862427
2023-07-12 22:59:13.786475 - Average Score: 49.00 Elapsed time: 2:57:03.476125
2023-07-12 22:59:19.116760 - Time between reward step: #	10627.454340934753
2023-07-12 22:59:19.116760 - Average Score: 50.00 Elapsed time: 2:57:08.804895
2023-07-12 22:59:20.694890 - Epoc #	8110	 17.473446130752563
2023-07-12 22:59:37.385428 - Epoc #	8120	 16.690537929534912
2023-07-12 22:59:53.800302 - Epoc #	8130	 16.41487407684326
2023-07-12 23:00:11.614263 - Epoc #	8140	 17.813961029052734
2023-07-12 23:00:28.695718 - Epoc #	8150	 17.08145499229431
2023-07-12 23:00:46.166057 - Epoc #	8160	 17.470339059829712
2023-07-12 23:01:02.590745 - Epoc #	8170	 16.42468786239624
2023-07-12 23:01:19.389496 - Epoc #	8180	 16.79875111579895
2023-07-12 23:01:36.940754 - Epoc #	8190	 17.551257848739624
2023-07-12 23:01:53.770750 - Epoc #	8200	 16.82999610900879
2023-07-12 23:02:10.358084 - Epoc #	8210	 16.587333917617798
2023-07-12 23:02:27.937722 - Epoc #	8220	 17.57963800430298
2023-07-12 23:02:45.002511 - Epoc #	8230	 17.064789056777954
2023-07-12 23:03:02.268704 - Epoc #	8240	 17.26619291305542
2023-07-12 23:03:18.926463 - Epoc #	8250	 16.657758951187134
2023-07-12 23:03:36.164012 - Epoc #	8260	 17.23754906654358
2023-07-12 23:03:53.585906 - Epoc #	8270	 17.421894073486328
2023-07-12 23:04:10.851551 - Epoc #	8280	 17.265645027160645
2023-07-12 23:04:27.679677 - Epoc #	8290	 16.828125953674316
2023-07-12 23:04:44.711124 - Epoc #	8300	 17.031446933746338
2023-07-12 23:05:02.211500 - Epoc #	8310	 17.500375986099243
2023-07-12 23:05:19.414933 - Epoc #	8320	 17.2034330368042
2023-07-12 23:05:31.711795 - Time between reward step: #	11000.049376010895
2023-07-12 23:05:31.711795 - Average Score: 51.00 Elapsed time: 3:03:21.407314
2023-07-12 23:05:37.051711 - Epoc #	8330	 17.636778116226196
2023-07-12 23:05:53.802456 - Epoc #	8340	 16.750744819641113
2023-07-12 23:06:10.568144 - Epoc #	8350	 16.765688180923462
2023-07-12 23:06:27.913894 - Epoc #	8360	 17.345749855041504
2023-07-12 23:06:45.742983 - Epoc #	8370	 17.829089164733887
2023-07-12 23:06:56.430497 - Time between reward step: #	11084.768077850342
2023-07-12 23:06:56.430497 - Average Score: 52.00 Elapsed time: 3:04:46.125016
2023-07-12 23:07:03.196309 - Epoc #	8380	 17.453325986862183
2023-07-12 23:07:10.086941 - Time between reward step: #	11098.424521923065
2023-07-12 23:07:10.086941 - Average Score: 53.00 Elapsed time: 3:04:59.771481
2023-07-12 23:07:20.399665 - Epoc #	8390	 17.20335602760315
2023-07-12 23:07:37.415714 - Epoc #	8400	 17.016048908233643
2023-07-12 23:07:55.135137 - Epoc #	8410	 17.719423055648804
2023-07-12 23:08:11.994959 - Epoc #	8420	 16.859822034835815
2023-07-12 23:08:29.057593 - Epoc #	8430	 17.062633991241455
2023-07-12 23:08:45.699590 - Epoc #	8440	 16.64199686050415
2023-07-12 23:09:02.684992 - Epoc #	8450	 16.98540210723877
2023-07-12 23:09:19.108113 - Epoc #	8460	 16.423120975494385
2023-07-12 23:09:36.436732 - Epoc #	8470	 17.3286190032959
2023-07-12 23:09:53.625161 - Epoc #	8480	 17.18842887878418
2023-07-12 23:10:10.578585 - Epoc #	8490	 16.953423976898193
2023-07-12 23:10:27.736160 - Epoc #	8500	 17.157575130462646
2023-07-12 23:10:44.392646 - Epoc #	8510	 16.65648603439331
2023-07-12 23:11:01.378229 - Epoc #	8520	 16.98558282852173
2023-07-12 23:11:18.097339 - Epoc #	8530	 16.719110012054443
2023-07-12 23:11:35.083207 - Epoc #	8540	 16.985867977142334
2023-07-12 23:11:52.303033 - Epoc #	8550	 17.219826221466064
2023-07-12 23:12:09.740542 - Epoc #	8560	 17.437508821487427
2023-07-12 23:12:26.753364 - Epoc #	8570	 17.012822151184082
2023-07-12 23:12:43.956486 - Epoc #	8580	 17.20312190055847
2023-07-12 23:13:01.050249 - Epoc #	8590	 17.09376311302185
2023-07-12 23:13:18.565864 - Epoc #	8600	 17.515614986419678
2023-07-12 23:13:35.868979 - Epoc #	8610	 17.303114891052246
2023-07-12 23:13:52.838216 - Epoc #	8620	 16.969237089157104
2023-07-12 23:14:10.025758 - Epoc #	8630	 17.187541961669922
2023-07-12 23:14:27.807201 - Epoc #	8640	 17.781442880630493
2023-07-12 23:14:45.061788 - Epoc #	8650	 17.254587173461914
2023-07-12 23:15:01.968022 - Epoc #	8660	 16.9062340259552
2023-07-12 23:15:18.890046 - Epoc #	8670	 16.92202377319336
2023-07-12 23:15:36.030596 - Epoc #	8680	 17.140550136566162
2023-07-12 23:15:52.468847 - Epoc #	8690	 16.43825101852417
2023-07-12 23:16:09.657013 - Epoc #	8700	 17.18816590309143
2023-07-12 23:16:26.392000 - Epoc #	8710	 16.734987020492554
2023-07-12 23:16:43.627195 - Epoc #	8720	 17.23519492149353
2023-07-12 23:17:00.471776 - Epoc #	8730	 16.844581127166748
2023-07-12 23:17:17.300239 - Epoc #	8740	 16.828463077545166
2023-07-12 23:17:34.629636 - Epoc #	8750	 17.329396963119507
2023-07-12 23:17:51.302349 - Epoc #	8760	 16.672713041305542
2023-07-12 23:18:08.490989 - Epoc #	8770	 17.188639879226685
2023-07-12 23:18:25.709738 - Epoc #	8780	 17.218749046325684
2023-07-12 23:18:42.350993 - Epoc #	8790	 16.641254901885986
2023-07-12 23:18:59.618122 - Epoc #	8800	 17.26712918281555
2023-07-12 23:19:16.762588 - Epoc #	8810	 17.144465923309326
2023-07-12 23:19:34.248189 - Epoc #	8820	 17.48560094833374
2023-07-12 23:19:51.733098 - Epoc #	8830	 17.484909057617188
2023-07-12 23:20:09.733761 - Epoc #	8840	 18.00066304206848
2023-07-12 23:20:26.437813 - Epoc #	8850	 16.704051971435547
2023-07-12 23:20:43.385430 - Epoc #	8860	 16.947617053985596
2023-07-12 23:21:00.182535 - Epoc #	8870	 16.797104835510254
2023-07-12 23:21:17.541752 - Epoc #	8880	 17.359217166900635
2023-07-12 23:21:35.213620 - Epoc #	8890	 17.671867847442627
2023-07-12 23:21:51.994868 - Epoc #	8900	 16.781248092651367
2023-07-12 23:22:09.557371 - Epoc #	8910	 17.56250286102295
2023-07-12 23:22:27.088631 - Epoc #	8920	 17.531260013580322
2023-07-12 23:22:39.229255 - Time between reward step: #	12027.56683588028
2023-07-12 23:22:39.229255 - Average Score: 54.00 Elapsed time: 3:20:28.923007
2023-07-12 23:22:42.869873 - Time between reward step: #	12031.20745396614
2023-07-12 23:22:42.869873 - Average Score: 55.00 Elapsed time: 3:20:32.554527
2023-07-12 23:22:44.557303 - Epoc #	8930	 17.468672037124634
2023-07-12 23:23:01.744871 - Epoc #	8940	 17.187567949295044
2023-07-12 23:23:18.932749 - Epoc #	8950	 17.187878131866455
2023-07-12 23:23:36.433260 - Epoc #	8960	 17.500510931015015
2023-07-12 23:23:53.011789 - Epoc #	8970	 16.578529119491577
2023-07-12 23:24:10.433099 - Epoc #	8980	 17.42130994796753
2023-07-12 23:24:27.304170 - Epoc #	8990	 16.871070861816406
2023-07-12 23:24:44.039729 - Epoc #	9000	 16.735559225082397
2023-07-12 23:25:01.134317 - Epoc #	9010	 17.094587802886963
2023-07-12 23:25:18.370371 - Epoc #	9020	 17.236054182052612
2023-07-12 23:25:34.983503 - Epoc #	9030	 16.613131999969482
2023-07-12 23:25:52.266564 - Epoc #	9040	 17.283060789108276
2023-07-12 23:26:08.673633 - Epoc #	9050	 16.407069206237793
2023-07-12 23:26:26.800099 - Epoc #	9060	 18.126465797424316
2023-07-12 23:26:44.301083 - Epoc #	9070	 17.50098419189453
2023-07-12 23:27:01.444514 - Epoc #	9080	 17.143430948257446
2023-07-12 23:27:18.695863 - Epoc #	9090	 17.251348972320557
2023-07-12 23:27:35.883750 - Epoc #	9100	 17.187886953353882
2023-07-12 23:27:52.149378 - Epoc #	9110	 16.26562809944153
2023-07-12 23:28:09.055614 - Epoc #	9120	 16.906235933303833
2023-07-12 23:28:26.524506 - Epoc #	9130	 17.468892097473145
2023-07-12 23:28:43.133889 - Epoc #	9140	 16.60938286781311
2023-07-12 23:29:00.181137 - Epoc #	9150	 17.047248125076294
2023-07-12 23:29:18.118657 - Epoc #	9160	 17.937520027160645
2023-07-12 23:29:34.884298 - Epoc #	9170	 16.7656409740448
2023-07-12 23:29:51.993692 - Epoc #	9180	 17.10939383506775
2023-07-12 23:30:08.900273 - Epoc #	9190	 16.906581163406372
2023-07-12 23:30:25.944651 - Epoc #	9200	 17.04437780380249
2023-07-12 23:30:43.194841 - Epoc #	9210	 17.250190019607544
2023-07-12 23:30:59.991637 - Epoc #	9220	 16.796796083450317
2023-07-12 23:31:17.272939 - Epoc #	9230	 17.281301975250244
2023-07-12 23:31:34.413590 - Epoc #	9240	 17.140650987625122
2023-07-12 23:31:51.413587 - Epoc #	9250	 16.99999713897705
2023-07-12 23:32:08.554799 - Epoc #	9260	 17.141211986541748
2023-07-12 23:32:25.134494 - Epoc #	9270	 16.579694986343384
2023-07-12 23:32:41.963270 - Epoc #	9280	 16.828775882720947
2023-07-12 23:32:59.198459 - Epoc #	9290	 17.235188961029053
2023-07-12 23:33:15.652464 - Epoc #	9300	 16.454005002975464
2023-07-12 23:33:33.217050 - Epoc #	9310	 17.56458616256714
2023-07-12 23:33:50.109211 - Epoc #	9320	 16.892160892486572
2023-07-12 23:34:07.532662 - Epoc #	9330	 17.42345094680786
2023-07-12 23:34:24.895177 - Epoc #	9340	 17.362514972686768
2023-07-12 23:34:42.223758 - Epoc #	9350	 17.32858109474182
2023-07-12 23:34:58.895670 - Epoc #	9360	 16.67191195487976
2023-07-12 23:35:15.880426 - Epoc #	9370	 16.984755992889404
2023-07-12 23:35:33.241660 - Epoc #	9380	 17.361234188079834
2023-07-12 23:35:50.820232 - Epoc #	9390	 17.578571796417236
2023-07-12 23:36:08.226477 - Epoc #	9400	 17.40624499320984
2023-07-12 23:36:26.226920 - Epoc #	9410	 18.00044298171997
2023-07-12 23:36:43.117545 - Epoc #	9420	 16.890625
2023-07-12 23:37:00.336264 - Epoc #	9430	 17.218719005584717
2023-07-12 23:37:17.601917 - Epoc #	9440	 17.265653133392334
2023-07-12 23:37:34.196356 - Epoc #	9450	 16.594439029693604
2023-07-12 23:37:51.508834 - Epoc #	9460	 17.312477827072144
2023-07-12 23:38:09.180750 - Epoc #	9470	 17.671916007995605
2023-07-12 23:38:26.774465 - Epoc #	9480	 17.59371519088745
2023-07-12 23:38:28.743345 - Time between reward step: #	12977.080925941467
2023-07-12 23:38:28.743345 - Average Score: 56.00 Elapsed time: 3:36:18.429902
2023-07-12 23:38:34.103108 - Time between reward step: #	12982.440688848495
2023-07-12 23:38:34.103108 - Average Score: 57.00 Elapsed time: 3:36:23.789354
2023-07-12 23:38:44.618646 - Epoc #	9490	 17.844180822372437
2023-07-12 23:39:02.400365 - Epoc #	9500	 17.781719207763672
2023-07-12 23:39:19.040986 - Epoc #	9510	 16.640620946884155
2023-07-12 23:39:35.962859 - Epoc #	9520	 16.921872854232788
2023-07-12 23:39:53.197169 - Epoc #	9530	 17.234310150146484
2023-07-12 23:40:10.462870 - Epoc #	9540	 17.265700817108154
2023-07-12 23:40:27.072568 - Epoc #	9550	 16.609698057174683
2023-07-12 23:40:43.900888 - Epoc #	9560	 16.828320026397705
2023-07-12 23:41:01.495140 - Epoc #	9570	 17.594252109527588
2023-07-12 23:41:18.667087 - Epoc #	9580	 17.17194700241089
2023-07-12 23:41:36.043018 - Epoc #	9590	 17.37593102455139
2023-07-12 23:41:53.027390 - Epoc #	9600	 16.98437190055847
2023-07-12 23:42:10.793011 - Epoc #	9610	 17.765620946884155
2023-07-12 23:42:27.554780 - Epoc #	9620	 16.76176905632019
2023-07-12 23:42:45.711049 - Epoc #	9630	 18.156269073486328
2023-07-12 23:43:03.070405 - Epoc #	9640	 17.359355926513672
2023-07-12 23:43:20.789158 - Epoc #	9650	 17.71875309944153
2023-07-12 23:43:24.539156 - Time between reward step: #	13272.876736879349
2023-07-12 23:43:24.539156 - Average Score: 58.00 Elapsed time: 3:41:14.221017
2023-07-12 23:43:29.727123 - Time between reward step: #	13278.064703941345
2023-07-12 23:43:29.727123 - Average Score: 59.00 Elapsed time: 3:41:19.419241
2023-07-12 23:43:36.695885 - Time between reward step: #	13285.033465862274
2023-07-12 23:43:36.695885 - Average Score: 60.00 Elapsed time: 3:41:26.381205
2023-07-12 23:43:38.305248 - Epoc #	9660	 17.516089916229248
2023-07-12 23:43:55.946940 - Epoc #	9670	 17.64169192314148
2023-07-12 23:44:12.759448 - Epoc #	9680	 16.81250810623169
2023-07-12 23:44:23.118810 - Time between reward step: #	13331.456390857697
2023-07-12 23:44:23.118810 - Average Score: 61.00 Elapsed time: 3:42:12.800857
2023-07-12 23:44:30.040702 - Epoc #	9690	 17.281254053115845
2023-07-12 23:44:47.415613 - Epoc #	9700	 17.374910831451416
2023-07-12 23:45:04.806307 - Epoc #	9710	 17.39069414138794
2023-07-12 23:45:22.181383 - Epoc #	9720	 17.375075817108154
2023-07-12 23:45:39.134787 - Epoc #	9730	 16.953404188156128
2023-07-12 23:45:56.041028 - Epoc #	9740	 16.906240940093994
2023-07-12 23:46:13.822278 - Epoc #	9750	 17.78125
2023-07-12 23:46:30.619152 - Epoc #	9760	 16.796874046325684
2023-07-12 23:46:48.197791 - Epoc #	9770	 17.578639030456543
2023-07-12 23:47:06.059642 - Epoc #	9780	 17.86185097694397
2023-07-12 23:47:23.075251 - Epoc #	9790	 17.0156090259552
2023-07-12 23:47:39.794517 - Epoc #	9800	 16.719265937805176
2023-07-12 23:47:57.091813 - Epoc #	9810	 17.297296047210693
2023-07-12 23:48:14.672105 - Epoc #	9820	 17.580291986465454
2023-07-12 23:48:32.456222 - Epoc #	9830	 17.784116983413696
2023-07-12 23:48:49.380482 - Epoc #	9840	 16.924259901046753
2023-07-12 23:49:06.259014 - Epoc #	9850	 16.87853193283081
2023-07-12 23:49:23.182493 - Epoc #	9860	 16.923479080200195
2023-07-12 23:49:40.621174 - Epoc #	9870	 17.43868112564087
2023-07-12 23:49:58.230546 - Epoc #	9880	 17.60937190055847
2023-07-12 23:50:15.730623 - Epoc #	9890	 17.50007700920105
2023-07-12 23:50:33.000037 - Epoc #	9900	 17.269413948059082
2023-07-12 23:50:50.015894 - Epoc #	9910	 17.015856981277466
2023-07-12 23:51:07.297110 - Epoc #	9920	 17.281216144561768
2023-07-12 23:51:24.547137 - Epoc #	9930	 17.25002694129944
2023-07-12 23:51:41.312761 - Epoc #	9940	 16.765624046325684
2023-07-12 23:51:58.140860 - Epoc #	9950	 16.828099012374878
2023-07-12 23:52:15.312685 - Epoc #	9960	 17.17182493209839
2023-07-12 23:52:32.609762 - Epoc #	9970	 17.2970769405365
2023-07-12 23:52:49.953869 - Epoc #	9980	 17.344107151031494
2023-07-12 23:53:07.516282 - Epoc #	9990	 17.562412977218628
2023-07-12 23:53:24.625741 - Epoc #	10000	 17.109458923339844
2023-07-12 23:53:42.423210 - Epoc #	10010	 17.797468900680542
2023-07-12 23:53:59.486425 - Epoc #	10020	 17.063215017318726
2023-07-12 23:54:16.761047 - Epoc #	10030	 17.274621963500977
2023-07-12 23:54:33.574256 - Epoc #	10040	 16.813209056854248
2023-07-12 23:54:50.652374 - Epoc #	10050	 17.078118085861206
2023-07-12 23:55:07.605503 - Epoc #	10060	 16.953129053115845
2023-07-12 23:55:25.387325 - Epoc #	10070	 17.781821966171265
2023-07-12 23:55:42.606662 - Epoc #	10080	 17.219336986541748
2023-07-12 23:55:59.935358 - Epoc #	10090	 17.32869601249695
2023-07-12 23:56:17.030333 - Epoc #	10100	 17.094974994659424
2023-07-12 23:56:34.641486 - Epoc #	10110	 17.61115288734436
2023-07-12 23:56:52.081623 - Epoc #	10120	 17.440137147903442
2023-07-12 23:57:09.599790 - Epoc #	10130	 17.51816701889038
2023-07-12 23:57:26.756888 - Epoc #	10140	 17.157097816467285
2023-07-12 23:57:44.164151 - Epoc #	10150	 17.407263040542603
2023-07-12 23:58:01.914158 - Epoc #	10160	 17.750007152557373
2023-07-12 23:58:19.352902 - Epoc #	10170	 17.438743829727173
2023-07-12 23:58:36.884148 - Epoc #	10180	 17.531245946884155
2023-07-12 23:58:54.446657 - Epoc #	10190	 17.562509059906006
2023-07-12 23:59:11.915420 - Epoc #	10200	 17.46876311302185
2023-07-12 23:59:29.446675 - Epoc #	10210	 17.53125500679016
2023-07-12 23:59:46.790361 - Epoc #	10220	 17.34368586540222
2023-07-13 00:00:04.557153 - Epoc #	10230	 17.766792058944702
2023-07-13 00:00:22.372755 - Epoc #	10240	 17.81560206413269
2023-07-13 00:00:39.794580 - Epoc #	10250	 17.42182493209839
2023-07-13 00:00:57.653955 - Epoc #	10260	 17.859375
2023-07-13 00:01:14.810491 - Epoc #	10270	 17.156536102294922
2023-07-13 00:01:32.154164 - Epoc #	10280	 17.34367299079895
2023-07-13 00:01:49.372995 - Epoc #	10290	 17.218830823898315
2023-07-13 00:02:06.976465 - Epoc #	10300	 17.60347008705139
2023-07-13 00:02:24.530471 - Epoc #	10310	 17.554006099700928
2023-07-13 00:02:42.095327 - Epoc #	10320	 17.564855813980103
2023-07-13 00:02:59.580793 - Epoc #	10330	 17.48546600341797
2023-07-13 00:03:16.643748 - Epoc #	10340	 17.062955141067505
2023-07-13 00:03:34.193307 - Epoc #	10350	 17.549558877944946
2023-07-13 00:03:52.646428 - Epoc #	10360	 18.453121185302734
2023-07-13 00:04:09.458923 - Epoc #	10370	 16.81249499320984
2023-07-13 00:04:26.693298 - Epoc #	10380	 17.234375
2023-07-13 00:04:44.037054 - Epoc #	10390	 17.343755960464478
2023-07-13 00:05:01.005801 - Epoc #	10400	 16.96874690055847
2023-07-13 00:05:18.849528 - Epoc #	10410	 17.843727111816406
2023-07-13 00:05:37.565667 - Epoc #	10420	 18.71613883972168
2023-07-13 00:05:55.957653 - Epoc #	10430	 18.39198613166809
2023-07-13 00:06:13.521088 - Epoc #	10440	 17.563434839248657
2023-07-13 00:06:31.036714 - Epoc #	10450	 17.515626192092896
2023-07-13 00:06:48.458591 - Epoc #	10460	 17.421876907348633
2023-07-13 00:07:05.833864 - Epoc #	10470	 17.37527298927307
2023-07-13 00:07:22.898215 - Epoc #	10480	 17.064351081848145
2023-07-13 00:07:40.413840 - Epoc #	10490	 17.515625
2023-07-13 00:07:57.242043 - Epoc #	10500	 16.828202962875366
2023-07-13 00:08:14.805876 - Epoc #	10510	 17.563832998275757
2023-07-13 00:08:33.588563 - Epoc #	10520	 18.782686948776245
2023-07-13 00:08:51.092443 - Epoc #	10530	 17.5038800239563
2023-07-13 00:09:08.704168 - Epoc #	10540	 17.611725091934204
2023-07-13 00:09:26.205581 - Epoc #	10550	 17.501412868499756
2023-07-13 00:09:43.659777 - Epoc #	10560	 17.454195976257324
2023-07-13 00:10:01.488870 - Epoc #	10570	 17.829092979431152
2023-07-13 00:10:19.272093 - Epoc #	10580	 17.783223152160645
2023-07-13 00:10:36.257750 - Epoc #	10590	 16.98565697669983
2023-07-13 00:10:53.712554 - Epoc #	10600	 17.454803943634033
2023-07-13 00:11:11.107168 - Epoc #	10610	 17.39461398124695
2023-07-13 00:11:28.435879 - Epoc #	10620	 17.32871103286743
2023-07-13 00:11:45.655104 - Epoc #	10630	 17.21922492980957
2023-07-13 00:12:02.748827 - Epoc #	10640	 17.09372305870056
2023-07-13 00:12:19.741993 - Epoc #	10650	 16.993165969848633
2023-07-13 00:12:37.289323 - Epoc #	10660	 17.547330141067505
2023-07-13 00:12:54.258063 - Epoc #	10670	 16.968739986419678
2023-07-13 00:13:11.523676 - Epoc #	10680	 17.265612840652466
2023-07-13 00:13:29.290470 - Epoc #	10690	 17.766793966293335
2023-07-13 00:13:47.431099 - Epoc #	10700	 18.140629053115845
2023-07-13 00:14:05.134231 - Epoc #	10710	 17.703132152557373
2023-07-13 00:14:22.619277 - Epoc #	10720	 17.485045909881592
2023-07-13 00:14:40.134963 - Epoc #	10730	 17.51568603515625
2023-07-13 00:14:57.634979 - Epoc #	10740	 17.5000159740448
2023-07-13 00:15:14.994491 - Epoc #	10750	 17.359512090682983
2023-07-13 00:15:31.931926 - Epoc #	10760	 16.937434911727905
2023-07-13 00:15:49.572725 - Epoc #	10770	 17.640799045562744
2023-07-13 00:16:06.854779 - Epoc #	10780	 17.28205394744873
2023-07-13 00:16:24.154836 - Epoc #	10790	 17.30005693435669
2023-07-13 00:16:41.467710 - Epoc #	10800	 17.31287407875061
2023-07-13 00:16:58.515426 - Epoc #	10810	 17.04771590232849
2023-07-13 00:17:15.079664 - Epoc #	10820	 16.56423807144165
2023-07-13 00:17:32.487356 - Epoc #	10830	 17.407691955566406
2023-07-13 00:17:49.971770 - Epoc #	10840	 17.484414100646973
2023-07-13 00:18:07.473294 - Epoc #	10850	 17.501523971557617
2023-07-13 00:18:25.286715 - Epoc #	10860	 17.81342101097107
2023-07-13 00:18:42.647326 - Epoc #	10870	 17.360610961914062
2023-07-13 00:18:59.635539 - Epoc #	10880	 16.988213062286377
2023-07-13 00:19:17.060862 - Epoc #	10890	 17.425323009490967
2023-07-13 00:19:34.686985 - Epoc #	10900	 17.62612295150757
2023-07-13 00:19:51.374499 - Epoc #	10910	 16.687514066696167
2023-07-13 00:20:08.812030 - Epoc #	10920	 17.437530994415283
2023-07-13 00:20:25.968272 - Epoc #	10930	 17.15624189376831
2023-07-13 00:20:42.882641 - Epoc #	10940	 16.914369106292725
2023-07-13 00:20:59.960773 - Epoc #	10950	 17.078131914138794
2023-07-13 00:21:17.180024 - Epoc #	10960	 17.219250917434692
2023-07-13 00:21:34.783902 - Epoc #	10970	 17.603878021240234
2023-07-13 00:21:52.190140 - Epoc #	10980	 17.406238079071045
2023-07-13 00:22:09.877665 - Epoc #	10990	 17.687525033950806
2023-07-13 00:22:26.691813 - Epoc #	11000	 16.81414794921875
2023-07-13 00:22:43.770341 - Epoc #	11010	 17.07852792739868
2023-07-13 00:23:00.912232 - Epoc #	11020	 17.14189100265503
2023-07-13 00:23:18.048009 - Epoc #	11030	 17.13577699661255
2023-07-13 00:23:35.384685 - Epoc #	11040	 17.336676120758057
2023-07-13 00:23:52.682251 - Epoc #	11050	 17.297565937042236
2023-07-13 00:24:10.166639 - Epoc #	11060	 17.48438811302185
2023-07-13 00:24:27.387291 - Epoc #	11070	 17.220651865005493
2023-07-13 00:24:44.403502 - Epoc #	11080	 17.01621103286743
2023-07-13 00:25:01.514979 - Epoc #	11090	 17.11147689819336
2023-07-13 00:25:19.676184 - Epoc #	11100	 18.161205053329468
2023-07-13 00:25:36.839750 - Epoc #	11110	 17.16356611251831
2023-07-13 00:25:53.839678 - Epoc #	11120	 16.99992799758911
2023-07-13 00:26:11.636618 - Epoc #	11130	 17.796939849853516
2023-07-13 00:26:28.810663 - Epoc #	11140	 17.174045085906982
2023-07-13 00:26:46.170740 - Epoc #	11150	 17.360076904296875
2023-07-13 00:27:03.061348 - Epoc #	11160	 16.890608072280884
2023-07-13 00:27:20.001508 - Epoc #	11170	 16.940160036087036
2023-07-13 00:27:37.050590 - Epoc #	11180	 17.049082040786743
2023-07-13 00:27:54.646104 - Epoc #	11190	 17.595514059066772
2023-07-13 00:28:12.662939 - Epoc #	11200	 18.01683497428894
2023-07-13 00:28:29.993627 - Epoc #	11210	 17.330687999725342
2023-07-13 00:28:47.355253 - Epoc #	11220	 17.361625909805298
2023-07-13 00:29:05.027550 - Epoc #	11230	 17.67229700088501
2023-07-13 00:29:22.106803 - Epoc #	11240	 17.07925295829773
2023-07-13 00:29:39.998408 - Epoc #	11250	 17.891605138778687
2023-07-13 00:29:57.016087 - Epoc #	11260	 17.01767897605896
2023-07-13 00:30:14.184641 - Epoc #	11270	 17.168553829193115
2023-07-13 00:30:31.139465 - Epoc #	11280	 16.954824209213257
2023-07-13 00:30:47.766508 - Epoc #	11290	 16.62704300880432
2023-07-13 00:31:04.532156 - Epoc #	11300	 16.765647888183594
2023-07-13 00:31:21.552738 - Epoc #	11310	 17.0205819606781
2023-07-13 00:31:38.650906 - Epoc #	11320	 17.09816813468933
2023-07-13 00:31:55.891838 - Epoc #	11330	 17.24093198776245
2023-07-13 00:32:12.957409 - Epoc #	11340	 17.065570831298828
2023-07-13 00:32:30.169268 - Epoc #	11350	 17.211858987808228
2023-07-13 00:32:47.258513 - Epoc #	11360	 17.089245080947876
2023-07-13 00:33:04.437045 - Epoc #	11370	 17.178532123565674
2023-07-13 00:33:21.636706 - Epoc #	11380	 17.199661016464233
2023-07-13 00:33:39.336323 - Epoc #	11390	 17.6996169090271
2023-07-13 00:33:56.680076 - Epoc #	11400	 17.34375286102295
2023-07-13 00:34:13.492562 - Epoc #	11410	 16.812486171722412
2023-07-13 00:34:30.820679 - Epoc #	11420	 17.32811689376831
2023-07-13 00:34:47.711319 - Epoc #	11430	 16.890640020370483
2023-07-13 00:35:04.883788 - Epoc #	11440	 17.17246913909912
2023-07-13 00:35:21.870355 - Epoc #	11450	 16.98656678199768
2023-07-13 00:35:39.096229 - Epoc #	11460	 17.225874185562134
2023-07-13 00:35:55.893711 - Epoc #	11470	 16.797482013702393
2023-07-13 00:36:12.940166 - Epoc #	11480	 17.046454906463623
2023-07-13 00:36:30.035687 - Epoc #	11490	 17.095520973205566
2023-07-13 00:36:46.802576 - Epoc #	11500	 16.766889095306396
2023-07-13 00:37:04.052471 - Epoc #	11510	 17.249894857406616
2023-07-13 00:37:21.365639 - Epoc #	11520	 17.313168048858643
2023-07-13 00:37:38.116910 - Epoc #	11530	 16.75127100944519
2023-07-13 00:37:55.853256 - Epoc #	11540	 17.736346006393433
2023-07-13 00:38:13.449539 - Epoc #	11550	 17.596282958984375
2023-07-13 00:38:31.343107 - Epoc #	11560	 17.89356803894043
2023-07-13 00:38:48.626027 - Epoc #	11570	 17.282920122146606
2023-07-13 00:39:04.674031 - Epoc #	11580	 16.048003911972046
2023-07-13 00:39:21.529932 - Epoc #	11590	 16.85590100288391
2023-07-13 00:39:38.802858 - Epoc #	11600	 17.272926092147827
2023-07-13 00:39:55.822731 - Epoc #	11610	 17.019872903823853
2023-07-13 00:40:12.701508 - Epoc #	11620	 16.878777027130127
2023-07-13 00:40:29.836360 - Epoc #	11630	 17.134851932525635
2023-07-13 00:40:46.529307 - Epoc #	11640	 16.692946910858154
2023-07-13 00:41:03.554636 - Epoc #	11650	 17.025329113006592
2023-07-13 00:41:20.243064 - Epoc #	11660	 16.688427925109863
2023-07-13 00:41:37.756113 - Epoc #	11670	 17.513049125671387
2023-07-13 00:41:55.131043 - Epoc #	11680	 17.374929904937744
2023-07-13 00:42:11.407406 - Epoc #	11690	 16.276363134384155
2023-07-13 00:42:29.188665 - Epoc #	11700	 17.781258821487427
2023-07-13 00:42:46.721160 - Epoc #	11710	 17.53249502182007
2023-07-13 00:43:02.596158 - Epoc #	11720	 15.874998092651367
2023-07-13 00:43:19.440635 - Epoc #	11730	 16.84447693824768
2023-07-13 00:43:36.051183 - Epoc #	11740	 16.61054801940918
2023-07-13 00:43:53.239545 - Epoc #	11750	 17.18836212158203
2023-07-13 00:44:09.851189 - Epoc #	11760	 16.61164379119873
2023-07-13 00:44:25.884554 - Epoc #	11770	 16.03336501121521
2023-07-13 00:44:43.243939 - Epoc #	11780	 17.359385013580322
2023-07-13 00:45:00.183173 - Epoc #	11790	 16.939234018325806
2023-07-13 00:45:16.919518 - Epoc #	11800	 16.736345052719116
2023-07-13 00:45:34.074469 - Epoc #	11810	 17.154951095581055
2023-07-13 00:45:51.372960 - Epoc #	11820	 17.29849100112915
2023-07-13 00:46:08.624007 - Epoc #	11830	 17.251046895980835
2023-07-13 00:46:25.469544 - Epoc #	11840	 16.845536947250366
2023-07-13 00:46:43.051483 - Epoc #	11850	 17.581938982009888
2023-07-13 00:47:00.037470 - Epoc #	11860	 16.985987186431885
2023-07-13 00:47:16.935746 - Epoc #	11870	 16.89827585220337
2023-07-13 00:47:33.992912 - Epoc #	11880	 17.05716609954834
2023-07-13 00:47:50.795241 - Epoc #	11890	 16.802329063415527
2023-07-13 00:48:08.645231 - Epoc #	11900	 17.849989891052246
2023-07-13 00:48:24.645428 - Epoc #	11910	 16.000196933746338
2023-07-13 00:48:41.668775 - Epoc #	11920	 17.02334713935852
2023-07-13 00:48:58.893113 - Epoc #	11930	 17.224337816238403
2023-07-13 00:49:15.233980 - Epoc #	11940	 16.340867042541504
2023-07-13 00:49:32.354548 - Epoc #	11950	 17.12056803703308
2023-07-13 00:49:49.544486 - Epoc #	11960	 17.189938068389893
2023-07-13 00:50:07.451140 - Epoc #	11970	 17.906653881072998
2023-07-13 00:50:25.001968 - Epoc #	11980	 17.550827980041504
2023-07-13 00:50:42.020138 - Epoc #	11990	 17.01817011833191
2023-07-13 00:50:59.410760 - Epoc #	12000	 17.39062190055847
2023-07-13 00:51:16.741234 - Epoc #	12010	 17.330474138259888
2023-07-13 00:51:33.446013 - Epoc #	12020	 16.704778909683228
2023-07-13 00:51:50.635715 - Epoc #	12030	 17.189702033996582
2023-07-13 00:52:08.014096 - Epoc #	12040	 17.37838101387024
2023-07-13 00:52:25.548437 - Epoc #	12050	 17.53434109687805
2023-07-13 00:52:42.721561 - Epoc #	12060	 17.173123836517334
2023-07-13 00:53:00.159072 - Epoc #	12070	 17.43751096725464
2023-07-13 00:53:17.176905 - Epoc #	12080	 17.01783299446106
2023-07-13 00:53:34.632268 - Epoc #	12090	 17.455363035202026
2023-07-13 00:53:51.696052 - Epoc #	12100	 17.06378412246704
2023-07-13 00:54:09.105490 - Epoc #	12110	 17.409437894821167
2023-07-13 00:54:25.652858 - Epoc #	12120	 16.547368049621582
2023-07-13 00:54:43.515513 - Epoc #	12130	 17.8626549243927
2023-07-13 00:55:01.001720 - Epoc #	12140	 17.486207008361816
2023-07-13 00:55:19.011177 - Epoc #	12150	 18.009457111358643
2023-07-13 00:55:36.395736 - Epoc #	12160	 17.38455891609192
2023-07-13 00:55:53.951837 - Epoc #	12170	 17.556101083755493
2023-07-13 00:56:11.635082 - Epoc #	12180	 17.683244943618774
2023-07-13 00:56:29.585303 - Epoc #	12190	 17.950221061706543
2023-07-13 00:56:47.451379 - Epoc #	12200	 17.86607599258423
2023-07-13 00:57:05.397182 - Epoc #	12210	 17.945802927017212
2023-07-13 00:57:22.994641 - Epoc #	12220	 17.597459077835083
2023-07-13 00:57:40.783668 - Epoc #	12230	 17.789026975631714
2023-07-13 00:57:58.361801 - Epoc #	12240	 17.57813286781311
2023-07-13 00:58:15.080851 - Epoc #	12250	 16.71905016899109
2023-07-13 00:58:32.065282 - Epoc #	12260	 16.98443102836609
2023-07-13 00:58:48.987694 - Epoc #	12270	 16.922411918640137
2023-07-13 00:59:06.394504 - Epoc #	12280	 17.40681004524231
2023-07-13 00:59:23.537111 - Epoc #	12290	 17.14260697364807
2023-07-13 00:59:40.867907 - Epoc #	12300	 17.330796003341675
2023-07-13 00:59:58.478744 - Epoc #	12310	 17.61083698272705
2023-07-13 01:00:16.044055 - Epoc #	12320	 17.565310955047607
2023-07-13 01:00:33.420466 - Epoc #	12330	 17.376410961151123
2023-07-13 01:00:51.048083 - Epoc #	12340	 17.627617120742798
2023-07-13 01:01:08.096416 - Epoc #	12350	 17.048332929611206
2023-07-13 01:01:25.472473 - Epoc #	12360	 17.376056909561157
2023-07-13 01:01:42.807658 - Epoc #	12370	 17.335185050964355
2023-07-13 01:01:59.855739 - Epoc #	12380	 17.048081159591675
2023-07-13 01:02:16.631841 - Epoc #	12390	 16.77610182762146
2023-07-13 01:02:33.581163 - Epoc #	12400	 16.94932198524475
2023-07-13 01:02:50.034833 - Epoc #	12410	 16.453670024871826
2023-07-13 01:03:06.848009 - Epoc #	12420	 16.813176155090332
2023-07-13 01:03:23.957434 - Epoc #	12430	 17.109424829483032
2023-07-13 01:03:41.207422 - Epoc #	12440	 17.249988079071045
2023-07-13 01:03:58.566806 - Epoc #	12450	 17.359384059906006
2023-07-13 01:04:15.066799 - Epoc #	12460	 16.499992847442627
2023-07-13 01:04:31.817168 - Epoc #	12470	 16.75036907196045
2023-07-13 01:04:48.910915 - Epoc #	12480	 17.09374690055847
2023-07-13 01:05:05.879664 - Epoc #	12490	 16.968749046325684
