2023-07-13 06:37:52.092198 - Starting learning loop ...
==================================================================
2023-07-13 06:37:52.092198 - Using Framebuffer of: 4 frames	 and 	ReplayBufferSize: 25000
2023-07-13 06:37:52.092198 - Loglevel is set to: a
2023-07-13 06:37:52.092198 - Epoc #	0	 
2023-07-13 06:38:08.685881 - Epoc #	10	 16.593683004379272
2023-07-13 06:38:23.826868 - Epoc #	20	 15.140987157821655
2023-07-13 06:38:39.140435 - Epoc #	30	 15.31356692314148
2023-07-13 06:38:54.625537 - Epoc #	40	 15.48510193824768
2023-07-13 06:39:10.922411 - Epoc #	50	 16.296874046325684
2023-07-13 06:39:26.234897 - Epoc #	60	 15.312485933303833
2023-07-13 06:39:41.984827 - Epoc #	70	 15.749930143356323
2023-07-13 06:39:57.875518 - Epoc #	80	 15.890691041946411
2023-07-13 06:40:13.219202 - Epoc #	90	 15.343683958053589
2023-07-13 06:40:30.375518 - Epoc #	100	 17.15631604194641
2023-07-13 06:40:45.735305 - Epoc #	110	 15.359786987304688
2023-07-13 06:41:01.016546 - Epoc #	120	 15.281240940093994
2023-07-13 06:41:16.547788 - Epoc #	130	 15.53124189376831
2023-07-13 06:41:32.172791 - Epoc #	140	 15.625003099441528
2023-07-13 06:41:48.704502 - Epoc #	150	 16.531711101531982
2023-07-13 06:42:04.048299 - Epoc #	160	 15.343796968460083
2023-07-13 06:42:19.948624 - Epoc #	170	 15.900324821472168
2023-07-13 06:42:35.886058 - Epoc #	180	 15.937434196472168
2023-07-13 06:42:51.808625 - Epoc #	190	 15.922566890716553
2023-07-13 06:43:07.339875 - Epoc #	200	 15.53125
2023-07-13 06:43:22.886750 - Epoc #	210	 15.546875
2023-07-13 06:43:38.699411 - Epoc #	220	 15.812660932540894
2023-07-13 06:43:54.371217 - Epoc #	230	 15.67180609703064
2023-07-13 06:44:10.340954 - Epoc #	240	 15.96973705291748
2023-07-13 06:44:25.812236 - Epoc #	250	 15.471282005310059
2023-07-13 06:44:35.283521 - Time between reward step: #	403.1913230419159
2023-07-13 06:44:35.283521 - Average Score: 7.00 Elapsed time: 0:06:44.523937
2023-07-13 06:44:41.567246 - Epoc #	260	 15.755009889602661
2023-07-13 06:44:43.286062 - Time between reward step: #	411.19386410713196
2023-07-13 06:44:43.286062 - Average Score: 8.00 Elapsed time: 0:06:52.527883
2023-07-13 06:44:50.964831 - Time between reward step: #	418.87263321876526
2023-07-13 06:44:50.964831 - Average Score: 9.00 Elapsed time: 0:07:00.205918
2023-07-13 06:44:57.999705 - Epoc #	270	 16.432459115982056
2023-07-13 06:45:14.317226 - Epoc #	280	 16.3175208568573
2023-07-13 06:45:29.942231 - Epoc #	290	 15.625005006790161
2023-07-13 06:45:45.364247 - Epoc #	300	 15.422016143798828
2023-07-13 06:46:01.114560 - Epoc #	310	 15.750312805175781
2023-07-13 06:46:16.693690 - Epoc #	320	 15.579130172729492
2023-07-13 06:46:32.647300 - Epoc #	330	 15.953609943389893
2023-07-13 06:46:48.334804 - Epoc #	340	 15.687504053115845
2023-07-13 06:47:04.507283 - Epoc #	350	 16.172478914260864
2023-07-13 06:47:19.976037 - Epoc #	360	 15.468754053115845
2023-07-13 06:47:35.663503 - Epoc #	370	 15.687465906143188
2023-07-13 06:47:51.429449 - Epoc #	380	 15.76594614982605
2023-07-13 06:48:07.038760 - Epoc #	390	 15.609310865402222
2023-07-13 06:48:23.059749 - Epoc #	400	 16.020988941192627
2023-07-13 06:48:39.512873 - Epoc #	410	 16.453124046325684
2023-07-13 06:48:54.919127 - Epoc #	420	 15.406254053115845
2023-07-13 06:49:10.762882 - Epoc #	430	 15.843755006790161
2023-07-13 06:49:26.184753 - Epoc #	440	 15.421870946884155
2023-07-13 06:49:41.981629 - Epoc #	450	 15.796875953674316
2023-07-13 06:49:57.809754 - Epoc #	460	 15.828125
2023-07-13 06:50:13.137879 - Epoc #	470	 15.328125
2023-07-13 06:50:28.731605 - Epoc #	480	 15.59372615814209
2023-07-13 06:50:44.688397 - Epoc #	490	 15.956791877746582
2023-07-13 06:51:00.282149 - Epoc #	500	 15.593752145767212
2023-07-13 06:51:15.641583 - Epoc #	510	 15.359433889389038
2023-07-13 06:51:31.438403 - Epoc #	520	 15.796819925308228
2023-07-13 06:51:47.548400 - Epoc #	530	 16.109997034072876
2023-07-13 06:52:03.423786 - Epoc #	540	 15.875385999679565
2023-07-13 06:52:18.987424 - Epoc #	550	 15.563637971878052
2023-07-13 06:52:34.491476 - Epoc #	560	 15.50405216217041
2023-07-13 06:52:49.860579 - Epoc #	570	 15.369102954864502
2023-07-13 06:53:05.455742 - Epoc #	580	 15.595162868499756
2023-07-13 06:53:22.053092 - Epoc #	590	 16.597350120544434
2023-07-13 06:53:38.510538 - Epoc #	600	 16.457446098327637
2023-07-13 06:53:53.864924 - Epoc #	610	 15.35438585281372
2023-07-13 06:54:10.401383 - Epoc #	620	 16.53645896911621
2023-07-13 06:54:25.757010 - Epoc #	630	 15.355627059936523
2023-07-13 06:54:41.272726 - Epoc #	640	 15.515716075897217
2023-07-13 06:54:57.210140 - Epoc #	650	 15.937413930892944
2023-07-13 06:55:12.804350 - Epoc #	660	 15.594209909439087
2023-07-13 06:55:28.507576 - Epoc #	670	 15.703226089477539
2023-07-13 06:55:44.882575 - Epoc #	680	 16.374999046325684
2023-07-13 06:56:00.148555 - Epoc #	690	 15.265980005264282
2023-07-13 06:56:16.899578 - Epoc #	700	 16.751023054122925
2023-07-13 06:56:32.665254 - Epoc #	710	 15.765676021575928
2023-07-13 06:56:48.322053 - Epoc #	720	 15.656798839569092
2023-07-13 06:57:04.651206 - Epoc #	730	 16.329153060913086
2023-07-13 06:57:20.354942 - Epoc #	740	 15.703736066818237
2023-07-13 06:57:36.746711 - Epoc #	750	 16.39176893234253
2023-07-13 06:57:52.872923 - Epoc #	760	 16.126211881637573
2023-07-13 06:58:08.436651 - Epoc #	770	 15.563728094100952
2023-07-13 06:58:25.000918 - Epoc #	780	 16.56426692008972
2023-07-13 06:58:36.250912 - Time between reward step: #	1244.158714056015
2023-07-13 06:58:36.250912 - Average Score: 10.00 Elapsed time: 0:20:45.494538
2023-07-13 06:58:41.142570 - Time between reward step: #	1249.0503721237183
2023-07-13 06:58:41.142570 - Average Score: 11.00 Elapsed time: 0:20:50.381070
2023-07-13 06:58:41.142570 - Epoc #	790	 16.14165210723877
2023-07-13 06:58:57.081604 - Epoc #	800	 15.93903398513794
2023-07-13 06:59:12.381334 - Epoc #	810	 15.299730062484741
2023-07-13 06:59:19.146956 - Time between reward step: #	1287.0547580718994
2023-07-13 06:59:19.146956 - Average Score: 12.00 Elapsed time: 0:21:28.380559
2023-07-13 06:59:28.789831 - Epoc #	820	 16.408496856689453
2023-07-13 06:59:44.322531 - Epoc #	830	 15.532700061798096
2023-07-13 06:59:53.838458 - Time between reward step: #	1321.7462601661682
2023-07-13 06:59:53.838458 - Average Score: 13.00 Elapsed time: 0:22:03.079591
2023-07-13 07:00:00.230910 - Epoc #	840	 15.908379077911377
2023-07-13 07:00:15.618198 - Epoc #	850	 15.387287855148315
2023-07-13 07:00:31.787865 - Epoc #	860	 16.16966700553894
2023-07-13 07:00:47.619515 - Epoc #	870	 15.831650018692017
2023-07-13 07:01:02.980615 - Epoc #	880	 15.3610999584198
2023-07-13 07:01:18.236667 - Epoc #	890	 15.256052017211914
2023-07-13 07:01:33.627209 - Epoc #	900	 15.390542030334473
2023-07-13 07:01:49.419960 - Epoc #	910	 15.79275107383728
2023-07-13 07:02:04.994506 - Epoc #	920	 15.574545860290527
2023-07-13 07:02:20.666381 - Epoc #	930	 15.671875
2023-07-13 07:02:36.353883 - Epoc #	940	 15.687502145767212
2023-07-13 07:02:53.088769 - Epoc #	950	 16.734885931015015
2023-07-13 07:03:08.757526 - Epoc #	960	 15.66875696182251
2023-07-13 07:03:24.794866 - Epoc #	970	 16.03734016418457
2023-07-13 07:03:40.641224 - Epoc #	980	 15.846357822418213
2023-07-13 07:03:56.193364 - Epoc #	990	 15.5521399974823
2023-07-13 07:04:11.797825 - Epoc #	1000	 15.604461193084717
2023-07-13 07:04:27.126012 - Epoc #	1010	 15.328186988830566
2023-07-13 07:04:42.688517 - Epoc #	1020	 15.562505006790161
2023-07-13 07:04:58.235330 - Epoc #	1030	 15.546813011169434
2023-07-13 07:05:14.235644 - Epoc #	1040	 16.000313997268677
2023-07-13 07:05:30.361684 - Epoc #	1050	 16.12603998184204
2023-07-13 07:05:46.685730 - Epoc #	1060	 16.32404589653015
2023-07-13 07:06:02.795779 - Epoc #	1070	 16.11004900932312
2023-07-13 07:06:19.874870 - Epoc #	1080	 17.07909107208252
2023-07-13 07:06:35.421823 - Epoc #	1090	 15.546952962875366
2023-07-13 07:06:51.891682 - Epoc #	1100	 16.4698588848114
2023-07-13 07:07:07.361504 - Epoc #	1110	 15.46982216835022
2023-07-13 07:07:24.439153 - Epoc #	1120	 17.077648878097534
2023-07-13 07:07:40.799522 - Epoc #	1130	 16.360368967056274
2023-07-13 07:07:56.706865 - Epoc #	1140	 15.90734314918518
2023-07-13 07:08:12.831874 - Epoc #	1150	 16.125008821487427
2023-07-13 07:08:29.082124 - Epoc #	1160	 16.250250101089478
2023-07-13 07:08:44.224525 - Epoc #	1170	 15.142400979995728
2023-07-13 07:09:01.320113 - Epoc #	1180	 17.095587968826294
2023-07-13 07:09:17.071531 - Epoc #	1190	 15.751418113708496
2023-07-13 07:09:32.869797 - Epoc #	1200	 15.798265933990479
2023-07-13 07:09:49.277830 - Epoc #	1210	 16.40803289413452
2023-07-13 07:10:04.934080 - Epoc #	1220	 15.65625
2023-07-13 07:10:21.528665 - Epoc #	1230	 16.594585180282593
2023-07-13 07:10:38.123312 - Epoc #	1240	 16.59464693069458
2023-07-13 07:10:53.843188 - Epoc #	1250	 15.719876050949097
2023-07-13 07:11:10.221388 - Epoc #	1260	 16.3782000541687
2023-07-13 07:11:26.428995 - Epoc #	1270	 16.20760679244995
2023-07-13 07:11:43.052329 - Epoc #	1280	 16.623334169387817
2023-07-13 07:11:59.266259 - Epoc #	1290	 16.213929891586304
2023-07-13 07:12:14.908338 - Epoc #	1300	 15.64207911491394
2023-07-13 07:12:30.683335 - Epoc #	1310	 15.774996995925903
2023-07-13 07:12:46.918289 - Epoc #	1320	 16.23495388031006
2023-07-13 07:13:02.402696 - Epoc #	1330	 15.4844069480896
2023-07-13 07:13:17.918656 - Epoc #	1340	 15.515960216522217
2023-07-13 07:13:34.029305 - Epoc #	1350	 16.11064887046814
2023-07-13 07:13:50.857402 - Epoc #	1360	 16.828097105026245
2023-07-13 07:14:06.779299 - Epoc #	1370	 15.921896934509277
2023-07-13 07:14:22.545028 - Epoc #	1380	 15.765728950500488
2023-07-13 07:14:38.640237 - Epoc #	1390	 16.0952091217041
2023-07-13 07:14:54.769621 - Epoc #	1400	 16.12938380241394
2023-07-13 07:15:11.144863 - Epoc #	1410	 16.375241994857788
2023-07-13 07:15:28.067325 - Epoc #	1420	 16.922462224960327
2023-07-13 07:15:44.973904 - Epoc #	1430	 16.90657877922058
2023-07-13 07:16:00.303034 - Epoc #	1440	 15.329130172729492
2023-07-13 07:16:15.881656 - Epoc #	1450	 15.578621864318848
2023-07-13 07:16:32.007338 - Epoc #	1460	 16.12568211555481
2023-07-13 07:16:47.664340 - Epoc #	1470	 15.657001972198486
2023-07-13 07:17:03.462529 - Epoc #	1480	 15.798188924789429
2023-07-13 07:17:18.415975 - Epoc #	1490	 14.95344614982605
2023-07-13 07:17:34.119745 - Epoc #	1500	 15.70376992225647
2023-07-13 07:17:50.010362 - Epoc #	1510	 15.89061689376831
2023-07-13 07:18:05.527713 - Epoc #	1520	 15.517351150512695
2023-07-13 07:18:21.149868 - Epoc #	1530	 15.622154951095581
2023-07-13 07:18:37.103557 - Epoc #	1540	 15.953689098358154
2023-07-13 07:18:52.542403 - Epoc #	1550	 15.438845872879028
2023-07-13 07:19:09.218904 - Epoc #	1560	 16.676501035690308
2023-07-13 07:19:25.094344 - Epoc #	1570	 15.875439882278442
2023-07-13 07:19:41.597055 - Epoc #	1580	 16.502711057662964
2023-07-13 07:19:58.223461 - Epoc #	1590	 16.626405954360962
2023-07-13 07:20:13.961382 - Epoc #	1600	 15.737920999526978
2023-07-13 07:20:30.700020 - Epoc #	1610	 16.738638162612915
2023-07-13 07:20:47.071631 - Epoc #	1620	 16.37161087989807
2023-07-13 07:21:02.807032 - Epoc #	1630	 15.735401153564453
2023-07-13 07:21:19.025859 - Epoc #	1640	 16.21882700920105
2023-07-13 07:21:35.744802 - Epoc #	1650	 16.718942880630493
2023-07-13 07:21:52.260427 - Epoc #	1660	 16.515625
2023-07-13 07:22:07.994799 - Epoc #	1670	 15.734371900558472
2023-07-13 07:22:25.401062 - Epoc #	1680	 17.40626311302185
2023-07-13 07:22:42.026682 - Epoc #	1690	 16.625619888305664
2023-07-13 07:22:57.761004 - Epoc #	1700	 15.73432207107544
2023-07-13 07:23:14.004484 - Epoc #	1710	 16.24347996711731
2023-07-13 07:23:29.739300 - Epoc #	1720	 15.734816074371338
2023-07-13 07:23:45.520543 - Epoc #	1730	 15.781243085861206
2023-07-13 07:24:01.677243 - Epoc #	1740	 16.156699895858765
2023-07-13 07:24:18.462448 - Epoc #	1750	 16.785204887390137
2023-07-13 07:24:34.698012 - Epoc #	1760	 16.23556423187256
2023-07-13 07:24:50.621144 - Epoc #	1770	 15.923131942749023
2023-07-13 07:25:07.325347 - Epoc #	1780	 16.704202890396118
2023-07-13 07:25:23.045414 - Epoc #	1790	 15.720067024230957
2023-07-13 07:25:38.781010 - Epoc #	1800	 15.735595941543579
2023-07-13 07:25:54.609681 - Epoc #	1810	 15.828670978546143
2023-07-13 07:26:10.564368 - Epoc #	1820	 15.954687118530273
2023-07-13 07:26:26.862690 - Epoc #	1830	 16.298321962356567
2023-07-13 07:26:43.067768 - Epoc #	1840	 16.205078125
2023-07-13 07:26:58.412878 - Epoc #	1850	 15.345109939575195
2023-07-13 07:27:14.899620 - Epoc #	1860	 16.48674201965332
2023-07-13 07:27:30.807484 - Epoc #	1870	 15.907863855361938
2023-07-13 07:27:47.266981 - Epoc #	1880	 16.45949697494507
2023-07-13 07:28:03.456190 - Epoc #	1890	 16.18920922279358
2023-07-13 07:28:19.741044 - Epoc #	1900	 16.2848539352417
2023-07-13 07:28:35.946340 - Epoc #	1910	 16.2052960395813
2023-07-13 07:28:52.477544 - Epoc #	1920	 16.531203985214233
2023-07-13 07:29:08.586986 - Epoc #	1930	 16.109441995620728
2023-07-13 07:29:24.633857 - Epoc #	1940	 16.046870946884155
2023-07-13 07:29:40.431101 - Epoc #	1950	 15.79724407196045
2023-07-13 07:29:56.149877 - Epoc #	1960	 15.718775987625122
2023-07-13 07:30:12.115947 - Epoc #	1970	 15.96606993675232
2023-07-13 07:30:28.257299 - Epoc #	1980	 16.14135193824768
2023-07-13 07:30:44.085408 - Epoc #	1990	 15.8281090259552
2023-07-13 07:31:00.897917 - Epoc #	2000	 16.812509059906006
2023-07-13 07:31:16.710423 - Epoc #	2010	 15.812505960464478
2023-07-13 07:31:33.087095 - Epoc #	2020	 16.37667202949524
2023-07-13 07:31:49.259085 - Epoc #	2030	 16.171989917755127
2023-07-13 07:32:05.306240 - Epoc #	2040	 16.047155141830444
2023-07-13 07:32:21.056236 - Epoc #	2050	 15.749995946884155
2023-07-13 07:32:37.056486 - Epoc #	2060	 16.0002498626709
2023-07-13 07:32:53.323706 - Epoc #	2070	 16.26722002029419
2023-07-13 07:33:09.777712 - Epoc #	2080	 16.45400619506836
2023-07-13 07:33:24.777626 - Epoc #	2090	 14.999913930892944
2023-07-13 07:33:41.841844 - Epoc #	2100	 17.064218044281006
2023-07-13 07:33:58.468057 - Epoc #	2110	 16.62621283531189
2023-07-13 07:34:15.375204 - Epoc #	2120	 16.90714716911316
2023-07-13 07:34:31.317520 - Epoc #	2130	 15.942315816879272
2023-07-13 07:34:47.227263 - Epoc #	2140	 15.909743070602417
2023-07-13 07:35:03.527658 - Epoc #	2150	 16.300395011901855
2023-07-13 07:35:19.654147 - Epoc #	2160	 16.12648892402649
2023-07-13 07:35:36.168978 - Epoc #	2170	 16.514831066131592
2023-07-13 07:35:52.642016 - Epoc #	2180	 16.47303795814514
2023-07-13 07:36:08.379605 - Epoc #	2190	 15.737589120864868
2023-07-13 07:36:24.682701 - Epoc #	2200	 16.303096055984497
2023-07-13 07:36:40.435339 - Epoc #	2210	 15.75263786315918
2023-07-13 07:36:56.591565 - Epoc #	2220	 16.15622591972351
2023-07-13 07:37:12.654914 - Epoc #	2230	 16.06334900856018
2023-07-13 07:37:28.421389 - Epoc #	2240	 15.766475200653076
2023-07-13 07:37:44.675057 - Epoc #	2250	 16.2536678314209
2023-07-13 07:38:01.206310 - Epoc #	2260	 16.53125309944153
2023-07-13 07:38:17.596710 - Epoc #	2270	 16.390399932861328
2023-07-13 07:38:33.566650 - Epoc #	2280	 15.969939947128296
2023-07-13 07:38:50.192408 - Epoc #	2290	 16.625758171081543
2023-07-13 07:39:06.286630 - Epoc #	2300	 16.094221830368042
2023-07-13 07:39:22.287170 - Epoc #	2310	 16.000540018081665
2023-07-13 07:39:38.287955 - Epoc #	2320	 16.00078511238098
2023-07-13 07:39:54.601284 - Epoc #	2330	 16.313328981399536
2023-07-13 07:40:11.414520 - Epoc #	2340	 16.813235998153687
2023-07-13 07:40:27.242942 - Epoc #	2350	 15.82842206954956
2023-07-13 07:40:43.306662 - Epoc #	2360	 16.063719987869263
2023-07-13 07:40:59.386145 - Epoc #	2370	 16.079483032226562
2023-07-13 07:41:15.027412 - Epoc #	2380	 15.641266822814941
2023-07-13 07:41:32.155206 - Epoc #	2390	 17.12779402732849
2023-07-13 07:41:48.219289 - Epoc #	2400	 16.064083099365234
2023-07-13 07:42:04.485818 - Epoc #	2410	 16.266528844833374
2023-07-13 07:42:20.029970 - Epoc #	2420	 15.544152021408081
2023-07-13 07:42:36.171797 - Epoc #	2430	 16.14182710647583
2023-07-13 07:42:52.360904 - Epoc #	2440	 16.189106941223145
2023-07-13 07:43:08.299987 - Epoc #	2450	 15.939083099365234
2023-07-13 07:43:24.629291 - Epoc #	2460	 16.329303979873657
2023-07-13 07:43:40.693459 - Epoc #	2470	 16.064167976379395
2023-07-13 07:43:57.492631 - Epoc #	2480	 16.799171924591064
2023-07-13 07:44:13.994990 - Epoc #	2490	 16.50235915184021
2023-07-13 07:44:30.560078 - Epoc #	2500	 16.56508779525757
2023-07-13 07:44:46.731900 - Epoc #	2510	 16.17182207107544
2023-07-13 07:45:02.982082 - Epoc #	2520	 16.250181913375854
2023-07-13 07:45:19.263737 - Epoc #	2530	 16.281655073165894
2023-07-13 07:45:35.748116 - Epoc #	2540	 16.484379053115845
2023-07-13 07:45:51.592391 - Epoc #	2550	 15.844274997711182
2023-07-13 07:46:07.873643 - Epoc #	2560	 16.281251907348633
2023-07-13 07:46:23.842603 - Epoc #	2570	 15.968960046768188
2023-07-13 07:46:40.983217 - Epoc #	2580	 17.14061403274536
2023-07-13 07:46:57.063946 - Epoc #	2590	 16.080729007720947
2023-07-13 07:47:13.454935 - Epoc #	2600	 16.390989065170288
2023-07-13 07:47:29.205683 - Epoc #	2610	 15.750747919082642
2023-07-13 07:47:46.159192 - Epoc #	2620	 16.953509092330933
2023-07-13 07:48:02.596692 - Epoc #	2630	 16.4375
2023-07-13 07:48:18.732532 - Epoc #	2640	 16.13583993911743
2023-07-13 07:48:34.545845 - Epoc #	2650	 15.813313007354736
2023-07-13 07:48:51.032407 - Epoc #	2660	 16.4865620136261
2023-07-13 07:49:07.674430 - Epoc #	2670	 16.642022848129272
2023-07-13 07:49:23.690516 - Epoc #	2680	 16.016086101531982
2023-07-13 07:49:40.487307 - Epoc #	2690	 16.796791076660156
2023-07-13 07:49:56.799998 - Epoc #	2700	 16.31269097328186
2023-07-13 07:50:12.832203 - Epoc #	2710	 16.0322048664093
2023-07-13 07:50:28.802505 - Epoc #	2720	 15.970302104949951
2023-07-13 07:50:44.932114 - Epoc #	2730	 16.129608869552612
2023-07-13 07:51:01.294368 - Epoc #	2740	 16.36225414276123
2023-07-13 07:51:17.655986 - Epoc #	2750	 16.361618041992188
2023-07-13 07:51:33.392743 - Epoc #	2760	 15.736757040023804
2023-07-13 07:51:49.553187 - Epoc #	2770	 16.160443782806396
2023-07-13 07:52:05.884068 - Epoc #	2780	 16.330881118774414
2023-07-13 07:52:21.620270 - Epoc #	2790	 15.736202001571655
2023-07-13 07:52:37.386849 - Epoc #	2800	 15.766578912734985
2023-07-13 07:52:53.199308 - Epoc #	2810	 15.812458992004395
2023-07-13 07:53:09.340011 - Epoc #	2820	 16.140702962875366
2023-07-13 07:53:25.637126 - Epoc #	2830	 16.297115087509155
2023-07-13 07:53:41.668852 - Epoc #	2840	 16.031726121902466
2023-07-13 07:53:57.622286 - Epoc #	2850	 15.953433990478516
2023-07-13 07:54:13.585534 - Epoc #	2860	 15.963248014450073
2023-07-13 07:54:29.148030 - Epoc #	2870	 15.562495946884155
2023-07-13 07:54:46.226673 - Epoc #	2880	 17.07864284515381
2023-07-13 07:55:03.477655 - Epoc #	2890	 17.25098204612732
2023-07-13 07:55:20.587245 - Epoc #	2900	 17.10959005355835
2023-07-13 07:55:36.431642 - Epoc #	2910	 15.844397068023682
2023-07-13 07:55:52.182103 - Epoc #	2920	 15.750460863113403
2023-07-13 07:56:08.416474 - Epoc #	2930	 16.234371185302734
2023-07-13 07:56:24.103966 - Epoc #	2940	 15.68749189376831
2023-07-13 07:56:39.651180 - Epoc #	2950	 15.547214031219482
2023-07-13 07:56:55.620658 - Epoc #	2960	 15.969477891921997
2023-07-13 07:57:11.558597 - Epoc #	2970	 15.937939167022705
2023-07-13 07:57:28.045481 - Epoc #	2980	 16.486883878707886
2023-07-13 07:57:43.827840 - Epoc #	2990	 15.78235912322998
2023-07-13 07:57:59.953370 - Epoc #	3000	 16.125530004501343
2023-07-13 07:58:16.111003 - Epoc #	3010	 16.15763282775879
2023-07-13 07:58:31.894975 - Epoc #	3020	 15.783972024917603
2023-07-13 07:58:49.333860 - Epoc #	3030	 17.438884973526
2023-07-13 07:59:05.288279 - Epoc #	3040	 15.954419136047363
2023-07-13 07:59:21.571800 - Epoc #	3050	 16.283520936965942
2023-07-13 07:59:38.463737 - Epoc #	3060	 16.891937017440796
2023-07-13 07:59:54.543810 - Epoc #	3070	 16.08007287979126
2023-07-13 08:00:11.264546 - Epoc #	3080	 16.720736026763916
2023-07-13 08:00:27.381001 - Epoc #	3090	 16.116455078125
2023-07-13 08:00:43.443550 - Epoc #	3100	 16.062549114227295
2023-07-13 08:00:58.959149 - Epoc #	3110	 15.515598773956299
2023-07-13 08:01:15.349823 - Epoc #	3120	 16.390674114227295
2023-07-13 08:01:32.740448 - Epoc #	3130	 17.390625
2023-07-13 08:01:49.412325 - Epoc #	3140	 16.671876907348633
2023-07-13 08:02:05.490844 - Epoc #	3150	 16.078519105911255
2023-07-13 08:02:21.444180 - Epoc #	3160	 15.953336000442505
2023-07-13 08:02:37.662930 - Epoc #	3170	 16.21875
2023-07-13 08:02:53.897683 - Epoc #	3180	 16.234752893447876
2023-07-13 08:03:09.774941 - Epoc #	3190	 15.877258062362671
2023-07-13 08:03:25.341078 - Epoc #	3200	 15.566137075424194
2023-07-13 08:03:41.738654 - Epoc #	3210	 16.397575855255127
2023-07-13 08:03:58.144895 - Epoc #	3220	 16.406241178512573
2023-07-13 08:04:13.973492 - Epoc #	3230	 15.828596830368042
2023-07-13 08:04:30.723503 - Epoc #	3240	 16.750011205673218
2023-07-13 08:04:47.942548 - Epoc #	3250	 17.21904492378235
2023-07-13 08:05:04.083167 - Epoc #	3260	 16.140619039535522
2023-07-13 08:05:20.183324 - Epoc #	3270	 16.100157022476196
2023-07-13 08:05:36.262365 - Epoc #	3280	 16.079041004180908
2023-07-13 08:05:53.799245 - Epoc #	3290	 17.536880016326904
2023-07-13 08:06:10.646908 - Epoc #	3300	 16.847662925720215
2023-07-13 08:06:27.307146 - Epoc #	3310	 16.660238027572632
2023-07-13 08:06:44.142705 - Epoc #	3320	 16.835558891296387
2023-07-13 08:07:00.742040 - Epoc #	3330	 16.599334955215454
2023-07-13 08:07:16.917767 - Epoc #	3340	 16.175727128982544
2023-07-13 08:07:33.267409 - Epoc #	3350	 16.349642038345337
2023-07-13 08:07:49.477538 - Epoc #	3360	 16.210129022598267
2023-07-13 08:08:05.432355 - Epoc #	3370	 15.954816818237305
2023-07-13 08:08:21.674006 - Epoc #	3380	 16.24165105819702
2023-07-13 08:08:38.068935 - Epoc #	3390	 16.39492893218994
2023-07-13 08:08:53.853734 - Epoc #	3400	 15.784799098968506
2023-07-13 08:09:09.921584 - Epoc #	3410	 16.06784987449646
2023-07-13 08:09:25.928531 - Epoc #	3420	 16.00694704055786
2023-07-13 08:09:42.826052 - Epoc #	3430	 16.897521018981934
2023-07-13 08:09:59.594820 - Epoc #	3440	 16.768768072128296
2023-07-13 08:10:16.833788 - Epoc #	3450	 17.238967895507812
2023-07-13 08:10:34.118720 - Epoc #	3460	 17.284932136535645
2023-07-13 08:10:50.027155 - Epoc #	3470	 15.908434867858887
2023-07-13 08:11:06.298515 - Epoc #	3480	 16.271360158920288
2023-07-13 08:11:22.573116 - Epoc #	3490	 16.274600982666016
2023-07-13 08:11:38.577002 - Epoc #	3500	 16.003885984420776
2023-07-13 08:11:55.376700 - Epoc #	3510	 16.799697875976562
2023-07-13 08:12:11.068053 - Epoc #	3520	 15.69135308265686
2023-07-13 08:12:27.602707 - Epoc #	3530	 16.534653902053833
2023-07-13 08:12:43.811689 - Epoc #	3540	 16.20898199081421
2023-07-13 08:13:00.224916 - Epoc #	3550	 16.413227081298828
2023-07-13 08:13:17.781215 - Epoc #	3560	 17.556298971176147
2023-07-13 08:13:34.669344 - Epoc #	3570	 16.888128995895386
2023-07-13 08:13:50.669333 - Epoc #	3580	 15.999989032745361
2023-07-13 08:14:07.201133 - Epoc #	3590	 16.531800031661987
2023-07-13 08:14:24.420089 - Epoc #	3600	 17.218955993652344
2023-07-13 08:14:32.639324 - Time between reward step: #	5800.547126054764
2023-07-13 08:14:32.639324 - Average Score: 14.00 Elapsed time: 1:36:41.886845
2023-07-13 08:14:40.576831 - Epoc #	3610	 16.156742095947266
2023-07-13 08:14:57.717794 - Epoc #	3620	 17.140962839126587
2023-07-13 08:15:07.468494 - Time between reward step: #	5835.376296043396
2023-07-13 08:15:07.468494 - Average Score: 15.00 Elapsed time: 1:37:16.712213
2023-07-13 08:15:09.328567 - Time between reward step: #	5837.236369132996
2023-07-13 08:15:09.328567 - Average Score: 16.00 Elapsed time: 1:37:18.565221
2023-07-13 08:15:11.094696 - Time between reward step: #	5839.002498149872
2023-07-13 08:15:11.094696 - Average Score: 17.00 Elapsed time: 1:37:20.330247
2023-07-13 08:15:14.345444 - Epoc #	3630	 16.627650022506714
2023-07-13 08:15:21.128126 - Time between reward step: #	5849.035928010941
2023-07-13 08:15:21.128126 - Average Score: 18.00 Elapsed time: 1:37:30.370047
2023-07-13 08:15:30.692919 - Epoc #	3640	 16.347475051879883
2023-07-13 08:15:47.148203 - Epoc #	3650	 16.455283880233765
2023-07-13 08:16:03.415389 - Epoc #	3660	 16.267186164855957
2023-07-13 08:16:19.713269 - Epoc #	3670	 16.297879934310913
2023-07-13 08:16:36.107538 - Epoc #	3680	 16.39426898956299
2023-07-13 08:16:51.813962 - Epoc #	3690	 15.706423997879028
2023-07-13 08:17:08.145963 - Epoc #	3700	 16.332000970840454
2023-07-13 08:17:24.492670 - Epoc #	3710	 16.346707105636597
2023-07-13 08:17:41.401542 - Epoc #	3720	 16.90887188911438
2023-07-13 08:18:02.000693 - Epoc #	3730	 20.599151134490967
2023-07-13 08:18:18.612481 - Epoc #	3740	 16.611788034439087
2023-07-13 08:18:35.083513 - Epoc #	3750	 16.47103190422058
2023-07-13 08:18:51.786852 - Epoc #	3760	 16.703338861465454
2023-07-13 08:19:08.271884 - Epoc #	3770	 16.485032081604004
2023-07-13 08:19:25.210407 - Epoc #	3780	 16.938523054122925
2023-07-13 08:19:41.507284 - Epoc #	3790	 16.296876907348633
2023-07-13 08:19:57.601261 - Epoc #	3800	 16.093976974487305
2023-07-13 08:20:15.088985 - Epoc #	3810	 17.48772406578064
2023-07-13 08:20:30.920822 - Epoc #	3820	 15.831836938858032
2023-07-13 08:20:47.379245 - Epoc #	3830	 16.458423137664795
2023-07-13 08:21:03.318180 - Epoc #	3840	 15.938935041427612
2023-07-13 08:21:19.589818 - Epoc #	3850	 16.27163791656494
2023-07-13 08:21:35.921501 - Epoc #	3860	 16.331682920455933
2023-07-13 08:21:51.874547 - Epoc #	3870	 15.953046083450317
2023-07-13 08:22:08.499626 - Epoc #	3880	 16.625078916549683
2023-07-13 08:22:25.187127 - Epoc #	3890	 16.687501192092896
2023-07-13 08:22:42.155889 - Epoc #	3900	 16.968761920928955
2023-07-13 08:22:58.609873 - Epoc #	3910	 16.453984022140503
2023-07-13 08:23:14.782934 - Epoc #	3920	 16.17306089401245
2023-07-13 08:23:31.298580 - Epoc #	3930	 16.51564598083496
2023-07-13 08:23:47.282939 - Epoc #	3940	 15.9843590259552
2023-07-13 08:24:03.376691 - Epoc #	3950	 16.093752145767212
2023-07-13 08:24:20.059026 - Epoc #	3960	 16.682334899902344
2023-07-13 08:24:36.965365 - Epoc #	3970	 16.906338930130005
2023-07-13 08:24:53.981411 - Epoc #	3980	 17.016046047210693
2023-07-13 08:25:09.903290 - Epoc #	3990	 15.921879053115845
2023-07-13 08:25:26.340794 - Epoc #	4000	 16.437504053115845
2023-07-13 08:25:42.575094 - Epoc #	4010	 16.234299898147583
2023-07-13 08:25:58.793836 - Epoc #	4020	 16.21874213218689
2023-07-13 08:26:15.591560 - Epoc #	4030	 16.7977237701416
2023-07-13 08:26:32.013448 - Epoc #	4040	 16.42188811302185
2023-07-13 08:26:49.139004 - Epoc #	4050	 17.125555992126465
2023-07-13 08:27:05.310882 - Epoc #	4060	 16.17187809944153
2023-07-13 08:27:22.015563 - Epoc #	4070	 16.704680919647217
2023-07-13 08:27:37.783466 - Epoc #	4080	 15.767903089523315
2023-07-13 08:27:54.690618 - Epoc #	4090	 16.90715193748474
2023-07-13 08:28:11.363098 - Epoc #	4100	 16.67247986793518
2023-07-13 08:28:27.428559 - Epoc #	4110	 16.06546115875244
2023-07-13 08:28:43.929223 - Epoc #	4120	 16.500663995742798
2023-07-13 08:28:59.790991 - Epoc #	4130	 15.861768007278442
2023-07-13 08:29:15.670140 - Epoc #	4140	 15.879148960113525
2023-07-13 08:29:32.002638 - Epoc #	4150	 16.33249807357788
2023-07-13 08:29:48.566164 - Epoc #	4160	 16.563525915145874
2023-07-13 08:30:04.238043 - Epoc #	4170	 15.671879053115845
2023-07-13 08:30:21.141160 - Epoc #	4180	 16.903116941452026
2023-07-13 08:30:37.953656 - Epoc #	4190	 16.812495946884155
2023-07-13 08:30:54.438034 - Epoc #	4200	 16.48437809944153
2023-07-13 08:31:09.906786 - Epoc #	4210	 15.468751907348633
2023-07-13 08:31:27.516077 - Epoc #	4220	 17.609291076660156
2023-07-13 08:31:44.359907 - Epoc #	4230	 16.843829870224
2023-07-13 08:32:00.750528 - Epoc #	4240	 16.390621185302734
2023-07-13 08:32:17.626053 - Epoc #	4250	 16.87552499771118
2023-07-13 08:32:34.485870 - Epoc #	4260	 16.859816789627075
2023-07-13 08:32:50.376587 - Epoc #	4270	 15.890717029571533
2023-07-13 08:33:06.532867 - Epoc #	4280	 16.156280040740967
2023-07-13 08:33:22.704738 - Epoc #	4290	 16.171870946884155
2023-07-13 08:33:38.986079 - Epoc #	4300	 16.281341075897217
2023-07-13 08:33:55.298580 - Epoc #	4310	 16.312500953674316
2023-07-13 08:34:11.330640 - Epoc #	4320	 16.032060146331787
2023-07-13 08:34:27.611893 - Epoc #	4330	 16.28125286102295
2023-07-13 08:34:44.143918 - Epoc #	4340	 16.53202509880066
2023-07-13 08:35:00.206674 - Epoc #	4350	 16.062756061553955
2023-07-13 08:35:16.801193 - Epoc #	4360	 16.594518899917603
2023-07-13 08:35:33.450510 - Epoc #	4370	 16.649317026138306
2023-07-13 08:35:50.452946 - Epoc #	4380	 17.00243592262268
2023-07-13 08:36:06.796648 - Epoc #	4390	 16.3437020778656
2023-07-13 08:36:23.079471 - Epoc #	4400	 16.282823085784912
2023-07-13 08:36:39.854148 - Epoc #	4410	 16.77467679977417
2023-07-13 08:36:56.216064 - Epoc #	4420	 16.361916065216064
2023-07-13 08:37:13.252140 - Epoc #	4430	 17.036076068878174
2023-07-13 08:37:30.273765 - Epoc #	4440	 17.02162504196167
2023-07-13 08:37:47.258886 - Epoc #	4450	 16.98512101173401
2023-07-13 08:38:03.493266 - Epoc #	4460	 16.23438000679016
2023-07-13 08:38:20.071388 - Epoc #	4470	 16.57812190055847
2023-07-13 08:38:37.477633 - Epoc #	4480	 17.40624499320984
2023-07-13 08:38:53.774515 - Epoc #	4490	 16.296881914138794
2023-07-13 08:39:10.149510 - Epoc #	4500	 16.37499499320984
2023-07-13 08:39:25.993269 - Epoc #	4510	 15.843759059906006
2023-07-13 08:39:44.946395 - Epoc #	4520	 18.953125953674316
2023-07-13 08:40:01.852641 - Epoc #	4530	 16.906246185302734
2023-07-13 08:40:18.321387 - Epoc #	4540	 16.468745946884155
2023-07-13 08:40:35.055763 - Epoc #	4550	 16.734375953674316
2023-07-13 08:40:51.337613 - Epoc #	4560	 16.2818500995636
2023-07-13 08:41:08.978179 - Epoc #	4570	 17.640565872192383
2023-07-13 08:41:25.384405 - Epoc #	4580	 16.40622591972351
2023-07-13 08:41:41.868868 - Epoc #	4590	 16.484463214874268
2023-07-13 08:41:58.823691 - Epoc #	4600	 16.954822778701782
2023-07-13 08:42:16.542690 - Epoc #	4610	 17.71899914741516
2023-07-13 08:42:33.199679 - Epoc #	4620	 16.656988859176636
2023-07-13 08:42:49.872766 - Epoc #	4630	 16.673087120056152
2023-07-13 08:43:06.403903 - Epoc #	4640	 16.531136989593506
2023-07-13 08:43:23.077395 - Epoc #	4650	 16.673491954803467
2023-07-13 08:43:39.640557 - Epoc #	4660	 16.563162088394165
2023-07-13 08:43:56.234460 - Epoc #	4670	 16.593903064727783
2023-07-13 08:44:14.190782 - Epoc #	4680	 17.956321954727173
2023-07-13 08:44:30.802541 - Epoc #	4690	 16.611758947372437
2023-07-13 08:44:46.900859 - Epoc #	4700	 16.098318099975586
2023-07-13 08:45:03.027932 - Epoc #	4710	 16.12707281112671
2023-07-13 08:45:19.159001 - Epoc #	4720	 16.13106918334961
2023-07-13 08:45:35.291095 - Epoc #	4730	 16.132093906402588
2023-07-13 08:45:51.884843 - Epoc #	4740	 16.593748092651367
2023-07-13 08:46:08.369299 - Epoc #	4750	 16.484455823898315
2023-07-13 08:46:25.462968 - Epoc #	4760	 17.093669176101685
2023-07-13 08:46:42.369299 - Epoc #	4770	 16.906330823898315
2023-07-13 08:46:58.791146 - Epoc #	4780	 16.421847105026245
2023-07-13 08:47:14.509925 - Epoc #	4790	 15.718778848648071
2023-07-13 08:47:31.197416 - Epoc #	4800	 16.687491178512573
2023-07-13 08:47:47.759926 - Epoc #	4810	 16.562510013580322
2023-07-13 08:48:04.931718 - Epoc #	4820	 17.171792030334473
2023-07-13 08:48:21.335656 - Epoc #	4830	 16.403937816619873
2023-07-13 08:48:37.429405 - Epoc #	4840	 16.093749046325684
2023-07-13 08:48:55.538755 - Epoc #	4850	 18.109349966049194
2023-07-13 08:49:11.257587 - Epoc #	4860	 15.718832015991211
2023-07-13 08:49:27.648734 - Epoc #	4870	 16.391147136688232
2023-07-13 08:49:43.367718 - Epoc #	4880	 15.718983888626099
2023-07-13 08:49:59.664592 - Epoc #	4890	 16.296874046325684
2023-07-13 08:50:16.430593 - Epoc #	4900	 16.766000986099243
2023-07-13 08:50:34.951643 - Epoc #	4910	 18.521049976348877
2023-07-13 08:50:51.639722 - Epoc #	4920	 16.688079118728638
2023-07-13 08:51:08.124404 - Epoc #	4930	 16.484681844711304
2023-07-13 08:51:24.610935 - Time between reward step: #	8012.518737077713
2023-07-13 08:51:24.610935 - Average Score: 19.00 Elapsed time: 2:13:33.855218
2023-07-13 08:51:24.610935 - Epoc #	4940	 16.486531019210815
2023-07-13 08:51:42.018464 - Epoc #	4950	 17.40752911567688
2023-07-13 08:51:57.941652 - Epoc #	4960	 15.923187971115112
2023-07-13 08:52:14.177098 - Epoc #	4970	 16.235445976257324
2023-07-13 08:52:30.428714 - Epoc #	4980	 16.25161600112915
2023-07-13 08:52:46.804890 - Epoc #	4990	 16.37617588043213
2023-07-13 08:53:03.433749 - Epoc #	5000	 16.628859043121338
2023-07-13 08:53:19.297873 - Epoc #	5010	 15.864124059677124
2023-07-13 08:53:36.051067 - Epoc #	5020	 16.753194093704224
2023-07-13 08:53:52.911391 - Epoc #	5030	 16.860323905944824
2023-07-13 08:54:09.371255 - Epoc #	5040	 16.459863901138306
2023-07-13 08:54:25.809555 - Epoc #	5050	 16.438300132751465
2023-07-13 08:54:41.983775 - Epoc #	5060	 16.174219846725464
2023-07-13 08:54:58.046278 - Epoc #	5070	 16.06250309944153
2023-07-13 08:55:14.218151 - Epoc #	5080	 16.171873092651367
2023-07-13 08:55:30.358774 - Epoc #	5090	 16.140622854232788
2023-07-13 08:55:46.343147 - Epoc #	5100	 15.984373092651367
2023-07-13 08:56:02.390073 - Epoc #	5110	 16.046926021575928
2023-07-13 08:56:18.936917 - Epoc #	5120	 16.546844005584717
2023-07-13 08:56:34.999405 - Epoc #	5130	 16.062487840652466
2023-07-13 08:56:51.390021 - Epoc #	5140	 16.375002145767212
2023-07-13 08:57:07.811904 - Epoc #	5150	 16.42188286781311
2023-07-13 08:57:24.780658 - Epoc #	5160	 16.968754053115845
2023-07-13 08:57:40.827539 - Epoc #	5170	 16.046880960464478
2023-07-13 08:57:58.343236 - Epoc #	5180	 17.51569700241089
2023-07-13 08:58:14.483777 - Epoc #	5190	 16.140541076660156
2023-07-13 08:58:31.280652 - Epoc #	5200	 16.796875
2023-07-13 08:58:48.187494 - Epoc #	5210	 16.90684199333191
2023-07-13 08:59:04.313641 - Epoc #	5220	 16.126147031784058
2023-07-13 08:59:20.626140 - Epoc #	5230	 16.312499046325684
2023-07-13 08:59:37.110527 - Epoc #	5240	 16.484386920928955
2023-07-13 08:59:53.251140 - Epoc #	5250	 16.140613079071045
2023-07-13 09:00:09.626450 - Epoc #	5260	 16.375309944152832
2023-07-13 09:00:26.103778 - Epoc #	5270	 16.477327823638916
2023-07-13 09:00:42.228893 - Epoc #	5280	 16.125115156173706
2023-07-13 09:00:58.385711 - Epoc #	5290	 16.15681791305542
2023-07-13 09:01:14.808839 - Epoc #	5300	 16.423128128051758
2023-07-13 09:01:31.295265 - Epoc #	5310	 16.48642587661743
2023-07-13 09:01:47.312997 - Epoc #	5320	 16.0177321434021
2023-07-13 09:02:03.207426 - Epoc #	5330	 15.894428968429565
2023-07-13 09:02:19.275386 - Epoc #	5340	 16.067960023880005
2023-07-13 09:02:35.593940 - Epoc #	5350	 16.318553924560547
2023-07-13 09:02:51.812664 - Epoc #	5360	 16.218724012374878
2023-07-13 09:03:08.220134 - Epoc #	5370	 16.407469987869263
2023-07-13 09:03:24.415409 - Epoc #	5380	 16.19527506828308
2023-07-13 09:03:40.697721 - Epoc #	5390	 16.28231191635132
2023-07-13 09:03:56.760219 - Epoc #	5400	 16.062498092651367
2023-07-13 09:04:13.119666 - Epoc #	5410	 16.35944700241089
2023-07-13 09:04:29.338412 - Epoc #	5420	 16.218745946884155
2023-07-13 09:04:45.229197 - Epoc #	5430	 15.890784978866577
2023-07-13 09:05:01.463826 - Epoc #	5440	 16.234628915786743
2023-07-13 09:05:17.732292 - Epoc #	5450	 16.268465995788574
2023-07-13 09:05:33.770738 - Epoc #	5460	 16.038445949554443
2023-07-13 09:05:50.370377 - Epoc #	5470	 16.599639177322388
2023-07-13 09:06:06.313824 - Epoc #	5480	 15.94344687461853
2023-07-13 09:06:22.459836 - Epoc #	5490	 16.1460120677948
2023-07-13 09:06:38.791595 - Epoc #	5500	 16.331758975982666
2023-07-13 09:06:55.124487 - Epoc #	5510	 16.332891941070557
2023-07-13 09:07:12.003588 - Epoc #	5520	 16.879101037979126
2023-07-13 09:07:27.649208 - Epoc #	5530	 15.645620107650757
2023-07-13 09:07:44.231180 - Epoc #	5540	 16.581971883773804
2023-07-13 09:08:00.078389 - Epoc #	5550	 15.847208976745605
2023-07-13 09:08:16.159102 - Epoc #	5560	 16.080713033676147
2023-07-13 09:08:33.129890 - Epoc #	5570	 16.97078800201416
2023-07-13 09:08:50.193539 - Epoc #	5580	 17.06364893913269
2023-07-13 09:09:07.492469 - Epoc #	5590	 17.298930168151855
2023-07-13 09:09:23.669886 - Epoc #	5600	 16.177417039871216
2023-07-13 09:09:39.752606 - Epoc #	5610	 16.082719802856445
2023-07-13 09:09:56.257158 - Epoc #	5620	 16.504552125930786
2023-07-13 09:10:12.439781 - Epoc #	5630	 16.1826229095459
2023-07-13 09:10:29.571452 - Epoc #	5640	 17.13167095184326
2023-07-13 09:10:46.140299 - Epoc #	5650	 16.568847179412842
2023-07-13 09:11:02.410363 - Epoc #	5660	 16.270063877105713
2023-07-13 09:11:18.915552 - Epoc #	5670	 16.505188941955566
2023-07-13 09:11:35.439942 - Epoc #	5680	 16.52438998222351
2023-07-13 09:11:51.564915 - Epoc #	5690	 16.12497305870056
2023-07-13 09:12:08.143144 - Epoc #	5700	 16.57822895050049
2023-07-13 09:12:24.701841 - Epoc #	5710	 16.55869722366333
2023-07-13 09:12:43.130389 - Epoc #	5720	 18.428547859191895
2023-07-13 09:13:01.116131 - Epoc #	5730	 17.98574209213257
2023-07-13 09:13:17.291748 - Epoc #	5740	 16.175616979599
2023-07-13 09:13:34.137231 - Epoc #	5750	 16.84548306465149
2023-07-13 09:13:50.543889 - Epoc #	5760	 16.406657934188843
2023-07-13 09:14:07.450685 - Epoc #	5770	 16.906795978546143
2023-07-13 09:14:24.750189 - Epoc #	5780	 17.299504041671753
2023-07-13 09:14:41.485385 - Epoc #	5790	 16.735195875167847
2023-07-13 09:14:57.883452 - Epoc #	5800	 16.398066997528076
2023-07-13 09:15:14.853740 - Epoc #	5810	 16.970288038253784
2023-07-13 09:15:31.638722 - Epoc #	5820	 16.784981966018677
2023-07-13 09:15:48.118548 - Epoc #	5830	 16.479825973510742
2023-07-13 09:16:04.840209 - Epoc #	5840	 16.72166109085083
2023-07-13 09:16:21.764872 - Epoc #	5850	 16.924663066864014
2023-07-13 09:16:39.203508 - Epoc #	5860	 17.43863582611084
2023-07-13 09:16:55.532572 - Epoc #	5870	 16.32906413078308
2023-07-13 09:17:11.707484 - Epoc #	5880	 16.174911975860596
2023-07-13 09:17:28.223653 - Epoc #	5890	 16.51616907119751
2023-07-13 09:17:44.241891 - Epoc #	5900	 16.018237829208374
2023-07-13 09:18:01.620786 - Epoc #	5910	 17.378895044326782
2023-07-13 09:18:17.992303 - Epoc #	5920	 16.371516942977905
2023-07-13 09:18:27.885928 - Epoc #	5930	 9.893625020980835
2023-07-13 09:18:37.496612 - Epoc #	5940	 9.610684156417847
2023-07-13 09:18:49.226166 - Epoc #	5950	 11.729553937911987
2023-07-13 09:19:05.804611 - Epoc #	5960	 16.578444957733154
2023-07-13 09:19:22.367817 - Epoc #	5970	 16.56320595741272
2023-07-13 09:19:38.367822 - Epoc #	5980	 16.00000500679016
2023-07-13 09:19:54.571572 - Epoc #	5990	 16.203750133514404
2023-07-13 09:20:12.946990 - Epoc #	6000	 18.375417947769165
2023-07-13 09:20:28.775631 - Epoc #	6010	 15.828640937805176
2023-07-13 09:20:45.975509 - Epoc #	6020	 17.199877977371216
2023-07-13 09:21:01.928772 - Epoc #	6030	 15.9532630443573
2023-07-13 09:21:19.272530 - Epoc #	6040	 17.34375810623169
2023-07-13 09:21:36.522527 - Epoc #	6050	 17.24999690055847
2023-07-13 09:21:53.242195 - Epoc #	6060	 16.71966791152954
2023-07-13 09:22:09.836626 - Epoc #	6070	 16.594431161880493
2023-07-13 09:22:25.853419 - Epoc #	6080	 16.01679301261902
2023-07-13 09:22:42.963020 - Epoc #	6090	 17.10960102081299
2023-07-13 09:22:58.948997 - Epoc #	6100	 15.985976934432983
2023-07-13 09:23:15.545848 - Epoc #	6110	 16.596850872039795
2023-07-13 09:23:34.144128 - Epoc #	6120	 18.59828019142151
2023-07-13 09:23:50.957682 - Epoc #	6130	 16.81355381011963
2023-07-13 09:24:07.780286 - Epoc #	6140	 16.822604179382324
2023-07-13 09:24:23.433412 - Epoc #	6150	 15.653126001358032
2023-07-13 09:24:39.654762 - Epoc #	6160	 16.221349954605103
2023-07-13 09:24:55.545374 - Epoc #	6170	 15.89061188697815
2023-07-13 09:25:13.045377 - Epoc #	6180	 17.50000309944153
2023-07-13 09:25:29.529763 - Epoc #	6190	 16.48438596725464
2023-07-13 09:25:45.804817 - Epoc #	6200	 16.27505397796631
2023-07-13 09:26:02.362379 - Epoc #	6210	 16.557562112808228
2023-07-13 09:26:19.366779 - Epoc #	6220	 17.00440001487732
2023-07-13 09:26:35.744015 - Epoc #	6230	 16.377235889434814
2023-07-13 09:26:53.859991 - Epoc #	6240	 18.115976095199585
2023-07-13 09:27:11.503177 - Epoc #	6250	 17.64318585395813
2023-07-13 09:27:27.717853 - Epoc #	6260	 16.21467614173889
2023-07-13 09:27:44.297066 - Epoc #	6270	 16.57921290397644
2023-07-13 09:28:01.396802 - Epoc #	6280	 17.099735975265503
2023-07-13 09:28:17.937606 - Epoc #	6290	 16.540804147720337
2023-07-13 09:28:34.688156 - Epoc #	6300	 16.750549793243408
2023-07-13 09:28:51.749553 - Epoc #	6310	 17.061397075653076
2023-07-13 09:29:09.297085 - Epoc #	6320	 17.547532081604004
2023-07-13 09:29:26.013933 - Epoc #	6330	 16.716847896575928
2023-07-13 09:29:42.420877 - Epoc #	6340	 16.406944036483765
2023-07-13 09:29:59.445927 - Epoc #	6350	 17.025049924850464
2023-07-13 09:30:15.512666 - Epoc #	6360	 16.066739082336426
2023-07-13 09:30:33.136638 - Epoc #	6370	 17.623971939086914
2023-07-13 09:30:50.255426 - Epoc #	6380	 17.11878800392151
2023-07-13 09:31:06.986937 - Epoc #	6390	 16.731511116027832
2023-07-13 09:31:23.814895 - Epoc #	6400	 16.82795786857605
2023-07-13 09:31:40.774880 - Epoc #	6410	 16.95998501777649
2023-07-13 09:31:57.872133 - Epoc #	6420	 17.09725308418274
2023-07-13 09:32:14.563450 - Epoc #	6430	 16.691317081451416
2023-07-13 09:32:32.231228 - Epoc #	6440	 17.66777801513672
2023-07-13 09:32:48.793303 - Epoc #	6450	 16.562074899673462
2023-07-13 09:33:06.477546 - Epoc #	6460	 17.684242963790894
2023-07-13 09:33:22.992925 - Epoc #	6470	 16.515378952026367
2023-07-13 09:33:39.770964 - Epoc #	6480	 16.77803897857666
2023-07-13 09:33:57.064043 - Epoc #	6490	 17.293079137802124
2023-07-13 09:34:16.676673 - Epoc #	6500	 19.612629890441895
2023-07-13 09:34:33.801623 - Epoc #	6510	 17.124950170516968
2023-07-13 09:34:50.505810 - Epoc #	6520	 16.70418691635132
2023-07-13 09:35:07.265586 - Epoc #	6530	 16.7597758769989
2023-07-13 09:35:25.697679 - Epoc #	6540	 18.432093143463135
2023-07-13 09:35:42.739647 - Epoc #	6550	 17.04196786880493
2023-07-13 09:36:00.741514 - Epoc #	6560	 18.001867055892944
2023-07-13 09:36:17.715788 - Epoc #	6570	 16.974273920059204
2023-07-13 09:36:34.383578 - Epoc #	6580	 16.667790174484253
2023-07-13 09:36:51.942885 - Epoc #	6590	 17.559306859970093
2023-07-13 09:37:08.419243 - Epoc #	6600	 16.47635817527771
2023-07-13 09:37:25.249280 - Epoc #	6610	 16.830036878585815
2023-07-13 09:37:42.397186 - Epoc #	6620	 17.147906064987183
2023-07-13 09:37:59.186421 - Epoc #	6630	 16.78923487663269
2023-07-13 09:38:16.370353 - Epoc #	6640	 17.183932065963745
2023-07-13 09:38:34.018223 - Epoc #	6650	 17.64787006378174
2023-07-13 09:38:52.368861 - Epoc #	6660	 18.350637912750244
2023-07-13 09:39:10.326555 - Epoc #	6670	 17.957694053649902
2023-07-13 09:39:27.496941 - Epoc #	6680	 17.17038607597351
2023-07-13 09:39:45.907833 - Epoc #	6690	 18.410892009735107
2023-07-13 09:40:03.061324 - Epoc #	6700	 17.153490781784058
2023-07-13 09:40:19.752844 - Epoc #	6710	 16.69152021408081
2023-07-13 09:40:36.676423 - Epoc #	6720	 16.92357897758484
2023-07-13 09:40:54.222364 - Epoc #	6730	 17.54594087600708
2023-07-13 09:41:11.313624 - Epoc #	6740	 17.091259956359863
2023-07-13 09:41:28.854135 - Epoc #	6750	 17.54051113128662
2023-07-13 09:41:46.951709 - Epoc #	6760	 18.09757399559021
2023-07-13 09:42:04.123522 - Epoc #	6770	 17.171813011169434
2023-07-13 09:42:19.944458 - Epoc #	6780	 15.82093596458435
2023-07-13 09:42:37.460515 - Epoc #	6790	 17.516057014465332
2023-07-13 09:42:54.583920 - Epoc #	6800	 17.12340497970581
2023-07-13 09:43:11.704384 - Epoc #	6810	 17.120464086532593
2023-07-13 09:43:29.413011 - Epoc #	6820	 17.708626985549927
2023-07-13 09:43:48.169878 - Epoc #	6830	 18.756866931915283
2023-07-13 09:44:04.942389 - Epoc #	6840	 16.77251100540161
2023-07-13 09:44:22.350049 - Epoc #	6850	 17.407660007476807
2023-07-13 09:44:39.952355 - Epoc #	6860	 17.60230588912964
2023-07-13 09:44:56.403771 - Epoc #	6870	 16.451416015625
2023-07-13 09:45:13.089173 - Epoc #	6880	 16.685402154922485
2023-07-13 09:45:29.300083 - Epoc #	6890	 16.210909843444824
2023-07-13 09:45:47.218793 - Epoc #	6900	 17.918709993362427
2023-07-13 09:46:05.065967 - Epoc #	6910	 17.847174167633057
2023-07-13 09:46:22.219153 - Epoc #	6920	 17.153185844421387
2023-07-13 09:46:39.640272 - Epoc #	6930	 17.42111897468567
2023-07-13 09:46:57.543793 - Epoc #	6940	 17.903521060943604
2023-07-13 09:47:14.733696 - Epoc #	6950	 17.189903020858765
2023-07-13 09:47:31.408470 - Epoc #	6960	 16.674773931503296
2023-07-13 09:47:48.183844 - Epoc #	6970	 16.775374174118042
2023-07-13 09:48:04.821431 - Epoc #	6980	 16.63758683204651
2023-07-13 09:48:22.746683 - Epoc #	6990	 17.925251960754395
2023-07-13 09:48:40.182275 - Epoc #	7000	 17.43559217453003
2023-07-13 09:48:57.819136 - Epoc #	7010	 17.636860847473145
2023-07-13 09:49:15.918541 - Epoc #	7020	 18.09940505027771
2023-07-13 09:49:34.017314 - Epoc #	7030	 18.09877300262451
2023-07-13 09:49:50.989074 - Epoc #	7040	 16.971760034561157
2023-07-13 09:50:08.463115 - Epoc #	7050	 17.474040985107422
2023-07-13 09:50:10.404729 - Time between reward step: #	11538.312530994415
2023-07-13 09:50:10.404729 - Average Score: 20.00 Elapsed time: 3:12:19.645038
2023-07-13 09:50:25.701951 - Epoc #	7060	 17.23883605003357
2023-07-13 09:50:43.361028 - Epoc #	7070	 17.659076929092407
2023-07-13 09:51:01.400193 - Epoc #	7080	 18.039165019989014
2023-07-13 09:51:04.878407 - Time between reward step: #	11592.786209106445
2023-07-13 09:51:04.878407 - Average Score: 21.00 Elapsed time: 3:13:14.124704
2023-07-13 09:51:17.886886 - Epoc #	7090	 16.486692905426025
2023-07-13 09:51:34.538984 - Epoc #	7100	 16.652098178863525
2023-07-13 09:51:43.232932 - Time between reward step: #	11631.14073419571
2023-07-13 09:51:43.232932 - Average Score: 22.00 Elapsed time: 3:13:52.465837
2023-07-13 09:51:51.796962 - Epoc #	7110	 17.257977962493896
2023-07-13 09:52:09.650771 - Epoc #	7120	 17.853808879852295
2023-07-13 09:52:27.233959 - Epoc #	7130	 17.5831880569458
2023-07-13 09:52:44.515650 - Epoc #	7140	 17.281691074371338
2023-07-13 09:53:01.144275 - Epoc #	7150	 16.627624034881592
2023-07-13 09:53:18.448139 - Epoc #	7160	 17.303864002227783
2023-07-13 09:53:35.966380 - Epoc #	7170	 17.518240928649902
2023-07-13 09:53:52.298828 - Epoc #	7180	 16.33244800567627
2023-07-13 09:54:09.166823 - Epoc #	7190	 16.867995023727417
2023-07-13 09:54:26.355173 - Epoc #	7200	 17.188350200653076
2023-07-13 09:54:43.013179 - Epoc #	7210	 16.658005952835083
2023-07-13 09:55:00.193026 - Epoc #	7220	 17.17984700202942
2023-07-13 09:55:16.894386 - Epoc #	7230	 16.70135998725891
2023-07-13 09:55:33.879343 - Epoc #	7240	 16.984956979751587
2023-07-13 09:55:51.826426 - Epoc #	7250	 17.947082996368408
2023-07-13 09:56:09.968791 - Epoc #	7260	 18.142364978790283
2023-07-13 09:56:27.100616 - Epoc #	7270	 17.13182497024536
2023-07-13 09:56:43.782103 - Epoc #	7280	 16.68148708343506
2023-07-13 09:57:00.917805 - Epoc #	7290	 17.135701894760132
2023-07-13 09:57:16.896192 - Epoc #	7300	 15.978387117385864
2023-07-13 09:57:33.201339 - Epoc #	7310	 16.30514693260193
2023-07-13 09:57:49.920890 - Epoc #	7320	 16.71955108642578
2023-07-13 09:58:06.664975 - Epoc #	7330	 16.74408483505249
2023-07-13 09:58:23.920337 - Epoc #	7340	 17.255362033843994
2023-07-13 09:58:40.739932 - Epoc #	7350	 16.819595098495483
2023-07-13 09:58:58.102675 - Epoc #	7360	 17.36274290084839
2023-07-13 09:59:16.266170 - Epoc #	7370	 18.16349506378174
2023-07-13 09:59:33.099631 - Epoc #	7380	 16.833461046218872
2023-07-13 09:59:50.652466 - Epoc #	7390	 17.55283498764038
2023-07-13 10:00:07.285441 - Epoc #	7400	 16.632974863052368
2023-07-13 10:00:25.986338 - Epoc #	7410	 18.700896978378296
2023-07-13 10:00:43.136343 - Epoc #	7420	 17.150005102157593
2023-07-13 10:01:01.331778 - Epoc #	7430	 18.195435047149658
2023-07-13 10:01:18.171066 - Epoc #	7440	 16.839287996292114
2023-07-13 10:01:19.930973 - Time between reward step: #	12207.838775157928
2023-07-13 10:01:19.930973 - Average Score: 23.00 Elapsed time: 3:23:29.163866
2023-07-13 10:01:26.892686 - Time between reward step: #	12214.800487995148
2023-07-13 10:01:26.892686 - Average Score: 24.00 Elapsed time: 3:23:36.131118
2023-07-13 10:01:36.639980 - Epoc #	7450	 18.468914031982422
2023-07-13 10:01:40.692779 - Time between reward step: #	12228.600581169128
2023-07-13 10:01:40.692779 - Average Score: 25.00 Elapsed time: 3:23:49.925814
2023-07-13 10:01:46.066867 - Time between reward step: #	12233.974669218063
2023-07-13 10:01:46.066867 - Average Score: 26.00 Elapsed time: 3:23:55.307448
2023-07-13 10:01:55.347180 - Epoc #	7460	 18.707199811935425
2023-07-13 10:01:57.265207 - Time between reward step: #	12245.17300915718
2023-07-13 10:01:57.265207 - Average Score: 27.00 Elapsed time: 3:24:06.509378
2023-07-13 10:01:59.230225 - Time between reward step: #	12247.138027191162
2023-07-13 10:01:59.230225 - Average Score: 28.00 Elapsed time: 3:24:08.471268
2023-07-13 10:02:12.967015 - Epoc #	7470	 17.619835138320923
2023-07-13 10:02:30.212280 - Epoc #	7480	 17.245265007019043
2023-07-13 10:02:46.692024 - Epoc #	7490	 16.47974395751953
2023-07-13 10:03:03.017446 - Epoc #	7500	 16.325422048568726
2023-07-13 10:03:20.372131 - Epoc #	7510	 17.354685068130493
2023-07-13 10:03:37.147419 - Epoc #	7520	 16.775287866592407
2023-07-13 10:03:54.767138 - Epoc #	7530	 17.6197190284729
2023-07-13 10:04:12.762545 - Epoc #	7540	 17.995407104492188
2023-07-13 10:04:30.767277 - Epoc #	7550	 18.00473189353943
2023-07-13 10:04:48.087503 - Epoc #	7560	 17.320225954055786
2023-07-13 10:05:05.009261 - Epoc #	7570	 16.92175793647766
2023-07-13 10:05:22.797181 - Epoc #	7580	 17.787919998168945
2023-07-13 10:05:39.567333 - Epoc #	7590	 16.77015209197998
2023-07-13 10:05:57.557000 - Epoc #	7600	 17.98966693878174
2023-07-13 10:06:14.502504 - Epoc #	7610	 16.945504188537598
2023-07-13 10:06:31.317694 - Epoc #	7620	 16.815189838409424
2023-07-13 10:06:48.538850 - Epoc #	7630	 17.221156120300293
2023-07-13 10:07:06.267517 - Epoc #	7640	 17.72866702079773
2023-07-13 10:07:23.467310 - Epoc #	7650	 17.199792861938477
2023-07-13 10:07:40.707511 - Epoc #	7660	 17.240200996398926
2023-07-13 10:07:58.997710 - Epoc #	7670	 18.290199041366577
2023-07-13 10:08:16.817623 - Epoc #	7680	 17.819912910461426
2023-07-13 10:08:35.017562 - Epoc #	7690	 18.199939012527466
2023-07-13 10:08:52.562734 - Epoc #	7700	 17.545171976089478
2023-07-13 10:09:11.593415 - Epoc #	7710	 19.030681133270264
2023-07-13 10:09:29.389680 - Epoc #	7720	 17.79626488685608
2023-07-13 10:09:47.438353 - Epoc #	7730	 18.048673152923584
2023-07-13 10:10:04.477144 - Epoc #	7740	 17.038790941238403
2023-07-13 10:10:20.809263 - Epoc #	7750	 16.33211898803711
2023-07-13 10:10:38.532698 - Epoc #	7760	 17.723434925079346
2023-07-13 10:10:55.602661 - Epoc #	7770	 17.069962978363037
2023-07-13 10:11:12.683249 - Epoc #	7780	 17.0805881023407
2023-07-13 10:11:29.419895 - Epoc #	7790	 16.736645936965942
2023-07-13 10:11:48.197822 - Epoc #	7800	 18.77792716026306
2023-07-13 10:12:06.267350 - Epoc #	7810	 18.069527864456177
2023-07-13 10:12:24.737921 - Epoc #	7820	 18.470571041107178
2023-07-13 10:12:41.117786 - Epoc #	7830	 16.379864931106567
2023-07-13 10:12:59.102812 - Epoc #	7840	 17.985026121139526
2023-07-13 10:13:15.587707 - Epoc #	7850	 16.48489499092102
2023-07-13 10:13:32.848330 - Epoc #	7860	 17.26062297821045
2023-07-13 10:13:50.154741 - Epoc #	7870	 17.306411027908325
2023-07-13 10:14:07.737699 - Epoc #	7880	 17.582957983016968
2023-07-13 10:14:24.677619 - Epoc #	7890	 16.93991994857788
2023-07-13 10:14:41.982679 - Epoc #	7900	 17.305059909820557
2023-07-13 10:14:59.338682 - Epoc #	7910	 17.356003046035767
2023-07-13 10:15:16.167989 - Epoc #	7920	 16.829307079315186
2023-07-13 10:15:33.897725 - Epoc #	7930	 17.72973608970642
2023-07-13 10:15:51.432810 - Epoc #	7940	 17.53508496284485
2023-07-13 10:16:08.688829 - Epoc #	7950	 17.25507092475891
2023-07-13 10:16:25.700222 - Epoc #	7960	 17.011393070220947
2023-07-13 10:16:43.058999 - Epoc #	7970	 17.358777046203613
2023-07-13 10:17:00.727730 - Epoc #	7980	 17.668730974197388
2023-07-13 10:17:17.562600 - Epoc #	7990	 16.834869861602783
2023-07-13 10:17:34.679394 - Epoc #	8000	 17.116794109344482
2023-07-13 10:17:52.537876 - Epoc #	8010	 17.858481884002686
2023-07-13 10:18:09.609601 - Epoc #	8020	 17.071725130081177
2023-07-13 10:18:27.799947 - Epoc #	8030	 18.190346002578735
2023-07-13 10:18:45.148189 - Epoc #	8040	 17.348242044448853
2023-07-13 10:19:01.717617 - Epoc #	8050	 16.569427967071533
2023-07-13 10:19:18.137678 - Epoc #	8060	 16.420060873031616
2023-07-13 10:19:35.238786 - Epoc #	8070	 17.101108074188232
2023-07-13 10:19:51.961921 - Epoc #	8080	 16.723134994506836
2023-07-13 10:20:09.048479 - Epoc #	8090	 17.0865581035614
2023-07-13 10:20:26.665199 - Epoc #	8100	 17.616719961166382
2023-07-13 10:20:45.396201 - Epoc #	8110	 18.73100185394287
2023-07-13 10:21:04.031015 - Epoc #	8120	 18.634814023971558
2023-07-13 10:21:21.214739 - Epoc #	8130	 17.18372416496277
2023-07-13 10:21:37.478066 - Epoc #	8140	 16.26332688331604
2023-07-13 10:21:56.613164 - Epoc #	8150	 19.135097980499268
2023-07-13 10:22:14.940907 - Epoc #	8160	 18.32774305343628
2023-07-13 10:22:32.838175 - Epoc #	8170	 17.897268056869507
2023-07-13 10:22:50.638317 - Epoc #	8180	 17.80014204978943
2023-07-13 10:23:08.083383 - Epoc #	8190	 17.44506597518921
2023-07-13 10:23:26.777918 - Epoc #	8200	 18.69453501701355
2023-07-13 10:23:43.903019 - Epoc #	8210	 17.12510085105896
2023-07-13 10:24:01.418340 - Epoc #	8220	 17.515321016311646
2023-07-13 10:24:19.956386 - Epoc #	8230	 18.53804612159729
2023-07-13 10:24:37.508092 - Epoc #	8240	 17.551705837249756
2023-07-13 10:24:55.741267 - Epoc #	8250	 18.233175039291382
2023-07-13 10:25:12.238684 - Epoc #	8260	 16.497416973114014
2023-07-13 10:25:30.030412 - Epoc #	8270	 17.791728019714355
2023-07-13 10:25:48.060426 - Epoc #	8280	 18.030014038085938
2023-07-13 10:26:06.088373 - Epoc #	8290	 18.027946949005127
2023-07-13 10:26:24.497985 - Epoc #	8300	 18.40961194038391
2023-07-13 10:26:41.838747 - Epoc #	8310	 17.3407621383667
2023-07-13 10:26:58.748222 - Epoc #	8320	 16.909475088119507
2023-07-13 10:27:15.616314 - Epoc #	8330	 16.868091821670532
2023-07-13 10:27:33.618173 - Epoc #	8340	 18.001858949661255
2023-07-13 10:27:51.330473 - Epoc #	8350	 17.712300062179565
2023-07-13 10:28:10.138074 - Epoc #	8360	 18.80760097503662
2023-07-13 10:28:28.345055 - Epoc #	8370	 18.20698118209839
2023-07-13 10:28:46.878349 - Epoc #	8380	 18.533293962478638
2023-07-13 10:29:06.498554 - Epoc #	8390	 19.62020492553711
2023-07-13 10:29:24.148467 - Epoc #	8400	 17.64991307258606
2023-07-13 10:29:40.878292 - Epoc #	8410	 16.729825019836426
2023-07-13 10:29:58.618254 - Epoc #	8420	 17.739961862564087
2023-07-13 10:30:18.308324 - Epoc #	8430	 19.690070152282715
2023-07-13 10:30:35.028666 - Epoc #	8440	 16.72034192085266
2023-07-13 10:30:52.133218 - Epoc #	8450	 17.104552030563354
2023-07-13 10:31:08.999944 - Epoc #	8460	 16.86672592163086
2023-07-13 10:31:26.661993 - Epoc #	8470	 17.662049055099487
2023-07-13 10:31:44.513816 - Epoc #	8480	 17.851823091506958
2023-07-13 10:32:02.168419 - Epoc #	8490	 17.654602766036987
2023-07-13 10:32:19.378385 - Epoc #	8500	 17.20996618270874
2023-07-13 10:32:37.445830 - Epoc #	8510	 18.067445039749146
2023-07-13 10:32:55.373991 - Epoc #	8520	 17.928160905838013
2023-07-13 10:33:13.978906 - Epoc #	8530	 18.604914903640747
2023-07-13 10:33:33.518761 - Epoc #	8540	 19.539855003356934
2023-07-13 10:33:50.368895 - Epoc #	8550	 16.850134134292603
2023-07-13 10:34:07.570433 - Epoc #	8560	 17.20153784751892
2023-07-13 10:34:24.708545 - Epoc #	8570	 17.13811206817627
2023-07-13 10:34:42.022336 - Epoc #	8580	 17.313791036605835
2023-07-13 10:34:59.664866 - Epoc #	8590	 17.64252996444702
2023-07-13 10:35:17.334431 - Epoc #	8600	 17.669564962387085
2023-07-13 10:35:34.727767 - Epoc #	8610	 17.393336057662964
2023-07-13 10:35:51.962715 - Epoc #	8620	 17.23494791984558
2023-07-13 10:36:09.560110 - Epoc #	8630	 17.597395181655884
2023-07-13 10:36:27.075977 - Epoc #	8640	 17.515866994857788
2023-07-13 10:36:44.836346 - Epoc #	8650	 17.760368824005127
2023-07-13 10:37:02.110273 - Epoc #	8660	 17.273926973342896
2023-07-13 10:37:20.804740 - Epoc #	8670	 18.694467067718506
2023-07-13 10:37:38.226294 - Epoc #	8680	 17.42155408859253
2023-07-13 10:37:55.430871 - Epoc #	8690	 17.20457696914673
2023-07-13 10:38:12.394093 - Epoc #	8700	 16.96322202682495
2023-07-13 10:38:30.118073 - Epoc #	8710	 17.723979949951172
2023-07-13 10:38:47.049854 - Epoc #	8720	 16.93178105354309
2023-07-13 10:39:03.780920 - Epoc #	8730	 16.73106598854065
2023-07-13 10:39:20.715705 - Epoc #	8740	 16.93478488922119
2023-07-13 10:39:37.925614 - Epoc #	8750	 17.209909200668335
2023-07-13 10:39:55.786012 - Epoc #	8760	 17.860397815704346
2023-07-13 10:40:13.151612 - Epoc #	8770	 17.365600109100342
2023-07-13 10:40:30.399740 - Epoc #	8780	 17.248127937316895
2023-07-13 10:40:48.326441 - Epoc #	8790	 17.926701068878174
2023-07-13 10:41:05.884461 - Epoc #	8800	 17.558019876480103
2023-07-13 10:41:23.665812 - Epoc #	8810	 17.78135108947754
2023-07-13 10:41:41.424623 - Epoc #	8820	 17.758810997009277
2023-07-13 10:41:59.116559 - Epoc #	8830	 17.691936016082764
2023-07-13 10:42:02.904818 - Time between reward step: #	14650.812620162964
2023-07-13 10:42:02.904818 - Average Score: 29.00 Elapsed time: 4:04:12.139038
2023-07-13 10:42:11.832956 - Time between reward step: #	14659.740758180618
2023-07-13 10:42:11.832956 - Average Score: 30.00 Elapsed time: 4:04:21.078750
2023-07-13 10:42:13.839533 - Time between reward step: #	14661.747335195541
2023-07-13 10:42:13.839533 - Average Score: 31.00 Elapsed time: 4:04:23.085265
2023-07-13 10:42:17.097580 - Epoc #	8840	 17.9810209274292
2023-07-13 10:42:28.942709 - Time between reward step: #	14676.850511074066
2023-07-13 10:42:28.942709 - Average Score: 32.00 Elapsed time: 4:04:38.177249
2023-07-13 10:42:30.804831 - Time between reward step: #	14678.712633132935
2023-07-13 10:42:30.804831 - Average Score: 33.00 Elapsed time: 4:04:40.045371
2023-07-13 10:42:34.309434 - Time between reward step: #	14682.217236042023
2023-07-13 10:42:34.309434 - Average Score: 34.00 Elapsed time: 4:04:43.553378
2023-07-13 10:42:34.309434 - Epoc #	8850	 17.211853981018066
2023-07-13 10:42:37.837118 - Time between reward step: #	14685.744920015335
2023-07-13 10:42:37.837118 - Average Score: 35.00 Elapsed time: 4:04:47.078367
2023-07-13 10:42:51.298502 - Epoc #	8860	 16.989068031311035
2023-07-13 10:43:08.859820 - Epoc #	8870	 17.561317920684814
2023-07-13 10:43:27.703668 - Epoc #	8880	 18.84384822845459
2023-07-13 10:43:44.820200 - Epoc #	8890	 17.11653184890747
2023-07-13 10:44:01.434714 - Epoc #	8900	 16.614514112472534
2023-07-13 10:44:18.701222 - Epoc #	8910	 17.266507863998413
2023-07-13 10:44:36.435872 - Epoc #	8920	 17.734650135040283
2023-07-13 10:44:54.017977 - Epoc #	8930	 17.582104921340942
2023-07-13 10:45:12.056078 - Epoc #	8940	 18.038100957870483
2023-07-13 10:45:29.593294 - Epoc #	8950	 17.53721594810486
2023-07-13 10:45:46.718119 - Epoc #	8960	 17.12482500076294
2023-07-13 10:46:04.254955 - Epoc #	8970	 17.53683614730835
2023-07-13 10:46:21.883477 - Epoc #	8980	 17.62852191925049
2023-07-13 10:46:39.142047 - Epoc #	8990	 17.258569955825806
2023-07-13 10:46:57.123143 - Epoc #	9000	 17.981096029281616
2023-07-13 10:47:14.625518 - Epoc #	9010	 17.50237512588501
2023-07-13 10:47:32.865066 - Epoc #	9020	 18.239547967910767
2023-07-13 10:47:50.688531 - Epoc #	9030	 17.82346487045288
2023-07-13 10:48:08.928280 - Epoc #	9040	 18.23974919319153
2023-07-13 10:48:26.134939 - Epoc #	9050	 17.206658840179443
2023-07-13 10:48:44.228203 - Epoc #	9060	 18.09326410293579
2023-07-13 10:49:02.563516 - Epoc #	9070	 18.335312843322754
2023-07-13 10:49:20.093677 - Epoc #	9080	 17.530161142349243
2023-07-13 10:49:37.633456 - Epoc #	9090	 17.5397789478302
2023-07-13 10:49:55.187131 - Epoc #	9100	 17.553674936294556
2023-07-13 10:50:11.903503 - Epoc #	9110	 16.71637201309204
2023-07-13 10:50:29.087709 - Epoc #	9120	 17.184206008911133
2023-07-13 10:50:46.490218 - Epoc #	9130	 17.402508974075317
2023-07-13 10:51:03.627980 - Epoc #	9140	 17.13776206970215
2023-07-13 10:51:21.024407 - Epoc #	9150	 17.396426916122437
2023-07-13 10:51:39.210107 - Epoc #	9160	 18.185700178146362
2023-07-13 10:51:55.612404 - Epoc #	9170	 16.402297019958496
2023-07-13 10:52:12.527155 - Epoc #	9180	 16.914750814437866
2023-07-13 10:52:30.210417 - Epoc #	9190	 17.68326210975647
2023-07-13 10:52:47.651802 - Epoc #	9200	 17.44138503074646
2023-07-13 10:53:05.352042 - Epoc #	9210	 17.700239896774292
2023-07-13 10:53:23.346024 - Epoc #	9220	 17.993982076644897
2023-07-13 10:53:42.160304 - Epoc #	9230	 18.814280033111572
2023-07-13 10:54:00.396792 - Epoc #	9240	 18.236487865447998
2023-07-13 10:54:17.759214 - Epoc #	9250	 17.362421989440918
2023-07-13 10:54:34.876527 - Epoc #	9260	 17.117313146591187
2023-07-13 10:54:51.175584 - Epoc #	9270	 16.299057006835938
2023-07-13 10:55:08.519197 - Epoc #	9280	 17.343612909317017
2023-07-13 10:55:26.122235 - Epoc #	9290	 17.60303807258606
2023-07-13 10:55:43.235405 - Epoc #	9300	 17.11316990852356
2023-07-13 10:56:01.507514 - Epoc #	9310	 18.272109031677246
2023-07-13 10:56:18.966941 - Epoc #	9320	 17.45942711830139
2023-07-13 10:56:37.048056 - Epoc #	9330	 18.081114768981934
2023-07-13 10:56:53.793646 - Epoc #	9340	 16.745590209960938
2023-07-13 10:57:11.361700 - Epoc #	9350	 17.56805396080017
2023-07-13 10:57:28.140031 - Epoc #	9360	 16.77833104133606
2023-07-13 10:57:45.346414 - Epoc #	9370	 17.206382989883423
2023-07-13 10:58:02.594147 - Epoc #	9380	 17.247732877731323
2023-07-13 10:58:19.984421 - Epoc #	9390	 17.390274047851562
2023-07-13 10:58:37.145453 - Epoc #	9400	 17.16103196144104
2023-07-13 10:58:55.007905 - Epoc #	9410	 17.862452030181885
2023-07-13 10:59:12.462713 - Epoc #	9420	 17.454807996749878
2023-07-13 10:59:29.787663 - Epoc #	9430	 17.324949979782104
2023-07-13 10:59:46.816636 - Epoc #	9440	 17.02897310256958
2023-07-13 11:00:04.092335 - Epoc #	9450	 17.27569890022278
2023-07-13 11:00:21.082291 - Epoc #	9460	 16.98995590209961
2023-07-13 11:00:38.408414 - Epoc #	9470	 17.326122999191284
2023-07-13 11:00:55.838236 - Epoc #	9480	 17.429822206497192
2023-07-13 11:01:13.238047 - Epoc #	9490	 17.399810791015625
2023-07-13 11:01:31.765931 - Epoc #	9500	 18.527884006500244
2023-07-13 11:01:48.863849 - Epoc #	9510	 17.097918033599854
2023-07-13 11:02:06.599019 - Epoc #	9520	 17.735170125961304
2023-07-13 11:02:24.116640 - Epoc #	9530	 17.51762104034424
2023-07-13 11:02:42.517036 - Epoc #	9540	 18.40039587020874
2023-07-13 11:02:59.250929 - Epoc #	9550	 16.733893156051636
2023-07-13 11:03:16.171725 - Epoc #	9560	 16.920795917510986
2023-07-13 11:03:33.029069 - Epoc #	9570	 16.857343912124634
2023-07-13 11:03:50.042733 - Epoc #	9580	 17.01366400718689
2023-07-13 11:04:07.301090 - Epoc #	9590	 17.258357048034668
2023-07-13 11:04:24.204760 - Epoc #	9600	 16.903670072555542
2023-07-13 11:04:41.812640 - Epoc #	9610	 17.607879877090454
2023-07-13 11:04:57.852821 - Epoc #	9620	 16.040181159973145
2023-07-13 11:05:14.562938 - Epoc #	9630	 16.710116863250732
2023-07-13 11:05:31.915873 - Epoc #	9640	 17.352935075759888
2023-07-13 11:05:49.271267 - Epoc #	9650	 17.355393886566162
2023-07-13 11:06:06.245372 - Epoc #	9660	 16.9741051197052
2023-07-13 11:06:23.752571 - Epoc #	9670	 17.50719904899597
2023-07-13 11:06:41.326378 - Epoc #	9680	 17.57380700111389
2023-07-13 11:06:59.189231 - Epoc #	9690	 17.862852811813354
2023-07-13 11:07:15.708783 - Epoc #	9700	 16.519551992416382
2023-07-13 11:07:32.967998 - Epoc #	9710	 17.259215116500854
2023-07-13 11:07:49.666557 - Epoc #	9720	 16.698559045791626
2023-07-13 11:08:06.719686 - Epoc #	9730	 17.053128957748413
2023-07-13 11:08:23.192338 - Epoc #	9740	 16.472651958465576
2023-07-13 11:08:40.693937 - Epoc #	9750	 17.501599073410034
2023-07-13 11:08:51.559154 - Epoc #	9760	 10.865216970443726
2023-07-13 11:09:01.078014 - Epoc #	9770	 9.51885986328125
2023-07-13 11:09:10.548435 - Epoc #	9780	 9.470421075820923
2023-07-13 11:09:20.668894 - Epoc #	9790	 10.120459079742432
2023-07-13 11:09:30.817817 - Epoc #	9800	 10.14892292022705
2023-07-13 11:09:41.392463 - Epoc #	9810	 10.57464599609375
2023-07-13 11:09:51.056967 - Epoc #	9820	 9.664504051208496
2023-07-13 11:10:00.754368 - Epoc #	9830	 9.69740104675293
2023-07-13 11:10:10.628470 - Epoc #	9840	 9.874101877212524
2023-07-13 11:10:20.635907 - Epoc #	9850	 10.007436990737915
2023-07-13 11:10:30.539948 - Epoc #	9860	 9.904041051864624
2023-07-13 11:10:40.397988 - Epoc #	9870	 9.85804009437561
2023-07-13 11:10:50.342623 - Epoc #	9880	 9.944634914398193
2023-07-13 11:10:59.895871 - Epoc #	9890	 9.553247928619385
2023-07-13 11:11:10.030205 - Epoc #	9900	 10.134334087371826
2023-07-13 11:11:20.114647 - Epoc #	9910	 10.084441900253296
2023-07-13 11:11:29.784597 - Epoc #	9920	 9.669950008392334
2023-07-13 11:11:39.768119 - Epoc #	9930	 9.983522176742554
2023-07-13 11:11:44.930243 - Time between reward step: #	16432.83804512024
2023-07-13 11:11:44.931243 - Average Score: 36.00 Elapsed time: 4:33:54.163440
2023-07-13 11:11:49.974333 - Epoc #	9940	 10.20621395111084
2023-07-13 11:11:59.867153 - Epoc #	9950	 9.892819881439209
2023-07-13 11:12:10.349624 - Epoc #	9960	 10.482470989227295
2023-07-13 11:12:20.515594 - Epoc #	9970	 10.165970087051392
2023-07-13 11:12:30.382183 - Epoc #	9980	 9.866589069366455
2023-07-13 11:12:40.184517 - Epoc #	9990	 9.80233383178711
2023-07-13 11:12:49.939396 - Epoc #	10000	 9.754878997802734
2023-07-13 11:12:59.712691 - Epoc #	10010	 9.773295164108276
2023-07-13 11:13:09.184258 - Epoc #	10020	 9.471566915512085
2023-07-13 11:13:19.599219 - Epoc #	10030	 10.414961099624634
2023-07-13 11:13:29.415461 - Epoc #	10040	 9.816241979598999
2023-07-13 11:13:39.315281 - Epoc #	10050	 9.89981985092163
2023-07-13 11:13:49.769170 - Epoc #	10060	 10.45388913154602
2023-07-13 11:14:00.356319 - Epoc #	10070	 10.587148904800415
2023-07-13 11:14:10.261242 - Epoc #	10080	 9.90492296218872
2023-07-13 11:14:20.386018 - Epoc #	10090	 10.124776124954224
2023-07-13 11:14:31.524342 - Epoc #	10100	 11.13832402229309
2023-07-13 11:14:41.807521 - Epoc #	10110	 10.28317904472351
2023-07-13 11:14:42.843042 - Time between reward step: #	16610.75084400177
2023-07-13 11:14:42.843042 - Average Score: 37.00 Elapsed time: 4:36:52.076347
2023-07-13 11:14:48.604402 - Time between reward step: #	16616.512204170227
2023-07-13 11:14:48.604402 - Average Score: 38.00 Elapsed time: 4:36:57.837392
2023-07-13 11:14:51.465911 - Epoc #	10120	 9.658389806747437
2023-07-13 11:14:52.504330 - Time between reward step: #	16620.412132024765
2023-07-13 11:14:52.504330 - Average Score: 39.00 Elapsed time: 4:37:01.736859
2023-07-13 11:14:56.355053 - Time between reward step: #	16624.262855052948
2023-07-13 11:14:56.355053 - Average Score: 40.00 Elapsed time: 4:37:05.587769
2023-07-13 11:15:01.046283 - Epoc #	10130	 9.580372095108032
2023-07-13 11:15:10.630453 - Epoc #	10140	 9.58417010307312
2023-07-13 11:15:20.597303 - Epoc #	10150	 9.96684980392456
2023-07-13 11:15:30.387041 - Epoc #	10160	 9.789738178253174
2023-07-13 11:15:40.056470 - Epoc #	10170	 9.669428825378418
2023-07-13 11:15:49.685010 - Epoc #	10180	 9.6285400390625
2023-07-13 11:15:59.391127 - Epoc #	10190	 9.706117153167725
2023-07-13 11:16:09.716830 - Epoc #	10200	 10.325702905654907
2023-07-13 11:16:19.860422 - Epoc #	10210	 10.14359188079834
2023-07-13 11:16:29.743220 - Epoc #	10220	 9.882798194885254
2023-07-13 11:16:39.307411 - Epoc #	10230	 9.564190864562988
2023-07-13 11:16:49.756093 - Epoc #	10240	 10.448682069778442
2023-07-13 11:16:59.593198 - Epoc #	10250	 9.83710503578186
2023-07-13 11:17:09.818163 - Epoc #	10260	 10.22496485710144
2023-07-13 11:17:21.042514 - Epoc #	10270	 11.224351167678833
2023-07-13 11:17:30.858788 - Epoc #	10280	 9.816273927688599
2023-07-13 11:17:40.417878 - Epoc #	10290	 9.55908989906311
2023-07-13 11:17:50.008484 - Epoc #	10300	 9.590605974197388
2023-07-13 11:17:58.890524 - Epoc #	10310	 8.882040023803711
2023-07-13 11:18:08.696924 - Epoc #	10320	 9.806400060653687
2023-07-13 11:18:11.713704 - Time between reward step: #	16819.621506214142
2023-07-13 11:18:11.713704 - Average Score: 41.00 Elapsed time: 4:40:20.946526
2023-07-13 11:18:13.656757 - Time between reward step: #	16821.564559221268
2023-07-13 11:18:13.656757 - Average Score: 42.00 Elapsed time: 4:40:22.889088
2023-07-13 11:18:16.377080 - Time between reward step: #	16824.284882068634
2023-07-13 11:18:16.377080 - Average Score: 43.00 Elapsed time: 4:40:25.609533
2023-07-13 11:18:18.159045 - Epoc #	10330	 9.46212100982666
2023-07-13 11:18:27.744582 - Epoc #	10340	 9.58553695678711
2023-07-13 11:18:37.489701 - Epoc #	10350	 9.745119094848633
2023-07-13 11:18:47.169656 - Epoc #	10360	 9.679955005645752
2023-07-13 11:18:57.634520 - Epoc #	10370	 10.464864015579224
2023-07-13 11:19:07.368644 - Epoc #	10380	 9.734123945236206
2023-07-13 11:19:17.354598 - Epoc #	10390	 9.98595404624939
2023-07-13 11:19:27.053002 - Epoc #	10400	 9.69840407371521
2023-07-13 11:19:36.975010 - Epoc #	10410	 9.92200779914856
2023-07-13 11:19:46.804605 - Epoc #	10420	 9.82959508895874
2023-07-13 11:19:57.575623 - Epoc #	10430	 10.771018028259277
2023-07-13 11:20:07.339970 - Epoc #	10440	 9.764347076416016
2023-07-13 11:20:17.089675 - Epoc #	10450	 9.749704837799072
2023-07-13 11:20:27.025721 - Epoc #	10460	 9.936046123504639
2023-07-13 11:20:36.791074 - Epoc #	10470	 9.765352964401245
2023-07-13 11:20:46.738760 - Epoc #	10480	 9.947685956954956
2023-07-13 11:20:56.244989 - Epoc #	10490	 9.506228923797607
2023-07-13 11:21:05.693035 - Epoc #	10500	 9.4480459690094
2023-07-13 11:21:15.780839 - Epoc #	10510	 10.087804079055786
2023-07-13 11:21:25.197674 - Epoc #	10520	 9.416835069656372
2023-07-13 11:21:34.819501 - Epoc #	10530	 9.621826887130737
2023-07-13 11:21:44.453024 - Epoc #	10540	 9.633522987365723
2023-07-13 11:21:54.399028 - Epoc #	10550	 9.946004152297974
2023-07-13 11:22:04.427049 - Epoc #	10560	 10.028020858764648
2023-07-13 11:22:14.147044 - Epoc #	10570	 9.719995021820068
2023-07-13 11:22:23.872025 - Epoc #	10580	 9.72498106956482
2023-07-13 11:22:33.976816 - Epoc #	10590	 10.104790925979614
2023-07-13 11:22:43.494943 - Epoc #	10600	 9.517136096954346
2023-07-13 11:22:53.701606 - Epoc #	10610	 10.206663131713867
2023-07-13 11:23:03.217154 - Epoc #	10620	 9.51554799079895
2023-07-13 11:23:13.369447 - Epoc #	10630	 10.152292966842651
2023-07-13 11:23:23.629165 - Epoc #	10640	 10.25971794128418
2023-07-13 11:23:34.067021 - Epoc #	10650	 10.437855958938599
2023-07-13 11:23:43.981127 - Epoc #	10660	 9.914106130599976
2023-07-13 11:23:54.021987 - Epoc #	10670	 10.040859937667847
2023-07-13 11:24:03.353453 - Epoc #	10680	 9.33146595954895
2023-07-13 11:24:12.946872 - Epoc #	10690	 9.593419075012207
2023-07-13 11:24:23.208488 - Epoc #	10700	 10.261615991592407
2023-07-13 11:24:32.782031 - Epoc #	10710	 9.573543071746826
2023-07-13 11:24:42.593013 - Epoc #	10720	 9.81098198890686
2023-07-13 11:24:52.302078 - Epoc #	10730	 9.709064960479736
2023-07-13 11:25:02.231640 - Epoc #	10740	 9.929562091827393
2023-07-13 11:25:12.199906 - Epoc #	10750	 9.968266010284424
2023-07-13 11:25:21.466993 - Epoc #	10760	 9.26708698272705
2023-07-13 11:25:31.281865 - Epoc #	10770	 9.814871788024902
2023-07-13 11:25:41.577891 - Epoc #	10780	 10.296026229858398
2023-07-13 11:25:51.846836 - Epoc #	10790	 10.26894497871399
2023-07-13 11:26:01.307278 - Epoc #	10800	 9.460441827774048
2023-07-13 11:26:11.227145 - Epoc #	10810	 9.919867038726807
2023-07-13 11:26:21.334224 - Epoc #	10820	 10.107079029083252
2023-07-13 11:26:30.727399 - Epoc #	10830	 9.39317512512207
2023-07-13 11:26:40.877024 - Epoc #	10840	 10.149624824523926
2023-07-13 11:26:50.437135 - Epoc #	10850	 9.560111045837402
2023-07-13 11:27:00.117309 - Epoc #	10860	 9.680174112319946
2023-07-13 11:27:10.133696 - Epoc #	10870	 10.016386985778809
2023-07-13 11:27:11.197103 - Time between reward step: #	17359.10490512848
2023-07-13 11:27:11.197103 - Average Score: 44.00 Elapsed time: 4:49:20.438459
2023-07-13 11:27:19.859729 - Epoc #	10880	 9.726032972335815
2023-07-13 11:27:29.952084 - Epoc #	10890	 10.092355012893677
2023-07-13 11:27:39.646881 - Epoc #	10900	 9.694797039031982
2023-07-13 11:27:50.107113 - Epoc #	10910	 10.46023178100586
2023-07-13 11:27:59.312166 - Time between reward step: #	17407.21996808052
2023-07-13 11:27:59.312166 - Average Score: 45.00 Elapsed time: 4:50:08.548598
2023-07-13 11:28:00.107364 - Epoc #	10920	 10.000251054763794
2023-07-13 11:28:10.191085 - Epoc #	10930	 10.083721160888672
2023-07-13 11:28:19.967154 - Epoc #	10940	 9.776068925857544
2023-07-13 11:28:29.478075 - Epoc #	10950	 9.510921001434326
2023-07-13 11:28:39.344076 - Epoc #	10960	 9.866000890731812
2023-07-13 11:28:49.056857 - Epoc #	10970	 9.712781190872192
2023-07-13 11:28:58.512237 - Epoc #	10980	 9.455379962921143
2023-07-13 11:29:08.267168 - Epoc #	10990	 9.754930973052979
2023-07-13 11:29:16.907599 - Epoc #	11000	 8.640430927276611
2023-07-13 11:29:26.687229 - Epoc #	11010	 9.779629945755005
2023-07-13 11:29:37.347258 - Epoc #	11020	 10.660029172897339
2023-07-13 11:29:47.086913 - Epoc #	11030	 9.739655017852783
2023-07-13 11:29:56.998687 - Epoc #	11040	 9.911773920059204
2023-07-13 11:30:06.433356 - Epoc #	11050	 9.434669017791748
2023-07-13 11:30:16.437440 - Epoc #	11060	 10.00408387184143
2023-07-13 11:30:26.209109 - Epoc #	11070	 9.771669149398804
2023-07-13 11:30:36.567298 - Epoc #	11080	 10.35818886756897
2023-07-13 11:30:46.656013 - Epoc #	11090	 10.088715076446533
2023-07-13 11:30:56.730016 - Epoc #	11100	 10.074002981185913
2023-07-13 11:31:06.287276 - Epoc #	11110	 9.557260036468506
2023-07-13 11:31:16.402231 - Epoc #	11120	 10.114954948425293
2023-07-13 11:31:26.117278 - Epoc #	11130	 9.715047121047974
2023-07-13 11:31:35.545009 - Epoc #	11140	 9.427730798721313
2023-07-13 11:31:45.902409 - Epoc #	11150	 10.357400178909302
2023-07-13 11:31:56.197418 - Epoc #	11160	 10.295008897781372
2023-07-13 11:31:57.302279 - Time between reward step: #	17645.210081100464
2023-07-13 11:31:57.302279 - Average Score: 46.00 Elapsed time: 4:54:06.537413
2023-07-13 11:32:05.917140 - Epoc #	11170	 9.719722032546997
2023-07-13 11:32:15.487455 - Epoc #	11180	 9.570314884185791
2023-07-13 11:32:25.067295 - Epoc #	11190	 9.579840183258057
2023-07-13 11:32:34.677108 - Epoc #	11200	 9.60981297492981
2023-07-13 11:32:44.569372 - Epoc #	11210	 9.892263889312744
2023-07-13 11:32:54.181465 - Epoc #	11220	 9.612092971801758
2023-07-13 11:33:04.010941 - Epoc #	11230	 9.829476118087769
2023-07-13 11:33:13.861124 - Epoc #	11240	 9.850183010101318
2023-07-13 11:33:23.447579 - Epoc #	11250	 9.58645486831665
2023-07-13 11:33:33.192307 - Epoc #	11260	 9.744728088378906
2023-07-13 11:33:43.112295 - Epoc #	11270	 9.919987916946411
2023-07-13 11:33:53.307553 - Epoc #	11280	 10.195258140563965
2023-07-13 11:34:03.000380 - Epoc #	11290	 9.692826986312866
2023-07-13 11:34:12.549705 - Epoc #	11300	 9.549324989318848
2023-07-13 11:34:21.897515 - Epoc #	11310	 9.34781002998352
2023-07-13 11:34:31.667233 - Epoc #	11320	 9.769717931747437
2023-07-13 11:34:42.186458 - Epoc #	11330	 10.519225120544434
2023-07-13 11:34:53.038771 - Epoc #	11340	 10.852312803268433
2023-07-13 11:35:02.652328 - Epoc #	11350	 9.61355710029602
2023-07-13 11:35:12.088491 - Epoc #	11360	 9.436162948608398
2023-07-13 11:35:22.022711 - Epoc #	11370	 9.9342200756073
2023-07-13 11:35:32.037486 - Epoc #	11380	 10.014775037765503
2023-07-13 11:35:42.195784 - Epoc #	11390	 10.158298015594482
2023-07-13 11:35:52.212539 - Epoc #	11400	 10.016754865646362
2023-07-13 11:36:01.927914 - Epoc #	11410	 9.715374946594238
2023-07-13 11:36:11.807283 - Epoc #	11420	 9.879369020462036
2023-07-13 11:36:21.637442 - Epoc #	11430	 9.830159187316895
2023-07-13 11:36:31.337541 - Epoc #	11440	 9.700098991394043
2023-07-13 11:36:41.235974 - Epoc #	11450	 9.898432970046997
2023-07-13 11:36:50.829605 - Epoc #	11460	 9.593631029129028
2023-07-13 11:37:00.432779 - Epoc #	11470	 9.603173971176147
2023-07-13 11:37:10.037736 - Epoc #	11480	 9.604956865310669
2023-07-13 11:37:19.977704 - Epoc #	11490	 9.93996810913086
2023-07-13 11:37:29.348006 - Epoc #	11500	 9.370301961898804
2023-07-13 11:37:38.867531 - Epoc #	11510	 9.519525051116943
2023-07-13 11:37:48.901259 - Epoc #	11520	 10.033727884292603
2023-07-13 11:37:58.850034 - Epoc #	11530	 9.948775053024292
2023-07-13 11:38:08.757685 - Epoc #	11540	 9.9076509475708
2023-07-13 11:38:18.711746 - Epoc #	11550	 9.954061031341553
2023-07-13 11:38:28.632871 - Epoc #	11560	 9.921124935150146
2023-07-13 11:38:38.167895 - Epoc #	11570	 9.535024166107178
2023-07-13 11:38:48.079522 - Epoc #	11580	 9.911626815795898
2023-07-13 11:38:58.222925 - Epoc #	11590	 10.143403053283691
2023-07-13 11:39:07.267942 - Epoc #	11600	 9.045017004013062
2023-07-13 11:39:16.987528 - Epoc #	11610	 9.71958613395691
2023-07-13 11:39:26.887470 - Epoc #	11620	 9.89994192123413
2023-07-13 11:39:36.207667 - Epoc #	11630	 9.320197105407715
2023-07-13 11:39:46.470554 - Epoc #	11640	 10.262887001037598
2023-07-13 11:39:56.187756 - Epoc #	11650	 9.717201948165894
2023-07-13 11:40:05.897726 - Epoc #	11660	 9.709969997406006
2023-07-13 11:40:15.612666 - Epoc #	11670	 9.714939832687378
2023-07-13 11:40:25.729126 - Epoc #	11680	 10.116460084915161
2023-07-13 11:40:35.307769 - Epoc #	11690	 9.578643083572388
2023-07-13 11:40:45.086719 - Epoc #	11700	 9.778949975967407
2023-07-13 11:40:54.332774 - Epoc #	11710	 9.246054887771606
2023-07-13 11:41:04.337813 - Epoc #	11720	 10.005038976669312
2023-07-13 11:41:14.457741 - Epoc #	11730	 10.119928121566772
2023-07-13 11:41:24.822922 - Epoc #	11740	 10.365180969238281
2023-07-13 11:41:33.949090 - Epoc #	11750	 9.126168012619019
2023-07-13 11:41:43.902343 - Epoc #	11760	 9.953253030776978
2023-07-13 11:41:54.187978 - Epoc #	11770	 10.285634994506836
2023-07-13 11:42:04.434613 - Epoc #	11780	 10.24663496017456
2023-07-13 11:42:13.507570 - Epoc #	11790	 9.072957038879395
2023-07-13 11:42:23.484793 - Epoc #	11800	 9.977222919464111
2023-07-13 11:42:33.387715 - Epoc #	11810	 9.9029221534729
2023-07-13 11:42:43.169339 - Epoc #	11820	 9.781623840332031
2023-07-13 11:42:53.507691 - Epoc #	11830	 10.338351964950562
2023-07-13 11:43:03.327901 - Epoc #	11840	 9.820209980010986
2023-07-13 11:43:13.142826 - Epoc #	11850	 9.814925193786621
2023-07-13 11:43:23.088008 - Epoc #	11860	 9.945181846618652
2023-07-13 11:43:34.019434 - Epoc #	11870	 10.931426048278809
2023-07-13 11:43:44.171116 - Epoc #	11880	 10.151682138442993
2023-07-13 11:43:53.917706 - Epoc #	11890	 9.74652099609375
2023-07-13 11:44:03.825765 - Epoc #	11900	 9.908058881759644
2023-07-13 11:44:14.087719 - Epoc #	11910	 10.261954069137573
2023-07-13 11:44:24.069723 - Epoc #	11920	 9.982003927230835
2023-07-13 11:44:33.909766 - Epoc #	11930	 9.840043067932129
2023-07-13 11:44:43.979790 - Epoc #	11940	 10.070024013519287
2023-07-13 11:44:51.433119 - Time between reward step: #	18419.34092116356
2023-07-13 11:44:51.433119 - Average Score: 47.00 Elapsed time: 5:07:00.669163
2023-07-13 11:44:54.440717 - Epoc #	11950	 10.46092700958252
2023-07-13 11:45:04.092233 - Epoc #	11960	 9.65151596069336
2023-07-13 11:45:14.786888 - Epoc #	11970	 10.694654941558838
2023-07-13 11:45:24.227862 - Epoc #	11980	 9.440973997116089
2023-07-13 11:45:33.743887 - Epoc #	11990	 9.516025066375732
2023-07-13 11:45:43.479461 - Epoc #	12000	 9.735574007034302
2023-07-13 11:45:53.018207 - Epoc #	12010	 9.538746118545532
2023-07-13 11:46:02.818085 - Epoc #	12020	 9.799877882003784
2023-07-13 11:46:12.233419 - Epoc #	12030	 9.415333986282349
2023-07-13 11:46:21.997983 - Epoc #	12040	 9.764564037322998
2023-07-13 11:46:32.128045 - Epoc #	12050	 10.130062103271484
2023-07-13 11:46:42.142861 - Epoc #	12060	 10.01481580734253
2023-07-13 11:46:52.137919 - Epoc #	12070	 9.995058059692383
2023-07-13 11:47:02.154991 - Epoc #	12080	 10.017071962356567
2023-07-13 11:47:07.293549 - Time between reward step: #	18555.20135116577
2023-07-13 11:47:07.293549 - Average Score: 48.00 Elapsed time: 5:09:16.526788
2023-07-13 11:47:08.368170 - Time between reward step: #	18556.275972127914
2023-07-13 11:47:08.368170 - Average Score: 49.00 Elapsed time: 5:09:17.601761
2023-07-13 11:47:12.403930 - Epoc #	12090	 10.248939037322998
2023-07-13 11:47:16.478310 - Time between reward step: #	18564.386112213135
2023-07-13 11:47:16.478310 - Average Score: 50.00 Elapsed time: 5:09:25.712191
2023-07-13 11:47:19.548156 - Time between reward step: #	18567.455958127975
2023-07-13 11:47:19.548156 - Average Score: 51.00 Elapsed time: 5:09:28.781369
2023-07-13 11:47:22.728111 - Epoc #	12100	 10.324181079864502
2023-07-13 11:47:32.428278 - Epoc #	12110	 9.700166940689087
2023-07-13 11:47:42.417780 - Epoc #	12120	 9.989501953125
2023-07-13 11:47:52.282836 - Epoc #	12130	 9.865056037902832
2023-07-13 11:48:00.987878 - Time between reward step: #	18608.895680189133
2023-07-13 11:48:00.987878 - Average Score: 52.00 Elapsed time: 5:10:10.222747
2023-07-13 11:48:02.088255 - Time between reward step: #	18609.99605703354
2023-07-13 11:48:02.088255 - Average Score: 53.00 Elapsed time: 5:10:11.321360
2023-07-13 11:48:02.998093 - Epoc #	12140	 10.715256929397583
2023-07-13 11:48:12.961985 - Epoc #	12150	 9.963892221450806
2023-07-13 11:48:23.027976 - Epoc #	12160	 10.065990924835205
2023-07-13 11:48:33.104226 - Epoc #	12170	 10.076250076293945
2023-07-13 11:48:34.168027 - Time between reward step: #	18642.075829029083
2023-07-13 11:48:34.168027 - Average Score: 54.00 Elapsed time: 5:10:43.403979
2023-07-13 11:48:42.718122 - Epoc #	12180	 9.613895893096924
2023-07-13 11:48:52.042528 - Epoc #	12190	 9.324405908584595
2023-07-13 11:49:01.657866 - Epoc #	12200	 9.61533808708191
2023-07-13 11:49:11.447863 - Epoc #	12210	 9.789997100830078
2023-07-13 11:49:21.681199 - Epoc #	12220	 10.233335971832275
2023-07-13 11:49:31.398211 - Epoc #	12230	 9.71701192855835
2023-07-13 11:49:41.928121 - Epoc #	12240	 10.52991008758545
2023-07-13 11:49:51.928198 - Epoc #	12250	 10.00007700920105
2023-07-13 11:50:01.788248 - Epoc #	12260	 9.860049962997437
2023-07-13 11:50:11.628177 - Epoc #	12270	 9.83992886543274
2023-07-13 11:50:21.898166 - Epoc #	12280	 10.269989013671875
2023-07-13 11:50:32.398436 - Epoc #	12290	 10.500270128250122
2023-07-13 11:50:42.743245 - Epoc #	12300	 10.34480881690979
2023-07-13 11:50:52.653116 - Epoc #	12310	 9.909871101379395
2023-07-13 11:51:02.428072 - Epoc #	12320	 9.774955987930298
2023-07-13 11:51:12.403504 - Epoc #	12330	 9.9754319190979
2023-07-13 11:51:22.058165 - Epoc #	12340	 9.654661178588867
2023-07-13 11:51:31.671058 - Epoc #	12350	 9.612892866134644
2023-07-13 11:51:40.918547 - Epoc #	12360	 9.247488975524902
2023-07-13 11:51:50.833386 - Epoc #	12370	 9.914839029312134
2023-07-13 11:52:01.298455 - Epoc #	12380	 10.465069055557251
2023-07-13 11:52:11.568462 - Epoc #	12390	 10.270006895065308
2023-07-13 11:52:21.343369 - Epoc #	12400	 9.774907112121582
2023-07-13 11:52:31.200012 - Epoc #	12410	 9.856642961502075
2023-07-13 11:52:41.438562 - Epoc #	12420	 10.238549947738647
2023-07-13 11:52:52.069390 - Epoc #	12430	 10.630828142166138
2023-07-13 11:53:01.778097 - Epoc #	12440	 9.708706855773926
2023-07-13 11:53:11.633526 - Epoc #	12450	 9.85542917251587
2023-07-13 11:53:21.864226 - Epoc #	12460	 10.230700016021729
2023-07-13 11:53:31.358126 - Epoc #	12470	 9.493899822235107
2023-07-13 11:53:41.105735 - Epoc #	12480	 9.74760913848877
2023-07-13 11:53:51.414627 - Epoc #	12490	 10.308892011642456
