2023-07-12 16:47:02.431850 - Starting learning loop ...
==================================================================
2023-07-12 16:47:02.431850 - Using Framebuffer of: 4 frames	 and 	ReplayBufferSize: 25000
2023-07-12 16:47:02.431850 - Loglevel is set to: a
2023-07-12 16:47:02.431850 - Epoc #	0	 
2023-07-12 16:47:12.072470 - Epoc #	10	 9.640619993209839
2023-07-12 16:47:21.228716 - Epoc #	20	 9.156245946884155
2023-07-12 16:47:30.088101 - Epoc #	30	 8.859385013580322
2023-07-12 16:47:39.072432 - Epoc #	40	 8.984331130981445
2023-07-12 16:47:47.978648 - Epoc #	50	 8.906215906143188
2023-07-12 16:47:56.931843 - Epoc #	60	 8.953195095062256
2023-07-12 16:48:06.181763 - Epoc #	70	 9.249919891357422
2023-07-12 16:48:14.898189 - Epoc #	80	 8.716426134109497
2023-07-12 16:48:23.695117 - Epoc #	90	 8.79692792892456
2023-07-12 16:48:32.882541 - Epoc #	100	 9.187423944473267
2023-07-12 16:48:36.695117 - Time between reward step: #	94.26326704025269
2023-07-12 16:48:36.695117 - Average Score: 7.00 Elapsed time: 0:01:35.549615
2023-07-12 16:48:38.554488 - Time between reward step: #	96.12263798713684
2023-07-12 16:48:38.554488 - Average Score: 8.00 Elapsed time: 0:01:37.396883
2023-07-12 16:48:42.070115 - Epoc #	110	 9.1875741481781
2023-07-12 16:48:43.023172 - Time between reward step: #	100.59132194519043
2023-07-12 16:48:43.023172 - Average Score: 9.00 Elapsed time: 0:01:41.874898
2023-07-12 16:48:43.992726 - Time between reward step: #	101.56087613105774
2023-07-12 16:48:43.992726 - Average Score: 10.00 Elapsed time: 0:01:42.845665
2023-07-12 16:48:51.147617 - Epoc #	120	 9.077502012252808
2023-07-12 16:48:58.414135 - Time between reward step: #	115.9822850227356
2023-07-12 16:48:58.414135 - Average Score: 11.00 Elapsed time: 0:01:57.259171
2023-07-12 16:49:00.089118 - Epoc #	130	 8.941500902175903
2023-07-12 16:49:09.578158 - Epoc #	140	 9.489039897918701
2023-07-12 16:49:18.850221 - Epoc #	150	 9.27206301689148
2023-07-12 16:49:27.715153 - Epoc #	160	 8.8649320602417
2023-07-12 16:49:36.533208 - Epoc #	170	 8.818054914474487
2023-07-12 16:49:45.542342 - Epoc #	180	 9.00913405418396
2023-07-12 16:49:54.511092 - Epoc #	190	 8.96875
2023-07-12 16:50:03.698885 - Epoc #	200	 9.187793016433716
2023-07-12 16:50:12.720775 - Epoc #	210	 9.021889925003052
2023-07-12 16:50:21.603459 - Epoc #	220	 8.882683992385864
2023-07-12 16:50:30.806693 - Epoc #	230	 9.203234195709229
2023-07-12 16:50:40.507308 - Epoc #	240	 9.700614929199219
2023-07-12 16:50:49.663551 - Epoc #	250	 9.156243085861206
2023-07-12 16:50:58.835393 - Epoc #	260	 9.171841859817505
2023-07-12 16:51:07.913560 - Epoc #	270	 9.078166961669922
2023-07-12 16:51:16.867043 - Epoc #	280	 8.95348310470581
2023-07-12 16:51:26.226447 - Epoc #	290	 9.35940408706665
2023-07-12 16:51:35.087206 - Epoc #	300	 8.860758781433105
2023-07-12 16:51:44.602840 - Epoc #	310	 9.515634059906006
2023-07-12 16:51:53.243468 - Epoc #	320	 8.640628099441528
2023-07-12 16:52:02.118457 - Epoc #	330	 8.874989032745361
2023-07-12 16:52:11.056752 - Epoc #	340	 8.938294887542725
2023-07-12 16:52:20.056751 - Epoc #	350	 8.999999046325684
2023-07-12 16:52:29.056783 - Epoc #	360	 9.0000319480896
2023-07-12 16:52:38.353631 - Epoc #	370	 9.296848058700562
2023-07-12 16:52:47.134913 - Epoc #	380	 8.7812819480896
2023-07-12 16:52:56.119260 - Epoc #	390	 8.984347105026245
2023-07-12 16:53:05.072394 - Epoc #	400	 8.953133821487427
2023-07-12 16:53:14.210321 - Epoc #	410	 9.137927055358887
2023-07-12 16:53:23.147837 - Epoc #	420	 8.9375159740448
2023-07-12 16:53:32.866584 - Epoc #	430	 9.71874713897705
2023-07-12 16:53:41.976208 - Epoc #	440	 9.109623908996582
2023-07-12 16:53:50.694955 - Epoc #	450	 8.71874713897705
2023-07-12 16:54:00.194951 - Epoc #	460	 9.499995946884155
2023-07-12 16:54:09.038697 - Epoc #	470	 8.843745946884155
2023-07-12 16:54:18.790048 - Epoc #	480	 9.75135087966919
2023-07-12 16:54:27.947096 - Epoc #	490	 9.157048225402832
2023-07-12 16:54:36.841823 - Epoc #	500	 8.894726991653442
2023-07-12 16:54:45.870633 - Epoc #	510	 9.028809785842896
2023-07-12 16:54:54.690581 - Epoc #	520	 8.819948196411133
2023-07-12 16:55:03.966585 - Epoc #	530	 9.27600383758545
2023-07-12 16:55:12.980107 - Epoc #	540	 9.013522148132324
2023-07-12 16:55:21.942439 - Epoc #	550	 8.962332010269165
2023-07-12 16:55:30.753877 - Epoc #	560	 8.811437845230103
2023-07-12 16:55:39.612939 - Epoc #	570	 8.85906195640564
2023-07-12 16:55:48.753625 - Epoc #	580	 9.14068603515625
2023-07-12 16:55:58.125353 - Epoc #	590	 9.37172818183899
2023-07-12 16:56:07.073942 - Epoc #	600	 8.948588848114014
2023-07-12 16:56:15.845445 - Epoc #	610	 8.77150297164917
2023-07-12 16:56:24.939435 - Epoc #	620	 9.093990087509155
2023-07-12 16:56:34.020938 - Epoc #	630	 9.081502914428711
2023-07-12 16:56:42.964701 - Epoc #	640	 8.943763017654419
2023-07-12 16:56:52.068235 - Epoc #	650	 9.10353398323059
2023-07-12 16:57:01.169318 - Epoc #	660	 9.101083040237427
2023-07-12 16:57:10.234305 - Epoc #	670	 9.064986944198608
2023-07-12 16:57:19.394485 - Epoc #	680	 9.16018009185791
2023-07-12 16:57:28.718647 - Epoc #	690	 9.324162006378174
2023-07-12 16:57:37.928119 - Epoc #	700	 9.209471940994263
2023-07-12 16:57:47.067927 - Epoc #	710	 9.139807939529419
2023-07-12 16:57:56.046939 - Epoc #	720	 8.97901201248169
2023-07-12 16:58:05.087537 - Epoc #	730	 9.040598154067993
2023-07-12 16:58:14.043190 - Epoc #	740	 8.955652952194214
2023-07-12 16:58:22.952752 - Epoc #	750	 8.909562110900879
2023-07-12 16:58:32.191067 - Epoc #	760	 9.238314867019653
2023-07-12 16:58:40.927088 - Epoc #	770	 8.736021041870117
2023-07-12 16:58:50.095969 - Epoc #	780	 9.168880939483643
2023-07-12 16:58:58.770001 - Epoc #	790	 8.674031972885132
2023-07-12 16:59:08.988687 - Epoc #	800	 10.2186861038208
2023-07-12 16:59:18.350721 - Epoc #	810	 9.36203384399414
2023-07-12 16:59:27.054714 - Epoc #	820	 8.703993082046509
2023-07-12 16:59:36.134878 - Epoc #	830	 9.080163955688477
2023-07-12 16:59:45.354604 - Epoc #	840	 9.219726085662842
2023-07-12 16:59:54.542728 - Epoc #	850	 9.188123941421509
2023-07-12 17:00:03.576462 - Epoc #	860	 9.03373408317566
2023-07-12 17:00:12.807097 - Epoc #	870	 9.230634927749634
2023-07-12 17:00:22.158353 - Epoc #	880	 9.351256132125854
2023-07-12 17:00:31.179722 - Epoc #	890	 9.021368980407715
2023-07-12 17:00:40.277963 - Epoc #	900	 9.098240852355957
2023-07-12 17:00:49.142229 - Epoc #	910	 8.864266157150269
2023-07-12 17:00:58.101423 - Epoc #	920	 8.95919394493103
2023-07-12 17:01:06.911809 - Epoc #	930	 8.810385942459106
2023-07-12 17:01:16.366335 - Epoc #	940	 9.4545259475708
2023-07-12 17:01:25.119860 - Epoc #	950	 8.753525018692017
2023-07-12 17:01:33.984339 - Epoc #	960	 8.864479064941406
2023-07-12 17:01:43.016542 - Epoc #	970	 9.032202959060669
2023-07-12 17:01:51.898558 - Epoc #	980	 8.882015943527222
2023-07-12 17:02:01.149198 - Epoc #	990	 9.250640153884888
2023-07-12 17:02:10.848522 - Epoc #	1000	 9.699323892593384
2023-07-12 17:02:20.229766 - Epoc #	1010	 9.38124394416809
2023-07-12 17:02:29.204322 - Epoc #	1020	 8.97455620765686
2023-07-12 17:02:37.848782 - Epoc #	1030	 8.644459962844849
2023-07-12 17:02:47.012122 - Epoc #	1040	 9.163339853286743
2023-07-12 17:02:56.080282 - Epoc #	1050	 9.068160057067871
2023-07-12 17:03:04.869749 - Epoc #	1060	 8.789467096328735
2023-07-12 17:03:07.685731 - Time between reward step: #	965.2538809776306
2023-07-12 17:03:07.685731 - Average Score: 12.00 Elapsed time: 0:16:06.535984
2023-07-12 17:03:14.070676 - Epoc #	1070	 9.200927019119263
2023-07-12 17:03:22.971683 - Epoc #	1080	 8.901006937026978
2023-07-12 17:03:32.384367 - Epoc #	1090	 9.412683963775635
2023-07-12 17:03:41.607362 - Epoc #	1100	 9.222995042800903
2023-07-12 17:03:50.673340 - Epoc #	1110	 9.065978050231934
2023-07-12 17:04:00.221783 - Epoc #	1120	 9.548442840576172
2023-07-12 17:04:09.697755 - Epoc #	1130	 9.475972175598145
2023-07-12 17:04:19.390411 - Epoc #	1140	 9.692655801773071
2023-07-12 17:04:28.374582 - Epoc #	1150	 8.984171152114868
2023-07-12 17:04:37.321534 - Epoc #	1160	 8.946951866149902
2023-07-12 17:04:46.527811 - Epoc #	1170	 9.206277132034302
2023-07-12 17:04:56.147392 - Epoc #	1180	 9.6195809841156
2023-07-12 17:05:05.026951 - Epoc #	1190	 8.87955904006958
2023-07-12 17:05:14.882002 - Epoc #	1200	 9.855051040649414
2023-07-12 17:05:24.429966 - Epoc #	1210	 9.547963857650757
2023-07-12 17:05:33.508875 - Epoc #	1220	 9.078908920288086
2023-07-12 17:05:43.052479 - Epoc #	1230	 9.543604135513306
2023-07-12 17:05:52.045859 - Epoc #	1240	 8.993380069732666
2023-07-12 17:06:01.625228 - Epoc #	1250	 9.579368829727173
2023-07-12 17:06:10.628981 - Epoc #	1260	 9.003753185272217
2023-07-12 17:06:19.738178 - Epoc #	1270	 9.109196901321411
2023-07-12 17:06:28.709586 - Epoc #	1280	 8.971407890319824
2023-07-12 17:06:37.766243 - Epoc #	1290	 9.056657075881958
2023-07-12 17:06:46.865612 - Epoc #	1300	 9.099369049072266
2023-07-12 17:06:55.901934 - Epoc #	1310	 9.036321878433228
2023-07-12 17:07:05.614415 - Epoc #	1320	 9.712481021881104
2023-07-12 17:07:14.643157 - Epoc #	1330	 9.02874207496643
2023-07-12 17:07:23.431825 - Epoc #	1340	 8.788667917251587
2023-07-12 17:07:32.331790 - Epoc #	1350	 8.899965047836304
2023-07-12 17:07:41.447309 - Epoc #	1360	 9.115519046783447
2023-07-12 17:07:50.572315 - Epoc #	1370	 9.125005960464478
2023-07-12 17:08:00.384807 - Epoc #	1380	 9.81249213218689
2023-07-12 17:08:09.634810 - Epoc #	1390	 9.25000286102295
2023-07-12 17:08:18.822305 - Epoc #	1400	 9.187494993209839
2023-07-12 17:08:27.979049 - Epoc #	1410	 9.156744003295898
2023-07-12 17:08:37.916543 - Epoc #	1420	 9.937494039535522
2023-07-12 17:08:47.417748 - Epoc #	1430	 9.50120496749878
2023-07-12 17:08:57.027132 - Epoc #	1440	 9.609384059906006
2023-07-12 17:09:06.092584 - Epoc #	1450	 9.065451860427856
2023-07-12 17:09:15.219987 - Epoc #	1460	 9.127403020858765
2023-07-12 17:09:24.283479 - Epoc #	1470	 9.063492059707642
2023-07-12 17:09:33.285664 - Epoc #	1480	 9.002185106277466
2023-07-12 17:09:42.320021 - Epoc #	1490	 9.034356832504272
2023-07-12 17:09:51.322672 - Epoc #	1500	 9.00265097618103
2023-07-12 17:10:00.637351 - Epoc #	1510	 9.314679145812988
2023-07-12 17:10:09.874807 - Epoc #	1520	 9.23745584487915
2023-07-12 17:10:19.049125 - Epoc #	1530	 9.174318075180054
2023-07-12 17:10:28.409252 - Epoc #	1540	 9.360126972198486
2023-07-12 17:10:37.409825 - Epoc #	1550	 9.00057315826416
2023-07-12 17:10:47.286891 - Epoc #	1560	 9.877065896987915
2023-07-12 17:10:56.539159 - Epoc #	1570	 9.252268075942993
2023-07-12 17:11:06.278884 - Epoc #	1580	 9.73972487449646
2023-07-12 17:11:15.750852 - Epoc #	1590	 9.471968173980713
2023-07-12 17:11:26.049702 - Epoc #	1600	 10.298849821090698
2023-07-12 17:11:36.036918 - Epoc #	1610	 9.987215995788574
2023-07-12 17:11:45.399604 - Epoc #	1620	 9.347062110900879
2023-07-12 17:11:54.291114 - Epoc #	1630	 8.891510009765625
2023-07-12 17:12:03.593498 - Epoc #	1640	 9.30238389968872
2023-07-12 17:12:12.879031 - Epoc #	1650	 9.28553295135498
2023-07-12 17:12:22.132883 - Epoc #	1660	 9.253852128982544
2023-07-12 17:12:31.107664 - Epoc #	1670	 8.974781036376953
2023-07-12 17:12:39.970638 - Epoc #	1680	 8.862973928451538
2023-07-12 17:12:49.037194 - Epoc #	1690	 9.066555976867676
2023-07-12 17:12:58.013183 - Epoc #	1700	 8.97598910331726
2023-07-12 17:13:06.855537 - Epoc #	1710	 8.842353820800781
2023-07-12 17:13:15.916278 - Epoc #	1720	 9.060740947723389
2023-07-12 17:13:26.486486 - Epoc #	1730	 10.570208072662354
2023-07-12 17:13:35.399841 - Epoc #	1740	 8.913355112075806
2023-07-12 17:13:44.306090 - Epoc #	1750	 8.906249046325684
2023-07-12 17:13:53.165513 - Epoc #	1760	 8.8594229221344
2023-07-12 17:14:02.259215 - Epoc #	1770	 9.0937020778656
2023-07-12 17:14:11.665360 - Epoc #	1780	 9.406144857406616
2023-07-12 17:14:20.838870 - Epoc #	1790	 9.173510074615479
2023-07-12 17:14:30.262162 - Epoc #	1800	 9.4232919216156
2023-07-12 17:14:39.373933 - Epoc #	1810	 9.11177110671997
2023-07-12 17:14:48.514771 - Epoc #	1820	 9.140837907791138
2023-07-12 17:14:58.548495 - Epoc #	1830	 10.033724069595337
2023-07-12 17:15:07.801082 - Epoc #	1840	 9.252586841583252
2023-07-12 17:15:17.352160 - Epoc #	1850	 9.551078081130981
2023-07-12 17:15:26.484508 - Epoc #	1860	 9.13234806060791
2023-07-12 17:15:35.477813 - Epoc #	1870	 8.993304967880249
2023-07-12 17:15:44.446513 - Epoc #	1880	 8.968699932098389
2023-07-12 17:15:53.759039 - Epoc #	1890	 9.312525987625122
2023-07-12 17:16:02.493388 - Epoc #	1900	 8.734349012374878
2023-07-12 17:16:11.682636 - Epoc #	1910	 9.189248085021973
2023-07-12 17:16:20.667680 - Epoc #	1920	 8.985044002532959
2023-07-12 17:16:30.638829 - Epoc #	1930	 9.97114896774292
2023-07-12 17:16:39.764261 - Epoc #	1940	 9.125432014465332
2023-07-12 17:16:48.795466 - Epoc #	1950	 9.03120493888855
2023-07-12 17:16:57.577376 - Epoc #	1960	 8.781909942626953
2023-07-12 17:17:06.736111 - Epoc #	1970	 9.158735036849976
2023-07-12 17:17:15.879387 - Epoc #	1980	 9.14327597618103
2023-07-12 17:17:24.898335 - Epoc #	1990	 9.018948078155518
2023-07-12 17:17:33.902520 - Epoc #	2000	 9.00418496131897
2023-07-12 17:17:42.735209 - Epoc #	2010	 8.832689046859741
2023-07-12 17:17:52.017191 - Epoc #	2020	 9.281981945037842
2023-07-12 17:18:01.113612 - Epoc #	2030	 9.096421003341675
2023-07-12 17:18:10.757992 - Epoc #	2040	 9.64438009262085
2023-07-12 17:18:20.070556 - Epoc #	2050	 9.3125638961792
2023-07-12 17:18:29.096976 - Epoc #	2060	 9.02642011642456
2023-07-12 17:18:38.094798 - Epoc #	2070	 8.997822046279907
2023-07-12 17:18:47.233468 - Epoc #	2080	 9.138669967651367
2023-07-12 17:18:56.825431 - Epoc #	2090	 9.591963052749634
2023-07-12 17:19:07.319720 - Epoc #	2100	 10.494288921356201
2023-07-12 17:19:16.523973 - Epoc #	2110	 9.20425295829773
2023-07-12 17:19:25.455929 - Epoc #	2120	 8.931956052780151
2023-07-12 17:19:34.520228 - Epoc #	2130	 9.064298868179321
2023-07-12 17:19:43.895487 - Epoc #	2140	 9.375259160995483
2023-07-12 17:19:53.037236 - Epoc #	2150	 9.141748905181885
2023-07-12 17:20:01.740362 - Epoc #	2160	 8.703125953674316
2023-07-12 17:20:10.881886 - Epoc #	2170	 9.141524076461792
2023-07-12 17:20:19.930445 - Epoc #	2180	 9.048558950424194
2023-07-12 17:20:29.461617 - Epoc #	2190	 9.531172037124634
2023-07-12 17:20:38.972441 - Epoc #	2200	 9.510823965072632
2023-07-12 17:20:48.441811 - Epoc #	2210	 9.469370126724243
2023-07-12 17:20:57.457815 - Epoc #	2220	 9.016003847122192
2023-07-12 17:21:07.148443 - Epoc #	2230	 9.690628051757812
2023-07-12 17:21:16.715468 - Epoc #	2240	 9.567024946212769
2023-07-12 17:21:26.031335 - Epoc #	2250	 9.315867185592651
2023-07-12 17:21:35.219109 - Epoc #	2260	 9.187773942947388
2023-07-12 17:21:44.285569 - Epoc #	2270	 9.066459894180298
2023-07-12 17:21:53.539015 - Epoc #	2280	 9.253446102142334
2023-07-12 17:22:02.573501 - Epoc #	2290	 9.034486055374146
2023-07-12 17:22:11.455068 - Epoc #	2300	 8.881567001342773
2023-07-12 17:22:20.930170 - Epoc #	2310	 9.475101947784424
2023-07-12 17:22:30.169858 - Epoc #	2320	 9.2396879196167
2023-07-12 17:22:39.502147 - Epoc #	2330	 9.332288980484009
2023-07-12 17:22:49.060462 - Epoc #	2340	 9.55831503868103
2023-07-12 17:22:58.253740 - Epoc #	2350	 9.193278074264526
2023-07-12 17:23:07.440839 - Epoc #	2360	 9.187098979949951
2023-07-12 17:23:16.937895 - Epoc #	2370	 9.497056007385254
2023-07-12 17:23:26.224871 - Epoc #	2380	 9.286975860595703
2023-07-12 17:23:36.083867 - Epoc #	2390	 9.858996152877808
2023-07-12 17:23:45.638290 - Epoc #	2400	 9.554422855377197
2023-07-12 17:23:54.721879 - Epoc #	2410	 9.08358907699585
2023-07-12 17:24:04.495293 - Epoc #	2420	 9.773413896560669
2023-07-12 17:24:13.749477 - Epoc #	2430	 9.254184007644653
2023-07-12 17:24:22.958783 - Epoc #	2440	 9.209306001663208
2023-07-12 17:24:32.285039 - Epoc #	2450	 9.326256036758423
2023-07-12 17:24:42.350197 - Epoc #	2460	 10.065158128738403
2023-07-12 17:24:51.478474 - Epoc #	2470	 9.128276824951172
2023-07-12 17:25:00.729866 - Epoc #	2480	 9.251392126083374
2023-07-12 17:25:10.059328 - Epoc #	2490	 9.329462051391602
2023-07-12 17:25:19.395833 - Epoc #	2500	 9.336504936218262
2023-07-12 17:25:28.660002 - Epoc #	2510	 9.264168977737427
2023-07-12 17:25:37.873678 - Epoc #	2520	 9.21367597579956
2023-07-12 17:25:47.135244 - Epoc #	2530	 9.261565923690796
2023-07-12 17:25:56.606745 - Epoc #	2540	 9.471501111984253
2023-07-12 17:26:05.769929 - Epoc #	2550	 9.16318392753601
2023-07-12 17:26:14.941802 - Epoc #	2560	 9.171873092651367
2023-07-12 17:26:24.769936 - Epoc #	2570	 9.828134059906006
2023-07-12 17:26:27.566720 - Time between reward step: #	2365.1348700523376
2023-07-12 17:26:27.566720 - Average Score: 13.00 Elapsed time: 0:39:26.413152
2023-07-12 17:26:33.879302 - Epoc #	2580	 9.109365940093994
2023-07-12 17:26:37.019844 - Time between reward step: #	2374.5879940986633
2023-07-12 17:26:37.019844 - Average Score: 14.00 Elapsed time: 0:39:35.870593
2023-07-12 17:26:37.926183 - Time between reward step: #	2375.4943330287933
2023-07-12 17:26:37.926183 - Average Score: 15.00 Elapsed time: 0:39:36.781276
2023-07-12 17:26:43.441816 - Epoc #	2590	 9.562514066696167
2023-07-12 17:26:52.816719 - Epoc #	2600	 9.374902963638306
2023-07-12 17:27:01.832343 - Epoc #	2610	 9.015624046325684
2023-07-12 17:27:11.051173 - Epoc #	2620	 9.218829870223999
2023-07-12 17:27:20.035468 - Epoc #	2630	 8.984295129776001
2023-07-12 17:27:29.848025 - Epoc #	2640	 9.812556982040405
2023-07-12 17:27:38.910550 - Epoc #	2650	 9.062525033950806
2023-07-12 17:27:48.035473 - Epoc #	2660	 9.12492299079895
2023-07-12 17:27:57.207428 - Epoc #	2670	 9.171954870223999
2023-07-12 17:28:06.410487 - Epoc #	2680	 9.203058958053589
2023-07-12 17:28:15.691801 - Epoc #	2690	 9.281314134597778
2023-07-12 17:28:24.879218 - Epoc #	2700	 9.187417030334473
2023-07-12 17:28:33.972973 - Epoc #	2710	 9.093755006790161
2023-07-12 17:28:43.082420 - Epoc #	2720	 9.109447002410889
2023-07-12 17:28:52.144850 - Epoc #	2730	 9.062429904937744
2023-07-12 17:29:01.536241 - Epoc #	2740	 9.391391038894653
2023-07-12 17:29:10.817489 - Epoc #	2750	 9.281247854232788
2023-07-12 17:29:20.348733 - Epoc #	2760	 9.531244039535522
2023-07-12 17:29:29.723707 - Epoc #	2770	 9.374974012374878
2023-07-12 17:29:38.864285 - Epoc #	2780	 9.140578031539917
2023-07-12 17:29:47.364373 - Epoc #	2790	 8.500087976455688
2023-07-12 17:29:56.629972 - Epoc #	2800	 9.265599012374878
2023-07-12 17:30:05.536250 - Epoc #	2810	 8.906278133392334
2023-07-12 17:30:14.813147 - Epoc #	2820	 9.276896953582764
2023-07-12 17:30:23.860022 - Epoc #	2830	 9.046875
2023-07-12 17:30:33.375649 - Epoc #	2840	 9.515626907348633
2023-07-12 17:30:42.360096 - Epoc #	2850	 8.984447002410889
2023-07-12 17:30:51.453819 - Epoc #	2860	 9.093723058700562
2023-07-12 17:31:00.313157 - Epoc #	2870	 8.85933804512024
2023-07-12 17:31:09.485027 - Epoc #	2880	 9.171869993209839
2023-07-12 17:31:18.516278 - Epoc #	2890	 9.031250953674316
2023-07-12 17:31:27.500652 - Epoc #	2900	 8.984374046325684
2023-07-12 17:31:37.406900 - Epoc #	2910	 9.906247854232788
2023-07-12 17:31:46.282015 - Epoc #	2920	 8.875115156173706
2023-07-12 17:31:55.360124 - Epoc #	2930	 9.0781090259552
2023-07-12 17:32:04.735118 - Epoc #	2940	 9.374993801116943
2023-07-12 17:32:13.625652 - Epoc #	2950	 8.890534162521362
2023-07-12 17:32:22.688271 - Epoc #	2960	 9.062618970870972
2023-07-12 17:32:32.297525 - Epoc #	2970	 9.609253883361816
2023-07-12 17:32:41.656900 - Epoc #	2980	 9.359375
2023-07-12 17:32:50.438156 - Epoc #	2990	 8.781255960464478
2023-07-12 17:32:59.453818 - Epoc #	3000	 9.01566219329834
2023-07-12 17:33:08.281897 - Epoc #	3010	 8.828078985214233
2023-07-12 17:33:17.719426 - Epoc #	3020	 9.437528848648071
2023-07-12 17:33:27.266479 - Epoc #	3030	 9.547053098678589
2023-07-12 17:33:36.449634 - Epoc #	3040	 9.183155059814453
2023-07-12 17:33:45.777654 - Epoc #	3050	 9.328019857406616
2023-07-12 17:33:54.849470 - Epoc #	3060	 9.071815967559814
2023-07-12 17:34:04.428308 - Epoc #	3070	 9.578838109970093
2023-07-12 17:34:13.647972 - Epoc #	3080	 9.219664096832275
2023-07-12 17:34:23.632385 - Epoc #	3090	 9.984412908554077
2023-07-12 17:34:34.460515 - Epoc #	3100	 10.828130006790161
2023-07-12 17:34:44.069892 - Epoc #	3110	 9.609376907348633
2023-07-12 17:34:53.663652 - Epoc #	3120	 9.593760013580322
2023-07-12 17:35:02.913631 - Epoc #	3130	 9.249979019165039
2023-07-12 17:35:12.257389 - Epoc #	3140	 9.34375810623169
2023-07-12 17:35:21.788667 - Epoc #	3150	 9.531277894973755
2023-07-12 17:35:30.929186 - Epoc #	3160	 9.140519142150879
2023-07-12 17:35:40.344279 - Epoc #	3170	 9.415092945098877
2023-07-12 17:35:49.688033 - Epoc #	3180	 9.343754053115845
2023-07-12 17:35:58.609886 - Epoc #	3190	 8.921852827072144
2023-07-12 17:36:07.750532 - Epoc #	3200	 9.140645980834961
2023-07-12 17:36:17.708904 - Epoc #	3210	 9.958372116088867
2023-07-12 17:36:27.146441 - Epoc #	3220	 9.43753695487976
2023-07-12 17:36:36.255785 - Epoc #	3230	 9.109344005584717
2023-07-12 17:36:45.615236 - Epoc #	3240	 9.359451055526733
2023-07-12 17:36:57.005855 - Epoc #	3250	 11.390619039535522
2023-07-12 17:37:07.896487 - Epoc #	3260	 10.890631914138794
2023-07-12 17:37:16.990212 - Epoc #	3270	 9.093724966049194
2023-07-12 17:37:26.568329 - Epoc #	3280	 9.57811713218689
2023-07-12 17:37:35.802654 - Epoc #	3290	 9.234324932098389
2023-07-12 17:37:44.959010 - Epoc #	3300	 9.156355857849121
2023-07-12 17:37:54.005872 - Epoc #	3310	 9.046862125396729
2023-07-12 17:38:02.990154 - Epoc #	3320	 8.98428201675415
2023-07-12 17:38:12.224530 - Epoc #	3330	 9.234375953674316
2023-07-12 17:38:21.224529 - Epoc #	3340	 8.999999046325684
2023-07-12 17:38:30.505856 - Epoc #	3350	 9.28132700920105
2023-07-12 17:38:39.474604 - Epoc #	3360	 8.968747854232788
2023-07-12 17:38:48.677655 - Epoc #	3370	 9.203051090240479
2023-07-12 17:38:58.755859 - Epoc #	3380	 10.078203916549683
2023-07-12 17:39:07.943324 - Epoc #	3390	 9.187465190887451
2023-07-12 17:39:16.912032 - Epoc #	3400	 8.968707799911499
2023-07-12 17:39:25.943321 - Epoc #	3410	 9.031289100646973
2023-07-12 17:39:35.271451 - Epoc #	3420	 9.328130006790161
2023-07-12 17:39:44.474557 - Epoc #	3430	 9.203105926513672
2023-07-12 17:39:53.849527 - Epoc #	3440	 9.374969959259033
2023-07-12 17:40:03.052655 - Epoc #	3450	 9.203128099441528
2023-07-12 17:40:12.396455 - Epoc #	3460	 9.343800067901611
2023-07-12 17:40:21.490154 - Epoc #	3470	 9.093698978424072
2023-07-12 17:40:30.521422 - Epoc #	3480	 9.031267881393433
2023-07-12 17:40:39.630783 - Epoc #	3490	 9.109361171722412
2023-07-12 17:40:48.662072 - Epoc #	3500	 9.031288862228394
2023-07-12 17:40:58.099531 - Epoc #	3510	 9.437458992004395
2023-07-12 17:41:07.412028 - Epoc #	3520	 9.31249713897705
2023-07-12 17:41:17.099591 - Epoc #	3530	 9.687562942504883
2023-07-12 17:41:26.146404 - Epoc #	3540	 9.046813011169434
2023-07-12 17:41:35.321363 - Epoc #	3550	 9.174958944320679
2023-07-12 17:41:44.694214 - Epoc #	3560	 9.372851133346558
2023-07-12 17:41:53.859914 - Epoc #	3570	 9.16569995880127
2023-07-12 17:42:02.880821 - Epoc #	3580	 9.020906925201416
2023-07-12 17:42:11.873590 - Epoc #	3590	 8.992769002914429
2023-07-12 17:42:21.277394 - Epoc #	3600	 9.403804063796997
2023-07-12 17:42:30.599634 - Epoc #	3610	 9.322239875793457
2023-07-12 17:42:40.138685 - Epoc #	3620	 9.539051055908203
2023-07-12 17:42:49.871313 - Epoc #	3630	 9.732628107070923
2023-07-12 17:42:59.383875 - Epoc #	3640	 9.512561798095703
2023-07-12 17:43:08.776799 - Epoc #	3650	 9.392924070358276
2023-07-12 17:43:17.840096 - Epoc #	3660	 9.063297033309937
2023-07-12 17:43:27.790639 - Epoc #	3670	 9.95054292678833
2023-07-12 17:43:37.032518 - Epoc #	3680	 9.241878986358643
2023-07-12 17:43:46.204924 - Epoc #	3690	 9.172406196594238
2023-07-12 17:43:55.439311 - Epoc #	3700	 9.234386920928955
2023-07-12 17:44:03.908684 - Epoc #	3710	 8.469372987747192
2023-07-12 17:44:13.136657 - Epoc #	3720	 9.227972984313965
2023-07-12 17:44:22.417291 - Epoc #	3730	 9.280633926391602
2023-07-12 17:44:31.402899 - Epoc #	3740	 8.985608100891113
2023-07-12 17:44:40.857149 - Epoc #	3750	 9.454249858856201
2023-07-12 17:44:49.622889 - Epoc #	3760	 8.765740156173706
2023-07-12 17:44:59.344106 - Epoc #	3770	 9.721216917037964
2023-07-12 17:45:08.378567 - Epoc #	3780	 9.03446102142334
2023-07-12 17:45:17.910373 - Epoc #	3790	 9.531805992126465
2023-07-12 17:45:27.162912 - Epoc #	3800	 9.252538919448853
2023-07-12 17:45:37.226730 - Epoc #	3810	 10.063818216323853
2023-07-12 17:45:46.464226 - Epoc #	3820	 9.23749589920044
2023-07-12 17:45:55.558852 - Epoc #	3830	 9.09462594985962
2023-07-12 17:46:05.138089 - Epoc #	3840	 9.57923698425293
2023-07-12 17:46:14.207384 - Epoc #	3850	 9.069295167922974
2023-07-12 17:46:23.256281 - Epoc #	3860	 9.048896789550781
2023-07-12 17:46:32.949359 - Epoc #	3870	 9.69307804107666
2023-07-12 17:46:42.499406 - Epoc #	3880	 9.550047159194946
2023-07-12 17:46:51.916658 - Epoc #	3890	 9.417251825332642
2023-07-12 17:47:00.863453 - Epoc #	3900	 8.946794986724854
2023-07-12 17:47:11.075545 - Epoc #	3910	 10.212092161178589
2023-07-12 17:47:20.086759 - Epoc #	3920	 9.011214017868042
2023-07-12 17:47:29.794210 - Epoc #	3930	 9.707450866699219
2023-07-12 17:47:39.361157 - Epoc #	3940	 9.566946983337402
2023-07-12 17:47:48.645704 - Epoc #	3950	 9.284547090530396
2023-07-12 17:47:58.461630 - Epoc #	3960	 9.81592607498169
2023-07-12 17:48:07.744576 - Epoc #	3970	 9.28294587135315
2023-07-12 17:48:16.810469 - Epoc #	3980	 9.065892934799194
2023-07-12 17:48:26.188148 - Epoc #	3990	 9.377679109573364
2023-07-12 17:48:35.595845 - Epoc #	4000	 9.407696962356567
2023-07-12 17:48:45.472167 - Epoc #	4010	 9.876322031021118
2023-07-12 17:48:54.691199 - Epoc #	4020	 9.219032049179077
2023-07-12 17:49:03.738133 - Epoc #	4030	 9.046933889389038
2023-07-12 17:49:12.896336 - Epoc #	4040	 9.158203125
2023-07-12 17:49:23.618966 - Epoc #	4050	 10.722630023956299
2023-07-12 17:49:32.890385 - Epoc #	4060	 9.271418809890747
2023-07-12 17:49:42.176061 - Epoc #	4070	 9.285676002502441
2023-07-12 17:49:51.098695 - Epoc #	4080	 8.92263412475586
2023-07-12 17:50:00.273834 - Epoc #	4090	 9.1751389503479
2023-07-12 17:50:10.902323 - Epoc #	4100	 10.628489017486572
2023-07-12 17:50:20.234759 - Epoc #	4110	 9.332436084747314
2023-07-12 17:50:29.394000 - Epoc #	4120	 9.159240961074829
2023-07-12 17:50:38.551347 - Epoc #	4130	 9.157346963882446
2023-07-12 17:50:47.693962 - Epoc #	4140	 9.14261507987976
2023-07-12 17:50:56.789389 - Epoc #	4150	 9.095426797866821
2023-07-12 17:51:06.165583 - Epoc #	4160	 9.37619400024414
2023-07-12 17:51:15.202370 - Epoc #	4170	 9.036787033081055
2023-07-12 17:51:24.348868 - Epoc #	4180	 9.146497964859009
2023-07-12 17:51:33.792660 - Epoc #	4190	 9.44379210472107
2023-07-12 17:51:43.628938 - Epoc #	4200	 9.836277961730957
2023-07-12 17:51:52.949582 - Epoc #	4210	 9.32064414024353
2023-07-12 17:52:02.142475 - Epoc #	4220	 9.192892789840698
2023-07-12 17:52:11.523293 - Epoc #	4230	 9.380818128585815
2023-07-12 17:52:21.835804 - Epoc #	4240	 10.312510967254639
2023-07-12 17:52:30.835792 - Epoc #	4250	 8.999988079071045
2023-07-12 17:52:40.007609 - Epoc #	4260	 9.1718168258667
2023-07-12 17:52:49.195865 - Epoc #	4270	 9.188256025314331
2023-07-12 17:52:58.430244 - Epoc #	4280	 9.234379053115845
2023-07-12 17:53:08.667618 - Epoc #	4290	 10.237374067306519
2023-07-12 17:53:18.246262 - Epoc #	4300	 9.578644037246704
2023-07-12 17:53:27.153635 - Epoc #	4310	 8.907372951507568
2023-07-12 17:53:36.388616 - Epoc #	4320	 9.234981060028076
2023-07-12 17:53:45.888576 - Epoc #	4330	 9.499959945678711
2023-07-12 17:53:54.795339 - Epoc #	4340	 8.906763076782227
2023-07-12 17:54:03.920743 - Epoc #	4350	 9.125403881072998
2023-07-12 17:54:13.153285 - Epoc #	4360	 9.232542037963867
2023-07-12 17:54:22.591510 - Epoc #	4370	 9.438225030899048
2023-07-12 17:54:31.763379 - Epoc #	4380	 9.171869039535522
2023-07-12 17:54:40.919626 - Epoc #	4390	 9.156246900558472
2023-07-12 17:54:50.264099 - Epoc #	4400	 9.344472885131836
2023-07-12 17:54:59.342549 - Epoc #	4410	 9.078450202941895
2023-07-12 17:55:08.389832 - Epoc #	4420	 9.047282934188843
2023-07-12 17:55:17.624326 - Epoc #	4430	 9.234493970870972
2023-07-12 17:55:26.968086 - Epoc #	4440	 9.343760013580322
2023-07-12 17:55:36.186822 - Epoc #	4450	 9.218735933303833
2023-07-12 17:55:45.687208 - Epoc #	4460	 9.500385999679565
2023-07-12 17:55:55.156468 - Epoc #	4470	 9.469259977340698
2023-07-12 17:56:04.468967 - Epoc #	4480	 9.312499046325684
2023-07-12 17:56:13.390837 - Epoc #	4490	 8.921869993209839
2023-07-12 17:56:22.782335 - Epoc #	4500	 9.39149808883667
2023-07-12 17:56:32.658140 - Epoc #	4510	 9.875804901123047
2023-07-12 17:56:41.690315 - Epoc #	4520	 9.032175064086914
2023-07-12 17:56:51.096949 - Epoc #	4530	 9.406634092330933
2023-07-12 17:57:00.176932 - Epoc #	4540	 9.079982995986938
2023-07-12 17:57:09.395691 - Epoc #	4550	 9.218758821487427
2023-07-12 17:57:18.411278 - Epoc #	4560	 9.015587091445923
2023-07-12 17:57:27.536840 - Epoc #	4570	 9.125561952590942
2023-07-12 17:57:37.755592 - Epoc #	4580	 10.218752145767212
2023-07-12 17:57:46.866308 - Epoc #	4590	 9.110715866088867
2023-07-12 17:57:55.897976 - Epoc #	4600	 9.031667947769165
2023-07-12 17:58:05.335472 - Epoc #	4610	 9.437496185302734
2023-07-12 17:58:14.352039 - Epoc #	4620	 9.01656699180603
2023-07-12 17:58:23.852718 - Epoc #	4630	 9.500679016113281
2023-07-12 17:58:34.383962 - Epoc #	4640	 10.531243801116943
2023-07-12 17:58:43.383946 - Epoc #	4650	 8.9999840259552
2023-07-12 17:58:52.431567 - Epoc #	4660	 9.047621011734009
2023-07-12 17:59:01.541386 - Epoc #	4670	 9.109818935394287
2023-07-12 17:59:09.989150 - Epoc #	4680	 8.447764158248901
2023-07-12 17:59:19.163666 - Epoc #	4690	 9.174515962600708
2023-07-12 17:59:28.195674 - Epoc #	4700	 9.032007932662964
2023-07-12 17:59:38.593638 - Epoc #	4710	 10.397964000701904
2023-07-12 17:59:49.167467 - Epoc #	4720	 10.573829174041748
2023-07-12 17:59:58.356724 - Epoc #	4730	 9.1892569065094
2023-07-12 18:00:07.722074 - Epoc #	4740	 9.365350008010864
2023-07-12 18:00:17.067076 - Epoc #	4750	 9.345001935958862
2023-07-12 18:00:26.373102 - Epoc #	4760	 9.306025981903076
2023-07-12 18:00:35.498237 - Epoc #	4770	 9.125134944915771
2023-07-12 18:00:44.733816 - Epoc #	4780	 9.235579013824463
2023-07-12 18:00:54.516101 - Epoc #	4790	 9.78228497505188
2023-07-12 18:01:03.828861 - Epoc #	4800	 9.3127601146698
2023-07-12 18:01:13.003857 - Epoc #	4810	 9.17499589920044
2023-07-12 18:01:22.113689 - Epoc #	4820	 9.109832048416138
2023-07-12 18:01:33.479676 - Epoc #	4830	 11.365987062454224
2023-07-12 18:01:44.154568 - Epoc #	4840	 10.674891948699951
2023-07-12 18:01:54.982685 - Epoc #	4850	 10.82811713218689
2023-07-12 18:02:05.499897 - Epoc #	4860	 10.5172119140625
2023-07-12 18:02:14.753175 - Epoc #	4870	 9.253278017044067
2023-07-12 18:02:23.768884 - Epoc #	4880	 9.015708923339844
2023-07-12 18:02:33.145595 - Epoc #	4890	 9.376711130142212
2023-07-12 18:02:42.836281 - Epoc #	4900	 9.690685987472534
2023-07-12 18:02:52.168765 - Epoc #	4910	 9.332484006881714
2023-07-12 18:03:01.328241 - Epoc #	4920	 9.159476041793823
2023-07-12 18:03:11.254378 - Epoc #	4930	 9.92613697052002
2023-07-12 18:03:20.558691 - Epoc #	4940	 9.304312944412231
2023-07-12 18:03:29.905078 - Epoc #	4950	 9.346386909484863
2023-07-12 18:03:39.222495 - Epoc #	4960	 9.31741714477539
2023-07-12 18:03:48.519369 - Epoc #	4970	 9.296873807907104
2023-07-12 18:03:57.910020 - Epoc #	4980	 9.390651226043701
2023-07-12 18:04:07.878824 - Epoc #	4990	 9.968803882598877
2023-07-12 18:04:17.349254 - Epoc #	5000	 9.47042989730835
2023-07-12 18:04:26.772336 - Epoc #	5010	 9.423082113265991
2023-07-12 18:04:35.945005 - Epoc #	5020	 9.172668933868408
2023-07-12 18:04:45.321029 - Epoc #	5030	 9.376024007797241
2023-07-12 18:04:54.431492 - Epoc #	5040	 9.11046314239502
2023-07-12 18:05:03.259613 - Epoc #	5050	 8.828120946884155
2023-07-12 18:05:12.773506 - Epoc #	5060	 9.513892889022827
2023-07-12 18:05:21.894166 - Epoc #	5070	 9.120660066604614
2023-07-12 18:05:31.196843 - Epoc #	5080	 9.302676916122437
2023-07-12 18:05:42.487702 - Epoc #	5090	 11.29085898399353
2023-07-12 18:05:53.139151 - Epoc #	5100	 10.651449203491211
2023-07-12 18:06:02.445656 - Epoc #	5110	 9.306504964828491
2023-07-12 18:06:11.591179 - Epoc #	5120	 9.145522832870483
2023-07-12 18:06:20.915353 - Epoc #	5130	 9.324174165725708
2023-07-12 18:06:25.653958 - Time between reward step: #	4763.222108125687
2023-07-12 18:06:25.653958 - Average Score: 16.00 Elapsed time: 1:19:24.496239
2023-07-12 18:06:30.319442 - Epoc #	5140	 9.404088973999023
2023-07-12 18:06:39.685009 - Epoc #	5150	 9.365566968917847
2023-07-12 18:06:49.263191 - Epoc #	5160	 9.578181982040405
2023-07-12 18:06:58.544387 - Epoc #	5170	 9.281196117401123
2023-07-12 18:07:07.997563 - Epoc #	5180	 9.453175783157349
2023-07-12 18:07:17.504584 - Epoc #	5190	 9.507021188735962
2023-07-12 18:07:27.277286 - Epoc #	5200	 9.772701978683472
2023-07-12 18:07:37.567883 - Epoc #	5210	 10.290596961975098
2023-07-12 18:07:46.790726 - Epoc #	5220	 9.222842931747437
2023-07-12 18:07:55.812036 - Epoc #	5230	 9.021310091018677
2023-07-12 18:07:58.735481 - Time between reward step: #	4856.303631067276
2023-07-12 18:07:58.735481 - Average Score: 17.00 Elapsed time: 1:20:57.581051
2023-07-12 18:08:05.226291 - Epoc #	5240	 9.414254903793335
2023-07-12 18:08:10.901656 - Time between reward step: #	4868.469805955887
2023-07-12 18:08:10.901656 - Average Score: 18.00 Elapsed time: 1:21:09.743209
2023-07-12 18:08:14.433351 - Epoc #	5250	 9.207060098648071
2023-07-12 18:08:15.371079 - Time between reward step: #	4872.939229011536
2023-07-12 18:08:15.371079 - Average Score: 19.00 Elapsed time: 1:21:14.217696
2023-07-12 18:08:23.876861 - Epoc #	5260	 9.443510055541992
2023-07-12 18:08:24.892489 - Time between reward step: #	4882.460638999939
2023-07-12 18:08:24.892489 - Average Score: 20.00 Elapsed time: 1:21:23.745135
2023-07-12 18:08:26.001867 - Time between reward step: #	4883.5700170993805
2023-07-12 18:08:26.001867 - Average Score: 21.00 Elapsed time: 1:21:24.844823
2023-07-12 18:08:27.017489 - Time between reward step: #	4884.585638999939
2023-07-12 18:08:27.017489 - Average Score: 22.00 Elapsed time: 1:21:25.862644
2023-07-12 18:08:28.095960 - Time between reward step: #	4885.664109945297
2023-07-12 18:08:28.095960 - Average Score: 23.00 Elapsed time: 1:21:26.950128
2023-07-12 18:08:33.644749 - Epoc #	5270	 9.767887830734253
2023-07-12 18:08:44.623638 - Epoc #	5280	 10.978888988494873
2023-07-12 18:08:54.412970 - Epoc #	5290	 9.789332151412964
2023-07-12 18:09:05.682266 - Epoc #	5300	 11.269295930862427
2023-07-12 18:09:15.256862 - Epoc #	5310	 9.574595928192139
2023-07-12 18:09:24.738402 - Epoc #	5320	 9.481539964675903
2023-07-12 18:09:33.956725 - Epoc #	5330	 9.218322992324829
2023-07-12 18:09:43.195181 - Epoc #	5340	 9.238456010818481
2023-07-12 18:09:52.351431 - Epoc #	5350	 9.15625
2023-07-12 18:10:01.663940 - Epoc #	5360	 9.312509059906006
2023-07-12 18:10:10.851940 - Epoc #	5370	 9.187999963760376
2023-07-12 18:10:20.324760 - Epoc #	5380	 9.472820043563843
2023-07-12 18:10:29.997889 - Epoc #	5390	 9.673129081726074
2023-07-12 18:10:39.295929 - Epoc #	5400	 9.29803991317749
2023-07-12 18:10:49.500857 - Epoc #	5410	 10.204928159713745
2023-07-12 18:10:58.767835 - Epoc #	5420	 9.266977787017822
2023-07-12 18:11:08.005509 - Epoc #	5430	 9.237673997879028
2023-07-12 18:11:17.337113 - Epoc #	5440	 9.33160400390625
2023-07-12 18:11:26.872439 - Epoc #	5450	 9.53532600402832
2023-07-12 18:11:36.016059 - Epoc #	5460	 9.143620014190674
2023-07-12 18:11:46.830563 - Epoc #	5470	 10.814504146575928
2023-07-12 18:11:55.802940 - Epoc #	5480	 8.972376823425293
2023-07-12 18:12:05.886222 - Epoc #	5490	 10.083281993865967
2023-07-12 18:12:15.366293 - Epoc #	5500	 9.480071067810059
2023-07-12 18:12:25.202709 - Epoc #	5510	 9.836416006088257
2023-07-12 18:12:34.286051 - Epoc #	5520	 9.0833420753479
2023-07-12 18:12:43.591484 - Epoc #	5530	 9.30543303489685
2023-07-12 18:12:52.896220 - Epoc #	5540	 9.304735898971558
2023-07-12 18:13:02.727236 - Epoc #	5550	 9.831016063690186
2023-07-12 18:13:11.831443 - Epoc #	5560	 9.104207038879395
2023-07-12 18:13:21.030014 - Epoc #	5570	 9.198570966720581
2023-07-12 18:13:30.229016 - Epoc #	5580	 9.199002027511597
2023-07-12 18:13:39.362553 - Epoc #	5590	 9.13353681564331
2023-07-12 18:13:48.540721 - Epoc #	5600	 9.178168058395386
2023-07-12 18:13:57.882153 - Epoc #	5610	 9.341432094573975
2023-07-12 18:14:07.269757 - Epoc #	5620	 9.387603998184204
2023-07-12 18:14:16.202727 - Epoc #	5630	 8.93297004699707
2023-07-12 18:14:25.846508 - Epoc #	5640	 9.643780946731567
2023-07-12 18:14:35.181620 - Epoc #	5650	 9.335111856460571
2023-07-12 18:14:44.452871 - Epoc #	5660	 9.271251201629639
2023-07-12 18:14:54.252399 - Epoc #	5670	 9.799527883529663
2023-07-12 18:15:03.274791 - Epoc #	5680	 9.02239203453064
2023-07-12 18:15:12.514063 - Epoc #	5690	 9.239271879196167
2023-07-12 18:15:22.076900 - Epoc #	5700	 9.56283712387085
2023-07-12 18:15:31.118468 - Epoc #	5710	 9.041568040847778
2023-07-12 18:15:40.056946 - Epoc #	5720	 8.938477993011475
2023-07-12 18:15:49.332124 - Epoc #	5730	 9.275177955627441
2023-07-12 18:15:58.676879 - Epoc #	5740	 9.344754934310913
2023-07-12 18:16:07.685740 - Epoc #	5750	 9.008861064910889
2023-07-12 18:16:16.875170 - Epoc #	5760	 9.189429998397827
2023-07-12 18:16:26.212721 - Epoc #	5770	 9.33755111694336
2023-07-12 18:16:36.578123 - Epoc #	5780	 10.365401983261108
2023-07-12 18:16:46.144795 - Epoc #	5790	 9.56667184829712
2023-07-12 18:16:55.386605 - Epoc #	5800	 9.241810083389282
2023-07-12 18:17:04.718552 - Epoc #	5810	 9.331947088241577
2023-07-12 18:17:13.761170 - Epoc #	5820	 9.042617797851562
2023-07-12 18:17:23.092884 - Epoc #	5830	 9.331714153289795
2023-07-12 18:17:32.292849 - Epoc #	5840	 9.199965000152588
2023-07-12 18:17:41.619438 - Epoc #	5850	 9.326588869094849
2023-07-12 18:17:51.483975 - Epoc #	5860	 9.864537000656128
2023-07-12 18:18:01.264134 - Epoc #	5870	 9.780158996582031
2023-07-12 18:18:10.642156 - Epoc #	5880	 9.378021955490112
2023-07-12 18:18:19.953934 - Epoc #	5890	 9.31177806854248
2023-07-12 18:18:29.178939 - Epoc #	5900	 9.225005149841309
2023-07-12 18:18:38.227181 - Epoc #	5910	 9.04824185371399
2023-07-12 18:18:47.274053 - Epoc #	5920	 9.04687213897705
2023-07-12 18:18:56.711549 - Epoc #	5930	 9.437495946884155
2023-07-12 18:19:05.602180 - Epoc #	5940	 8.890630960464478
2023-07-12 18:19:14.602183 - Epoc #	5950	 9.000003099441528
2023-07-12 18:19:23.836550 - Epoc #	5960	 9.23436689376831
2023-07-12 18:19:33.039682 - Epoc #	5970	 9.203131914138794
2023-07-12 18:19:42.430817 - Epoc #	5980	 9.391134977340698
2023-07-12 18:19:51.555845 - Epoc #	5990	 9.125028133392334
2023-07-12 18:20:00.477726 - Epoc #	6000	 8.921880960464478
2023-07-12 18:20:09.821476 - Epoc #	6010	 9.34375
2023-07-12 18:20:19.102721 - Epoc #	6020	 9.281244993209839
2023-07-12 18:20:28.383968 - Epoc #	6030	 9.28124713897705
2023-07-12 18:20:37.756493 - Epoc #	6040	 9.372524976730347
2023-07-12 18:20:46.772119 - Epoc #	6050	 9.015625953674316
2023-07-12 18:20:56.101212 - Epoc #	6060	 9.329092979431152
2023-07-12 18:21:05.663715 - Epoc #	6070	 9.56250286102295
2023-07-12 18:21:15.069975 - Epoc #	6080	 9.406260013580322
2023-07-12 18:21:24.335567 - Epoc #	6090	 9.265592098236084
2023-07-12 18:21:33.741835 - Epoc #	6100	 9.406268119812012
2023-07-12 18:21:42.882472 - Epoc #	6110	 9.140636920928955
2023-07-12 18:21:51.757459 - Epoc #	6120	 8.87498688697815
2023-07-12 18:22:00.851214 - Epoc #	6130	 9.093755006790161
2023-07-12 18:22:10.304272 - Epoc #	6140	 9.453058004379272
2023-07-12 18:22:19.366841 - Epoc #	6150	 9.06256914138794
2023-07-12 18:22:28.680005 - Epoc #	6160	 9.313163995742798
2023-07-12 18:22:37.680007 - Epoc #	6170	 9.000001907348633
2023-07-12 18:22:46.820621 - Epoc #	6180	 9.140614032745361
2023-07-12 18:22:56.023720 - Epoc #	6190	 9.203099012374878
2023-07-12 18:23:05.177733 - Epoc #	6200	 9.15401291847229
2023-07-12 18:23:14.323870 - Epoc #	6210	 9.146136999130249
2023-07-12 18:23:23.902092 - Epoc #	6220	 9.578222036361694
2023-07-12 18:23:32.870804 - Epoc #	6230	 8.968712091445923
2023-07-12 18:23:42.167676 - Epoc #	6240	 9.296871900558472
2023-07-12 18:23:51.355845 - Epoc #	6250	 9.188169002532959
2023-07-12 18:24:00.637093 - Epoc #	6260	 9.281248092651367
2023-07-12 18:24:10.103408 - Epoc #	6270	 9.466315031051636
2023-07-12 18:24:19.194294 - Epoc #	6280	 9.090885877609253
2023-07-12 18:24:28.809136 - Epoc #	6290	 9.614841938018799
2023-07-12 18:24:38.173202 - Epoc #	6300	 9.364066123962402
2023-07-12 18:24:47.220049 - Epoc #	6310	 9.046846866607666
2023-07-12 18:24:56.470128 - Epoc #	6320	 9.250079154968262
2023-07-12 18:25:05.532630 - Epoc #	6330	 9.062501907348633
2023-07-12 18:25:15.128753 - Epoc #	6340	 9.596122980117798
2023-07-12 18:25:25.035003 - Epoc #	6350	 9.90625
2023-07-12 18:25:34.459478 - Epoc #	6360	 9.424474954605103
2023-07-12 18:25:43.820256 - Epoc #	6370	 9.360778093338013
2023-07-12 18:25:53.195743 - Epoc #	6380	 9.375487089157104
2023-07-12 18:26:02.603293 - Epoc #	6390	 9.407549858093262
2023-07-12 18:26:12.340105 - Epoc #	6400	 9.736812114715576
2023-07-12 18:26:21.622643 - Epoc #	6410	 9.282537937164307
2023-07-12 18:26:30.827776 - Epoc #	6420	 9.205132961273193
2023-07-12 18:26:40.032460 - Epoc #	6430	 9.204684019088745
2023-07-12 18:26:49.255284 - Epoc #	6440	 9.222824096679688
2023-07-12 18:26:58.853602 - Epoc #	6450	 9.598317861557007
2023-07-12 18:27:08.183304 - Epoc #	6460	 9.329702138900757
2023-07-12 18:27:17.464560 - Epoc #	6470	 9.281255960464478
2023-07-12 18:27:26.636392 - Epoc #	6480	 9.171832084655762
2023-07-12 18:27:35.714571 - Epoc #	6490	 9.078178882598877
2023-07-12 18:27:44.745813 - Epoc #	6500	 9.03124189376831
2023-07-12 18:27:53.589560 - Epoc #	6510	 8.84374713897705
2023-07-12 18:28:02.558255 - Epoc #	6520	 8.968694925308228
2023-07-12 18:28:12.339553 - Epoc #	6530	 9.781298160552979
2023-07-12 18:28:21.511431 - Epoc #	6540	 9.17187786102295
2023-07-12 18:28:31.136406 - Epoc #	6550	 9.624974966049194
2023-07-12 18:28:40.652063 - Epoc #	6560	 9.5156569480896
2023-07-12 18:28:49.636424 - Epoc #	6570	 8.984361171722412
2023-07-12 18:28:58.917686 - Epoc #	6580	 9.281261920928955
2023-07-12 18:29:08.433306 - Epoc #	6590	 9.515619993209839
2023-07-12 18:29:17.792601 - Epoc #	6600	 9.359295129776001
2023-07-12 18:29:27.464553 - Epoc #	6610	 9.67195200920105
2023-07-12 18:29:36.402062 - Epoc #	6620	 8.937508821487427
2023-07-12 18:29:45.495781 - Epoc #	6630	 9.093719005584717
2023-07-12 18:29:54.542677 - Epoc #	6640	 9.046895980834961
2023-07-12 18:30:03.589514 - Epoc #	6650	 9.046837091445923
2023-07-12 18:30:12.812621 - Epoc #	6660	 9.223107099533081
2023-07-12 18:30:22.046990 - Epoc #	6670	 9.234368801116943
2023-07-12 18:30:31.343870 - Epoc #	6680	 9.296880006790161
2023-07-12 18:30:40.765748 - Epoc #	6690	 9.421878099441528
2023-07-12 18:30:50.046990 - Epoc #	6700	 9.28124189376831
2023-07-12 18:30:59.265747 - Epoc #	6710	 9.218757152557373
2023-07-12 18:31:08.781360 - Epoc #	6720	 9.515612840652466
2023-07-12 18:31:17.828257 - Epoc #	6730	 9.046897172927856
2023-07-12 18:31:27.187616 - Epoc #	6740	 9.3593590259552
2023-07-12 18:31:36.765740 - Epoc #	6750	 9.578123807907104
2023-07-12 18:31:46.125118 - Epoc #	6760	 9.359378099441528
2023-07-12 18:31:55.116067 - Epoc #	6770	 8.990948915481567
2023-07-12 18:32:04.803569 - Epoc #	6780	 9.687502145767212
2023-07-12 18:32:14.006624 - Epoc #	6790	 9.203054904937744
2023-07-12 18:32:23.115997 - Epoc #	6800	 9.109373092651367
2023-07-12 18:32:32.100445 - Epoc #	6810	 8.984447956085205
2023-07-12 18:32:41.569122 - Epoc #	6820	 9.468677043914795
2023-07-12 18:32:50.600425 - Epoc #	6830	 9.03130292892456
2023-07-12 18:32:59.819208 - Epoc #	6840	 9.218782901763916
2023-07-12 18:33:09.006622 - Epoc #	6850	 9.187414169311523
2023-07-12 18:33:18.334746 - Epoc #	6860	 9.328123807907104
2023-07-12 18:33:27.772266 - Epoc #	6870	 9.437520027160645
2023-07-12 18:33:38.303587 - Epoc #	6880	 10.531321048736572
2023-07-12 18:33:47.365996 - Epoc #	6890	 9.062408924102783
2023-07-12 18:33:56.772269 - Epoc #	6900	 9.406273126602173
2023-07-12 18:34:07.194145 - Epoc #	6910	 10.421875953674316
2023-07-12 18:34:16.303497 - Epoc #	6920	 9.109352111816406
2023-07-12 18:34:25.506622 - Epoc #	6930	 9.203125
2023-07-12 18:34:34.726216 - Epoc #	6940	 9.21959400177002
2023-07-12 18:34:44.155043 - Epoc #	6950	 9.428826808929443
2023-07-12 18:34:53.432287 - Epoc #	6960	 9.277244091033936
2023-07-12 18:35:02.831503 - Epoc #	6970	 9.399215936660767
2023-07-12 18:35:12.367543 - Epoc #	6980	 9.53604006767273
2023-07-12 18:35:21.555043 - Epoc #	6990	 9.1875
2023-07-12 18:35:30.773810 - Epoc #	7000	 9.218766927719116
2023-07-12 18:35:40.131564 - Epoc #	7010	 9.357753992080688
2023-07-12 18:35:49.522186 - Epoc #	7020	 9.39062213897705
2023-07-12 18:35:58.709657 - Epoc #	7030	 9.18747091293335
2023-07-12 18:36:07.944018 - Epoc #	7040	 9.234360933303833
2023-07-12 18:36:17.194727 - Epoc #	7050	 9.250709056854248
2023-07-12 18:36:26.663501 - Epoc #	7060	 9.46877408027649
2023-07-12 18:36:35.882257 - Epoc #	7070	 9.218755960464478
2023-07-12 18:36:45.288508 - Epoc #	7080	 9.406250953674316
2023-07-12 18:36:55.397874 - Epoc #	7090	 10.109366178512573
2023-07-12 18:37:05.350999 - Epoc #	7100	 9.953125
2023-07-12 18:37:14.554129 - Epoc #	7110	 9.203129768371582
2023-07-12 18:37:23.851013 - Epoc #	7120	 9.296884059906006
2023-07-12 18:37:33.507257 - Epoc #	7130	 9.656244039535522
2023-07-12 18:37:42.710387 - Epoc #	7140	 9.203130006790161
2023-07-12 18:37:51.929130 - Epoc #	7150	 9.218743085861206
2023-07-12 18:38:01.101017 - Epoc #	7160	 9.171886920928955
2023-07-12 18:38:10.554091 - Epoc #	7170	 9.453073978424072
2023-07-12 18:38:21.022886 - Epoc #	7180	 10.46879506111145
2023-07-12 18:38:30.366548 - Epoc #	7190	 9.343662023544312
2023-07-12 18:38:39.663502 - Epoc #	7200	 9.296953916549683
2023-07-12 18:38:49.725922 - Epoc #	7210	 10.062420129776001
2023-07-12 18:39:01.085374 - Epoc #	7220	 11.35945200920105
2023-07-12 18:39:10.647851 - Epoc #	7230	 9.562476873397827
2023-07-12 18:39:19.944760 - Epoc #	7240	 9.296909093856812
2023-07-12 18:39:29.022874 - Epoc #	7250	 9.078114032745361
2023-07-12 18:39:38.850998 - Epoc #	7260	 9.828123807907104
2023-07-12 18:39:42.632253 - Time between reward step: #	6760.200402975082
2023-07-12 18:39:42.632253 - Average Score: 24.00 Elapsed time: 1:52:41.483692
2023-07-12 18:39:48.100924 - Epoc #	7270	 9.249926090240479
2023-07-12 18:39:56.663508 - Time between reward step: #	6774.231657981873
2023-07-12 18:39:56.663508 - Average Score: 25.00 Elapsed time: 1:52:55.513856
2023-07-12 18:39:57.569688 - Epoc #	7280	 9.468764066696167
2023-07-12 18:40:03.366553 - Time between reward step: #	6780.934703111649
2023-07-12 18:40:03.366553 - Average Score: 26.00 Elapsed time: 1:53:02.212012
2023-07-12 18:40:07.100926 - Time between reward step: #	6784.669075965881
2023-07-12 18:40:07.100926 - Average Score: 27.00 Elapsed time: 1:53:05.947467
2023-07-12 18:40:07.100926 - Epoc #	7290	 9.531237840652466
2023-07-12 18:40:08.179141 - Time between reward step: #	6785.747291088104
2023-07-12 18:40:08.179141 - Average Score: 28.00 Elapsed time: 1:53:07.020605
2023-07-12 18:40:11.100925 - Time between reward step: #	6788.669075012207
2023-07-12 18:40:11.100925 - Average Score: 29.00 Elapsed time: 1:53:09.944935
2023-07-12 18:40:12.132176 - Time between reward step: #	6789.700325965881
2023-07-12 18:40:12.132176 - Average Score: 30.00 Elapsed time: 1:53:10.984038
2023-07-12 18:40:16.741548 - Epoc #	7300	 9.64062213897705
2023-07-12 18:40:26.038427 - Epoc #	7310	 9.296879053115845
2023-07-12 18:40:28.038506 - Time between reward step: #	6805.606656074524
2023-07-12 18:40:28.038506 - Average Score: 31.00 Elapsed time: 1:53:26.881197
2023-07-12 18:40:31.850925 - Time between reward step: #	6809.419075012207
2023-07-12 18:40:31.850925 - Average Score: 32.00 Elapsed time: 1:53:30.697516
2023-07-12 18:40:35.538428 - Epoc #	7320	 9.500000953674316
2023-07-12 18:40:44.929127 - Epoc #	7330	 9.390698909759521
2023-07-12 18:40:54.022844 - Epoc #	7340	 9.093717098236084
2023-07-12 18:41:04.335301 - Epoc #	7350	 10.312456846237183
2023-07-12 18:41:13.897800 - Epoc #	7360	 9.562499046325684
2023-07-12 18:41:23.069677 - Epoc #	7370	 9.171877145767212
2023-07-12 18:41:32.304051 - Epoc #	7380	 9.234373807907104
2023-07-12 18:41:41.694676 - Epoc #	7390	 9.390625
2023-07-12 18:41:50.929049 - Epoc #	7400	 9.234373092651367
2023-07-12 18:42:00.132255 - Epoc #	7410	 9.203206062316895
2023-07-12 18:42:09.116552 - Epoc #	7420	 8.984297037124634
2023-07-12 18:42:18.548791 - Epoc #	7430	 9.432238817214966
2023-07-12 18:42:28.154473 - Epoc #	7440	 9.605682134628296
2023-07-12 18:42:37.490777 - Epoc #	7450	 9.336303949356079
2023-07-12 18:42:46.798877 - Epoc #	7460	 9.30809998512268
2023-07-12 18:42:56.338401 - Epoc #	7470	 9.53952407836914
2023-07-12 18:43:05.504639 - Epoc #	7480	 9.166237831115723
2023-07-12 18:43:14.756812 - Epoc #	7490	 9.25217318534851
2023-07-12 18:43:23.710019 - Epoc #	7500	 8.953207015991211
2023-07-12 18:43:32.960021 - Epoc #	7510	 9.250001907348633
2023-07-12 18:43:42.288138 - Epoc #	7520	 9.32811689376831
2023-07-12 18:43:51.553780 - Epoc #	7530	 9.265642166137695
2023-07-12 18:44:00.897526 - Epoc #	7540	 9.343745946884155
2023-07-12 18:44:10.288138 - Epoc #	7550	 9.39061188697815
2023-07-12 18:44:19.491275 - Epoc #	7560	 9.203137159347534
2023-07-12 18:44:29.569397 - Epoc #	7570	 10.078121900558472
2023-07-12 18:44:38.881898 - Epoc #	7580	 9.312500953674316
2023-07-12 18:44:47.491278 - Epoc #	7590	 8.609380006790161
2023-07-12 18:44:56.835022 - Epoc #	7600	 9.343744039535522
2023-07-12 18:45:05.944314 - Epoc #	7610	 9.109292030334473
2023-07-12 18:45:15.288141 - Epoc #	7620	 9.34382700920105
2023-07-12 18:45:24.694392 - Epoc #	7630	 9.406250953674316
2023-07-12 18:45:33.756890 - Epoc #	7640	 9.062498092651367
2023-07-12 18:45:42.975643 - Epoc #	7650	 9.21875286102295
2023-07-12 18:45:52.475608 - Epoc #	7660	 9.499965190887451
2023-07-12 18:46:01.585019 - Epoc #	7670	 9.109411001205444
2023-07-12 18:46:10.647521 - Epoc #	7680	 9.062501907348633
2023-07-12 18:46:19.897442 - Epoc #	7690	 9.249921083450317
2023-07-12 18:46:29.350622 - Epoc #	7700	 9.453179836273193
2023-07-12 18:46:38.984074 - Epoc #	7710	 9.63345217704773
2023-07-12 18:46:48.249662 - Epoc #	7720	 9.26558780670166
2023-07-12 18:46:58.655951 - Epoc #	7730	 10.406289100646973
2023-07-12 18:47:09.030870 - Epoc #	7740	 10.374918937683105
2023-07-12 18:47:17.969189 - Epoc #	7750	 8.938318967819214
2023-07-12 18:47:27.656674 - Epoc #	7760	 9.687484979629517
2023-07-12 18:47:36.922804 - Epoc #	7770	 9.266130208969116
2023-07-12 18:47:46.002591 - Epoc #	7780	 9.079786777496338
2023-07-12 18:47:55.065091 - Epoc #	7790	 9.0625
2023-07-12 18:48:04.475093 - Epoc #	7800	 9.410001993179321
2023-07-12 18:48:15.362047 - Epoc #	7810	 10.886954069137573
2023-07-12 18:48:24.791402 - Epoc #	7820	 9.429355144500732
2023-07-12 18:48:34.235504 - Epoc #	7830	 9.444101810455322
2023-07-12 18:48:43.718183 - Epoc #	7840	 9.48267912864685
2023-07-12 18:48:53.151727 - Epoc #	7850	 9.433543920516968
2023-07-12 18:49:02.342214 - Epoc #	7860	 9.190487146377563
2023-07-12 18:49:12.039253 - Epoc #	7870	 9.697038888931274
2023-07-12 18:49:21.420393 - Epoc #	7880	 9.381139993667603
2023-07-12 18:49:30.760444 - Epoc #	7890	 9.34005093574524
2023-07-12 18:49:40.082865 - Epoc #	7900	 9.322421073913574
2023-07-12 18:49:49.408585 - Epoc #	7910	 9.325720071792603
2023-07-12 18:49:58.926316 - Epoc #	7920	 9.517730951309204
2023-07-12 18:50:08.615548 - Epoc #	7930	 9.689231872558594
2023-07-12 18:50:17.867723 - Epoc #	7940	 9.252175092697144
2023-07-12 18:50:27.416295 - Epoc #	7950	 9.548572063446045
2023-07-12 18:50:38.276027 - Epoc #	7960	 10.859731912612915
2023-07-12 18:50:47.844212 - Epoc #	7970	 9.568185091018677
2023-07-12 18:50:57.208839 - Epoc #	7980	 9.36462688446045
2023-07-12 18:51:06.510014 - Epoc #	7990	 9.301175117492676
2023-07-12 18:51:15.838685 - Epoc #	8000	 9.328670978546143
2023-07-12 18:51:25.198037 - Epoc #	8010	 9.359351873397827
2023-07-12 18:51:35.041814 - Epoc #	8020	 9.843777179718018
2023-07-12 18:51:44.229322 - Epoc #	8030	 9.18750786781311
2023-07-12 18:51:53.604327 - Epoc #	8040	 9.375005006790161
2023-07-12 18:52:02.916775 - Epoc #	8050	 9.312448024749756
2023-07-12 18:52:12.432440 - Epoc #	8060	 9.515665054321289
2023-07-12 18:52:21.666815 - Epoc #	8070	 9.234375
2023-07-12 18:52:30.838687 - Epoc #	8080	 9.171871900558472
2023-07-12 18:52:40.136028 - Epoc #	8090	 9.297341108322144
2023-07-12 18:52:49.261082 - Epoc #	8100	 9.125053882598877
2023-07-12 18:52:58.636068 - Epoc #	8110	 9.374986171722412
2023-07-12 18:53:07.932904 - Epoc #	8120	 9.296835899353027
2023-07-12 18:53:17.120433 - Epoc #	8130	 9.18752908706665
2023-07-12 18:53:26.323558 - Epoc #	8140	 9.203125
2023-07-12 18:53:36.995433 - Epoc #	8150	 10.671875
2023-07-12 18:53:46.229809 - Epoc #	8160	 9.234375953674316
2023-07-12 18:53:56.104807 - Epoc #	8170	 9.874997854232788
2023-07-12 18:54:05.214182 - Epoc #	8180	 9.109375
2023-07-12 18:54:14.655700 - Epoc #	8190	 9.441518068313599
2023-07-12 18:54:23.958908 - Epoc #	8200	 9.303208112716675
2023-07-12 18:54:33.456746 - Epoc #	8210	 9.497838020324707
2023-07-12 18:54:42.601997 - Epoc #	8220	 9.145250797271729
2023-07-12 18:54:51.820743 - Epoc #	8230	 9.218746185302734
2023-07-12 18:55:01.556062 - Epoc #	8240	 9.735318899154663
2023-07-12 18:55:10.696690 - Epoc #	8250	 9.140628099441528
2023-07-12 18:55:21.494272 - Epoc #	8260	 10.797581911087036
2023-07-12 18:55:31.932290 - Epoc #	8270	 10.438018083572388
2023-07-12 18:55:41.104718 - Epoc #	8280	 9.172427892684937
2023-07-12 18:55:50.245346 - Epoc #	8290	 9.140628099441528
2023-07-12 18:55:59.917671 - Epoc #	8300	 9.672324895858765
2023-07-12 18:56:09.339833 - Epoc #	8310	 9.422162055969238
2023-07-12 18:56:18.543029 - Epoc #	8320	 9.203196048736572
2023-07-12 18:56:28.310000 - Epoc #	8330	 9.766970872879028
2023-07-12 18:56:37.763074 - Epoc #	8340	 9.453073978424072
2023-07-12 18:56:47.169857 - Epoc #	8350	 9.406783103942871
2023-07-12 18:56:56.513650 - Epoc #	8360	 9.343792915344238
2023-07-12 18:57:05.826654 - Epoc #	8370	 9.31300401687622
2023-07-12 18:57:15.218412 - Epoc #	8380	 9.39175796508789
2023-07-12 18:57:24.452803 - Epoc #	8390	 9.2343909740448
2023-07-12 18:57:33.749685 - Epoc #	8400	 9.296882152557373
2023-07-12 18:57:42.875085 - Epoc #	8410	 9.125400066375732
2023-07-12 18:57:52.328206 - Epoc #	8420	 9.453120946884155
2023-07-12 18:58:01.531330 - Epoc #	8430	 9.203124046325684
2023-07-12 18:58:10.766114 - Epoc #	8440	 9.23478388786316
2023-07-12 18:58:20.016115 - Epoc #	8450	 9.250000953674316
2023-07-12 18:58:29.406736 - Epoc #	8460	 9.390620946884155
2023-07-12 18:58:38.672364 - Epoc #	8470	 9.265628099441528
2023-07-12 18:58:48.500487 - Epoc #	8480	 9.828123092651367
2023-07-12 18:58:57.906734 - Epoc #	8490	 9.406246900558472
2023-07-12 18:59:06.891782 - Epoc #	8500	 8.985048055648804
2023-07-12 18:59:16.220250 - Epoc #	8510	 9.328467845916748
2023-07-12 18:59:25.551212 - Epoc #	8520	 9.330962181091309
2023-07-12 18:59:35.019276 - Epoc #	8530	 9.468063831329346
2023-07-12 18:59:44.247759 - Epoc #	8540	 9.212859153747559
2023-07-12 18:59:53.718469 - Epoc #	8550	 9.470709800720215
2023-07-12 19:00:02.777802 - Epoc #	8560	 9.059333086013794
2023-07-12 19:00:12.103409 - Epoc #	8570	 9.325607061386108
2023-07-12 19:00:21.418877 - Epoc #	8580	 9.315467834472656
2023-07-12 19:00:30.795585 - Epoc #	8590	 9.376708030700684
2023-07-12 19:00:40.827943 - Epoc #	8600	 10.032358169555664
2023-07-12 19:00:49.952927 - Epoc #	8610	 9.1249840259552
2023-07-12 19:00:59.047224 - Epoc #	8620	 9.094296932220459
2023-07-12 19:01:10.205554 - Epoc #	8630	 11.158329963684082
2023-07-12 19:01:19.380774 - Epoc #	8640	 9.175220012664795
2023-07-12 19:01:28.398599 - Epoc #	8650	 9.01782488822937
2023-07-12 19:01:38.074033 - Epoc #	8660	 9.675434112548828
2023-07-12 19:01:47.052630 - Epoc #	8670	 8.978596925735474
2023-07-12 19:01:56.155897 - Epoc #	8680	 9.103266954421997
2023-07-12 19:02:05.270789 - Epoc #	8690	 9.11489200592041
2023-07-12 19:02:14.828830 - Epoc #	8700	 9.558041095733643
2023-07-12 19:02:24.321168 - Epoc #	8710	 9.492337942123413
2023-07-12 19:02:34.068416 - Epoc #	8720	 9.74724817276001
2023-07-12 19:02:43.497631 - Epoc #	8730	 9.42921495437622
2023-07-12 19:02:52.682991 - Epoc #	8740	 9.185359954833984
2023-07-12 19:03:02.009410 - Epoc #	8750	 9.32641887664795
2023-07-12 19:03:11.119347 - Epoc #	8760	 9.109937191009521
2023-07-12 19:03:20.451801 - Epoc #	8770	 9.332453966140747
2023-07-12 19:03:29.718879 - Epoc #	8780	 9.267077922821045
2023-07-12 19:03:39.244488 - Epoc #	8790	 9.525609016418457
2023-07-12 19:03:48.404887 - Epoc #	8800	 9.160398960113525
2023-07-12 19:03:57.845814 - Epoc #	8810	 9.440927028656006
2023-07-12 19:04:07.330824 - Epoc #	8820	 9.485009908676147
2023-07-12 19:04:16.946361 - Epoc #	8830	 9.615537166595459
2023-07-12 19:04:26.517153 - Epoc #	8840	 9.570791959762573
2023-07-12 19:04:35.730415 - Epoc #	8850	 9.21326208114624
2023-07-12 19:04:44.863781 - Epoc #	8860	 9.133365869522095
2023-07-12 19:04:54.108126 - Epoc #	8870	 9.24434494972229
2023-07-12 19:05:03.320738 - Epoc #	8880	 9.21261215209961
2023-07-12 19:05:13.526880 - Epoc #	8890	 10.206141948699951
2023-07-12 19:05:23.026803 - Epoc #	8900	 9.49992299079895
2023-07-12 19:05:33.908028 - Epoc #	8910	 10.881224870681763
2023-07-12 19:05:43.282942 - Epoc #	8920	 9.374914169311523
2023-07-12 19:05:52.501770 - Epoc #	8930	 9.218827962875366
2023-07-12 19:06:01.361149 - Epoc #	8940	 8.859379053115845
2023-07-12 19:06:10.611503 - Epoc #	8950	 9.250353813171387
2023-07-12 19:06:20.111607 - Epoc #	8960	 9.500104188919067
2023-07-12 19:06:29.377216 - Epoc #	8970	 9.2656090259552
2023-07-12 19:06:38.877227 - Epoc #	8980	 9.500010967254639
2023-07-12 19:06:47.814701 - Epoc #	8990	 8.937474012374878
2023-07-12 19:06:57.095956 - Epoc #	9000	 9.281255006790161
2023-07-12 19:07:06.580281 - Epoc #	9010	 9.484324932098389
2023-07-12 19:07:15.611507 - Epoc #	9020	 9.03122591972351
2023-07-12 19:07:24.736587 - Epoc #	9030	 9.125080108642578
2023-07-12 19:07:34.314635 - Epoc #	9040	 9.57804799079895
2023-07-12 19:07:43.439701 - Epoc #	9050	 9.125066041946411
2023-07-12 19:07:52.970966 - Epoc #	9060	 9.531265020370483
2023-07-12 19:08:02.158455 - Epoc #	9070	 9.187488794326782
2023-07-12 19:08:11.408470 - Epoc #	9080	 9.250015020370483
2023-07-12 19:08:20.642760 - Epoc #	9090	 9.23429012298584
2023-07-12 19:08:30.189706 - Epoc #	9100	 9.546946048736572
2023-07-12 19:08:39.299084 - Epoc #	9110	 9.10937786102295
2023-07-12 19:08:48.580331 - Epoc #	9120	 9.28124713897705
2023-07-12 19:08:57.830301 - Epoc #	9130	 9.249969959259033
2023-07-12 19:09:06.924043 - Epoc #	9140	 9.09374189376831
2023-07-12 19:09:16.564645 - Epoc #	9150	 9.640602111816406
2023-07-12 19:09:25.955367 - Epoc #	9160	 9.390722036361694
2023-07-12 19:09:35.799018 - Epoc #	9170	 9.843650817871094
2023-07-12 19:09:45.017830 - Epoc #	9180	 9.218811988830566
2023-07-12 19:09:54.189706 - Epoc #	9190	 9.171876192092896
2023-07-12 19:10:03.236581 - Epoc #	9200	 9.046875
2023-07-12 19:10:12.392754 - Epoc #	9210	 9.15617299079895
2023-07-12 19:10:21.736548 - Epoc #	9220	 9.343793869018555
2023-07-12 19:10:30.767832 - Epoc #	9230	 9.031284093856812
2023-07-12 19:10:40.064629 - Epoc #	9240	 9.296797037124634
2023-07-12 19:10:49.408456 - Epoc #	9250	 9.34382700920105
2023-07-12 19:10:58.564728 - Epoc #	9260	 9.156271934509277
2023-07-12 19:11:08.205257 - Epoc #	9270	 9.640528917312622
2023-07-12 19:11:17.564632 - Epoc #	9280	 9.359375
2023-07-12 19:11:27.033383 - Epoc #	9290	 9.468750953674316
2023-07-12 19:11:36.549008 - Epoc #	9300	 9.515625
2023-07-12 19:11:45.908381 - Epoc #	9310	 9.359373092651367
2023-07-12 19:11:55.205258 - Epoc #	9320	 9.296876907348633
2023-07-12 19:12:04.564635 - Epoc #	9330	 9.359377145767212
2023-07-12 19:12:13.821607 - Epoc #	9340	 9.256972074508667
2023-07-12 19:12:23.306020 - Epoc #	9350	 9.484412908554077
2023-07-12 19:12:32.665367 - Epoc #	9360	 9.359346866607666
2023-07-12 19:12:42.066252 - Epoc #	9370	 9.400885105133057
2023-07-12 19:12:51.232537 - Epoc #	9380	 9.166285037994385
2023-07-12 19:13:00.602487 - Epoc #	9390	 9.36995005607605
2023-07-12 19:13:09.862411 - Epoc #	9400	 9.259923934936523
2023-07-12 19:13:19.174838 - Epoc #	9410	 9.312427043914795
2023-07-12 19:13:28.643667 - Epoc #	9420	 9.468828916549683
2023-07-12 19:13:37.940548 - Epoc #	9430	 9.296880960464478
2023-07-12 19:13:47.112338 - Epoc #	9440	 9.17179012298584
2023-07-12 19:13:56.331175 - Epoc #	9450	 9.218837022781372
2023-07-12 19:14:05.799907 - Epoc #	9460	 9.468731880187988
2023-07-12 19:14:15.096793 - Epoc #	9470	 9.296885967254639
2023-07-12 19:14:24.456091 - Epoc #	9480	 9.35929799079895
2023-07-12 19:14:33.753001 - Epoc #	9490	 9.296910047531128
2023-07-12 19:14:43.096802 - Epoc #	9500	 9.343801021575928
2023-07-12 19:14:52.346796 - Epoc #	9510	 9.249994039535522
2023-07-12 19:15:01.674921 - Epoc #	9520	 9.328125
2023-07-12 19:15:10.893668 - Epoc #	9530	 9.218746900558472
2023-07-12 19:15:20.112353 - Epoc #	9540	 9.218685150146484
2023-07-12 19:15:29.143668 - Epoc #	9550	 9.031314849853516
2023-07-12 19:15:38.581170 - Epoc #	9560	 9.437502145767212
2023-07-12 19:15:48.018591 - Epoc #	9570	 9.437420845031738
2023-07-12 19:15:57.081172 - Epoc #	9580	 9.062581062316895
2023-07-12 19:16:06.378042 - Epoc #	9590	 9.296869993209839
2023-07-12 19:16:15.549851 - Epoc #	9600	 9.171808958053589
2023-07-12 19:16:25.018668 - Epoc #	9610	 9.468816995620728
2023-07-12 19:16:34.659294 - Epoc #	9620	 9.640625953674316
2023-07-12 19:16:44.034284 - Epoc #	9630	 9.374990224838257
2023-07-12 19:16:53.346791 - Epoc #	9640	 9.312506914138794
2023-07-12 19:17:03.174924 - Epoc #	9650	 9.82813286781311
2023-07-12 19:17:12.596787 - Epoc #	9660	 9.421863079071045
2023-07-12 19:17:21.674939 - Epoc #	9670	 9.078151941299438
2023-07-12 19:17:30.549920 - Epoc #	9680	 8.874981164932251
2023-07-12 19:17:39.549887 - Epoc #	9690	 8.999966859817505
2023-07-12 19:17:48.924922 - Epoc #	9700	 9.375035047531128
2023-07-12 19:17:58.159293 - Epoc #	9710	 9.234370946884155
2023-07-12 19:18:07.284278 - Epoc #	9720	 9.124984979629517
2023-07-12 19:18:16.718561 - Epoc #	9730	 9.434283018112183
2023-07-12 19:18:25.890505 - Epoc #	9740	 9.17194414138794
2023-07-12 19:18:34.812395 - Epoc #	9750	 8.921890020370483
2023-07-12 19:18:44.218561 - Epoc #	9760	 9.406165838241577
2023-07-12 19:18:53.124884 - Epoc #	9770	 8.906322956085205
2023-07-12 19:19:02.187386 - Epoc #	9780	 9.062502145767212
2023-07-12 19:19:11.499856 - Epoc #	9790	 9.312469959259033
2023-07-12 19:19:20.484222 - Epoc #	9800	 8.984365940093994
2023-07-12 19:19:29.859185 - Epoc #	9810	 9.37496304512024
2023-07-12 19:19:39.265440 - Epoc #	9820	 9.406255006790161
2023-07-12 19:19:48.562313 - Epoc #	9830	 9.296873092651367
2023-07-12 19:19:57.781138 - Epoc #	9840	 9.218824863433838
2023-07-12 19:20:06.749810 - Epoc #	9850	 8.968672037124634
2023-07-12 19:20:15.890435 - Epoc #	9860	 9.140625
2023-07-12 19:20:25.281059 - Epoc #	9870	 9.390624046325684
2023-07-12 19:20:34.794990 - Epoc #	9880	 9.513931035995483
2023-07-12 19:20:44.121181 - Epoc #	9890	 9.326190948486328
2023-07-12 19:20:53.771396 - Epoc #	9900	 9.650214910507202
2023-07-12 19:21:02.978926 - Epoc #	9910	 9.20753002166748
2023-07-12 19:21:12.065555 - Epoc #	9920	 9.086629152297974
2023-07-12 19:21:21.368005 - Epoc #	9930	 9.302449941635132
2023-07-12 19:21:30.731811 - Epoc #	9940	 9.363806009292603
2023-07-12 19:21:40.038090 - Epoc #	9950	 9.306278944015503
2023-07-12 19:21:49.264497 - Epoc #	9960	 9.226407051086426
2023-07-12 19:21:58.448914 - Epoc #	9970	 9.184417009353638
2023-07-12 19:22:07.875958 - Epoc #	9980	 9.427043914794922
2023-07-12 19:22:17.277796 - Epoc #	9990	 9.401838064193726
2023-07-12 19:22:26.600163 - Epoc #	10000	 9.322366952896118
2023-07-12 19:22:36.042382 - Epoc #	10010	 9.442219018936157
2023-07-12 19:22:45.464236 - Epoc #	10020	 9.421854019165039
2023-07-12 19:22:54.464232 - Epoc #	10030	 8.999995946884155
2023-07-12 19:23:04.120482 - Epoc #	10040	 9.65625
2023-07-12 19:23:13.480295 - Epoc #	10050	 9.35981297492981
2023-07-12 19:23:22.637227 - Epoc #	10060	 9.15693211555481
2023-07-12 19:23:33.653135 - Epoc #	10070	 11.015908002853394
2023-07-12 19:23:43.030328 - Epoc #	10080	 9.377192974090576
2023-07-12 19:23:52.266474 - Epoc #	10090	 9.236145973205566
2023-07-12 19:24:01.501279 - Epoc #	10100	 9.2348051071167
2023-07-12 19:24:11.094437 - Epoc #	10110	 9.593157768249512
2023-07-12 19:24:20.515730 - Epoc #	10120	 9.421293020248413
2023-07-12 19:24:30.002986 - Epoc #	10130	 9.487256050109863
2023-07-12 19:24:39.204295 - Epoc #	10140	 9.201308965682983
2023-07-12 19:24:48.501216 - Epoc #	10150	 9.296921014785767
2023-07-12 19:24:57.673024 - Epoc #	10160	 9.171808004379272
2023-07-12 19:25:06.782477 - Epoc #	10170	 9.109452962875366
2023-07-12 19:25:16.205645 - Epoc #	10180	 9.423168182373047
2023-07-12 19:25:25.581389 - Epoc #	10190	 9.375743865966797
2023-07-12 19:25:35.085625 - Epoc #	10200	 9.504235982894897
2023-07-12 19:25:45.165722 - Epoc #	10210	 10.080096960067749
2023-07-12 19:25:54.431604 - Epoc #	10220	 9.265882015228271
2023-07-12 19:26:03.589487 - Epoc #	10230	 9.157883167266846
2023-07-12 19:26:12.813556 - Epoc #	10240	 9.224068880081177
2023-07-12 19:26:22.362297 - Epoc #	10250	 9.548741102218628
2023-07-12 19:26:31.503942 - Epoc #	10260	 9.141644954681396
2023-07-12 19:26:40.710373 - Epoc #	10270	 9.206430912017822
2023-07-12 19:26:49.993572 - Epoc #	10280	 9.283199071884155
2023-07-12 19:26:59.451376 - Epoc #	10290	 9.457803964614868
2023-07-12 19:27:08.955737 - Epoc #	10300	 9.504361152648926
2023-07-12 19:27:18.459845 - Epoc #	10310	 9.50410795211792
2023-07-12 19:27:27.571282 - Epoc #	10320	 9.11143684387207
2023-07-12 19:27:36.855947 - Epoc #	10330	 9.28466510772705
2023-07-12 19:27:46.139859 - Epoc #	10340	 9.283911943435669
2023-07-12 19:27:55.362741 - Epoc #	10350	 9.22288203239441
2023-07-12 19:28:04.758415 - Epoc #	10360	 9.395673990249634
2023-07-12 19:28:14.104900 - Epoc #	10370	 9.346484899520874
2023-07-12 19:28:23.596172 - Epoc #	10380	 9.491272211074829
2023-07-12 19:28:32.909482 - Epoc #	10390	 9.313309907913208
2023-07-12 19:28:42.184166 - Epoc #	10400	 9.274683952331543
2023-07-12 19:28:51.765470 - Epoc #	10410	 9.58130407333374
2023-07-12 19:29:01.456155 - Epoc #	10420	 9.690685033798218
2023-07-12 19:29:10.606752 - Epoc #	10430	 9.150596857070923
2023-07-12 19:29:19.829463 - Epoc #	10440	 9.222711086273193
2023-07-12 19:29:29.076230 - Epoc #	10450	 9.246767044067383
2023-07-12 19:29:38.624481 - Epoc #	10460	 9.548250913619995
2023-07-12 19:29:48.069647 - Epoc #	10470	 9.445166110992432
2023-07-12 19:29:57.425327 - Epoc #	10480	 9.355679988861084
2023-07-12 19:30:06.525025 - Epoc #	10490	 9.099697828292847
2023-07-12 19:30:15.963577 - Epoc #	10500	 9.438552141189575
2023-07-12 19:30:25.142788 - Epoc #	10510	 9.179210901260376
2023-07-12 19:30:34.636917 - Epoc #	10520	 9.494129180908203
2023-07-12 19:30:43.893202 - Epoc #	10530	 9.256284952163696
2023-07-12 19:30:53.291982 - Epoc #	10540	 9.39877986907959
2023-07-12 19:31:03.582263 - Epoc #	10550	 10.290281057357788
2023-07-12 19:31:13.150782 - Epoc #	10560	 9.568519115447998
2023-07-12 19:31:22.314291 - Epoc #	10570	 9.163508892059326
2023-07-12 19:31:31.565853 - Epoc #	10580	 9.251562118530273
2023-07-12 19:31:40.961276 - Epoc #	10590	 9.39542293548584
2023-07-12 19:31:50.485053 - Epoc #	10600	 9.52377700805664
2023-07-12 19:32:00.093877 - Epoc #	10610	 9.608824014663696
2023-07-12 19:32:10.579772 - Epoc #	10620	 10.485894918441772
2023-07-12 19:32:20.342524 - Epoc #	10630	 9.762752056121826
2023-07-12 19:32:29.924414 - Epoc #	10640	 9.581889867782593
2023-07-12 19:32:39.021189 - Epoc #	10650	 9.09677505493164
2023-07-12 19:32:48.576992 - Epoc #	10660	 9.555803060531616
2023-07-12 19:32:58.105415 - Epoc #	10670	 9.528423070907593
2023-07-12 19:33:08.346666 - Epoc #	10680	 10.241250991821289
2023-07-12 19:33:18.021569 - Epoc #	10690	 9.67490291595459
2023-07-12 19:33:27.487714 - Epoc #	10700	 9.466145038604736
2023-07-12 19:33:36.859223 - Epoc #	10710	 9.371508836746216
2023-07-12 19:33:46.405723 - Epoc #	10720	 9.546500205993652
2023-07-12 19:33:55.520506 - Epoc #	10730	 9.114782810211182
2023-07-12 19:34:05.269333 - Epoc #	10740	 9.74882698059082
2023-07-12 19:34:14.707382 - Epoc #	10750	 9.438049077987671
2023-07-12 19:34:24.335276 - Epoc #	10760	 9.627893924713135
2023-07-12 19:34:33.611192 - Epoc #	10770	 9.27591609954834
2023-07-12 19:34:42.996505 - Epoc #	10780	 9.385313034057617
2023-07-12 19:34:52.574749 - Epoc #	10790	 9.578243970870972
2023-07-12 19:35:02.346670 - Epoc #	10800	 9.771920919418335
2023-07-12 19:35:11.539855 - Epoc #	10810	 9.193185091018677
2023-07-12 19:35:21.157176 - Epoc #	10820	 9.617321014404297
2023-07-12 19:35:30.316552 - Epoc #	10830	 9.1593759059906
2023-07-12 19:35:40.045393 - Epoc #	10840	 9.728841066360474
2023-07-12 19:35:49.219256 - Epoc #	10850	 9.173862934112549
2023-07-12 19:35:58.674442 - Epoc #	10860	 9.455186128616333
2023-07-12 19:36:08.127389 - Epoc #	10870	 9.452946901321411
2023-07-12 19:36:17.547750 - Epoc #	10880	 9.420361042022705
2023-07-12 19:36:27.113995 - Epoc #	10890	 9.566245079040527
2023-07-12 19:36:38.613279 - Epoc #	10900	 11.499284029006958
2023-07-12 19:36:48.974173 - Epoc #	10910	 10.360893964767456
2023-07-12 19:36:58.378450 - Epoc #	10920	 9.404276847839355
2023-07-12 19:37:07.816891 - Epoc #	10930	 9.438441038131714
2023-07-12 19:37:17.128379 - Epoc #	10940	 9.311488151550293
2023-07-12 19:37:26.490680 - Epoc #	10950	 9.362300872802734
2023-07-12 19:37:35.706412 - Epoc #	10960	 9.215732097625732
2023-07-12 19:37:46.836003 - Epoc #	10970	 11.12959098815918
2023-07-12 19:37:55.977144 - Epoc #	10980	 9.141140937805176
2023-07-12 19:38:05.338724 - Epoc #	10990	 9.361579895019531
2023-07-12 19:38:15.612958 - Epoc #	11000	 10.274234056472778
2023-07-12 19:38:24.925755 - Epoc #	11010	 9.31279706954956
2023-07-12 19:38:33.989194 - Epoc #	11020	 9.063438892364502
2023-07-12 19:38:43.539053 - Epoc #	11030	 9.549859046936035
2023-07-12 19:38:54.190889 - Epoc #	11040	 10.651835918426514
2023-07-12 19:39:04.926477 - Epoc #	11050	 10.735588073730469
2023-07-12 19:39:14.394648 - Epoc #	11060	 9.468171119689941
2023-07-12 19:39:24.230538 - Epoc #	11070	 9.83588981628418
2023-07-12 19:39:33.526104 - Epoc #	11080	 9.295566082000732
2023-07-12 19:39:42.661898 - Epoc #	11090	 9.135793924331665
2023-07-12 19:39:52.048257 - Epoc #	11100	 9.386359214782715
2023-07-12 19:40:01.162216 - Epoc #	11110	 9.113958835601807
2023-07-12 19:40:10.485723 - Epoc #	11120	 9.323507070541382
2023-07-12 19:40:19.609058 - Epoc #	11130	 9.123334884643555
2023-07-12 19:40:29.114969 - Epoc #	11140	 9.505911111831665
2023-07-12 19:40:38.802633 - Epoc #	11150	 9.687664031982422
2023-07-12 19:40:48.067686 - Epoc #	11160	 9.265053033828735
2023-07-12 19:40:57.209685 - Epoc #	11170	 9.141999006271362
2023-07-12 19:41:06.317393 - Epoc #	11180	 9.107707977294922
2023-07-12 19:41:15.850820 - Epoc #	11190	 9.533427000045776
2023-07-12 19:41:25.118083 - Epoc #	11200	 9.267262935638428
2023-07-12 19:41:34.530597 - Epoc #	11210	 9.412513971328735
2023-07-12 19:41:43.914862 - Epoc #	11220	 9.384264945983887
2023-07-12 19:41:53.365780 - Epoc #	11230	 9.450918197631836
2023-07-12 19:42:02.792181 - Epoc #	11240	 9.426400899887085
2023-07-12 19:42:12.420339 - Epoc #	11250	 9.62815809249878
2023-07-12 19:42:23.020519 - Epoc #	11260	 10.60017991065979
2023-07-12 19:42:32.650076 - Epoc #	11270	 9.629556894302368
2023-07-12 19:42:42.043899 - Epoc #	11280	 9.393823146820068
2023-07-12 19:42:51.381288 - Epoc #	11290	 9.33738899230957
2023-07-12 19:43:01.070520 - Epoc #	11300	 9.689231872558594
2023-07-12 19:43:10.456102 - Epoc #	11310	 9.385581970214844
2023-07-12 19:43:19.744959 - Epoc #	11320	 9.288857221603394
2023-07-12 19:43:29.649679 - Epoc #	11330	 9.904719829559326
2023-07-12 19:43:39.040952 - Epoc #	11340	 9.391273021697998
2023-07-12 19:43:48.918375 - Epoc #	11350	 9.87742304801941
2023-07-12 19:43:58.485871 - Epoc #	11360	 9.567496061325073
2023-07-12 19:44:07.970572 - Epoc #	11370	 9.484700918197632
2023-07-12 19:44:17.472694 - Epoc #	11380	 9.502121925354004
2023-07-12 19:44:26.833975 - Epoc #	11390	 9.361281156539917
2023-07-12 19:44:36.213941 - Epoc #	11400	 9.379966020584106
2023-07-12 19:44:45.635891 - Epoc #	11410	 9.421949863433838
2023-07-12 19:44:55.163305 - Epoc #	11420	 9.527414083480835
2023-07-12 19:45:06.019534 - Epoc #	11430	 10.856229066848755
2023-07-12 19:45:15.306386 - Epoc #	11440	 9.28685188293457
2023-07-12 19:45:24.822508 - Epoc #	11450	 9.516122102737427
2023-07-12 19:45:34.026872 - Epoc #	11460	 9.204363822937012
2023-07-12 19:45:43.310149 - Epoc #	11470	 9.283277034759521
2023-07-12 19:45:52.543132 - Epoc #	11480	 9.232983112335205
2023-07-12 19:46:01.935887 - Epoc #	11490	 9.392755031585693
2023-07-12 19:46:11.438681 - Epoc #	11500	 9.502793788909912
2023-07-12 19:46:21.745782 - Epoc #	11510	 10.307101011276245
2023-07-12 19:46:31.089612 - Epoc #	11520	 9.343830108642578
2023-07-12 19:46:40.744072 - Epoc #	11530	 9.654459953308105
2023-07-12 19:46:50.372153 - Epoc #	11540	 9.62808108329773
2023-07-12 19:47:00.652952 - Epoc #	11550	 10.28079891204834
2023-07-12 19:47:09.934612 - Epoc #	11560	 9.281660079956055
2023-07-12 19:47:19.497026 - Epoc #	11570	 9.562413930892944
2023-07-12 19:47:28.791342 - Epoc #	11580	 9.294316053390503
2023-07-12 19:47:38.110533 - Epoc #	11590	 9.319190979003906
2023-07-12 19:47:47.568766 - Epoc #	11600	 9.458233118057251
2023-07-12 19:47:57.268068 - Epoc #	11610	 9.699301958084106
2023-07-12 19:48:06.834931 - Epoc #	11620	 9.56686282157898
2023-07-12 19:48:16.591637 - Epoc #	11630	 9.75670599937439
2023-07-12 19:48:26.668137 - Epoc #	11640	 10.076500177383423
2023-07-12 19:48:36.153372 - Epoc #	11650	 9.48523497581482
2023-07-12 19:48:45.591247 - Epoc #	11660	 9.437875032424927
2023-07-12 19:48:55.153543 - Epoc #	11670	 9.562295913696289
2023-07-12 19:49:04.465143 - Epoc #	11680	 9.311599969863892
2023-07-12 19:49:14.531182 - Epoc #	11690	 10.066039085388184
2023-07-12 19:49:24.423568 - Epoc #	11700	 9.892385959625244
2023-07-12 19:49:33.719901 - Epoc #	11710	 9.296333074569702
2023-07-12 19:49:42.592849 - Epoc #	11720	 8.872947931289673
2023-07-12 19:49:51.927059 - Epoc #	11730	 9.33420991897583
2023-07-12 19:50:01.443451 - Epoc #	11740	 9.51639199256897
2023-07-12 19:50:10.977853 - Epoc #	11750	 9.534402132034302
2023-07-12 19:50:20.435235 - Epoc #	11760	 9.457381963729858
2023-07-12 19:50:29.794112 - Epoc #	11770	 9.358876943588257
2023-07-12 19:50:42.569526 - Epoc #	11780	 12.775413990020752
2023-07-12 19:50:52.126875 - Epoc #	11790	 9.55734896659851
2023-07-12 19:51:01.987669 - Epoc #	11800	 9.860794067382812
2023-07-12 19:51:11.140240 - Epoc #	11810	 9.152570962905884
2023-07-12 19:51:21.009367 - Epoc #	11820	 9.869127035140991
2023-07-12 19:51:30.261071 - Epoc #	11830	 9.251703977584839
2023-07-12 19:51:39.308009 - Epoc #	11840	 9.046937942504883
2023-07-12 19:51:48.481208 - Epoc #	11850	 9.17319917678833
2023-07-12 19:51:57.984638 - Epoc #	11860	 9.503429889678955
2023-07-12 19:52:07.655328 - Epoc #	11870	 9.670690059661865
2023-07-12 19:52:17.265254 - Epoc #	11880	 9.609925985336304
2023-07-12 19:52:26.642536 - Epoc #	11890	 9.377281904220581
2023-07-12 19:52:36.436407 - Epoc #	11900	 9.7938711643219
2023-07-12 19:52:45.842709 - Epoc #	11910	 9.406301975250244
2023-07-12 19:52:55.341665 - Epoc #	11920	 9.498955965042114
2023-07-12 19:53:04.499965 - Epoc #	11930	 9.158299922943115
2023-07-12 19:53:13.860551 - Epoc #	11940	 9.360586166381836
2023-07-12 19:53:23.364496 - Epoc #	11950	 9.503944873809814
2023-07-12 19:53:32.930804 - Epoc #	11960	 9.56630802154541
2023-07-12 19:53:42.219553 - Epoc #	11970	 9.288748979568481
2023-07-12 19:53:51.871715 - Epoc #	11980	 9.652162075042725
2023-07-12 19:54:01.126885 - Epoc #	11990	 9.255169868469238
2023-07-12 19:54:12.460125 - Epoc #	12000	 11.333240032196045
2023-07-12 19:54:22.327913 - Epoc #	12010	 9.867788076400757
2023-07-12 19:54:31.578460 - Epoc #	12020	 9.250546932220459
2023-07-12 19:54:40.799307 - Epoc #	12030	 9.220847129821777
2023-07-12 19:54:49.829939 - Epoc #	12040	 9.03063178062439
2023-07-12 19:54:59.285439 - Epoc #	12050	 9.45550012588501
2023-07-12 19:55:08.958691 - Epoc #	12060	 9.673251867294312
2023-07-12 19:55:18.287072 - Epoc #	12070	 9.328381061553955
2023-07-12 19:55:27.947947 - Epoc #	12080	 9.660875082015991
2023-07-12 19:55:37.309049 - Epoc #	12090	 9.361101865768433
2023-07-12 19:55:46.450603 - Epoc #	12100	 9.141554117202759
2023-07-12 19:55:55.372529 - Epoc #	12110	 8.921926021575928
2023-07-12 19:56:04.987067 - Epoc #	12120	 9.614537954330444
2023-07-12 19:56:14.673910 - Epoc #	12130	 9.686842918395996
2023-07-12 19:56:24.190761 - Epoc #	12140	 9.51685118675232
2023-07-12 19:56:33.738247 - Epoc #	12150	 9.547485828399658
2023-07-12 19:56:43.026998 - Epoc #	12160	 9.288751125335693
2023-07-12 19:56:53.251482 - Epoc #	12170	 10.224483966827393
2023-07-12 19:57:02.537295 - Epoc #	12180	 9.285813093185425
2023-07-12 19:57:11.784986 - Epoc #	12190	 9.247690916061401
2023-07-12 19:57:21.381160 - Epoc #	12200	 9.596174001693726
2023-07-12 19:57:30.597742 - Epoc #	12210	 9.21658205986023
2023-07-12 19:57:40.014572 - Epoc #	12220	 9.416829824447632
2023-07-12 19:57:49.262355 - Epoc #	12230	 9.247783184051514
2023-07-12 19:57:58.873017 - Epoc #	12240	 9.61066198348999
2023-07-12 19:58:08.820659 - Epoc #	12250	 9.947641849517822
2023-07-12 19:58:18.145688 - Epoc #	12260	 9.325029134750366
2023-07-12 19:58:27.429603 - Epoc #	12270	 9.283915042877197
2023-07-12 19:58:36.691757 - Epoc #	12280	 9.26215386390686
2023-07-12 19:58:45.785287 - Epoc #	12290	 9.09352993965149
2023-07-12 19:58:55.192775 - Epoc #	12300	 9.407488107681274
2023-07-12 19:59:04.724774 - Epoc #	12310	 9.531998872756958
2023-07-12 19:59:14.146774 - Epoc #	12320	 9.422000169754028
2023-07-12 19:59:23.490739 - Epoc #	12330	 9.34396505355835
2023-07-12 19:59:32.740685 - Epoc #	12340	 9.249945878982544
2023-07-12 19:59:42.380157 - Epoc #	12350	 9.639472007751465
2023-07-12 19:59:52.025817 - Epoc #	12360	 9.645659923553467
2023-07-12 20:00:01.339947 - Epoc #	12370	 9.314130067825317
2023-07-12 20:00:10.751512 - Epoc #	12380	 9.411565065383911
2023-07-12 20:00:20.178931 - Epoc #	12390	 9.427418947219849
2023-07-12 20:00:29.789222 - Epoc #	12400	 9.610291004180908
2023-07-12 20:00:39.101720 - Epoc #	12410	 9.312498092651367
2023-07-12 20:00:48.116337 - Epoc #	12420	 9.014616966247559
2023-07-12 20:00:57.551375 - Epoc #	12430	 9.435037851333618
2023-07-12 20:01:06.902989 - Epoc #	12440	 9.351613998413086
2023-07-12 20:01:16.395351 - Epoc #	12450	 9.492362022399902
2023-07-12 20:01:25.985321 - Epoc #	12460	 9.589970111846924
2023-07-12 20:01:35.412309 - Epoc #	12470	 9.426987886428833
2023-07-12 20:01:44.866507 - Epoc #	12480	 9.454198122024536
2023-07-12 20:01:54.333112 - Epoc #	12490	 9.466604948043823
