2023-07-13 01:05:31.286559 - Starting learning loop ...
==================================================================
2023-07-13 01:05:31.286559 - Using Framebuffer of: 4 frames	 and 	ReplayBufferSize: 25000
2023-07-13 01:05:31.286559 - Loglevel is set to: a
2023-07-13 01:05:31.286559 - Epoc #	0	 
2023-07-13 01:05:48.243251 - Epoc #	10	 16.95669198036194
2023-07-13 01:06:03.696385 - Epoc #	20	 15.453133821487427
2023-07-13 01:06:19.149370 - Epoc #	30	 15.452985048294067
2023-07-13 01:06:35.415612 - Epoc #	40	 16.266242027282715
2023-07-13 01:06:51.337386 - Epoc #	50	 15.921773910522461
2023-07-13 01:07:06.978465 - Epoc #	60	 15.641079187393188
2023-07-13 01:07:23.322213 - Epoc #	70	 16.343747854232788
2023-07-13 01:07:40.166266 - Epoc #	80	 16.844053030014038
2023-07-13 01:07:56.447512 - Epoc #	90	 16.281245946884155
2023-07-13 01:08:12.135969 - Epoc #	100	 15.688457012176514
2023-07-13 01:08:17.292136 - Time between reward step: #	166.00557684898376
2023-07-13 01:08:17.292136 - Average Score: 11.00 Elapsed time: 0:02:47.289823
2023-07-13 01:08:22.323388 - Time between reward step: #	171.03682899475098
2023-07-13 01:08:22.323388 - Average Score: 12.00 Elapsed time: 0:02:52.326583
2023-07-13 01:08:28.417204 - Epoc #	110	 16.281234979629517
2023-07-13 01:08:44.245296 - Epoc #	120	 15.828092098236084
2023-07-13 01:08:52.292105 - Time between reward step: #	201.00554585456848
2023-07-13 01:08:52.292105 - Average Score: 13.00 Elapsed time: 0:03:22.297774
2023-07-13 01:09:00.385894 - Epoc #	130	 16.14059805870056
2023-07-13 01:09:08.635854 - Time between reward step: #	217.34929490089417
2023-07-13 01:09:08.635854 - Average Score: 14.00 Elapsed time: 0:03:38.635958
2023-07-13 01:09:10.479646 - Time between reward step: #	219.1930868625641
2023-07-13 01:09:10.479646 - Average Score: 15.00 Elapsed time: 0:03:40.479277
2023-07-13 01:09:17.120717 - Time between reward step: #	225.8341579437256
2023-07-13 01:09:17.120717 - Average Score: 16.00 Elapsed time: 0:03:47.127924
2023-07-13 01:09:17.120717 - Epoc #	140	 16.734822988510132
2023-07-13 01:09:21.933213 - Time between reward step: #	230.64665389060974
2023-07-13 01:09:21.933213 - Average Score: 17.00 Elapsed time: 0:03:51.929828
2023-07-13 01:09:32.667586 - Epoc #	150	 15.546869039535522
2023-07-13 01:09:48.997677 - Epoc #	160	 16.33009099960327
2023-07-13 01:10:04.936556 - Epoc #	170	 15.938879013061523
2023-07-13 01:10:20.713777 - Epoc #	180	 15.777220964431763
2023-07-13 01:10:36.425458 - Epoc #	190	 15.711680889129639
2023-07-13 01:10:52.159833 - Epoc #	200	 15.734375
2023-07-13 01:11:07.800945 - Epoc #	210	 15.641112089157104
2023-07-13 01:11:24.238384 - Epoc #	220	 16.43743896484375
2023-07-13 01:11:40.457597 - Epoc #	230	 16.219213008880615
2023-07-13 01:11:56.691957 - Epoc #	240	 16.234359979629517
2023-07-13 01:12:12.997358 - Epoc #	250	 16.30540108680725
2023-07-13 01:12:28.528666 - Epoc #	260	 15.531307935714722
2023-07-13 01:12:45.059867 - Epoc #	270	 16.531200885772705
2023-07-13 01:13:00.762984 - Epoc #	280	 15.70311713218689
2023-07-13 01:13:17.309865 - Epoc #	290	 16.546880960464478
2023-07-13 01:13:32.982298 - Epoc #	300	 15.672432899475098
2023-07-13 01:13:49.497893 - Epoc #	310	 16.515595197677612
2023-07-13 01:14:05.279350 - Epoc #	320	 15.78145694732666
2023-07-13 01:14:20.935603 - Epoc #	330	 15.65625286102295
2023-07-13 01:14:36.857406 - Epoc #	340	 15.921802997589111
2023-07-13 01:14:53.201173 - Epoc #	350	 16.343767166137695
2023-07-13 01:15:09.138722 - Epoc #	360	 15.937548875808716
2023-07-13 01:15:25.531711 - Epoc #	370	 16.39298915863037
2023-07-13 01:15:42.219212 - Epoc #	380	 16.687500953674316
2023-07-13 01:15:58.531700 - Epoc #	390	 16.312487840652466
2023-07-13 01:16:14.735258 - Epoc #	400	 16.203558206558228
2023-07-13 01:16:30.750919 - Epoc #	410	 16.015661001205444
2023-07-13 01:16:46.735294 - Epoc #	420	 15.984375
2023-07-13 01:17:02.985240 - Epoc #	430	 16.249945878982544
2023-07-13 01:17:17.969606 - Epoc #	440	 14.984365940093994
2023-07-13 01:17:34.705706 - Epoc #	450	 16.7360999584198
2023-07-13 01:17:51.035289 - Epoc #	460	 16.329583168029785
2023-07-13 01:18:07.083961 - Epoc #	470	 16.04867196083069
2023-07-13 01:18:22.885100 - Epoc #	480	 15.801138877868652
2023-07-13 01:18:38.815313 - Epoc #	490	 15.930213212966919
2023-07-13 01:18:54.502879 - Epoc #	500	 15.687565803527832
2023-07-13 01:19:09.924710 - Epoc #	510	 15.421831130981445
2023-07-13 01:19:25.440878 - Epoc #	520	 15.516167879104614
2023-07-13 01:19:41.487777 - Epoc #	530	 16.04689908027649
2023-07-13 01:19:57.269072 - Epoc #	540	 15.78129506111145
2023-07-13 01:20:12.878452 - Epoc #	550	 15.609380006790161
2023-07-13 01:20:28.988310 - Epoc #	560	 16.10985803604126
2023-07-13 01:20:45.013497 - Epoc #	570	 16.025187015533447
2023-07-13 01:21:00.404176 - Epoc #	580	 15.390678882598877
2023-07-13 01:21:16.310432 - Epoc #	590	 15.906255960464478
2023-07-13 01:21:32.841679 - Epoc #	600	 16.53124713897705
2023-07-13 01:21:49.122970 - Epoc #	610	 16.281291007995605
2023-07-13 01:22:04.779119 - Epoc #	620	 15.656148910522461
2023-07-13 01:22:20.779149 - Epoc #	630	 16.000030040740967
2023-07-13 01:22:36.544928 - Epoc #	640	 15.7657790184021
2023-07-13 01:22:52.591820 - Epoc #	650	 16.046891927719116
2023-07-13 01:23:08.310498 - Epoc #	660	 15.718677997589111
2023-07-13 01:23:24.747990 - Epoc #	670	 16.43749189376831
2023-07-13 01:23:40.607826 - Epoc #	680	 15.859836101531982
2023-07-13 01:23:56.092875 - Epoc #	690	 15.48504900932312
2023-07-13 01:24:12.195121 - Epoc #	700	 16.102246046066284
2023-07-13 01:24:28.335742 - Epoc #	710	 16.140620946884155
2023-07-13 01:24:44.882623 - Epoc #	720	 16.546880960464478
2023-07-13 01:25:01.554960 - Epoc #	730	 16.6723370552063
2023-07-13 01:25:17.742386 - Epoc #	740	 16.18742609024048
2023-07-13 01:25:33.445513 - Epoc #	750	 15.703126907348633
2023-07-13 01:25:49.587086 - Epoc #	760	 16.141572952270508
2023-07-13 01:26:06.776244 - Epoc #	770	 17.189157962799072
2023-07-13 01:26:23.500572 - Epoc #	780	 16.72432804107666
2023-07-13 01:26:39.683112 - Epoc #	790	 16.18253993988037
2023-07-13 01:26:55.839283 - Epoc #	800	 16.156171083450317
2023-07-13 01:27:13.652804 - Epoc #	810	 17.813520908355713
2023-07-13 01:27:31.106147 - Epoc #	820	 17.453343152999878
2023-07-13 01:27:46.590520 - Epoc #	830	 15.484372854232788
2023-07-13 01:28:02.590525 - Epoc #	840	 16.00000500679016
2023-07-13 01:28:18.450405 - Epoc #	850	 15.859879970550537
2023-07-13 01:28:34.997748 - Epoc #	860	 16.547343015670776
2023-07-13 01:28:52.075841 - Epoc #	870	 17.0780930519104
2023-07-13 01:29:08.622754 - Epoc #	880	 16.546913146972656
2023-07-13 01:29:25.263296 - Epoc #	890	 16.640541791915894
2023-07-13 01:29:41.029005 - Epoc #	900	 15.765709161758423
2023-07-13 01:29:57.857123 - Epoc #	910	 16.828117847442627
2023-07-13 01:30:14.883681 - Epoc #	920	 17.02655816078186
2023-07-13 01:30:31.602607 - Epoc #	930	 16.718925952911377
2023-07-13 01:30:47.009306 - Epoc #	940	 15.406698942184448
2023-07-13 01:31:04.368740 - Epoc #	950	 17.359434127807617
2023-07-13 01:31:21.587493 - Epoc #	960	 17.21875286102295
2023-07-13 01:31:37.681253 - Epoc #	970	 16.093760013580322
2023-07-13 01:31:54.493764 - Epoc #	980	 16.81251096725464
2023-07-13 01:32:10.415609 - Epoc #	990	 15.921844959259033
2023-07-13 01:32:26.885782 - Epoc #	1000	 16.470173120498657
2023-07-13 01:32:43.729467 - Epoc #	1010	 16.843684911727905
2023-07-13 01:33:00.370155 - Epoc #	1020	 16.640688180923462
2023-07-13 01:33:16.526805 - Epoc #	1030	 16.156649827957153
2023-07-13 01:33:33.792874 - Epoc #	1040	 17.266069173812866
2023-07-13 01:33:50.029956 - Epoc #	1050	 16.23708200454712
2023-07-13 01:34:06.096152 - Epoc #	1060	 16.066195964813232
2023-07-13 01:34:23.607307 - Epoc #	1070	 17.511154890060425
2023-07-13 01:34:40.285154 - Epoc #	1080	 16.677847146987915
2023-07-13 01:34:58.253857 - Epoc #	1090	 17.968702793121338
2023-07-13 01:35:14.691342 - Epoc #	1100	 16.437485218048096
2023-07-13 01:35:30.722623 - Epoc #	1110	 16.031280994415283
2023-07-13 01:35:48.451374 - Epoc #	1120	 17.728750944137573
2023-07-13 01:36:05.029461 - Epoc #	1130	 16.578086853027344
2023-07-13 01:36:20.964982 - Epoc #	1140	 15.935521125793457
2023-07-13 01:36:37.949741 - Epoc #	1150	 16.984758853912354
2023-07-13 01:36:54.090688 - Epoc #	1160	 16.140947103500366
2023-07-13 01:37:10.871874 - Epoc #	1170	 16.7811861038208
2023-07-13 01:37:27.637730 - Epoc #	1180	 16.76585578918457
2023-07-13 01:37:44.934591 - Epoc #	1190	 17.296861171722412
2023-07-13 01:38:00.997091 - Epoc #	1200	 16.0625
2023-07-13 01:38:17.169552 - Epoc #	1210	 16.17246103286743
2023-07-13 01:38:35.107549 - Epoc #	1220	 17.937996864318848
2023-07-13 01:38:52.014321 - Epoc #	1230	 16.906772136688232
2023-07-13 01:39:08.779944 - Epoc #	1240	 16.765622854232788
2023-07-13 01:39:26.279941 - Epoc #	1250	 17.49999713897705
2023-07-13 01:39:44.264321 - Epoc #	1260	 17.98438000679016
2023-07-13 01:40:00.030557 - Epoc #	1270	 15.766235828399658
2023-07-13 01:40:16.531090 - Epoc #	1280	 16.50053310394287
2023-07-13 01:40:33.718677 - Epoc #	1290	 17.187587022781372
2023-07-13 01:40:49.562334 - Epoc #	1300	 15.84365701675415
2023-07-13 01:41:05.640471 - Epoc #	1310	 16.078136920928955
2023-07-13 01:41:21.593584 - Epoc #	1320	 15.953113079071045
2023-07-13 01:41:39.141074 - Epoc #	1330	 17.547489881515503
2023-07-13 01:41:55.908588 - Epoc #	1340	 16.76751399040222
2023-07-13 01:42:14.457149 - Epoc #	1350	 18.548561096191406
2023-07-13 01:42:31.631780 - Epoc #	1360	 17.174630880355835
2023-07-13 01:42:48.119187 - Epoc #	1370	 16.487407207489014
2023-07-13 01:43:04.525375 - Epoc #	1380	 16.406187772750854
2023-07-13 01:43:21.167876 - Epoc #	1390	 16.64250111579895
2023-07-13 01:43:37.792874 - Epoc #	1400	 16.624998092651367
2023-07-13 01:43:54.261618 - Epoc #	1410	 16.468743801116943
2023-07-13 01:44:10.339747 - Epoc #	1420	 16.078129053115845
2023-07-13 01:44:26.527532 - Epoc #	1430	 16.187785148620605
2023-07-13 01:44:42.621828 - Epoc #	1440	 16.094295978546143
2023-07-13 01:44:59.278761 - Epoc #	1450	 16.656932830810547
2023-07-13 01:45:15.419390 - Epoc #	1460	 16.140629053115845
2023-07-13 01:45:31.731830 - Epoc #	1470	 16.312439918518066
2023-07-13 01:45:48.419335 - Epoc #	1480	 16.68750500679016
2023-07-13 01:46:04.153769 - Epoc #	1490	 15.734434127807617
2023-07-13 01:46:21.341267 - Epoc #	1500	 17.187498092651367
2023-07-13 01:46:37.731821 - Epoc #	1510	 16.390553951263428
2023-07-13 01:46:55.403768 - Epoc #	1520	 17.67194700241089
2023-07-13 01:47:11.888530 - Epoc #	1530	 16.484761953353882
2023-07-13 01:47:28.904592 - Epoc #	1540	 17.016062021255493
2023-07-13 01:47:45.717089 - Epoc #	1550	 16.81249690055847
2023-07-13 01:48:02.468084 - Epoc #	1560	 16.75099515914917
2023-07-13 01:48:19.059701 - Epoc #	1570	 16.59161686897278
2023-07-13 01:48:39.356511 - Epoc #	1580	 20.296810150146484
2023-07-13 01:48:56.044077 - Epoc #	1590	 16.687565803527832
2023-07-13 01:49:14.762828 - Epoc #	1600	 18.718751192092896
2023-07-13 01:49:31.622143 - Epoc #	1610	 16.859314918518066
2023-07-13 01:49:49.092822 - Epoc #	1620	 17.47067904472351
2023-07-13 01:50:05.971718 - Epoc #	1630	 16.8788959980011
2023-07-13 01:50:23.127408 - Epoc #	1640	 17.15568995475769
2023-07-13 01:50:39.778043 - Epoc #	1650	 16.65063500404358
2023-07-13 01:50:56.793506 - Epoc #	1660	 17.01546287536621
2023-07-13 01:51:12.965455 - Epoc #	1670	 16.1719491481781
2023-07-13 01:51:28.981078 - Epoc #	1680	 16.015622854232788
2023-07-13 01:51:45.778045 - Epoc #	1690	 16.796967029571533
2023-07-13 01:52:03.418578 - Epoc #	1700	 17.640532970428467
2023-07-13 01:52:19.762918 - Epoc #	1710	 16.344340085983276
2023-07-13 01:52:36.403545 - Epoc #	1720	 16.640626907348633
2023-07-13 01:52:52.965985 - Epoc #	1730	 16.562440156936646
2023-07-13 01:53:10.653554 - Epoc #	1740	 17.68756890296936
2023-07-13 01:53:27.434799 - Epoc #	1750	 16.78124499320984
2023-07-13 01:53:44.434732 - Epoc #	1760	 16.999933004379272
2023-07-13 01:54:00.294169 - Epoc #	1770	 15.859436988830566
2023-07-13 01:54:16.639027 - Epoc #	1780	 16.344858169555664
2023-07-13 01:54:33.311508 - Epoc #	1790	 16.672480821609497
2023-07-13 01:54:50.548653 - Epoc #	1800	 17.237144947052002
2023-07-13 01:55:07.378521 - Epoc #	1810	 16.82986807823181
2023-07-13 01:55:24.300370 - Epoc #	1820	 16.921849012374878
2023-07-13 01:55:40.972312 - Epoc #	1830	 16.671941995620728
2023-07-13 01:56:00.050436 - Epoc #	1840	 19.078124046325684
2023-07-13 01:56:17.066022 - Epoc #	1850	 17.015585899353027
2023-07-13 01:56:34.535186 - Epoc #	1860	 17.4691641330719
2023-07-13 01:56:52.128908 - Epoc #	1870	 17.593721866607666
2023-07-13 01:57:09.003868 - Epoc #	1880	 16.87496018409729
2023-07-13 01:57:25.644864 - Epoc #	1890	 16.640995979309082
2023-07-13 01:57:42.599774 - Epoc #	1900	 16.954909801483154
2023-07-13 01:57:58.960028 - Epoc #	1910	 16.360254049301147
2023-07-13 01:58:15.942562 - Epoc #	1920	 16.982534170150757
2023-07-13 01:58:32.542095 - Epoc #	1930	 16.59953284263611
2023-07-13 01:58:48.965292 - Epoc #	1940	 16.423197031021118
2023-07-13 01:59:06.965304 - Epoc #	1950	 18.000011920928955
2023-07-13 01:59:23.621548 - Epoc #	1960	 16.656244039535522
2023-07-13 01:59:39.512179 - Epoc #	1970	 15.890630960464478
2023-07-13 01:59:56.637178 - Epoc #	1980	 17.124999046325684
2023-07-13 02:00:15.104162 - Epoc #	1990	 18.466984033584595
2023-07-13 02:00:31.588475 - Epoc #	2000	 16.484313011169434
2023-07-13 02:00:48.057223 - Epoc #	2010	 16.468748092651367
2023-07-13 02:01:04.791608 - Epoc #	2020	 16.734385013580322
2023-07-13 02:01:21.541556 - Epoc #	2030	 16.749947786331177
2023-07-13 02:01:37.960351 - Epoc #	2040	 16.418795108795166
2023-07-13 02:01:47.085820 - Time between reward step: #	3375.799260854721
2023-07-13 02:01:47.085820 - Average Score: 18.00 Elapsed time: 0:56:17.083712
2023-07-13 02:01:55.663949 - Epoc #	2050	 17.703598022460938
2023-07-13 02:02:12.900957 - Epoc #	2060	 17.237008094787598
2023-07-13 02:02:29.822798 - Epoc #	2070	 16.92184090614319
2023-07-13 02:02:47.235691 - Epoc #	2080	 17.412893056869507
2023-07-13 02:03:04.886399 - Epoc #	2090	 17.650707960128784
2023-07-13 02:03:20.759563 - Epoc #	2100	 15.873163938522339
2023-07-13 02:03:38.880191 - Epoc #	2110	 18.120628118515015
2023-07-13 02:03:56.505130 - Epoc #	2120	 17.62493896484375
2023-07-13 02:04:13.395812 - Epoc #	2130	 16.890681982040405
2023-07-13 02:04:29.864564 - Epoc #	2140	 16.468751907348633
2023-07-13 02:04:47.959181 - Epoc #	2150	 18.094617128372192
2023-07-13 02:05:04.758272 - Epoc #	2160	 16.79909086227417
2023-07-13 02:05:13.714364 - Time between reward step: #	3582.4278049468994
2023-07-13 02:05:13.714364 - Average Score: 19.00 Elapsed time: 0:59:43.713710
2023-07-13 02:05:22.044187 - Epoc #	2170	 17.28591513633728
2023-07-13 02:05:38.556480 - Time between reward step: #	3607.2699208259583
2023-07-13 02:05:38.556480 - Average Score: 20.00 Elapsed time: 1:00:08.566633
2023-07-13 02:05:40.416360 - Epoc #	2180	 18.372172832489014
2023-07-13 02:05:58.312329 - Epoc #	2190	 17.89596915245056
2023-07-13 02:06:01.469546 - Time between reward step: #	3630.182986974716
2023-07-13 02:06:01.469546 - Average Score: 21.00 Elapsed time: 1:00:31.475829
2023-07-13 02:06:11.207561 - Time between reward step: #	3639.9210019111633
2023-07-13 02:06:11.207561 - Average Score: 22.00 Elapsed time: 1:00:41.209946
2023-07-13 02:06:15.506320 - Epoc #	2200	 17.19399094581604
2023-07-13 02:06:31.805638 - Epoc #	2210	 16.299318075180054
2023-07-13 02:06:48.780582 - Epoc #	2220	 16.97494387626648
2023-07-13 02:07:05.112944 - Epoc #	2230	 16.332361936569214
2023-07-13 02:07:23.088158 - Epoc #	2240	 17.9752140045166
2023-07-13 02:07:41.731921 - Epoc #	2250	 18.643763065338135
2023-07-13 02:07:58.188814 - Epoc #	2260	 16.45689296722412
2023-07-13 02:08:14.414526 - Epoc #	2270	 16.225712060928345
2023-07-13 02:08:33.355385 - Epoc #	2280	 18.940859079360962
2023-07-13 02:08:51.943738 - Epoc #	2290	 18.588352918624878
2023-07-13 02:09:09.860225 - Epoc #	2300	 17.916486978530884
2023-07-13 02:09:26.480535 - Epoc #	2310	 16.620310068130493
2023-07-13 02:09:44.211673 - Epoc #	2320	 17.731137990951538
2023-07-13 02:10:00.144196 - Epoc #	2330	 15.932523012161255
2023-07-13 02:10:16.987865 - Epoc #	2340	 16.843668937683105
2023-07-13 02:10:32.840903 - Epoc #	2350	 15.85303807258606
2023-07-13 02:10:50.912219 - Epoc #	2360	 18.07131600379944
2023-07-13 02:11:09.395804 - Epoc #	2370	 18.483584880828857
2023-07-13 02:11:28.201055 - Epoc #	2380	 18.805251121520996
2023-07-13 02:11:44.157646 - Epoc #	2390	 15.9565908908844
2023-07-13 02:12:01.317433 - Epoc #	2400	 17.15978717803955
2023-07-13 02:12:18.102024 - Epoc #	2410	 16.78459095954895
2023-07-13 02:12:34.761476 - Epoc #	2420	 16.659451961517334
2023-07-13 02:12:51.887797 - Epoc #	2430	 17.1263210773468
2023-07-13 02:13:08.765186 - Epoc #	2440	 16.877388954162598
2023-07-13 02:13:26.832764 - Epoc #	2450	 18.067577838897705
2023-07-13 02:13:46.089147 - Epoc #	2460	 19.256383180618286
2023-07-13 02:14:03.748142 - Epoc #	2470	 17.658994913101196
2023-07-13 02:14:20.298292 - Epoc #	2480	 16.55014991760254
2023-07-13 02:14:37.958742 - Epoc #	2490	 17.660449981689453
2023-07-13 02:14:55.727501 - Epoc #	2500	 17.76875901222229
2023-07-13 02:15:13.552297 - Epoc #	2510	 17.824796199798584
2023-07-13 02:15:31.084403 - Epoc #	2520	 17.532105922698975
2023-07-13 02:15:47.836376 - Epoc #	2530	 16.751972913742065
2023-07-13 02:16:04.195747 - Epoc #	2540	 16.359370946884155
2023-07-13 02:16:21.992690 - Epoc #	2550	 17.796943187713623
2023-07-13 02:16:39.650090 - Epoc #	2560	 17.657399892807007
2023-07-13 02:16:56.744528 - Epoc #	2570	 17.094438076019287
2023-07-13 02:17:13.512551 - Epoc #	2580	 16.768023014068604
2023-07-13 02:17:30.969851 - Epoc #	2590	 17.457299947738647
2023-07-13 02:17:47.737535 - Epoc #	2600	 16.76768398284912
2023-07-13 02:18:04.744589 - Epoc #	2610	 17.007054090499878
2023-07-13 02:18:21.596363 - Epoc #	2620	 16.851773977279663
2023-07-13 02:18:39.257207 - Epoc #	2630	 17.66084384918213
2023-07-13 02:18:56.135778 - Epoc #	2640	 16.878571033477783
2023-07-13 02:19:13.153341 - Epoc #	2650	 17.017563104629517
2023-07-13 02:19:31.140696 - Epoc #	2660	 17.98735499382019
2023-07-13 02:19:49.925067 - Epoc #	2670	 18.78437089920044
2023-07-13 02:20:08.490953 - Epoc #	2680	 18.5658860206604
2023-07-13 02:20:25.369024 - Epoc #	2690	 16.878071069717407
2023-07-13 02:20:43.453844 - Epoc #	2700	 18.08482003211975
2023-07-13 02:21:01.674505 - Epoc #	2710	 18.2206609249115
2023-07-13 02:21:19.615636 - Epoc #	2720	 17.941131114959717
2023-07-13 02:21:36.946941 - Epoc #	2730	 17.331304788589478
2023-07-13 02:21:54.810634 - Epoc #	2740	 17.86369299888611
2023-07-13 02:22:11.468594 - Epoc #	2750	 16.657960176467896
2023-07-13 02:22:28.596237 - Epoc #	2760	 17.12764286994934
2023-07-13 02:22:46.054842 - Epoc #	2770	 17.45860505104065
2023-07-13 02:23:03.970671 - Epoc #	2780	 17.915828943252563
2023-07-13 02:23:21.060345 - Epoc #	2790	 17.08967399597168
2023-07-13 02:23:37.917202 - Epoc #	2800	 16.85685706138611
2023-07-13 02:23:54.871043 - Epoc #	2810	 16.953840970993042
2023-07-13 02:24:13.334513 - Epoc #	2820	 18.463469982147217
2023-07-13 02:24:31.819340 - Epoc #	2830	 18.484827041625977
2023-07-13 02:24:48.898063 - Epoc #	2840	 17.078722953796387
2023-07-13 02:25:05.900723 - Epoc #	2850	 17.002660036087036
2023-07-13 02:25:23.156558 - Epoc #	2860	 17.25583505630493
2023-07-13 02:25:39.210365 - Epoc #	2870	 16.053807020187378
2023-07-13 02:25:56.888670 - Epoc #	2880	 17.67830491065979
2023-07-13 02:26:13.797512 - Epoc #	2890	 16.908842086791992
2023-07-13 02:26:30.737180 - Epoc #	2900	 16.93966794013977
2023-07-13 02:26:47.754492 - Epoc #	2910	 17.017312049865723
2023-07-13 02:27:04.228840 - Epoc #	2920	 16.474348068237305
2023-07-13 02:27:21.858997 - Epoc #	2930	 17.630156993865967
2023-07-13 02:27:38.943277 - Epoc #	2940	 17.084279775619507
2023-07-13 02:27:56.772713 - Epoc #	2950	 17.82943606376648
2023-07-13 02:28:14.960379 - Epoc #	2960	 18.187665939331055
2023-07-13 02:28:32.306744 - Epoc #	2970	 17.346365213394165
2023-07-13 02:28:49.822623 - Epoc #	2980	 17.515878915786743
2023-07-13 02:29:06.528577 - Epoc #	2990	 16.70595407485962
2023-07-13 02:29:24.219865 - Epoc #	3000	 17.691287994384766
2023-07-13 02:29:41.581122 - Epoc #	3010	 17.36125683784485
2023-07-13 02:29:57.616663 - Epoc #	3020	 16.03554105758667
2023-07-13 02:30:16.644780 - Epoc #	3030	 19.028116941452026
2023-07-13 02:30:32.722916 - Epoc #	3040	 16.07813596725464
2023-07-13 02:30:51.551039 - Epoc #	3050	 18.828123092651367
2023-07-13 02:31:10.019788 - Epoc #	3060	 18.468749046325684
2023-07-13 02:31:27.535405 - Epoc #	3070	 17.51561689376831
2023-07-13 02:31:46.020207 - Epoc #	3080	 18.48480200767517
2023-07-13 02:32:04.301832 - Epoc #	3090	 18.281625032424927
2023-07-13 02:32:22.145581 - Epoc #	3100	 17.843749046325684
2023-07-13 02:32:40.177167 - Epoc #	3110	 18.031585931777954
2023-07-13 02:32:57.708476 - Epoc #	3120	 17.531309127807617
2023-07-13 02:33:14.037407 - Epoc #	3130	 16.328930854797363
2023-07-13 02:33:31.663961 - Epoc #	3140	 17.626554012298584
2023-07-13 02:33:48.946577 - Epoc #	3150	 17.282616138458252
2023-07-13 02:34:06.026147 - Epoc #	3160	 17.079569816589355
2023-07-13 02:34:23.183664 - Epoc #	3170	 17.157517194747925
2023-07-13 02:34:41.529283 - Epoc #	3180	 18.345618963241577
2023-07-13 02:34:57.984424 - Epoc #	3190	 16.455141067504883
2023-07-13 02:35:15.581042 - Epoc #	3200	 17.596617937088013
2023-07-13 02:35:32.771713 - Epoc #	3210	 17.19067096710205
2023-07-13 02:35:50.901467 - Epoc #	3220	 18.129754066467285
2023-07-13 02:36:07.559546 - Epoc #	3230	 16.658078908920288
2023-07-13 02:36:23.999610 - Epoc #	3240	 16.440063953399658
2023-07-13 02:36:40.862418 - Epoc #	3250	 16.862807989120483
2023-07-13 02:36:59.426663 - Epoc #	3260	 18.564244985580444
2023-07-13 02:37:16.289532 - Epoc #	3270	 16.862869024276733
2023-07-13 02:37:34.432972 - Epoc #	3280	 18.143440008163452
2023-07-13 02:37:51.631134 - Epoc #	3290	 17.198162078857422
2023-07-13 02:38:08.386194 - Epoc #	3300	 16.755059957504272
2023-07-13 02:38:24.526830 - Epoc #	3310	 16.14063596725464
2023-07-13 02:38:41.527057 - Epoc #	3320	 17.000226974487305
2023-07-13 02:38:59.120865 - Epoc #	3330	 17.5938081741333
2023-07-13 02:39:15.731511 - Epoc #	3340	 16.61064600944519
2023-07-13 02:39:33.076011 - Epoc #	3350	 17.344499826431274
2023-07-13 02:39:50.232243 - Epoc #	3360	 17.156232118606567
2023-07-13 02:40:06.935635 - Epoc #	3370	 16.703392028808594
2023-07-13 02:40:24.373132 - Epoc #	3380	 17.43749690055847
2023-07-13 02:40:40.342361 - Epoc #	3390	 15.969228982925415
2023-07-13 02:41:00.359022 - Epoc #	3400	 20.016660928726196
2023-07-13 02:41:16.844019 - Epoc #	3410	 16.484997034072876
2023-07-13 02:41:35.500487 - Epoc #	3420	 18.656468152999878
2023-07-13 02:41:51.439050 - Epoc #	3430	 15.938562870025635
2023-07-13 02:42:10.454624 - Epoc #	3440	 19.015573978424072
2023-07-13 02:42:27.578048 - Epoc #	3450	 17.12342405319214
2023-07-13 02:42:47.049214 - Epoc #	3460	 19.471165895462036
2023-07-13 02:43:05.303440 - Epoc #	3470	 18.254226207733154
2023-07-13 02:43:23.655546 - Epoc #	3480	 18.352105855941772
2023-07-13 02:43:41.204669 - Epoc #	3490	 17.54912304878235
2023-07-13 02:43:59.221131 - Epoc #	3500	 18.016462087631226
2023-07-13 02:44:16.177646 - Epoc #	3510	 16.956514835357666
2023-07-13 02:44:32.977099 - Epoc #	3520	 16.799453020095825
2023-07-13 02:44:50.261120 - Epoc #	3530	 17.284021139144897
2023-07-13 02:45:07.279956 - Epoc #	3540	 17.01883602142334
2023-07-13 02:45:23.610148 - Epoc #	3550	 16.33019185066223
2023-07-13 02:45:40.335352 - Epoc #	3560	 16.72520399093628
2023-07-13 02:45:57.097893 - Epoc #	3570	 16.76254105567932
2023-07-13 02:46:15.150111 - Epoc #	3580	 18.052217960357666
2023-07-13 02:46:32.186338 - Epoc #	3590	 17.036226987838745
2023-07-13 02:46:50.299429 - Epoc #	3600	 18.113090991973877
2023-07-13 02:47:07.650747 - Epoc #	3610	 17.35131812095642
2023-07-13 02:47:23.731859 - Epoc #	3620	 16.081111907958984
2023-07-13 02:47:41.553361 - Epoc #	3630	 17.821501970291138
2023-07-13 02:48:00.397867 - Epoc #	3640	 18.84450602531433
2023-07-13 02:48:17.566773 - Epoc #	3650	 17.16890597343445
2023-07-13 02:48:33.786577 - Epoc #	3660	 16.219804048538208
2023-07-13 02:48:49.442818 - Epoc #	3670	 15.656240940093994
2023-07-13 02:49:06.850699 - Epoc #	3680	 17.407881021499634
2023-07-13 02:49:23.590162 - Epoc #	3690	 16.739463090896606
2023-07-13 02:49:39.907791 - Epoc #	3700	 16.317628860473633
2023-07-13 02:49:59.222010 - Epoc #	3710	 19.314218997955322
2023-07-13 02:50:16.444413 - Epoc #	3720	 17.222403049468994
2023-07-13 02:50:34.234462 - Epoc #	3730	 17.790049076080322
2023-07-13 02:50:52.081510 - Epoc #	3740	 17.847048044204712
2023-07-13 02:51:08.272115 - Epoc #	3750	 16.19060492515564
2023-07-13 02:51:25.134978 - Epoc #	3760	 16.862863063812256
2023-07-13 02:51:40.982822 - Epoc #	3770	 15.847843885421753
2023-07-13 02:51:59.514969 - Epoc #	3780	 18.53214716911316
2023-07-13 02:52:16.080094 - Epoc #	3790	 16.565124988555908
2023-07-13 02:52:35.315389 - Epoc #	3800	 19.235294818878174
2023-07-13 02:52:52.768766 - Epoc #	3810	 17.45337700843811
2023-07-13 02:53:10.442072 - Epoc #	3820	 17.673305988311768
2023-07-13 02:53:27.556042 - Epoc #	3830	 17.113970041275024
2023-07-13 02:53:44.591082 - Epoc #	3840	 17.035040140151978
2023-07-13 02:54:03.923495 - Epoc #	3850	 19.33241295814514
2023-07-13 02:54:20.707912 - Epoc #	3860	 16.784416913986206
2023-07-13 02:54:37.916213 - Epoc #	3870	 17.208301067352295
2023-07-13 02:54:53.968220 - Epoc #	3880	 16.05200695991516
2023-07-13 02:55:07.478843 - Time between reward step: #	6576.19228386879
2023-07-13 02:55:07.478843 - Average Score: 23.00 Elapsed time: 1:49:37.487249
2023-07-13 02:55:10.681976 - Epoc #	3890	 16.71375608444214
2023-07-13 02:55:28.838954 - Epoc #	3900	 18.156977891921997
2023-07-13 02:55:34.417076 - Time between reward step: #	6603.13051700592
2023-07-13 02:55:34.417076 - Average Score: 24.00 Elapsed time: 1:50:04.416418
2023-07-13 02:55:46.057738 - Epoc #	3910	 17.21878409385681
2023-07-13 02:56:02.948320 - Epoc #	3920	 16.890581846237183
2023-07-13 02:56:20.385829 - Epoc #	3930	 17.437509059906006
2023-07-13 02:56:38.510834 - Epoc #	3940	 18.12500500679016
2023-07-13 02:56:55.088970 - Epoc #	3950	 16.57813596725464
2023-07-13 02:57:13.948316 - Epoc #	3960	 18.85934615135193
2023-07-13 02:57:32.245206 - Epoc #	3970	 18.296890020370483
2023-07-13 02:57:49.932642 - Epoc #	3980	 17.68743586540222
2023-07-13 02:58:07.713947 - Epoc #	3990	 17.781305074691772
2023-07-13 02:58:24.463946 - Epoc #	4000	 16.749999046325684
2023-07-13 02:58:41.651918 - Epoc #	4010	 17.187971830368042
2023-07-13 02:58:58.573799 - Epoc #	4020	 16.921880960464478
2023-07-13 02:59:15.386296 - Epoc #	4030	 16.81249713897705
2023-07-13 02:59:31.855040 - Epoc #	4040	 16.468744039535522
2023-07-13 02:59:48.823689 - Epoc #	4050	 16.96864891052246
2023-07-13 03:00:07.167472 - Epoc #	4060	 18.343782901763916
2023-07-13 03:00:23.969107 - Epoc #	4070	 16.801635026931763
2023-07-13 03:00:40.234792 - Epoc #	4080	 16.265685081481934
2023-07-13 03:00:58.172295 - Epoc #	4090	 17.93750309944153
2023-07-13 03:01:13.937916 - Epoc #	4100	 15.765620946884155
2023-07-13 03:01:32.390970 - Epoc #	4110	 18.453053951263428
2023-07-13 03:01:49.031876 - Epoc #	4120	 16.64090609550476
2023-07-13 03:02:06.735019 - Epoc #	4130	 17.703142881393433
2023-07-13 03:02:24.287575 - Epoc #	4140	 17.552556037902832
2023-07-13 03:02:41.669754 - Epoc #	4150	 17.382179021835327
2023-07-13 03:02:58.343904 - Epoc #	4160	 16.674149990081787
2023-07-13 03:03:15.409517 - Epoc #	4170	 17.06561303138733
2023-07-13 03:03:32.968964 - Epoc #	4180	 17.559447050094604
2023-07-13 03:03:50.522317 - Epoc #	4190	 17.55335283279419
2023-07-13 03:04:07.863676 - Epoc #	4200	 17.34135913848877
2023-07-13 03:04:25.223128 - Epoc #	4210	 17.35945200920105
2023-07-13 03:04:42.426282 - Epoc #	4220	 17.20315384864807
2023-07-13 03:04:59.629409 - Epoc #	4230	 17.203127145767212
2023-07-13 03:05:01.441888 - Time between reward step: #	7170.155328989029
2023-07-13 03:05:01.441888 - Average Score: 25.00 Elapsed time: 1:59:31.443467
2023-07-13 03:05:14.208064 - Time between reward step: #	7182.921504974365
2023-07-13 03:05:14.208064 - Average Score: 26.00 Elapsed time: 1:59:44.216849
2023-07-13 03:05:17.583068 - Epoc #	4240	 17.95365881919861
2023-07-13 03:05:21.224221 - Time between reward step: #	7189.937661886215
2023-07-13 03:05:21.224221 - Average Score: 27.00 Elapsed time: 1:59:51.221881
2023-07-13 03:05:26.208583 - Time between reward step: #	7194.922024011612
2023-07-13 03:05:26.208583 - Average Score: 28.00 Elapsed time: 1:59:56.208677
2023-07-13 03:05:36.162417 - Epoc #	4250	 18.579349040985107
2023-07-13 03:05:39.912432 - Time between reward step: #	7208.625872850418
2023-07-13 03:05:39.912432 - Average Score: 29.00 Elapsed time: 2:00:09.921163
2023-07-13 03:05:46.881184 - Time between reward step: #	7215.594624996185
2023-07-13 03:05:46.881184 - Average Score: 30.00 Elapsed time: 2:00:16.888876
2023-07-13 03:05:53.240551 - Epoc #	4260	 17.078134059906006
2023-07-13 03:06:09.412432 - Epoc #	4270	 16.171880960464478
2023-07-13 03:06:20.536548 - Time between reward step: #	7249.249988794327
2023-07-13 03:06:20.536548 - Average Score: 31.00 Elapsed time: 2:00:50.543369
2023-07-13 03:06:27.427339 - Epoc #	4280	 18.014907121658325
2023-07-13 03:06:29.396125 - Time between reward step: #	7258.109565973282
2023-07-13 03:06:29.396125 - Average Score: 32.00 Elapsed time: 2:00:59.401380
2023-07-13 03:06:36.130502 - Time between reward step: #	7264.8439428806305
2023-07-13 03:06:36.130502 - Average Score: 33.00 Elapsed time: 2:01:06.134178
2023-07-13 03:06:44.209107 - Epoc #	4290	 16.78176784515381
2023-07-13 03:07:00.506999 - Epoc #	4300	 16.297892093658447
2023-07-13 03:07:16.696709 - Epoc #	4310	 16.189709901809692
2023-07-13 03:07:34.665906 - Epoc #	4320	 17.969197034835815
2023-07-13 03:07:51.400271 - Epoc #	4330	 16.734364986419678
2023-07-13 03:08:07.806158 - Epoc #	4340	 16.405887126922607
2023-07-13 03:08:25.025786 - Epoc #	4350	 17.219627857208252
2023-07-13 03:08:42.150890 - Epoc #	4360	 17.125104188919067
2023-07-13 03:08:58.448386 - Epoc #	4370	 16.29749584197998
2023-07-13 03:09:14.387255 - Epoc #	4380	 15.938868999481201
2023-07-13 03:09:31.060015 - Epoc #	4390	 16.672760009765625
2023-07-13 03:09:47.747954 - Epoc #	4400	 16.687938928604126
2023-07-13 03:10:04.029401 - Epoc #	4410	 16.281447172164917
2023-07-13 03:10:20.420284 - Epoc #	4420	 16.390882968902588
2023-07-13 03:10:36.875078 - Epoc #	4430	 16.45479393005371
2023-07-13 03:10:54.548015 - Epoc #	4440	 17.672937154769897
2023-07-13 03:11:11.596682 - Epoc #	4450	 17.048666954040527
2023-07-13 03:11:27.725669 - Epoc #	4460	 16.128986835479736
2023-07-13 03:11:45.202190 - Epoc #	4470	 17.476521015167236
2023-07-13 03:12:03.731444 - Epoc #	4480	 18.52925395965576
2023-07-13 03:12:20.680811 - Epoc #	4490	 16.9493670463562
2023-07-13 03:12:38.977755 - Epoc #	4500	 18.29694414138794
2023-07-13 03:12:55.837127 - Epoc #	4510	 16.85937190055847
2023-07-13 03:13:12.665252 - Epoc #	4520	 16.828125
2023-07-13 03:13:29.619344 - Epoc #	4530	 16.954092025756836
2023-07-13 03:13:46.854066 - Epoc #	4540	 17.234721899032593
2023-07-13 03:14:02.838435 - Epoc #	4550	 15.984369039535522
2023-07-13 03:14:19.058116 - Epoc #	4560	 16.21968102455139
2023-07-13 03:14:35.042474 - Epoc #	4570	 15.984358072280884
2023-07-13 03:14:51.825551 - Epoc #	4580	 16.783077001571655
2023-07-13 03:15:09.450457 - Epoc #	4590	 17.624906063079834
2023-07-13 03:15:25.280369 - Epoc #	4600	 15.829911947250366
2023-07-13 03:15:41.436835 - Epoc #	4610	 16.156466007232666
2023-07-13 03:15:58.280867 - Epoc #	4620	 16.844032049179077
2023-07-13 03:16:14.484417 - Epoc #	4630	 16.20354986190796
2023-07-13 03:16:31.235520 - Epoc #	4640	 16.751102924346924
2023-07-13 03:16:48.394846 - Epoc #	4650	 17.15932607650757
2023-07-13 03:17:04.848963 - Epoc #	4660	 16.45411705970764
2023-07-13 03:17:22.021610 - Epoc #	4670	 17.17264699935913
2023-07-13 03:17:38.774140 - Epoc #	4680	 16.752529859542847
2023-07-13 03:17:56.977809 - Epoc #	4690	 18.20366907119751
2023-07-13 03:18:13.175011 - Epoc #	4700	 16.19720196723938
2023-07-13 03:18:30.879297 - Epoc #	4710	 17.704286098480225
2023-07-13 03:18:47.929540 - Epoc #	4720	 17.05024290084839
2023-07-13 03:19:04.321285 - Epoc #	4730	 16.39174509048462
2023-07-13 03:19:20.840507 - Epoc #	4740	 16.519222021102905
2023-07-13 03:19:37.675058 - Epoc #	4750	 16.834550857543945
2023-07-13 03:19:53.343674 - Epoc #	4760	 15.66861605644226
2023-07-13 03:20:10.958476 - Epoc #	4770	 17.61480212211609
2023-07-13 03:20:27.239750 - Epoc #	4780	 16.28127384185791
2023-07-13 03:20:44.064607 - Epoc #	4790	 16.824856996536255
2023-07-13 03:21:00.486469 - Epoc #	4800	 16.42186212539673
2023-07-13 03:21:18.533375 - Epoc #	4810	 18.046905994415283
2023-07-13 03:21:34.955894 - Epoc #	4820	 16.422518968582153
2023-07-13 03:21:51.065810 - Epoc #	4830	 16.10991597175598
2023-07-13 03:22:08.831380 - Epoc #	4840	 17.765569925308228
2023-07-13 03:22:25.550184 - Epoc #	4850	 16.718804121017456
2023-07-13 03:22:42.301146 - Epoc #	4860	 16.750962018966675
2023-07-13 03:22:59.180578 - Epoc #	4870	 16.87943196296692
2023-07-13 03:23:18.231739 - Epoc #	4880	 19.05116105079651
2023-07-13 03:23:35.458544 - Epoc #	4890	 17.226804971694946
2023-07-13 03:23:53.286672 - Epoc #	4900	 17.82812809944153
2023-07-13 03:24:10.771039 - Epoc #	4910	 17.48436689376831
2023-07-13 03:24:26.954245 - Epoc #	4920	 16.18320608139038
2023-07-13 03:24:44.579223 - Epoc #	4930	 17.624977827072144
2023-07-13 03:25:01.329229 - Epoc #	4940	 16.750006198883057
2023-07-13 03:25:17.845240 - Epoc #	4950	 16.516010999679565
2023-07-13 03:25:35.345829 - Epoc #	4960	 17.50058889389038
2023-07-13 03:25:52.361468 - Epoc #	4970	 17.015639066696167
2023-07-13 03:26:08.861888 - Epoc #	4980	 16.500419855117798
2023-07-13 03:26:25.674764 - Epoc #	4990	 16.812875986099243
2023-07-13 03:26:42.518536 - Epoc #	5000	 16.843772172927856
2023-07-13 03:26:59.534329 - Epoc #	5010	 17.015792846679688
2023-07-13 03:27:16.628484 - Epoc #	5020	 17.094155073165894
2023-07-13 03:27:34.130100 - Epoc #	5030	 17.50161600112915
2023-07-13 03:27:52.474513 - Epoc #	5040	 18.34441304206848
2023-07-13 03:28:11.538267 - Epoc #	5050	 19.063753843307495
2023-07-13 03:28:29.414020 - Epoc #	5060	 17.875753164291382
2023-07-13 03:28:46.463101 - Epoc #	5070	 17.049080848693848
2023-07-13 03:29:03.651674 - Epoc #	5080	 17.188573122024536
2023-07-13 03:29:20.671454 - Epoc #	5090	 17.019779920578003
2023-07-13 03:29:37.109602 - Epoc #	5100	 16.438148021697998
2023-07-13 03:29:55.034122 - Epoc #	5110	 17.924520015716553
2023-07-13 03:30:12.220511 - Epoc #	5120	 17.186388969421387
2023-07-13 03:30:29.785951 - Epoc #	5130	 17.5654399394989
2023-07-13 03:30:46.601859 - Epoc #	5140	 16.815908193588257
2023-07-13 03:31:04.574405 - Epoc #	5150	 17.972545862197876
2023-07-13 03:31:20.767534 - Epoc #	5160	 16.193129062652588
2023-07-13 03:31:37.145893 - Epoc #	5170	 16.378359079360962
2023-07-13 03:31:53.927108 - Epoc #	5180	 16.781214952468872
2023-07-13 03:32:11.209611 - Epoc #	5190	 17.28250288963318
2023-07-13 03:32:27.943964 - Epoc #	5200	 16.734353065490723
2023-07-13 03:32:44.881481 - Epoc #	5210	 16.937516927719116
2023-07-13 03:33:02.334587 - Epoc #	5220	 17.45310616493225
2023-07-13 03:33:19.314167 - Epoc #	5230	 16.97957992553711
2023-07-13 03:33:36.905891 - Epoc #	5240	 17.591723918914795
2023-07-13 03:33:54.452829 - Epoc #	5250	 17.546937942504883
2023-07-13 03:34:12.843734 - Epoc #	5260	 18.390905141830444
2023-07-13 03:34:31.062978 - Epoc #	5270	 18.2192440032959
2023-07-13 03:34:48.672348 - Epoc #	5280	 17.60936999320984
2023-07-13 03:35:05.250482 - Epoc #	5290	 16.578134059906006
2023-07-13 03:35:21.736280 - Epoc #	5300	 16.485797882080078
2023-07-13 03:35:39.334886 - Epoc #	5310	 17.59860610961914
2023-07-13 03:35:56.867560 - Epoc #	5320	 17.532673835754395
2023-07-13 03:36:13.965184 - Epoc #	5330	 17.09762406349182
2023-07-13 03:36:30.841122 - Epoc #	5340	 16.875937938690186
2023-07-13 03:36:49.093012 - Epoc #	5350	 18.251890182495117
2023-07-13 03:37:06.063994 - Epoc #	5360	 16.97098183631897
2023-07-13 03:37:23.193505 - Epoc #	5370	 17.12951111793518
2023-07-13 03:37:41.323264 - Epoc #	5380	 18.129758834838867
2023-07-13 03:37:58.092358 - Epoc #	5390	 16.769094228744507
2023-07-13 03:38:16.065013 - Epoc #	5400	 17.972654819488525
2023-07-13 03:38:34.474949 - Epoc #	5410	 18.40993595123291
2023-07-13 03:38:51.164546 - Epoc #	5420	 16.689597129821777
2023-07-13 03:39:08.343701 - Epoc #	5430	 17.179154872894287
2023-07-13 03:39:24.508151 - Epoc #	5440	 16.16445016860962
2023-07-13 03:39:41.733031 - Epoc #	5450	 17.22487998008728
2023-07-13 03:40:00.582354 - Epoc #	5460	 18.8493230342865
2023-07-13 03:40:17.368477 - Epoc #	5470	 16.786123037338257
2023-07-13 03:40:35.156515 - Epoc #	5480	 17.78803777694702
2023-07-13 03:40:53.943243 - Epoc #	5490	 18.786728143692017
2023-07-13 03:41:12.576307 - Epoc #	5500	 18.633064031600952
2023-07-13 03:41:29.259076 - Epoc #	5510	 16.682769060134888
2023-07-13 03:41:46.432861 - Epoc #	5520	 17.173784971237183
2023-07-13 03:42:03.167229 - Epoc #	5530	 16.734367847442627
2023-07-13 03:42:21.115007 - Epoc #	5540	 17.94777798652649
2023-07-13 03:42:37.412821 - Epoc #	5550	 16.29781413078308
2023-07-13 03:42:56.100779 - Epoc #	5560	 18.687958002090454
2023-07-13 03:43:13.820759 - Epoc #	5570	 17.719980001449585
2023-07-13 03:43:27.870256 - Time between reward step: #	9476.583696842194
2023-07-13 03:43:27.870256 - Average Score: 34.00 Elapsed time: 2:37:57.874971
2023-07-13 03:43:31.120317 - Epoc #	5580	 17.29955792427063
2023-07-13 03:43:49.966337 - Epoc #	5590	 18.846019983291626
2023-07-13 03:44:06.388896 - Epoc #	5600	 16.422559022903442
2023-07-13 03:44:23.970078 - Epoc #	5610	 17.58118200302124
2023-07-13 03:44:40.894319 - Epoc #	5620	 16.924241065979004
2023-07-13 03:44:58.911720 - Epoc #	5630	 18.017400979995728
2023-07-13 03:45:14.915343 - Epoc #	5640	 16.003623008728027
2023-07-13 03:45:33.096745 - Epoc #	5650	 18.18140196800232
2023-07-13 03:45:53.087959 - Epoc #	5660	 19.99121403694153
2023-07-13 03:46:11.263173 - Epoc #	5670	 18.175214052200317
2023-07-13 03:46:28.347562 - Epoc #	5680	 17.084388971328735
2023-07-13 03:46:47.773644 - Epoc #	5690	 19.426081895828247
2023-07-13 03:47:04.651440 - Epoc #	5700	 16.877795934677124
2023-07-13 03:47:22.312782 - Epoc #	5710	 17.66134214401245
2023-07-13 03:47:39.413455 - Epoc #	5720	 17.100672960281372
2023-07-13 03:47:56.963432 - Epoc #	5730	 17.54997706413269
2023-07-13 03:48:13.824600 - Epoc #	5740	 16.861167907714844
2023-07-13 03:48:29.974082 - Epoc #	5750	 16.149482011795044
2023-07-13 03:48:46.882117 - Epoc #	5760	 16.908035039901733
2023-07-13 03:49:04.288276 - Epoc #	5770	 17.406158924102783
2023-07-13 03:49:20.835234 - Epoc #	5780	 16.546957969665527
2023-07-13 03:49:39.069597 - Epoc #	5790	 18.234363079071045
2023-07-13 03:49:58.600855 - Epoc #	5800	 19.53125810623169
2023-07-13 03:50:15.382107 - Epoc #	5810	 16.781251907348633
2023-07-13 03:50:32.303982 - Epoc #	5820	 16.921875
2023-07-13 03:50:50.172926 - Epoc #	5830	 17.86894392967224
2023-07-13 03:51:08.641737 - Epoc #	5840	 18.46881103515625
2023-07-13 03:51:25.938621 - Epoc #	5850	 17.296884059906006
2023-07-13 03:51:35.360494 - Time between reward step: #	9964.073934793472
2023-07-13 03:51:35.360494 - Average Score: 35.00 Elapsed time: 2:46:05.358616
2023-07-13 03:51:40.469869 - Time between reward step: #	9969.183309793472
2023-07-13 03:51:40.469869 - Average Score: 36.00 Elapsed time: 2:46:10.478440
2023-07-13 03:51:43.860492 - Epoc #	5860	 17.921870946884155
2023-07-13 03:51:45.672993 - Time between reward step: #	9974.386433839798
2023-07-13 03:51:45.672993 - Average Score: 37.00 Elapsed time: 2:46:15.677085
2023-07-13 03:52:00.345136 - Epoc #	5870	 16.484643936157227
2023-07-13 03:52:17.736313 - Epoc #	5880	 17.3911771774292
2023-07-13 03:52:34.096429 - Epoc #	5890	 16.360116004943848
2023-07-13 03:52:51.080727 - Epoc #	5900	 16.98429799079895
2023-07-13 03:53:08.645833 - Epoc #	5910	 17.56510591506958
2023-07-13 03:53:25.787331 - Epoc #	5920	 17.14149808883667
2023-07-13 03:53:43.194399 - Epoc #	5930	 17.407068014144897
2023-07-13 03:54:00.806262 - Epoc #	5940	 17.611862897872925
2023-07-13 03:54:19.429572 - Epoc #	5950	 18.623310089111328
2023-07-13 03:54:35.666356 - Epoc #	5960	 16.236783981323242
2023-07-13 03:54:53.385663 - Epoc #	5970	 17.71930694580078
2023-07-13 03:55:11.105171 - Epoc #	5980	 17.719507932662964
2023-07-13 03:55:29.109434 - Epoc #	5990	 18.004262924194336
2023-07-13 03:55:45.846959 - Epoc #	6000	 16.73752522468567
2023-07-13 03:56:02.520842 - Epoc #	6010	 16.673882961273193
2023-07-13 03:56:20.650908 - Epoc #	6020	 18.13006591796875
2023-07-13 03:56:37.465476 - Epoc #	6030	 16.814568042755127
2023-07-13 03:56:54.749187 - Epoc #	6040	 17.283710956573486
2023-07-13 03:57:11.939490 - Epoc #	6050	 17.190303087234497
2023-07-13 03:57:29.832901 - Epoc #	6060	 17.8934109210968
2023-07-13 03:57:47.458129 - Epoc #	6070	 17.62522792816162
2023-07-13 03:58:05.771553 - Epoc #	6080	 18.313424110412598
2023-07-13 03:58:21.849567 - Time between reward step: #	10370.563007831573
2023-07-13 03:58:21.849567 - Average Score: 38.00 Elapsed time: 2:52:51.856864
2023-07-13 03:58:24.255875 - Epoc #	6090	 18.48432207107544
2023-07-13 03:58:41.427769 - Epoc #	6100	 17.17189383506775
2023-07-13 03:58:43.209326 - Time between reward step: #	10391.922766923904
2023-07-13 03:58:43.209326 - Average Score: 39.00 Elapsed time: 2:53:13.218742
2023-07-13 03:58:48.881192 - Time between reward step: #	10397.594632863998
2023-07-13 03:58:48.881192 - Average Score: 40.00 Elapsed time: 2:53:18.886921
2023-07-13 03:58:53.818690 - Time between reward step: #	10402.53213095665
2023-07-13 03:58:53.818690 - Average Score: 41.00 Elapsed time: 2:53:23.824210
2023-07-13 03:58:59.115578 - Epoc #	6110	 17.687808990478516
2023-07-13 03:59:00.943723 - Time between reward step: #	10409.657163858414
2023-07-13 03:59:00.943723 - Average Score: 42.00 Elapsed time: 2:53:30.938794
2023-07-13 03:59:02.787442 - Time between reward step: #	10411.500882863998
2023-07-13 03:59:02.787442 - Average Score: 43.00 Elapsed time: 2:53:32.797773
2023-07-13 03:59:15.881192 - Epoc #	6120	 16.76561403274536
2023-07-13 03:59:33.099945 - Epoc #	6130	 17.21875309944153
2023-07-13 03:59:53.271821 - Epoc #	6140	 20.171875953674316
2023-07-13 04:00:10.412440 - Epoc #	6150	 17.140619039535522
2023-07-13 04:00:27.572993 - Epoc #	6160	 17.160552978515625
2023-07-13 04:00:45.510512 - Epoc #	6170	 17.937519073486328
2023-07-13 04:01:02.244865 - Epoc #	6180	 16.734352827072144
2023-07-13 04:01:21.401118 - Epoc #	6190	 19.15625309944153
2023-07-13 04:01:38.354836 - Epoc #	6200	 16.953717947006226
2023-07-13 04:01:55.105214 - Epoc #	6210	 16.750378131866455
2023-07-13 04:02:13.855298 - Epoc #	6220	 18.750083923339844
2023-07-13 04:02:30.839666 - Epoc #	6230	 16.984367847442627
2023-07-13 04:02:49.458272 - Epoc #	6240	 18.618606090545654
2023-07-13 04:03:06.964021 - Epoc #	6250	 17.505748987197876
2023-07-13 04:03:25.621470 - Epoc #	6260	 18.6574490070343
2023-07-13 04:03:42.783602 - Epoc #	6270	 17.162132024765015
2023-07-13 04:04:00.596609 - Epoc #	6280	 17.81300711631775
2023-07-13 04:04:18.050238 - Epoc #	6290	 17.45362877845764
2023-07-13 04:04:35.441222 - Epoc #	6300	 17.390984058380127
2023-07-13 04:04:52.128804 - Epoc #	6310	 16.68758201599121
2023-07-13 04:05:10.366884 - Epoc #	6320	 18.23808002471924
2023-07-13 04:05:30.590983 - Epoc #	6330	 20.224098920822144
2023-07-13 04:05:48.285463 - Epoc #	6340	 17.694480180740356
2023-07-13 04:06:05.806653 - Epoc #	6350	 17.52118992805481
2023-07-13 04:06:23.657746 - Epoc #	6360	 17.85109305381775
2023-07-13 04:06:40.850040 - Epoc #	6370	 17.192293882369995
2023-07-13 04:06:59.183951 - Epoc #	6380	 18.333910942077637
2023-07-13 04:07:18.299089 - Epoc #	6390	 19.115138053894043
2023-07-13 04:07:35.020241 - Epoc #	6400	 16.72115206718445
2023-07-13 04:07:53.725177 - Epoc #	6410	 18.704936027526855
2023-07-13 04:08:10.417668 - Epoc #	6420	 16.692491054534912
2023-07-13 04:08:28.250903 - Epoc #	6430	 17.833234786987305
2023-07-13 04:08:47.288284 - Epoc #	6440	 19.037381172180176
2023-07-13 04:09:05.683167 - Epoc #	6450	 18.394882917404175
2023-07-13 04:09:22.599552 - Epoc #	6460	 16.91638493537903
2023-07-13 04:09:42.017783 - Epoc #	6470	 19.41823101043701
2023-07-13 04:10:00.558125 - Epoc #	6480	 18.540342092514038
2023-07-13 04:10:18.192479 - Epoc #	6490	 17.63435387611389
2023-07-13 04:10:34.980529 - Epoc #	6500	 16.788050174713135
2023-07-13 04:10:51.877222 - Epoc #	6510	 16.896692991256714
2023-07-13 04:11:10.124819 - Epoc #	6520	 18.247596979141235
2023-07-13 04:11:29.830873 - Epoc #	6530	 19.706053972244263
2023-07-13 04:11:48.021604 - Epoc #	6540	 18.190731048583984
2023-07-13 04:12:04.693452 - Epoc #	6550	 16.671847820281982
2023-07-13 04:12:23.283791 - Epoc #	6560	 18.590339183807373
2023-07-13 04:12:39.832140 - Epoc #	6570	 16.548348903656006
2023-07-13 04:12:57.129363 - Epoc #	6580	 17.29722309112549
2023-07-13 04:13:13.945633 - Epoc #	6590	 16.816269874572754
2023-07-13 04:13:32.436282 - Epoc #	6600	 18.490648984909058
2023-07-13 04:13:51.176425 - Epoc #	6610	 18.740143060684204
2023-07-13 04:14:07.978552 - Epoc #	6620	 16.80212712287903
2023-07-13 04:14:25.341725 - Epoc #	6630	 17.363173007965088
2023-07-13 04:14:42.974982 - Epoc #	6640	 17.633256912231445
2023-07-13 04:14:59.682256 - Epoc #	6650	 16.707273960113525
2023-07-13 04:15:17.561545 - Epoc #	6660	 17.879288911819458
2023-07-13 04:15:34.816774 - Epoc #	6670	 17.255228996276855
2023-07-13 04:15:52.712622 - Epoc #	6680	 17.895848035812378
2023-07-13 04:16:09.606208 - Epoc #	6690	 16.89358615875244
2023-07-13 04:16:27.614255 - Epoc #	6700	 18.008046865463257
2023-07-13 04:16:44.656703 - Epoc #	6710	 17.042448043823242
2023-07-13 04:17:01.078194 - Epoc #	6720	 16.421490907669067
2023-07-13 04:17:18.391489 - Epoc #	6730	 17.313295125961304
2023-07-13 04:17:38.017606 - Epoc #	6740	 19.62611699104309
2023-07-13 04:17:55.080441 - Epoc #	6750	 17.062834978103638
2023-07-13 04:18:12.295172 - Epoc #	6760	 17.214730978012085
2023-07-13 04:18:30.311732 - Epoc #	6770	 18.016560077667236
2023-07-13 04:18:47.593771 - Epoc #	6780	 17.282038927078247
2023-07-13 04:19:05.156343 - Epoc #	6790	 17.56257200241089
2023-07-13 04:19:21.548771 - Epoc #	6800	 16.392427921295166
2023-07-13 04:19:38.721740 - Epoc #	6810	 17.172969102859497
2023-07-13 04:19:56.707185 - Epoc #	6820	 17.985445022583008
2023-07-13 04:20:14.645800 - Epoc #	6830	 17.938615083694458
2023-07-13 04:20:32.115603 - Epoc #	6840	 17.469802856445312
2023-07-13 04:20:48.934856 - Epoc #	6850	 16.819252967834473
2023-07-13 04:21:06.719104 - Epoc #	6860	 17.784248113632202
2023-07-13 04:21:24.049250 - Epoc #	6870	 17.330145835876465
2023-07-13 04:21:42.581858 - Epoc #	6880	 18.532608032226562
2023-07-13 04:22:00.600702 - Epoc #	6890	 18.01884412765503
2023-07-13 04:22:18.634152 - Epoc #	6900	 18.03344988822937
2023-07-13 04:22:35.449222 - Epoc #	6910	 16.815070152282715
2023-07-13 04:22:53.145466 - Epoc #	6920	 17.69624400138855
2023-07-13 04:23:11.194685 - Epoc #	6930	 18.049218893051147
2023-07-13 04:23:30.317151 - Epoc #	6940	 19.12246608734131
2023-07-13 04:23:48.154952 - Epoc #	6950	 17.837800979614258
2023-07-13 04:24:05.349308 - Epoc #	6960	 17.194355964660645
2023-07-13 04:24:23.457551 - Epoc #	6970	 18.108242988586426
2023-07-13 04:24:42.262913 - Epoc #	6980	 18.80536198616028
2023-07-13 04:24:58.747577 - Epoc #	6990	 16.48466396331787
2023-07-13 04:25:16.669520 - Epoc #	7000	 17.921942949295044
2023-07-13 04:25:34.685085 - Epoc #	7010	 18.015565156936646
2023-07-13 04:25:52.716398 - Epoc #	7020	 18.031312942504883
2023-07-13 04:26:11.200777 - Epoc #	7030	 18.484379053115845
2023-07-13 04:26:28.138215 - Epoc #	7040	 16.937438011169434
2023-07-13 04:26:33.841398 - Time between reward step: #	12062.554838895798
2023-07-13 04:26:33.841398 - Average Score: 44.00 Elapsed time: 3:21:03.847627
2023-07-13 04:26:45.842330 - Epoc #	7050	 17.70411491394043
2023-07-13 04:26:47.608001 - Time between reward step: #	12076.32144188881
2023-07-13 04:26:47.608001 - Average Score: 45.00 Elapsed time: 3:21:17.611865
2023-07-13 04:26:57.954333 - Time between reward step: #	12086.66777396202
2023-07-13 04:26:57.969901 - Average Score: 46.00 Elapsed time: 3:21:27.964729
2023-07-13 04:27:03.737086 - Epoc #	7060	 17.894756078720093
2023-07-13 04:27:07.158951 - Time between reward step: #	12095.872391939163
2023-07-13 04:27:07.158951 - Average Score: 47.00 Elapsed time: 3:21:37.159945
2023-07-13 04:27:17.924577 - Time between reward step: #	12106.638017892838
2023-07-13 04:27:17.924577 - Average Score: 48.00 Elapsed time: 3:21:47.930414
2023-07-13 04:27:21.737086 - Epoc #	7070	 18.0
2023-07-13 04:27:33.502702 - Time between reward step: #	12122.216142892838
2023-07-13 04:27:33.502702 - Average Score: 49.00 Elapsed time: 3:22:03.507070
2023-07-13 04:27:40.143334 - Epoc #	7080	 18.406247854232788
2023-07-13 04:27:50.612017 - Time between reward step: #	12139.325457811356
2023-07-13 04:27:50.627652 - Average Score: 50.00 Elapsed time: 3:22:20.622814
2023-07-13 04:27:57.033885 - Epoc #	7090	 16.89055109024048
2023-07-13 04:28:12.252703 - Time between reward step: #	12160.966143846512
2023-07-13 04:28:12.252703 - Average Score: 51.00 Elapsed time: 3:22:42.259099
2023-07-13 04:28:13.846460 - Epoc #	7100	 16.812575101852417
2023-07-13 04:28:30.784180 - Epoc #	7110	 16.93771982192993
2023-07-13 04:28:48.018487 - Epoc #	7120	 17.234307050704956
2023-07-13 04:29:04.643495 - Epoc #	7130	 16.62500810623169
2023-07-13 04:29:22.268552 - Epoc #	7140	 17.625056982040405
2023-07-13 04:29:39.299742 - Epoc #	7150	 17.031189918518066
2023-07-13 04:29:57.659177 - Epoc #	7160	 18.359435081481934
2023-07-13 04:30:15.328723 - Epoc #	7170	 17.669545888900757
2023-07-13 04:30:34.234994 - Epoc #	7180	 18.90627098083496
2023-07-13 04:30:51.079195 - Epoc #	7190	 16.84420108795166
2023-07-13 04:31:08.579129 - Epoc #	7200	 17.49993395805359
2023-07-13 04:31:26.219814 - Epoc #	7210	 17.640685081481934
2023-07-13 04:31:43.799244 - Epoc #	7220	 17.579429864883423
2023-07-13 04:32:00.458928 - Epoc #	7230	 16.65968418121338
2023-07-13 04:32:17.941444 - Epoc #	7240	 17.482515811920166
2023-07-13 04:32:35.417094 - Epoc #	7250	 17.47565007209778
2023-07-13 04:32:54.107074 - Epoc #	7260	 18.689980030059814
2023-07-13 04:33:11.238377 - Epoc #	7270	 17.131303071975708
2023-07-13 04:33:28.335268 - Epoc #	7280	 17.096890926361084
2023-07-13 04:33:46.023682 - Epoc #	7290	 17.688414096832275
2023-07-13 04:34:03.054856 - Epoc #	7300	 17.031173944473267
2023-07-13 04:34:20.211210 - Epoc #	7310	 17.15635395050049
2023-07-13 04:34:38.258944 - Epoc #	7320	 18.047734022140503
2023-07-13 04:34:56.352707 - Epoc #	7330	 18.09376287460327
2023-07-13 04:35:14.149578 - Epoc #	7340	 17.796871185302734
2023-07-13 04:35:31.759251 - Epoc #	7350	 17.609673023223877
2023-07-13 04:35:49.831203 - Epoc #	7360	 18.071951866149902
2023-07-13 04:36:08.206229 - Epoc #	7370	 18.375025987625122
2023-07-13 04:36:26.361518 - Epoc #	7380	 18.15528893470764
2023-07-13 04:36:43.205643 - Epoc #	7390	 16.844125032424927
2023-07-13 04:37:00.221268 - Epoc #	7400	 17.015625
2023-07-13 04:37:17.080804 - Epoc #	7410	 16.859536170959473
2023-07-13 04:37:33.940950 - Epoc #	7420	 16.860145807266235
2023-07-13 04:37:51.785199 - Epoc #	7430	 17.84424901008606
2023-07-13 04:38:08.755330 - Epoc #	7440	 16.970131158828735
2023-07-13 04:38:26.599078 - Epoc #	7450	 17.843747854232788
2023-07-13 04:38:44.538437 - Epoc #	7460	 17.939358949661255
2023-07-13 04:39:03.009001 - Epoc #	7470	 18.470564126968384
2023-07-13 04:39:19.932531 - Epoc #	7480	 16.923530101776123
2023-07-13 04:39:38.277534 - Epoc #	7490	 18.34500288963318
2023-07-13 04:39:55.090487 - Epoc #	7500	 16.812952995300293
2023-07-13 04:40:12.810464 - Epoc #	7510	 17.719976902008057
2023-07-13 04:40:30.298770 - Epoc #	7520	 17.488306045532227
2023-07-13 04:40:48.332448 - Epoc #	7530	 18.03367805480957
2023-07-13 04:41:07.007763 - Epoc #	7540	 18.675314903259277
2023-07-13 04:41:24.341001 - Epoc #	7550	 17.333238124847412
2023-07-13 04:41:43.031767 - Epoc #	7560	 18.690765857696533
2023-07-13 04:42:00.281832 - Epoc #	7570	 17.250065088272095
2023-07-13 04:42:19.359425 - Epoc #	7580	 19.077593088150024
2023-07-13 04:42:35.640674 - Epoc #	7590	 16.281249046325684
2023-07-13 04:42:53.126660 - Epoc #	7600	 17.48598599433899
2023-07-13 04:43:10.361584 - Epoc #	7610	 17.234923839569092
2023-07-13 04:43:26.862105 - Epoc #	7620	 16.500520944595337
2023-07-13 04:43:43.159542 - Epoc #	7630	 16.29743719100952
2023-07-13 04:43:59.974106 - Epoc #	7640	 16.814563989639282
2023-07-13 04:44:16.880711 - Epoc #	7650	 16.906605005264282
2023-07-13 04:44:34.615136 - Epoc #	7660	 17.734424829483032
2023-07-13 04:44:51.568833 - Epoc #	7670	 16.953697204589844
2023-07-13 04:45:10.084559 - Epoc #	7680	 18.51572585105896
2023-07-13 04:45:27.194401 - Epoc #	7690	 17.10984206199646
2023-07-13 04:45:44.398069 - Epoc #	7700	 17.203667879104614
2023-07-13 04:46:01.914774 - Epoc #	7710	 17.51670503616333
2023-07-13 04:46:19.337448 - Epoc #	7720	 17.42267394065857
2023-07-13 04:46:35.884554 - Epoc #	7730	 16.54710602760315
2023-07-13 04:46:53.589876 - Epoc #	7740	 17.70532202720642
2023-07-13 04:47:10.638018 - Epoc #	7750	 17.048141956329346
2023-07-13 04:47:28.405427 - Epoc #	7760	 17.767409086227417
2023-07-13 04:47:45.593667 - Epoc #	7770	 17.18824005126953
2023-07-13 04:48:02.157460 - Epoc #	7780	 16.563792943954468
2023-07-13 04:48:19.779545 - Epoc #	7790	 17.622085094451904
2023-07-13 04:48:37.521452 - Epoc #	7800	 17.741906881332397
2023-07-13 04:48:54.961393 - Epoc #	7810	 17.43994116783142
2023-07-13 04:49:12.480565 - Epoc #	7820	 17.519171953201294
2023-07-13 04:49:30.250086 - Epoc #	7830	 17.7695209980011
2023-07-13 04:49:47.142055 - Epoc #	7840	 16.891968965530396
2023-07-13 04:50:04.564004 - Epoc #	7850	 17.42194890975952
2023-07-13 04:50:21.735886 - Epoc #	7860	 17.171882152557373
2023-07-13 04:50:41.371386 - Epoc #	7870	 19.635499954223633
2023-07-13 04:50:58.887030 - Epoc #	7880	 17.51564383506775
2023-07-13 04:51:15.855776 - Epoc #	7890	 16.968746185302734
2023-07-13 04:51:33.746889 - Epoc #	7900	 17.89111304283142
2023-07-13 04:51:51.450331 - Epoc #	7910	 17.703441858291626
2023-07-13 04:52:08.419080 - Epoc #	7920	 16.968749046325684
2023-07-13 04:52:25.200675 - Epoc #	7930	 16.78159499168396
2023-07-13 04:52:43.013337 - Epoc #	7940	 17.81266188621521
2023-07-13 04:53:01.685157 - Epoc #	7950	 18.671820163726807
2023-07-13 04:53:18.469143 - Epoc #	7960	 16.78398585319519
2023-07-13 04:53:35.657127 - Epoc #	7970	 17.187983989715576
2023-07-13 04:53:53.345127 - Epoc #	7980	 17.688000202178955
2023-07-13 04:54:11.033732 - Epoc #	7990	 17.688604831695557
2023-07-13 04:54:28.403955 - Epoc #	8000	 17.37022304534912
2023-07-13 04:54:46.218261 - Epoc #	8010	 17.814306020736694
2023-07-13 04:55:03.828020 - Epoc #	8020	 17.609759092330933
2023-07-13 04:55:21.766372 - Epoc #	8030	 17.93835186958313
2023-07-13 04:55:40.033503 - Epoc #	8040	 18.267131090164185
2023-07-13 04:55:58.034561 - Epoc #	8050	 18.001057863235474
2023-07-13 04:56:15.534784 - Epoc #	8060	 17.50022315979004
2023-07-13 04:56:32.508321 - Epoc #	8070	 16.9735369682312
2023-07-13 04:56:49.353734 - Epoc #	8080	 16.845412969589233
2023-07-13 04:57:07.215814 - Epoc #	8090	 17.862080097198486
2023-07-13 04:57:26.000550 - Epoc #	8100	 18.784735918045044
2023-07-13 04:57:43.219994 - Epoc #	8110	 17.219444036483765
2023-07-13 04:58:00.313797 - Epoc #	8120	 17.09380292892456
2023-07-13 04:58:17.860665 - Epoc #	8130	 17.546868085861206
2023-07-13 04:58:35.813829 - Epoc #	8140	 17.953163862228394
2023-07-13 04:58:52.752363 - Epoc #	8150	 16.938534021377563
2023-07-13 04:59:10.143268 - Epoc #	8160	 17.390905141830444
2023-07-13 04:59:27.941020 - Epoc #	8170	 17.797751903533936
2023-07-13 04:59:44.722271 - Epoc #	8180	 16.781250953674316
2023-07-13 05:00:02.707212 - Epoc #	8190	 17.984941005706787
2023-07-13 05:00:19.015792 - Epoc #	8200	 16.308579921722412
2023-07-13 05:00:37.009678 - Epoc #	8210	 17.99388599395752
2023-07-13 05:00:54.494591 - Epoc #	8220	 17.484913110733032
2023-07-13 05:01:11.948581 - Epoc #	8230	 17.45398998260498
2023-07-13 05:01:29.292587 - Epoc #	8240	 17.344006061553955
2023-07-13 05:01:46.558968 - Epoc #	8250	 17.26638102531433
2023-07-13 05:02:03.606713 - Epoc #	8260	 17.04774498939514
2023-07-13 05:02:22.028584 - Epoc #	8270	 18.421870946884155
2023-07-13 05:02:38.248021 - Epoc #	8280	 16.21943688392639
2023-07-13 05:02:56.326767 - Epoc #	8290	 18.07874608039856
2023-07-13 05:03:13.443879 - Epoc #	8300	 17.117111921310425
2023-07-13 05:03:31.243564 - Epoc #	8310	 17.79968500137329
2023-07-13 05:03:48.308554 - Epoc #	8320	 17.064990043640137
2023-07-13 05:04:05.902843 - Epoc #	8330	 17.59428906440735
2023-07-13 05:04:23.105980 - Epoc #	8340	 17.203136920928955
2023-07-13 05:04:40.278683 - Epoc #	8350	 17.17270302772522
2023-07-13 05:04:58.232937 - Epoc #	8360	 17.954254150390625
2023-07-13 05:05:16.095349 - Epoc #	8370	 17.862411975860596
2023-07-13 05:05:33.088673 - Epoc #	8380	 16.993324041366577
2023-07-13 05:05:50.425730 - Epoc #	8390	 17.337056875228882
2023-07-13 05:06:08.569361 - Epoc #	8400	 18.143630981445312
2023-07-13 05:06:25.372062 - Epoc #	8410	 16.802700996398926
2023-07-13 05:06:42.077415 - Epoc #	8420	 16.705353021621704
2023-07-13 05:06:58.989485 - Epoc #	8430	 16.91207003593445
2023-07-13 05:07:16.541155 - Epoc #	8440	 17.55167007446289
2023-07-13 05:07:34.607417 - Epoc #	8450	 18.066262006759644
2023-07-13 05:07:51.955275 - Epoc #	8460	 17.34785795211792
2023-07-13 05:08:08.520427 - Epoc #	8470	 16.565151929855347
2023-07-13 05:08:26.257409 - Epoc #	8480	 17.736982107162476
2023-07-13 05:08:43.148968 - Epoc #	8490	 16.89155888557434
2023-07-13 05:09:00.652957 - Epoc #	8500	 17.50398898124695
2023-07-13 05:09:18.064116 - Epoc #	8510	 17.4111590385437
2023-07-13 05:09:34.926218 - Epoc #	8520	 16.862102031707764
2023-07-13 05:09:51.881828 - Epoc #	8530	 16.955610036849976
2023-07-13 05:10:09.168778 - Epoc #	8540	 17.28694987297058
2023-07-13 05:10:26.361453 - Epoc #	8550	 17.19267511367798
2023-07-13 05:10:43.461918 - Epoc #	8560	 17.100465059280396
2023-07-13 05:11:00.936476 - Epoc #	8570	 17.474557876586914
2023-07-13 05:11:18.866888 - Epoc #	8580	 17.93041205406189
2023-07-13 05:11:35.769535 - Epoc #	8590	 16.902647018432617
2023-07-13 05:11:52.785168 - Epoc #	8600	 17.01563286781311
2023-07-13 05:12:10.707997 - Epoc #	8610	 17.922829151153564
2023-07-13 05:12:28.657427 - Epoc #	8620	 17.949429988861084
2023-07-13 05:12:32.048047 - Time between reward step: #	14820.761487960815
2023-07-13 05:12:32.048047 - Average Score: 52.00 Elapsed time: 4:07:02.053501
2023-07-13 05:12:35.641736 - Time between reward step: #	14824.35517692566
2023-07-13 05:12:35.641736 - Average Score: 53.00 Elapsed time: 4:07:05.651386
2023-07-13 05:12:39.392401 - Time between reward step: #	14828.105841875076
2023-07-13 05:12:39.407972 - Average Score: 54.00 Elapsed time: 4:07:09.402998
2023-07-13 05:12:46.220776 - Epoc #	8630	 17.56334900856018
2023-07-13 05:13:04.611599 - Epoc #	8640	 18.390822887420654
2023-07-13 05:13:22.680002 - Epoc #	8650	 18.068403005599976
2023-07-13 05:13:38.842615 - Time between reward step: #	14887.556055784225
2023-07-13 05:13:38.842615 - Average Score: 55.00 Elapsed time: 4:08:08.845560
2023-07-13 05:13:40.734623 - Epoc #	8660	 18.05462098121643
2023-07-13 05:13:58.552371 - Epoc #	8670	 17.817748069763184
2023-07-13 05:14:15.849707 - Epoc #	8680	 17.297335863113403
2023-07-13 05:14:32.568468 - Epoc #	8690	 16.718761205673218
2023-07-13 05:14:37.880959 - Time between reward step: #	14946.594399929047
2023-07-13 05:14:37.880959 - Average Score: 56.00 Elapsed time: 4:09:07.891184
2023-07-13 05:14:50.381538 - Epoc #	8700	 17.813069820404053
2023-07-13 05:15:06.913306 - Epoc #	8710	 16.531768083572388
2023-07-13 05:15:24.132365 - Epoc #	8720	 17.219058990478516
2023-07-13 05:15:41.804631 - Epoc #	8730	 17.672266006469727
2023-07-13 05:15:58.507765 - Epoc #	8740	 16.703134059906006
2023-07-13 05:16:15.226860 - Epoc #	8750	 16.71909499168396
2023-07-13 05:16:31.976879 - Epoc #	8760	 16.75001883506775
2023-07-13 05:16:49.586709 - Epoc #	8770	 17.609830141067505
2023-07-13 05:17:06.836769 - Epoc #	8780	 17.250060081481934
2023-07-13 05:17:23.602952 - Epoc #	8790	 16.766182899475098
2023-07-13 05:17:40.665394 - Epoc #	8800	 17.06244206428528
2023-07-13 05:17:57.415347 - Epoc #	8810	 16.749953031539917
2023-07-13 05:18:15.317173 - Epoc #	8820	 17.90182590484619
2023-07-13 05:18:32.473744 - Epoc #	8830	 17.15657091140747
2023-07-13 05:18:49.270614 - Epoc #	8840	 16.79686999320984
2023-07-13 05:19:06.314364 - Epoc #	8850	 17.043750047683716
2023-07-13 05:19:23.207226 - Epoc #	8860	 16.89286208152771
2023-07-13 05:19:40.550934 - Epoc #	8870	 17.343708038330078
2023-07-13 05:19:57.817097 - Epoc #	8880	 17.266162872314453
2023-07-13 05:20:14.724422 - Epoc #	8890	 16.90732502937317
2023-07-13 05:20:33.087636 - Epoc #	8900	 18.363214015960693
2023-07-13 05:20:51.799530 - Epoc #	8910	 18.711894035339355
2023-07-13 05:21:09.568945 - Epoc #	8920	 17.7694149017334
2023-07-13 05:21:26.524147 - Epoc #	8930	 16.955202102661133
2023-07-13 05:21:44.093768 - Epoc #	8940	 17.569620847702026
2023-07-13 05:22:01.389339 - Epoc #	8950	 17.295571088790894
2023-07-13 05:22:18.610901 - Epoc #	8960	 17.221562147140503
2023-07-13 05:22:35.376462 - Epoc #	8970	 16.76556086540222
2023-07-13 05:22:52.798403 - Epoc #	8980	 17.42194104194641
2023-07-13 05:23:10.182218 - Epoc #	8990	 17.383815050125122
2023-07-13 05:23:29.682202 - Epoc #	9000	 19.4999840259552
2023-07-13 05:23:47.447847 - Epoc #	9010	 17.765644788742065
2023-07-13 05:24:05.198740 - Epoc #	9020	 17.750893115997314
2023-07-13 05:24:22.207629 - Epoc #	9030	 17.008888959884644
2023-07-13 05:24:39.395138 - Epoc #	9040	 17.187509059906006
2023-07-13 05:24:57.254508 - Epoc #	9050	 17.85936999320984
2023-07-13 05:25:15.098248 - Epoc #	9060	 17.843739986419678
2023-07-13 05:25:32.567224 - Epoc #	9070	 17.46897602081299
2023-07-13 05:25:43.145951 - Time between reward step: #	15611.85939192772
2023-07-13 05:25:43.145951 - Average Score: 57.00 Elapsed time: 4:20:13.149545
2023-07-13 05:25:49.645885 - Epoc #	9080	 17.07866096496582
2023-07-13 05:26:07.115045 - Epoc #	9090	 17.469160079956055
2023-07-13 05:26:09.052554 - Time between reward step: #	15637.765994787216
2023-07-13 05:26:09.052554 - Average Score: 58.00 Elapsed time: 4:20:39.053527
2023-07-13 05:26:20.286920 - Time between reward step: #	15649.000360965729
2023-07-13 05:26:20.286920 - Average Score: 59.00 Elapsed time: 4:20:50.285413
2023-07-13 05:26:23.958804 - Time between reward step: #	15652.672244787216
2023-07-13 05:26:23.958804 - Average Score: 60.00 Elapsed time: 4:20:53.965305
2023-07-13 05:26:25.849427 - Time between reward step: #	15654.562867879868
2023-07-13 05:26:25.849427 - Average Score: 61.00 Elapsed time: 4:20:55.856505
2023-07-13 05:26:25.849427 - Epoc #	9100	 18.734381914138794
2023-07-13 05:26:27.724429 - Time between reward step: #	15656.437869787216
2023-07-13 05:26:27.724429 - Average Score: 62.00 Elapsed time: 4:20:57.726416
2023-07-13 05:26:29.755676 - Time between reward step: #	15658.469116926193
2023-07-13 05:26:29.755676 - Average Score: 63.00 Elapsed time: 4:20:59.754409
2023-07-13 05:26:33.271631 - Time between reward step: #	15661.985071897507
2023-07-13 05:26:33.271631 - Average Score: 64.00 Elapsed time: 4:21:03.273308
2023-07-13 05:26:43.819899 - Time between reward step: #	15672.533339977264
2023-07-13 05:26:43.819899 - Average Score: 65.00 Elapsed time: 4:21:13.821254
2023-07-13 05:26:43.819899 - Epoc #	9110	 17.97047209739685
2023-07-13 05:26:47.523016 - Time between reward step: #	15676.236456871033
2023-07-13 05:26:47.523016 - Average Score: 66.00 Elapsed time: 4:21:17.528567
2023-07-13 05:27:01.867431 - Epoc #	9120	 18.047531843185425
2023-07-13 05:27:09.148707 - Time between reward step: #	15697.862147808075
2023-07-13 05:27:09.148707 - Average Score: 67.00 Elapsed time: 4:21:39.154228
2023-07-13 05:27:18.024927 - Time between reward step: #	15706.738367795944
2023-07-13 05:27:18.024927 - Average Score: 68.00 Elapsed time: 4:21:48.034941
2023-07-13 05:27:19.853126 - Epoc #	9130	 17.985695123672485
2023-07-13 05:27:21.634631 - Time between reward step: #	15710.348071813583
2023-07-13 05:27:21.634631 - Average Score: 69.00 Elapsed time: 4:21:51.644226
2023-07-13 05:27:28.322136 - Time between reward step: #	15717.035576820374
2023-07-13 05:27:28.322136 - Average Score: 70.00 Elapsed time: 4:21:58.326976
2023-07-13 05:27:32.009572 - Time between reward step: #	15720.723012924194
2023-07-13 05:27:32.009572 - Average Score: 71.00 Elapsed time: 4:22:02.014900
2023-07-13 05:27:36.759629 - Epoc #	9140	 16.906502962112427
2023-07-13 05:27:54.244383 - Epoc #	9150	 17.48475408554077
2023-07-13 05:28:12.230406 - Epoc #	9160	 17.98602294921875
2023-07-13 05:28:14.058462 - Time between reward step: #	15762.771902799606
2023-07-13 05:28:14.058462 - Average Score: 72.00 Elapsed time: 4:22:44.062507
2023-07-13 05:28:15.886590 - Time between reward step: #	15764.600030899048
2023-07-13 05:28:15.886590 - Average Score: 73.00 Elapsed time: 4:22:45.883708
2023-07-13 05:28:29.839789 - Epoc #	9170	 17.60938286781311
2023-07-13 05:28:47.825343 - Epoc #	9180	 17.985553979873657
2023-07-13 05:28:57.013997 - Time between reward step: #	15805.727437973022
2023-07-13 05:28:57.029719 - Average Score: 74.00 Elapsed time: 4:23:27.024658
2023-07-13 05:29:05.921183 - Epoc #	9190	 18.095840215682983
2023-07-13 05:29:23.971090 - Epoc #	9200	 18.049906969070435
2023-07-13 05:29:41.950353 - Epoc #	9210	 17.979262828826904
2023-07-13 05:29:59.649624 - Epoc #	9220	 17.699271202087402
2023-07-13 05:30:16.859732 - Epoc #	9230	 17.210107803344727
2023-07-13 05:30:35.466568 - Epoc #	9240	 18.606836080551147
2023-07-13 05:30:53.212323 - Epoc #	9250	 17.745754957199097
2023-07-13 05:31:11.053582 - Epoc #	9260	 17.841259002685547
2023-07-13 05:31:28.723573 - Epoc #	9270	 17.66999101638794
2023-07-13 05:31:46.509865 - Epoc #	9280	 17.78629207611084
2023-07-13 05:32:04.291848 - Epoc #	9290	 17.781982898712158
2023-07-13 05:32:22.619967 - Epoc #	9300	 18.328119039535522
2023-07-13 05:32:39.761599 - Epoc #	9310	 17.141632080078125
2023-07-13 05:32:57.715099 - Epoc #	9320	 17.953500032424927
2023-07-13 05:33:14.906288 - Epoc #	9330	 17.19118881225586
2023-07-13 05:33:32.066046 - Epoc #	9340	 17.1597580909729
2023-07-13 05:33:49.554983 - Epoc #	9350	 17.48893690109253
2023-07-13 05:34:07.354565 - Epoc #	9360	 17.79958200454712
2023-07-13 05:34:25.156548 - Epoc #	9370	 17.80198311805725
2023-07-13 05:34:42.787670 - Epoc #	9380	 17.63112187385559
2023-07-13 05:35:01.166218 - Epoc #	9390	 18.37854814529419
2023-07-13 05:35:18.936659 - Epoc #	9400	 17.77044105529785
2023-07-13 05:35:37.132272 - Epoc #	9410	 18.195612907409668
2023-07-13 05:35:54.340761 - Epoc #	9420	 17.208488941192627
2023-07-13 05:36:13.191591 - Epoc #	9430	 18.850830078125
2023-07-13 05:36:30.652492 - Epoc #	9440	 17.460901021957397
2023-07-13 05:36:48.018784 - Epoc #	9450	 17.366291999816895
2023-07-13 05:37:06.669439 - Epoc #	9460	 18.650655031204224
2023-07-13 05:37:24.260042 - Epoc #	9470	 17.59060287475586
2023-07-13 05:37:42.743513 - Epoc #	9480	 18.483471155166626
2023-07-13 05:38:00.444188 - Epoc #	9490	 17.700675010681152
2023-07-13 05:38:17.831040 - Epoc #	9500	 17.38685178756714
2023-07-13 05:38:35.465194 - Epoc #	9510	 17.634154081344604
2023-07-13 05:38:53.223264 - Epoc #	9520	 17.75806999206543
2023-07-13 05:39:11.593690 - Epoc #	9530	 18.370425939559937
2023-07-13 05:39:30.546948 - Epoc #	9540	 18.95325803756714
2023-07-13 05:39:47.847282 - Epoc #	9550	 17.300333976745605
2023-07-13 05:40:05.237908 - Epoc #	9560	 17.390625953674316
2023-07-13 05:40:23.223441 - Epoc #	9570	 17.985532999038696
2023-07-13 05:40:40.770543 - Epoc #	9580	 17.547102212905884
2023-07-13 05:40:59.006055 - Epoc #	9590	 18.235512018203735
2023-07-13 05:41:16.399452 - Epoc #	9600	 17.393396854400635
2023-07-13 05:41:32.935654 - Epoc #	9610	 16.53620195388794
2023-07-13 05:41:51.033663 - Epoc #	9620	 18.09800910949707
2023-07-13 05:42:09.066912 - Epoc #	9630	 18.033248901367188
2023-07-13 05:42:26.633668 - Epoc #	9640	 17.566756010055542
2023-07-13 05:42:43.123959 - Epoc #	9650	 16.490291118621826
2023-07-13 05:43:00.471203 - Epoc #	9660	 17.347244024276733
2023-07-13 05:43:18.021908 - Epoc #	9670	 17.550704956054688
2023-07-13 05:43:35.526720 - Epoc #	9680	 17.504812002182007
2023-07-13 05:43:53.656686 - Epoc #	9690	 18.129966020584106
2023-07-13 05:44:11.773259 - Epoc #	9700	 18.116572856903076
2023-07-13 05:44:28.449231 - Epoc #	9710	 16.67597198486328
2023-07-13 05:44:46.438926 - Epoc #	9720	 17.989695072174072
2023-07-13 05:45:04.398798 - Epoc #	9730	 17.959872007369995
2023-07-13 05:45:22.351457 - Epoc #	9740	 17.952659130096436
2023-07-13 05:45:39.693557 - Epoc #	9750	 17.342099905014038
2023-07-13 05:45:57.499146 - Epoc #	9760	 17.805588960647583
2023-07-13 05:46:15.857353 - Epoc #	9770	 18.35820698738098
2023-07-13 05:46:33.041354 - Epoc #	9780	 17.184000968933105
2023-07-13 05:46:50.521417 - Epoc #	9790	 17.48006296157837
2023-07-13 05:47:09.364527 - Epoc #	9800	 18.84311008453369
2023-07-13 05:47:27.160462 - Epoc #	9810	 17.795934915542603
2023-07-13 05:47:44.027316 - Epoc #	9820	 16.866854190826416
2023-07-13 05:48:01.418141 - Epoc #	9830	 17.390824794769287
2023-07-13 05:48:19.461332 - Epoc #	9840	 18.0431911945343
2023-07-13 05:48:37.805156 - Epoc #	9850	 18.34382390975952
2023-07-13 05:48:55.134120 - Epoc #	9860	 17.32896399497986
2023-07-13 05:49:12.307763 - Epoc #	9870	 17.173643112182617
2023-07-13 05:49:30.204697 - Epoc #	9880	 17.896933794021606
2023-07-13 05:49:47.603262 - Epoc #	9890	 17.39856505393982
2023-07-13 05:50:05.000244 - Epoc #	9900	 17.396981954574585
2023-07-13 05:50:22.757730 - Epoc #	9910	 17.75748610496521
2023-07-13 05:50:41.218105 - Epoc #	9920	 18.4603750705719
2023-07-13 05:50:58.893315 - Epoc #	9930	 17.675209999084473
2023-07-13 05:51:16.008296 - Epoc #	9940	 17.114980936050415
2023-07-13 05:51:34.030289 - Epoc #	9950	 18.021992921829224
2023-07-13 05:51:51.913531 - Epoc #	9960	 17.88324213027954
2023-07-13 05:52:10.700895 - Epoc #	9970	 18.78736400604248
2023-07-13 05:52:27.487527 - Epoc #	9980	 16.78663182258606
2023-07-13 05:52:44.664215 - Epoc #	9990	 17.176688194274902
2023-07-13 05:53:02.387764 - Epoc #	10000	 17.723548889160156
2023-07-13 05:53:20.430915 - Epoc #	10010	 18.043151140213013
2023-07-13 05:53:38.584763 - Epoc #	10020	 18.15384793281555
2023-07-13 05:53:55.819207 - Epoc #	10030	 17.23444390296936
2023-07-13 05:54:13.926158 - Epoc #	10040	 18.106950998306274
2023-07-13 05:54:31.332385 - Epoc #	10050	 17.406227111816406
2023-07-13 05:54:48.785984 - Epoc #	10060	 17.453598976135254
2023-07-13 05:55:06.693253 - Epoc #	10070	 17.90726900100708
2023-07-13 05:55:25.335186 - Epoc #	10080	 18.64193296432495
2023-07-13 05:55:42.258265 - Epoc #	10090	 16.923079013824463
2023-07-13 05:55:59.275627 - Epoc #	10100	 17.017361879348755
2023-07-13 05:56:17.230231 - Epoc #	10110	 17.954604148864746
2023-07-13 05:56:35.341406 - Epoc #	10120	 18.111175060272217
2023-07-13 05:56:52.687238 - Epoc #	10130	 17.345831871032715
2023-07-13 05:57:10.408099 - Epoc #	10140	 17.720860958099365
2023-07-13 05:57:27.675747 - Epoc #	10150	 17.267647981643677
2023-07-13 05:57:45.114622 - Epoc #	10160	 17.438875198364258
2023-07-13 05:58:02.225658 - Epoc #	10170	 17.11103582382202
2023-07-13 05:58:20.446038 - Epoc #	10180	 18.220380067825317
2023-07-13 05:58:38.258985 - Epoc #	10190	 17.812947034835815
2023-07-13 05:58:56.400948 - Epoc #	10200	 18.141963005065918
2023-07-13 05:59:13.925095 - Epoc #	10210	 17.524147033691406
2023-07-13 05:59:32.593143 - Epoc #	10220	 18.66804790496826
2023-07-13 05:59:51.007223 - Epoc #	10230	 18.414079904556274
2023-07-13 06:00:08.107860 - Epoc #	10240	 17.100637197494507
2023-07-13 06:00:26.268261 - Epoc #	10250	 18.160400867462158
2023-07-13 06:00:44.419717 - Epoc #	10260	 18.151456117630005
2023-07-13 06:01:02.555282 - Epoc #	10270	 18.135565042495728
2023-07-13 06:01:20.217889 - Epoc #	10280	 17.662606954574585
2023-07-13 06:01:37.840907 - Epoc #	10290	 17.62301802635193
2023-07-13 06:01:55.637791 - Epoc #	10300	 17.796883821487427
2023-07-13 06:02:13.043976 - Epoc #	10310	 17.406185150146484
2023-07-13 06:02:31.215843 - Epoc #	10320	 18.17186689376831
2023-07-13 06:02:49.122108 - Epoc #	10330	 17.906265020370483
2023-07-13 06:03:06.634099 - Epoc #	10340	 17.511991024017334
2023-07-13 06:03:25.182356 - Epoc #	10350	 18.54825711250305
2023-07-13 06:03:42.779961 - Epoc #	10360	 17.597604990005493
2023-07-13 06:04:00.566388 - Epoc #	10370	 17.786426782608032
2023-07-13 06:04:18.099135 - Epoc #	10380	 17.53274703025818
2023-07-13 06:04:35.929429 - Epoc #	10390	 17.830294132232666
2023-07-13 06:04:53.746667 - Epoc #	10400	 17.817237854003906
2023-07-13 06:05:11.764039 - Epoc #	10410	 18.017372131347656
2023-07-13 06:05:29.781833 - Epoc #	10420	 18.017793893814087
2023-07-13 06:05:47.797219 - Epoc #	10430	 18.01538610458374
2023-07-13 06:06:06.132669 - Epoc #	10440	 18.335449934005737
2023-07-13 06:06:23.997013 - Epoc #	10450	 17.864344120025635
2023-07-13 06:06:41.643270 - Epoc #	10460	 17.646256923675537
2023-07-13 06:06:59.240793 - Epoc #	10470	 17.597522974014282
2023-07-13 06:07:16.416948 - Epoc #	10480	 17.17615509033203
2023-07-13 06:07:34.890795 - Epoc #	10490	 18.473846912384033
2023-07-13 06:07:52.907442 - Epoc #	10500	 18.01664710044861
2023-07-13 06:08:10.063747 - Epoc #	10510	 17.156304836273193
2023-07-13 06:08:28.408045 - Epoc #	10520	 18.344298124313354
2023-07-13 06:08:46.048963 - Epoc #	10530	 17.640918016433716
2023-07-13 06:09:03.284015 - Epoc #	10540	 17.23505187034607
2023-07-13 06:09:20.839390 - Epoc #	10550	 17.55537509918213
2023-07-13 06:09:39.300791 - Epoc #	10560	 18.461400985717773
2023-07-13 06:09:57.225875 - Epoc #	10570	 17.925083875656128
2023-07-13 06:10:14.921143 - Epoc #	10580	 17.695268154144287
2023-07-13 06:10:32.428911 - Epoc #	10590	 17.507767915725708
2023-07-13 06:10:50.094089 - Epoc #	10600	 17.665178060531616
2023-07-13 06:11:07.726521 - Epoc #	10610	 17.632431983947754
2023-07-13 06:11:25.789472 - Epoc #	10620	 18.06295108795166
2023-07-13 06:11:44.320707 - Epoc #	10630	 18.531234979629517
2023-07-13 06:12:02.602576 - Epoc #	10640	 18.281868934631348
2023-07-13 06:12:04.493193 - Time between reward step: #	18393.20663380623
2023-07-13 06:12:04.493193 - Average Score: 75.00 Elapsed time: 5:06:34.493744
2023-07-13 06:12:20.330305 - Epoc #	10650	 17.727729082107544
2023-07-13 06:12:38.033407 - Epoc #	10660	 17.703101873397827
2023-07-13 06:12:55.830305 - Epoc #	10670	 17.796898126602173
2023-07-13 06:13:13.720903 - Epoc #	10680	 17.890597820281982
2023-07-13 06:13:28.439656 - Time between reward step: #	18477.15309691429
2023-07-13 06:13:28.439656 - Average Score: 76.00 Elapsed time: 5:07:58.437519
2023-07-13 06:13:30.252082 - Time between reward step: #	18478.965523004532
2023-07-13 06:13:30.252082 - Average Score: 77.00 Elapsed time: 5:08:00.247326
2023-07-13 06:13:32.127151 - Epoc #	10690	 18.406248092651367
2023-07-13 06:13:49.705667 - Epoc #	10700	 17.578516006469727
2023-07-13 06:14:00.503267 - Time between reward step: #	18509.21670794487
2023-07-13 06:14:00.503267 - Average Score: 78.00 Elapsed time: 5:08:30.502559
2023-07-13 06:14:07.675143 - Epoc #	10710	 17.969475984573364
2023-07-13 06:14:25.691445 - Epoc #	10720	 18.01630210876465
2023-07-13 06:14:43.628876 - Epoc #	10730	 17.93743085861206
2023-07-13 06:15:01.847681 - Epoc #	10740	 18.218805074691772
2023-07-13 06:15:19.816423 - Epoc #	10750	 17.96874189376831
2023-07-13 06:15:37.519865 - Epoc #	10760	 17.703442096710205
2023-07-13 06:15:55.801059 - Time between reward step: #	18624.514499902725
2023-07-13 06:15:55.801059 - Average Score: 79.00 Elapsed time: 5:10:25.800793
2023-07-13 06:15:55.801059 - Epoc #	10770	 18.28119397163391
2023-07-13 06:16:13.863565 - Epoc #	10780	 18.062505960464478
2023-07-13 06:16:31.707963 - Epoc #	10790	 17.844398021697998
2023-07-13 06:16:48.786683 - Epoc #	10800	 17.078720092773438
2023-07-13 06:17:06.802324 - Epoc #	10810	 18.0156409740448
2023-07-13 06:17:24.411683 - Epoc #	10820	 17.6093590259552
2023-07-13 06:17:42.583543 - Epoc #	10830	 18.171859979629517
2023-07-13 06:18:01.130914 - Epoc #	10840	 18.54737091064453
2023-07-13 06:18:18.782189 - Epoc #	10850	 17.651274919509888
2023-07-13 06:18:36.410483 - Epoc #	10860	 17.628293991088867
2023-07-13 06:18:54.281703 - Epoc #	10870	 17.871220111846924
2023-07-13 06:19:12.461963 - Epoc #	10880	 18.180259943008423
2023-07-13 06:19:30.352570 - Epoc #	10890	 17.890607118606567
2023-07-13 06:19:48.243209 - Epoc #	10900	 17.890638828277588
2023-07-13 06:20:06.196343 - Epoc #	10910	 17.953134059906006
2023-07-13 06:20:24.336964 - Epoc #	10920	 18.140620946884155
2023-07-13 06:20:42.570240 - Epoc #	10930	 18.23327612876892
2023-07-13 06:21:00.679607 - Epoc #	10940	 18.10936689376831
2023-07-13 06:21:16.648355 - Time between reward step: #	18945.361795902252
2023-07-13 06:21:16.648355 - Average Score: 80.00 Elapsed time: 5:15:46.646252
2023-07-13 06:21:18.554632 - Time between reward step: #	18947.26807284355
2023-07-13 06:21:18.554632 - Average Score: 81.00 Elapsed time: 5:15:48.560401
2023-07-13 06:21:18.554632 - Epoc #	10950	 17.875025033950806
2023-07-13 06:21:22.054614 - Time between reward step: #	18950.76805496216
2023-07-13 06:21:22.054614 - Average Score: 82.00 Elapsed time: 5:15:52.058521
2023-07-13 06:21:36.413923 - Epoc #	10960	 17.859291076660156
2023-07-13 06:21:42.007672 - Time between reward step: #	18970.721112966537
2023-07-13 06:21:42.007672 - Average Score: 83.00 Elapsed time: 5:16:12.017823
2023-07-13 06:21:47.445238 - Time between reward step: #	18976.158679008484
2023-07-13 06:21:47.445238 - Average Score: 84.00 Elapsed time: 5:16:17.455491
2023-07-13 06:21:54.726488 - Time between reward step: #	18983.439929008484
2023-07-13 06:21:54.726488 - Average Score: 85.00 Elapsed time: 5:16:24.734989
2023-07-13 06:21:54.726488 - Epoc #	10970	 18.312565088272095
2023-07-13 06:22:11.960856 - Epoc #	10980	 17.234367847442627
2023-07-13 06:22:30.273295 - Epoc #	10990	 18.31243896484375
2023-07-13 06:22:47.460859 - Epoc #	11000	 17.18756413459778
2023-07-13 06:23:04.943083 - Epoc #	11010	 17.482223987579346
2023-07-13 06:23:22.749744 - Epoc #	11020	 17.806660890579224
2023-07-13 06:23:41.030992 - Epoc #	11030	 18.281248092651367
2023-07-13 06:23:58.937207 - Epoc #	11040	 17.906214952468872
2023-07-13 06:24:16.933258 - Epoc #	11050	 17.99605107307434
2023-07-13 06:24:35.214507 - Epoc #	11060	 18.281249046325684
2023-07-13 06:24:53.199451 - Epoc #	11070	 17.984943866729736
2023-07-13 06:25:11.386925 - Epoc #	11080	 18.187474012374878
2023-07-13 06:25:30.278110 - Epoc #	11090	 18.89118504524231
2023-07-13 06:25:48.746854 - Epoc #	11100	 18.468744039535522
2023-07-13 06:26:06.981479 - Epoc #	11110	 18.2346248626709
2023-07-13 06:26:24.422159 - Epoc #	11120	 17.440680027008057
2023-07-13 06:26:42.319009 - Epoc #	11130	 17.896850109100342
2023-07-13 06:26:59.813800 - Epoc #	11140	 17.49479103088379
2023-07-13 06:27:17.896023 - Epoc #	11150	 18.082222938537598
2023-07-13 06:27:36.224150 - Epoc #	11160	 18.328126907348633
2023-07-13 06:27:53.817945 - Epoc #	11170	 17.59379506111145
2023-07-13 06:28:11.583521 - Epoc #	11180	 17.765575885772705
2023-07-13 06:28:29.646087 - Epoc #	11190	 18.06256604194641
2023-07-13 06:28:47.974146 - Epoc #	11200	 18.312438011169434
2023-07-13 06:29:04.989768 - Epoc #	11210	 17.01562213897705
2023-07-13 06:29:22.349601 - Epoc #	11220	 17.359833002090454
2023-07-13 06:29:40.615221 - Epoc #	11230	 18.26561999320984
2023-07-13 06:29:59.037030 - Epoc #	11240	 18.42180895805359
2023-07-13 06:30:16.641372 - Epoc #	11250	 17.604341983795166
2023-07-13 06:30:34.938888 - Epoc #	11260	 18.297516107559204
2023-07-13 06:30:52.642004 - Epoc #	11270	 17.703115940093994
2023-07-13 06:31:10.235696 - Epoc #	11280	 17.59369206428528
2023-07-13 06:31:28.173256 - Epoc #	11290	 17.937559843063354
2023-07-13 06:31:45.845139 - Epoc #	11300	 17.67188310623169
2023-07-13 06:32:03.407571 - Epoc #	11310	 17.562432050704956
2023-07-13 06:32:21.876963 - Epoc #	11320	 18.46939182281494
2023-07-13 06:32:39.955082 - Epoc #	11330	 18.078119039535522
2023-07-13 06:32:58.095704 - Epoc #	11340	 18.14062213897705
2023-07-13 06:33:15.595653 - Epoc #	11350	 17.499948978424072
2023-07-13 06:33:33.955010 - Epoc #	11360	 18.35935688018799
2023-07-13 06:33:51.689468 - Epoc #	11370	 17.734457969665527
2023-07-13 06:34:09.456902 - Epoc #	11380	 17.767434120178223
2023-07-13 06:34:27.614471 - Epoc #	11390	 18.15756893157959
2023-07-13 06:34:45.669758 - Epoc #	11400	 18.05528712272644
2023-07-13 06:35:04.200473 - Epoc #	11410	 18.530714988708496
2023-07-13 06:35:22.325078 - Epoc #	11420	 18.12460494041443
2023-07-13 06:35:40.904803 - Epoc #	11430	 18.57972502708435
2023-07-13 06:35:58.967412 - Epoc #	11440	 18.06260895729065
2023-07-13 06:36:16.951781 - Epoc #	11450	 17.984369039535522
2023-07-13 06:36:34.639292 - Epoc #	11460	 17.68751096725464
2023-07-13 06:36:41.842407 - Time between reward step: #	19870.555847883224
2023-07-13 06:36:41.842407 - Average Score: 86.00 Elapsed time: 5:31:11.848016
2023-07-13 06:36:52.146283 - Epoc #	11470	 17.506990909576416
2023-07-13 06:37:10.560401 - Epoc #	11480	 18.41411805152893
2023-07-13 06:37:23.170312 - Time between reward step: #	19911.883752822876
2023-07-13 06:37:23.170312 - Average Score: 87.00 Elapsed time: 5:31:53.178932
2023-07-13 06:37:28.857808 - Time between reward step: #	19917.57124900818
2023-07-13 06:37:28.857808 - Average Score: 88.00 Elapsed time: 5:31:58.863886
2023-07-13 06:37:28.857808 - Epoc #	11490	 18.297407150268555
2023-07-13 06:37:32.529688 - Time between reward step: #	19921.24312877655
2023-07-13 06:37:32.529688 - Average Score: 89.00 Elapsed time: 5:32:02.525166
2023-07-13 06:37:34.435945 - Time between reward step: #	19923.149385929108
2023-07-13 06:37:34.435945 - Average Score: 90.00 Elapsed time: 5:32:04.444754
2023-07-13 06:37:43.904689 - Time between reward step: #	19932.618129968643
2023-07-13 06:37:43.904689 - Average Score: 91.00 Elapsed time: 5:32:13.910005
