2023-07-11 20:42:11.558699 - Starting learning loop ...
==================================================================
2023-07-11 20:42:11.564782 - Using Framebuffer of: 4 frames	 and 	ReplayBufferSize: 5000
2023-07-11 20:42:11.564782 - Loglevel is set to: a
2023-07-11 20:42:11.564782 - Epoc #	0	 
2023-07-11 20:42:23.964769 - Epoc #	10	 12.399986982345581
2023-07-11 20:42:32.715350 - Epoc #	20	 8.75058102607727
2023-07-11 20:42:41.557947 - Epoc #	30	 8.842597007751465
2023-07-11 20:42:50.511008 - Epoc #	40	 8.9530611038208
2023-07-11 20:42:59.951695 - Epoc #	50	 9.44068694114685
2023-07-11 20:43:08.607138 - Epoc #	60	 8.655442953109741
2023-07-11 20:43:17.815561 - Epoc #	70	 9.208423137664795
2023-07-11 20:43:26.625827 - Epoc #	80	 8.810266017913818
2023-07-11 20:43:35.406647 - Epoc #	90	 8.7808198928833
2023-07-11 20:43:44.421402 - Epoc #	100	 9.014755010604858
2023-07-11 20:43:51.509546 - Time between reward step: #	99.95084714889526
2023-07-11 20:43:51.509546 - Average Score: 4.00 Elapsed time: 0:01:42.041910
2023-07-11 20:43:53.280507 - Epoc #	110	 8.859105110168457
2023-07-11 20:44:02.767744 - Epoc #	120	 9.487236976623535
2023-07-11 20:44:07.293573 - Time between reward step: #	115.73487401008606
2023-07-11 20:44:07.293573 - Average Score: 5.00 Elapsed time: 0:01:57.815642
2023-07-11 20:44:11.722784 - Epoc #	130	 8.955039978027344
2023-07-11 20:44:17.161983 - Time between reward step: #	125.60328412055969
2023-07-11 20:44:17.161983 - Average Score: 6.00 Elapsed time: 0:02:07.693747
2023-07-11 20:44:20.675599 - Epoc #	140	 8.952815055847168
2023-07-11 20:44:29.315178 - Epoc #	150	 8.639578819274902
2023-07-11 20:44:38.144831 - Epoc #	160	 8.829653024673462
2023-07-11 20:44:47.192649 - Epoc #	170	 9.047817945480347
2023-07-11 20:44:56.349184 - Epoc #	180	 9.156535148620605
2023-07-11 20:45:05.286350 - Epoc #	190	 8.937165975570679
2023-07-11 20:45:12.452871 - Time between reward step: #	180.89417219161987
2023-07-11 20:45:12.452871 - Average Score: 7.00 Elapsed time: 0:03:02.982313
2023-07-11 20:45:14.320339 - Time between reward step: #	182.7616400718689
2023-07-11 20:45:14.320339 - Average Score: 8.00 Elapsed time: 0:03:04.843042
2023-07-11 20:45:14.320339 - Epoc #	200	 9.033988952636719
2023-07-11 20:45:23.226522 - Epoc #	210	 8.906183004379272
2023-07-11 20:45:32.258619 - Epoc #	220	 9.032097101211548
2023-07-11 20:45:41.094195 - Epoc #	230	 8.835575819015503
2023-07-11 20:45:50.322000 - Epoc #	240	 9.227805137634277
2023-07-11 20:45:52.282686 - Time between reward step: #	220.72398710250854
2023-07-11 20:45:52.282686 - Average Score: 9.00 Elapsed time: 0:03:42.811556
2023-07-11 20:45:54.101500 - Time between reward step: #	222.5428011417389
2023-07-11 20:45:54.101500 - Average Score: 10.00 Elapsed time: 0:03:44.628534
2023-07-11 20:45:59.480791 - Epoc #	250	 9.158791065216064
2023-07-11 20:46:08.447648 - Time between reward step: #	236.8889491558075
2023-07-11 20:46:08.447648 - Average Score: 11.00 Elapsed time: 0:03:58.976861
2023-07-11 20:46:08.447648 - Epoc #	260	 8.966856956481934
2023-07-11 20:46:16.929055 - Time between reward step: #	245.37035608291626
2023-07-11 20:46:16.929055 - Average Score: 12.00 Elapsed time: 0:04:07.453821
2023-07-11 20:46:17.917426 - Epoc #	270	 9.469778060913086
2023-07-11 20:46:26.929179 - Epoc #	280	 9.011752843856812
2023-07-11 20:46:36.760510 - Epoc #	290	 9.831331014633179
2023-07-11 20:46:45.914544 - Epoc #	300	 9.15403413772583
2023-07-11 20:46:54.896510 - Epoc #	310	 8.981965780258179
2023-07-11 20:47:04.191950 - Epoc #	320	 9.295440196990967
2023-07-11 20:47:13.329093 - Epoc #	330	 9.137142896652222
2023-07-11 20:47:22.288640 - Epoc #	340	 8.95954704284668
2023-07-11 20:47:31.305306 - Epoc #	350	 9.016665935516357
2023-07-11 20:47:40.747026 - Epoc #	360	 9.441720008850098
2023-07-11 20:47:49.791008 - Epoc #	370	 9.043982028961182
2023-07-11 20:47:58.901711 - Epoc #	380	 9.110702991485596
2023-07-11 20:48:07.968359 - Epoc #	390	 9.066648006439209
2023-07-11 20:48:16.889661 - Epoc #	400	 8.921302080154419
2023-07-11 20:48:26.264056 - Epoc #	410	 9.37439489364624
2023-07-11 20:48:36.148176 - Epoc #	420	 9.884119987487793
2023-07-11 20:48:46.085474 - Epoc #	430	 9.937298059463501
2023-07-11 20:48:55.290143 - Epoc #	440	 9.204668998718262
2023-07-11 20:49:04.450126 - Epoc #	450	 9.159982919692993
2023-07-11 20:49:13.668472 - Epoc #	460	 9.218346118927002
2023-07-11 20:49:22.604863 - Epoc #	470	 8.93639087677002
2023-07-11 20:49:31.591524 - Epoc #	480	 8.986660957336426
2023-07-11 20:49:41.030622 - Epoc #	490	 9.439098119735718
2023-07-11 20:49:50.048610 - Epoc #	500	 9.017987966537476
2023-07-11 20:49:59.331247 - Time between reward step: #	467.77254819869995
2023-07-11 20:49:59.331247 - Average Score: 13.00 Elapsed time: 0:07:49.854454
2023-07-11 20:49:59.331247 - Epoc #	510	 9.282637119293213
2023-07-11 20:50:08.378514 - Epoc #	520	 9.047266960144043
2023-07-11 20:50:17.552233 - Epoc #	530	 9.173718929290771
2023-07-11 20:50:26.599887 - Epoc #	540	 9.047653913497925
2023-07-11 20:50:36.107055 - Time between reward step: #	504.5483560562134
2023-07-11 20:50:36.107055 - Average Score: 14.00 Elapsed time: 0:08:26.637327
2023-07-11 20:50:36.107055 - Epoc #	550	 9.507168054580688
2023-07-11 20:50:45.181790 - Epoc #	560	 9.074735164642334
2023-07-11 20:50:54.777304 - Epoc #	570	 9.595513820648193
2023-07-11 20:51:03.604812 - Epoc #	580	 8.827507972717285
2023-07-11 20:51:12.684883 - Epoc #	590	 9.080071210861206
2023-07-11 20:51:21.893744 - Epoc #	600	 9.208860874176025
2023-07-11 20:51:30.735423 - Epoc #	610	 8.841679096221924
2023-07-11 20:51:40.187621 - Epoc #	620	 9.452198028564453
2023-07-11 20:51:49.236630 - Epoc #	630	 9.049008846282959
2023-07-11 20:51:58.080683 - Epoc #	640	 8.844053030014038
2023-07-11 20:52:07.189937 - Epoc #	650	 9.109254121780396
2023-07-11 20:52:16.489995 - Epoc #	660	 9.300057888031006
2023-07-11 20:52:25.960580 - Epoc #	670	 9.470585107803345
2023-07-11 20:52:35.508748 - Epoc #	680	 9.548167943954468
2023-07-11 20:52:44.919830 - Epoc #	690	 9.411082029342651
2023-07-11 20:52:54.500606 - Epoc #	700	 9.58077597618103
2023-07-11 20:53:03.390565 - Epoc #	710	 8.88995885848999
2023-07-11 20:53:12.405184 - Epoc #	720	 9.01461911201477
2023-07-11 20:53:21.348925 - Epoc #	730	 8.943741083145142
2023-07-11 20:53:30.328385 - Epoc #	740	 8.979460000991821
2023-07-11 20:53:39.282751 - Epoc #	750	 8.954365968704224
2023-07-11 20:53:48.302183 - Epoc #	760	 9.019431829452515
2023-07-11 20:53:57.191507 - Epoc #	770	 8.889324188232422
2023-07-11 20:54:06.238866 - Epoc #	780	 9.047358989715576
2023-07-11 20:54:14.799163 - Epoc #	790	 8.560297012329102
2023-07-11 20:54:23.847571 - Epoc #	800	 9.048407793045044
2023-07-11 20:54:33.430310 - Epoc #	810	 9.582739114761353
2023-07-11 20:54:43.354783 - Epoc #	820	 9.92447304725647
2023-07-11 20:54:52.822235 - Epoc #	830	 9.467452049255371
2023-07-11 20:55:01.436555 - Epoc #	840	 8.614319801330566
2023-07-11 20:55:10.438549 - Epoc #	850	 9.001994132995605
2023-07-11 20:55:19.545068 - Epoc #	860	 9.106518983840942
2023-07-11 20:55:28.608729 - Epoc #	870	 9.063660860061646
2023-07-11 20:55:37.577357 - Epoc #	880	 8.968628168106079
2023-07-11 20:55:46.577953 - Epoc #	890	 9.000596046447754
2023-07-11 20:55:55.799474 - Epoc #	900	 9.221520900726318
2023-07-11 20:56:04.910710 - Epoc #	910	 9.111236095428467
2023-07-11 20:56:14.351155 - Epoc #	920	 9.440444946289062
2023-07-11 20:56:22.584296 - Epoc #	930	 8.23314094543457
2023-07-11 20:56:31.535087 - Epoc #	940	 8.950791120529175
2023-07-11 20:56:40.614834 - Epoc #	950	 9.079746961593628
2023-07-11 20:56:49.569172 - Epoc #	960	 8.95433783531189
2023-07-11 20:56:58.537764 - Epoc #	970	 8.968592166900635
2023-07-11 20:57:07.490323 - Epoc #	980	 8.952558994293213
2023-07-11 20:57:16.395893 - Epoc #	990	 8.905570030212402
2023-07-11 20:57:25.651422 - Epoc #	1000	 9.255528926849365
2023-07-11 20:57:34.932281 - Epoc #	1010	 9.280858993530273
2023-07-11 20:57:43.980428 - Epoc #	1020	 9.048146963119507
2023-07-11 20:57:52.796515 - Epoc #	1030	 8.816087007522583
2023-07-11 20:58:01.794553 - Epoc #	1040	 8.998038053512573
2023-07-11 20:58:11.107689 - Epoc #	1050	 9.313135862350464
2023-07-11 20:58:20.108381 - Epoc #	1060	 9.000692129135132
2023-07-11 20:58:29.201721 - Epoc #	1070	 9.093339920043945
2023-07-11 20:58:38.250775 - Epoc #	1080	 9.049054145812988
2023-07-11 20:58:47.427436 - Epoc #	1090	 9.176661014556885
2023-07-11 20:58:56.550620 - Epoc #	1100	 9.123183965682983
2023-07-11 20:59:05.818400 - Epoc #	1110	 9.26777982711792
2023-07-11 20:59:14.974413 - Epoc #	1120	 9.156013011932373
2023-07-11 20:59:24.291782 - Epoc #	1130	 9.317368984222412
2023-07-11 20:59:33.699195 - Epoc #	1140	 9.407413005828857
2023-07-11 20:59:43.137620 - Epoc #	1150	 9.438425064086914
2023-07-11 20:59:52.390504 - Epoc #	1160	 9.252883911132812
2023-07-11 21:00:01.388439 - Epoc #	1170	 8.997935056686401
2023-07-11 21:00:10.611069 - Epoc #	1180	 9.222630023956299
2023-07-11 21:00:19.641840 - Epoc #	1190	 9.030771017074585
2023-07-11 21:00:29.113595 - Epoc #	1200	 9.471755027770996
2023-07-11 21:00:38.425939 - Epoc #	1210	 9.312344074249268
2023-07-11 21:00:47.387977 - Epoc #	1220	 8.962037801742554
2023-07-11 21:00:56.444951 - Epoc #	1230	 9.056974172592163
2023-07-11 21:01:05.133214 - Epoc #	1240	 8.688262939453125
2023-07-11 21:01:14.131162 - Epoc #	1250	 8.997947931289673
2023-07-11 21:01:23.166478 - Epoc #	1260	 9.035315990447998
2023-07-11 21:01:32.259764 - Epoc #	1270	 9.093286037445068
2023-07-11 21:01:42.002960 - Epoc #	1280	 9.7431960105896
2023-07-11 21:01:51.046557 - Epoc #	1290	 9.043596982955933
2023-07-11 21:02:00.187116 - Epoc #	1300	 9.140558958053589
2023-07-11 21:02:09.021153 - Epoc #	1310	 8.834037065505981
2023-07-11 21:02:18.280536 - Epoc #	1320	 9.259382963180542
2023-07-11 21:02:28.115147 - Epoc #	1330	 9.834611177444458
2023-07-11 21:02:37.051377 - Epoc #	1340	 8.936229944229126
2023-07-11 21:02:46.004156 - Epoc #	1350	 8.952779054641724
2023-07-11 21:02:55.272603 - Epoc #	1360	 9.268446922302246
2023-07-11 21:03:04.603352 - Epoc #	1370	 9.330749034881592
2023-07-11 21:03:13.463829 - Epoc #	1380	 8.860476970672607
2023-07-11 21:03:22.605534 - Epoc #	1390	 9.14170503616333
2023-07-11 21:03:31.903070 - Epoc #	1400	 9.29753589630127
2023-07-11 21:03:40.858433 - Epoc #	1410	 8.955363035202026
2023-07-11 21:03:49.966567 - Epoc #	1420	 9.108134031295776
2023-07-11 21:03:59.031053 - Epoc #	1430	 9.064486026763916
2023-07-11 21:04:07.723449 - Epoc #	1440	 8.69239592552185
2023-07-11 21:04:17.362320 - Epoc #	1450	 9.63887095451355
2023-07-11 21:04:27.207982 - Epoc #	1460	 9.845662117004395
2023-07-11 21:04:36.036577 - Epoc #	1470	 8.82859492301941
2023-07-11 21:04:45.554136 - Epoc #	1480	 9.517559051513672
2023-07-11 21:04:54.526270 - Epoc #	1490	 8.972133874893188
2023-07-11 21:05:03.416723 - Epoc #	1500	 8.890453100204468
2023-07-11 21:05:12.211604 - Epoc #	1510	 8.794881105422974
2023-07-11 21:05:21.339671 - Epoc #	1520	 9.128066778182983
2023-07-11 21:05:30.512481 - Epoc #	1530	 9.172810077667236
2023-07-11 21:05:39.576234 - Epoc #	1540	 9.063753128051758
2023-07-11 21:05:49.014660 - Epoc #	1550	 9.438425779342651
2023-07-11 21:05:58.080446 - Epoc #	1560	 9.065786123275757
2023-07-11 21:06:07.250349 - Epoc #	1570	 9.169903039932251
2023-07-11 21:06:16.455166 - Epoc #	1580	 9.204817056655884
2023-07-11 21:06:25.347940 - Epoc #	1590	 8.892773866653442
2023-07-11 21:06:34.863939 - Epoc #	1600	 9.51599907875061
2023-07-11 21:06:43.678690 - Epoc #	1610	 8.814750909805298
2023-07-11 21:06:53.069849 - Epoc #	1620	 9.391159057617188
2023-07-11 21:07:02.149753 - Epoc #	1630	 9.079904079437256
2023-07-11 21:07:11.039249 - Epoc #	1640	 8.889495849609375
2023-07-11 21:07:20.353637 - Epoc #	1650	 9.314388036727905
2023-07-11 21:07:29.432885 - Epoc #	1660	 9.079247951507568
2023-07-11 21:07:38.451031 - Epoc #	1670	 9.01814603805542
2023-07-11 21:07:47.432877 - Epoc #	1680	 8.98184609413147
2023-07-11 21:07:56.342040 - Epoc #	1690	 8.909162998199463
2023-07-11 21:08:05.860954 - Epoc #	1700	 9.518913984298706
2023-07-11 21:08:15.144023 - Epoc #	1710	 9.283068895339966
2023-07-11 21:08:24.501958 - Epoc #	1720	 9.357934951782227
2023-07-11 21:08:33.429073 - Epoc #	1730	 8.927115201950073
2023-07-11 21:08:42.081989 - Epoc #	1740	 8.652915954589844
2023-07-11 21:08:51.898985 - Epoc #	1750	 9.816995859146118
2023-07-11 21:09:00.882481 - Epoc #	1760	 8.983496189117432
2023-07-11 21:09:09.634075 - Epoc #	1770	 8.751593828201294
2023-07-11 21:09:18.446080 - Epoc #	1780	 8.812005043029785
2023-07-11 21:09:27.574453 - Epoc #	1790	 9.128373146057129
2023-07-11 21:09:36.934768 - Epoc #	1800	 9.360314846038818
2023-07-11 21:09:45.903829 - Epoc #	1810	 8.969061136245728
2023-07-11 21:09:55.059014 - Epoc #	1820	 9.155184984207153
2023-07-11 21:10:04.077628 - Epoc #	1830	 9.018613815307617
2023-07-11 21:10:12.935595 - Epoc #	1840	 8.857967138290405
2023-07-11 21:10:21.840185 - Epoc #	1850	 8.904589891433716
2023-07-11 21:10:30.620932 - Epoc #	1860	 8.780747175216675
2023-07-11 21:10:39.969801 - Epoc #	1870	 9.34886884689331
2023-07-11 21:10:48.939061 - Epoc #	1880	 8.969259977340698
2023-07-11 21:10:57.969977 - Epoc #	1890	 9.030915975570679
2023-07-11 21:11:07.456502 - Epoc #	1900	 9.486525058746338
2023-07-11 21:11:16.739194 - Epoc #	1910	 9.282691955566406
2023-07-11 21:11:25.632415 - Epoc #	1920	 8.893221139907837
2023-07-11 21:11:34.930561 - Epoc #	1930	 9.29814600944519
2023-07-11 21:11:44.526094 - Epoc #	1940	 9.595532894134521
2023-07-11 21:11:53.842098 - Epoc #	1950	 9.316004037857056
2023-07-11 21:12:03.171490 - Epoc #	1960	 9.329391956329346
2023-07-11 21:12:12.456984 - Epoc #	1970	 9.285494089126587
2023-07-11 21:12:21.257286 - Epoc #	1980	 8.800302028656006
2023-07-11 21:12:29.681300 - Epoc #	1990	 8.42401385307312
2023-07-11 21:12:38.624582 - Epoc #	2000	 8.943282127380371
2023-07-11 21:12:47.592192 - Epoc #	2010	 8.967609882354736
2023-07-11 21:12:56.569526 - Epoc #	2020	 8.977334022521973
2023-07-11 21:13:05.902635 - Epoc #	2030	 9.333109140396118
2023-07-11 21:13:14.849079 - Epoc #	2040	 8.946443796157837
2023-07-11 21:13:23.817930 - Epoc #	2050	 8.968851089477539
2023-07-11 21:13:32.798520 - Epoc #	2060	 8.980590105056763
2023-07-11 21:13:41.520774 - Epoc #	2070	 8.722253799438477
2023-07-11 21:13:50.532874 - Epoc #	2080	 9.012100219726562
2023-07-11 21:13:59.980837 - Epoc #	2090	 9.447962999343872
2023-07-11 21:14:09.027687 - Epoc #	2100	 9.046849966049194
2023-07-11 21:14:17.937668 - Epoc #	2110	 8.90998101234436
2023-07-11 21:14:27.292319 - Epoc #	2120	 9.354650974273682
2023-07-11 21:14:36.470245 - Epoc #	2130	 9.177925825119019
2023-07-11 21:14:45.542051 - Epoc #	2140	 9.071806192398071
2023-07-11 21:14:54.850543 - Epoc #	2150	 9.308491945266724
2023-07-11 21:15:03.875551 - Epoc #	2160	 9.025007963180542
2023-07-11 21:15:12.853297 - Epoc #	2170	 8.97774600982666
2023-07-11 21:15:21.904858 - Epoc #	2180	 9.051561117172241
2023-07-11 21:15:31.359810 - Epoc #	2190	 9.454952001571655
2023-07-11 21:15:40.429548 - Epoc #	2200	 9.069737911224365
2023-07-11 21:15:49.361000 - Epoc #	2210	 8.93145203590393
2023-07-11 21:15:58.627024 - Epoc #	2220	 9.266023874282837
2023-07-11 21:16:07.293238 - Epoc #	2230	 8.666213989257812
2023-07-11 21:16:16.212931 - Epoc #	2240	 8.919692993164062
2023-07-11 21:16:25.471843 - Epoc #	2250	 9.258912086486816
2023-07-11 21:16:34.508664 - Epoc #	2260	 9.036820888519287
2023-07-11 21:16:43.403409 - Epoc #	2270	 8.894745111465454
2023-07-11 21:16:52.403830 - Epoc #	2280	 9.000421047210693
2023-07-11 21:17:01.292622 - Epoc #	2290	 8.888792037963867
2023-07-11 21:17:10.212711 - Epoc #	2300	 8.92008900642395
2023-07-11 21:17:19.256626 - Epoc #	2310	 9.043914794921875
2023-07-11 21:17:28.220099 - Epoc #	2320	 8.963473081588745
2023-07-11 21:17:37.298740 - Epoc #	2330	 9.078640937805176
2023-07-11 21:17:46.373656 - Epoc #	2340	 9.074916124343872
2023-07-11 21:17:55.434404 - Epoc #	2350	 9.060747861862183
2023-07-11 21:18:04.429585 - Epoc #	2360	 8.9951810836792
2023-07-11 21:18:13.191885 - Epoc #	2370	 8.76230001449585
2023-07-11 21:18:22.251986 - Epoc #	2380	 9.06010103225708
2023-07-11 21:18:31.318533 - Epoc #	2390	 9.06654691696167
2023-07-11 21:18:40.800267 - Epoc #	2400	 9.481734037399292
2023-07-11 21:18:49.943514 - Epoc #	2410	 9.143247127532959
2023-07-11 21:18:58.918526 - Epoc #	2420	 8.975011825561523
2023-07-11 21:19:07.848242 - Epoc #	2430	 8.929716110229492
2023-07-11 21:19:16.744668 - Epoc #	2440	 8.89642596244812
2023-07-11 21:19:25.444165 - Epoc #	2450	 8.699496984481812
2023-07-11 21:19:34.318454 - Epoc #	2460	 8.87428903579712
2023-07-11 21:19:43.610589 - Epoc #	2470	 9.292135000228882
2023-07-11 21:19:53.312113 - Epoc #	2480	 9.701524019241333
2023-07-11 21:20:02.394788 - Epoc #	2490	 9.082674980163574
2023-07-11 21:20:11.603029 - Epoc #	2500	 9.208240985870361
2023-07-11 21:20:20.839840 - Epoc #	2510	 9.23681092262268
2023-07-11 21:20:30.033097 - Epoc #	2520	 9.193257093429565
2023-07-11 21:20:39.075100 - Epoc #	2530	 9.04200291633606
2023-07-11 21:20:48.133613 - Epoc #	2540	 9.058513164520264
2023-07-11 21:20:56.976373 - Epoc #	2550	 8.842759847640991
2023-07-11 21:21:06.096209 - Epoc #	2560	 9.11983609199524
2023-07-11 21:21:15.248357 - Epoc #	2570	 9.152148008346558
2023-07-11 21:21:24.316726 - Epoc #	2580	 9.068368911743164
2023-07-11 21:21:33.605392 - Epoc #	2590	 9.288666009902954
2023-07-11 21:21:42.586466 - Epoc #	2600	 8.981074094772339
2023-07-11 21:21:51.730381 - Epoc #	2610	 9.143914937973022
2023-07-11 21:22:00.697151 - Epoc #	2620	 8.966769933700562
2023-07-11 21:22:10.254920 - Epoc #	2630	 9.557769060134888
2023-07-11 21:22:19.812300 - Epoc #	2640	 9.557379961013794
2023-07-11 21:22:28.838414 - Epoc #	2650	 9.026113986968994
2023-07-11 21:22:37.993399 - Epoc #	2660	 9.154984951019287
2023-07-11 21:22:46.797306 - Epoc #	2670	 8.8039071559906
2023-07-11 21:22:55.990182 - Epoc #	2680	 9.192875862121582
2023-07-11 21:23:05.823475 - Epoc #	2690	 9.833292961120605
2023-07-11 21:23:15.192449 - Epoc #	2700	 9.368974208831787
2023-07-11 21:23:24.437381 - Epoc #	2710	 9.244931936264038
2023-07-11 21:23:33.470788 - Epoc #	2720	 9.033406972885132
2023-07-11 21:23:42.694954 - Epoc #	2730	 9.224165916442871
2023-07-11 21:23:51.975724 - Epoc #	2740	 9.280770063400269
2023-07-11 21:24:01.178551 - Epoc #	2750	 9.202826976776123
2023-07-11 21:24:10.682861 - Epoc #	2760	 9.504310131072998
2023-07-11 21:24:19.770587 - Epoc #	2770	 9.08772587776184
2023-07-11 21:24:28.809222 - Epoc #	2780	 9.038635015487671
2023-07-11 21:24:37.997170 - Epoc #	2790	 9.187947988510132
2023-07-11 21:24:47.531852 - Epoc #	2800	 9.534682035446167
2023-07-11 21:24:57.225991 - Epoc #	2810	 9.694139003753662
2023-07-11 21:25:06.125348 - Epoc #	2820	 8.899357080459595
2023-07-11 21:25:15.368763 - Epoc #	2830	 9.243414878845215
2023-07-11 21:25:24.544979 - Epoc #	2840	 9.176216125488281
2023-07-11 21:25:33.303085 - Epoc #	2850	 8.758105993270874
2023-07-11 21:25:42.397792 - Epoc #	2860	 9.094707012176514
2023-07-11 21:25:51.286149 - Epoc #	2870	 8.888356924057007
2023-07-11 21:26:00.285281 - Epoc #	2880	 8.999131917953491
2023-07-11 21:26:09.315058 - Epoc #	2890	 9.02977705001831
2023-07-11 21:26:18.410366 - Epoc #	2900	 9.095308065414429
2023-07-11 21:26:27.314902 - Epoc #	2910	 8.904536008834839
2023-07-11 21:26:36.825817 - Epoc #	2920	 9.510915040969849
2023-07-11 21:26:45.846430 - Epoc #	2930	 9.020612955093384
2023-07-11 21:26:55.085282 - Epoc #	2940	 9.23885202407837
2023-07-11 21:27:03.988137 - Epoc #	2950	 8.902854919433594
2023-07-11 21:27:12.952246 - Epoc #	2960	 8.964108943939209
2023-07-11 21:27:21.461414 - Epoc #	2970	 8.509168148040771
2023-07-11 21:27:30.891481 - Epoc #	2980	 9.43006682395935
2023-07-11 21:27:39.797519 - Epoc #	2990	 8.906038045883179
2023-07-11 21:27:49.058226 - Epoc #	3000	 9.260707139968872
2023-07-11 21:27:58.095259 - Epoc #	3010	 9.037032842636108
2023-07-11 21:28:07.299741 - Epoc #	3020	 9.204482078552246
2023-07-11 21:28:16.750576 - Epoc #	3030	 9.45083498954773
2023-07-11 21:28:25.495430 - Epoc #	3040	 8.744853973388672
2023-07-11 21:28:34.865053 - Epoc #	3050	 9.369622945785522
2023-07-11 21:28:44.657182 - Epoc #	3060	 9.792129039764404
2023-07-11 21:28:54.001696 - Epoc #	3070	 9.34451413154602
2023-07-11 21:29:03.694886 - Epoc #	3080	 9.693189859390259
2023-07-11 21:29:12.385874 - Epoc #	3090	 8.690988063812256
2023-07-11 21:29:21.379854 - Epoc #	3100	 8.993979930877686
2023-07-11 21:29:30.847927 - Epoc #	3110	 9.46807312965393
2023-07-11 21:29:40.325818 - Epoc #	3120	 9.477890968322754
2023-07-11 21:29:49.988038 - Epoc #	3130	 9.662220001220703
2023-07-11 21:29:59.629028 - Epoc #	3140	 9.640990018844604
2023-07-11 21:30:08.789803 - Epoc #	3150	 9.160774946212769
2023-07-11 21:30:17.964836 - Epoc #	3160	 9.1750328540802
2023-07-11 21:30:27.146097 - Epoc #	3170	 9.18126106262207
2023-07-11 21:30:36.898954 - Epoc #	3180	 9.752856969833374
2023-07-11 21:30:46.843108 - Epoc #	3190	 9.944154024124146
2023-07-11 21:30:56.113171 - Epoc #	3200	 9.270063161849976
2023-07-11 21:31:06.273523 - Epoc #	3210	 10.160351991653442
2023-07-11 21:31:15.376830 - Epoc #	3220	 9.103307008743286
2023-07-11 21:31:24.741655 - Epoc #	3230	 9.364825010299683
2023-07-11 21:31:33.917986 - Epoc #	3240	 9.176330804824829
2023-07-11 21:31:43.349885 - Epoc #	3250	 9.431899070739746
2023-07-11 21:31:52.533126 - Epoc #	3260	 9.183241128921509
2023-07-11 21:32:01.640241 - Epoc #	3270	 9.107114791870117
2023-07-11 21:32:11.411854 - Epoc #	3280	 9.771613121032715
2023-07-11 21:32:20.521868 - Epoc #	3290	 9.110013961791992
2023-07-11 21:32:29.845974 - Epoc #	3300	 9.324105978012085
2023-07-11 21:32:39.136572 - Epoc #	3310	 9.290597915649414
2023-07-11 21:32:48.700323 - Epoc #	3320	 9.563751220703125
2023-07-11 21:32:57.655633 - Epoc #	3330	 8.955309867858887
2023-07-11 21:33:06.824753 - Epoc #	3340	 9.169120073318481
2023-07-11 21:33:07.730169 - Time between reward step: #	3056.1714701652527
2023-07-11 21:33:07.730169 - Average Score: 15.00 Elapsed time: 0:50:58.262086
2023-07-11 21:33:16.766593 - Epoc #	3350	 9.941839933395386
2023-07-11 21:33:26.549678 - Epoc #	3360	 9.783085107803345
2023-07-11 21:33:36.849346 - Epoc #	3370	 10.299667835235596
2023-07-11 21:33:46.201634 - Epoc #	3380	 9.352288007736206
2023-07-11 21:33:55.719296 - Epoc #	3390	 9.517662048339844
2023-07-11 21:33:56.749614 - Time between reward step: #	3105.190915107727
2023-07-11 21:33:56.749614 - Average Score: 16.00 Elapsed time: 0:51:47.274122
2023-07-11 21:34:00.515743 - Time between reward step: #	3108.9570441246033
2023-07-11 21:34:00.515743 - Average Score: 17.00 Elapsed time: 0:51:51.050631
2023-07-11 21:34:02.432255 - Time between reward step: #	3110.873556137085
2023-07-11 21:34:02.432255 - Average Score: 18.00 Elapsed time: 0:51:52.968311
2023-07-11 21:34:05.023953 - Epoc #	3400	 9.304656982421875
2023-07-11 21:34:14.084334 - Epoc #	3410	 9.060380935668945
2023-07-11 21:34:22.807799 - Epoc #	3420	 8.723465204238892
2023-07-11 21:34:31.690226 - Epoc #	3430	 8.882426977157593
2023-07-11 21:34:40.731318 - Epoc #	3440	 9.041091918945312
2023-07-11 21:34:49.910863 - Epoc #	3450	 9.179544925689697
2023-07-11 21:34:58.825245 - Epoc #	3460	 8.914381980895996
2023-07-11 21:35:09.047242 - Epoc #	3470	 10.221997022628784
2023-07-11 21:35:17.858658 - Epoc #	3480	 8.811416149139404
2023-07-11 21:35:27.116051 - Epoc #	3490	 9.257392883300781
2023-07-11 21:35:36.509270 - Epoc #	3500	 9.393218994140625
2023-07-11 21:35:45.769101 - Epoc #	3510	 9.259830951690674
2023-07-11 21:35:54.875677 - Epoc #	3520	 9.106576204299927
2023-07-11 21:36:05.319338 - Epoc #	3530	 10.443660974502563
2023-07-11 21:36:14.962387 - Epoc #	3540	 9.643049001693726
2023-07-11 21:36:24.644992 - Epoc #	3550	 9.682605028152466
2023-07-11 21:36:33.825364 - Epoc #	3560	 9.1803719997406
2023-07-11 21:36:42.693586 - Epoc #	3570	 8.868221998214722
2023-07-11 21:36:52.705239 - Epoc #	3580	 10.011652946472168
2023-07-11 21:37:02.433224 - Epoc #	3590	 9.72798490524292
2023-07-11 21:37:11.560447 - Epoc #	3600	 9.127223014831543
2023-07-11 21:37:21.076317 - Epoc #	3610	 9.515870094299316
2023-07-11 21:37:30.913827 - Epoc #	3620	 9.837509870529175
2023-07-11 21:37:40.337167 - Epoc #	3630	 9.423340082168579
2023-07-11 21:37:49.147177 - Epoc #	3640	 8.810009956359863
2023-07-11 21:37:58.696954 - Epoc #	3650	 9.549777030944824
2023-07-11 21:38:09.135662 - Epoc #	3660	 10.438708066940308
2023-07-11 21:38:19.001588 - Epoc #	3670	 9.865926027297974
2023-07-11 21:38:28.158397 - Epoc #	3680	 9.156808853149414
2023-07-11 21:38:37.202974 - Epoc #	3690	 9.04457712173462
2023-07-11 21:38:46.720698 - Epoc #	3700	 9.51772403717041
2023-07-11 21:38:56.471196 - Epoc #	3710	 9.750497817993164
2023-07-11 21:39:05.537056 - Epoc #	3720	 9.065860033035278
2023-07-11 21:39:15.023504 - Epoc #	3730	 9.486448049545288
2023-07-11 21:39:23.980684 - Epoc #	3740	 8.95718002319336
2023-07-11 21:39:33.370050 - Epoc #	3750	 9.389365911483765
2023-07-11 21:39:42.417855 - Epoc #	3760	 9.047805070877075
2023-07-11 21:39:51.129396 - Epoc #	3770	 8.711540937423706
2023-07-11 21:39:59.991442 - Epoc #	3780	 8.862046003341675
2023-07-11 21:40:09.368064 - Epoc #	3790	 9.376621961593628
2023-07-11 21:40:19.203098 - Epoc #	3800	 9.835034132003784
2023-07-11 21:40:28.351194 - Epoc #	3810	 9.148095846176147
2023-07-11 21:40:37.341647 - Epoc #	3820	 8.990453004837036
2023-07-11 21:40:46.750861 - Epoc #	3830	 9.40921401977539
2023-07-11 21:40:56.342643 - Epoc #	3840	 9.591782093048096
2023-07-11 21:41:05.747399 - Epoc #	3850	 9.40475606918335
2023-07-11 21:41:15.985974 - Epoc #	3860	 10.238574981689453
2023-07-11 21:41:25.045919 - Epoc #	3870	 9.059944868087769
2023-07-11 21:41:34.489715 - Epoc #	3880	 9.443796157836914
2023-07-11 21:41:44.458139 - Epoc #	3890	 9.968423843383789
2023-07-11 21:41:54.447011 - Epoc #	3900	 9.988872051239014
2023-07-11 21:42:04.059091 - Epoc #	3910	 9.612080097198486
2023-07-11 21:42:13.401892 - Epoc #	3920	 9.342800855636597
2023-07-11 21:42:22.978252 - Epoc #	3930	 9.576359987258911
2023-07-11 21:42:32.293193 - Epoc #	3940	 9.314941167831421
2023-07-11 21:42:42.106289 - Epoc #	3950	 9.813095808029175
2023-07-11 21:42:51.286676 - Epoc #	3960	 9.180387020111084
2023-07-11 21:43:00.382695 - Epoc #	3970	 9.09601902961731
2023-07-11 21:43:09.446093 - Epoc #	3980	 9.063398122787476
2023-07-11 21:43:18.492845 - Epoc #	3990	 9.046751976013184
2023-07-11 21:43:27.680118 - Epoc #	4000	 9.187273025512695
2023-07-11 21:43:36.601722 - Epoc #	4010	 8.921603918075562
2023-07-11 21:43:46.035753 - Epoc #	4020	 9.434031009674072
2023-07-11 21:43:55.746977 - Epoc #	4030	 9.71122407913208
2023-07-11 21:44:04.720623 - Epoc #	4040	 8.97364592552185
2023-07-11 21:44:13.988167 - Epoc #	4050	 9.267544031143188
2023-07-11 21:44:23.076851 - Epoc #	4060	 9.088683843612671
2023-07-11 21:44:32.840511 - Epoc #	4070	 9.763660192489624
2023-07-11 21:44:42.542005 - Epoc #	4080	 9.701493978500366
2023-07-11 21:44:51.894634 - Epoc #	4090	 9.352628946304321
2023-07-11 21:45:01.224430 - Epoc #	4100	 9.329796075820923
2023-07-11 21:45:10.520841 - Epoc #	4110	 9.29641079902649
2023-07-11 21:45:20.513378 - Epoc #	4120	 9.992537021636963
2023-07-11 21:45:30.197856 - Epoc #	4130	 9.684478044509888
2023-07-11 21:45:39.311109 - Epoc #	4140	 9.113253116607666
2023-07-11 21:45:48.431310 - Epoc #	4150	 9.120200872421265
2023-07-11 21:45:57.777934 - Epoc #	4160	 9.34662413597107
2023-07-11 21:46:06.694492 - Epoc #	4170	 8.916558027267456
2023-07-11 21:46:15.781775 - Epoc #	4180	 9.08728289604187
2023-07-11 21:46:25.141824 - Epoc #	4190	 9.36004900932312
2023-07-11 21:46:34.277729 - Epoc #	4200	 9.135905027389526
2023-07-11 21:46:43.613997 - Epoc #	4210	 9.336267948150635
2023-07-11 21:46:52.771272 - Epoc #	4220	 9.157274961471558
2023-07-11 21:47:01.866532 - Epoc #	4230	 9.09526014328003
2023-07-11 21:47:11.447171 - Epoc #	4240	 9.580638885498047
2023-07-11 21:47:20.530984 - Epoc #	4250	 9.083812952041626
2023-07-11 21:47:29.606171 - Epoc #	4260	 9.075186967849731
2023-07-11 21:47:38.929248 - Epoc #	4270	 9.323077201843262
2023-07-11 21:47:48.059669 - Epoc #	4280	 9.130420923233032
2023-07-11 21:47:57.379789 - Epoc #	4290	 9.320120096206665
2023-07-11 21:48:06.733355 - Epoc #	4300	 9.35356593132019
2023-07-11 21:48:16.220114 - Epoc #	4310	 9.486758947372437
2023-07-11 21:48:25.489573 - Epoc #	4320	 9.269459009170532
2023-07-11 21:48:34.741412 - Epoc #	4330	 9.25183892250061
2023-07-11 21:48:44.028651 - Epoc #	4340	 9.271610975265503
2023-07-11 21:48:54.490239 - Epoc #	4350	 10.461587905883789
2023-07-11 21:49:04.001133 - Epoc #	4360	 9.510894060134888
2023-07-11 21:49:13.528829 - Epoc #	4370	 9.527696132659912
2023-07-11 21:49:23.207546 - Epoc #	4380	 9.678716897964478
2023-07-11 21:49:32.762518 - Epoc #	4390	 9.554971933364868
2023-07-11 21:49:41.849538 - Epoc #	4400	 9.0870201587677
2023-07-11 21:49:50.894576 - Epoc #	4410	 9.045037984848022
2023-07-11 21:50:00.105361 - Epoc #	4420	 9.210784912109375
2023-07-11 21:50:09.370747 - Epoc #	4430	 9.26538610458374
2023-07-11 21:50:18.476731 - Epoc #	4440	 9.105983972549438
2023-07-11 21:50:28.181843 - Epoc #	4450	 9.705111980438232
2023-07-11 21:50:37.806851 - Epoc #	4460	 9.62500786781311
2023-07-11 21:50:40.672516 - Time between reward step: #	4109.113817214966
2023-07-11 21:50:40.672516 - Average Score: 19.00 Elapsed time: 1:08:31.201268
2023-07-11 21:50:46.753574 - Time between reward step: #	4115.194875001907
2023-07-11 21:50:46.753574 - Average Score: 20.00 Elapsed time: 1:08:37.279804
2023-07-11 21:50:47.638299 - Epoc #	4470	 9.831448078155518
2023-07-11 21:50:56.872285 - Epoc #	4480	 9.233985900878906
2023-07-11 21:51:06.192665 - Epoc #	4490	 9.320380210876465
2023-07-11 21:51:15.477322 - Epoc #	4500	 9.284657001495361
2023-07-11 21:51:24.566122 - Epoc #	4510	 9.088799953460693
2023-07-11 21:51:33.536069 - Epoc #	4520	 8.96994686126709
2023-07-11 21:51:42.787082 - Epoc #	4530	 9.251013040542603
2023-07-11 21:51:52.351631 - Epoc #	4540	 9.564548969268799
2023-07-11 21:52:02.029860 - Epoc #	4550	 9.678229093551636
2023-07-11 21:52:11.570877 - Epoc #	4560	 9.541017055511475
2023-07-11 21:52:20.674216 - Epoc #	4570	 9.103338956832886
2023-07-11 21:52:29.933560 - Epoc #	4580	 9.25934386253357
2023-07-11 21:52:39.231759 - Epoc #	4590	 9.29819917678833
2023-07-11 21:52:48.675826 - Epoc #	4600	 9.444067001342773
2023-07-11 21:52:57.616656 - Epoc #	4610	 8.940829992294312
2023-07-11 21:53:06.877943 - Epoc #	4620	 9.261286973953247
2023-07-11 21:53:15.917843 - Epoc #	4630	 9.039900064468384
2023-07-11 21:53:25.516898 - Epoc #	4640	 9.59905481338501
2023-07-11 21:53:34.667901 - Epoc #	4650	 9.151003122329712
2023-07-11 21:53:44.135141 - Epoc #	4660	 9.46723985671997
2023-07-11 21:53:53.754363 - Epoc #	4670	 9.619222164154053
2023-07-11 21:54:04.180881 - Epoc #	4680	 10.426517963409424
2023-07-11 21:54:13.800840 - Epoc #	4690	 9.619958877563477
2023-07-11 21:54:26.046198 - Epoc #	4700	 12.245357990264893
2023-07-11 21:54:43.813303 - Epoc #	4710	 17.767105102539062
2023-07-11 21:55:00.590761 - Epoc #	4720	 16.77745795249939
2023-07-11 21:55:16.825126 - Epoc #	4730	 16.234364986419678
2023-07-11 21:55:33.793899 - Epoc #	4740	 16.968773126602173
2023-07-11 21:55:51.028234 - Epoc #	4750	 17.23433494567871
2023-07-11 21:56:08.153069 - Epoc #	4760	 17.12483501434326
2023-07-11 21:56:24.371831 - Epoc #	4770	 16.218761920928955
2023-07-11 21:56:40.981193 - Epoc #	4780	 16.60936212539673
2023-07-11 21:56:56.481190 - Epoc #	4790	 15.499996900558472
2023-07-11 21:57:13.434333 - Epoc #	4800	 16.95314311981201
2023-07-11 21:57:29.418693 - Epoc #	4810	 15.984359979629517
2023-07-11 21:57:46.465566 - Epoc #	4820	 17.046872854232788
2023-07-11 21:58:02.575463 - Epoc #	4830	 16.109897136688232
2023-07-11 21:58:18.796307 - Epoc #	4840	 16.22084403038025
2023-07-11 21:58:35.874459 - Epoc #	4850	 17.07815194129944
2023-07-11 21:58:51.578143 - Epoc #	4860	 15.703683853149414
2023-07-11 21:59:08.563536 - Epoc #	4870	 16.985393047332764
2023-07-11 21:59:25.220203 - Epoc #	4880	 16.65666699409485
2023-07-11 21:59:42.175894 - Epoc #	4890	 16.95569109916687
2023-07-11 21:59:58.271307 - Epoc #	4900	 16.095412969589233
2023-07-11 22:00:15.771239 - Epoc #	4910	 17.499932050704956
2023-07-11 22:00:31.865049 - Epoc #	4920	 16.093809843063354
2023-07-11 22:00:47.911924 - Epoc #	4930	 16.046875
2023-07-11 22:01:04.521331 - Epoc #	4940	 16.60940718650818
2023-07-11 22:01:20.849428 - Epoc #	4950	 16.328096866607666
2023-07-11 22:01:37.880668 - Epoc #	4960	 17.031239986419678
2023-07-11 22:01:49.146302 - Time between reward step: #	4777.587603092194
2023-07-11 22:01:49.146302 - Average Score: 21.00 Elapsed time: 1:19:39.676143
2023-07-11 22:01:53.974423 - Epoc #	4970	 16.09375500679016
2023-07-11 22:01:59.536936 - Time between reward step: #	4787.9782371521
2023-07-11 22:01:59.536936 - Average Score: 22.00 Elapsed time: 1:19:50.066729
2023-07-11 22:02:10.396297 - Epoc #	4980	 16.421874046325684
2023-07-11 22:02:27.068079 - Epoc #	4990	 16.67178201675415
2023-07-11 22:02:45.208756 - Epoc #	5000	 18.140676975250244
2023-07-11 22:02:58.708681 - Time between reward step: #	4847.149982213974
2023-07-11 22:02:58.708681 - Average Score: 23.00 Elapsed time: 1:20:49.232906
2023-07-11 22:03:01.755552 - Epoc #	5010	 16.546796083450317
2023-07-11 22:03:17.864928 - Epoc #	5020	 16.109375953674316
2023-07-11 22:03:33.739940 - Epoc #	5030	 15.875011920928955
2023-07-11 22:03:49.099245 - Epoc #	5040	 15.359305143356323
2023-07-11 22:04:05.677427 - Epoc #	5050	 16.578181982040405
2023-07-11 22:04:21.786812 - Epoc #	5060	 16.109385013580322
2023-07-11 22:04:38.068061 - Epoc #	5070	 16.281249046325684
2023-07-11 22:04:54.397153 - Epoc #	5080	 16.329091787338257
2023-07-11 22:05:10.397390 - Epoc #	5090	 16.000236988067627
2023-07-11 22:05:26.084898 - Epoc #	5100	 15.68750810623169
2023-07-11 22:05:42.007312 - Epoc #	5110	 15.922414064407349
2023-07-11 22:06:00.585392 - Epoc #	5120	 18.57807993888855
2023-07-11 22:06:16.804623 - Epoc #	5130	 16.219230890274048
2023-07-11 22:06:32.961579 - Epoc #	5140	 16.1569561958313
2023-07-11 22:06:50.009477 - Epoc #	5150	 17.047897815704346
2023-07-11 22:07:07.281699 - Epoc #	5160	 17.27222204208374
2023-07-11 22:07:25.081745 - Epoc #	5170	 17.80004596710205
2023-07-11 22:07:41.222606 - Epoc #	5180	 16.14086103439331
2023-07-11 22:07:58.066867 - Epoc #	5190	 16.844261169433594
2023-07-11 22:08:14.832537 - Epoc #	5200	 16.76566982269287
2023-07-11 22:08:32.957530 - Epoc #	5210	 18.124993085861206
2023-07-11 22:08:48.551254 - Epoc #	5220	 15.593724012374878
2023-07-11 22:09:04.301255 - Epoc #	5230	 15.750000953674316
2023-07-11 22:09:20.318386 - Epoc #	5240	 16.017131090164185
2023-07-11 22:09:35.896513 - Epoc #	5250	 15.578126907348633
2023-07-11 22:09:51.943379 - Epoc #	5260	 16.046865940093994
2023-07-11 22:10:07.943360 - Epoc #	5270	 15.999981164932251
2023-07-11 22:10:23.396509 - Epoc #	5280	 15.45314884185791
2023-07-11 22:10:39.427759 - Epoc #	5290	 16.03125
2023-07-11 22:10:55.537137 - Epoc #	5300	 16.10937809944153
2023-07-11 22:11:11.865265 - Epoc #	5310	 16.32812786102295
2023-07-11 22:11:27.849649 - Epoc #	5320	 15.984384059906006
2023-07-11 22:11:44.053102 - Epoc #	5330	 16.203453063964844
2023-07-11 22:12:00.912917 - Epoc #	5340	 16.859814882278442
2023-07-11 22:12:18.647309 - Epoc #	5350	 17.734392166137695
2023-07-11 22:12:34.006654 - Epoc #	5360	 15.359344959259033
2023-07-11 22:12:49.570015 - Epoc #	5370	 15.563360929489136
2023-07-11 22:13:05.694996 - Epoc #	5380	 16.12498116493225
2023-07-11 22:13:21.538748 - Epoc #	5390	 15.843751907348633
2023-07-11 22:13:37.477062 - Epoc #	5400	 15.938313961029053
2023-07-11 22:13:53.587236 - Epoc #	5410	 16.11017394065857
2023-07-11 22:14:10.305990 - Epoc #	5420	 16.718754053115845
2023-07-11 22:14:26.071947 - Epoc #	5430	 15.765957117080688
2023-07-11 22:14:42.165703 - Epoc #	5440	 16.093755960464478
2023-07-11 22:15:00.041551 - Epoc #	5450	 17.875848054885864
2023-07-11 22:15:16.479060 - Epoc #	5460	 16.437508821487427
2023-07-11 22:15:34.386976 - Epoc #	5470	 17.90791606903076
2023-07-11 22:15:50.935099 - Epoc #	5480	 16.548122882843018
2023-07-11 22:16:07.311241 - Epoc #	5490	 16.376142024993896
2023-07-11 22:16:24.717523 - Epoc #	5500	 17.40628218650818
2023-07-11 22:16:40.998770 - Epoc #	5510	 16.28124690055847
2023-07-11 22:16:56.764402 - Epoc #	5520	 15.765631914138794
2023-07-11 22:17:13.014412 - Epoc #	5530	 16.250010013580322
2023-07-11 22:17:29.483151 - Epoc #	5540	 16.46873903274536
2023-07-11 22:17:45.326895 - Epoc #	5550	 15.843744039535522
2023-07-11 22:18:01.498774 - Epoc #	5560	 16.171879053115845
2023-07-11 22:18:17.186273 - Epoc #	5570	 15.687499046325684
2023-07-11 22:18:34.718098 - Epoc #	5580	 17.531824827194214
2023-07-11 22:18:50.639969 - Epoc #	5590	 15.921871185302734
2023-07-11 22:19:06.624350 - Epoc #	5600	 15.984380960464478
2023-07-11 22:19:22.671220 - Epoc #	5610	 16.04686999320984
2023-07-11 22:19:38.624347 - Epoc #	5620	 15.953126907348633
2023-07-11 22:19:55.109749 - Epoc #	5630	 16.48540210723877
2023-07-11 22:20:11.297241 - Epoc #	5640	 16.18749189376831
2023-07-11 22:20:28.063291 - Epoc #	5650	 16.766050100326538
2023-07-11 22:20:44.641775 - Epoc #	5660	 16.578483819961548
2023-07-11 22:21:00.141786 - Epoc #	5670	 15.500011205673218
2023-07-11 22:21:16.969911 - Epoc #	5680	 16.828125
2023-07-11 22:21:33.267681 - Epoc #	5690	 16.297769784927368
2023-07-11 22:21:49.862291 - Epoc #	5700	 16.5946102142334
2023-07-11 22:22:06.190419 - Epoc #	5710	 16.32812786102295
2023-07-11 22:22:21.784178 - Epoc #	5720	 15.593759059906006
2023-07-11 22:22:37.456282 - Epoc #	5730	 15.672103881835938
2023-07-11 22:22:54.753085 - Epoc #	5740	 17.29680299758911
2023-07-11 22:23:11.160000 - Epoc #	5750	 16.406915187835693
2023-07-11 22:23:27.253759 - Epoc #	5760	 16.093758821487427
2023-07-11 22:23:43.676360 - Epoc #	5770	 16.422600984573364
2023-07-11 22:24:01.270691 - Epoc #	5780	 17.59433102607727
2023-07-11 22:24:17.849521 - Epoc #	5790	 16.578830003738403
2023-07-11 22:24:33.960189 - Epoc #	5800	 16.110668182373047
2023-07-11 22:24:49.928943 - Epoc #	5810	 15.968753814697266
2023-07-11 22:25:06.491451 - Epoc #	5820	 16.56250810623169
2023-07-11 22:25:22.116444 - Epoc #	5830	 15.624993085861206
2023-07-11 22:25:38.100809 - Epoc #	5840	 15.984364986419678
2023-07-11 22:25:53.960163 - Epoc #	5850	 15.859354019165039
2023-07-11 22:26:09.960760 - Epoc #	5860	 16.00059700012207
2023-07-11 22:26:26.227011 - Epoc #	5870	 16.26625084877014
2023-07-11 22:26:41.820830 - Epoc #	5880	 15.59381914138794
2023-07-11 22:26:58.712592 - Epoc #	5890	 16.891761779785156
2023-07-11 22:27:14.447112 - Epoc #	5900	 15.734520196914673
2023-07-11 22:27:30.603366 - Epoc #	5910	 16.156253814697266
2023-07-11 22:27:46.775356 - Epoc #	5920	 16.171990156173706
2023-07-11 22:28:03.181536 - Epoc #	5930	 16.406179904937744
2023-07-11 22:28:19.150352 - Epoc #	5940	 15.968816041946411
2023-07-11 22:28:35.275361 - Epoc #	5950	 16.125009059906006
2023-07-11 22:28:51.464967 - Epoc #	5960	 16.189605951309204
2023-07-11 22:29:08.655350 - Epoc #	5970	 17.190382957458496
2023-07-11 22:29:24.750090 - Epoc #	5980	 16.09473991394043
2023-07-11 22:29:40.329128 - Epoc #	5990	 15.579038143157959
2023-07-11 22:29:55.642455 - Epoc #	6000	 15.313327074050903
2023-07-11 22:30:11.798704 - Epoc #	6010	 16.156248807907104
2023-07-11 22:30:27.736201 - Epoc #	6020	 15.93749713897705
2023-07-11 22:30:43.798933 - Epoc #	6030	 16.062731981277466
2023-07-11 22:30:59.814930 - Epoc #	6040	 16.0159969329834
2023-07-11 22:31:16.549298 - Epoc #	6050	 16.734368085861206
2023-07-11 22:31:32.643065 - Epoc #	6060	 16.093766927719116
2023-07-11 22:31:48.628239 - Epoc #	6070	 15.98517394065857
2023-07-11 22:32:04.050858 - Epoc #	6080	 15.422619104385376
2023-07-11 22:32:19.957046 - Epoc #	6090	 15.906188011169434
2023-07-11 22:32:35.753972 - Epoc #	6100	 15.796926021575928
2023-07-11 22:32:51.675847 - Epoc #	6110	 15.921875
2023-07-11 22:33:08.003895 - Epoc #	6120	 16.32804799079895
2023-07-11 22:33:25.597726 - Epoc #	6130	 17.593831062316895
2023-07-11 22:33:41.847722 - Epoc #	6140	 16.249995946884155
2023-07-11 22:33:57.410228 - Epoc #	6150	 15.562505960464478
2023-07-11 22:34:14.363351 - Epoc #	6160	 16.953123092651367
2023-07-11 22:34:30.082103 - Epoc #	6170	 15.718751907348633
2023-07-11 22:34:47.286104 - Epoc #	6180	 17.20400094985962
2023-07-11 22:35:03.457292 - Epoc #	6190	 16.17118811607361
2023-07-11 22:35:19.019711 - Epoc #	6200	 15.562418937683105
2023-07-11 22:35:34.863539 - Epoc #	6210	 15.843827962875366
2023-07-11 22:35:51.520249 - Epoc #	6220	 16.656709909439087
2023-07-11 22:36:08.879611 - Epoc #	6230	 17.35936212539673
2023-07-11 22:36:24.832729 - Epoc #	6240	 15.953118085861206
2023-07-11 22:36:40.973339 - Epoc #	6250	 16.140609979629517
2023-07-11 22:36:59.343188 - Epoc #	6260	 18.36984896659851
2023-07-11 22:37:16.171844 - Epoc #	6270	 16.82865595817566
2023-07-11 22:37:33.563506 - Epoc #	6280	 17.391661882400513
2023-07-11 22:37:49.173120 - Epoc #	6290	 15.609614133834839
2023-07-11 22:38:05.564000 - Epoc #	6300	 16.39087986946106
2023-07-11 22:38:21.907771 - Epoc #	6310	 16.34377121925354
2023-07-11 22:38:37.501856 - Epoc #	6320	 15.594084978103638
2023-07-11 22:38:54.862541 - Epoc #	6330	 17.360684871673584
2023-07-11 22:39:11.066466 - Epoc #	6340	 16.203925132751465
2023-07-11 22:39:26.612355 - Epoc #	6350	 15.545888900756836
2023-07-11 22:39:43.107415 - Epoc #	6360	 16.495059967041016
2023-07-11 22:39:58.969513 - Epoc #	6370	 15.862097978591919
2023-07-11 22:40:14.938138 - Epoc #	6380	 15.96862506866455
2023-07-11 22:40:30.797593 - Epoc #	6390	 15.859455108642578
2023-07-11 22:40:46.266345 - Epoc #	6400	 15.468751907348633
2023-07-11 22:41:01.875721 - Epoc #	6410	 15.609375953674316
2023-07-11 22:41:20.016335 - Epoc #	6420	 18.14061403274536
2023-07-11 22:41:36.578831 - Epoc #	6430	 16.562495946884155
2023-07-11 22:41:52.563225 - Epoc #	6440	 15.984394073486328
2023-07-11 22:42:09.203869 - Epoc #	6450	 16.640644073486328
2023-07-11 22:42:24.641337 - Epoc #	6460	 15.437467813491821
2023-07-11 22:42:41.844460 - Epoc #	6470	 17.203123092651367
2023-07-11 22:42:57.391336 - Epoc #	6480	 15.546875953674316
2023-07-11 22:43:14.782360 - Epoc #	6490	 17.391024112701416
2023-07-11 22:43:31.157352 - Epoc #	6500	 16.37499189376831
2023-07-11 22:43:48.079263 - Epoc #	6510	 16.921911001205444
2023-07-11 22:43:54.532354 - Time between reward step: #	7302.973655223846
2023-07-11 22:43:54.532354 - Average Score: 24.00 Elapsed time: 2:01:45.059357
2023-07-11 22:44:05.079228 - Epoc #	6520	 16.999964952468872
2023-07-11 22:44:22.797955 - Epoc #	6530	 17.718727111816406
2023-07-11 22:44:39.297900 - Epoc #	6540	 16.499944925308228
2023-07-11 22:44:55.690254 - Epoc #	6550	 16.392354011535645
2023-07-11 22:45:11.830957 - Epoc #	6560	 16.140702962875366
2023-07-11 22:45:28.956154 - Epoc #	6570	 17.125197172164917
2023-07-11 22:45:47.033539 - Epoc #	6580	 18.07738494873047
2023-07-11 22:46:03.863428 - Epoc #	6590	 16.829889059066772
2023-07-11 22:46:20.925956 - Epoc #	6600	 17.062527894973755
2023-07-11 22:46:36.693004 - Epoc #	6610	 15.767047882080078
2023-07-11 22:46:54.490892 - Epoc #	6620	 17.797888040542603
2023-07-11 22:47:11.303806 - Epoc #	6630	 16.8129141330719
2023-07-11 22:47:27.194612 - Epoc #	6640	 15.890805959701538
2023-07-11 22:47:44.289199 - Epoc #	6650	 17.094587087631226
2023-07-11 22:48:00.618174 - Epoc #	6660	 16.328974962234497
2023-07-11 22:48:16.852629 - Epoc #	6670	 16.234454870224
2023-07-11 22:48:32.884909 - Epoc #	6680	 16.03227996826172
2023-07-11 22:48:50.384920 - Epoc #	6690	 17.50001096725464
2023-07-11 22:49:06.666161 - Epoc #	6700	 16.281241178512573
2023-07-11 22:49:23.056782 - Epoc #	6710	 16.390620946884155
2023-07-11 22:49:40.838034 - Epoc #	6720	 17.781251907348633
2023-07-11 22:49:57.922889 - Epoc #	6730	 17.08485507965088
2023-07-11 22:50:13.876015 - Epoc #	6740	 15.953125953674316
2023-07-11 22:50:29.985381 - Time between reward step: #	7698.426681995392
2023-07-11 22:50:29.985381 - Average Score: 25.00 Elapsed time: 2:08:20.509101
2023-07-11 22:50:31.485387 - Epoc #	6750	 17.60937213897705
2023-07-11 22:50:47.048073 - Epoc #	6760	 15.5626859664917
2023-07-11 22:51:03.735562 - Epoc #	6770	 16.68748903274536
2023-07-11 22:51:19.751579 - Epoc #	6780	 16.016016960144043
2023-07-11 22:51:31.439075 - Time between reward step: #	7759.88037610054
2023-07-11 22:51:31.439075 - Average Score: 26.00 Elapsed time: 2:09:21.966240
2023-07-11 22:51:34.704697 - Time between reward step: #	7763.145998001099
2023-07-11 22:51:34.704697 - Average Score: 27.00 Elapsed time: 2:09:25.231115
2023-07-11 22:51:36.329698 - Epoc #	6790	 16.578119039535522
2023-07-11 22:51:52.557597 - Epoc #	6800	 16.227898836135864
2023-07-11 22:52:08.573215 - Epoc #	6810	 16.015618085861206
2023-07-11 22:52:13.729475 - Time between reward step: #	7802.170776128769
2023-07-11 22:52:13.729475 - Average Score: 28.00 Elapsed time: 2:10:04.265361
2023-07-11 22:52:25.823200 - Epoc #	6820	 17.249984979629517
2023-07-11 22:52:42.573219 - Epoc #	6830	 16.750019073486328
2023-07-11 22:52:59.026344 - Epoc #	6840	 16.453125
2023-07-11 22:53:16.870284 - Epoc #	6850	 17.843940019607544
2023-07-11 22:53:32.620288 - Epoc #	6860	 15.750003814697266
2023-07-11 22:53:49.120805 - Epoc #	6870	 16.50051712989807
2023-07-11 22:54:05.027261 - Epoc #	6880	 15.906455993652344
2023-07-11 22:54:21.140852 - Epoc #	6890	 16.113590955734253
2023-07-11 22:54:36.811185 - Epoc #	6900	 15.670332908630371
2023-07-11 22:54:53.035212 - Epoc #	6910	 16.224027156829834
2023-07-11 22:55:09.162775 - Epoc #	6920	 16.127562999725342
2023-07-11 22:55:27.588630 - Epoc #	6930	 18.425854921340942
2023-07-11 22:55:43.155751 - Epoc #	6940	 15.567121028900146
2023-07-11 22:55:58.878696 - Epoc #	6950	 15.722944974899292
2023-07-11 22:56:14.773459 - Epoc #	6960	 15.894762992858887
2023-07-11 22:56:31.829715 - Epoc #	6970	 17.05625605583191
2023-07-11 22:56:48.196607 - Epoc #	6980	 16.366892099380493
2023-07-11 22:57:04.933370 - Epoc #	6990	 16.73676300048828
2023-07-11 22:57:21.855234 - Epoc #	7000	 16.921863794326782
2023-07-11 22:57:37.433422 - Epoc #	7010	 15.578188180923462
2023-07-11 22:57:53.934315 - Epoc #	7020	 16.500892877578735
2023-07-11 22:58:09.810400 - Epoc #	7030	 15.876085042953491
2023-07-11 22:58:26.560877 - Epoc #	7040	 16.750477075576782
2023-07-11 22:58:43.201663 - Epoc #	7050	 16.640785932540894
2023-07-11 22:58:59.031618 - Epoc #	7060	 15.829955101013184
2023-07-11 22:59:16.172761 - Epoc #	7070	 17.14114284515381
2023-07-11 22:59:32.047986 - Epoc #	7080	 15.875225067138672
2023-07-11 22:59:47.597367 - Epoc #	7090	 15.549381017684937
2023-07-11 23:00:03.348468 - Epoc #	7100	 15.751101016998291
2023-07-11 23:00:20.444044 - Epoc #	7110	 17.09557604789734
2023-07-11 23:00:36.556334 - Epoc #	7120	 16.112289905548096
2023-07-11 23:00:53.199543 - Epoc #	7130	 16.643208980560303
2023-07-11 23:01:10.106518 - Epoc #	7140	 16.906975030899048
2023-07-11 23:01:26.873488 - Epoc #	7150	 16.766969919204712
2023-07-11 23:01:43.172090 - Epoc #	7160	 16.29860210418701
2023-07-11 23:01:59.657453 - Epoc #	7170	 16.485363006591797
2023-07-11 23:02:15.720148 - Epoc #	7180	 16.062695026397705
2023-07-11 23:02:32.629427 - Epoc #	7190	 16.909278869628906
2023-07-11 23:02:49.336597 - Epoc #	7200	 16.707170009613037
2023-07-11 23:03:06.198013 - Epoc #	7210	 16.86141610145569
2023-07-11 23:03:22.997405 - Epoc #	7220	 16.799391984939575
2023-07-11 23:03:39.939004 - Epoc #	7230	 16.941598892211914
2023-07-11 23:03:56.660277 - Epoc #	7240	 16.721272945404053
2023-07-11 23:04:12.133052 - Time between reward step: #	8520.574353218079
2023-07-11 23:04:12.133052 - Average Score: 29.00 Elapsed time: 2:22:02.666596
2023-07-11 23:04:13.851796 - Epoc #	7250	 17.191519021987915
2023-07-11 23:04:17.148671 - Time between reward step: #	8525.589972019196
2023-07-11 23:04:17.148671 - Average Score: 30.00 Elapsed time: 2:22:07.683047
2023-07-11 23:04:30.619374 - Epoc #	7260	 16.767578125
2023-07-11 23:04:42.467228 - Time between reward step: #	8550.908529043198
2023-07-11 23:04:42.467228 - Average Score: 31.00 Elapsed time: 2:22:32.992125
2023-07-11 23:04:47.392658 - Epoc #	7270	 16.77328395843506
2023-07-11 23:04:50.940705 - Time between reward step: #	8559.382006168365
2023-07-11 23:04:50.940705 - Average Score: 32.00 Elapsed time: 2:22:41.466053
2023-07-11 23:04:52.769267 - Time between reward step: #	8561.210568189621
2023-07-11 23:04:52.769267 - Average Score: 33.00 Elapsed time: 2:22:43.295870
2023-07-11 23:05:04.582360 - Epoc #	7280	 17.189702033996582
2023-07-11 23:05:20.832361 - Epoc #	7290	 16.250000953674316
2023-07-11 23:05:36.785579 - Epoc #	7300	 15.95321798324585
2023-07-11 23:05:52.754309 - Epoc #	7310	 15.968729972839355
2023-07-11 23:06:10.035578 - Epoc #	7320	 17.281269073486328
2023-07-11 23:06:26.098035 - Epoc #	7330	 16.06245708465576
2023-07-11 23:06:42.629557 - Epoc #	7340	 16.531521797180176
2023-07-11 23:06:59.430827 - Epoc #	7350	 16.801270008087158
2023-07-11 23:07:16.149937 - Epoc #	7360	 16.719110012054443
2023-07-11 23:07:32.119068 - Epoc #	7370	 15.969130992889404
2023-07-11 23:07:49.744067 - Epoc #	7380	 17.624999046325684
2023-07-11 23:08:06.697197 - Epoc #	7390	 16.95313000679016
2023-07-11 23:08:22.994083 - Epoc #	7400	 16.29688596725464
2023-07-11 23:08:39.509863 - Epoc #	7410	 16.515779972076416
2023-07-11 23:08:56.119312 - Epoc #	7420	 16.6094491481781
2023-07-11 23:09:12.307640 - Epoc #	7430	 16.18832802772522
2023-07-11 23:09:28.901388 - Epoc #	7440	 16.593747854232788
2023-07-11 23:09:46.339149 - Epoc #	7450	 17.437761068344116
2023-07-11 23:10:02.854774 - Epoc #	7460	 16.515625
2023-07-11 23:10:19.058828 - Epoc #	7470	 16.20405411720276
2023-07-11 23:10:35.186281 - Epoc #	7480	 16.127452850341797
2023-07-11 23:10:51.233147 - Epoc #	7490	 16.046865940093994
2023-07-11 23:11:07.655025 - Epoc #	7500	 16.42187809944153
2023-07-11 23:11:24.389394 - Epoc #	7510	 16.734369039535522
2023-07-11 23:11:40.717460 - Epoc #	7520	 16.328065872192383
2023-07-11 23:11:58.078034 - Epoc #	7530	 17.3605740070343
2023-07-11 23:12:15.020360 - Epoc #	7540	 16.942326068878174
2023-07-11 23:12:31.917361 - Epoc #	7550	 16.897001028060913
2023-07-11 23:12:48.562081 - Epoc #	7560	 16.64472007751465
2023-07-11 23:13:05.096480 - Epoc #	7570	 16.534398794174194
2023-07-11 23:13:21.377658 - Epoc #	7580	 16.28117799758911
2023-07-11 23:13:38.721471 - Epoc #	7590	 17.343813180923462
2023-07-11 23:13:55.721470 - Epoc #	7600	 16.999999046325684
2023-07-11 23:14:12.424599 - Epoc #	7610	 16.703128814697266
2023-07-11 23:14:16.127738 - Time between reward step: #	9124.569039106369
2023-07-11 23:14:16.127738 - Average Score: 34.00 Elapsed time: 2:32:06.657556
2023-07-11 23:14:29.221479 - Epoc #	7620	 16.79688000679016
2023-07-11 23:14:46.315590 - Epoc #	7630	 17.09411096572876
2023-07-11 23:15:02.128086 - Epoc #	7640	 15.812496185302734
2023-07-11 23:15:18.596834 - Epoc #	7650	 16.468747854232788
2023-07-11 23:15:35.315590 - Epoc #	7660	 16.718755960464478
2023-07-11 23:15:45.581220 - Time between reward step: #	9214.022521018982
2023-07-11 23:15:45.581220 - Average Score: 35.00 Elapsed time: 2:33:36.105091
2023-07-11 23:15:49.159344 - Time between reward step: #	9217.600645065308
2023-07-11 23:15:49.159344 - Average Score: 36.00 Elapsed time: 2:33:39.695677
2023-07-11 23:15:51.018715 - Time between reward step: #	9219.460016012192
2023-07-11 23:15:51.018715 - Average Score: 37.00 Elapsed time: 2:33:41.554176
2023-07-11 23:15:52.831214 - Time between reward step: #	9221.272515058517
2023-07-11 23:15:52.831214 - Average Score: 38.00 Elapsed time: 2:33:43.362429
2023-07-11 23:15:52.831214 - Epoc #	7670	 17.515624046325684
2023-07-11 23:15:54.628086 - Time between reward step: #	9223.069387197495
2023-07-11 23:15:54.628086 - Average Score: 39.00 Elapsed time: 2:33:45.165133
2023-07-11 23:16:09.299934 - Epoc #	7680	 16.468719959259033
2023-07-11 23:16:25.768639 - Epoc #	7690	 16.46870517730713
2023-07-11 23:16:43.206699 - Epoc #	7700	 17.43805980682373
2023-07-11 23:17:01.472333 - Epoc #	7710	 18.265634059906006
2023-07-11 23:17:18.161492 - Epoc #	7720	 16.689159154891968
2023-07-11 23:17:35.661523 - Epoc #	7730	 17.500030994415283
2023-07-11 23:17:52.099811 - Epoc #	7740	 16.43828797340393
2023-07-11 23:18:08.443478 - Epoc #	7750	 16.343667030334473
2023-07-11 23:18:25.381062 - Epoc #	7760	 16.937583923339844
2023-07-11 23:18:42.038028 - Epoc #	7770	 16.656965970993042
2023-07-11 23:18:58.663801 - Epoc #	7780	 16.625772953033447
2023-07-11 23:19:15.304909 - Epoc #	7790	 16.64110803604126
2023-07-11 23:19:31.367545 - Epoc #	7800	 16.062635898590088
2023-07-11 23:19:47.322736 - Epoc #	7810	 15.955191135406494
2023-07-11 23:20:04.318012 - Epoc #	7820	 16.99527597427368
2023-07-11 23:20:21.974574 - Epoc #	7830	 17.656562089920044
2023-07-11 23:20:41.382557 - Epoc #	7840	 19.40798282623291
2023-07-11 23:21:00.070641 - Epoc #	7850	 18.6880841255188
2023-07-11 23:21:16.586275 - Epoc #	7860	 16.515634059906006
2023-07-11 23:21:33.133196 - Epoc #	7870	 16.546921014785767
2023-07-11 23:21:50.478112 - Epoc #	7880	 17.344915866851807
2023-07-11 23:22:07.056242 - Epoc #	7890	 16.57813000679016
2023-07-11 23:22:23.962494 - Epoc #	7900	 16.906251907348633
2023-07-11 23:22:40.837493 - Epoc #	7910	 16.874999046325684
2023-07-11 23:22:57.618738 - Epoc #	7920	 16.78124499320984
2023-07-11 23:23:17.196866 - Epoc #	7930	 19.57812809944153
2023-07-11 23:23:33.587487 - Epoc #	7940	 16.390620946884155
2023-07-11 23:23:50.087495 - Epoc #	7950	 16.50000810623169
2023-07-11 23:24:06.994008 - Epoc #	7960	 16.90651297569275
2023-07-11 23:24:25.806495 - Epoc #	7970	 18.81248688697815
2023-07-11 23:24:43.290859 - Epoc #	7980	 17.48436403274536
2023-07-11 23:25:00.073422 - Epoc #	7990	 16.782562971115112
2023-07-11 23:25:16.823453 - Epoc #	8000	 16.750030994415283
2023-07-11 23:25:33.214186 - Epoc #	8010	 16.390733003616333
2023-07-11 23:25:49.261062 - Epoc #	8020	 16.046875953674316
2023-07-11 23:26:05.605028 - Epoc #	8030	 16.343966007232666
2023-07-11 23:26:21.823762 - Epoc #	8040	 16.2187340259552
2023-07-11 23:26:37.761658 - Epoc #	8050	 15.937896013259888
2023-07-11 23:26:54.605397 - Epoc #	8060	 16.84373903274536
2023-07-11 23:27:11.748913 - Epoc #	8070	 17.143516063690186
2023-07-11 23:27:27.845251 - Epoc #	8080	 16.096338033676147
2023-07-11 23:27:43.954891 - Epoc #	8090	 16.109639883041382
2023-07-11 23:28:00.643252 - Epoc #	8100	 16.688360929489136
2023-07-11 23:28:16.910878 - Epoc #	8110	 16.2676260471344
2023-07-11 23:28:33.599663 - Epoc #	8120	 16.688785076141357
2023-07-11 23:28:50.368681 - Epoc #	8130	 16.769017934799194
2023-07-11 23:29:06.338583 - Epoc #	8140	 15.969902038574219
2023-07-11 23:29:23.260504 - Epoc #	8150	 16.921921014785767
2023-07-11 23:29:39.854280 - Epoc #	8160	 16.593775987625122
2023-07-11 23:29:56.526170 - Epoc #	8170	 16.671890020370483
2023-07-11 23:30:13.682402 - Epoc #	8180	 17.15623188018799
2023-07-11 23:30:30.041810 - Epoc #	8190	 16.359408140182495
2023-07-11 23:30:46.463669 - Epoc #	8200	 16.4218590259552
2023-07-11 23:31:03.510540 - Epoc #	8210	 17.046870946884155
2023-07-11 23:31:10.182408 - Time between reward step: #	10138.623709201813
2023-07-11 23:31:10.182408 - Average Score: 40.00 Elapsed time: 2:49:00.706522
2023-07-11 23:31:11.963581 - Time between reward step: #	10140.404882192612
2023-07-11 23:31:11.963581 - Average Score: 41.00 Elapsed time: 2:49:02.487932
2023-07-11 23:31:20.338638 - Epoc #	8220	 16.82809805870056
2023-07-11 23:31:22.151081 - Time between reward step: #	10150.592382192612
2023-07-11 23:31:22.151081 - Average Score: 42.00 Elapsed time: 2:49:12.677491
2023-07-11 23:31:36.557408 - Epoc #	8230	 16.218770027160645
2023-07-11 23:31:52.995277 - Epoc #	8240	 16.43786883354187
2023-07-11 23:32:08.026531 - Time between reward step: #	10196.46783208847
2023-07-11 23:32:08.026531 - Average Score: 43.00 Elapsed time: 2:49:58.553128
2023-07-11 23:32:09.620272 - Epoc #	8250	 16.62499499320984
2023-07-11 23:32:13.167163 - Time between reward step: #	10201.60846400261
2023-07-11 23:32:13.167163 - Average Score: 44.00 Elapsed time: 2:50:03.696454
2023-07-11 23:32:27.057778 - Epoc #	8260	 17.437505960464478
2023-07-11 23:32:43.402593 - Epoc #	8270	 16.344815015792847
2023-07-11 23:32:59.761979 - Epoc #	8280	 16.359386205673218
2023-07-11 23:33:15.777594 - Epoc #	8290	 16.015614986419678
2023-07-11 23:33:32.184165 - Epoc #	8300	 16.40657091140747
2023-07-11 23:33:48.809242 - Epoc #	8310	 16.62507700920105
2023-07-11 23:34:05.216253 - Epoc #	8320	 16.407011032104492
2023-07-11 23:34:22.216650 - Epoc #	8330	 17.000396966934204
2023-07-11 23:34:38.717306 - Epoc #	8340	 16.50065588951111
2023-07-11 23:34:56.543537 - Epoc #	8350	 17.826231002807617
2023-07-11 23:35:13.324868 - Epoc #	8360	 16.781331062316895
2023-07-11 23:35:30.528835 - Epoc #	8370	 17.203967094421387
2023-07-11 23:35:48.560270 - Epoc #	8380	 18.031435012817383
2023-07-11 23:36:05.248289 - Epoc #	8390	 16.688019037246704
2023-07-11 23:36:22.014196 - Epoc #	8400	 16.765906810760498
2023-07-11 23:36:38.564046 - Epoc #	8410	 16.54984998703003
2023-07-11 23:36:55.773037 - Epoc #	8420	 17.208991050720215
2023-07-11 23:37:12.257399 - Epoc #	8430	 16.48436212539673
2023-07-11 23:37:28.882658 - Epoc #	8440	 16.625258922576904
2023-07-11 23:37:45.538905 - Epoc #	8450	 16.65624690055847
2023-07-11 23:38:01.726419 - Epoc #	8460	 16.187514066696167
2023-07-11 23:38:18.288911 - Epoc #	8470	 16.56249213218689
2023-07-11 23:38:34.679538 - Epoc #	8480	 16.390626907348633
2023-07-11 23:38:51.367038 - Epoc #	8490	 16.6875
2023-07-11 23:39:08.163909 - Epoc #	8500	 16.796870946884155
2023-07-11 23:39:23.695154 - Epoc #	8510	 15.531244993209839
2023-07-11 23:39:40.913912 - Epoc #	8520	 17.21875810623169
2023-07-11 23:39:57.257665 - Epoc #	8530	 16.34375286102295
2023-07-11 23:40:13.773292 - Epoc #	8540	 16.515627145767212
2023-07-11 23:40:29.882655 - Epoc #	8550	 16.109362840652466
2023-07-11 23:40:47.117209 - Epoc #	8560	 17.234554052352905
2023-07-11 23:41:03.570335 - Epoc #	8570	 16.453125953674316
2023-07-11 23:41:21.164065 - Epoc #	8580	 17.593729972839355
2023-07-11 23:41:38.617213 - Epoc #	8590	 17.453148126602173
2023-07-11 23:41:55.820350 - Epoc #	8600	 17.203136920928955
2023-07-11 23:42:12.836142 - Epoc #	8610	 17.01579213142395
2023-07-11 23:42:29.867452 - Epoc #	8620	 17.031309843063354
2023-07-11 23:42:48.165489 - Epoc #	8630	 18.29803705215454
2023-07-11 23:43:04.994048 - Epoc #	8640	 16.828559160232544
2023-07-11 23:43:21.838483 - Epoc #	8650	 16.84443497657776
2023-07-11 23:43:38.667165 - Epoc #	8660	 16.82868194580078
2023-07-11 23:43:54.137013 - Time between reward step: #	10902.578314065933
2023-07-11 23:43:54.137013 - Average Score: 45.00 Elapsed time: 3:01:44.661025
2023-07-11 23:43:55.746325 - Epoc #	8670	 17.07915997505188
2023-07-11 23:44:12.043817 - Epoc #	8680	 16.297492027282715
2023-07-11 23:44:28.825328 - Epoc #	8690	 16.781511068344116
2023-07-11 23:44:45.154815 - Epoc #	8700	 16.329486846923828
2023-07-11 23:45:01.688978 - Epoc #	8710	 16.534162998199463
2023-07-11 23:45:18.173290 - Epoc #	8720	 16.484312057495117
2023-07-11 23:45:35.610899 - Epoc #	8730	 17.43760895729065
2023-07-11 23:45:52.579620 - Epoc #	8740	 16.96872091293335
2023-07-11 23:46:09.173370 - Epoc #	8750	 16.59375
2023-07-11 23:46:25.704622 - Epoc #	8760	 16.531252145767212
2023-07-11 23:46:42.110866 - Epoc #	8770	 16.406244039535522
2023-07-11 23:46:58.704632 - Epoc #	8780	 16.5937659740448
2023-07-11 23:47:15.423363 - Epoc #	8790	 16.718730926513672
2023-07-11 23:47:31.985803 - Epoc #	8800	 16.562439918518066
2023-07-11 23:47:49.408313 - Epoc #	8810	 17.422510147094727
2023-07-11 23:48:06.564559 - Epoc #	8820	 17.156245946884155
2023-07-11 23:48:23.205188 - Epoc #	8830	 16.640629053115845
2023-07-11 23:48:39.626983 - Epoc #	8840	 16.421794891357422
2023-07-11 23:48:57.439553 - Epoc #	8850	 17.812570095062256
2023-07-11 23:49:16.502057 - Epoc #	8860	 19.062504053115845
2023-07-11 23:49:36.096254 - Epoc #	8870	 19.594197034835815
2023-07-11 23:49:52.816488 - Epoc #	8880	 16.720233917236328
2023-07-11 23:50:09.582854 - Epoc #	8890	 16.766366004943848
2023-07-11 23:50:27.348552 - Epoc #	8900	 17.765697956085205
2023-07-11 23:50:43.348555 - Epoc #	8910	 16.00000309944153
2023-07-11 23:50:59.520434 - Epoc #	8920	 16.171878814697266
2023-07-11 23:51:15.692305 - Epoc #	8930	 16.171871185302734
2023-07-11 23:51:32.098955 - Epoc #	8940	 16.406649827957153
2023-07-11 23:51:48.654168 - Epoc #	8950	 16.55521297454834
2023-07-11 23:52:06.169783 - Epoc #	8960	 17.515615224838257
2023-07-11 23:52:23.810419 - Epoc #	8970	 17.64063596725464
2023-07-11 23:52:40.513549 - Epoc #	8980	 16.70313000679016
2023-07-11 23:52:58.655087 - Epoc #	8990	 18.14153790473938
2023-07-11 23:53:17.952012 - Epoc #	9000	 19.29692506790161
2023-07-11 23:53:35.608566 - Epoc #	9010	 17.656553983688354
2023-07-11 23:53:52.343276 - Epoc #	9020	 16.734709978103638
2023-07-11 23:54:09.062669 - Epoc #	9030	 16.719393014907837
2023-07-11 23:54:25.788294 - Epoc #	9040	 16.725625038146973
2023-07-11 23:54:43.129495 - Epoc #	9050	 17.341200828552246
2023-07-11 23:55:00.024923 - Epoc #	9060	 16.89542818069458
2023-07-11 23:55:15.955235 - Epoc #	9070	 15.930311918258667
2023-07-11 23:55:32.537790 - Epoc #	9080	 16.582555055618286
2023-07-11 23:55:49.131490 - Epoc #	9090	 16.59369993209839
2023-07-11 23:56:05.240919 - Epoc #	9100	 16.109429121017456
2023-07-11 23:56:21.804245 - Epoc #	9110	 16.563325881958008
2023-07-11 23:56:38.022988 - Epoc #	9120	 16.218743085861206
2023-07-11 23:56:54.414368 - Epoc #	9130	 16.391379833221436
2023-07-11 23:57:10.508049 - Epoc #	9140	 16.09368109703064
2023-07-11 23:57:27.259887 - Epoc #	9150	 16.751837968826294
2023-07-11 23:57:43.372058 - Epoc #	9160	 16.112170934677124
2023-07-11 23:57:59.892454 - Epoc #	9170	 16.5203959941864
2023-07-11 23:58:16.471479 - Epoc #	9180	 16.57902503013611
2023-07-11 23:58:33.128108 - Epoc #	9190	 16.65662908554077
2023-07-11 23:58:50.425445 - Epoc #	9200	 17.2973370552063
2023-07-11 23:59:07.614210 - Epoc #	9210	 17.188764810562134
2023-07-11 23:59:24.114571 - Epoc #	9220	 16.50036120414734
2023-07-11 23:59:39.896464 - Epoc #	9230	 15.781893014907837
2023-07-11 23:59:56.115555 - Epoc #	9240	 16.219090938568115
2023-07-12 00:00:12.054287 - Epoc #	9250	 15.938731908798218
2023-07-12 00:00:28.148841 - Epoc #	9260	 16.09455394744873
2023-07-12 00:00:44.384822 - Epoc #	9270	 16.235980987548828
2023-07-12 00:01:01.119578 - Epoc #	9280	 16.734755992889404
2023-07-12 00:01:18.527484 - Epoc #	9290	 17.40790605545044
2023-07-12 00:01:35.230549 - Epoc #	9300	 16.703065156936646
2023-07-12 00:01:51.184061 - Epoc #	9310	 15.953511953353882
2023-07-12 00:02:07.951131 - Epoc #	9320	 16.767070055007935
2023-07-12 00:02:24.451355 - Epoc #	9330	 16.500223875045776
2023-07-12 00:02:40.688044 - Epoc #	9340	 16.23668909072876
2023-07-12 00:02:56.737378 - Epoc #	9350	 16.049333810806274
2023-07-12 00:03:13.576622 - Epoc #	9360	 16.83924412727356
2023-07-12 00:03:29.613706 - Epoc #	9370	 16.037084102630615
2023-07-12 00:03:46.348020 - Epoc #	9380	 16.73431396484375
2023-07-12 00:04:02.379332 - Epoc #	9390	 16.031311988830566
2023-07-12 00:04:18.349144 - Epoc #	9400	 15.969811916351318
2023-07-12 00:04:35.099725 - Epoc #	9410	 16.75058102607727
2023-07-12 00:04:52.162854 - Epoc #	9420	 17.06312894821167
2023-07-12 00:05:08.430649 - Epoc #	9430	 16.267795085906982
2023-07-12 00:05:24.792571 - Epoc #	9440	 16.361922025680542
2023-07-12 00:05:40.386379 - Epoc #	9450	 15.593807935714722
2023-07-12 00:05:56.653159 - Epoc #	9460	 16.266779899597168
2023-07-12 00:06:13.199968 - Epoc #	9470	 16.546809196472168
2023-07-12 00:06:29.778872 - Epoc #	9480	 16.578903913497925
2023-07-12 00:06:47.022831 - Epoc #	9490	 17.243958950042725
2023-07-12 00:07:04.180555 - Epoc #	9500	 17.157724142074585
2023-07-12 00:07:21.947389 - Epoc #	9510	 17.766833782196045
2023-07-12 00:07:39.323093 - Epoc #	9520	 17.375704050064087
2023-07-12 00:07:57.307533 - Epoc #	9530	 17.984440088272095
2023-07-12 00:08:13.651518 - Epoc #	9540	 16.343985080718994
2023-07-12 00:08:30.307765 - Epoc #	9550	 16.65624690055847
2023-07-12 00:08:46.964939 - Epoc #	9560	 16.657174110412598
2023-07-12 00:09:03.482258 - Epoc #	9570	 16.517318964004517
2023-07-12 00:09:19.810312 - Epoc #	9580	 16.328053951263428
2023-07-12 00:09:35.779256 - Epoc #	9590	 15.968944072723389
2023-07-12 00:09:51.982947 - Epoc #	9600	 16.203691005706787
2023-07-12 00:10:08.560257 - Epoc #	9610	 16.57730984687805
2023-07-12 00:10:24.639450 - Epoc #	9620	 16.079193115234375
2023-07-12 00:10:41.062601 - Epoc #	9630	 16.42315101623535
2023-07-12 00:10:57.331604 - Epoc #	9640	 16.26900291442871
2023-07-12 00:11:14.187518 - Epoc #	9650	 16.855913877487183
2023-07-12 00:11:30.760334 - Epoc #	9660	 16.572816133499146
2023-07-12 00:11:47.072837 - Epoc #	9670	 16.31250309944153
2023-07-12 00:12:03.760338 - Epoc #	9680	 16.687500953674316
2023-07-12 00:12:20.260568 - Epoc #	9690	 16.500229835510254
2023-07-12 00:12:37.214285 - Epoc #	9700	 16.95371699333191
2023-07-12 00:12:53.545021 - Epoc #	9710	 16.33073616027832
2023-07-12 00:13:03.858117 - Time between reward step: #	12652.299418210983
2023-07-12 00:13:03.858117 - Average Score: 46.00 Elapsed time: 3:30:54.380137
2023-07-12 00:13:10.389305 - Epoc #	9720	 16.844284057617188
2023-07-12 00:13:26.749254 - Epoc #	9730	 16.359948873519897
2023-07-12 00:13:42.609055 - Epoc #	9740	 15.859801054000854
2023-07-12 00:13:59.235406 - Epoc #	9750	 16.62635087966919
2023-07-12 00:14:15.846362 - Epoc #	9760	 16.6109561920166
2023-07-12 00:14:32.222119 - Epoc #	9770	 16.375756978988647
2023-07-12 00:14:48.738716 - Epoc #	9780	 16.516596794128418
2023-07-12 00:15:04.488711 - Epoc #	9790	 15.749995231628418
2023-07-12 00:15:20.645324 - Epoc #	9800	 16.156612873077393
2023-07-12 00:15:36.646042 - Epoc #	9810	 16.000718116760254
2023-07-12 00:15:53.630724 - Epoc #	9820	 16.984681844711304
2023-07-12 00:16:09.396618 - Epoc #	9830	 15.765893936157227
2023-07-12 00:16:25.429813 - Epoc #	9840	 16.03319501876831
2023-07-12 00:16:41.852940 - Epoc #	9850	 16.42312717437744
2023-07-12 00:16:57.962313 - Epoc #	9860	 16.109372854232788
2023-07-12 00:17:14.119061 - Epoc #	9870	 16.156748056411743
2023-07-12 00:17:30.666248 - Epoc #	9880	 16.547187089920044
2023-07-12 00:17:47.667241 - Epoc #	9890	 17.000993013381958
2023-07-12 00:18:03.870566 - Epoc #	9900	 16.203324794769287
2023-07-12 00:18:20.871944 - Epoc #	9910	 17.001378059387207
2023-07-12 00:18:37.437344 - Epoc #	9920	 16.56540012359619
2023-07-12 00:18:53.689007 - Epoc #	9930	 16.251662969589233
2023-07-12 00:19:10.105241 - Epoc #	9940	 16.416234016418457
2023-07-12 00:19:26.551527 - Epoc #	9950	 16.44628596305847
2023-07-12 00:19:43.770227 - Epoc #	9960	 17.21869993209839
2023-07-12 00:20:00.490440 - Epoc #	9970	 16.720212936401367
2023-07-12 00:20:17.319915 - Epoc #	9980	 16.829475164413452
2023-07-12 00:20:33.366801 - Epoc #	9990	 16.04688596725464
2023-07-12 00:20:49.444935 - Epoc #	10000	 16.078134059906006
2023-07-12 00:21:06.616816 - Epoc #	10010	 17.171880960464478
2023-07-12 00:21:24.102441 - Epoc #	10020	 17.48562502861023
2023-07-12 00:21:40.305791 - Epoc #	10030	 16.203349828720093
2023-07-12 00:21:52.348501 - Time between reward step: #	13180.789802074432
2023-07-12 00:21:52.348501 - Average Score: 47.00 Elapsed time: 3:39:42.882879
2023-07-12 00:21:57.114912 - Epoc #	10040	 16.809121131896973
2023-07-12 00:22:12.911759 - Epoc #	10050	 15.796846866607666
2023-07-12 00:22:28.974757 - Epoc #	10060	 16.062998056411743
2023-07-12 00:22:45.725237 - Epoc #	10070	 16.75047993659973
2023-07-12 00:23:02.287744 - Epoc #	10080	 16.562507152557373
2023-07-12 00:23:19.147058 - Epoc #	10090	 16.85931396484375
2023-07-12 00:23:35.930348 - Epoc #	10100	 16.783289909362793
2023-07-12 00:23:52.602231 - Epoc #	10110	 16.67188310623169
2023-07-12 00:24:09.634271 - Epoc #	10120	 17.032039880752563
2023-07-12 00:24:26.697663 - Epoc #	10130	 17.063392162322998
2023-07-12 00:24:43.980639 - Epoc #	10140	 17.282975912094116
2023-07-12 00:24:45.839993 - Time between reward step: #	13354.281294107437
2023-07-12 00:24:45.839993 - Average Score: 48.00 Elapsed time: 3:42:36.364130
2023-07-12 00:24:47.637707 - Time between reward step: #	13356.079008102417
2023-07-12 00:24:47.637707 - Average Score: 49.00 Elapsed time: 3:42:38.171080
2023-07-12 00:24:54.028668 - Time between reward step: #	13362.469969034195
2023-07-12 00:24:54.028668 - Average Score: 50.00 Elapsed time: 3:42:44.559244
2023-07-12 00:24:55.888480 - Time between reward step: #	13364.32978105545
2023-07-12 00:24:55.888480 - Average Score: 51.00 Elapsed time: 3:42:46.421870
2023-07-12 00:25:00.763872 - Time between reward step: #	13369.205173015594
2023-07-12 00:25:00.763872 - Average Score: 52.00 Elapsed time: 3:42:51.287774
2023-07-12 00:25:00.763872 - Epoc #	10150	 16.783232927322388
2023-07-12 00:25:05.935817 - Time between reward step: #	13374.377118110657
2023-07-12 00:25:05.935817 - Average Score: 53.00 Elapsed time: 3:42:56.467502
2023-07-12 00:25:07.685809 - Time between reward step: #	13376.127110004425
2023-07-12 00:25:07.685809 - Average Score: 54.00 Elapsed time: 3:42:58.212190
2023-07-12 00:25:10.983118 - Time between reward step: #	13379.424419164658
2023-07-12 00:25:10.983118 - Average Score: 55.00 Elapsed time: 3:43:01.511304
2023-07-12 00:25:17.514268 - Epoc #	10160	 16.750396013259888
2023-07-12 00:25:33.858387 - Epoc #	10170	 16.34411907196045
2023-07-12 00:25:50.843900 - Epoc #	10180	 16.98551297187805
2023-07-12 00:26:07.673478 - Epoc #	10190	 16.829577922821045
2023-07-12 00:26:21.033091 - Time between reward step: #	13449.474392175674
2023-07-12 00:26:21.033091 - Average Score: 56.00 Elapsed time: 3:44:11.565711
2023-07-12 00:26:24.190635 - Epoc #	10200	 16.517157077789307
2023-07-12 00:26:32.894911 - Time between reward step: #	13461.336212158203
2023-07-12 00:26:32.894911 - Average Score: 57.00 Elapsed time: 3:44:23.427765
2023-07-12 00:26:34.754738 - Time between reward step: #	13463.19603919983
2023-07-12 00:26:34.754738 - Average Score: 58.00 Elapsed time: 3:44:25.286227
2023-07-12 00:26:38.207857 - Time between reward step: #	13466.649158000946
2023-07-12 00:26:38.207857 - Average Score: 59.00 Elapsed time: 3:44:28.733838
2023-07-12 00:26:41.473452 - Epoc #	10210	 17.282817125320435
2023-07-12 00:26:57.793769 - Epoc #	10220	 16.320316791534424
2023-07-12 00:27:14.447198 - Epoc #	10230	 16.65342903137207
2023-07-12 00:27:30.749711 - Epoc #	10240	 16.302513122558594
2023-07-12 00:27:47.578340 - Epoc #	10250	 16.82862901687622
2023-07-12 00:28:04.547239 - Epoc #	10260	 16.96889901161194
2023-07-12 00:28:21.578398 - Epoc #	10270	 17.031158924102783
2023-07-12 00:28:37.908374 - Epoc #	10280	 16.329976081848145
2023-07-12 00:28:54.971192 - Epoc #	10290	 17.062817811965942
2023-07-12 00:29:12.471368 - Epoc #	10300	 17.500176191329956
2023-07-12 00:29:29.299677 - Epoc #	10310	 16.828308820724487
2023-07-12 00:29:46.393491 - Epoc #	10320	 17.09381413459778
2023-07-12 00:30:02.895098 - Epoc #	10330	 16.501606941223145
2023-07-12 00:30:19.301350 - Epoc #	10340	 16.406252145767212
2023-07-12 00:30:36.145657 - Epoc #	10350	 16.84430694580078
2023-07-12 00:30:53.475059 - Epoc #	10360	 17.329401969909668
2023-07-12 00:31:09.678169 - Epoc #	10370	 16.203109979629517
2023-07-12 00:31:25.788309 - Epoc #	10380	 16.110140085220337
2023-07-12 00:31:42.460758 - Epoc #	10390	 16.672448873519897
2023-07-12 00:31:59.382637 - Epoc #	10400	 16.921879053115845
2023-07-12 00:32:15.867008 - Epoc #	10410	 16.484370946884155
2023-07-12 00:32:32.601916 - Epoc #	10420	 16.73490810394287
2023-07-12 00:32:49.195735 - Epoc #	10430	 16.59381890296936
2023-07-12 00:33:07.540393 - Epoc #	10440	 18.344658136367798
2023-07-12 00:33:25.353026 - Epoc #	10450	 17.81263279914856
2023-07-12 00:33:43.682670 - Epoc #	10460	 18.329644203186035
2023-07-12 00:34:00.637225 - Epoc #	10470	 16.954554796218872
2023-07-12 00:34:16.528315 - Epoc #	10480	 15.891090154647827
2023-07-12 00:34:34.294622 - Epoc #	10490	 17.76630687713623
2023-07-12 00:34:51.032453 - Epoc #	10500	 16.737831115722656
2023-07-12 00:35:07.460361 - Epoc #	10510	 16.427907943725586
2023-07-12 00:35:23.834726 - Epoc #	10520	 16.374365091323853
2023-07-12 00:35:40.694637 - Epoc #	10530	 16.85991096496582
2023-07-12 00:35:57.194705 - Epoc #	10540	 16.500067949295044
2023-07-12 00:36:13.897768 - Epoc #	10550	 16.703063011169434
2023-07-12 00:36:31.445220 - Epoc #	10560	 17.547451972961426
2023-07-12 00:36:47.547010 - Epoc #	10570	 16.101789951324463
2023-07-12 00:37:03.125158 - Epoc #	10580	 15.578148126602173
2023-07-12 00:37:19.671980 - Epoc #	10590	 16.54682183265686
2023-07-12 00:37:36.046944 - Epoc #	10600	 16.374963998794556
2023-07-12 00:37:52.109446 - Epoc #	10610	 16.062502145767212
2023-07-12 00:38:08.687642 - Epoc #	10620	 16.578196048736572
2023-07-12 00:38:25.266114 - Epoc #	10630	 16.578471899032593
2023-07-12 00:38:41.626769 - Epoc #	10640	 16.360655069351196
2023-07-12 00:38:58.158585 - Epoc #	10650	 16.531816005706787
2023-07-12 00:39:14.549209 - Epoc #	10660	 16.390624046325684
2023-07-12 00:39:31.690959 - Epoc #	10670	 17.1417498588562
2023-07-12 00:39:48.878453 - Epoc #	10680	 17.187494039535522
2023-07-12 00:40:05.175792 - Epoc #	10690	 16.29733896255493
2023-07-12 00:40:21.676597 - Epoc #	10700	 16.500805139541626
2023-07-12 00:40:38.615257 - Epoc #	10710	 16.93865990638733
2023-07-12 00:40:55.334438 - Epoc #	10720	 16.719181060791016
2023-07-12 00:41:12.068882 - Epoc #	10730	 16.73444390296936
2023-07-12 00:41:28.850510 - Epoc #	10740	 16.781627893447876
2023-07-12 00:41:46.084995 - Epoc #	10750	 17.234485149383545
2023-07-12 00:42:02.569750 - Epoc #	10760	 16.484755039215088
2023-07-12 00:42:19.038507 - Epoc #	10770	 16.468756914138794
2023-07-12 00:42:36.150883 - Epoc #	10780	 17.11237597465515
2023-07-12 00:42:52.966211 - Epoc #	10790	 16.815328121185303
2023-07-12 00:43:09.415213 - Epoc #	10800	 16.449002027511597
2023-07-12 00:43:26.920323 - Epoc #	10810	 17.505109786987305
2023-07-12 00:43:43.034731 - Epoc #	10820	 16.114408016204834
2023-07-12 00:43:59.524200 - Epoc #	10830	 16.489469051361084
2023-07-12 00:44:16.528483 - Epoc #	10840	 17.00428295135498
2023-07-12 00:44:34.193402 - Epoc #	10850	 17.664919137954712
2023-07-12 00:44:51.259894 - Epoc #	10860	 17.066491842269897
2023-07-12 00:45:07.954035 - Epoc #	10870	 16.694141149520874
2023-07-12 00:45:25.710202 - Epoc #	10880	 17.75616693496704
2023-07-12 00:45:43.326523 - Epoc #	10890	 17.616321086883545
2023-07-12 00:45:59.950132 - Epoc #	10900	 16.623608827590942
2023-07-12 00:46:16.753062 - Epoc #	10910	 16.802930116653442
2023-07-12 00:46:32.855671 - Epoc #	10920	 16.102608919143677
2023-07-12 00:46:51.739540 - Epoc #	10930	 18.883869171142578
2023-07-12 00:47:08.084898 - Epoc #	10940	 16.34535789489746
2023-07-12 00:47:24.725466 - Epoc #	10950	 16.640568017959595
2023-07-12 00:47:42.100513 - Epoc #	10960	 17.375046968460083
2023-07-12 00:47:59.085234 - Epoc #	10970	 16.984720945358276
2023-07-12 00:48:15.507106 - Epoc #	10980	 16.42187213897705
2023-07-12 00:48:32.743224 - Epoc #	10990	 17.236117839813232
2023-07-12 00:48:49.574493 - Epoc #	11000	 16.831269025802612
2023-07-12 00:49:06.499762 - Epoc #	11010	 16.92526912689209
2023-07-12 00:49:24.923355 - Epoc #	11020	 18.423593044281006
2023-07-12 00:49:42.457405 - Epoc #	11030	 17.53404998779297
2023-07-12 00:50:03.400085 - Epoc #	11040	 20.94267988204956
2023-07-12 00:50:20.090627 - Epoc #	11050	 16.690541982650757
2023-07-12 00:50:38.692758 - Epoc #	11060	 18.602131128311157
2023-07-12 00:50:57.183268 - Epoc #	11070	 18.49050998687744
2023-07-12 00:51:15.279454 - Epoc #	11080	 18.09618592262268
2023-07-12 00:51:34.471306 - Epoc #	11090	 19.19185209274292
2023-07-12 00:51:53.325637 - Epoc #	11100	 18.854331016540527
2023-07-12 00:52:10.112306 - Epoc #	11110	 16.7866690158844
2023-07-12 00:52:26.586229 - Epoc #	11120	 16.473922967910767
2023-07-12 00:52:43.999643 - Epoc #	11130	 17.413414001464844
2023-07-12 00:53:01.428034 - Epoc #	11140	 17.428390979766846
2023-07-12 00:53:18.450635 - Epoc #	11150	 17.022600889205933
2023-07-12 00:53:35.283643 - Epoc #	11160	 16.83300805091858
2023-07-12 00:53:52.496225 - Epoc #	11170	 17.212582111358643
2023-07-12 00:54:09.141193 - Epoc #	11180	 16.644967794418335
2023-07-12 00:54:26.483366 - Epoc #	11190	 17.342173099517822
2023-07-12 00:54:43.289849 - Epoc #	11200	 16.806483030319214
2023-07-12 00:55:00.791712 - Epoc #	11210	 17.5018630027771
2023-07-12 00:55:18.156139 - Epoc #	11220	 17.364426851272583
2023-07-12 00:55:34.970602 - Epoc #	11230	 16.814463138580322
2023-07-12 00:55:52.302779 - Epoc #	11240	 17.33217692375183
2023-07-12 00:56:09.478975 - Epoc #	11250	 17.176196098327637
2023-07-12 00:56:26.168490 - Epoc #	11260	 16.689514875411987
2023-07-12 00:56:43.127699 - Epoc #	11270	 16.959208965301514
2023-07-12 00:56:59.944315 - Epoc #	11280	 16.81661605834961
2023-07-12 00:57:17.949423 - Epoc #	11290	 18.00510811805725
2023-07-12 00:57:35.094758 - Epoc #	11300	 17.14533495903015
2023-07-12 00:57:52.771525 - Epoc #	11310	 17.676766872406006
2023-07-12 00:58:09.851357 - Epoc #	11320	 17.079832077026367
2023-07-12 00:58:27.371950 - Epoc #	11330	 17.52059292793274
2023-07-12 00:58:44.636623 - Epoc #	11340	 17.264672994613647
2023-07-12 00:58:57.019595 - Time between reward step: #	15405.460896015167
2023-07-12 00:58:57.019595 - Average Score: 60.00 Elapsed time: 4:16:47.543525
2023-07-12 00:59:01.894625 - Epoc #	11350	 17.258002042770386
2023-07-12 00:59:18.894650 - Epoc #	11360	 17.000025033950806
2023-07-12 00:59:35.847958 - Epoc #	11370	 16.95330810546875
2023-07-12 00:59:53.801385 - Epoc #	11380	 17.953426837921143
2023-07-12 01:00:10.614203 - Epoc #	11390	 16.81281805038452
2023-07-12 01:00:26.897320 - Epoc #	11400	 16.283117055892944
2023-07-12 01:00:43.433683 - Epoc #	11410	 16.536362886428833
2023-07-12 01:01:00.749926 - Epoc #	11420	 17.316243171691895
2023-07-12 01:01:17.737014 - Epoc #	11430	 16.987087965011597
2023-07-12 01:01:34.538510 - Epoc #	11440	 16.801496028900146
2023-07-12 01:01:51.825583 - Epoc #	11450	 17.287072896957397
2023-07-12 01:02:09.251608 - Epoc #	11460	 17.426024913787842
2023-07-12 01:02:26.660632 - Epoc #	11470	 17.409024000167847
2023-07-12 01:02:43.836670 - Epoc #	11480	 17.176038026809692
2023-07-12 01:03:00.324245 - Epoc #	11490	 16.4875750541687
2023-07-12 01:03:17.639306 - Epoc #	11500	 17.31506109237671
2023-07-12 01:03:34.186865 - Epoc #	11510	 16.547559022903442
2023-07-12 01:03:52.000335 - Epoc #	11520	 17.813469886779785
2023-07-12 01:04:08.785083 - Epoc #	11530	 16.784748077392578
2023-07-12 01:04:25.693896 - Epoc #	11540	 16.908812999725342
2023-07-12 01:04:41.997245 - Epoc #	11550	 16.303349018096924
2023-07-12 01:04:58.284687 - Epoc #	11560	 16.287441968917847
2023-07-12 01:05:15.616320 - Epoc #	11570	 17.33163285255432
2023-07-12 01:05:32.776571 - Epoc #	11580	 17.160251140594482
2023-07-12 01:05:49.748803 - Epoc #	11590	 16.9722318649292
2023-07-12 01:06:06.565280 - Epoc #	11600	 16.816477060317993
2023-07-12 01:06:24.036726 - Epoc #	11610	 17.47144603729248
2023-07-12 01:06:40.941504 - Epoc #	11620	 16.904778003692627
2023-07-12 01:06:57.797438 - Epoc #	11630	 16.855933904647827
2023-07-12 01:07:14.828938 - Epoc #	11640	 17.031500101089478
2023-07-12 01:07:31.516448 - Epoc #	11650	 16.687510013580322
2023-07-12 01:07:48.392546 - Epoc #	11660	 16.876097917556763
2023-07-12 01:08:04.939784 - Epoc #	11670	 16.54723811149597
2023-07-12 01:08:21.517952 - Epoc #	11680	 16.57816791534424
2023-07-12 01:08:39.037707 - Epoc #	11690	 17.519755125045776
2023-07-12 01:08:56.244799 - Epoc #	11700	 17.207091808319092
2023-07-12 01:09:13.935207 - Epoc #	11710	 17.6904079914093
2023-07-12 01:09:30.846086 - Epoc #	11720	 16.910879135131836
2023-07-12 01:09:47.883678 - Epoc #	11730	 17.0375919342041
2023-07-12 01:10:05.264976 - Epoc #	11740	 17.381298065185547
2023-07-12 01:10:21.971664 - Epoc #	11750	 16.706687927246094
2023-07-12 01:10:39.335067 - Epoc #	11760	 17.36340308189392
2023-07-12 01:10:56.385378 - Epoc #	11770	 17.050310850143433
2023-07-12 01:11:13.139712 - Epoc #	11780	 16.754334211349487
2023-07-12 01:11:30.625988 - Epoc #	11790	 17.486275911331177
2023-07-12 01:11:48.361763 - Epoc #	11800	 17.735774993896484
2023-07-12 01:12:04.846593 - Epoc #	11810	 16.484829902648926
2023-07-12 01:12:23.599149 - Epoc #	11820	 18.752556085586548
2023-07-12 01:12:41.196199 - Epoc #	11830	 17.597049951553345
2023-07-12 01:12:58.480384 - Epoc #	11840	 17.28418517112732
2023-07-12 01:13:16.420650 - Epoc #	11850	 17.940265893936157
2023-07-12 01:13:34.644971 - Epoc #	11860	 18.224320888519287
2023-07-12 01:13:52.944520 - Epoc #	11870	 18.299549102783203
2023-07-12 01:14:10.994760 - Epoc #	11880	 18.05024003982544
2023-07-12 01:14:28.829552 - Epoc #	11890	 17.834791898727417
2023-07-12 01:14:46.424167 - Epoc #	11900	 17.59461498260498
2023-07-12 01:15:03.277088 - Epoc #	11910	 16.85292100906372
2023-07-12 01:15:20.059128 - Epoc #	11920	 16.782040119171143
2023-07-12 01:15:37.340825 - Epoc #	11930	 17.281697034835815
2023-07-12 01:15:55.684608 - Epoc #	11940	 18.343782901763916
2023-07-12 01:16:11.998190 - Epoc #	11950	 16.313581943511963
2023-07-12 01:16:28.670666 - Epoc #	11960	 16.672476053237915
2023-07-12 01:16:45.831856 - Epoc #	11970	 17.161190032958984
2023-07-12 01:17:03.523398 - Epoc #	11980	 17.69154191017151
2023-07-12 01:17:21.059221 - Epoc #	11990	 17.535823106765747
2023-07-12 01:17:37.607494 - Epoc #	12000	 16.54827308654785
2023-07-12 01:17:54.189382 - Epoc #	12010	 16.58188796043396
2023-07-12 01:18:11.415202 - Epoc #	12020	 17.2258198261261
2023-07-12 01:18:28.528291 - Epoc #	12030	 17.113089084625244
2023-07-12 01:18:45.453906 - Epoc #	12040	 16.925615072250366
2023-07-12 01:19:03.721415 - Epoc #	12050	 18.26750898361206
2023-07-12 01:19:21.398225 - Epoc #	12060	 17.676810026168823
2023-07-12 01:19:38.446699 - Epoc #	12070	 17.048473834991455
2023-07-12 01:19:55.122697 - Epoc #	12080	 16.675998210906982
2023-07-12 01:20:11.811357 - Epoc #	12090	 16.68865990638733
2023-07-12 01:20:29.015383 - Epoc #	12100	 17.204025983810425
2023-07-12 01:20:45.800428 - Epoc #	12110	 16.78504490852356
2023-07-12 01:21:02.741858 - Epoc #	12120	 16.94143009185791
2023-07-12 01:21:19.900502 - Epoc #	12130	 17.15864396095276
2023-07-12 01:21:38.045378 - Epoc #	12140	 18.14487600326538
2023-07-12 01:21:55.281325 - Epoc #	12150	 17.235947132110596
2023-07-12 01:22:12.582939 - Epoc #	12160	 17.301613807678223
2023-07-12 01:22:30.138487 - Epoc #	12170	 17.555548191070557
2023-07-12 01:22:47.543441 - Epoc #	12180	 17.404953956604004
2023-07-12 01:23:04.736194 - Epoc #	12190	 17.192752838134766
2023-07-12 01:23:08.267378 - Time between reward step: #	16856.70867919922
2023-07-12 01:23:08.267378 - Average Score: 61.00 Elapsed time: 4:40:58.792769
2023-07-12 01:23:22.079881 - Epoc #	12200	 17.343687057495117
2023-07-12 01:23:29.221300 - Time between reward step: #	16877.66260099411
2023-07-12 01:23:29.221300 - Average Score: 62.00 Elapsed time: 4:41:19.746275
2023-07-12 01:23:39.737002 - Time between reward step: #	16888.17830300331
2023-07-12 01:23:39.737002 - Average Score: 63.00 Elapsed time: 4:41:30.265656
2023-07-12 01:23:39.737002 - Epoc #	12210	 17.657120943069458
2023-07-12 01:23:57.362045 - Epoc #	12220	 17.625043153762817
2023-07-12 01:24:00.924480 - Time between reward step: #	16909.365781068802
2023-07-12 01:24:00.924480 - Average Score: 64.00 Elapsed time: 4:41:51.451416
2023-07-12 01:24:02.658846 - Time between reward step: #	16911.100147008896
2023-07-12 01:24:02.658846 - Average Score: 65.00 Elapsed time: 4:41:53.193754
2023-07-12 01:24:14.878744 - Epoc #	12230	 17.516698837280273
2023-07-12 01:24:32.240042 - Epoc #	12240	 17.361298084259033
2023-07-12 01:24:50.088719 - Epoc #	12250	 17.848676919937134
2023-07-12 01:25:08.467224 - Epoc #	12260	 18.378504991531372
2023-07-12 01:25:26.549682 - Epoc #	12270	 18.082458019256592
2023-07-12 01:25:42.915485 - Epoc #	12280	 16.365803003311157
2023-07-12 01:26:00.983388 - Epoc #	12290	 18.0679030418396
2023-07-12 01:26:17.535894 - Epoc #	12300	 16.55250597000122
2023-07-12 01:26:34.492682 - Epoc #	12310	 16.956788063049316
2023-07-12 01:26:53.121441 - Epoc #	12320	 18.628758907318115
2023-07-12 01:27:09.514593 - Epoc #	12330	 16.393151998519897
2023-07-12 01:27:27.892423 - Epoc #	12340	 18.377830028533936
2023-07-12 01:27:44.769846 - Epoc #	12350	 16.87742304801941
2023-07-12 01:28:01.881869 - Epoc #	12360	 17.11202311515808
2023-07-12 01:28:18.523049 - Epoc #	12370	 16.64118003845215
2023-07-12 01:28:35.666720 - Epoc #	12380	 17.143670797348022
2023-07-12 01:28:53.483233 - Epoc #	12390	 17.816513061523438
2023-07-12 01:29:10.969684 - Epoc #	12400	 17.486450910568237
2023-07-12 01:29:28.206978 - Epoc #	12410	 17.23729419708252
2023-07-12 01:29:46.102226 - Epoc #	12420	 17.89524793624878
2023-07-12 01:30:02.526796 - Epoc #	12430	 16.424570083618164
2023-07-12 01:30:19.435690 - Epoc #	12440	 16.908893823623657
2023-07-12 01:30:36.022298 - Epoc #	12450	 16.586608171463013
2023-07-12 01:30:53.252311 - Epoc #	12460	 17.230012893676758
2023-07-12 01:31:11.972018 - Epoc #	12470	 18.719707012176514
2023-07-12 01:31:28.800669 - Epoc #	12480	 16.828650951385498
2023-07-12 01:31:45.176811 - Epoc #	12490	 16.376142024993896
