2023-07-12 08:26:29.654754 - Starting learning loop ...
==================================================================
2023-07-12 08:26:29.654754 - Using Framebuffer of: 4 frames	 and 	ReplayBufferSize: 25000
2023-07-12 08:26:29.654754 - Loglevel is set to: a
2023-07-12 08:26:29.654754 - Epoc #	0	 
2023-07-12 08:26:42.207222 - Epoc #	10	 12.552468061447144
2023-07-12 08:26:51.249435 - Epoc #	20	 9.042212963104248
2023-07-12 08:27:00.009143 - Epoc #	30	 8.759708166122437
2023-07-12 08:27:08.778532 - Epoc #	40	 8.769388914108276
2023-07-12 08:27:17.359098 - Epoc #	50	 8.580565929412842
2023-07-12 08:27:26.287067 - Epoc #	60	 8.927968978881836
2023-07-12 08:27:35.172333 - Epoc #	70	 8.885266065597534
2023-07-12 08:27:43.974809 - Epoc #	80	 8.802475929260254
2023-07-12 08:27:53.035806 - Epoc #	90	 9.060997009277344
2023-07-12 08:28:01.591109 - Epoc #	100	 8.55530309677124
2023-07-12 08:28:07.854630 - Time between reward step: #	98.19987607002258
2023-07-12 08:28:07.854630 - Average Score: 8.00 Elapsed time: 0:01:40.311393
2023-07-12 08:28:11.094340 - Epoc #	110	 9.503231048583984
2023-07-12 08:28:19.970228 - Epoc #	120	 8.875887870788574
2023-07-12 08:28:28.673836 - Epoc #	130	 8.70360803604126
2023-07-12 08:28:37.456968 - Epoc #	140	 8.783132076263428
2023-07-12 08:28:46.663879 - Epoc #	150	 9.206910848617554
2023-07-12 08:28:55.494661 - Epoc #	160	 8.830782175064087
2023-07-12 08:29:04.059268 - Epoc #	170	 8.56460690498352
2023-07-12 08:29:12.950882 - Epoc #	180	 8.891613960266113
2023-07-12 08:29:21.745118 - Epoc #	190	 8.794235944747925
2023-07-12 08:29:30.853601 - Epoc #	200	 9.108483076095581
2023-07-12 08:29:39.773411 - Epoc #	210	 8.919810056686401
2023-07-12 08:29:48.625813 - Epoc #	220	 8.852401971817017
2023-07-12 08:29:57.595367 - Epoc #	230	 8.96955394744873
2023-07-12 08:30:06.525497 - Epoc #	240	 8.930130004882812
2023-07-12 08:30:15.470627 - Epoc #	250	 8.945130109786987
2023-07-12 08:30:24.637838 - Epoc #	260	 9.167210817337036
2023-07-12 08:30:33.470484 - Epoc #	270	 8.832646131515503
2023-07-12 08:30:42.270873 - Epoc #	280	 8.800389051437378
2023-07-12 08:30:51.114197 - Epoc #	290	 8.843323945999146
2023-07-12 08:31:00.455864 - Epoc #	300	 9.34166693687439
2023-07-12 08:31:09.481913 - Epoc #	310	 9.026049137115479
2023-07-12 08:31:18.344108 - Epoc #	320	 8.862195014953613
2023-07-12 08:31:27.176540 - Epoc #	330	 8.83243179321289
2023-07-12 08:31:36.350559 - Epoc #	340	 9.17401909828186
2023-07-12 08:31:45.336762 - Epoc #	350	 8.986202955245972
2023-07-12 08:31:54.399700 - Epoc #	360	 9.06293797492981
2023-07-12 08:32:03.229421 - Epoc #	370	 8.829720973968506
2023-07-12 08:32:11.980997 - Epoc #	380	 8.75157618522644
2023-07-12 08:32:21.092349 - Epoc #	390	 9.11135196685791
2023-07-12 08:32:30.314436 - Epoc #	400	 9.222086906433105
2023-07-12 08:32:38.864341 - Epoc #	410	 8.549905061721802
2023-07-12 08:32:43.318571 - Time between reward step: #	373.6638171672821
2023-07-12 08:32:43.318571 - Average Score: 9.00 Elapsed time: 0:06:15.784066
2023-07-12 08:32:47.648961 - Epoc #	420	 8.7846200466156
2023-07-12 08:32:49.649376 - Time between reward step: #	379.9946219921112
2023-07-12 08:32:49.649376 - Average Score: 10.00 Elapsed time: 0:06:22.115341
2023-07-12 08:32:56.916559 - Epoc #	430	 9.267597913742065
2023-07-12 08:33:05.669349 - Epoc #	440	 8.752789974212646
2023-07-12 08:33:14.607227 - Epoc #	450	 8.937878131866455
2023-07-12 08:33:23.584203 - Epoc #	460	 8.976975917816162
2023-07-12 08:33:32.689051 - Epoc #	470	 9.10484790802002
2023-07-12 08:33:35.486709 - Time between reward step: #	425.83195519447327
2023-07-12 08:33:35.486709 - Average Score: 11.00 Elapsed time: 0:07:07.954555
2023-07-12 08:33:41.729847 - Epoc #	480	 9.040796041488647
2023-07-12 08:33:50.684575 - Epoc #	490	 8.954728126525879
2023-07-12 08:33:59.584587 - Epoc #	500	 8.900012016296387
2023-07-12 08:34:08.247710 - Epoc #	510	 8.66312289237976
2023-07-12 08:34:16.855095 - Epoc #	520	 8.60738492012024
2023-07-12 08:34:25.866125 - Epoc #	530	 9.011030197143555
2023-07-12 08:34:34.974465 - Epoc #	540	 9.108339786529541
2023-07-12 08:34:43.919520 - Epoc #	550	 8.94505500793457
2023-07-12 08:34:52.750509 - Epoc #	560	 8.830989122390747
2023-07-12 08:35:02.130108 - Epoc #	570	 9.37959909439087
2023-07-12 08:35:11.684529 - Epoc #	580	 9.554420948028564
2023-07-12 08:35:20.689408 - Epoc #	590	 9.004878997802734
2023-07-12 08:35:29.599002 - Epoc #	600	 8.9095938205719
2023-07-12 08:35:39.202791 - Epoc #	610	 9.60378909111023
2023-07-12 08:35:47.894719 - Epoc #	620	 8.691927909851074
2023-07-12 08:35:57.132068 - Epoc #	630	 9.237349033355713
2023-07-12 08:36:05.902118 - Epoc #	640	 8.770050048828125
2023-07-12 08:36:15.021023 - Epoc #	650	 9.118905067443848
2023-07-12 08:36:23.998671 - Epoc #	660	 8.97764801979065
2023-07-12 08:36:32.991325 - Epoc #	670	 8.992653846740723
2023-07-12 08:36:41.747378 - Epoc #	680	 8.75605320930481
2023-07-12 08:36:50.622373 - Epoc #	690	 8.874994993209839
2023-07-12 08:36:59.825476 - Epoc #	700	 9.203102827072144
2023-07-12 08:37:08.982630 - Epoc #	710	 9.157154083251953
2023-07-12 08:37:17.982735 - Epoc #	720	 9.000104904174805
2023-07-12 08:37:26.953647 - Epoc #	730	 8.970911979675293
2023-07-12 08:37:35.861136 - Epoc #	740	 8.90748906135559
2023-07-12 08:37:44.769893 - Epoc #	750	 8.908756971359253
2023-07-12 08:37:53.489848 - Epoc #	760	 8.71995496749878
2023-07-12 08:38:02.663799 - Epoc #	770	 9.173951148986816
2023-07-12 08:38:11.811005 - Epoc #	780	 9.14720606803894
2023-07-12 08:38:20.407186 - Epoc #	790	 8.59618091583252
2023-07-12 08:38:29.253377 - Epoc #	800	 8.846190929412842
2023-07-12 08:38:38.566529 - Epoc #	810	 9.313152074813843
2023-07-12 08:38:47.555471 - Epoc #	820	 8.98894190788269
2023-07-12 08:38:56.651090 - Epoc #	830	 9.095618963241577
2023-07-12 08:39:05.903844 - Epoc #	840	 9.252754211425781
2023-07-12 08:39:15.143403 - Epoc #	850	 9.239558935165405
2023-07-12 08:39:24.126977 - Epoc #	860	 8.983573913574219
2023-07-12 08:39:33.459748 - Epoc #	870	 9.332771062850952
2023-07-12 08:39:37.165917 - Time between reward step: #	787.5111629962921
2023-07-12 08:39:37.165917 - Average Score: 12.00 Elapsed time: 0:13:09.636277
2023-07-12 08:39:39.009696 - Time between reward step: #	789.3549420833588
2023-07-12 08:39:39.009696 - Average Score: 13.00 Elapsed time: 0:13:11.473397
2023-07-12 08:39:40.884698 - Time between reward step: #	791.2299439907074
2023-07-12 08:39:40.884698 - Average Score: 14.00 Elapsed time: 0:13:13.347051
2023-07-12 08:39:42.806568 - Time between reward step: #	793.1518139839172
2023-07-12 08:39:42.806568 - Average Score: 15.00 Elapsed time: 0:13:15.269386
2023-07-12 08:39:42.806568 - Epoc #	880	 9.346819877624512
2023-07-12 08:39:44.681566 - Time between reward step: #	795.0268120765686
2023-07-12 08:39:44.681566 - Average Score: 16.00 Elapsed time: 0:13:17.140764
2023-07-12 08:39:51.712730 - Epoc #	890	 8.906162023544312
2023-07-12 08:39:58.447199 - Time between reward step: #	808.7924451828003
2023-07-12 08:39:58.447199 - Average Score: 17.00 Elapsed time: 0:13:30.911374
2023-07-12 08:40:01.212790 - Epoc #	900	 9.500060081481934
2023-07-12 08:40:05.806571 - Time between reward step: #	816.1518170833588
2023-07-12 08:40:05.806571 - Average Score: 18.00 Elapsed time: 0:13:38.272049
2023-07-12 08:40:10.103774 - Epoc #	910	 8.890984058380127
2023-07-12 08:40:19.108206 - Epoc #	920	 9.004431962966919
2023-07-12 08:40:27.922167 - Epoc #	930	 8.813961029052734
2023-07-12 08:40:36.940047 - Epoc #	940	 9.017879962921143
2023-07-12 08:40:46.190984 - Epoc #	950	 9.25093698501587
2023-07-12 08:40:55.037553 - Epoc #	960	 8.846569061279297
2023-07-12 08:41:03.835947 - Epoc #	970	 8.798393964767456
2023-07-12 08:41:12.984417 - Epoc #	980	 9.148469924926758
2023-07-12 08:41:22.443114 - Epoc #	990	 9.458697080612183
2023-07-12 08:41:31.929142 - Epoc #	1000	 9.486027956008911
2023-07-12 08:41:41.498437 - Epoc #	1010	 9.569294929504395
2023-07-12 08:41:50.582053 - Epoc #	1020	 9.083616018295288
2023-07-12 08:41:59.887173 - Epoc #	1030	 9.30511999130249
2023-07-12 08:42:09.093040 - Epoc #	1040	 9.205867052078247
2023-07-12 08:42:18.082262 - Epoc #	1050	 8.989222049713135
2023-07-12 08:42:26.883599 - Epoc #	1060	 8.801337003707886
2023-07-12 08:42:36.041535 - Epoc #	1070	 9.157935857772827
2023-07-12 08:42:44.842690 - Epoc #	1080	 8.801155090332031
2023-07-12 08:42:54.032125 - Epoc #	1090	 9.189435005187988
2023-07-12 08:43:03.191310 - Epoc #	1100	 9.15918493270874
2023-07-12 08:43:12.064274 - Epoc #	1110	 8.872964143753052
2023-07-12 08:43:21.097380 - Epoc #	1120	 9.033105850219727
2023-07-12 08:43:30.116830 - Epoc #	1130	 9.019450187683105
2023-07-12 08:43:39.439242 - Epoc #	1140	 9.32241177558899
2023-07-12 08:43:48.396716 - Epoc #	1150	 8.95747423171997
2023-07-12 08:43:57.743180 - Epoc #	1160	 9.346463918685913
2023-07-12 08:44:06.372214 - Epoc #	1170	 8.629034042358398
2023-07-12 08:44:15.283308 - Epoc #	1180	 8.911093950271606
2023-07-12 08:44:24.060282 - Epoc #	1190	 8.776973962783813
2023-07-12 08:44:33.385983 - Epoc #	1200	 9.325700998306274
2023-07-12 08:44:42.735674 - Epoc #	1210	 9.349690914154053
2023-07-12 08:44:51.924280 - Epoc #	1220	 9.188606023788452
2023-07-12 08:45:00.973244 - Epoc #	1230	 9.048964023590088
2023-07-12 08:45:09.939340 - Epoc #	1240	 8.96609616279602
2023-07-12 08:45:19.323123 - Epoc #	1250	 9.383782863616943
2023-07-12 08:45:28.769978 - Epoc #	1260	 9.446855068206787
2023-07-12 08:45:37.951966 - Epoc #	1270	 9.181988000869751
2023-07-12 08:45:47.183298 - Epoc #	1280	 9.231332063674927
2023-07-12 08:45:56.486235 - Epoc #	1290	 9.302936792373657
2023-07-12 08:46:05.095593 - Epoc #	1300	 8.609358072280884
2023-07-12 08:46:13.978593 - Epoc #	1310	 8.883000135421753
2023-07-12 08:46:23.346205 - Epoc #	1320	 9.3676118850708
2023-07-12 08:46:32.312576 - Epoc #	1330	 8.966371059417725
2023-07-12 08:46:41.656280 - Epoc #	1340	 9.343703985214233
2023-07-12 08:46:50.923704 - Epoc #	1350	 9.267423868179321
2023-07-12 08:47:00.067798 - Epoc #	1360	 9.144093990325928
2023-07-12 08:47:09.071455 - Epoc #	1370	 9.003657102584839
2023-07-12 08:47:18.332040 - Epoc #	1380	 9.260585069656372
2023-07-12 08:47:27.612432 - Epoc #	1390	 9.280391931533813
2023-07-12 08:47:36.971600 - Epoc #	1400	 9.35916805267334
2023-07-12 08:47:46.029166 - Epoc #	1410	 9.057565927505493
2023-07-12 08:47:55.547102 - Epoc #	1420	 9.517935991287231
2023-07-12 08:48:04.457083 - Epoc #	1430	 8.90998101234436
2023-07-12 08:48:13.984556 - Epoc #	1440	 9.527472972869873
2023-07-12 08:48:23.441853 - Epoc #	1450	 9.457297086715698
2023-07-12 08:48:33.152184 - Epoc #	1460	 9.710330963134766
2023-07-12 08:48:42.152415 - Epoc #	1470	 9.00023102760315
2023-07-12 08:48:51.551017 - Epoc #	1480	 9.39860200881958
2023-07-12 08:49:00.352069 - Epoc #	1490	 8.80105185508728
2023-07-12 08:49:09.341874 - Epoc #	1500	 8.989804983139038
2023-07-12 08:49:18.482101 - Epoc #	1510	 9.14022707939148
2023-07-12 08:49:27.778600 - Epoc #	1520	 9.296499013900757
2023-07-12 08:49:36.901989 - Epoc #	1530	 9.12338900566101
2023-07-12 08:49:46.006283 - Epoc #	1540	 9.104294061660767
2023-07-12 08:49:55.161579 - Epoc #	1550	 9.155295848846436
2023-07-12 08:50:04.732043 - Epoc #	1560	 9.570464134216309
2023-07-12 08:50:14.438493 - Epoc #	1570	 9.70644998550415
2023-07-12 08:50:24.492455 - Epoc #	1580	 10.053961992263794
2023-07-12 08:50:33.557118 - Epoc #	1590	 9.06466293334961
2023-07-12 08:50:42.956967 - Epoc #	1600	 9.39984917640686
2023-07-12 08:50:52.203570 - Epoc #	1610	 9.246602773666382
2023-07-12 08:51:01.377239 - Epoc #	1620	 9.17366909980774
2023-07-12 08:51:11.562875 - Epoc #	1630	 10.185636043548584
2023-07-12 08:51:20.847032 - Epoc #	1640	 9.284157037734985
2023-07-12 08:51:30.454356 - Epoc #	1650	 9.60732388496399
2023-07-12 08:51:40.281926 - Epoc #	1660	 9.827569961547852
2023-07-12 08:51:49.537087 - Epoc #	1670	 9.255161046981812
2023-07-12 08:51:59.000825 - Epoc #	1680	 9.463737964630127
2023-07-12 08:52:08.542324 - Epoc #	1690	 9.541499137878418
2023-07-12 08:52:17.274321 - Epoc #	1700	 8.731997013092041
2023-07-12 08:52:26.690100 - Epoc #	1710	 9.415778875350952
2023-07-12 08:52:35.331468 - Epoc #	1720	 8.64136815071106
2023-07-12 08:52:45.161791 - Epoc #	1730	 9.830322980880737
2023-07-12 08:52:53.560970 - Epoc #	1740	 8.399178981781006
2023-07-12 08:53:02.785155 - Epoc #	1750	 9.2241849899292
2023-07-12 08:53:11.444876 - Epoc #	1760	 8.65972089767456
2023-07-12 08:53:20.469737 - Epoc #	1770	 9.024861097335815
2023-07-12 08:53:29.094340 - Epoc #	1780	 8.624603033065796
2023-07-12 08:53:38.337376 - Epoc #	1790	 9.243036031723022
2023-07-12 08:53:47.333161 - Epoc #	1800	 8.995784997940063
2023-07-12 08:53:56.377695 - Epoc #	1810	 9.044533967971802
2023-07-12 08:54:05.496391 - Epoc #	1820	 9.118695974349976
2023-07-12 08:54:14.466153 - Epoc #	1830	 8.969761848449707
2023-07-12 08:54:23.930768 - Epoc #	1840	 9.464615106582642
2023-07-12 08:54:33.727235 - Epoc #	1850	 9.796467065811157
2023-07-12 08:54:41.721193 - Epoc #	1860	 7.993957996368408
2023-07-12 08:54:51.035611 - Epoc #	1870	 9.314417839050293
2023-07-12 08:54:59.759039 - Epoc #	1880	 8.723428010940552
2023-07-12 08:55:08.600925 - Epoc #	1890	 8.841886043548584
2023-07-12 08:55:18.092645 - Epoc #	1900	 9.491719961166382
2023-07-12 08:55:27.771658 - Epoc #	1910	 9.679013013839722
2023-07-12 08:55:37.589622 - Epoc #	1920	 9.81796407699585
2023-07-12 08:55:46.217295 - Epoc #	1930	 8.627672910690308
2023-07-12 08:55:55.584777 - Epoc #	1940	 9.36748218536377
2023-07-12 08:56:04.921098 - Epoc #	1950	 9.336320877075195
2023-07-12 08:56:13.921549 - Epoc #	1960	 9.00045108795166
2023-07-12 08:56:23.380865 - Epoc #	1970	 9.45931601524353
2023-07-12 08:56:32.102907 - Epoc #	1980	 8.722041845321655
2023-07-12 08:56:41.572521 - Epoc #	1990	 9.469614028930664
2023-07-12 08:56:51.033628 - Epoc #	2000	 9.461107015609741
2023-07-12 08:57:00.056700 - Epoc #	2010	 9.023072004318237
2023-07-12 08:57:08.749204 - Epoc #	2020	 8.692503929138184
2023-07-12 08:57:17.979208 - Epoc #	2030	 9.230004072189331
2023-07-12 08:57:27.515240 - Epoc #	2040	 9.53603196144104
2023-07-12 08:57:36.894376 - Epoc #	2050	 9.379136085510254
2023-07-12 08:57:47.083771 - Epoc #	2060	 10.1893949508667
2023-07-12 08:57:56.479391 - Epoc #	2070	 9.395620107650757
2023-07-12 08:58:06.109212 - Epoc #	2080	 9.629820823669434
2023-07-12 08:58:15.683637 - Epoc #	2090	 9.574424982070923
2023-07-12 08:58:24.919617 - Epoc #	2100	 9.235980033874512
2023-07-12 08:58:34.294464 - Epoc #	2110	 9.374847173690796
2023-07-12 08:58:43.886459 - Epoc #	2120	 9.591995000839233
2023-07-12 08:58:53.749055 - Epoc #	2130	 9.862595796585083
2023-07-12 08:59:03.134308 - Epoc #	2140	 9.385253190994263
2023-07-12 08:59:12.899190 - Epoc #	2150	 9.76488184928894
2023-07-12 08:59:22.799770 - Epoc #	2160	 9.900580167770386
2023-07-12 08:59:32.143287 - Epoc #	2170	 9.343516826629639
2023-07-12 08:59:41.769543 - Epoc #	2180	 9.626255989074707
2023-07-12 08:59:51.318338 - Epoc #	2190	 9.548794984817505
2023-07-12 09:00:00.964544 - Epoc #	2200	 9.646206140518188
2023-07-12 09:00:10.591885 - Epoc #	2210	 9.627341032028198
2023-07-12 09:00:19.959746 - Epoc #	2220	 9.367860794067383
2023-07-12 09:00:29.407966 - Epoc #	2230	 9.448220014572144
2023-07-12 09:00:38.449766 - Epoc #	2240	 9.041800022125244
2023-07-12 09:00:47.882963 - Epoc #	2250	 9.433197021484375
2023-07-12 09:00:57.381296 - Epoc #	2260	 9.498332977294922
2023-07-12 09:01:06.610823 - Epoc #	2270	 9.229526996612549
2023-07-12 09:01:17.233353 - Epoc #	2280	 10.622529983520508
2023-07-12 09:01:26.872471 - Epoc #	2290	 9.639118194580078
2023-07-12 09:01:36.134235 - Epoc #	2300	 9.26176381111145
2023-07-12 09:01:45.834028 - Epoc #	2310	 9.699793100357056
2023-07-12 09:01:56.068039 - Epoc #	2320	 10.234010934829712
2023-07-12 09:02:05.880952 - Epoc #	2330	 9.812912940979004
2023-07-12 09:02:15.817404 - Epoc #	2340	 9.936452150344849
2023-07-12 09:02:25.595946 - Epoc #	2350	 9.778542041778564
2023-07-12 09:02:35.477561 - Epoc #	2360	 9.881614923477173
2023-07-12 09:02:45.537491 - Epoc #	2370	 10.059930086135864
2023-07-12 09:02:55.391826 - Epoc #	2380	 9.854334831237793
2023-07-12 09:03:04.571395 - Epoc #	2390	 9.179569005966187
2023-07-12 09:03:13.994786 - Epoc #	2400	 9.423391103744507
2023-07-12 09:03:23.879284 - Epoc #	2410	 9.884497880935669
2023-07-12 09:03:33.449618 - Epoc #	2420	 9.570334196090698
2023-07-12 09:03:42.839580 - Epoc #	2430	 9.389961957931519
2023-07-12 09:03:52.024550 - Epoc #	2440	 9.184969902038574
2023-07-12 09:04:01.071877 - Epoc #	2450	 9.047327041625977
2023-07-12 09:04:11.400668 - Epoc #	2460	 10.32879090309143
2023-07-12 09:04:20.639841 - Epoc #	2470	 9.239173173904419
2023-07-12 09:04:29.915557 - Epoc #	2480	 9.275715827941895
2023-07-12 09:04:39.200658 - Epoc #	2490	 9.285101175308228
2023-07-12 09:04:48.747040 - Epoc #	2500	 9.546381950378418
2023-07-12 09:04:58.657754 - Epoc #	2510	 9.910713911056519
2023-07-12 09:05:07.733485 - Epoc #	2520	 9.075731039047241
2023-07-12 09:05:18.129390 - Epoc #	2530	 10.395905017852783
2023-07-12 09:05:27.226347 - Epoc #	2540	 9.096956968307495
2023-07-12 09:05:36.736752 - Epoc #	2550	 9.51040506362915
2023-07-12 09:05:46.741909 - Epoc #	2560	 10.005156993865967
2023-07-12 09:05:56.006774 - Epoc #	2570	 9.264864921569824
2023-07-12 09:06:05.405673 - Epoc #	2580	 9.39889907836914
2023-07-12 09:06:15.424316 - Epoc #	2590	 10.018642902374268
2023-07-12 09:06:24.754514 - Epoc #	2600	 9.330198049545288
2023-07-12 09:06:34.611646 - Epoc #	2610	 9.857131958007812
2023-07-12 09:06:43.633500 - Epoc #	2620	 9.021854162216187
2023-07-12 09:06:53.086647 - Epoc #	2630	 9.453146934509277
2023-07-12 09:07:02.236645 - Epoc #	2640	 9.14999794960022
2023-07-12 09:07:11.026826 - Epoc #	2650	 8.790180921554565
2023-07-12 09:07:19.676875 - Epoc #	2660	 8.650049209594727
2023-07-12 09:07:28.296522 - Epoc #	2670	 8.619646787643433
2023-07-12 09:07:37.946602 - Epoc #	2680	 9.65008020401001
2023-07-12 09:07:47.648431 - Epoc #	2690	 9.701828956604004
2023-07-12 09:07:56.866545 - Epoc #	2700	 9.218113899230957
2023-07-12 09:08:06.516958 - Epoc #	2710	 9.650413036346436
2023-07-12 09:08:16.517765 - Epoc #	2720	 10.000807046890259
2023-07-12 09:08:25.896707 - Epoc #	2730	 9.378942012786865
2023-07-12 09:08:35.976646 - Epoc #	2740	 10.079938888549805
2023-07-12 09:08:45.756979 - Epoc #	2750	 9.780333042144775
2023-07-12 09:08:55.172789 - Epoc #	2760	 9.415810108184814
2023-07-12 09:09:04.636906 - Epoc #	2770	 9.46411681175232
2023-07-12 09:09:14.461928 - Epoc #	2780	 9.825021982192993
2023-07-12 09:09:21.574883 - Time between reward step: #	2571.9201290607452
2023-07-12 09:09:21.574883 - Average Score: 19.00 Elapsed time: 0:42:54.030856
2023-07-12 09:09:24.621728 - Epoc #	2790	 10.159800052642822
2023-07-12 09:09:25.697150 - Time between reward step: #	2576.042396068573
2023-07-12 09:09:25.697150 - Average Score: 20.00 Elapsed time: 0:42:58.154358
2023-07-12 09:09:26.701966 - Time between reward step: #	2577.047212123871
2023-07-12 09:09:26.701966 - Average Score: 21.00 Elapsed time: 0:42:59.159341
2023-07-12 09:09:33.842247 - Epoc #	2800	 9.220519065856934
2023-07-12 09:09:43.483815 - Epoc #	2810	 9.641567945480347
2023-07-12 09:09:53.063606 - Epoc #	2820	 9.579791069030762
2023-07-12 09:10:02.206711 - Epoc #	2830	 9.143105030059814
2023-07-12 09:10:11.636702 - Epoc #	2840	 9.429991006851196
2023-07-12 09:10:21.219166 - Epoc #	2850	 9.58246397972107
2023-07-12 09:10:31.017246 - Epoc #	2860	 9.79807996749878
2023-07-12 09:10:40.726914 - Epoc #	2870	 9.709667921066284
2023-07-12 09:10:50.636913 - Epoc #	2880	 9.909999132156372
2023-07-12 09:10:59.947040 - Epoc #	2890	 9.310127019882202
2023-07-12 09:11:09.576777 - Epoc #	2900	 9.62973690032959
2023-07-12 09:11:18.786830 - Epoc #	2910	 9.210052967071533
2023-07-12 09:11:28.958874 - Epoc #	2920	 10.172044038772583
2023-07-12 09:11:38.446898 - Epoc #	2930	 9.48802399635315
2023-07-12 09:11:48.604373 - Epoc #	2940	 10.157474994659424
2023-07-12 09:11:57.992157 - Epoc #	2950	 9.387784004211426
2023-07-12 09:12:07.582083 - Epoc #	2960	 9.58992600440979
2023-07-12 09:12:17.071845 - Epoc #	2970	 9.4897620677948
2023-07-12 09:12:27.022040 - Epoc #	2980	 9.950194835662842
2023-07-12 09:12:37.018390 - Epoc #	2990	 9.996350049972534
2023-07-12 09:12:45.746725 - Epoc #	3000	 8.72833514213562
2023-07-12 09:12:55.029945 - Epoc #	3010	 9.283219814300537
2023-07-12 09:13:03.529174 - Epoc #	3020	 8.499229192733765
2023-07-12 09:13:12.822168 - Epoc #	3030	 9.292994022369385
2023-07-12 09:13:21.766727 - Epoc #	3040	 8.94455885887146
2023-07-12 09:13:31.350158 - Epoc #	3050	 9.583431005477905
2023-07-12 09:13:40.806979 - Epoc #	3060	 9.456820964813232
2023-07-12 09:13:50.059053 - Epoc #	3070	 9.252074003219604
2023-07-12 09:13:59.337253 - Epoc #	3080	 9.278200149536133
2023-07-12 09:14:09.562276 - Epoc #	3090	 10.225022792816162
2023-07-12 09:14:19.707792 - Epoc #	3100	 10.145516157150269
2023-07-12 09:14:28.982105 - Epoc #	3110	 9.274312973022461
2023-07-12 09:14:38.347180 - Epoc #	3120	 9.365074872970581
2023-07-12 09:14:47.915214 - Epoc #	3130	 9.568034172058105
2023-07-12 09:14:57.918790 - Epoc #	3140	 10.003576040267944
2023-07-12 09:15:07.727912 - Epoc #	3150	 9.80912184715271
2023-07-12 09:15:17.047127 - Epoc #	3160	 9.319215059280396
2023-07-12 09:15:26.901607 - Epoc #	3170	 9.854480028152466
2023-07-12 09:15:36.152064 - Epoc #	3180	 9.250457048416138
2023-07-12 09:15:45.390151 - Epoc #	3190	 9.238086938858032
2023-07-12 09:15:55.034483 - Epoc #	3200	 9.644331932067871
2023-07-12 09:16:05.357909 - Epoc #	3210	 10.323426008224487
2023-07-12 09:16:15.512443 - Epoc #	3220	 10.154534101486206
2023-07-12 09:16:25.163200 - Epoc #	3230	 9.6507568359375
2023-07-12 09:16:34.806133 - Epoc #	3240	 9.642933130264282
2023-07-12 09:16:43.947985 - Epoc #	3250	 9.141851902008057
2023-07-12 09:16:53.405127 - Epoc #	3260	 9.457142114639282
2023-07-12 09:17:02.667651 - Epoc #	3270	 9.262523889541626
2023-07-12 09:17:12.772441 - Epoc #	3280	 10.104789972305298
2023-07-12 09:17:22.350485 - Epoc #	3290	 9.578044176101685
2023-07-12 09:17:32.537477 - Epoc #	3300	 10.186991930007935
2023-07-12 09:17:41.920407 - Epoc #	3310	 9.382930040359497
2023-07-12 09:17:51.737933 - Epoc #	3320	 9.817525863647461
2023-07-12 09:18:01.165012 - Epoc #	3330	 9.42707896232605
2023-07-12 09:18:10.257209 - Epoc #	3340	 9.092197179794312
2023-07-12 09:18:19.709295 - Epoc #	3350	 9.452085971832275
2023-07-12 09:18:29.228954 - Epoc #	3360	 9.519659042358398
2023-07-12 09:18:38.879561 - Epoc #	3370	 9.650606870651245
2023-07-12 09:18:48.474150 - Epoc #	3380	 9.594588994979858
2023-07-12 09:18:57.651487 - Epoc #	3390	 9.177337169647217
2023-07-12 09:19:07.100282 - Epoc #	3400	 9.448794841766357
2023-07-12 09:19:16.992075 - Epoc #	3410	 9.891793012619019
2023-07-12 09:19:27.047288 - Epoc #	3420	 10.05521297454834
2023-07-12 09:19:36.772718 - Epoc #	3430	 9.725430011749268
2023-07-12 09:19:46.514033 - Epoc #	3440	 9.741315126419067
2023-07-12 09:19:55.392654 - Epoc #	3450	 8.878620862960815
2023-07-12 09:20:05.267179 - Epoc #	3460	 9.87452507019043
2023-07-12 09:20:16.463307 - Epoc #	3470	 11.196127891540527
2023-07-12 09:20:25.901799 - Epoc #	3480	 9.438492059707642
2023-07-12 09:20:36.718401 - Epoc #	3490	 10.816601991653442
2023-07-12 09:20:46.129521 - Epoc #	3500	 9.411119937896729
2023-07-12 09:20:55.760915 - Epoc #	3510	 9.631394147872925
2023-07-12 09:21:05.132589 - Epoc #	3520	 9.371674060821533
2023-07-12 09:21:14.420660 - Epoc #	3530	 9.288070917129517
2023-07-12 09:21:23.608073 - Epoc #	3540	 9.187412977218628
2023-07-12 09:21:33.407273 - Epoc #	3550	 9.799200057983398
2023-07-12 09:21:43.336265 - Epoc #	3560	 9.92899203300476
2023-07-12 09:21:52.840326 - Epoc #	3570	 9.504060983657837
2023-07-12 09:22:02.245377 - Epoc #	3580	 9.405050992965698
2023-07-12 09:22:11.743613 - Epoc #	3590	 9.498235940933228
2023-07-12 09:22:21.357552 - Epoc #	3600	 9.613939046859741
2023-07-12 09:22:31.230049 - Epoc #	3610	 9.872496843338013
2023-07-12 09:22:40.850471 - Epoc #	3620	 9.620422124862671
2023-07-12 09:22:50.348723 - Epoc #	3630	 9.498251914978027
2023-07-12 09:23:00.984760 - Epoc #	3640	 10.636037111282349
2023-07-12 09:23:11.893642 - Epoc #	3650	 10.908881902694702
2023-07-12 09:23:21.528687 - Epoc #	3660	 9.635045051574707
2023-07-12 09:23:31.038508 - Epoc #	3670	 9.509820938110352
2023-07-12 09:23:40.841161 - Epoc #	3680	 9.802653074264526
2023-07-12 09:23:50.399294 - Epoc #	3690	 9.558132886886597
2023-07-12 09:23:59.588563 - Epoc #	3700	 9.189269065856934
2023-07-12 09:24:09.312198 - Epoc #	3710	 9.723634958267212
2023-07-12 09:24:19.521841 - Epoc #	3720	 10.209643125534058
2023-07-12 09:24:28.611526 - Epoc #	3730	 9.089684963226318
2023-07-12 09:24:38.605529 - Epoc #	3740	 9.994003057479858
2023-07-12 09:24:48.625019 - Epoc #	3750	 10.019490003585815
2023-07-12 09:24:58.627410 - Epoc #	3760	 10.00239086151123
2023-07-12 09:25:09.055896 - Epoc #	3770	 10.428486108779907
2023-07-12 09:25:18.872507 - Epoc #	3780	 9.816611051559448
2023-07-12 09:25:29.022791 - Epoc #	3790	 10.150283813476562
2023-07-12 09:25:38.661585 - Epoc #	3800	 9.638794183731079
2023-07-12 09:25:48.184354 - Epoc #	3810	 9.5227689743042
2023-07-12 09:25:57.804352 - Epoc #	3820	 9.61999797821045
2023-07-12 09:26:07.211764 - Epoc #	3830	 9.407412052154541
2023-07-12 09:26:17.242892 - Epoc #	3840	 10.0311279296875
2023-07-12 09:26:27.184319 - Epoc #	3850	 9.941426992416382
2023-07-12 09:26:36.768710 - Epoc #	3860	 9.584390878677368
2023-07-12 09:26:46.599866 - Epoc #	3870	 9.831156015396118
2023-07-12 09:26:56.404562 - Epoc #	3880	 9.804696083068848
2023-07-12 09:27:06.867543 - Epoc #	3890	 10.46298098564148
2023-07-12 09:27:16.327787 - Epoc #	3900	 9.460243940353394
2023-07-12 09:27:25.388117 - Epoc #	3910	 9.060330152511597
2023-07-12 09:27:34.724247 - Epoc #	3920	 9.336129903793335
2023-07-12 09:27:44.604712 - Epoc #	3930	 9.880465030670166
2023-07-12 09:27:54.227504 - Epoc #	3940	 9.62279200553894
2023-07-12 09:28:03.657970 - Epoc #	3950	 9.430465936660767
2023-07-12 09:28:13.207667 - Epoc #	3960	 9.549697160720825
2023-07-12 09:28:22.897989 - Epoc #	3970	 9.690321922302246
2023-07-12 09:28:32.217705 - Epoc #	3980	 9.319715976715088
2023-07-12 09:28:42.419473 - Epoc #	3990	 10.201767921447754
2023-07-12 09:28:51.727528 - Epoc #	4000	 9.30805516242981
2023-07-12 09:29:01.515327 - Epoc #	4010	 9.787798881530762
2023-07-12 09:29:10.877578 - Epoc #	4020	 9.362251043319702
2023-07-12 09:29:20.437495 - Epoc #	4030	 9.559916973114014
2023-07-12 09:29:30.049889 - Epoc #	4040	 9.612394094467163
2023-07-12 09:29:39.377501 - Epoc #	4050	 9.327611923217773
2023-07-12 09:29:48.492900 - Epoc #	4060	 9.11539888381958
2023-07-12 09:29:58.324052 - Epoc #	4070	 9.831152200698853
2023-07-12 09:30:07.677964 - Epoc #	4080	 9.353911876678467
2023-07-12 09:30:17.395712 - Epoc #	4090	 9.717747926712036
2023-07-12 09:30:27.256227 - Epoc #	4100	 9.860515117645264
2023-07-12 09:30:38.010116 - Epoc #	4110	 10.753889083862305
2023-07-12 09:30:47.518539 - Epoc #	4120	 9.5084228515625
2023-07-12 09:30:56.797790 - Epoc #	4130	 9.279251098632812
2023-07-12 09:31:03.577863 - Time between reward step: #	3873.9231090545654
2023-07-12 09:31:03.577863 - Average Score: 22.00 Elapsed time: 1:04:36.043025
2023-07-12 09:31:06.287831 - Epoc #	4140	 9.490041017532349
2023-07-12 09:31:09.218915 - Time between reward step: #	3879.5641610622406
2023-07-12 09:31:09.218915 - Average Score: 23.00 Elapsed time: 1:04:41.678740
2023-07-12 09:31:15.663092 - Epoc #	4150	 9.375260829925537
2023-07-12 09:31:21.379050 - Time between reward step: #	3891.724296092987
2023-07-12 09:31:21.379050 - Average Score: 24.00 Elapsed time: 1:04:53.835010
2023-07-12 09:31:24.260620 - Time between reward step: #	3894.6058661937714
2023-07-12 09:31:24.260620 - Average Score: 25.00 Elapsed time: 1:04:56.720126
2023-07-12 09:31:25.203313 - Epoc #	4160	 9.540221214294434
2023-07-12 09:31:35.507842 - Epoc #	4170	 10.304528951644897
2023-07-12 09:31:45.142670 - Epoc #	4180	 9.634827852249146
2023-07-12 09:31:54.458118 - Epoc #	4190	 9.31544804573059
2023-07-12 09:32:04.383361 - Epoc #	4200	 9.925243139266968
2023-07-12 09:32:13.464925 - Epoc #	4210	 9.081563949584961
2023-07-12 09:32:22.677926 - Epoc #	4220	 9.213001012802124
2023-07-12 09:32:32.320083 - Epoc #	4230	 9.642156839370728
2023-07-12 09:32:41.827798 - Epoc #	4240	 9.507714986801147
2023-07-12 09:32:51.318648 - Epoc #	4250	 9.49085021018982
2023-07-12 09:33:00.489027 - Epoc #	4260	 9.170378923416138
2023-07-12 09:33:10.308091 - Epoc #	4270	 9.819063901901245
2023-07-12 09:33:19.428034 - Epoc #	4280	 9.119943141937256
2023-07-12 09:33:29.173013 - Epoc #	4290	 9.744978904724121
2023-07-12 09:33:38.397959 - Epoc #	4300	 9.224946022033691
2023-07-12 09:33:47.752741 - Epoc #	4310	 9.354782104492188
2023-07-12 09:33:57.092922 - Epoc #	4320	 9.34018087387085
2023-07-12 09:34:06.668186 - Epoc #	4330	 9.575263977050781
2023-07-12 09:34:16.018429 - Epoc #	4340	 9.350243091583252
2023-07-12 09:34:25.738270 - Epoc #	4350	 9.719841003417969
2023-07-12 09:34:34.948856 - Epoc #	4360	 9.210586071014404
2023-07-12 09:34:44.350238 - Epoc #	4370	 9.401381969451904
2023-07-12 09:34:53.938124 - Epoc #	4380	 9.587885856628418
2023-07-12 09:35:03.398010 - Epoc #	4390	 9.459886074066162
2023-07-12 09:35:12.718141 - Epoc #	4400	 9.320131063461304
2023-07-12 09:35:21.798031 - Epoc #	4410	 9.079890012741089
2023-07-12 09:35:31.178312 - Epoc #	4420	 9.3802809715271
2023-07-12 09:35:41.462679 - Epoc #	4430	 10.284366846084595
2023-07-12 09:35:51.067942 - Epoc #	4440	 9.605262994766235
2023-07-12 09:36:00.433156 - Epoc #	4450	 9.365214109420776
2023-07-12 09:36:09.582991 - Epoc #	4460	 9.149834871292114
2023-07-12 09:36:19.227885 - Epoc #	4470	 9.644894123077393
2023-07-12 09:36:28.939962 - Epoc #	4480	 9.712076902389526
2023-07-12 09:36:38.281290 - Epoc #	4490	 9.341328144073486
2023-07-12 09:36:47.878120 - Epoc #	4500	 9.596829891204834
2023-07-12 09:36:57.861454 - Epoc #	4510	 9.983334064483643
2023-07-12 09:37:07.380767 - Epoc #	4520	 9.519313097000122
2023-07-12 09:37:16.680008 - Epoc #	4530	 9.299240827560425
2023-07-12 09:37:25.888362 - Epoc #	4540	 9.208353996276855
2023-07-12 09:37:35.318264 - Epoc #	4550	 9.429902076721191
2023-07-12 09:37:44.470420 - Epoc #	4560	 9.152155876159668
2023-07-12 09:37:54.588312 - Epoc #	4570	 10.117892026901245
2023-07-12 09:38:04.187990 - Epoc #	4580	 9.599678039550781
2023-07-12 09:38:13.658066 - Epoc #	4590	 9.470076084136963
2023-07-12 09:38:22.479755 - Epoc #	4600	 8.821688890457153
2023-07-12 09:38:33.063076 - Epoc #	4610	 10.58332109451294
2023-07-12 09:38:42.738110 - Epoc #	4620	 9.675034046173096
2023-07-12 09:38:52.327973 - Epoc #	4630	 9.589862823486328
2023-07-12 09:39:01.693118 - Epoc #	4640	 9.365145206451416
2023-07-12 09:39:11.589046 - Epoc #	4650	 9.895927906036377
2023-07-12 09:39:20.648297 - Epoc #	4660	 9.059251070022583
2023-07-12 09:39:30.018386 - Epoc #	4670	 9.370088815689087
2023-07-12 09:39:39.758121 - Epoc #	4680	 9.739735126495361
2023-07-12 09:39:49.338207 - Epoc #	4690	 9.58008599281311
2023-07-12 09:39:58.858261 - Epoc #	4700	 9.52005410194397
2023-07-12 09:40:08.674354 - Epoc #	4710	 9.81609296798706
2023-07-12 09:40:17.807195 - Epoc #	4720	 9.132840871810913
2023-07-12 09:40:27.308549 - Epoc #	4730	 9.501353979110718
2023-07-12 09:40:36.527800 - Epoc #	4740	 9.219251155853271
2023-07-12 09:40:46.068071 - Epoc #	4750	 9.540270805358887
2023-07-12 09:40:55.251329 - Epoc #	4760	 9.183258056640625
2023-07-12 09:41:04.492779 - Epoc #	4770	 9.241450071334839
2023-07-12 09:41:14.238234 - Epoc #	4780	 9.745455026626587
2023-07-12 09:41:23.998085 - Epoc #	4790	 9.759850978851318
2023-07-12 09:41:33.138705 - Epoc #	4800	 9.140619993209839
2023-07-12 09:41:42.485445 - Epoc #	4810	 9.346740007400513
2023-07-12 09:41:51.813493 - Epoc #	4820	 9.32804799079895
2023-07-12 09:42:01.138390 - Epoc #	4830	 9.324897050857544
2023-07-12 09:42:10.912507 - Epoc #	4840	 9.77411699295044
2023-07-12 09:42:20.368430 - Epoc #	4850	 9.455922842025757
2023-07-12 09:42:30.408081 - Epoc #	4860	 10.039651155471802
2023-07-12 09:42:39.693642 - Epoc #	4870	 9.285560846328735
2023-07-12 09:42:49.618528 - Epoc #	4880	 9.924885988235474
2023-07-12 09:43:00.556743 - Epoc #	4890	 10.938215017318726
2023-07-12 09:43:10.496874 - Epoc #	4900	 9.940131187438965
2023-07-12 09:43:19.877951 - Epoc #	4910	 9.38107681274414
2023-07-12 09:43:28.905454 - Epoc #	4920	 9.02750301361084
2023-07-12 09:43:38.137896 - Epoc #	4930	 9.232442140579224
2023-07-12 09:43:47.945695 - Epoc #	4940	 9.807798862457275
2023-07-12 09:43:57.843217 - Epoc #	4950	 9.89752197265625
2023-07-12 09:44:07.609571 - Epoc #	4960	 9.766354084014893
2023-07-12 09:44:17.064024 - Epoc #	4970	 9.454452991485596
2023-07-12 09:44:26.995775 - Epoc #	4980	 9.931751012802124
2023-07-12 09:44:36.487232 - Epoc #	4990	 9.491456985473633
2023-07-12 09:44:45.906672 - Epoc #	5000	 9.419440031051636
2023-07-12 09:44:55.471562 - Epoc #	5010	 9.564889907836914
2023-07-12 09:45:05.062655 - Epoc #	5020	 9.591093063354492
2023-07-12 09:45:14.415388 - Epoc #	5030	 9.352733135223389
2023-07-12 09:45:23.544148 - Epoc #	5040	 9.128759860992432
2023-07-12 09:45:32.999996 - Epoc #	5050	 9.455847978591919
2023-07-12 09:45:42.645552 - Epoc #	5060	 9.645555973052979
2023-07-12 09:45:52.052490 - Epoc #	5070	 9.406938076019287
2023-07-12 09:46:01.529798 - Epoc #	5080	 9.47730803489685
2023-07-12 09:46:11.044808 - Epoc #	5090	 9.515009880065918
2023-07-12 09:46:20.124830 - Epoc #	5100	 9.080022096633911
2023-07-12 09:46:28.824337 - Epoc #	5110	 8.699506998062134
2023-07-12 09:46:37.893871 - Epoc #	5120	 9.069534063339233
2023-07-12 09:46:46.757673 - Epoc #	5130	 8.863801956176758
2023-07-12 09:46:56.017374 - Epoc #	5140	 9.259701013565063
2023-07-12 09:47:05.400662 - Epoc #	5150	 9.383287906646729
2023-07-12 09:47:14.653936 - Epoc #	5160	 9.253273963928223
2023-07-12 09:47:24.862643 - Epoc #	5170	 10.208707094192505
2023-07-12 09:47:34.545507 - Epoc #	5180	 9.68286395072937
2023-07-12 09:47:44.753990 - Epoc #	5190	 10.20848298072815
2023-07-12 09:47:54.465489 - Epoc #	5200	 9.711498975753784
2023-07-12 09:48:04.475925 - Epoc #	5210	 10.010436058044434
2023-07-12 09:48:14.679940 - Epoc #	5220	 10.204015016555786
2023-07-12 09:48:23.727075 - Epoc #	5230	 9.0471351146698
2023-07-12 09:48:33.175327 - Epoc #	5240	 9.448251962661743
2023-07-12 09:48:42.791988 - Epoc #	5250	 9.616660833358765
2023-07-12 09:48:52.579859 - Epoc #	5260	 9.78787112236023
2023-07-12 09:49:02.432278 - Epoc #	5270	 9.852418899536133
2023-07-12 09:49:12.719966 - Epoc #	5280	 10.28768801689148
2023-07-12 09:49:23.428034 - Epoc #	5290	 10.708068132400513
2023-07-12 09:49:33.453014 - Epoc #	5300	 10.024979829788208
2023-07-12 09:49:43.374891 - Epoc #	5310	 9.921877145767212
2023-07-12 09:49:53.220700 - Epoc #	5320	 9.845808982849121
2023-07-12 09:50:02.460148 - Epoc #	5330	 9.239448070526123
2023-07-12 09:50:12.570247 - Epoc #	5340	 10.110098838806152
2023-07-12 09:50:22.122476 - Epoc #	5350	 9.552229166030884
2023-07-12 09:50:23.119927 - Time between reward step: #	5033.465173006058
2023-07-12 09:50:23.119927 - Average Score: 26.00 Elapsed time: 1:23:55.580141
2023-07-12 09:50:26.113783 - Time between reward step: #	5036.459028959274
2023-07-12 09:50:26.113783 - Average Score: 27.00 Elapsed time: 1:23:58.572186
2023-07-12 09:50:31.789734 - Epoc #	5360	 9.66725778579712
2023-07-12 09:50:41.499814 - Epoc #	5370	 9.71008014678955
2023-07-12 09:50:50.840569 - Epoc #	5380	 9.340754985809326
2023-07-12 09:50:59.874902 - Epoc #	5390	 9.034332990646362
2023-07-12 09:51:08.942122 - Epoc #	5400	 9.067219972610474
2023-07-12 09:51:18.509877 - Epoc #	5410	 9.567754983901978
2023-07-12 09:51:27.521794 - Epoc #	5420	 9.011917114257812
2023-07-12 09:51:36.869016 - Epoc #	5430	 9.347221851348877
2023-07-12 09:51:47.102156 - Epoc #	5440	 10.233139991760254
2023-07-12 09:51:56.548515 - Epoc #	5450	 9.446359157562256
2023-07-12 09:52:06.537788 - Epoc #	5460	 9.989272832870483
2023-07-12 09:52:17.212999 - Epoc #	5470	 10.675211191177368
2023-07-12 09:52:26.581379 - Epoc #	5480	 9.368379831314087
2023-07-12 09:52:36.488711 - Epoc #	5490	 9.907332181930542
2023-07-12 09:52:46.053065 - Epoc #	5500	 9.564353942871094
2023-07-12 09:52:56.172953 - Epoc #	5510	 10.119887828826904
2023-07-12 09:53:06.041834 - Epoc #	5520	 9.868881225585938
2023-07-12 09:53:15.276135 - Epoc #	5530	 9.2343008518219
2023-07-12 09:53:24.359122 - Epoc #	5540	 9.082987070083618
2023-07-12 09:53:33.742464 - Epoc #	5550	 9.383342027664185
2023-07-12 09:53:42.596073 - Epoc #	5560	 8.853608846664429
2023-07-12 09:53:51.868891 - Epoc #	5570	 9.272818088531494
2023-07-12 09:54:01.506316 - Epoc #	5580	 9.637424945831299
2023-07-12 09:54:11.553263 - Epoc #	5590	 10.046947002410889
2023-07-12 09:54:20.552008 - Epoc #	5600	 8.99874496459961
2023-07-12 09:54:29.494118 - Epoc #	5610	 8.942110061645508
2023-07-12 09:54:38.813295 - Epoc #	5620	 9.31917691230774
2023-07-12 09:54:48.511800 - Epoc #	5630	 9.698505163192749
2023-07-12 09:54:57.385801 - Epoc #	5640	 8.874001026153564
2023-07-12 09:55:06.993841 - Epoc #	5650	 9.608039855957031
2023-07-12 09:55:16.162788 - Epoc #	5660	 9.168946981430054
2023-07-12 09:55:25.630310 - Epoc #	5670	 9.467522144317627
2023-07-12 09:55:35.184259 - Epoc #	5680	 9.553948879241943
2023-07-12 09:55:44.476285 - Epoc #	5690	 9.292026042938232
2023-07-12 09:55:54.750761 - Epoc #	5700	 10.274476051330566
2023-07-12 09:56:03.970547 - Epoc #	5710	 9.219785928726196
2023-07-12 09:56:13.547599 - Epoc #	5720	 9.577052116394043
2023-07-12 09:56:23.880984 - Epoc #	5730	 10.333384990692139
2023-07-12 09:56:33.470127 - Epoc #	5740	 9.58914303779602
2023-07-12 09:56:43.818851 - Epoc #	5750	 10.348723888397217
2023-07-12 09:56:53.703339 - Epoc #	5760	 9.884488105773926
2023-07-12 09:57:01.561969 - Time between reward step: #	5431.907215118408
2023-07-12 09:57:01.561969 - Average Score: 28.00 Elapsed time: 1:30:34.017682
2023-07-12 09:57:03.453119 - Epoc #	5770	 9.74977993965149
2023-07-12 09:57:12.955333 - Epoc #	5780	 9.502213954925537
2023-07-12 09:57:22.552301 - Epoc #	5790	 9.596967935562134
2023-07-12 09:57:32.365707 - Epoc #	5800	 9.813405990600586
2023-07-12 09:57:41.891077 - Epoc #	5810	 9.525370121002197
2023-07-12 09:57:51.962983 - Epoc #	5820	 10.071905851364136
2023-07-12 09:58:01.306662 - Epoc #	5830	 9.343679189682007
2023-07-12 09:58:10.632162 - Epoc #	5840	 9.325500011444092
2023-07-12 09:58:20.612296 - Epoc #	5850	 9.980134010314941
2023-07-12 09:58:30.545225 - Epoc #	5860	 9.932928800582886
2023-07-12 09:58:40.956415 - Epoc #	5870	 10.411190032958984
2023-07-12 09:58:51.584026 - Epoc #	5880	 10.62761116027832
2023-07-12 09:59:00.977577 - Epoc #	5890	 9.393550872802734
2023-07-12 09:59:10.361609 - Epoc #	5900	 9.384032011032104
2023-07-12 09:59:19.890442 - Epoc #	5910	 9.528832912445068
2023-07-12 09:59:30.034788 - Epoc #	5920	 10.144345998764038
2023-07-12 09:59:40.263069 - Epoc #	5930	 10.228281021118164
2023-07-12 09:59:50.121995 - Epoc #	5940	 9.858926057815552
2023-07-12 10:00:00.146872 - Epoc #	5950	 10.024877071380615
2023-07-12 10:00:11.219263 - Epoc #	5960	 11.072391033172607
2023-07-12 10:00:20.817871 - Epoc #	5970	 9.598608016967773
2023-07-12 10:00:29.811224 - Epoc #	5980	 8.993352890014648
2023-07-12 10:00:40.129735 - Epoc #	5990	 10.318511009216309
2023-07-12 10:00:50.091484 - Epoc #	6000	 9.961749076843262
2023-07-12 10:00:54.016223 - Time between reward step: #	5664.36146903038
2023-07-12 10:00:54.016223 - Average Score: 29.00 Elapsed time: 1:34:26.480928
2023-07-12 10:00:55.058889 - Time between reward step: #	5665.404134988785
2023-07-12 10:00:55.058889 - Average Score: 30.00 Elapsed time: 1:34:27.521430
2023-07-12 10:00:59.784335 - Epoc #	6010	 9.692850828170776
2023-07-12 10:01:00.831441 - Time between reward step: #	5671.176687002182
2023-07-12 10:01:00.831441 - Average Score: 31.00 Elapsed time: 1:34:33.287495
2023-07-12 10:01:04.921371 - Time between reward step: #	5675.266617059708
2023-07-12 10:01:04.921371 - Average Score: 32.00 Elapsed time: 1:34:37.389884
2023-07-12 10:01:06.022880 - Time between reward step: #	5676.368126153946
2023-07-12 10:01:06.022880 - Average Score: 33.00 Elapsed time: 1:34:38.492131
2023-07-12 10:01:09.945355 - Epoc #	6020	 10.161020040512085
2023-07-12 10:01:19.853756 - Epoc #	6030	 9.908401012420654
2023-07-12 10:01:29.599291 - Epoc #	6040	 9.745535135269165
2023-07-12 10:01:39.270002 - Epoc #	6050	 9.670710802078247
2023-07-12 10:01:48.912560 - Epoc #	6060	 9.642558097839355
2023-07-12 10:01:58.418025 - Epoc #	6070	 9.505465030670166
2023-07-12 10:02:00.356010 - Time between reward step: #	5730.701256036758
2023-07-12 10:02:00.356010 - Average Score: 34.00 Elapsed time: 1:35:32.811962
2023-07-12 10:02:05.133670 - Time between reward step: #	5735.478916168213
2023-07-12 10:02:05.133670 - Average Score: 35.00 Elapsed time: 1:35:37.591544
2023-07-12 10:02:06.183948 - Time between reward step: #	5736.529194116592
2023-07-12 10:02:06.183948 - Average Score: 36.00 Elapsed time: 1:35:38.641614
2023-07-12 10:02:08.505313 - Epoc #	6080	 10.087287902832031
2023-07-12 10:02:18.933711 - Epoc #	6090	 10.428398132324219
2023-07-12 10:02:28.161685 - Epoc #	6100	 9.227973937988281
2023-07-12 10:02:37.568386 - Epoc #	6110	 9.40670108795166
2023-07-12 10:02:46.823308 - Epoc #	6120	 9.254921913146973
2023-07-12 10:02:56.430445 - Epoc #	6130	 9.607136964797974
2023-07-12 10:03:06.362726 - Epoc #	6140	 9.932281017303467
2023-07-12 10:03:16.002940 - Epoc #	6150	 9.640213966369629
2023-07-12 10:03:25.527978 - Epoc #	6160	 9.525038003921509
2023-07-12 10:03:35.983324 - Epoc #	6170	 10.45534610748291
2023-07-12 10:03:45.618532 - Epoc #	6180	 9.635207891464233
2023-07-12 10:03:55.268287 - Epoc #	6190	 9.649755001068115
2023-07-12 10:04:04.588583 - Epoc #	6200	 9.320296049118042
2023-07-12 10:04:14.023886 - Epoc #	6210	 9.435302972793579
2023-07-12 10:04:23.248712 - Epoc #	6220	 9.224826097488403
2023-07-12 10:04:33.043130 - Epoc #	6230	 9.79441785812378
2023-07-12 10:04:43.181003 - Epoc #	6240	 10.13787317276001
2023-07-12 10:04:53.743722 - Epoc #	6250	 10.562718868255615
2023-07-12 10:05:03.663986 - Epoc #	6260	 9.92026400566101
2023-07-12 10:05:14.180808 - Epoc #	6270	 10.516822099685669
2023-07-12 10:05:24.538599 - Epoc #	6280	 10.35779094696045
2023-07-12 10:05:34.668492 - Epoc #	6290	 10.129893064498901
2023-07-12 10:05:44.478860 - Epoc #	6300	 9.810367822647095
2023-07-12 10:05:54.700683 - Epoc #	6310	 10.22182321548462
2023-07-12 10:06:02.215594 - Time between reward step: #	5972.560840129852
2023-07-12 10:06:02.215594 - Average Score: 37.00 Elapsed time: 1:39:34.671745
2023-07-12 10:06:03.297623 - Time between reward step: #	5973.6428689956665
2023-07-12 10:06:03.297623 - Average Score: 38.00 Elapsed time: 1:39:35.753501
2023-07-12 10:06:05.365920 - Epoc #	6320	 10.665236949920654
2023-07-12 10:06:07.517623 - Time between reward step: #	5977.862869024277
2023-07-12 10:06:07.517623 - Average Score: 39.00 Elapsed time: 1:39:39.974088
2023-07-12 10:06:14.615002 - Time between reward step: #	5984.960247993469
2023-07-12 10:06:14.615002 - Average Score: 40.00 Elapsed time: 1:39:47.072677
2023-07-12 10:06:15.708832 - Epoc #	6330	 10.342911958694458
2023-07-12 10:06:25.838460 - Epoc #	6340	 10.12962794303894
2023-07-12 10:06:35.992556 - Epoc #	6350	 10.154096126556396
2023-07-12 10:06:45.889112 - Epoc #	6360	 9.89655590057373
2023-07-12 10:06:55.718837 - Epoc #	6370	 9.82972502708435
2023-07-12 10:07:05.618940 - Epoc #	6380	 9.900103092193604
2023-07-12 10:07:16.477189 - Epoc #	6390	 10.858248949050903
2023-07-12 10:07:26.171195 - Epoc #	6400	 9.694005966186523
2023-07-12 10:07:36.110389 - Epoc #	6410	 9.939193964004517
2023-07-12 10:07:45.986745 - Epoc #	6420	 9.87635612487793
2023-07-12 10:07:56.106461 - Epoc #	6430	 10.119715929031372
2023-07-12 10:08:06.330864 - Epoc #	6440	 10.224402904510498
2023-07-12 10:08:15.874108 - Epoc #	6450	 9.543244123458862
2023-07-12 10:08:25.564482 - Epoc #	6460	 9.69037389755249
2023-07-12 10:08:36.064486 - Epoc #	6470	 10.500004053115845
2023-07-12 10:08:45.545661 - Epoc #	6480	 9.481174945831299
2023-07-12 10:08:55.233118 - Epoc #	6490	 9.687457084655762
2023-07-12 10:09:05.353087 - Epoc #	6500	 10.119968891143799
2023-07-12 10:09:15.291460 - Epoc #	6510	 9.93837308883667
2023-07-12 10:09:25.166540 - Epoc #	6520	 9.875079870223999
2023-07-12 10:09:34.682163 - Epoc #	6530	 9.515623092651367
2023-07-12 10:09:44.369659 - Epoc #	6540	 9.687495946884155
2023-07-12 10:09:53.854040 - Epoc #	6550	 9.484380960464478
2023-07-12 10:10:04.275881 - Epoc #	6560	 10.421841144561768
2023-07-12 10:10:13.807148 - Epoc #	6570	 9.531266927719116
2023-07-12 10:10:23.354038 - Epoc #	6580	 9.546890020370483
2023-07-12 10:10:33.785545 - Epoc #	6590	 10.431507110595703
2023-07-12 10:10:44.457891 - Epoc #	6600	 10.672345876693726
2023-07-12 10:10:54.233576 - Epoc #	6610	 9.77568507194519
2023-07-12 10:11:04.013043 - Epoc #	6620	 9.7794668674469
2023-07-12 10:11:14.995595 - Epoc #	6630	 10.98255205154419
2023-07-12 10:11:24.825486 - Epoc #	6640	 9.829890966415405
2023-07-12 10:11:34.533769 - Epoc #	6650	 9.708282947540283
2023-07-12 10:11:43.908816 - Epoc #	6660	 9.375047206878662
2023-07-12 10:11:53.213026 - Epoc #	6670	 9.30420994758606
2023-07-12 10:12:03.463028 - Epoc #	6680	 10.250001907348633
2023-07-12 10:12:13.341196 - Epoc #	6690	 9.878168106079102
2023-07-12 10:12:22.923829 - Epoc #	6700	 9.582633018493652
2023-07-12 10:12:33.115258 - Epoc #	6710	 10.191428899765015
2023-07-12 10:12:42.741167 - Epoc #	6720	 9.625909090042114
2023-07-12 10:12:52.038458 - Epoc #	6730	 9.297291040420532
2023-07-12 10:13:02.395030 - Epoc #	6740	 10.356571912765503
2023-07-12 10:13:12.312229 - Epoc #	6750	 9.917198896408081
2023-07-12 10:13:17.140349 - Time between reward step: #	6407.485594987869
2023-07-12 10:13:17.140349 - Average Score: 41.00 Elapsed time: 1:46:49.606019
2023-07-12 10:13:20.062226 - Time between reward step: #	6410.4074721336365
2023-07-12 10:13:20.062226 - Average Score: 42.00 Elapsed time: 1:46:52.519540
2023-07-12 10:13:21.905900 - Epoc #	6760	 9.593671083450317
2023-07-12 10:13:31.577855 - Epoc #	6770	 9.671955108642578
2023-07-12 10:13:41.546610 - Epoc #	6780	 9.968755006790161
2023-07-12 10:13:51.093477 - Epoc #	6790	 9.54686689376831
2023-07-12 10:14:00.296610 - Epoc #	6800	 9.20313310623169
2023-07-12 10:14:09.729463 - Epoc #	6810	 9.432852983474731
2023-07-12 10:14:19.374033 - Epoc #	6820	 9.644569873809814
2023-07-12 10:14:29.094600 - Epoc #	6830	 9.720566987991333
2023-07-12 10:14:38.639768 - Epoc #	6840	 9.545167922973633
2023-07-12 10:14:48.263156 - Epoc #	6850	 9.623388051986694
2023-07-12 10:14:58.199248 - Epoc #	6860	 9.936092138290405
2023-07-12 10:15:08.126983 - Epoc #	6870	 9.927734851837158
2023-07-12 10:15:17.986148 - Epoc #	6880	 9.85916519165039
2023-07-12 10:15:27.234869 - Epoc #	6890	 9.24872088432312
2023-07-12 10:15:36.845089 - Epoc #	6900	 9.610219955444336
2023-07-12 10:15:46.720076 - Epoc #	6910	 9.874987125396729
2023-07-12 10:15:56.766963 - Epoc #	6920	 10.046886920928955
2023-07-12 10:16:06.644495 - Epoc #	6930	 9.877532005310059
2023-07-12 10:16:16.525975 - Epoc #	6940	 9.881479978561401
2023-07-12 10:16:27.025997 - Epoc #	6950	 10.500021934509277
2023-07-12 10:16:36.739048 - Time between reward step: #	6607.084294080734
2023-07-12 10:16:36.739048 - Average Score: 43.00 Elapsed time: 1:50:09.199396
2023-07-12 10:16:36.739048 - Epoc #	6960	 9.713051080703735
2023-07-12 10:16:48.548508 - Epoc #	6970	 11.809459924697876
2023-07-12 10:16:58.819322 - Epoc #	6980	 10.270814180374146
2023-07-12 10:17:08.427376 - Epoc #	6990	 9.608053922653198
2023-07-12 10:17:15.257659 - Time between reward step: #	6645.602905035019
2023-07-12 10:17:15.257659 - Average Score: 44.00 Elapsed time: 1:50:47.719988
2023-07-12 10:17:16.291792 - Time between reward step: #	6646.637037992477
2023-07-12 10:17:16.291792 - Average Score: 45.00 Elapsed time: 1:50:48.758397
2023-07-12 10:17:18.549110 - Epoc #	7000	 10.121733903884888
2023-07-12 10:17:29.021075 - Epoc #	7010	 10.471965074539185
2023-07-12 10:17:38.769462 - Epoc #	7020	 9.748387098312378
2023-07-12 10:17:48.660223 - Epoc #	7030	 9.890760898590088
2023-07-12 10:17:59.238223 - Epoc #	7040	 10.57800006866455
2023-07-12 10:18:09.125051 - Epoc #	7050	 9.886827945709229
2023-07-12 10:18:18.652025 - Epoc #	7060	 9.526973962783813
2023-07-12 10:18:28.182349 - Epoc #	7070	 9.53032398223877
2023-07-12 10:18:37.809466 - Epoc #	7080	 9.627116918563843
2023-07-12 10:18:47.267453 - Epoc #	7090	 9.457987070083618
2023-07-12 10:18:56.789186 - Epoc #	7100	 9.521733045578003
2023-07-12 10:19:07.094863 - Epoc #	7110	 10.305676937103271
2023-07-12 10:19:16.626111 - Epoc #	7120	 9.531248092651367
2023-07-12 10:19:26.188615 - Epoc #	7130	 9.562504053115845
2023-07-12 10:19:35.782363 - Epoc #	7140	 9.593747854232788
2023-07-12 10:19:45.770120 - Epoc #	7150	 9.987756967544556
2023-07-12 10:19:55.598216 - Epoc #	7160	 9.828096151351929
2023-07-12 10:20:05.331186 - Epoc #	7170	 9.732969999313354
2023-07-12 10:20:14.718853 - Epoc #	7180	 9.387666940689087
2023-07-12 10:20:25.308237 - Epoc #	7190	 10.589384078979492
2023-07-12 10:20:35.016324 - Epoc #	7200	 9.708086967468262
2023-07-12 10:20:44.919549 - Epoc #	7210	 9.90322494506836
2023-07-12 10:20:54.672348 - Epoc #	7220	 9.752799034118652
2023-07-12 10:21:04.671174 - Epoc #	7230	 9.998826026916504
2023-07-12 10:21:15.397560 - Epoc #	7240	 10.726385831832886
2023-07-12 10:21:26.586806 - Epoc #	7250	 11.18924617767334
2023-07-12 10:21:36.732639 - Epoc #	7260	 10.145833015441895
2023-07-12 10:21:46.179041 - Epoc #	7270	 9.446401834487915
2023-07-12 10:21:56.421008 - Epoc #	7280	 10.24196720123291
2023-07-12 10:22:06.268824 - Epoc #	7290	 9.847815990447998
2023-07-12 10:22:15.655523 - Epoc #	7300	 9.386698961257935
2023-07-12 10:22:25.277397 - Epoc #	7310	 9.62187385559082
2023-07-12 10:22:35.179610 - Epoc #	7320	 9.902213096618652
2023-07-12 10:22:44.745086 - Epoc #	7330	 9.565475940704346
2023-07-12 10:22:54.655436 - Epoc #	7340	 9.91035008430481
2023-07-12 10:23:04.265332 - Epoc #	7350	 9.609895944595337
2023-07-12 10:23:13.696540 - Epoc #	7360	 9.43120813369751
2023-07-12 10:23:23.645315 - Epoc #	7370	 9.948774814605713
2023-07-12 10:23:32.853585 - Epoc #	7380	 9.208270072937012
2023-07-12 10:23:42.175627 - Epoc #	7390	 9.322041988372803
2023-07-12 10:23:52.077227 - Epoc #	7400	 9.901600122451782
2023-07-12 10:24:01.801629 - Epoc #	7410	 9.724401950836182
2023-07-12 10:24:11.606053 - Epoc #	7420	 9.804424047470093
2023-07-12 10:24:21.556949 - Epoc #	7430	 9.9508957862854
2023-07-12 10:24:31.231293 - Epoc #	7440	 9.674344062805176
2023-07-12 10:24:41.188084 - Epoc #	7450	 9.956790924072266
2023-07-12 10:24:51.100917 - Epoc #	7460	 9.912833213806152
2023-07-12 10:25:00.905353 - Epoc #	7470	 9.804435968399048
2023-07-12 10:25:10.653568 - Epoc #	7480	 9.748214960098267
2023-07-12 10:25:19.992296 - Epoc #	7490	 9.338727951049805
2023-07-12 10:25:30.270430 - Epoc #	7500	 10.278134107589722
2023-07-12 10:25:40.010481 - Epoc #	7510	 9.740051031112671
2023-07-12 10:25:49.984316 - Epoc #	7520	 9.973834991455078
2023-07-12 10:25:59.463041 - Epoc #	7530	 9.478724956512451
2023-07-12 10:26:08.741369 - Epoc #	7540	 9.278327941894531
2023-07-12 10:26:18.544172 - Epoc #	7550	 9.802803039550781
2023-07-12 10:26:28.004172 - Epoc #	7560	 9.460000038146973
2023-07-12 10:26:37.604249 - Epoc #	7570	 9.600076913833618
2023-07-12 10:26:47.223485 - Epoc #	7580	 9.61923599243164
2023-07-12 10:26:57.277995 - Epoc #	7590	 10.054510116577148
2023-07-12 10:27:06.702980 - Epoc #	7600	 9.4249849319458
2023-07-12 10:27:16.662630 - Epoc #	7610	 9.959650039672852
2023-07-12 10:27:26.283723 - Epoc #	7620	 9.621093034744263
2023-07-12 10:27:36.059381 - Epoc #	7630	 9.775657892227173
2023-07-12 10:27:45.807070 - Epoc #	7640	 9.747689008712769
2023-07-12 10:27:56.057073 - Epoc #	7650	 10.250003099441528
2023-07-12 10:28:05.744654 - Epoc #	7660	 9.687580823898315
2023-07-12 10:28:15.393260 - Epoc #	7670	 9.648606061935425
2023-07-12 10:28:25.581531 - Epoc #	7680	 10.188271045684814
2023-07-12 10:28:35.146698 - Epoc #	7690	 9.56516695022583
2023-07-12 10:28:44.677885 - Epoc #	7700	 9.531187057495117
2023-07-12 10:28:54.287371 - Epoc #	7710	 9.609485864639282
2023-07-12 10:29:04.341415 - Epoc #	7720	 10.054044008255005
2023-07-12 10:29:13.686483 - Epoc #	7730	 9.345067977905273
2023-07-12 10:29:23.093408 - Epoc #	7740	 9.406925201416016
2023-07-12 10:29:33.491134 - Epoc #	7750	 10.397725820541382
2023-07-12 10:29:42.961869 - Epoc #	7760	 9.4707350730896
2023-07-12 10:29:52.696248 - Epoc #	7770	 9.734379053115845
2023-07-12 10:30:02.258744 - Epoc #	7780	 9.562495946884155
2023-07-12 10:30:11.713141 - Epoc #	7790	 9.454396963119507
2023-07-12 10:30:21.010390 - Epoc #	7800	 9.29724907875061
2023-07-12 10:30:31.249784 - Epoc #	7810	 10.239393949508667
2023-07-12 10:30:40.960929 - Epoc #	7820	 9.711144924163818
2023-07-12 10:30:50.628334 - Epoc #	7830	 9.667405128479004
2023-07-12 10:31:00.395474 - Epoc #	7840	 9.767139911651611
2023-07-12 10:31:09.880413 - Epoc #	7850	 9.484939098358154
2023-07-12 10:31:19.803630 - Epoc #	7860	 9.923217058181763
2023-07-12 10:31:29.398107 - Epoc #	7870	 9.59447693824768
2023-07-12 10:31:39.753821 - Epoc #	7880	 10.355713844299316
2023-07-12 10:31:49.733577 - Epoc #	7890	 9.979756116867065
2023-07-12 10:31:59.234950 - Epoc #	7900	 9.501373052597046
2023-07-12 10:32:09.328328 - Epoc #	7910	 10.093377828598022
2023-07-12 10:32:19.955360 - Epoc #	7920	 10.627032041549683
2023-07-12 10:32:29.733867 - Epoc #	7930	 9.778506994247437
2023-07-12 10:32:39.113383 - Epoc #	7940	 9.379516124725342
2023-07-12 10:32:49.121363 - Epoc #	7950	 10.00797986984253
2023-07-12 10:32:58.599837 - Epoc #	7960	 9.478474140167236
2023-07-12 10:33:08.317427 - Epoc #	7970	 9.717589855194092
2023-07-12 10:33:18.043189 - Epoc #	7980	 9.725762128829956
2023-07-12 10:33:28.228467 - Epoc #	7990	 10.185277938842773
2023-07-12 10:33:38.032877 - Epoc #	8000	 9.804409980773926
2023-07-12 10:33:47.947301 - Epoc #	8010	 9.914423942565918
2023-07-12 10:33:57.895754 - Epoc #	8020	 9.948453187942505
2023-07-12 10:34:07.656827 - Epoc #	8030	 9.761072874069214
2023-07-12 10:34:17.760031 - Epoc #	8040	 10.103204011917114
2023-07-12 10:34:26.441680 - Time between reward step: #	7676.786926031113
2023-07-12 10:34:26.441680 - Average Score: 46.00 Elapsed time: 2:07:58.904261
2023-07-12 10:34:27.352393 - Epoc #	8050	 9.59236192703247
2023-07-12 10:34:31.213160 - Time between reward step: #	7681.558406114578
2023-07-12 10:34:31.213160 - Average Score: 47.00 Elapsed time: 2:08:03.669814
2023-07-12 10:34:35.170061 - Time between reward step: #	7685.515307188034
2023-07-12 10:34:35.170061 - Average Score: 48.00 Elapsed time: 2:08:07.631636
2023-07-12 10:34:37.093679 - Time between reward step: #	7687.438925027847
2023-07-12 10:34:37.093679 - Average Score: 49.00 Elapsed time: 2:08:09.560499
2023-07-12 10:34:37.093679 - Epoc #	8060	 9.741286039352417
2023-07-12 10:34:39.031884 - Time between reward step: #	7689.377130031586
2023-07-12 10:34:39.031884 - Average Score: 50.00 Elapsed time: 2:08:11.498216
2023-07-12 10:34:46.399765 - Epoc #	8070	 9.30608606338501
2023-07-12 10:34:56.257054 - Epoc #	8080	 9.85728907585144
2023-07-12 10:34:57.229735 - Time between reward step: #	7707.574980974197
2023-07-12 10:34:57.229735 - Average Score: 51.00 Elapsed time: 2:08:29.698472
2023-07-12 10:35:01.275711 - Time between reward step: #	7711.620957136154
2023-07-12 10:35:01.275711 - Average Score: 52.00 Elapsed time: 2:08:33.740999
2023-07-12 10:35:06.164588 - Epoc #	8090	 9.907533884048462
2023-07-12 10:35:15.786116 - Epoc #	8100	 9.621527910232544
2023-07-12 10:35:17.778037 - Time between reward step: #	7728.123283147812
2023-07-12 10:35:17.778037 - Average Score: 53.00 Elapsed time: 2:08:50.233800
2023-07-12 10:35:25.886015 - Time between reward step: #	7736.231261014938
2023-07-12 10:35:25.886015 - Average Score: 54.00 Elapsed time: 2:08:58.342648
2023-07-12 10:35:25.886015 - Epoc #	8110	 10.099899053573608
2023-07-12 10:35:35.516237 - Epoc #	8120	 9.630222082138062
2023-07-12 10:35:45.412074 - Epoc #	8130	 9.89583706855774
2023-07-12 10:35:55.389403 - Epoc #	8140	 9.977329015731812
2023-07-12 10:36:05.253244 - Epoc #	8150	 9.863840818405151
2023-07-12 10:36:15.036822 - Epoc #	8160	 9.783578157424927
2023-07-12 10:36:24.916575 - Time between reward step: #	7795.26182103157
2023-07-12 10:36:24.916575 - Average Score: 55.00 Elapsed time: 2:09:57.378444
2023-07-12 10:36:24.916575 - Epoc #	8170	 9.87975287437439
2023-07-12 10:36:34.422922 - Epoc #	8180	 9.506346940994263
2023-07-12 10:36:44.015203 - Epoc #	8190	 9.592281103134155
2023-07-12 10:36:53.702608 - Epoc #	8200	 9.687405109405518
2023-07-12 10:37:03.523599 - Epoc #	8210	 9.820990800857544
2023-07-12 10:37:13.458952 - Epoc #	8220	 9.93535304069519
2023-07-12 10:37:23.504817 - Epoc #	8230	 10.045865058898926
2023-07-12 10:37:33.048838 - Epoc #	8240	 9.544020891189575
2023-07-12 10:37:43.474984 - Epoc #	8250	 10.426146030426025
2023-07-12 10:37:53.141237 - Epoc #	8260	 9.666253089904785
2023-07-12 10:38:03.035577 - Epoc #	8270	 9.89434003829956
2023-07-12 10:38:13.279860 - Epoc #	8280	 10.244282960891724
2023-07-12 10:38:24.112172 - Epoc #	8290	 10.832311868667603
2023-07-12 10:38:34.051878 - Epoc #	8300	 9.939706087112427
2023-07-12 10:38:44.069377 - Epoc #	8310	 10.017498970031738
2023-07-12 10:38:54.383851 - Epoc #	8320	 10.314474105834961
2023-07-12 10:39:04.314330 - Epoc #	8330	 9.930479049682617
2023-07-12 10:39:13.940358 - Epoc #	8340	 9.626027822494507
2023-07-12 10:39:23.875430 - Epoc #	8350	 9.935072183609009
2023-07-12 10:39:33.961985 - Epoc #	8360	 10.086555004119873
2023-07-12 10:39:35.906176 - Time between reward step: #	7986.251422166824
2023-07-12 10:39:35.906176 - Average Score: 56.00 Elapsed time: 2:13:08.372321
2023-07-12 10:39:42.267393 - Time between reward step: #	7992.6126391887665
2023-07-12 10:39:42.267393 - Average Score: 57.00 Elapsed time: 2:13:14.734474
2023-07-12 10:39:44.288811 - Epoc #	8370	 10.326825857162476
2023-07-12 10:39:48.303036 - Time between reward step: #	7998.648282051086
2023-07-12 10:39:48.303036 - Average Score: 58.00 Elapsed time: 2:13:20.759063
2023-07-12 10:39:51.422317 - Time between reward step: #	8001.7675631046295
2023-07-12 10:39:51.422317 - Average Score: 59.00 Elapsed time: 2:13:23.882673
2023-07-12 10:39:54.790093 - Epoc #	8380	 10.501281976699829
2023-07-12 10:39:55.855799 - Time between reward step: #	8006.201045036316
2023-07-12 10:39:55.855799 - Average Score: 60.00 Elapsed time: 2:13:28.318280
2023-07-12 10:39:56.924497 - Time between reward step: #	8007.269742965698
2023-07-12 10:39:56.924497 - Average Score: 61.00 Elapsed time: 2:13:29.386583
2023-07-12 10:40:05.131050 - Epoc #	8390	 10.340957164764404
2023-07-12 10:40:14.854503 - Epoc #	8400	 9.723452806472778
2023-07-12 10:40:24.524258 - Epoc #	8410	 9.669754981994629
2023-07-12 10:40:34.808353 - Epoc #	8420	 10.284095048904419
2023-07-12 10:40:44.998401 - Epoc #	8430	 10.190047979354858
2023-07-12 10:40:54.628262 - Epoc #	8440	 9.629861116409302
2023-07-12 10:41:04.164160 - Epoc #	8450	 9.535897970199585
2023-07-12 10:41:13.670295 - Epoc #	8460	 9.506134986877441
2023-07-12 10:41:24.033395 - Epoc #	8470	 10.363100051879883
2023-07-12 10:41:34.254588 - Epoc #	8480	 10.221192836761475
2023-07-12 10:41:44.056152 - Epoc #	8490	 9.80156421661377
2023-07-12 10:41:53.807394 - Epoc #	8500	 9.75124192237854
2023-07-12 10:42:03.685154 - Epoc #	8510	 9.87775993347168
2023-07-12 10:42:13.443779 - Epoc #	8520	 9.758625030517578
2023-07-12 10:42:23.290295 - Epoc #	8530	 9.846515893936157
2023-07-12 10:42:33.094964 - Epoc #	8540	 9.80466914176941
2023-07-12 10:42:42.849769 - Epoc #	8550	 9.754805088043213
2023-07-12 10:42:52.382385 - Epoc #	8560	 9.532615900039673
2023-07-12 10:43:02.150022 - Epoc #	8570	 9.767637014389038
2023-07-12 10:43:11.934355 - Epoc #	8580	 9.784332990646362
2023-07-12 10:43:22.226876 - Epoc #	8590	 10.292520999908447
2023-07-12 10:43:31.963730 - Epoc #	8600	 9.736854076385498
2023-07-12 10:43:41.453474 - Epoc #	8610	 9.489743947982788
2023-07-12 10:43:51.519163 - Epoc #	8620	 10.065688848495483
2023-07-12 10:44:00.963125 - Epoc #	8630	 9.443962097167969
2023-07-12 10:44:10.962755 - Epoc #	8640	 9.999629974365234
2023-07-12 10:44:21.278554 - Epoc #	8650	 10.315798997879028
2023-07-12 10:44:31.769844 - Epoc #	8660	 10.491290092468262
2023-07-12 10:44:41.590554 - Epoc #	8670	 9.820709943771362
2023-07-12 10:44:50.602294 - Epoc #	8680	 9.01173996925354
2023-07-12 10:45:00.676019 - Epoc #	8690	 10.07372498512268
2023-07-12 10:45:10.615490 - Epoc #	8700	 9.939471006393433
2023-07-12 10:45:20.622389 - Epoc #	8710	 10.006899118423462
2023-07-12 10:45:30.512645 - Epoc #	8720	 9.89025592803955
2023-07-12 10:45:40.822699 - Epoc #	8730	 10.310054063796997
2023-07-12 10:45:50.582696 - Epoc #	8740	 9.759996891021729
2023-07-12 10:46:00.752634 - Epoc #	8750	 10.169938087463379
2023-07-12 10:46:10.352240 - Epoc #	8760	 9.599606037139893
2023-07-12 10:46:20.712337 - Epoc #	8770	 10.36009693145752
2023-07-12 10:46:30.128181 - Epoc #	8780	 9.415843963623047
2023-07-12 10:46:39.847738 - Epoc #	8790	 9.719557046890259
2023-07-12 10:46:49.632786 - Epoc #	8800	 9.785048007965088
2023-07-12 10:46:59.552434 - Epoc #	8810	 9.919647932052612
2023-07-12 10:47:09.997848 - Epoc #	8820	 10.445414066314697
2023-07-12 10:47:19.931306 - Epoc #	8830	 9.933457851409912
2023-07-12 10:47:30.142825 - Epoc #	8840	 10.211519002914429
2023-07-12 10:47:40.102938 - Epoc #	8850	 9.960113048553467
2023-07-12 10:47:50.395658 - Epoc #	8860	 10.292720079421997
2023-07-12 10:48:00.601504 - Epoc #	8870	 10.205846071243286
2023-07-12 10:48:11.414613 - Epoc #	8880	 10.813108921051025
2023-07-12 10:48:22.077896 - Epoc #	8890	 10.663283109664917
2023-07-12 10:48:32.367494 - Epoc #	8900	 10.289597988128662
2023-07-12 10:48:43.467985 - Epoc #	8910	 11.100490808486938
2023-07-12 10:48:53.627685 - Epoc #	8920	 10.159700155258179
2023-07-12 10:49:03.612722 - Epoc #	8930	 9.985036849975586
2023-07-12 10:49:13.351266 - Epoc #	8940	 9.73854398727417
2023-07-12 10:49:23.328612 - Epoc #	8950	 9.977346181869507
2023-07-12 10:49:33.082567 - Epoc #	8960	 9.753954887390137
2023-07-12 10:49:43.212693 - Epoc #	8970	 10.130125999450684
2023-07-12 10:49:54.020496 - Epoc #	8980	 10.80780291557312
2023-07-12 10:50:04.492439 - Epoc #	8990	 10.471943140029907
2023-07-12 10:50:14.428628 - Epoc #	9000	 9.93618893623352
2023-07-12 10:50:24.101560 - Epoc #	9010	 9.672932147979736
2023-07-12 10:50:33.992756 - Epoc #	9020	 9.89119577407837
2023-07-12 10:50:43.813476 - Epoc #	9030	 9.820720195770264
2023-07-12 10:50:53.312857 - Epoc #	9040	 9.499380826950073
2023-07-12 10:51:02.793857 - Epoc #	9050	 9.481000185012817
2023-07-12 10:51:13.014807 - Epoc #	9060	 10.22094988822937
2023-07-12 10:51:22.985902 - Epoc #	9070	 9.971095085144043
2023-07-12 10:51:32.883086 - Epoc #	9080	 9.897183895111084
2023-07-12 10:51:42.273060 - Epoc #	9090	 9.389974117279053
2023-07-12 10:51:52.584816 - Epoc #	9100	 10.311755895614624
2023-07-12 10:52:02.342542 - Epoc #	9110	 9.757725954055786
2023-07-12 10:52:12.186308 - Epoc #	9120	 9.8437659740448
2023-07-12 10:52:21.946869 - Epoc #	9130	 9.760560989379883
2023-07-12 10:52:32.202851 - Epoc #	9140	 10.255982160568237
2023-07-12 10:52:42.339213 - Epoc #	9150	 10.136361837387085
2023-07-12 10:52:52.333820 - Epoc #	9160	 9.994607210159302
2023-07-12 10:53:02.077842 - Epoc #	9170	 9.744021892547607
2023-07-12 10:53:11.873101 - Epoc #	9180	 9.79525899887085
2023-07-12 10:53:21.852746 - Epoc #	9190	 9.979645013809204
2023-07-12 10:53:31.956322 - Epoc #	9200	 10.103575944900513
2023-07-12 10:53:42.195920 - Epoc #	9210	 10.239598035812378
2023-07-12 10:53:51.772811 - Epoc #	9220	 9.57689094543457
2023-07-12 10:54:02.044309 - Epoc #	9230	 10.271497964859009
2023-07-12 10:54:12.503581 - Epoc #	9240	 10.459272146224976
2023-07-12 10:54:22.372036 - Epoc #	9250	 9.868454933166504
2023-07-12 10:54:32.332890 - Epoc #	9260	 9.960854053497314
2023-07-12 10:54:39.501079 - Time between reward step: #	8889.846325159073
2023-07-12 10:54:39.501079 - Average Score: 62.00 Elapsed time: 2:28:11.962420
2023-07-12 10:54:42.652969 - Epoc #	9270	 10.32007884979248
2023-07-12 10:54:52.600421 - Epoc #	9280	 9.947452068328857
2023-07-12 10:55:02.737774 - Epoc #	9290	 10.13735294342041
2023-07-12 10:55:12.814161 - Epoc #	9300	 10.076387166976929
2023-07-12 10:55:22.227962 - Epoc #	9310	 9.413800954818726
2023-07-12 10:55:32.416242 - Epoc #	9320	 10.188279867172241
2023-07-12 10:55:42.301970 - Epoc #	9330	 9.885728120803833
2023-07-12 10:55:52.016301 - Epoc #	9340	 9.714330911636353
2023-07-12 10:56:02.118112 - Epoc #	9350	 10.101811170578003
2023-07-12 10:56:12.288207 - Epoc #	9360	 10.170094966888428
2023-07-12 10:56:22.379044 - Epoc #	9370	 10.090837001800537
2023-07-12 10:56:32.464651 - Epoc #	9380	 10.085607051849365
2023-07-12 10:56:42.243391 - Epoc #	9390	 9.778739929199219
2023-07-12 10:56:52.362791 - Epoc #	9400	 10.119400024414062
2023-07-12 10:57:02.752967 - Epoc #	9410	 10.390175819396973
2023-07-12 10:57:12.810275 - Epoc #	9420	 10.057308197021484
2023-07-12 10:57:22.932195 - Epoc #	9430	 10.121919870376587
2023-07-12 10:57:33.048763 - Epoc #	9440	 10.116568088531494
2023-07-12 10:57:43.103195 - Epoc #	9450	 10.054431915283203
2023-07-12 10:57:53.228269 - Epoc #	9460	 10.1250741481781
2023-07-12 10:58:03.381873 - Epoc #	9470	 10.153603792190552
2023-07-12 10:58:13.562186 - Epoc #	9480	 10.180313110351562
2023-07-12 10:58:23.470167 - Epoc #	9490	 9.907980918884277
2023-07-12 10:58:33.404071 - Epoc #	9500	 9.93390417098999
2023-07-12 10:58:43.021159 - Epoc #	9510	 9.617087841033936
2023-07-12 10:58:53.071286 - Epoc #	9520	 10.050127029418945
2023-07-12 10:59:02.889625 - Epoc #	9530	 9.818339109420776
2023-07-12 10:59:12.864623 - Epoc #	9540	 9.974997997283936
2023-07-12 10:59:23.760987 - Epoc #	9550	 10.896363973617554
2023-07-12 10:59:34.587414 - Epoc #	9560	 10.826426982879639
2023-07-12 10:59:44.992156 - Epoc #	9570	 10.404742002487183
2023-07-12 10:59:55.489417 - Epoc #	9580	 10.497261047363281
2023-07-12 11:00:05.302568 - Epoc #	9590	 9.813150882720947
2023-07-12 11:00:15.332717 - Epoc #	9600	 10.030148983001709
2023-07-12 11:00:24.549263 - Epoc #	9610	 9.216546058654785
2023-07-12 11:00:34.719233 - Epoc #	9620	 10.169970035552979
2023-07-12 11:00:44.111025 - Epoc #	9630	 9.391792058944702
2023-07-12 11:00:54.044043 - Epoc #	9640	 9.93301796913147
2023-07-12 11:01:04.099178 - Epoc #	9650	 10.055135011672974
2023-07-12 11:01:14.209421 - Epoc #	9660	 10.11024284362793
2023-07-12 11:01:23.929272 - Epoc #	9670	 9.719851016998291
2023-07-12 11:01:33.619329 - Epoc #	9680	 9.690057039260864
2023-07-12 11:01:44.090243 - Epoc #	9690	 10.470914125442505
2023-07-12 11:01:53.785054 - Epoc #	9700	 9.69481086730957
2023-07-12 11:02:03.211633 - Epoc #	9710	 9.426578998565674
2023-07-12 11:02:13.931208 - Epoc #	9720	 10.719574928283691
2023-07-12 11:02:23.419129 - Epoc #	9730	 9.487920999526978
2023-07-12 11:02:32.994295 - Epoc #	9740	 9.57516598701477
2023-07-12 11:02:42.844013 - Epoc #	9750	 9.84971809387207
2023-07-12 11:02:52.674615 - Epoc #	9760	 9.830601930618286
2023-07-12 11:03:02.689457 - Epoc #	9770	 10.01484203338623
2023-07-12 11:03:12.421630 - Epoc #	9780	 9.732172966003418
2023-07-12 11:03:22.494394 - Epoc #	9790	 10.072764158248901
2023-07-12 11:03:32.079336 - Epoc #	9800	 9.584941864013672
2023-07-12 11:03:42.249237 - Epoc #	9810	 10.169901132583618
2023-07-12 11:03:51.969397 - Epoc #	9820	 9.720160007476807
2023-07-12 11:04:02.099129 - Epoc #	9830	 10.129731893539429
2023-07-12 11:04:12.144594 - Epoc #	9840	 10.045464992523193
2023-07-12 11:04:21.959514 - Epoc #	9850	 9.81491994857788
2023-07-12 11:04:31.910453 - Epoc #	9860	 9.950939178466797
2023-07-12 11:04:43.309281 - Epoc #	9870	 11.398828029632568
2023-07-12 11:04:53.354650 - Epoc #	9880	 10.045368909835815
2023-07-12 11:05:03.394441 - Epoc #	9890	 10.039790868759155
2023-07-12 11:05:13.119403 - Epoc #	9900	 9.724961996078491
2023-07-12 11:05:23.229208 - Epoc #	9910	 10.1098051071167
2023-07-12 11:05:33.384026 - Epoc #	9920	 10.154818058013916
2023-07-12 11:05:43.419485 - Epoc #	9930	 10.035459041595459
2023-07-12 11:05:53.932427 - Epoc #	9940	 10.512941837310791
2023-07-12 11:06:04.524273 - Epoc #	9950	 10.591845989227295
2023-07-12 11:06:14.748577 - Epoc #	9960	 10.22430419921875
2023-07-12 11:06:24.424394 - Epoc #	9970	 9.675816774368286
2023-07-12 11:06:34.299482 - Epoc #	9980	 9.875088214874268
2023-07-12 11:06:43.959758 - Epoc #	9990	 9.660275936126709
2023-07-12 11:06:53.769357 - Epoc #	10000	 9.809598922729492
2023-07-12 11:07:03.349583 - Epoc #	10010	 9.580225944519043
2023-07-12 11:07:13.229278 - Epoc #	10020	 9.879695177078247
2023-07-12 11:07:24.054371 - Epoc #	10030	 10.825093030929565
2023-07-12 11:07:34.539395 - Epoc #	10040	 10.485023975372314
2023-07-12 11:07:44.069644 - Epoc #	10050	 9.530248880386353
2023-07-12 11:07:53.799732 - Epoc #	10060	 9.730087995529175
2023-07-12 11:08:03.829377 - Epoc #	10070	 10.029644966125488
2023-07-12 11:08:14.032065 - Epoc #	10080	 10.202687978744507
2023-07-12 11:08:24.088144 - Epoc #	10090	 10.056079149246216
2023-07-12 11:08:34.242819 - Epoc #	10100	 10.154675006866455
2023-07-12 11:08:44.267856 - Epoc #	10110	 10.025036811828613
2023-07-12 11:08:57.308703 - Epoc #	10120	 13.040847063064575
2023-07-12 11:09:09.212185 - Epoc #	10130	 11.90348196029663
2023-07-12 11:09:19.701658 - Epoc #	10140	 10.489473104476929
2023-07-12 11:09:29.751221 - Epoc #	10150	 10.049562931060791
2023-07-12 11:09:40.107312 - Epoc #	10160	 10.356091022491455
2023-07-12 11:09:50.509684 - Epoc #	10170	 10.402372121810913
2023-07-12 11:10:02.302398 - Epoc #	10180	 11.79271388053894
2023-07-12 11:10:12.931349 - Epoc #	10190	 10.628951072692871
2023-07-12 11:10:24.698848 - Epoc #	10200	 11.767498970031738
2023-07-12 11:10:35.027724 - Epoc #	10210	 10.32887601852417
2023-07-12 11:10:45.642701 - Epoc #	10220	 10.61497688293457
2023-07-12 11:10:56.020158 - Epoc #	10230	 10.37745714187622
2023-07-12 11:11:06.264652 - Epoc #	10240	 10.244493961334229
2023-07-12 11:11:16.221374 - Epoc #	10250	 9.956722021102905
2023-07-12 11:11:26.560020 - Epoc #	10260	 10.338645935058594
2023-07-12 11:11:36.852624 - Epoc #	10270	 10.292603969573975
2023-07-12 11:11:48.260109 - Epoc #	10280	 11.407485008239746
2023-07-12 11:11:58.444542 - Epoc #	10290	 10.184432983398438
2023-07-12 11:12:08.334173 - Epoc #	10300	 9.889631032943726
2023-07-12 11:12:19.177285 - Epoc #	10310	 10.843111991882324
2023-07-12 11:12:29.353738 - Epoc #	10320	 10.176453113555908
2023-07-12 11:12:39.443947 - Epoc #	10330	 10.090209007263184
2023-07-12 11:12:49.057538 - Epoc #	10340	 9.613590955734253
2023-07-12 11:12:59.163834 - Epoc #	10350	 10.106296062469482
2023-07-12 11:13:05.198068 - Time between reward step: #	9995.543313980103
2023-07-12 11:13:05.198068 - Average Score: 63.00 Elapsed time: 2:46:37.653860
2023-07-12 11:13:06.235630 - Time between reward step: #	9996.580876111984
2023-07-12 11:13:06.235630 - Average Score: 64.00 Elapsed time: 2:46:38.692079
2023-07-12 11:13:09.888922 - Epoc #	10360	 10.725087881088257
2023-07-12 11:13:19.977132 - Epoc #	10370	 10.088210105895996
2023-07-12 11:13:29.683490 - Epoc #	10380	 9.706357955932617
2023-07-12 11:13:40.081400 - Epoc #	10390	 10.397909879684448
2023-07-12 11:13:49.155498 - Epoc #	10400	 9.074098110198975
2023-07-12 11:13:58.763733 - Epoc #	10410	 9.608234882354736
2023-07-12 11:14:09.660748 - Epoc #	10420	 10.89701509475708
2023-07-12 11:14:19.536535 - Epoc #	10430	 9.875787019729614
2023-07-12 11:14:29.561139 - Epoc #	10440	 10.024604082107544
2023-07-12 11:14:39.837560 - Epoc #	10450	 10.276420831680298
2023-07-12 11:14:49.917237 - Epoc #	10460	 10.079677104949951
2023-07-12 11:14:59.491649 - Epoc #	10470	 9.574411869049072
2023-07-12 11:15:10.003917 - Epoc #	10480	 10.51226806640625
2023-07-12 11:15:20.121472 - Epoc #	10490	 10.117554903030396
2023-07-12 11:15:30.226417 - Epoc #	10500	 10.104945182800293
2023-07-12 11:15:39.899801 - Epoc #	10510	 9.673383951187134
2023-07-12 11:15:49.874759 - Epoc #	10520	 9.974957942962646
2023-07-12 11:16:00.086958 - Epoc #	10530	 10.212198972702026
2023-07-12 11:16:10.463900 - Epoc #	10540	 10.376942157745361
2023-07-12 11:16:20.700987 - Epoc #	10550	 10.23708701133728
2023-07-12 11:16:30.286473 - Epoc #	10560	 9.585485935211182
2023-07-12 11:16:40.491978 - Epoc #	10570	 10.205504894256592
2023-07-12 11:16:50.436451 - Epoc #	10580	 9.944473028182983
2023-07-12 11:17:00.060508 - Epoc #	10590	 9.624057054519653
2023-07-12 11:17:10.164873 - Epoc #	10600	 10.10436487197876
2023-07-12 11:17:19.427010 - Epoc #	10610	 9.262137174606323
2023-07-12 11:17:29.482877 - Epoc #	10620	 10.055866956710815
2023-07-12 11:17:39.819105 - Epoc #	10630	 10.336227893829346
2023-07-12 11:17:50.198045 - Epoc #	10640	 10.378940105438232
2023-07-12 11:18:00.072539 - Epoc #	10650	 9.874494075775146
2023-07-12 11:18:10.582582 - Epoc #	10660	 10.510042905807495
2023-07-12 11:18:21.799213 - Epoc #	10670	 11.215625047683716
2023-07-12 11:18:31.347011 - Epoc #	10680	 9.547798156738281
2023-07-12 11:18:41.964978 - Epoc #	10690	 10.617966890335083
2023-07-12 11:18:52.661277 - Epoc #	10700	 10.696299076080322
2023-07-12 11:19:02.532631 - Epoc #	10710	 9.8713538646698
2023-07-12 11:19:12.972219 - Epoc #	10720	 10.439588069915771
2023-07-12 11:19:22.719005 - Epoc #	10730	 9.746786117553711
2023-07-12 11:19:32.136000 - Epoc #	10740	 9.41699481010437
2023-07-12 11:19:42.002183 - Epoc #	10750	 9.866183042526245
2023-07-12 11:19:51.844454 - Epoc #	10760	 9.842271089553833
2023-07-12 11:20:01.792924 - Epoc #	10770	 9.948469877243042
2023-07-12 11:20:11.619027 - Epoc #	10780	 9.82610297203064
2023-07-12 11:20:21.489982 - Epoc #	10790	 9.870954990386963
2023-07-12 11:20:31.159356 - Epoc #	10800	 9.669374227523804
2023-07-12 11:20:41.429959 - Epoc #	10810	 10.270602941513062
2023-07-12 11:20:51.664082 - Epoc #	10820	 10.23412299156189
2023-07-12 11:21:01.632574 - Epoc #	10830	 9.968492031097412
2023-07-12 11:21:11.606928 - Epoc #	10840	 9.974354028701782
2023-07-12 11:21:22.242020 - Epoc #	10850	 10.635091781616211
2023-07-12 11:21:32.358539 - Epoc #	10860	 10.116519212722778
2023-07-12 11:21:41.881534 - Epoc #	10870	 9.522994995117188
2023-07-12 11:21:51.719724 - Epoc #	10880	 9.838189840316772
2023-07-12 11:22:01.731640 - Epoc #	10890	 10.011916160583496
2023-07-12 11:22:11.782687 - Epoc #	10900	 10.05104684829712
2023-07-12 11:22:21.538728 - Epoc #	10910	 9.756041049957275
2023-07-12 11:22:33.754152 - Epoc #	10920	 12.215424060821533
2023-07-12 11:22:43.389069 - Epoc #	10930	 9.63491702079773
2023-07-12 11:22:52.920171 - Epoc #	10940	 9.531101942062378
2023-07-12 11:23:02.736858 - Epoc #	10950	 9.816686868667603
2023-07-12 11:23:12.700964 - Epoc #	10960	 9.96410608291626
2023-07-12 11:23:22.503175 - Epoc #	10970	 9.802211046218872
2023-07-12 11:23:32.746505 - Epoc #	10980	 10.243330001831055
2023-07-12 11:23:42.242115 - Epoc #	10990	 9.495609998703003
2023-07-12 11:23:52.125145 - Epoc #	11000	 9.88302993774414
2023-07-12 11:24:02.074182 - Epoc #	11010	 9.949037075042725
2023-07-12 11:24:12.231960 - Epoc #	11020	 10.157778024673462
2023-07-12 11:24:22.431605 - Epoc #	11030	 10.199645042419434
2023-07-12 11:24:32.274584 - Epoc #	11040	 9.842978954315186
2023-07-12 11:24:42.043991 - Epoc #	11050	 9.769407033920288
2023-07-12 11:24:51.635366 - Epoc #	11060	 9.59137487411499
2023-07-12 11:25:01.345889 - Epoc #	11070	 9.710523128509521
2023-07-12 11:25:11.247811 - Epoc #	11080	 9.90192198753357
2023-07-12 11:25:20.967980 - Epoc #	11090	 9.720168828964233
2023-07-12 11:25:31.075786 - Epoc #	11100	 10.107806205749512
2023-07-12 11:25:41.189952 - Epoc #	11110	 10.114165782928467
2023-07-12 11:25:50.923121 - Epoc #	11120	 9.733169078826904
2023-07-12 11:26:00.261793 - Epoc #	11130	 9.338671922683716
2023-07-12 11:26:10.243127 - Epoc #	11140	 9.981334209442139
2023-07-12 11:26:20.073451 - Epoc #	11150	 9.830323934555054
2023-07-12 11:26:29.970207 - Epoc #	11160	 9.896755933761597
2023-07-12 11:26:39.868955 - Epoc #	11170	 9.89874792098999
2023-07-12 11:26:49.723312 - Epoc #	11180	 9.85435700416565
2023-07-12 11:26:59.516831 - Epoc #	11190	 9.793519020080566
2023-07-12 11:27:09.180294 - Epoc #	11200	 9.663463115692139
2023-07-12 11:27:19.507653 - Epoc #	11210	 10.327358961105347
2023-07-12 11:27:29.335458 - Epoc #	11220	 9.827805042266846
2023-07-12 11:27:39.103363 - Epoc #	11230	 9.767904996871948
2023-07-12 11:27:48.824849 - Epoc #	11240	 9.72148585319519
2023-07-12 11:27:58.629693 - Epoc #	11250	 9.80484414100647
2023-07-12 11:28:08.545900 - Epoc #	11260	 9.916207075119019
2023-07-12 11:28:19.093621 - Epoc #	11270	 10.547720909118652
2023-07-12 11:28:28.926399 - Epoc #	11280	 9.832777976989746
2023-07-12 11:28:39.177048 - Epoc #	11290	 10.250648975372314
2023-07-12 11:28:48.933813 - Epoc #	11300	 9.756765127182007
2023-07-12 11:28:58.981269 - Epoc #	11310	 10.047455787658691
2023-07-12 11:29:09.533545 - Epoc #	11320	 10.552276134490967
2023-07-12 11:29:19.500997 - Epoc #	11330	 9.967452049255371
2023-07-12 11:29:29.445999 - Epoc #	11340	 9.94500184059143
2023-07-12 11:29:39.623962 - Epoc #	11350	 10.177963018417358
2023-07-12 11:29:49.651752 - Epoc #	11360	 10.027790069580078
2023-07-12 11:29:59.385223 - Epoc #	11370	 9.733470916748047
2023-07-12 11:30:09.676116 - Epoc #	11380	 10.290893077850342
2023-07-12 11:30:19.258248 - Epoc #	11390	 9.58213210105896
2023-07-12 11:30:29.400640 - Epoc #	11400	 10.142391920089722
2023-07-12 11:30:39.606930 - Epoc #	11410	 10.206290006637573
2023-07-12 11:30:49.272631 - Epoc #	11420	 9.665700912475586
2023-07-12 11:30:59.137005 - Epoc #	11430	 9.864374160766602
2023-07-12 11:31:09.395568 - Epoc #	11440	 10.258562803268433
2023-07-12 11:31:18.986844 - Epoc #	11450	 9.591276168823242
2023-07-12 11:31:29.752114 - Epoc #	11460	 10.765269994735718
2023-07-12 11:31:39.742090 - Epoc #	11470	 9.989975929260254
2023-07-12 11:31:50.077531 - Epoc #	11480	 10.33544111251831
2023-07-12 11:32:00.131141 - Epoc #	11490	 10.053609848022461
2023-07-12 11:32:10.094398 - Epoc #	11500	 9.963257074356079
2023-07-12 11:32:20.384184 - Epoc #	11510	 10.289785861968994
2023-07-12 11:32:30.224484 - Epoc #	11520	 9.8403000831604
2023-07-12 11:32:40.295378 - Epoc #	11530	 10.070894002914429
2023-07-12 11:32:50.182370 - Epoc #	11540	 9.88699197769165
2023-07-12 11:33:00.794857 - Epoc #	11550	 10.612487077713013
2023-07-12 11:33:10.900265 - Epoc #	11560	 10.105407953262329
2023-07-12 11:33:20.681357 - Epoc #	11570	 9.781091928482056
2023-07-12 11:33:29.811574 - Epoc #	11580	 9.1302170753479
2023-07-12 11:33:39.155423 - Epoc #	11590	 9.343848943710327
2023-07-12 11:33:48.860228 - Epoc #	11600	 9.704805135726929
2023-07-12 11:33:58.527929 - Epoc #	11610	 9.667701005935669
2023-07-12 11:34:08.794536 - Epoc #	11620	 10.26660704612732
2023-07-12 11:34:19.085799 - Epoc #	11630	 10.291262865066528
2023-07-12 11:34:29.410249 - Epoc #	11640	 10.324450016021729
2023-07-12 11:34:40.183865 - Epoc #	11650	 10.773616075515747
2023-07-12 11:34:50.035198 - Epoc #	11660	 9.851332902908325
2023-07-12 11:35:00.078777 - Epoc #	11670	 10.0435791015625
2023-07-12 11:35:10.137956 - Epoc #	11680	 10.059178829193115
2023-07-12 11:35:20.153960 - Epoc #	11690	 10.016004085540771
2023-07-12 11:35:30.414433 - Epoc #	11700	 10.260473012924194
2023-07-12 11:35:40.235046 - Epoc #	11710	 9.820612907409668
2023-07-12 11:35:50.458825 - Epoc #	11720	 10.223779201507568
2023-07-12 11:36:00.734241 - Epoc #	11730	 10.275415897369385
2023-07-12 11:36:10.957712 - Epoc #	11740	 10.22347092628479
2023-07-12 11:36:21.693815 - Epoc #	11750	 10.736103057861328
2023-07-12 11:36:32.443610 - Epoc #	11760	 10.749794960021973
2023-07-12 11:36:43.123763 - Epoc #	11770	 10.680153131484985
2023-07-12 11:36:53.386731 - Epoc #	11780	 10.262967824935913
2023-07-12 11:37:04.423833 - Epoc #	11790	 11.037101984024048
2023-07-12 11:37:14.475942 - Epoc #	11800	 10.052109003067017
2023-07-12 11:37:24.984957 - Epoc #	11810	 10.509015083312988
2023-07-12 11:37:35.031187 - Epoc #	11820	 10.04623007774353
2023-07-12 11:37:45.533223 - Epoc #	11830	 10.502035856246948
2023-07-12 11:37:55.480684 - Epoc #	11840	 9.947461128234863
2023-07-12 11:38:05.838099 - Epoc #	11850	 10.357414960861206
2023-07-12 11:38:16.003844 - Epoc #	11860	 10.16574501991272
2023-07-12 11:38:26.122075 - Epoc #	11870	 10.118231058120728
2023-07-12 11:38:36.270156 - Epoc #	11880	 10.148080825805664
2023-07-12 11:38:46.490097 - Epoc #	11890	 10.219941139221191
2023-07-12 11:38:56.515599 - Epoc #	11900	 10.02550196647644
2023-07-12 11:39:06.695746 - Epoc #	11910	 10.180146932601929
2023-07-12 11:39:16.371900 - Epoc #	11920	 9.676154136657715
2023-07-12 11:39:26.850910 - Epoc #	11930	 10.479009866714478
2023-07-12 11:39:37.770563 - Epoc #	11940	 10.919652938842773
2023-07-12 11:39:47.922258 - Epoc #	11950	 10.151695013046265
2023-07-12 11:39:58.309016 - Epoc #	11960	 10.386758089065552
2023-07-12 11:40:08.291766 - Epoc #	11970	 9.982749938964844
2023-07-12 11:40:20.192568 - Epoc #	11980	 11.90080213546753
2023-07-12 11:40:30.523882 - Epoc #	11990	 10.331313848495483
2023-07-12 11:40:40.709601 - Epoc #	12000	 10.185719013214111
2023-07-12 11:40:51.031199 - Epoc #	12010	 10.321598052978516
2023-07-12 11:41:01.075264 - Epoc #	12020	 10.044064998626709
2023-07-12 11:41:06.449690 - Time between reward step: #	11676.794936180115
2023-07-12 11:41:06.449690 - Average Score: 65.00 Elapsed time: 3:14:38.910568
2023-07-12 11:41:11.388439 - Epoc #	12030	 10.313174962997437
2023-07-12 11:41:21.541875 - Epoc #	12040	 10.153435945510864
2023-07-12 11:41:27.946954 - Time between reward step: #	11698.292200088501
2023-07-12 11:41:27.946954 - Average Score: 66.00 Elapsed time: 3:15:00.403605
2023-07-12 11:41:31.871540 - Epoc #	12050	 10.329665184020996
2023-07-12 11:41:41.905251 - Epoc #	12060	 10.033710956573486
2023-07-12 11:41:50.243671 - Time between reward step: #	11720.588917016983
2023-07-12 11:41:50.243671 - Average Score: 67.00 Elapsed time: 3:15:22.712270
2023-07-12 11:41:52.213414 - Epoc #	12070	 10.308162927627563
2023-07-12 11:41:57.390247 - Time between reward step: #	11727.735493183136
2023-07-12 11:41:57.390247 - Average Score: 68.00 Elapsed time: 3:15:29.851477
2023-07-12 11:42:02.529816 - Epoc #	12080	 10.316401958465576
2023-07-12 11:42:12.606186 - Epoc #	12090	 10.076370000839233
2023-07-12 11:42:22.632619 - Epoc #	12100	 10.026432991027832
2023-07-12 11:42:23.718322 - Time between reward step: #	11754.063568115234
2023-07-12 11:42:23.718322 - Average Score: 69.00 Elapsed time: 3:15:56.181852
2023-07-12 11:42:32.852197 - Epoc #	12110	 10.21957802772522
2023-07-12 11:42:43.317393 - Epoc #	12120	 10.465196132659912
2023-07-12 11:42:54.090822 - Epoc #	12130	 10.773428916931152
2023-07-12 11:43:04.194934 - Epoc #	12140	 10.104111909866333
2023-07-12 11:43:14.592383 - Epoc #	12150	 10.397449016571045
2023-07-12 11:43:24.973098 - Epoc #	12160	 10.380715131759644
2023-07-12 11:43:26.013425 - Time between reward step: #	11816.358671188354
2023-07-12 11:43:26.013425 - Average Score: 70.00 Elapsed time: 3:16:58.477915
2023-07-12 11:43:29.199705 - Time between reward step: #	11819.544950962067
2023-07-12 11:43:29.199705 - Average Score: 71.00 Elapsed time: 3:17:01.657766
2023-07-12 11:43:35.069663 - Epoc #	12170	 10.096565008163452
2023-07-12 11:43:45.630334 - Epoc #	12180	 10.560670852661133
2023-07-12 11:43:56.357249 - Time between reward step: #	11846.702495098114
2023-07-12 11:43:56.357249 - Average Score: 72.00 Elapsed time: 3:17:28.816009
2023-07-12 11:43:56.357249 - Epoc #	12190	 10.726915121078491
2023-07-12 11:44:06.628440 - Epoc #	12200	 10.271190881729126
2023-07-12 11:44:11.977833 - Time between reward step: #	11862.323079109192
2023-07-12 11:44:11.977833 - Average Score: 73.00 Elapsed time: 3:17:44.448435
2023-07-12 11:44:17.202946 - Epoc #	12210	 10.574506044387817
2023-07-12 11:44:27.636359 - Epoc #	12220	 10.433413028717041
2023-07-12 11:44:37.648890 - Epoc #	12230	 10.012531042098999
2023-07-12 11:44:40.841430 - Time between reward step: #	11891.18667602539
2023-07-12 11:44:40.841430 - Average Score: 74.00 Elapsed time: 3:18:13.303769
2023-07-12 11:44:41.925335 - Time between reward step: #	11892.270581007004
2023-07-12 11:44:41.925335 - Average Score: 75.00 Elapsed time: 3:18:14.381214
2023-07-12 11:44:47.766126 - Epoc #	12240	 10.117235898971558
2023-07-12 11:44:57.951657 - Epoc #	12250	 10.18553113937378
2023-07-12 11:45:08.560963 - Epoc #	12260	 10.60930585861206
2023-07-12 11:45:18.676504 - Epoc #	12270	 10.115540981292725
2023-07-12 11:45:29.161175 - Epoc #	12280	 10.484671115875244
2023-07-12 11:45:39.030214 - Epoc #	12290	 9.869039058685303
2023-07-12 11:45:49.550124 - Epoc #	12300	 10.519909858703613
2023-07-12 11:46:00.495445 - Epoc #	12310	 10.945321083068848
2023-07-12 11:46:10.747935 - Epoc #	12320	 10.252490043640137
2023-07-12 11:46:20.943824 - Epoc #	12330	 10.195888996124268
2023-07-12 11:46:31.064913 - Epoc #	12340	 10.121088981628418
2023-07-12 11:46:41.542140 - Epoc #	12350	 10.477226972579956
2023-07-12 11:46:51.538195 - Epoc #	12360	 9.996054887771606
2023-07-12 11:47:02.263565 - Epoc #	12370	 10.725370168685913
2023-07-12 11:47:12.443401 - Epoc #	12380	 10.17983603477478
2023-07-12 11:47:22.478921 - Epoc #	12390	 10.03551983833313
2023-07-12 11:47:32.724968 - Epoc #	12400	 10.246047019958496
2023-07-12 11:47:42.665437 - Epoc #	12410	 9.940469026565552
2023-07-12 11:47:53.010249 - Epoc #	12420	 10.344811916351318
2023-07-12 11:48:03.622559 - Epoc #	12430	 10.61231017112732
2023-07-12 11:48:14.285399 - Epoc #	12440	 10.662839889526367
2023-07-12 11:48:24.992253 - Epoc #	12450	 10.706854104995728
2023-07-12 11:48:35.163741 - Epoc #	12460	 10.171488046646118
2023-07-12 11:48:45.374456 - Epoc #	12470	 10.21071481704712
2023-07-12 11:48:56.020999 - Epoc #	12480	 10.646543025970459
2023-07-12 11:49:06.707552 - Epoc #	12490	 10.686553001403809
