2023-07-12 11:49:24.809209 - Starting learning loop ...
==================================================================
2023-07-12 11:49:24.809209 - Using Framebuffer of: 4 frames	 and 	ReplayBufferSize: 100000
2023-07-12 11:49:24.809209 - Loglevel is set to: a
2023-07-12 11:49:24.809209 - Epoc #	0	 
2023-07-12 11:49:34.851638 - Epoc #	10	 10.042428970336914
2023-07-12 11:49:43.937057 - Epoc #	20	 9.085418939590454
2023-07-12 11:49:52.872825 - Epoc #	30	 8.935767889022827
2023-07-12 11:50:02.168858 - Epoc #	40	 9.296033143997192
2023-07-12 11:50:11.902838 - Epoc #	50	 9.733979940414429
2023-07-12 11:50:21.020535 - Epoc #	60	 9.11769700050354
2023-07-12 11:50:30.387673 - Epoc #	70	 9.367137908935547
2023-07-12 11:50:39.958255 - Epoc #	80	 9.570582151412964
2023-07-12 11:50:49.303496 - Epoc #	90	 9.345240831375122
2023-07-12 11:50:58.614564 - Epoc #	100	 9.311068058013916
2023-07-12 11:51:07.789365 - Epoc #	110	 9.174801111221313
2023-07-12 11:51:17.145775 - Epoc #	120	 9.356410026550293
2023-07-12 11:51:26.083449 - Epoc #	130	 8.937673807144165
2023-07-12 11:51:28.910008 - Time between reward step: #	124.10079884529114
2023-07-12 11:51:28.910008 - Average Score: 9.00 Elapsed time: 0:02:05.390927
2023-07-12 11:51:35.490107 - Epoc #	140	 9.406658172607422
2023-07-12 11:51:44.758174 - Epoc #	150	 9.268066883087158
2023-07-12 11:51:53.816089 - Epoc #	160	 9.057914972305298
2023-07-12 11:51:55.745930 - Time between reward step: #	150.9367208480835
2023-07-12 11:51:55.745930 - Average Score: 10.00 Elapsed time: 0:02:32.236982
2023-07-12 11:52:03.199534 - Epoc #	170	 9.383445024490356
2023-07-12 11:52:12.485254 - Epoc #	180	 9.285720109939575
2023-07-12 11:52:21.813635 - Epoc #	190	 9.328381061553955
2023-07-12 11:52:31.635854 - Epoc #	200	 9.822218894958496
2023-07-12 11:52:40.779700 - Epoc #	210	 9.143846035003662
2023-07-12 11:52:50.009948 - Epoc #	220	 9.230247974395752
2023-07-12 11:52:59.180347 - Epoc #	230	 9.170398950576782
2023-07-12 11:53:09.041570 - Epoc #	240	 9.861222982406616
2023-07-12 11:53:18.039940 - Epoc #	250	 8.998370170593262
2023-07-12 11:53:27.327870 - Epoc #	260	 9.287929773330688
2023-07-12 11:53:36.332692 - Epoc #	270	 9.004822015762329
2023-07-12 11:53:45.612879 - Epoc #	280	 9.280187129974365
2023-07-12 11:53:55.111874 - Epoc #	290	 9.498995065689087
2023-07-12 11:54:04.392902 - Epoc #	300	 9.281027793884277
2023-07-12 11:54:13.640539 - Epoc #	310	 9.247637033462524
2023-07-12 11:54:23.103515 - Epoc #	320	 9.462975978851318
2023-07-12 11:54:32.362453 - Epoc #	330	 9.258938074111938
2023-07-12 11:54:41.591107 - Epoc #	340	 9.228653907775879
2023-07-12 11:54:50.694621 - Epoc #	350	 9.103514194488525
2023-07-12 11:55:00.004086 - Epoc #	360	 9.309464931488037
2023-07-12 11:55:09.495615 - Epoc #	370	 9.491528987884521
2023-07-12 11:55:18.891850 - Epoc #	380	 9.39623498916626
2023-07-12 11:55:27.948512 - Epoc #	390	 9.05666208267212
2023-07-12 11:55:37.537012 - Epoc #	400	 9.588500022888184
2023-07-12 11:55:47.077143 - Epoc #	410	 9.540130853652954
2023-07-12 11:55:56.807905 - Epoc #	420	 9.730762004852295
2023-07-12 11:56:06.335523 - Epoc #	430	 9.527617931365967
2023-07-12 11:56:15.624834 - Epoc #	440	 9.289311170578003
2023-07-12 11:56:25.687436 - Epoc #	450	 10.062602043151855
2023-07-12 11:56:35.021548 - Epoc #	460	 9.33411192893982
2023-07-12 11:56:38.732559 - Time between reward step: #	433.9233498573303
2023-07-12 11:56:38.732559 - Average Score: 11.00 Elapsed time: 0:07:15.222313
2023-07-12 11:56:42.548914 - Time between reward step: #	437.7397048473358
2023-07-12 11:56:42.548914 - Average Score: 12.00 Elapsed time: 0:07:19.032558
2023-07-12 11:56:44.312466 - Epoc #	470	 9.290917873382568
2023-07-12 11:56:53.607397 - Epoc #	480	 9.294931173324585
2023-07-12 11:56:59.820598 - Time between reward step: #	455.0113887786865
2023-07-12 11:56:59.820598 - Average Score: 13.00 Elapsed time: 0:07:36.303743
2023-07-12 11:57:03.452507 - Epoc #	490	 9.845109939575195
2023-07-12 11:57:12.793168 - Epoc #	500	 9.34066104888916
2023-07-12 11:57:22.613298 - Epoc #	510	 9.820129871368408
2023-07-12 11:57:31.768926 - Epoc #	520	 9.155627965927124
2023-07-12 11:57:40.953434 - Epoc #	530	 9.184508085250854
2023-07-12 11:57:49.737585 - Epoc #	540	 8.784151077270508
2023-07-12 11:57:59.168906 - Epoc #	550	 9.431320905685425
2023-07-12 11:58:09.158001 - Epoc #	560	 9.989094972610474
2023-07-12 11:58:18.236773 - Epoc #	570	 9.078772068023682
2023-07-12 11:58:27.743550 - Epoc #	580	 9.506777048110962
2023-07-12 11:58:37.057829 - Epoc #	590	 9.314278841018677
2023-07-12 11:58:46.135873 - Epoc #	600	 9.078044176101685
2023-07-12 11:58:55.314245 - Epoc #	610	 9.178371906280518
2023-07-12 11:59:04.653449 - Epoc #	620	 9.33920407295227
2023-07-12 11:59:13.900460 - Epoc #	630	 9.247010946273804
2023-07-12 11:59:23.148629 - Epoc #	640	 9.2481689453125
2023-07-12 11:59:32.505679 - Epoc #	650	 9.357049942016602
2023-07-12 11:59:41.940027 - Epoc #	660	 9.434348106384277
2023-07-12 11:59:51.219185 - Epoc #	670	 9.279158115386963
2023-07-12 12:00:01.215816 - Epoc #	680	 9.996630907058716
2023-07-12 12:00:10.501894 - Epoc #	690	 9.286077976226807
2023-07-12 12:00:19.644152 - Epoc #	700	 9.142257928848267
2023-07-12 12:00:29.203991 - Epoc #	710	 9.559839010238647
2023-07-12 12:00:38.618883 - Epoc #	720	 9.414891958236694
2023-07-12 12:00:47.666678 - Epoc #	730	 9.047795057296753
2023-07-12 12:00:56.931258 - Epoc #	740	 9.264580011367798
2023-07-12 12:01:06.291477 - Epoc #	750	 9.36021900177002
2023-07-12 12:01:15.595303 - Epoc #	760	 9.303826093673706
2023-07-12 12:01:25.043622 - Epoc #	770	 9.44831895828247
2023-07-12 12:01:34.379529 - Epoc #	780	 9.335906982421875
2023-07-12 12:01:43.726268 - Epoc #	790	 9.346739053726196
2023-07-12 12:01:53.276311 - Epoc #	800	 9.550042867660522
2023-07-12 12:02:02.371077 - Epoc #	810	 9.09476613998413
2023-07-12 12:02:11.798034 - Epoc #	820	 9.42695689201355
2023-07-12 12:02:21.372659 - Time between reward step: #	776.5634498596191
2023-07-12 12:02:21.372659 - Average Score: 14.00 Elapsed time: 0:12:57.854839
2023-07-12 12:02:21.372659 - Epoc #	830	 9.574625015258789
2023-07-12 12:02:30.697300 - Epoc #	840	 9.324640989303589
2023-07-12 12:02:32.911714 - Time between reward step: #	788.1025049686432
2023-07-12 12:02:32.911714 - Average Score: 15.00 Elapsed time: 0:13:09.393439
2023-07-12 12:02:35.747132 - Time between reward step: #	790.9379229545593
2023-07-12 12:02:35.747132 - Average Score: 16.00 Elapsed time: 0:13:12.227108
2023-07-12 12:02:40.083803 - Epoc #	850	 9.386502981185913
2023-07-12 12:02:49.251566 - Epoc #	860	 9.167762994766235
2023-07-12 12:02:59.028376 - Epoc #	870	 9.77681016921997
2023-07-12 12:03:08.238549 - Epoc #	880	 9.210172891616821
2023-07-12 12:03:17.285503 - Epoc #	890	 9.046953916549683
2023-07-12 12:03:27.244335 - Epoc #	900	 9.958832025527954
2023-07-12 12:03:36.416312 - Epoc #	910	 9.171977043151855
2023-07-12 12:03:45.740356 - Epoc #	920	 9.324043989181519
2023-07-12 12:03:55.698526 - Epoc #	930	 9.958169937133789
2023-07-12 12:04:04.663925 - Epoc #	940	 8.965399026870728
2023-07-12 12:04:14.395754 - Epoc #	950	 9.731829166412354
2023-07-12 12:04:23.960972 - Epoc #	960	 9.565217971801758
2023-07-12 12:04:33.322959 - Epoc #	970	 9.361986875534058
2023-07-12 12:04:42.950107 - Epoc #	980	 9.627148151397705
2023-07-12 12:04:52.062760 - Epoc #	990	 9.112653017044067
2023-07-12 12:05:00.916392 - Epoc #	1000	 8.853631973266602
2023-07-12 12:05:10.097847 - Epoc #	1010	 9.18145489692688
2023-07-12 12:05:19.832174 - Epoc #	1020	 9.7343270778656
2023-07-12 12:05:29.097696 - Epoc #	1030	 9.265522003173828
2023-07-12 12:05:38.301443 - Epoc #	1040	 9.203747034072876
2023-07-12 12:05:47.663140 - Epoc #	1050	 9.36169695854187
2023-07-12 12:05:57.163167 - Epoc #	1060	 9.500026941299438
2023-07-12 12:06:06.480414 - Epoc #	1070	 9.317246913909912
2023-07-12 12:06:15.931474 - Epoc #	1080	 9.451060056686401
2023-07-12 12:06:25.340536 - Epoc #	1090	 9.409062147140503
2023-07-12 12:06:34.453622 - Epoc #	1100	 9.113085985183716
2023-07-12 12:06:44.042963 - Epoc #	1110	 9.589340925216675
2023-07-12 12:06:53.517792 - Epoc #	1120	 9.474828958511353
2023-07-12 12:07:02.909605 - Epoc #	1130	 9.391813039779663
2023-07-12 12:07:12.643284 - Epoc #	1140	 9.733679056167603
2023-07-12 12:07:21.889273 - Epoc #	1150	 9.245988845825195
2023-07-12 12:07:30.901324 - Epoc #	1160	 9.012051105499268
2023-07-12 12:07:39.320537 - Epoc #	1170	 8.419213056564331
2023-07-12 12:07:48.616407 - Epoc #	1180	 9.295869827270508
2023-07-12 12:07:58.507203 - Epoc #	1190	 9.890796184539795
2023-07-12 12:08:08.217255 - Epoc #	1200	 9.710052013397217
2023-07-12 12:08:17.786160 - Epoc #	1210	 9.568904876708984
2023-07-12 12:08:27.416491 - Epoc #	1220	 9.630331039428711
2023-07-12 12:08:36.661264 - Epoc #	1230	 9.244772911071777
2023-07-12 12:08:45.586290 - Epoc #	1240	 8.925025939941406
2023-07-12 12:08:54.699114 - Epoc #	1250	 9.112824201583862
2023-07-12 12:09:03.776402 - Epoc #	1260	 9.077287912368774
2023-07-12 12:09:12.656514 - Epoc #	1270	 8.880111932754517
2023-07-12 12:09:21.906459 - Epoc #	1280	 9.249945163726807
2023-07-12 12:09:31.026098 - Epoc #	1290	 9.119638919830322
2023-07-12 12:09:40.246686 - Epoc #	1300	 9.220587968826294
2023-07-12 12:09:49.222502 - Epoc #	1310	 8.975816011428833
2023-07-12 12:09:58.880869 - Epoc #	1320	 9.658366918563843
2023-07-12 12:10:08.298567 - Epoc #	1330	 9.41769814491272
2023-07-12 12:10:17.488106 - Epoc #	1340	 9.189538955688477
2023-07-12 12:10:27.102023 - Epoc #	1350	 9.613916873931885
2023-07-12 12:10:36.570439 - Epoc #	1360	 9.468416213989258
2023-07-12 12:10:45.899225 - Epoc #	1370	 9.32878589630127
2023-07-12 12:10:54.960778 - Epoc #	1380	 9.061553001403809
2023-07-12 12:11:04.440530 - Epoc #	1390	 9.47975206375122
2023-07-12 12:11:13.988334 - Epoc #	1400	 9.54780387878418
2023-07-12 12:11:23.213326 - Epoc #	1410	 9.224992036819458
2023-07-12 12:11:32.472153 - Epoc #	1420	 9.258826971054077
2023-07-12 12:11:41.947342 - Epoc #	1430	 9.475188970565796
2023-07-12 12:11:51.076106 - Epoc #	1440	 9.128764152526855
2023-07-12 12:12:00.574682 - Epoc #	1450	 9.498575925827026
2023-07-12 12:12:10.088687 - Epoc #	1460	 9.514004945755005
2023-07-12 12:12:19.936822 - Epoc #	1470	 9.848134994506836
2023-07-12 12:12:29.382290 - Epoc #	1480	 9.445467948913574
2023-07-12 12:12:39.430802 - Epoc #	1490	 10.04851222038269
2023-07-12 12:12:49.048309 - Epoc #	1500	 9.617506980895996
2023-07-12 12:12:58.225530 - Epoc #	1510	 9.177220821380615
2023-07-12 12:13:08.030382 - Epoc #	1520	 9.80485200881958
2023-07-12 12:13:17.572492 - Epoc #	1530	 9.542109966278076
2023-07-12 12:13:26.731041 - Epoc #	1540	 9.158549070358276
2023-07-12 12:13:35.786431 - Epoc #	1550	 9.055390119552612
2023-07-12 12:13:45.036313 - Epoc #	1560	 9.249881982803345
2023-07-12 12:13:54.411845 - Epoc #	1570	 9.375531911849976
2023-07-12 12:14:03.935846 - Epoc #	1580	 9.524001121520996
2023-07-12 12:14:13.576211 - Epoc #	1590	 9.6403648853302
2023-07-12 12:14:22.755247 - Epoc #	1600	 9.179036140441895
2023-07-12 12:14:32.419210 - Epoc #	1610	 9.663962841033936
2023-07-12 12:14:42.094404 - Epoc #	1620	 9.675194025039673
2023-07-12 12:14:51.802980 - Epoc #	1630	 9.708575963973999
2023-07-12 12:15:01.313185 - Epoc #	1640	 9.510205030441284
2023-07-12 12:15:11.486273 - Epoc #	1650	 10.173088073730469
2023-07-12 12:15:20.914823 - Epoc #	1660	 9.428550004959106
2023-07-12 12:15:30.180824 - Epoc #	1670	 9.266000986099243
2023-07-12 12:15:39.609233 - Epoc #	1680	 9.428408861160278
2023-07-12 12:15:49.211882 - Epoc #	1690	 9.602649211883545
2023-07-12 12:15:58.577060 - Epoc #	1700	 9.365177869796753
2023-07-12 12:16:08.226112 - Epoc #	1710	 9.649051904678345
2023-07-12 12:16:17.740716 - Epoc #	1720	 9.514604091644287
2023-07-12 12:16:27.291100 - Epoc #	1730	 9.550384044647217
2023-07-12 12:16:37.106698 - Epoc #	1740	 9.815598011016846
2023-07-12 12:16:46.362880 - Epoc #	1750	 9.256181955337524
2023-07-12 12:16:56.473781 - Epoc #	1760	 10.110901117324829
2023-07-12 12:17:05.609714 - Epoc #	1770	 9.135932922363281
2023-07-12 12:17:15.462274 - Epoc #	1780	 9.852560043334961
2023-07-12 12:17:24.707744 - Epoc #	1790	 9.245469808578491
2023-07-12 12:17:34.843278 - Epoc #	1800	 10.135534048080444
2023-07-12 12:17:44.037470 - Epoc #	1810	 9.194192171096802
2023-07-12 12:17:53.622843 - Epoc #	1820	 9.585372924804688
2023-07-12 12:18:02.817742 - Epoc #	1830	 9.194899082183838
2023-07-12 12:18:12.900857 - Epoc #	1840	 10.083114862442017
2023-07-12 12:18:22.673652 - Epoc #	1850	 9.772794961929321
2023-07-12 12:18:32.159112 - Epoc #	1860	 9.485460042953491
2023-07-12 12:18:41.391461 - Epoc #	1870	 9.232348918914795
2023-07-12 12:18:50.623410 - Epoc #	1880	 9.231949090957642
2023-07-12 12:19:00.509454 - Epoc #	1890	 9.886044025421143
2023-07-12 12:19:10.110012 - Epoc #	1900	 9.600558042526245
2023-07-12 12:19:19.151338 - Epoc #	1910	 9.04132604598999
2023-07-12 12:19:28.839607 - Epoc #	1920	 9.688268899917603
2023-07-12 12:19:38.413547 - Epoc #	1930	 9.57394003868103
2023-07-12 12:19:47.684752 - Epoc #	1940	 9.271204948425293
2023-07-12 12:19:57.027167 - Epoc #	1950	 9.34241509437561
2023-07-12 12:20:06.172627 - Epoc #	1960	 9.1454598903656
2023-07-12 12:20:15.366275 - Epoc #	1970	 9.193648099899292
2023-07-12 12:20:24.666398 - Epoc #	1980	 9.3001229763031
2023-07-12 12:20:34.180819 - Epoc #	1990	 9.514420986175537
2023-07-12 12:20:43.376343 - Epoc #	2000	 9.195523977279663
2023-07-12 12:20:52.795394 - Epoc #	2010	 9.419050931930542
2023-07-12 12:21:02.629251 - Epoc #	2020	 9.83385705947876
2023-07-12 12:21:12.155421 - Epoc #	2030	 9.526170015335083
2023-07-12 12:21:21.656257 - Epoc #	2040	 9.50083589553833
2023-07-12 12:21:30.766196 - Epoc #	2050	 9.109939098358154
2023-07-12 12:21:40.031526 - Epoc #	2060	 9.265330076217651
2023-07-12 12:21:49.004041 - Epoc #	2070	 8.972514867782593
2023-07-12 12:21:58.204248 - Epoc #	2080	 9.200206995010376
2023-07-12 12:22:07.401647 - Epoc #	2090	 9.197399139404297
2023-07-12 12:22:16.723847 - Epoc #	2100	 9.322199821472168
2023-07-12 12:22:26.143874 - Epoc #	2110	 9.420027017593384
2023-07-12 12:22:35.978964 - Epoc #	2120	 9.835090160369873
2023-07-12 12:22:45.605895 - Epoc #	2130	 9.626930952072144
2023-07-12 12:22:54.957782 - Epoc #	2140	 9.351886987686157
2023-07-12 12:23:05.338337 - Epoc #	2150	 10.380554914474487
2023-07-12 12:23:14.895425 - Epoc #	2160	 9.557088136672974
2023-07-12 12:23:24.392231 - Epoc #	2170	 9.496805906295776
2023-07-12 12:23:33.720429 - Epoc #	2180	 9.328197956085205
2023-07-12 12:23:43.145042 - Epoc #	2190	 9.424612998962402
2023-07-12 12:23:52.517119 - Epoc #	2200	 9.372076988220215
2023-07-12 12:24:02.040216 - Epoc #	2210	 9.523097038269043
2023-07-12 12:24:12.317826 - Epoc #	2220	 10.277610063552856
2023-07-12 12:24:21.591273 - Epoc #	2230	 9.273447036743164
2023-07-12 12:24:31.437049 - Epoc #	2240	 9.845775842666626
2023-07-12 12:24:40.713527 - Epoc #	2250	 9.276478052139282
2023-07-12 12:24:49.691115 - Epoc #	2260	 8.977587938308716
2023-07-12 12:24:59.047884 - Epoc #	2270	 9.35676908493042
2023-07-12 12:25:08.289874 - Epoc #	2280	 9.241990089416504
2023-07-12 12:25:17.553527 - Epoc #	2290	 9.263653039932251
2023-07-12 12:25:27.075060 - Epoc #	2300	 9.521532773971558
2023-07-12 12:25:36.368020 - Epoc #	2310	 9.292960166931152
2023-07-12 12:25:45.700540 - Epoc #	2320	 9.332520008087158
2023-07-12 12:25:55.713593 - Epoc #	2330	 10.013052940368652
2023-07-12 12:26:05.585844 - Epoc #	2340	 9.872251033782959
2023-07-12 12:26:15.010506 - Epoc #	2350	 9.424661874771118
2023-07-12 12:26:24.777427 - Epoc #	2360	 9.766921043395996
2023-07-12 12:26:34.068577 - Epoc #	2370	 9.291150093078613
2023-07-12 12:26:43.272219 - Epoc #	2380	 9.203641891479492
2023-07-12 12:26:52.579490 - Epoc #	2390	 9.307271003723145
2023-07-12 12:27:02.192162 - Epoc #	2400	 9.612672090530396
2023-07-12 12:27:12.040906 - Epoc #	2410	 9.848743915557861
2023-07-12 12:27:21.484700 - Epoc #	2420	 9.443794012069702
2023-07-12 12:27:30.873509 - Epoc #	2430	 9.388808965682983
2023-07-12 12:27:40.062715 - Epoc #	2440	 9.18920612335205
2023-07-12 12:27:49.811755 - Epoc #	2450	 9.749039888381958
2023-07-12 12:27:59.357392 - Epoc #	2460	 9.545637130737305
2023-07-12 12:28:09.001020 - Epoc #	2470	 9.643627882003784
2023-07-12 12:28:18.709836 - Epoc #	2480	 9.708816051483154
2023-07-12 12:28:28.442683 - Epoc #	2490	 9.732846975326538
2023-07-12 12:28:37.979958 - Epoc #	2500	 9.537275075912476
2023-07-12 12:28:47.365598 - Epoc #	2510	 9.385639905929565
2023-07-12 12:28:56.946380 - Epoc #	2520	 9.580781936645508
2023-07-12 12:29:06.207742 - Epoc #	2530	 9.261362075805664
2023-07-12 12:29:16.214775 - Epoc #	2540	 10.007033109664917
2023-07-12 12:29:26.030811 - Epoc #	2550	 9.816035985946655
2023-07-12 12:29:35.596530 - Epoc #	2560	 9.56571888923645
2023-07-12 12:29:44.987854 - Epoc #	2570	 9.391324043273926
2023-07-12 12:29:54.442510 - Epoc #	2580	 9.454655885696411
2023-07-12 12:30:03.904970 - Epoc #	2590	 9.462460041046143
2023-07-12 12:30:13.294045 - Epoc #	2600	 9.38907504081726
2023-07-12 12:30:23.468800 - Epoc #	2610	 10.174755096435547
2023-07-12 12:30:33.606277 - Epoc #	2620	 10.137476921081543
2023-07-12 12:30:43.112980 - Epoc #	2630	 9.506702899932861
2023-07-12 12:30:52.473480 - Epoc #	2640	 9.36050009727478
2023-07-12 12:31:01.672028 - Epoc #	2650	 9.198548078536987
2023-07-12 12:31:10.903205 - Epoc #	2660	 9.231176853179932
2023-07-12 12:31:20.190338 - Epoc #	2670	 9.287132978439331
2023-07-12 12:31:29.583553 - Epoc #	2680	 9.39321517944336
2023-07-12 12:31:38.743849 - Epoc #	2690	 9.160295963287354
2023-07-12 12:31:49.012707 - Epoc #	2700	 10.268857955932617
2023-07-12 12:31:58.165790 - Epoc #	2710	 9.153083086013794
2023-07-12 12:32:07.510595 - Epoc #	2720	 9.344805002212524
2023-07-12 12:32:16.810198 - Epoc #	2730	 9.29960298538208
2023-07-12 12:32:26.341794 - Epoc #	2740	 9.531595945358276
2023-07-12 12:32:35.945662 - Epoc #	2750	 9.603868007659912
2023-07-12 12:32:46.042398 - Epoc #	2760	 10.096735954284668
2023-07-12 12:32:55.601963 - Epoc #	2770	 9.55956506729126
2023-07-12 12:33:04.848996 - Epoc #	2780	 9.247032880783081
2023-07-12 12:33:14.798958 - Epoc #	2790	 9.949962139129639
2023-07-12 12:33:24.925278 - Epoc #	2800	 10.126319885253906
2023-07-12 12:33:34.357483 - Epoc #	2810	 9.432204961776733
2023-07-12 12:33:44.056305 - Epoc #	2820	 9.698822021484375
2023-07-12 12:33:53.500020 - Epoc #	2830	 9.44371509552002
2023-07-12 12:34:02.989400 - Epoc #	2840	 9.4893798828125
2023-07-12 12:34:12.465852 - Epoc #	2850	 9.476452112197876
2023-07-12 12:34:22.031206 - Epoc #	2860	 9.565353870391846
2023-07-12 12:34:31.352372 - Epoc #	2870	 9.321166038513184
2023-07-12 12:34:40.516292 - Epoc #	2880	 9.163920164108276
2023-07-12 12:34:49.917501 - Epoc #	2890	 9.401208877563477
2023-07-12 12:34:59.987040 - Epoc #	2900	 10.069539070129395
2023-07-12 12:35:09.500959 - Epoc #	2910	 9.51391887664795
2023-07-12 12:35:18.811257 - Epoc #	2920	 9.310297966003418
2023-07-12 12:35:28.289812 - Epoc #	2930	 9.47855520248413
2023-07-12 12:35:38.544355 - Epoc #	2940	 10.254542827606201
2023-07-12 12:35:48.389865 - Epoc #	2950	 9.845510005950928
2023-07-12 12:35:58.091092 - Epoc #	2960	 9.701227188110352
2023-07-12 12:36:08.284271 - Epoc #	2970	 10.19317889213562
2023-07-12 12:36:18.094228 - Epoc #	2980	 9.809957027435303
2023-07-12 12:36:27.892336 - Epoc #	2990	 9.798107862472534
2023-07-12 12:36:37.263446 - Epoc #	3000	 9.371110200881958
2023-07-12 12:36:47.414517 - Epoc #	3010	 10.151070833206177
2023-07-12 12:36:56.972680 - Epoc #	3020	 9.558163166046143
2023-07-12 12:37:06.851356 - Epoc #	3030	 9.878675937652588
2023-07-12 12:37:16.014281 - Epoc #	3040	 9.162925004959106
2023-07-12 12:37:25.437892 - Epoc #	3050	 9.423610925674438
2023-07-12 12:37:35.033137 - Epoc #	3060	 9.595245122909546
2023-07-12 12:37:45.011398 - Epoc #	3070	 9.97826099395752
2023-07-12 12:37:54.476033 - Epoc #	3080	 9.464634895324707
2023-07-12 12:38:04.138444 - Epoc #	3090	 9.662410974502563
2023-07-12 12:38:13.677600 - Epoc #	3100	 9.539155960083008
2023-07-12 12:38:23.161916 - Epoc #	3110	 9.484316110610962
2023-07-12 12:38:32.820928 - Epoc #	3120	 9.659012079238892
2023-07-12 12:38:42.789510 - Epoc #	3130	 9.968581914901733
2023-07-12 12:38:52.507577 - Epoc #	3140	 9.718066930770874
2023-07-12 12:39:02.210022 - Epoc #	3150	 9.702445030212402
2023-07-12 12:39:12.052891 - Epoc #	3160	 9.84286904335022
2023-07-12 12:39:21.365059 - Epoc #	3170	 9.312167882919312
2023-07-12 12:39:30.709215 - Epoc #	3180	 9.34415602684021
2023-07-12 12:39:41.444213 - Epoc #	3190	 10.734997987747192
2023-07-12 12:39:50.774869 - Epoc #	3200	 9.330656051635742
2023-07-12 12:40:01.041794 - Epoc #	3210	 10.26692509651184
2023-07-12 12:40:11.321941 - Epoc #	3220	 10.280146837234497
2023-07-12 12:40:21.060853 - Epoc #	3230	 9.738912105560303
2023-07-12 12:40:30.120342 - Epoc #	3240	 9.059489011764526
2023-07-12 12:40:39.756375 - Epoc #	3250	 9.636033058166504
2023-07-12 12:40:48.952267 - Epoc #	3260	 9.195891857147217
2023-07-12 12:40:58.730695 - Epoc #	3270	 9.778428077697754
2023-07-12 12:41:08.493786 - Epoc #	3280	 9.763091087341309
2023-07-12 12:41:18.447905 - Epoc #	3290	 9.954118967056274
2023-07-12 12:41:27.527196 - Epoc #	3300	 9.079290866851807
2023-07-12 12:41:36.781964 - Epoc #	3310	 9.254768133163452
2023-07-12 12:41:46.218545 - Epoc #	3320	 9.436580896377563
2023-07-12 12:41:55.893274 - Epoc #	3330	 9.674729108810425
2023-07-12 12:42:05.611899 - Epoc #	3340	 9.718624830245972
2023-07-12 12:42:15.953654 - Epoc #	3350	 10.341755151748657
2023-07-12 12:42:25.245184 - Epoc #	3360	 9.291529893875122
2023-07-12 12:42:34.823585 - Epoc #	3370	 9.5784010887146
2023-07-12 12:42:44.314362 - Epoc #	3380	 9.490777015686035
2023-07-12 12:42:53.855594 - Epoc #	3390	 9.541231870651245
2023-07-12 12:43:03.068676 - Epoc #	3400	 9.213082075119019
2023-07-12 12:43:12.512022 - Epoc #	3410	 9.44334602355957
2023-07-12 12:43:21.914057 - Epoc #	3420	 9.402034997940063
2023-07-12 12:43:31.567736 - Epoc #	3430	 9.653678894042969
2023-07-12 12:43:41.920202 - Epoc #	3440	 10.352466106414795
2023-07-12 12:43:51.401104 - Epoc #	3450	 9.480901956558228
2023-07-12 12:44:01.071236 - Epoc #	3460	 9.670131921768188
2023-07-12 12:44:11.278484 - Epoc #	3470	 10.207248210906982
2023-07-12 12:44:20.872559 - Epoc #	3480	 9.594074964523315
2023-07-12 12:44:30.298929 - Epoc #	3490	 9.426369905471802
2023-07-12 12:44:40.144967 - Epoc #	3500	 9.846038103103638
2023-07-12 12:44:49.735111 - Epoc #	3510	 9.58915090560913
2023-07-12 12:44:59.088417 - Epoc #	3520	 9.35330605506897
2023-07-12 12:45:08.224575 - Epoc #	3530	 9.136157989501953
2023-07-12 12:45:17.357648 - Epoc #	3540	 9.133072853088379
2023-07-12 12:45:26.869218 - Epoc #	3550	 9.51157021522522
2023-07-12 12:45:36.969722 - Epoc #	3560	 10.100503921508789
2023-07-12 12:45:46.673575 - Epoc #	3570	 9.703852891921997
2023-07-12 12:45:56.461797 - Epoc #	3580	 9.788222074508667
2023-07-12 12:46:05.831685 - Epoc #	3590	 9.369888067245483
2023-07-12 12:46:15.189459 - Epoc #	3600	 9.357774019241333
2023-07-12 12:46:24.438199 - Epoc #	3610	 9.248739957809448
2023-07-12 12:46:34.207976 - Epoc #	3620	 9.769777059555054
2023-07-12 12:46:43.476434 - Epoc #	3630	 9.268457889556885
2023-07-12 12:46:53.154832 - Epoc #	3640	 9.67839789390564
2023-07-12 12:47:02.216885 - Epoc #	3650	 9.062053203582764
2023-07-12 12:47:11.815698 - Epoc #	3660	 9.598812818527222
2023-07-12 12:47:21.168765 - Epoc #	3670	 9.35306715965271
2023-07-12 12:47:31.118880 - Epoc #	3680	 9.950114965438843
2023-07-12 12:47:40.420724 - Epoc #	3690	 9.301843881607056
2023-07-12 12:47:49.988201 - Epoc #	3700	 9.567476987838745
2023-07-12 12:47:59.587991 - Epoc #	3710	 9.599790096282959
2023-07-12 12:48:08.996089 - Epoc #	3720	 9.408097982406616
2023-07-12 12:48:18.428042 - Epoc #	3730	 9.431952953338623
2023-07-12 12:48:28.629066 - Epoc #	3740	 10.200024127960205
2023-07-12 12:48:38.284402 - Time between reward step: #	3553.475192785263
2023-07-12 12:48:38.284402 - Average Score: 17.00 Elapsed time: 0:59:14.764321
2023-07-12 12:48:38.285712 - Epoc #	3750	 9.656646013259888
2023-07-12 12:48:44.145658 - Time between reward step: #	3559.336448907852
2023-07-12 12:48:44.145658 - Average Score: 18.00 Elapsed time: 0:59:20.625427
2023-07-12 12:48:45.182568 - Time between reward step: #	3560.37335896492
2023-07-12 12:48:45.182568 - Average Score: 19.00 Elapsed time: 0:59:21.662297
2023-07-12 12:48:48.011942 - Epoc #	3760	 9.726229906082153
2023-07-12 12:48:57.909113 - Epoc #	3770	 9.897171020507812
2023-07-12 12:49:07.012353 - Epoc #	3780	 9.103240013122559
2023-07-12 12:49:16.487066 - Epoc #	3790	 9.47471308708191
2023-07-12 12:49:26.191953 - Epoc #	3800	 9.70488691329956
2023-07-12 12:49:35.850097 - Epoc #	3810	 9.658143997192383
2023-07-12 12:49:46.022082 - Epoc #	3820	 10.171985149383545
2023-07-12 12:49:55.653263 - Epoc #	3830	 9.631181001663208
2023-07-12 12:50:04.981353 - Epoc #	3840	 9.328089952468872
2023-07-12 12:50:14.299311 - Epoc #	3850	 9.317957878112793
2023-07-12 12:50:23.820634 - Epoc #	3860	 9.521322965621948
2023-07-12 12:50:33.221912 - Epoc #	3870	 9.401278018951416
2023-07-12 12:50:43.048166 - Epoc #	3880	 9.82625412940979
2023-07-12 12:50:52.468590 - Epoc #	3890	 9.420423984527588
2023-07-12 12:51:01.718731 - Epoc #	3900	 9.250140905380249
2023-07-12 12:51:12.029562 - Epoc #	3910	 10.310831069946289
2023-07-12 12:51:21.245377 - Epoc #	3920	 9.21581506729126
2023-07-12 12:51:31.757356 - Epoc #	3930	 10.5119788646698
2023-07-12 12:51:41.510173 - Epoc #	3940	 9.752817153930664
2023-07-12 12:51:51.040404 - Epoc #	3950	 9.53023099899292
2023-07-12 12:52:00.901293 - Epoc #	3960	 9.860888957977295
2023-07-12 12:52:10.999808 - Epoc #	3970	 10.098515033721924
2023-07-12 12:52:20.581475 - Epoc #	3980	 9.581666946411133
2023-07-12 12:52:30.771153 - Epoc #	3990	 10.189677953720093
2023-07-12 12:52:40.574966 - Epoc #	4000	 9.803812980651855
2023-07-12 12:52:49.951739 - Epoc #	4010	 9.376773118972778
2023-07-12 12:52:59.731704 - Epoc #	4020	 9.779964923858643
2023-07-12 12:53:10.310421 - Epoc #	4030	 10.57871699333191
2023-07-12 12:53:19.452088 - Epoc #	4040	 9.141667127609253
2023-07-12 12:53:28.743218 - Epoc #	4050	 9.29112982749939
2023-07-12 12:53:38.037701 - Epoc #	4060	 9.294482946395874
2023-07-12 12:53:48.017674 - Epoc #	4070	 9.979973077774048
2023-07-12 12:53:58.362384 - Epoc #	4080	 10.344710111618042
2023-07-12 12:54:08.201645 - Epoc #	4090	 9.839260816574097
2023-07-12 12:54:17.650096 - Epoc #	4100	 9.448451042175293
2023-07-12 12:54:27.629370 - Epoc #	4110	 9.979274034500122
2023-07-12 12:54:37.270898 - Epoc #	4120	 9.641528129577637
2023-07-12 12:54:47.248737 - Epoc #	4130	 9.97783899307251
2023-07-12 12:54:56.673149 - Epoc #	4140	 9.42441201210022
2023-07-12 12:55:06.173946 - Epoc #	4150	 9.500796794891357
2023-07-12 12:55:15.597021 - Epoc #	4160	 9.423075199127197
2023-07-12 12:55:24.991239 - Epoc #	4170	 9.39421796798706
2023-07-12 12:55:34.296588 - Epoc #	4180	 9.305348873138428
2023-07-12 12:55:44.266341 - Epoc #	4190	 9.96975302696228
2023-07-12 12:55:53.918308 - Epoc #	4200	 9.65196704864502
2023-07-12 12:56:03.955761 - Epoc #	4210	 10.037452936172485
2023-07-12 12:56:05.047203 - Time between reward step: #	4000.237993955612
2023-07-12 12:56:05.047203 - Average Score: 20.00 Elapsed time: 1:06:41.526348
2023-07-12 12:56:06.974661 - Time between reward step: #	4002.165452003479
2023-07-12 12:56:06.974661 - Average Score: 21.00 Elapsed time: 1:06:43.453784
2023-07-12 12:56:07.993620 - Time between reward step: #	4003.1844108104706
2023-07-12 12:56:07.993620 - Average Score: 22.00 Elapsed time: 1:06:44.472926
2023-07-12 12:56:13.635768 - Epoc #	4220	 9.680006980895996
2023-07-12 12:56:23.193992 - Epoc #	4230	 9.558223962783813
2023-07-12 12:56:33.146171 - Epoc #	4240	 9.952179193496704
2023-07-12 12:56:43.325641 - Epoc #	4250	 10.17946982383728
2023-07-12 12:56:53.532624 - Epoc #	4260	 10.206983089447021
2023-07-12 12:57:03.346107 - Epoc #	4270	 9.813482999801636
2023-07-12 12:57:12.866221 - Epoc #	4280	 9.520113945007324
2023-07-12 12:57:22.670545 - Epoc #	4290	 9.80432415008545
2023-07-12 12:57:32.180646 - Epoc #	4300	 9.510100841522217
2023-07-12 12:57:42.322236 - Epoc #	4310	 10.141590118408203
2023-07-12 12:57:51.965906 - Epoc #	4320	 9.643669843673706
2023-07-12 12:58:02.220336 - Epoc #	4330	 10.254430055618286
2023-07-12 12:58:11.920730 - Epoc #	4340	 9.70039415359497
2023-07-12 12:58:22.393574 - Epoc #	4350	 10.472843885421753
2023-07-12 12:58:32.243560 - Epoc #	4360	 9.84998607635498
2023-07-12 12:58:41.714063 - Epoc #	4370	 9.470502853393555
2023-07-12 12:58:51.364843 - Epoc #	4380	 9.650779962539673
2023-07-12 12:59:01.221925 - Epoc #	4390	 9.85708212852478
2023-07-12 12:59:11.383939 - Epoc #	4400	 10.16201400756836
2023-07-12 12:59:21.323052 - Epoc #	4410	 9.939112901687622
2023-07-12 12:59:31.205059 - Epoc #	4420	 9.882007122039795
2023-07-12 12:59:41.700130 - Epoc #	4430	 10.495070934295654
2023-07-12 12:59:51.143669 - Epoc #	4440	 9.443538904190063
2023-07-12 13:00:01.242076 - Epoc #	4450	 10.09840703010559
2023-07-12 13:00:10.950062 - Epoc #	4460	 9.707986116409302
2023-07-12 13:00:20.690944 - Epoc #	4470	 9.74088191986084
2023-07-12 13:00:31.409358 - Epoc #	4480	 10.718414068222046
2023-07-12 13:00:40.849467 - Epoc #	4490	 9.440109014511108
2023-07-12 13:00:51.115458 - Epoc #	4500	 10.265990972518921
2023-07-12 13:01:00.536330 - Epoc #	4510	 9.42087197303772
2023-07-12 13:01:10.570927 - Epoc #	4520	 10.034596920013428
2023-07-12 13:01:20.240034 - Epoc #	4530	 9.66910719871521
2023-07-12 13:01:31.184764 - Epoc #	4540	 10.944729804992676
2023-07-12 13:01:41.492837 - Epoc #	4550	 10.308073043823242
2023-07-12 13:01:51.161403 - Epoc #	4560	 9.66856598854065
2023-07-12 13:02:01.796601 - Epoc #	4570	 10.63519811630249
2023-07-12 13:02:11.705293 - Epoc #	4580	 9.908691883087158
2023-07-12 13:02:21.404933 - Epoc #	4590	 9.699640035629272
2023-07-12 13:02:31.061643 - Epoc #	4600	 9.656709909439087
2023-07-12 13:02:40.415174 - Epoc #	4610	 9.353531122207642
2023-07-12 13:02:49.894869 - Epoc #	4620	 9.479695081710815
2023-07-12 13:02:59.514044 - Epoc #	4630	 9.61917495727539
2023-07-12 13:03:09.433289 - Epoc #	4640	 9.91924500465393
2023-07-12 13:03:18.661372 - Epoc #	4650	 9.22808289527893
2023-07-12 13:03:28.126232 - Epoc #	4660	 9.464859962463379
2023-07-12 13:03:37.849447 - Epoc #	4670	 9.723215103149414
2023-07-12 13:03:48.458211 - Epoc #	4680	 10.608763933181763
2023-07-12 13:03:58.573237 - Epoc #	4690	 10.115025997161865
2023-07-12 13:04:08.220873 - Epoc #	4700	 9.64763617515564
2023-07-12 13:04:18.227217 - Epoc #	4710	 10.006343841552734
2023-07-12 13:04:27.980138 - Epoc #	4720	 9.752921104431152
2023-07-12 13:04:37.771375 - Epoc #	4730	 9.791236877441406
2023-07-12 13:04:47.484172 - Epoc #	4740	 9.712797164916992
2023-07-12 13:04:57.583918 - Epoc #	4750	 10.099745988845825
2023-07-12 13:05:07.271664 - Epoc #	4760	 9.687745809555054
2023-07-12 13:05:16.768533 - Epoc #	4770	 9.496869087219238
2023-07-12 13:05:27.012455 - Epoc #	4780	 10.243921995162964
2023-07-12 13:05:38.198104 - Epoc #	4790	 11.185648918151855
2023-07-12 13:05:49.243078 - Epoc #	4800	 11.044974088668823
2023-07-12 13:06:07.917875 - Epoc #	4810	 18.67479705810547
2023-07-12 13:06:25.370741 - Epoc #	4820	 17.452865839004517
2023-07-12 13:06:42.337812 - Epoc #	4830	 16.967071056365967
2023-07-12 13:07:02.700237 - Epoc #	4840	 20.362425088882446
2023-07-12 13:07:20.378203 - Epoc #	4850	 17.677965879440308
2023-07-12 13:07:38.906044 - Epoc #	4860	 18.527841091156006
2023-07-12 13:07:56.849948 - Epoc #	4870	 17.943903923034668
2023-07-12 13:08:15.242686 - Epoc #	4880	 18.392738103866577
2023-07-12 13:08:32.984872 - Epoc #	4890	 17.742186069488525
2023-07-12 13:08:51.298906 - Epoc #	4900	 18.31403398513794
2023-07-12 13:09:08.854574 - Epoc #	4910	 17.555667877197266
2023-07-12 13:09:26.320871 - Epoc #	4920	 17.466297149658203
2023-07-12 13:09:44.115434 - Epoc #	4930	 17.794562816619873
2023-07-12 13:10:01.993386 - Epoc #	4940	 17.877952098846436
2023-07-12 13:10:20.382150 - Epoc #	4950	 18.388763904571533
2023-07-12 13:10:38.413788 - Epoc #	4960	 18.031638145446777
2023-07-12 13:10:55.952004 - Epoc #	4970	 17.53821587562561
2023-07-12 13:11:14.483119 - Time between reward step: #	4909.673909902573
2023-07-12 13:11:14.483119 - Average Score: 23.00 Elapsed time: 1:21:50.970263
2023-07-12 13:11:14.483119 - Epoc #	4980	 18.53111505508423
2023-07-12 13:11:33.217908 - Epoc #	4990	 18.73478889465332
2023-07-12 13:11:41.996143 - Time between reward step: #	4937.186933994293
2023-07-12 13:11:41.996143 - Average Score: 24.00 Elapsed time: 1:22:18.486428
2023-07-12 13:11:50.679259 - Epoc #	5000	 17.46135115623474
2023-07-12 13:12:09.178343 - Epoc #	5010	 18.499083995819092
2023-07-12 13:12:18.688832 - Time between reward step: #	4973.879622936249
2023-07-12 13:12:18.688832 - Average Score: 25.00 Elapsed time: 1:22:55.168393
2023-07-12 13:12:28.359557 - Epoc #	5020	 19.181213855743408
2023-07-12 13:12:45.455706 - Epoc #	5030	 17.09614896774292
2023-07-12 13:13:02.821172 - Epoc #	5040	 17.365466117858887
2023-07-12 13:13:19.685933 - Epoc #	5050	 16.864761114120483
2023-07-12 13:13:39.781694 - Epoc #	5060	 20.095760822296143
2023-07-12 13:13:58.021101 - Epoc #	5070	 18.239407062530518
2023-07-12 13:14:16.231869 - Epoc #	5080	 18.21076798439026
2023-07-12 13:14:33.125165 - Epoc #	5090	 16.893296003341675
2023-07-12 13:14:51.388358 - Epoc #	5100	 18.263193130493164
2023-07-12 13:15:10.364677 - Epoc #	5110	 18.976318836212158
2023-07-12 13:15:29.258772 - Epoc #	5120	 18.894094944000244
2023-07-12 13:15:47.475749 - Epoc #	5130	 18.2169771194458
2023-07-12 13:16:05.091215 - Epoc #	5140	 17.615465879440308
2023-07-12 13:16:22.720258 - Epoc #	5150	 17.629043102264404
2023-07-12 13:16:39.765270 - Epoc #	5160	 17.0450119972229
2023-07-12 13:16:59.383624 - Epoc #	5170	 19.618354082107544
2023-07-12 13:17:17.522288 - Epoc #	5180	 18.13866400718689
2023-07-12 13:17:35.710030 - Epoc #	5190	 18.187741994857788
2023-07-12 13:17:54.977531 - Epoc #	5200	 19.26750087738037
2023-07-12 13:18:12.656893 - Epoc #	5210	 17.679362058639526
2023-07-12 13:18:31.307939 - Epoc #	5220	 18.65104603767395
2023-07-12 13:18:50.080407 - Epoc #	5230	 18.772467851638794
2023-07-12 13:19:07.471777 - Epoc #	5240	 17.391370058059692
2023-07-12 13:19:09.359418 - Time between reward step: #	5384.550208806992
2023-07-12 13:19:09.359418 - Average Score: 26.00 Elapsed time: 1:29:45.850223
2023-07-12 13:19:25.315887 - Epoc #	5250	 17.844110012054443
2023-07-12 13:19:32.755408 - Time between reward step: #	5407.946198940277
2023-07-12 13:19:32.755408 - Average Score: 27.00 Elapsed time: 1:30:09.249282
2023-07-12 13:19:40.142121 - Time between reward step: #	5415.332911968231
2023-07-12 13:19:40.142121 - Average Score: 28.00 Elapsed time: 1:30:16.634784
2023-07-12 13:19:43.737453 - Time between reward step: #	5418.9282438755035
2023-07-12 13:19:43.737453 - Average Score: 29.00 Elapsed time: 1:30:20.225483
2023-07-12 13:19:43.737453 - Epoc #	5260	 18.421566009521484
2023-07-12 13:19:45.713885 - Time between reward step: #	5420.904675960541
2023-07-12 13:19:45.713885 - Average Score: 30.00 Elapsed time: 1:30:22.196375
2023-07-12 13:19:53.228960 - Time between reward step: #	5428.419750928879
2023-07-12 13:19:53.228960 - Average Score: 31.00 Elapsed time: 1:30:29.709558
2023-07-12 13:20:02.587981 - Epoc #	5270	 18.85052800178528
2023-07-12 13:20:19.658572 - Epoc #	5280	 17.07059097290039
2023-07-12 13:20:38.009298 - Epoc #	5290	 18.35072612762451
2023-07-12 13:20:54.941735 - Epoc #	5300	 16.9324369430542
2023-07-12 13:21:12.979560 - Epoc #	5310	 18.037824869155884
2023-07-12 13:21:30.248886 - Epoc #	5320	 17.269326210021973
2023-07-12 13:21:48.685468 - Epoc #	5330	 18.43658185005188
2023-07-12 13:22:05.589775 - Epoc #	5340	 16.9043071269989
2023-07-12 13:22:23.105036 - Epoc #	5350	 17.515260934829712
2023-07-12 13:22:41.569820 - Epoc #	5360	 18.464783906936646
2023-07-12 13:22:58.417222 - Epoc #	5370	 16.847402095794678
2023-07-12 13:23:16.012919 - Epoc #	5380	 17.595696926116943
2023-07-12 13:23:33.550845 - Epoc #	5390	 17.537925958633423
2023-07-12 13:23:51.622339 - Epoc #	5400	 18.071494102478027
2023-07-12 13:24:09.344306 - Epoc #	5410	 17.721966981887817
2023-07-12 13:24:27.889600 - Epoc #	5420	 18.545294046401978
2023-07-12 13:24:45.446465 - Epoc #	5430	 17.556864976882935
2023-07-12 13:25:03.552970 - Epoc #	5440	 18.106504917144775
2023-07-12 13:25:21.066822 - Epoc #	5450	 17.5138521194458
2023-07-12 13:25:39.202215 - Epoc #	5460	 18.135392904281616
2023-07-12 13:25:58.718399 - Epoc #	5470	 19.516184091567993
2023-07-12 13:26:15.939241 - Epoc #	5480	 17.220841884613037
2023-07-12 13:26:36.080831 - Epoc #	5490	 20.141590118408203
2023-07-12 13:26:53.426982 - Epoc #	5500	 17.346150875091553
2023-07-12 13:27:13.042929 - Epoc #	5510	 19.615947008132935
2023-07-12 13:27:33.282925 - Epoc #	5520	 20.2399959564209
2023-07-12 13:27:52.912065 - Epoc #	5530	 19.6291401386261
2023-07-12 13:28:11.920369 - Epoc #	5540	 19.00830388069153
2023-07-12 13:28:30.440114 - Epoc #	5550	 18.519745111465454
2023-07-12 13:28:48.046117 - Epoc #	5560	 17.606003046035767
2023-07-12 13:29:05.915746 - Epoc #	5570	 17.86962890625
2023-07-12 13:29:25.535283 - Epoc #	5580	 19.619537115097046
2023-07-12 13:29:43.979775 - Epoc #	5590	 18.444491863250732
2023-07-12 13:30:01.392729 - Epoc #	5600	 17.412954092025757
2023-07-12 13:30:21.037125 - Epoc #	5610	 19.64439606666565
2023-07-12 13:30:39.616473 - Epoc #	5620	 18.579347848892212
2023-07-12 13:30:57.528066 - Epoc #	5630	 17.911592960357666
2023-07-12 13:31:15.373701 - Epoc #	5640	 17.845635175704956
2023-07-12 13:31:33.650632 - Epoc #	5650	 18.276930809020996
2023-07-12 13:31:51.669013 - Epoc #	5660	 18.018381118774414
2023-07-12 13:32:11.014071 - Epoc #	5670	 19.34505796432495
2023-07-12 13:32:29.345331 - Epoc #	5680	 18.331259965896606
2023-07-12 13:32:49.471669 - Epoc #	5690	 20.126338005065918
2023-07-12 13:33:09.052635 - Epoc #	5700	 19.580965995788574
2023-07-12 13:33:28.793016 - Epoc #	5710	 19.740381002426147
2023-07-12 13:33:46.473116 - Epoc #	5720	 17.680099964141846
2023-07-12 13:34:05.407214 - Epoc #	5730	 18.9340980052948
2023-07-12 13:34:23.306784 - Epoc #	5740	 17.899569988250732
2023-07-12 13:34:40.692886 - Epoc #	5750	 17.386102199554443
2023-07-12 13:34:58.947474 - Epoc #	5760	 18.25458788871765
2023-07-12 13:35:16.319469 - Epoc #	5770	 17.371994972229004
2023-07-12 13:35:35.767193 - Epoc #	5780	 19.447724103927612
2023-07-12 13:35:54.113745 - Epoc #	5790	 18.3465518951416
2023-07-12 13:36:13.226805 - Epoc #	5800	 19.113059997558594
2023-07-12 13:36:31.532126 - Epoc #	5810	 18.305320978164673
2023-07-12 13:36:48.996219 - Epoc #	5820	 17.46409296989441
2023-07-12 13:37:06.362723 - Epoc #	5830	 17.366504192352295
2023-07-12 13:37:23.895478 - Epoc #	5840	 17.53275489807129
2023-07-12 13:37:42.892678 - Epoc #	5850	 18.99720001220703
2023-07-12 13:38:00.594247 - Epoc #	5860	 17.701569080352783
2023-07-12 13:38:19.085691 - Epoc #	5870	 18.491443872451782
2023-07-12 13:38:37.521470 - Epoc #	5880	 18.435779094696045
2023-07-12 13:38:57.107576 - Epoc #	5890	 19.586105823516846
2023-07-12 13:39:14.739759 - Epoc #	5900	 17.632183074951172
2023-07-12 13:39:33.419465 - Epoc #	5910	 18.67970609664917
2023-07-12 13:39:52.237899 - Epoc #	5920	 18.81843400001526
2023-07-12 13:40:10.917862 - Epoc #	5930	 18.679962873458862
2023-07-12 13:40:29.627268 - Epoc #	5940	 18.70940613746643
2023-07-12 13:40:48.309692 - Epoc #	5950	 18.68242383003235
2023-07-12 13:41:06.346992 - Epoc #	5960	 18.03730010986328
2023-07-12 13:41:24.681971 - Epoc #	5970	 18.33497905731201
2023-07-12 13:41:41.329761 - Epoc #	5980	 16.64778995513916
2023-07-12 13:41:59.761686 - Epoc #	5990	 18.431925058364868
2023-07-12 13:42:17.313923 - Epoc #	6000	 17.552236795425415
2023-07-12 13:42:34.944522 - Epoc #	6010	 17.63059902191162
2023-07-12 13:42:54.654155 - Epoc #	6020	 19.709633111953735
2023-07-12 13:43:13.688705 - Epoc #	6030	 19.034549951553345
2023-07-12 13:43:32.431419 - Epoc #	6040	 18.742713928222656
2023-07-12 13:43:51.107501 - Epoc #	6050	 18.676082134246826
2023-07-12 13:44:09.273407 - Epoc #	6060	 18.165905952453613
2023-07-12 13:44:26.026510 - Epoc #	6070	 16.753103017807007
2023-07-12 13:44:43.949217 - Epoc #	6080	 17.922707080841064
2023-07-12 13:45:01.621291 - Epoc #	6090	 17.67207384109497
2023-07-12 13:45:18.891861 - Epoc #	6100	 17.270570039749146
2023-07-12 13:45:38.538359 - Epoc #	6110	 19.64649796485901
2023-07-12 13:45:57.032148 - Epoc #	6120	 18.493788957595825
2023-07-12 13:46:15.202328 - Epoc #	6130	 18.170180082321167
2023-07-12 13:46:34.625951 - Epoc #	6140	 19.423623085021973
2023-07-12 13:46:53.757466 - Epoc #	6150	 19.13151502609253
2023-07-12 13:47:12.393656 - Epoc #	6160	 18.636189937591553
2023-07-12 13:47:31.369255 - Epoc #	6170	 18.97559905052185
2023-07-12 13:47:49.223982 - Epoc #	6180	 17.854727029800415
2023-07-12 13:48:07.045356 - Epoc #	6190	 17.82137393951416
2023-07-12 13:48:24.903846 - Epoc #	6200	 17.858489990234375
2023-07-12 13:48:43.684858 - Epoc #	6210	 18.781012058258057
2023-07-12 13:49:02.142595 - Epoc #	6220	 18.45773696899414
2023-07-12 13:49:19.806864 - Epoc #	6230	 17.664268970489502
2023-07-12 13:49:38.324291 - Epoc #	6240	 18.51742696762085
2023-07-12 13:49:56.979999 - Epoc #	6250	 18.655708074569702
2023-07-12 13:50:14.619814 - Epoc #	6260	 17.639814853668213
2023-07-12 13:50:32.648183 - Epoc #	6270	 18.028369188308716
2023-07-12 13:50:50.880618 - Epoc #	6280	 18.23243498802185
2023-07-12 13:51:08.828064 - Epoc #	6290	 17.9474458694458
2023-07-12 13:51:26.977756 - Epoc #	6300	 18.149692058563232
2023-07-12 13:51:46.844494 - Epoc #	6310	 19.866738080978394
2023-07-12 13:52:05.652191 - Epoc #	6320	 18.80769681930542
2023-07-12 13:52:24.337064 - Epoc #	6330	 18.68487310409546
2023-07-12 13:52:43.377996 - Epoc #	6340	 19.040931940078735
2023-07-12 13:53:03.282417 - Epoc #	6350	 19.904421091079712
2023-07-12 13:53:20.413495 - Epoc #	6360	 17.131078004837036
2023-07-12 13:53:38.077295 - Epoc #	6370	 17.66380000114441
2023-07-12 13:53:55.094636 - Epoc #	6380	 17.017340898513794
2023-07-12 13:54:14.628643 - Epoc #	6390	 19.53400707244873
2023-07-12 13:54:31.761992 - Epoc #	6400	 17.13334894180298
2023-07-12 13:54:49.876742 - Epoc #	6410	 18.114749908447266
2023-07-12 13:55:08.241311 - Epoc #	6420	 18.364569187164307
2023-07-12 13:55:25.547980 - Epoc #	6430	 17.306668996810913
2023-07-12 13:55:43.590392 - Epoc #	6440	 18.042412042617798
2023-07-12 13:56:03.375721 - Epoc #	6450	 19.78532886505127
2023-07-12 13:56:22.829547 - Epoc #	6460	 19.45382595062256
2023-07-12 13:56:42.794067 - Epoc #	6470	 19.96451997756958
2023-07-12 13:57:02.518231 - Epoc #	6480	 19.72416400909424
2023-07-12 13:57:20.000705 - Epoc #	6490	 17.482474088668823
2023-07-12 13:57:27.501252 - Time between reward step: #	7682.692042827606
2023-07-12 13:57:27.502244 - Average Score: 32.00 Elapsed time: 2:08:03.981371
2023-07-12 13:57:31.062305 - Time between reward step: #	7686.25309586525
2023-07-12 13:57:31.062305 - Average Score: 33.00 Elapsed time: 2:08:07.541485
2023-07-12 13:57:36.225546 - Time between reward step: #	7691.416336774826
2023-07-12 13:57:36.225546 - Average Score: 34.00 Elapsed time: 2:08:12.705201
2023-07-12 13:57:37.852484 - Epoc #	6500	 17.851778984069824
2023-07-12 13:57:39.862529 - Time between reward step: #	7695.05331993103
2023-07-12 13:57:39.863529 - Average Score: 35.00 Elapsed time: 2:08:16.342471
2023-07-12 13:57:56.346058 - Epoc #	6510	 18.493573904037476
2023-07-12 13:58:14.932935 - Epoc #	6520	 18.58687710762024
2023-07-12 13:58:33.513819 - Epoc #	6530	 18.580883979797363
2023-07-12 13:58:45.463460 - Time between reward step: #	7760.654250860214
2023-07-12 13:58:45.463460 - Average Score: 36.00 Elapsed time: 2:09:21.942780
2023-07-12 13:58:52.517492 - Epoc #	6540	 19.00367307662964
2023-07-12 13:58:54.559376 - Time between reward step: #	7769.750166893005
2023-07-12 13:58:54.559376 - Average Score: 37.00 Elapsed time: 2:09:31.038761
2023-07-12 13:59:08.562753 - Time between reward step: #	7783.75354385376
2023-07-12 13:59:08.563647 - Average Score: 38.00 Elapsed time: 2:09:45.042593
2023-07-12 13:59:09.954919 - Epoc #	6550	 17.437427043914795
2023-07-12 13:59:28.648323 - Epoc #	6560	 18.693403959274292
2023-07-12 13:59:46.504707 - Epoc #	6570	 17.855384826660156
2023-07-12 14:00:05.406041 - Epoc #	6580	 18.901333808898926
2023-07-12 14:00:23.603821 - Epoc #	6590	 18.1977801322937
2023-07-12 14:00:41.704759 - Epoc #	6600	 18.100937843322754
2023-07-12 14:01:01.764613 - Epoc #	6610	 20.05985403060913
2023-07-12 14:01:22.527431 - Epoc #	6620	 20.762818098068237
2023-07-12 14:01:41.098217 - Epoc #	6630	 18.570785999298096
2023-07-12 14:02:00.265685 - Epoc #	6640	 19.167468070983887
2023-07-12 14:02:18.356678 - Epoc #	6650	 18.09099292755127
2023-07-12 14:02:35.425513 - Epoc #	6660	 17.068835020065308
2023-07-12 14:02:56.442834 - Epoc #	6670	 21.01732087135315
2023-07-12 14:03:14.223657 - Epoc #	6680	 17.78082299232483
2023-07-12 14:03:32.322313 - Epoc #	6690	 18.098656177520752
2023-07-12 14:03:51.232210 - Epoc #	6700	 18.909896850585938
2023-07-12 14:04:10.687594 - Epoc #	6710	 19.455384016036987
2023-07-12 14:04:29.892244 - Epoc #	6720	 19.204650163650513
2023-07-12 14:04:47.322901 - Epoc #	6730	 17.430656909942627
2023-07-12 14:05:05.357535 - Epoc #	6740	 18.03463387489319
2023-07-12 14:05:24.383539 - Epoc #	6750	 19.02600407600403
2023-07-12 14:05:41.814465 - Epoc #	6760	 17.430926084518433
2023-07-12 14:06:00.246283 - Epoc #	6770	 18.43181800842285
2023-07-12 14:06:19.994867 - Epoc #	6780	 19.748584032058716
2023-07-12 14:06:38.165479 - Epoc #	6790	 18.17061185836792
2023-07-12 14:06:55.870997 - Epoc #	6800	 17.705518007278442
2023-07-12 14:07:14.012992 - Epoc #	6810	 18.141994953155518
2023-07-12 14:07:32.824174 - Epoc #	6820	 18.811182022094727
2023-07-12 14:07:50.929865 - Epoc #	6830	 18.105690956115723
2023-07-12 14:08:09.346342 - Epoc #	6840	 18.41647720336914
2023-07-12 14:08:29.732371 - Epoc #	6850	 20.38602900505066
2023-07-12 14:08:48.664754 - Epoc #	6860	 18.932382822036743
2023-07-12 14:09:07.155268 - Epoc #	6870	 18.490514039993286
2023-07-12 14:09:27.202461 - Epoc #	6880	 20.04719305038452
2023-07-12 14:09:46.479831 - Epoc #	6890	 19.2773699760437
2023-07-12 14:10:06.227472 - Epoc #	6900	 19.74764108657837
2023-07-12 14:10:25.167064 - Epoc #	6910	 18.939591884613037
2023-07-12 14:10:43.407170 - Epoc #	6920	 18.240106105804443
2023-07-12 14:11:00.993447 - Epoc #	6930	 17.58627700805664
2023-07-12 14:11:14.589103 - Epoc #	6940	 13.595655918121338
2023-07-12 14:11:24.660549 - Epoc #	6950	 10.071445941925049
2023-07-12 14:11:40.350493 - Epoc #	6960	 15.68994402885437
2023-07-12 14:12:00.221408 - Epoc #	6970	 19.870914936065674
2023-07-12 14:12:18.490476 - Epoc #	6980	 18.269068002700806
2023-07-12 14:12:37.710912 - Epoc #	6990	 19.220436096191406
2023-07-12 14:12:55.702787 - Epoc #	7000	 17.991874933242798
2023-07-12 14:13:13.496179 - Epoc #	7010	 17.793392181396484
2023-07-12 14:13:30.590009 - Epoc #	7020	 17.093829870224
2023-07-12 14:13:48.861572 - Epoc #	7030	 18.271563053131104
2023-07-12 14:14:07.143548 - Epoc #	7040	 18.281975984573364
2023-07-12 14:14:26.137853 - Epoc #	7050	 18.994304895401
2023-07-12 14:14:44.662177 - Epoc #	7060	 18.52432417869568
2023-07-12 14:15:04.162786 - Epoc #	7070	 19.500608921051025
2023-07-12 14:15:22.054761 - Epoc #	7080	 17.891974925994873
2023-07-12 14:15:39.816605 - Epoc #	7090	 17.761844158172607
2023-07-12 14:15:58.292678 - Epoc #	7100	 18.476073026657104
2023-07-12 14:16:16.275330 - Epoc #	7110	 17.982651948928833
2023-07-12 14:16:35.556499 - Epoc #	7120	 19.281168937683105
2023-07-12 14:17:04.184849 - Epoc #	7130	 28.628350019454956
2023-07-12 14:17:26.309048 - Epoc #	7140	 22.12419891357422
2023-07-12 14:17:44.548560 - Epoc #	7150	 18.239511966705322
2023-07-12 14:18:02.966858 - Epoc #	7160	 18.41829800605774
2023-07-12 14:18:23.308067 - Epoc #	7170	 20.341209173202515
2023-07-12 14:18:42.935355 - Epoc #	7180	 19.62728786468506
2023-07-12 14:19:02.227008 - Epoc #	7190	 19.291653156280518
2023-07-12 14:19:04.230617 - Time between reward step: #	8979.421407938004
2023-07-12 14:19:04.230617 - Average Score: 39.00 Elapsed time: 2:29:40.720963
2023-07-12 14:19:06.164136 - Time between reward step: #	8981.35492682457
2023-07-12 14:19:06.164136 - Average Score: 40.00 Elapsed time: 2:29:42.645873
2023-07-12 14:19:10.060300 - Time between reward step: #	8985.251091003418
2023-07-12 14:19:10.060300 - Average Score: 41.00 Elapsed time: 2:29:46.547234
2023-07-12 14:19:19.530154 - Time between reward step: #	8994.72094488144
2023-07-12 14:19:19.530154 - Average Score: 42.00 Elapsed time: 2:29:56.018213
2023-07-12 14:19:21.600573 - Time between reward step: #	8996.791363954544
2023-07-12 14:19:21.600573 - Average Score: 43.00 Elapsed time: 2:29:58.082382
2023-07-12 14:19:21.600573 - Epoc #	7200	 19.373564958572388
2023-07-12 14:19:27.154945 - Time between reward step: #	9002.345735788345
2023-07-12 14:19:27.154945 - Average Score: 44.00 Elapsed time: 2:30:03.636942
2023-07-12 14:19:39.801055 - Epoc #	7210	 18.20048189163208
2023-07-12 14:19:41.750397 - Time between reward step: #	9016.941187858582
2023-07-12 14:19:41.750397 - Average Score: 45.00 Elapsed time: 2:30:18.232494
2023-07-12 14:19:45.634707 - Time between reward step: #	9020.825497865677
2023-07-12 14:19:45.634707 - Average Score: 46.00 Elapsed time: 2:30:22.114420
2023-07-12 14:19:58.000446 - Epoc #	7220	 18.19939112663269
2023-07-12 14:20:16.741762 - Epoc #	7230	 18.741315841674805
2023-07-12 14:20:34.601521 - Epoc #	7240	 17.859759092330933
2023-07-12 14:20:54.309778 - Epoc #	7250	 19.70825695991516
2023-07-12 14:21:14.845606 - Epoc #	7260	 20.535828113555908
2023-07-12 14:21:33.628146 - Epoc #	7270	 18.78253984451294
2023-07-12 14:21:51.918079 - Epoc #	7280	 18.2899329662323
2023-07-12 14:22:09.926670 - Epoc #	7290	 18.008591175079346
2023-07-12 14:22:28.203336 - Epoc #	7300	 18.276665925979614
2023-07-12 14:22:48.286281 - Epoc #	7310	 20.082945108413696
2023-07-12 14:23:06.478807 - Epoc #	7320	 18.19252586364746
2023-07-12 14:23:24.725748 - Epoc #	7330	 18.246941089630127
2023-07-12 14:23:43.037147 - Epoc #	7340	 18.31139898300171
2023-07-12 14:24:02.381823 - Epoc #	7350	 19.34467601776123
2023-07-12 14:24:22.594631 - Epoc #	7360	 20.21280789375305
2023-07-12 14:24:40.400572 - Epoc #	7370	 17.805941104888916
2023-07-12 14:24:58.467736 - Epoc #	7380	 18.067163944244385
2023-07-12 14:25:17.361835 - Epoc #	7390	 18.89409899711609
2023-07-12 14:25:35.434120 - Epoc #	7400	 18.072284936904907
2023-07-12 14:25:55.519566 - Epoc #	7410	 20.08544611930847
2023-07-12 14:26:14.754394 - Epoc #	7420	 19.234827995300293
2023-07-12 14:26:32.186312 - Epoc #	7430	 17.431917905807495
2023-07-12 14:26:50.877724 - Epoc #	7440	 18.6914119720459
2023-07-12 14:27:09.584358 - Epoc #	7450	 18.706634044647217
2023-07-12 14:27:27.501921 - Epoc #	7460	 17.91756296157837
2023-07-12 14:27:44.337241 - Epoc #	7470	 16.835319995880127
2023-07-12 14:28:01.979664 - Epoc #	7480	 17.642423152923584
2023-07-12 14:28:19.736227 - Epoc #	7490	 17.75656294822693
2023-07-12 14:28:38.249755 - Epoc #	7500	 18.513527870178223
2023-07-12 14:28:56.000362 - Epoc #	7510	 17.750607013702393
2023-07-12 14:29:13.136897 - Epoc #	7520	 17.136535167694092
2023-07-12 14:29:30.247433 - Epoc #	7530	 17.110535860061646
2023-07-12 14:29:47.434353 - Epoc #	7540	 17.186920166015625
2023-07-12 14:30:07.335832 - Epoc #	7550	 19.9014790058136
2023-07-12 14:30:24.373252 - Epoc #	7560	 17.03741979598999
2023-07-12 14:30:41.470021 - Epoc #	7570	 17.096769094467163
2023-07-12 14:30:59.948619 - Epoc #	7580	 18.47859787940979
2023-07-12 14:31:19.205411 - Epoc #	7590	 19.256792068481445
2023-07-12 14:31:36.498022 - Epoc #	7600	 17.292611122131348
2023-07-12 14:31:55.530814 - Epoc #	7610	 19.03279185295105
2023-07-12 14:32:14.302478 - Epoc #	7620	 18.771664142608643
2023-07-12 14:32:31.954634 - Epoc #	7630	 17.652155876159668
2023-07-12 14:32:50.411777 - Epoc #	7640	 18.4571430683136
2023-07-12 14:33:07.900014 - Epoc #	7650	 17.488236904144287
2023-07-12 14:33:25.869739 - Epoc #	7660	 17.969725131988525
2023-07-12 14:33:43.207204 - Epoc #	7670	 17.337465047836304
2023-07-12 14:34:01.856282 - Epoc #	7680	 18.649077892303467
2023-07-12 14:34:21.174073 - Epoc #	7690	 19.317790985107422
2023-07-12 14:34:38.793352 - Epoc #	7700	 17.61927890777588
2023-07-12 14:34:57.128556 - Epoc #	7710	 18.335204124450684
2023-07-12 14:35:15.308937 - Epoc #	7720	 18.180381059646606
2023-07-12 14:35:33.004321 - Epoc #	7730	 17.69538402557373
2023-07-12 14:35:40.584801 - Time between reward step: #	9975.77559185028
2023-07-12 14:35:40.584801 - Average Score: 47.00 Elapsed time: 2:46:17.071535
2023-07-12 14:35:52.202531 - Epoc #	7740	 19.19821000099182
2023-07-12 14:36:11.568787 - Epoc #	7750	 19.36625599861145
2023-07-12 14:36:28.772159 - Epoc #	7760	 17.20337200164795
2023-07-12 14:36:45.732833 - Epoc #	7770	 16.960673809051514
2023-07-12 14:37:04.027739 - Epoc #	7780	 18.29490613937378
2023-07-12 14:37:21.585513 - Epoc #	7790	 17.55777406692505
2023-07-12 14:37:40.231210 - Epoc #	7800	 18.645696878433228
2023-07-12 14:37:59.104196 - Epoc #	7810	 18.87298607826233
2023-07-12 14:38:16.823242 - Epoc #	7820	 17.719045877456665
2023-07-12 14:38:36.146763 - Epoc #	7830	 19.32352113723755
2023-07-12 14:38:53.023229 - Epoc #	7840	 16.876465797424316
2023-07-12 14:39:10.140011 - Epoc #	7850	 17.116782188415527
2023-07-12 14:39:27.295773 - Epoc #	7860	 17.15576195716858
2023-07-12 14:39:44.982960 - Epoc #	7870	 17.68718695640564
2023-07-12 14:40:02.770722 - Epoc #	7880	 17.787761926651
2023-07-12 14:40:23.171488 - Epoc #	7890	 20.400766134262085
2023-07-12 14:40:40.545091 - Epoc #	7900	 17.373602867126465
2023-07-12 14:40:59.753483 - Epoc #	7910	 19.20839214324951
2023-07-12 14:41:17.191152 - Epoc #	7920	 17.437669038772583
2023-07-12 14:41:34.546129 - Epoc #	7930	 17.354976892471313
2023-07-12 14:41:53.638544 - Epoc #	7940	 19.09241509437561
2023-07-12 14:42:12.074955 - Epoc #	7950	 18.436410903930664
2023-07-12 14:42:28.841590 - Epoc #	7960	 16.766634941101074
2023-07-12 14:42:47.397843 - Epoc #	7970	 18.55625295639038
2023-07-12 14:43:06.278497 - Epoc #	7980	 18.880654096603394
2023-07-12 14:43:23.241231 - Epoc #	7990	 16.96273398399353
2023-07-12 14:43:39.971561 - Epoc #	8000	 16.730329990386963
2023-07-12 14:43:57.062060 - Epoc #	8010	 17.09049916267395
2023-07-12 14:44:13.841031 - Epoc #	8020	 16.778970956802368
2023-07-12 14:44:32.750219 - Epoc #	8030	 18.908188819885254
2023-07-12 14:44:49.229847 - Epoc #	8040	 16.47962784767151
2023-07-12 14:45:06.787418 - Epoc #	8050	 17.557570934295654
2023-07-12 14:45:23.923663 - Epoc #	8060	 17.136245012283325
2023-07-12 14:45:41.179252 - Epoc #	8070	 17.2555890083313
2023-07-12 14:46:00.131728 - Epoc #	8080	 18.952476024627686
2023-07-12 14:46:17.332231 - Epoc #	8090	 17.20050311088562
2023-07-12 14:46:34.721760 - Epoc #	8100	 17.38952898979187
2023-07-12 14:46:52.383964 - Epoc #	8110	 17.662204027175903
2023-07-12 14:47:09.581665 - Epoc #	8120	 17.19770097732544
2023-07-12 14:47:28.550038 - Epoc #	8130	 18.96837306022644
2023-07-12 14:47:47.630501 - Epoc #	8140	 19.08046293258667
2023-07-12 14:48:05.664398 - Epoc #	8150	 18.033896923065186
2023-07-12 14:48:22.354100 - Epoc #	8160	 16.689702033996582
2023-07-12 14:48:40.005814 - Epoc #	8170	 17.651714086532593
2023-07-12 14:48:57.386164 - Epoc #	8180	 17.38034987449646
2023-07-12 14:49:14.545811 - Epoc #	8190	 17.15964698791504
2023-07-12 14:49:31.973567 - Epoc #	8200	 17.4277560710907
2023-07-12 14:49:49.668962 - Epoc #	8210	 17.69539499282837
2023-07-12 14:50:06.892322 - Epoc #	8220	 17.223360061645508
2023-07-12 14:50:23.967828 - Epoc #	8230	 17.07550597190857
2023-07-12 14:50:42.644884 - Epoc #	8240	 18.677056074142456
2023-07-12 14:51:01.459441 - Epoc #	8250	 18.81455683708191
2023-07-12 14:51:18.665952 - Epoc #	8260	 17.2065110206604
2023-07-12 14:51:36.149344 - Epoc #	8270	 17.483392000198364
2023-07-12 14:51:54.424161 - Epoc #	8280	 18.27481698989868
2023-07-12 14:52:12.025858 - Epoc #	8290	 17.601696968078613
2023-07-12 14:52:24.595338 - Time between reward step: #	10979.786128997803
2023-07-12 14:52:24.596338 - Average Score: 48.00 Elapsed time: 3:03:01.075193
2023-07-12 14:52:26.408173 - Time between reward step: #	10981.598963975906
2023-07-12 14:52:26.409165 - Average Score: 49.00 Elapsed time: 3:03:02.888140
2023-07-12 14:52:29.526005 - Epoc #	8300	 17.500147104263306
2023-07-12 14:52:48.443800 - Epoc #	8310	 18.917794942855835
2023-07-12 14:53:05.534543 - Epoc #	8320	 17.09074306488037
2023-07-12 14:53:23.613684 - Epoc #	8330	 18.07914090156555
2023-07-12 14:53:41.502622 - Epoc #	8340	 17.888937950134277
2023-07-12 14:53:58.023463 - Epoc #	8350	 16.520841121673584
2023-07-12 14:54:15.507825 - Epoc #	8360	 17.48436188697815
2023-07-12 14:54:33.070261 - Epoc #	8370	 17.5624361038208
2023-07-12 14:54:50.348217 - Epoc #	8380	 17.277956008911133
2023-07-12 14:55:07.499725 - Epoc #	8390	 17.15150809288025
2023-07-12 14:55:24.923700 - Epoc #	8400	 17.423974990844727
2023-07-12 14:55:43.854965 - Epoc #	8410	 18.931264877319336
2023-07-12 14:56:01.216500 - Epoc #	8420	 17.36153507232666
2023-07-12 14:56:18.882205 - Epoc #	8430	 17.66570496559143
2023-07-12 14:56:37.315960 - Epoc #	8440	 18.433754920959473
2023-07-12 14:56:54.407618 - Epoc #	8450	 17.091658115386963
2023-07-12 14:57:12.363592 - Epoc #	8460	 17.955973863601685
2023-07-12 14:57:30.685510 - Epoc #	8470	 18.32191801071167
2023-07-12 14:57:48.028601 - Epoc #	8480	 17.343091011047363
2023-07-12 14:58:06.615985 - Epoc #	8490	 18.58738398551941
2023-07-12 14:58:24.187747 - Epoc #	8500	 17.571762084960938
2023-07-12 14:58:42.961685 - Epoc #	8510	 18.773937940597534
2023-07-12 14:58:59.580977 - Epoc #	8520	 16.61929202079773
2023-07-12 14:59:16.923837 - Epoc #	8530	 17.342859983444214
2023-07-12 14:59:35.010374 - Epoc #	8540	 18.08653712272644
2023-07-12 14:59:53.737185 - Epoc #	8550	 18.726810932159424
2023-07-12 15:00:12.139377 - Epoc #	8560	 18.40219211578369
2023-07-12 15:00:29.705288 - Epoc #	8570	 17.565910816192627
2023-07-12 15:00:47.643150 - Epoc #	8580	 17.937862157821655
2023-07-12 15:01:06.088293 - Epoc #	8590	 18.44514298439026
2023-07-12 15:01:24.577516 - Epoc #	8600	 18.48922300338745
2023-07-12 15:01:42.610006 - Epoc #	8610	 18.032490015029907
2023-07-12 15:02:00.460179 - Epoc #	8620	 17.850172996520996
2023-07-12 15:02:18.006436 - Epoc #	8630	 17.54625701904297
2023-07-12 15:02:35.609533 - Epoc #	8640	 17.603096961975098
2023-07-12 15:02:37.508425 - Time between reward step: #	11592.699215888977
2023-07-12 15:02:37.508425 - Average Score: 50.00 Elapsed time: 3:13:13.988147
2023-07-12 15:02:53.115435 - Epoc #	8650	 17.50590181350708
2023-07-12 15:03:11.209706 - Epoc #	8660	 18.094271183013916
2023-07-12 15:03:28.588390 - Epoc #	8670	 17.378684043884277
2023-07-12 15:03:45.782748 - Epoc #	8680	 17.194357872009277
2023-07-12 15:04:03.471845 - Epoc #	8690	 17.689096927642822
2023-07-12 15:04:21.929000 - Epoc #	8700	 18.457154989242554
2023-07-12 15:04:38.974123 - Epoc #	8710	 17.04512310028076
2023-07-12 15:04:56.677182 - Epoc #	8720	 17.70305895805359
2023-07-12 15:05:13.698486 - Epoc #	8730	 17.0213041305542
2023-07-12 15:05:31.344655 - Epoc #	8740	 17.64616894721985
2023-07-12 15:05:49.749189 - Epoc #	8750	 18.404533863067627
2023-07-12 15:06:06.469312 - Epoc #	8760	 16.720123052597046
2023-07-12 15:06:23.174870 - Epoc #	8770	 16.70555806159973
2023-07-12 15:06:41.614330 - Epoc #	8780	 18.439460039138794
2023-07-12 15:06:58.785521 - Epoc #	8790	 17.171190977096558
2023-07-12 15:07:16.713091 - Epoc #	8800	 17.92756986618042
2023-07-12 15:07:33.950882 - Epoc #	8810	 17.237791061401367
2023-07-12 15:07:50.843976 - Epoc #	8820	 16.893094062805176
2023-07-12 15:08:07.891216 - Epoc #	8830	 17.047240018844604
2023-07-12 15:08:25.598763 - Epoc #	8840	 17.707546949386597
2023-07-12 15:08:42.735124 - Epoc #	8850	 17.136361122131348
2023-07-12 15:09:00.683489 - Epoc #	8860	 17.948364973068237
2023-07-12 15:09:17.513177 - Epoc #	8870	 16.82968783378601
2023-07-12 15:09:35.318852 - Epoc #	8880	 17.80567502975464
2023-07-12 15:09:52.121700 - Epoc #	8890	 16.80284810066223
2023-07-12 15:10:10.480132 - Epoc #	8900	 18.358432054519653
2023-07-12 15:10:27.570228 - Epoc #	8910	 17.09009599685669
2023-07-12 15:10:46.075366 - Epoc #	8920	 18.50513792037964
2023-07-12 15:11:02.147808 - Epoc #	8930	 16.072442054748535
2023-07-12 15:11:20.622004 - Epoc #	8940	 18.474195957183838
2023-07-12 15:11:37.970886 - Epoc #	8950	 17.34888195991516
2023-07-12 15:11:55.947228 - Epoc #	8960	 17.97634196281433
2023-07-12 15:12:13.949937 - Epoc #	8970	 18.00270915031433
2023-07-12 15:12:31.077211 - Epoc #	8980	 17.12727379798889
2023-07-12 15:12:48.685073 - Epoc #	8990	 17.60786199569702
2023-07-12 15:13:06.967884 - Epoc #	9000	 18.282811164855957
2023-07-12 15:13:24.641463 - Epoc #	9010	 17.67357897758484
2023-07-12 15:13:42.958337 - Epoc #	9020	 18.316874027252197
2023-07-12 15:14:01.205214 - Epoc #	9030	 18.24687695503235
2023-07-12 15:14:18.651633 - Epoc #	9040	 17.44641900062561
2023-07-12 15:14:36.616295 - Epoc #	9050	 17.964662075042725
2023-07-12 15:14:54.865720 - Epoc #	9060	 18.249424934387207
2023-07-12 15:15:12.515937 - Epoc #	9070	 17.650217056274414
2023-07-12 15:15:30.391024 - Epoc #	9080	 17.875087022781372
2023-07-12 15:15:48.432467 - Time between reward step: #	12383.623257875443
2023-07-12 15:15:48.432467 - Average Score: 51.00 Elapsed time: 3:26:24.911783
2023-07-12 15:15:48.432467 - Epoc #	9090	 18.04144287109375
2023-07-12 15:16:05.124484 - Epoc #	9100	 16.692017078399658
2023-07-12 15:16:08.473809 - Time between reward step: #	12403.664599895477
2023-07-12 15:16:08.473809 - Average Score: 52.00 Elapsed time: 3:26:44.953103
2023-07-12 15:16:10.298057 - Time between reward step: #	12405.488847970963
2023-07-12 15:16:10.298057 - Average Score: 53.00 Elapsed time: 3:26:46.777501
2023-07-12 15:16:22.792094 - Epoc #	9110	 17.667609930038452
2023-07-12 15:16:42.210633 - Epoc #	9120	 19.41853904724121
2023-07-12 15:17:00.150890 - Epoc #	9130	 17.94025707244873
2023-07-12 15:17:17.113391 - Epoc #	9140	 16.96250081062317
2023-07-12 15:17:34.604805 - Epoc #	9150	 17.491414070129395
2023-07-12 15:17:53.750783 - Epoc #	9160	 19.14597797393799
2023-07-12 15:18:11.714128 - Epoc #	9170	 17.963345050811768
2023-07-12 15:18:30.184672 - Epoc #	9180	 18.47054409980774
2023-07-12 15:18:47.398091 - Epoc #	9190	 17.21341896057129
2023-07-12 15:19:04.589349 - Epoc #	9200	 17.1912579536438
2023-07-12 15:19:22.474744 - Epoc #	9210	 17.885395050048828
2023-07-12 15:19:41.194552 - Epoc #	9220	 18.719807863235474
2023-07-12 15:19:59.047079 - Epoc #	9230	 17.852527141571045
2023-07-12 15:20:15.246540 - Epoc #	9240	 16.199460983276367
2023-07-12 15:20:32.401949 - Epoc #	9250	 17.15540885925293
2023-07-12 15:20:51.936567 - Epoc #	9260	 19.534618139266968
2023-07-12 15:21:10.212506 - Epoc #	9270	 18.275938987731934
2023-07-12 15:21:28.534804 - Epoc #	9280	 18.322298049926758
2023-07-12 15:21:46.327615 - Epoc #	9290	 17.792810916900635
2023-07-12 15:22:03.675950 - Epoc #	9300	 17.348335027694702
2023-07-12 15:22:21.601890 - Epoc #	9310	 17.92594003677368
2023-07-12 15:22:39.081286 - Epoc #	9320	 17.479395866394043
2023-07-12 15:22:56.910590 - Epoc #	9330	 17.829303979873657
2023-07-12 15:23:14.490105 - Epoc #	9340	 17.579514980316162
2023-07-12 15:23:23.594970 - Time between reward step: #	12838.785760879517
2023-07-12 15:23:23.594970 - Average Score: 54.00 Elapsed time: 3:34:00.074069
2023-07-12 15:23:25.495141 - Time between reward step: #	12840.685931921005
2023-07-12 15:23:25.495141 - Average Score: 55.00 Elapsed time: 3:34:01.974837
2023-07-12 15:23:33.049906 - Epoc #	9350	 18.55980110168457
2023-07-12 15:23:51.017242 - Epoc #	9360	 17.96733593940735
2023-07-12 15:24:09.077405 - Epoc #	9370	 18.060163021087646
2023-07-12 15:24:26.635520 - Epoc #	9380	 17.558115005493164
2023-07-12 15:24:43.883204 - Epoc #	9390	 17.247684001922607
2023-07-12 15:25:00.873004 - Epoc #	9400	 16.989799976348877
2023-07-12 15:25:17.484057 - Epoc #	9410	 16.611052989959717
2023-07-12 15:25:34.720690 - Epoc #	9420	 17.23663306236267
2023-07-12 15:25:52.406388 - Epoc #	9430	 17.68569803237915
2023-07-12 15:26:10.011042 - Epoc #	9440	 17.60465407371521
2023-07-12 15:26:27.290597 - Epoc #	9450	 17.279554843902588
2023-07-12 15:26:45.150511 - Epoc #	9460	 17.85991406440735
2023-07-12 15:27:03.240761 - Epoc #	9470	 18.09025001525879
2023-07-12 15:27:19.680906 - Epoc #	9480	 16.440145015716553
2023-07-12 15:27:38.429742 - Epoc #	9490	 18.748836040496826
2023-07-12 15:27:56.319648 - Epoc #	9500	 17.88990592956543
2023-07-12 15:28:14.980378 - Epoc #	9510	 18.66072988510132
2023-07-12 15:28:25.418249 - Time between reward step: #	13140.609039783478
2023-07-12 15:28:25.418249 - Average Score: 56.00 Elapsed time: 3:39:01.897905
2023-07-12 15:28:32.724152 - Time between reward step: #	13147.914942979813
2023-07-12 15:28:32.724152 - Average Score: 57.00 Elapsed time: 3:39:09.203587
2023-07-12 15:28:34.637593 - Time between reward step: #	13149.828383922577
2023-07-12 15:28:34.638484 - Average Score: 58.00 Elapsed time: 3:39:11.117480
2023-07-12 15:28:34.638484 - Epoc #	9520	 19.658106088638306
2023-07-12 15:28:40.363326 - Time between reward step: #	13155.55411696434
2023-07-12 15:28:40.363326 - Average Score: 59.00 Elapsed time: 3:39:16.842739
2023-07-12 15:28:43.867043 - Time between reward step: #	13159.057833909988
2023-07-12 15:28:43.867043 - Average Score: 60.00 Elapsed time: 3:39:20.346847
2023-07-12 15:28:52.588215 - Epoc #	9530	 17.94973111152649
2023-07-12 15:29:11.095243 - Time between reward step: #	13186.28603386879
2023-07-12 15:29:11.095243 - Average Score: 61.00 Elapsed time: 3:39:47.574791
2023-07-12 15:29:11.095243 - Epoc #	9540	 18.507027864456177
2023-07-12 15:29:19.870730 - Time between reward step: #	13195.061520814896
2023-07-12 15:29:19.870730 - Average Score: 62.00 Elapsed time: 3:39:56.350374
2023-07-12 15:29:28.579052 - Epoc #	9550	 17.483808994293213
2023-07-12 15:29:45.252732 - Epoc #	9560	 16.673680067062378
2023-07-12 15:30:03.971522 - Epoc #	9570	 18.71879005432129
2023-07-12 15:30:21.344442 - Epoc #	9580	 17.37291979789734
2023-07-12 15:30:39.900184 - Epoc #	9590	 18.555742025375366
2023-07-12 15:30:56.717377 - Epoc #	9600	 16.817193031311035
2023-07-12 15:31:15.158209 - Epoc #	9610	 18.440832138061523
2023-07-12 15:31:34.516843 - Epoc #	9620	 19.358633995056152
2023-07-12 15:31:51.923889 - Epoc #	9630	 17.40704584121704
2023-07-12 15:32:10.190393 - Epoc #	9640	 18.266504049301147
2023-07-12 15:32:27.200141 - Epoc #	9650	 17.009747982025146
2023-07-12 15:32:44.627116 - Epoc #	9660	 17.42697501182556
2023-07-12 15:33:01.920172 - Epoc #	9670	 17.29305601119995
2023-07-12 15:33:20.516923 - Epoc #	9680	 18.59675097465515
2023-07-12 15:33:38.112174 - Epoc #	9690	 17.595251083374023
2023-07-12 15:33:55.678642 - Epoc #	9700	 17.566468000411987
2023-07-12 15:34:13.496297 - Epoc #	9710	 17.817654848098755
2023-07-12 15:34:30.837936 - Epoc #	9720	 17.341639041900635
2023-07-12 15:34:47.922311 - Epoc #	9730	 17.084375143051147
2023-07-12 15:35:05.238882 - Epoc #	9740	 17.31657099723816
2023-07-12 15:35:23.046246 - Epoc #	9750	 17.807363986968994
2023-07-12 15:35:40.894737 - Epoc #	9760	 17.848490953445435
2023-07-12 15:35:59.905741 - Epoc #	9770	 19.011003971099854
2023-07-12 15:36:17.654179 - Epoc #	9780	 17.748438119888306
2023-07-12 15:36:36.456579 - Epoc #	9790	 18.80239987373352
2023-07-12 15:36:54.786814 - Epoc #	9800	 18.33023500442505
2023-07-12 15:37:12.637554 - Epoc #	9810	 17.8507399559021
2023-07-12 15:37:30.493253 - Epoc #	9820	 17.855699062347412
2023-07-12 15:37:47.686587 - Epoc #	9830	 17.193334102630615
2023-07-12 15:38:05.258442 - Epoc #	9840	 17.571854829788208
2023-07-12 15:38:23.827349 - Epoc #	9850	 18.568907022476196
2023-07-12 15:38:41.747212 - Epoc #	9860	 17.919862985610962
2023-07-12 15:38:59.319262 - Epoc #	9870	 17.572050094604492
2023-07-12 15:39:16.495918 - Epoc #	9880	 17.176656007766724
2023-07-12 15:39:33.385874 - Epoc #	9890	 16.88995599746704
2023-07-12 15:39:51.565188 - Epoc #	9900	 18.179313898086548
2023-07-12 15:40:08.341942 - Epoc #	9910	 16.776754140853882
2023-07-12 15:40:25.761558 - Epoc #	9920	 17.419615983963013
2023-07-12 15:40:43.526656 - Epoc #	9930	 17.765097856521606
2023-07-12 15:41:00.542221 - Epoc #	9940	 17.015565156936646
2023-07-12 15:41:18.746667 - Epoc #	9950	 18.204445838928223
2023-07-12 15:41:35.579657 - Epoc #	9960	 16.832990169525146
2023-07-12 15:41:53.975831 - Epoc #	9970	 18.39617395401001
2023-07-12 15:42:11.392466 - Epoc #	9980	 17.416635036468506
2023-07-12 15:42:28.675821 - Epoc #	9990	 17.283354997634888
2023-07-12 15:42:46.360098 - Epoc #	10000	 17.684276819229126
2023-07-12 15:43:04.548343 - Epoc #	10010	 18.188245058059692
2023-07-12 15:43:23.017998 - Epoc #	10020	 18.46965503692627
2023-07-12 15:43:40.516560 - Epoc #	10030	 17.49856209754944
2023-07-12 15:43:58.062330 - Epoc #	10040	 17.545769929885864
2023-07-12 15:44:15.916958 - Epoc #	10050	 17.854628086090088
2023-07-12 15:44:34.531994 - Epoc #	10060	 18.615036010742188
2023-07-12 15:44:52.540312 - Epoc #	10070	 18.008317947387695
2023-07-12 15:45:11.031278 - Epoc #	10080	 18.490965843200684
2023-07-12 15:45:28.092682 - Epoc #	10090	 17.06140398979187
2023-07-12 15:45:45.454470 - Epoc #	10100	 17.361788034439087
2023-07-12 15:46:03.232495 - Epoc #	10110	 17.778025150299072
2023-07-12 15:46:21.056034 - Epoc #	10120	 17.82353901863098
2023-07-12 15:46:38.079118 - Epoc #	10130	 17.023083925247192
2023-07-12 15:46:55.155024 - Epoc #	10140	 17.0759060382843
2023-07-12 15:47:13.534636 - Epoc #	10150	 18.37961196899414
2023-07-12 15:47:30.415309 - Epoc #	10160	 16.880672931671143
2023-07-12 15:47:49.114563 - Epoc #	10170	 18.699254035949707
2023-07-12 15:48:07.825744 - Epoc #	10180	 18.711180925369263
2023-07-12 15:48:25.982104 - Epoc #	10190	 18.156360149383545
2023-07-12 15:48:44.801845 - Epoc #	10200	 18.81873893737793
2023-07-12 15:49:02.750835 - Epoc #	10210	 17.948989868164062
2023-07-12 15:49:20.294526 - Epoc #	10220	 17.543691158294678
2023-07-12 15:49:37.547702 - Epoc #	10230	 17.253175973892212
2023-07-12 15:49:54.777743 - Epoc #	10240	 17.230041027069092
2023-07-12 15:50:12.771965 - Epoc #	10250	 17.994221925735474
2023-07-12 15:50:30.860044 - Epoc #	10260	 18.08807897567749
2023-07-12 15:50:48.860148 - Epoc #	10270	 18.00010395050049
2023-07-12 15:51:06.736213 - Epoc #	10280	 17.876065015792847
2023-07-12 15:51:26.306880 - Epoc #	10290	 19.570667028427124
2023-07-12 15:51:44.108768 - Epoc #	10300	 17.80188798904419
2023-07-12 15:52:02.897959 - Epoc #	10310	 18.789191007614136
2023-07-12 15:52:21.401307 - Epoc #	10320	 18.503348112106323
2023-07-12 15:52:38.828647 - Epoc #	10330	 17.427339792251587
2023-07-12 15:52:57.290933 - Epoc #	10340	 18.4622859954834
2023-07-12 15:53:15.687508 - Epoc #	10350	 18.396575212478638
2023-07-12 15:53:33.379622 - Epoc #	10360	 17.692113876342773
2023-07-12 15:53:51.514391 - Epoc #	10370	 18.134768962860107
2023-07-12 15:54:10.132730 - Epoc #	10380	 18.61833906173706
2023-07-12 15:54:27.112756 - Epoc #	10390	 16.98002600669861
2023-07-12 15:54:45.148950 - Epoc #	10400	 18.03619408607483
2023-07-12 15:55:03.045963 - Epoc #	10410	 17.897012948989868
2023-07-12 15:55:20.724990 - Epoc #	10420	 17.67902684211731
2023-07-12 15:55:39.116654 - Epoc #	10430	 18.391664028167725
2023-07-12 15:55:57.204512 - Epoc #	10440	 18.087857961654663
2023-07-12 15:56:15.059653 - Epoc #	10450	 17.855141162872314
2023-07-12 15:56:18.598531 - Time between reward step: #	14813.789321899414
2023-07-12 15:56:18.598531 - Average Score: 63.00 Elapsed time: 4:06:55.078285
2023-07-12 15:56:32.752946 - Epoc #	10460	 17.69329285621643
2023-07-12 15:56:51.219620 - Epoc #	10470	 18.466674089431763
2023-07-12 15:57:08.184849 - Epoc #	10480	 16.965229034423828
2023-07-12 15:57:26.871317 - Epoc #	10490	 18.68646788597107
2023-07-12 15:57:46.319412 - Epoc #	10500	 19.448095083236694
2023-07-12 15:58:03.995966 - Epoc #	10510	 17.676553964614868
2023-07-12 15:58:21.674309 - Epoc #	10520	 17.678343057632446
2023-07-12 15:58:39.155351 - Epoc #	10530	 17.48104190826416
2023-07-12 15:58:56.824346 - Epoc #	10540	 17.668995141983032
2023-07-12 15:59:14.631376 - Epoc #	10550	 17.807029962539673
2023-07-12 15:59:32.792104 - Epoc #	10560	 18.160727977752686
2023-07-12 15:59:51.973069 - Epoc #	10570	 19.180964946746826
2023-07-12 16:00:09.796918 - Epoc #	10580	 17.823848962783813
2023-07-12 16:00:27.567001 - Epoc #	10590	 17.77008318901062
2023-07-12 16:00:36.422589 - Time between reward step: #	15071.613379955292
2023-07-12 16:00:36.423478 - Average Score: 64.00 Elapsed time: 4:11:12.902359
2023-07-12 16:00:45.342324 - Epoc #	10600	 17.775322914123535
2023-07-12 16:00:54.514124 - Time between reward step: #	15089.704914808273
2023-07-12 16:00:54.514124 - Average Score: 65.00 Elapsed time: 4:11:30.993410
2023-07-12 16:00:59.872339 - Time between reward step: #	15095.063129901886
2023-07-12 16:00:59.872339 - Average Score: 66.00 Elapsed time: 4:11:36.351544
2023-07-12 16:01:03.282430 - Epoc #	10610	 17.94010591506958
2023-07-12 16:01:21.220758 - Epoc #	10620	 17.93832802772522
2023-07-12 16:01:25.129870 - Time between reward step: #	15120.320660829544
2023-07-12 16:01:25.130870 - Average Score: 67.00 Elapsed time: 4:12:01.610045
2023-07-12 16:01:27.074086 - Time between reward step: #	15122.264876842499
2023-07-12 16:01:27.074086 - Average Score: 68.00 Elapsed time: 4:12:03.553543
2023-07-12 16:01:28.995443 - Time between reward step: #	15124.186233997345
2023-07-12 16:01:28.996442 - Average Score: 69.00 Elapsed time: 4:12:05.475284
2023-07-12 16:01:39.840520 - Epoc #	10630	 18.61976194381714
2023-07-12 16:01:58.431036 - Epoc #	10640	 18.590516090393066
2023-07-12 16:02:16.157186 - Epoc #	10650	 17.726150035858154
2023-07-12 16:02:33.872266 - Epoc #	10660	 17.71508002281189
2023-07-12 16:02:51.214879 - Epoc #	10670	 17.342612981796265
2023-07-12 16:03:08.976607 - Epoc #	10680	 17.761728048324585
2023-07-12 16:03:26.821062 - Epoc #	10690	 17.844455003738403
2023-07-12 16:03:44.591310 - Epoc #	10700	 17.77024793624878
2023-07-12 16:04:02.414786 - Epoc #	10710	 17.8234760761261
2023-07-12 16:04:20.441121 - Epoc #	10720	 18.02633500099182
2023-07-12 16:04:39.533121 - Epoc #	10730	 19.092000007629395
2023-07-12 16:04:57.227890 - Epoc #	10740	 17.69476890563965
2023-07-12 16:05:15.478083 - Epoc #	10750	 18.250192880630493
2023-07-12 16:05:34.065997 - Epoc #	10760	 18.587913990020752
2023-07-12 16:05:52.278121 - Epoc #	10770	 18.21212410926819
2023-07-12 16:06:09.090944 - Epoc #	10780	 16.812823057174683
2023-07-12 16:06:27.824579 - Epoc #	10790	 18.73363494873047
2023-07-12 16:06:45.147624 - Epoc #	10800	 17.323045015335083
2023-07-12 16:07:02.602738 - Epoc #	10810	 17.455113887786865
2023-07-12 16:07:20.468733 - Epoc #	10820	 17.865995168685913
2023-07-12 16:07:39.377318 - Epoc #	10830	 18.90858483314514
2023-07-12 16:07:57.258722 - Epoc #	10840	 17.881404161453247
2023-07-12 16:08:15.133803 - Epoc #	10850	 17.875080823898315
2023-07-12 16:08:33.008730 - Epoc #	10860	 17.874927043914795
2023-07-12 16:08:50.806862 - Epoc #	10870	 17.798132181167603
2023-07-12 16:09:08.004742 - Epoc #	10880	 17.197879791259766
2023-07-12 16:09:26.151925 - Epoc #	10890	 18.147183179855347
2023-07-12 16:09:44.124045 - Epoc #	10900	 17.97211980819702
2023-07-12 16:10:02.263378 - Epoc #	10910	 18.13933300971985
2023-07-12 16:10:20.875558 - Epoc #	10920	 18.61217999458313
2023-07-12 16:10:38.622475 - Epoc #	10930	 17.746917009353638
2023-07-12 16:10:57.128282 - Epoc #	10940	 18.505807161331177
2023-07-12 16:11:15.027567 - Epoc #	10950	 17.899284839630127
2023-07-12 16:11:33.440033 - Epoc #	10960	 18.412466049194336
2023-07-12 16:11:51.399294 - Epoc #	10970	 17.959260940551758
2023-07-12 16:12:09.428105 - Epoc #	10980	 18.02881121635437
2023-07-12 16:12:27.689180 - Epoc #	10990	 18.261074781417847
2023-07-12 16:12:45.145498 - Epoc #	11000	 17.456318140029907
2023-07-12 16:13:03.054269 - Epoc #	11010	 17.90877103805542
2023-07-12 16:13:20.654592 - Epoc #	11020	 17.60032296180725
2023-07-12 16:13:39.773967 - Epoc #	11030	 19.119374990463257
2023-07-12 16:13:57.660445 - Epoc #	11040	 17.886477947235107
2023-07-12 16:14:15.242084 - Epoc #	11050	 17.581639051437378
2023-07-12 16:14:33.333479 - Epoc #	11060	 18.091394901275635
2023-07-12 16:14:50.948054 - Epoc #	11070	 17.614575147628784
2023-07-12 16:15:08.614799 - Epoc #	11080	 17.66674494743347
2023-07-12 16:15:26.930113 - Epoc #	11090	 18.315314054489136
2023-07-12 16:15:43.957953 - Epoc #	11100	 17.02783989906311
2023-07-12 16:16:01.417006 - Epoc #	11110	 17.45905303955078
2023-07-12 16:16:19.163844 - Epoc #	11120	 17.746838092803955
2023-07-12 16:16:37.149804 - Epoc #	11130	 17.985960006713867
2023-07-12 16:16:56.150020 - Epoc #	11140	 19.000215768814087
2023-07-12 16:17:13.835922 - Epoc #	11150	 17.68590211868286
2023-07-12 16:17:32.301599 - Epoc #	11160	 18.46567702293396
2023-07-12 16:17:50.480053 - Epoc #	11170	 18.17845392227173
2023-07-12 16:18:08.265659 - Epoc #	11180	 17.785606145858765
2023-07-12 16:18:26.097120 - Epoc #	11190	 17.83146095275879
2023-07-12 16:18:44.065610 - Epoc #	11200	 17.9684898853302
2023-07-12 16:19:02.236866 - Epoc #	11210	 18.171256065368652
2023-07-12 16:19:19.793985 - Epoc #	11220	 17.557118892669678
2023-07-12 16:19:38.184258 - Epoc #	11230	 18.390273094177246
2023-07-12 16:19:56.895472 - Epoc #	11240	 18.711214065551758
2023-07-12 16:20:15.566853 - Epoc #	11250	 18.6713809967041
2023-07-12 16:20:33.975563 - Epoc #	11260	 18.40871000289917
2023-07-12 16:20:52.011328 - Epoc #	11270	 18.035764932632446
2023-07-12 16:21:10.908782 - Epoc #	11280	 18.897454023361206
2023-07-12 16:21:29.447071 - Epoc #	11290	 18.538289070129395
2023-07-12 16:21:44.733428 - Time between reward step: #	16339.924218893051
2023-07-12 16:21:44.733428 - Average Score: 70.00 Elapsed time: 4:32:21.212983
2023-07-12 16:21:48.260004 - Epoc #	11300	 18.81293296813965
2023-07-12 16:22:07.211520 - Epoc #	11310	 18.951515913009644
2023-07-12 16:22:25.517704 - Epoc #	11320	 18.30618405342102
2023-07-12 16:22:43.874112 - Epoc #	11330	 18.35640788078308
2023-07-12 16:23:02.317774 - Epoc #	11340	 18.44366216659546
2023-07-12 16:23:21.424469 - Epoc #	11350	 19.10669493675232
2023-07-12 16:23:39.166000 - Epoc #	11360	 17.741530895233154
2023-07-12 16:23:56.898699 - Epoc #	11370	 17.732699155807495
2023-07-12 16:24:15.965327 - Epoc #	11380	 19.066627979278564
2023-07-12 16:24:33.594395 - Epoc #	11390	 17.62906789779663
2023-07-12 16:24:52.269995 - Epoc #	11400	 18.675600051879883
2023-07-12 16:25:11.541595 - Epoc #	11410	 19.271600008010864
2023-07-12 16:25:29.891927 - Epoc #	11420	 18.350332021713257
2023-07-12 16:25:47.475104 - Epoc #	11430	 17.583177089691162
2023-07-12 16:26:04.890074 - Epoc #	11440	 17.41496992111206
2023-07-12 16:26:22.656625 - Epoc #	11450	 17.76655101776123
2023-07-12 16:26:40.098018 - Epoc #	11460	 17.44139289855957
2023-07-12 16:27:00.625751 - Epoc #	11470	 20.527733087539673
2023-07-12 16:27:19.279563 - Epoc #	11480	 18.653811931610107
2023-07-12 16:27:37.242465 - Epoc #	11490	 17.962902069091797
2023-07-12 16:27:55.686654 - Epoc #	11500	 18.444189071655273
2023-07-12 16:28:14.685689 - Epoc #	11510	 18.999034881591797
2023-07-12 16:28:30.740813 - Epoc #	11520	 16.055124044418335
2023-07-12 16:28:42.064010 - Epoc #	11530	 11.32319688796997
2023-07-12 16:28:53.171530 - Epoc #	11540	 11.10752010345459
2023-07-12 16:29:11.773824 - Epoc #	11550	 18.602293968200684
2023-07-12 16:29:29.981993 - Epoc #	11560	 18.208168983459473
2023-07-12 16:29:47.825138 - Epoc #	11570	 17.84314513206482
2023-07-12 16:30:06.691377 - Epoc #	11580	 18.866238832473755
2023-07-12 16:30:24.606035 - Epoc #	11590	 17.914658069610596
2023-07-12 16:30:42.443821 - Epoc #	11600	 17.837785959243774
2023-07-12 16:31:00.519614 - Epoc #	11610	 18.075793027877808
2023-07-12 16:31:18.544405 - Epoc #	11620	 18.02479100227356
2023-07-12 16:31:36.861935 - Epoc #	11630	 18.317529916763306
2023-07-12 16:31:55.237279 - Epoc #	11640	 18.375344038009644
2023-07-12 16:32:13.022263 - Epoc #	11650	 17.78498411178589
2023-07-12 16:32:32.596826 - Epoc #	11660	 19.574563026428223
2023-07-12 16:32:53.538249 - Epoc #	11670	 20.941422939300537
2023-07-12 16:33:05.626221 - Epoc #	11680	 12.087971925735474
2023-07-12 16:33:15.378316 - Epoc #	11690	 9.752094984054565
2023-07-12 16:33:25.406158 - Epoc #	11700	 10.027842044830322
2023-07-12 16:33:36.420586 - Epoc #	11710	 11.01442813873291
2023-07-12 16:33:46.107593 - Epoc #	11720	 9.687006950378418
2023-07-12 16:33:55.922371 - Epoc #	11730	 9.814777851104736
2023-07-12 16:34:05.418686 - Epoc #	11740	 9.496315002441406
2023-07-12 16:34:15.465677 - Epoc #	11750	 10.046991109848022
2023-07-12 16:34:26.004638 - Epoc #	11760	 10.538960933685303
2023-07-12 16:34:35.800729 - Epoc #	11770	 9.796091079711914
2023-07-12 16:34:45.254498 - Epoc #	11780	 9.453768968582153
2023-07-12 16:34:56.190093 - Epoc #	11790	 10.935595035552979
2023-07-12 16:35:06.004791 - Epoc #	11800	 9.814697980880737
2023-07-12 16:35:16.024948 - Epoc #	11810	 10.020156860351562
2023-07-12 16:35:26.216936 - Epoc #	11820	 10.191988229751587
2023-07-12 16:35:36.170463 - Epoc #	11830	 9.953526973724365
2023-07-12 16:35:46.190784 - Epoc #	11840	 10.020320892333984
2023-07-12 16:35:56.285471 - Epoc #	11850	 10.09468698501587
2023-07-12 16:36:06.647969 - Epoc #	11860	 10.362498044967651
2023-07-12 16:36:17.071657 - Epoc #	11870	 10.423687934875488
2023-07-12 16:36:27.574604 - Epoc #	11880	 10.502947092056274
2023-07-12 16:36:37.687918 - Epoc #	11890	 10.113313913345337
2023-07-12 16:36:47.485367 - Epoc #	11900	 9.797449111938477
2023-07-12 16:36:56.034322 - Time between reward step: #	17251.22511291504
2023-07-12 16:36:56.034322 - Average Score: 71.00 Elapsed time: 4:47:32.524803
2023-07-12 16:36:57.081205 - Time between reward step: #	17252.271995782852
2023-07-12 16:36:57.096836 - Average Score: 72.00 Elapsed time: 4:47:33.575780
2023-07-12 16:36:58.143698 - Time between reward step: #	17253.334488868713
2023-07-12 16:36:58.143698 - Average Score: 73.00 Elapsed time: 4:47:34.628244
2023-07-12 16:36:58.143698 - Epoc #	11910	 10.658330917358398
2023-07-12 16:37:07.759765 - Epoc #	11920	 9.616066932678223
2023-07-12 16:37:17.634758 - Epoc #	11930	 9.874993085861206
2023-07-12 16:37:27.541012 - Epoc #	11940	 9.906254053115845
2023-07-12 16:37:37.431663 - Epoc #	11950	 9.890650987625122
2023-07-12 16:37:47.416019 - Epoc #	11960	 9.984355926513672
2023-07-12 16:37:57.619134 - Epoc #	11970	 10.203114986419678
2023-07-12 16:38:07.884768 - Epoc #	11980	 10.265634059906006
2023-07-12 16:38:18.780940 - Epoc #	11990	 10.896172046661377
2023-07-12 16:38:28.671580 - Epoc #	12000	 9.890640020370483
2023-07-12 16:38:38.765309 - Epoc #	12010	 10.093729019165039
2023-07-12 16:38:48.984079 - Epoc #	12020	 10.218769788742065
2023-07-12 16:38:58.952815 - Epoc #	12030	 9.968736171722412
2023-07-12 16:39:08.952814 - Epoc #	12040	 9.999999046325684
2023-07-12 16:39:18.671577 - Epoc #	12050	 9.718762874603271
2023-07-12 16:39:28.499697 - Epoc #	12060	 9.828119993209839
2023-07-12 16:39:38.749695 - Epoc #	12070	 10.249998092651367
2023-07-12 16:39:48.687200 - Epoc #	12080	 9.937505006790161
2023-07-12 16:39:52.718440 - Time between reward step: #	17427.909230947495
2023-07-12 16:39:52.718440 - Average Score: 74.00 Elapsed time: 4:50:29.208523
2023-07-12 16:39:53.765330 - Time between reward step: #	17428.956120967865
2023-07-12 16:39:53.765330 - Average Score: 75.00 Elapsed time: 4:50:30.251252
2023-07-12 16:39:57.202814 - Time between reward step: #	17432.39360499382
2023-07-12 16:39:57.202814 - Average Score: 76.00 Elapsed time: 4:50:33.687465
2023-07-12 16:39:59.421574 - Epoc #	12090	 10.734374046325684
2023-07-12 16:40:09.515315 - Epoc #	12100	 10.093740940093994
2023-07-12 16:40:19.405863 - Epoc #	12110	 9.89054799079895
2023-07-12 16:40:29.671566 - Epoc #	12120	 10.265702962875366
2023-07-12 16:40:39.890322 - Epoc #	12130	 10.218755960464478
2023-07-12 16:40:50.452815 - Epoc #	12140	 10.562493085861206
2023-07-12 16:41:00.780935 - Epoc #	12150	 10.328119993209839
2023-07-12 16:41:10.890320 - Epoc #	12160	 10.109385013580322
2023-07-12 16:41:20.890317 - Epoc #	12170	 9.999996900558472
2023-07-12 16:41:30.702742 - Epoc #	12180	 9.812425136566162
2023-07-12 16:41:40.984018 - Epoc #	12190	 10.281275987625122
2023-07-12 16:41:51.030863 - Epoc #	12200	 10.046844959259033
2023-07-12 16:42:00.655909 - Epoc #	12210	 9.625046014785767
2023-07-12 16:42:10.645765 - Epoc #	12220	 9.989856004714966
2023-07-12 16:42:20.723806 - Epoc #	12230	 10.078040838241577
2023-07-12 16:42:30.708183 - Epoc #	12240	 9.984377145767212
2023-07-12 16:42:41.005541 - Epoc #	12250	 10.29735803604126
2023-07-12 16:42:51.302952 - Epoc #	12260	 10.29741096496582
2023-07-12 16:43:01.427958 - Epoc #	12270	 10.125005960464478
2023-07-12 16:43:11.335339 - Epoc #	12280	 9.907381057739258
2023-07-12 16:43:21.471118 - Epoc #	12290	 10.135778903961182
2023-07-12 16:43:32.031731 - Epoc #	12300	 10.560612916946411
2023-07-12 16:43:41.150883 - Time between reward step: #	17656.341673851013
2023-07-12 16:43:41.150883 - Average Score: 77.00 Elapsed time: 4:54:17.641810
2023-07-12 16:43:42.041508 - Epoc #	12310	 10.009777069091797
2023-07-12 16:43:52.463383 - Epoc #	12320	 10.421875
2023-07-12 16:44:02.197758 - Epoc #	12330	 9.734375
2023-07-12 16:44:12.307213 - Epoc #	12340	 10.109455108642578
2023-07-12 16:44:22.451626 - Epoc #	12350	 10.144412994384766
2023-07-12 16:44:32.390261 - Epoc #	12360	 9.938634872436523
2023-07-12 16:44:42.079421 - Epoc #	12370	 9.689160108566284
2023-07-12 16:44:51.892230 - Epoc #	12380	 9.812808990478516
2023-07-12 16:45:01.611673 - Epoc #	12390	 9.719443082809448
2023-07-12 16:45:11.413824 - Epoc #	12400	 9.802150964736938
2023-07-12 16:45:21.188467 - Epoc #	12410	 9.774642944335938
2023-07-12 16:45:31.691721 - Epoc #	12420	 10.503253936767578
2023-07-12 16:45:41.991207 - Epoc #	12430	 10.299485921859741
2023-07-12 16:45:52.344119 - Epoc #	12440	 10.352912187576294
2023-07-12 16:46:02.345127 - Epoc #	12450	 10.001008033752441
2023-07-12 16:46:12.556844 - Epoc #	12460	 10.211716890335083
2023-07-12 16:46:22.634972 - Epoc #	12470	 10.078128099441528
2023-07-12 16:46:32.822467 - Epoc #	12480	 10.187494993209839
2023-07-12 16:46:43.009892 - Epoc #	12490	 10.187424898147583
